MCU_DEPLOY_ON_TARGET_X86_64_START
MLLITE_MCU_TIMER_OPERATION_START 'MLLITE.MCU_DEPLOY.CLASSIFICATION.Rosenblatt_MLP.FOURCLASS_10_MEDIUM' [ 'Thu Jan 25 12:03:12 2024' ]
MLLite starting
MCU_DEPLOY_CLASSIFICATION_CODE CREATE_DATASET_STEP
MCU_DEPLOY_CLASSIFICATION_CODE CREATE_MODEL_STEP
MCU_DEPLOY_CLASSIFICATION_MODEL_OPTIONS
{  "hidden_layer_sizes" : [ 4, 6 ], "activation" : "relu", "solver" : "adam", "alpha" : 9.9999997e-05, "batch_size" : null, "learning_rate" : "constant", "learning_rate_init" : 0.001, "power_t" : 0.5, "max_iter" : 32, "shuffle" : 1, "random_state" : 1789, "tol" : 9.9999997e-05, "verbose" : 0, "warm_start" : 0, "momentum" : 0.89999998, "nesterovs_momentum" : 1, "early_stopping" : 0, "validation_fraction" : 0.1, "beta_1" : 0.89999998, "beta_2" : 0.99900001, "epsilon" : 9.9999999e-09, "n_iter_no_change" : 10, "max_fun" : 15000 }
MCU_DEPLOY_CLASSIFICATION_CODE FIT_MODEL_STEP
PROGRESS_REPORT_ELAPSED_TOTAL 'MLP_MODEL_FIT' 1 3
PROGRESS_REPORT_ELAPSED_TOTAL 'MLP_MODEL_FIT' 2 3
PROGRESS_REPORT_ELAPSED_TOTAL 'MLP_MODEL_FIT_BACK_PROP_ITERATION' 3 32
PROGRESS_REPORT_ELAPSED_TOTAL 'MLP_MODEL_FIT_BACK_PROP_ITERATION' 6 32
PROGRESS_REPORT_ELAPSED_TOTAL 'MLP_MODEL_FIT_BACK_PROP_ITERATION' 9 32
PROGRESS_REPORT_ELAPSED_TOTAL 'MLP_MODEL_FIT_BACK_PROP_ITERATION' 12 32
PROGRESS_REPORT_ELAPSED_TOTAL 'MLP_MODEL_FIT_BACK_PROP_ITERATION' 15 32
PROGRESS_REPORT_ELAPSED_TOTAL 'MLP_MODEL_FIT_BACK_PROP_ITERATION' 18 32
PROGRESS_REPORT_ELAPSED_TOTAL 'MLP_MODEL_FIT_BACK_PROP_ITERATION' 21 32
PROGRESS_REPORT_ELAPSED_TOTAL 'MLP_MODEL_FIT_BACK_PROP_ITERATION' 24 32
PROGRESS_REPORT_ELAPSED_TOTAL 'MLP_MODEL_FIT_BACK_PROP_ITERATION' 27 32
PROGRESS_REPORT_ELAPSED_TOTAL 'MLP_MODEL_FIT_BACK_PROP_ITERATION' 30 32
PROGRESS_REPORT_ELAPSED_TOTAL 'MLP_MODEL_FIT_BACK_PROP_ITERATION' 32 32
PROGRESS_REPORT_ELAPSED_TOTAL 'MLP_MODEL_FIT' 3 3
MCU_DEPLOY_CLASSIFICATION_CODE MODEL_JSON_EXPORT_STEP
MODEL_JSON_DUMP_START
{
	"metadata" : { "model" : "Rosenblatt_MLP", "version" : "2024-W03"},
	"options" : {  "hidden_layer_sizes" : [ 4, 6 ], "activation" : "relu", "solver" : "adam", "alpha" : 9.9999997e-05, "batch_size" : null, "learning_rate" : "constant", "learning_rate_init" : 0.001, "power_t" : 0.5, "max_iter" : 32, "shuffle" : 1, "random_state" : 1789, "tol" : 9.9999997e-05, "verbose" : 0, "warm_start" : 0, "momentum" : 0.89999998, "nesterovs_momentum" : 1, "early_stopping" : 0, "validation_fraction" : 0.1, "beta_1" : 0.89999998, "beta_2" : 0.99900001, "epsilon" : 9.9999999e-09, "n_iter_no_change" : 10, "max_fun" : 15000 },
	"classes" : [ 0, 1, 2, 3 ],
	"layers" : {
		"sizes" : [ 10, 4, 6, 4 ],
		"Layer_0" : {
			"name" : "Input_Layer",
			"NbInputs" : 0,
			"NbOutputs" : 10 
		},
		"Layer_1" : {
			"name" : "Hidden_Layer_1",
			"NbInputs" : 10,
			"NbOutputs" : 4 ,
			"coeffs_0" : [ -0.10233932, 0.27538007, -0.30223593, 0.017513093 ],
			"coeffs_1" : [ 0.11324874, -0.39673442, 0.24745785, -0.039342914 ],
			"coeffs_2" : [ 0.56947929, 0.12804827, 0.59394145, -0.16022079 ],
			"coeffs_3" : [ 0.69360566, -0.63285828, -0.3184008, 0.23411983 ],
			"coeffs_4" : [ 0.28504726, -0.25862831, -0.28651816, -0.54074395 ],
			"coeffs_5" : [ 0.2990281, -0.61340368, -0.12952001, -0.027486589 ],
			"coeffs_6" : [ -0.16415833, -0.63850516, -0.34233537, 0.47998735 ],
			"coeffs_7" : [ -0.082477666, 0.075437747, -0.51771301, 0.10282624 ],
			"coeffs_8" : [ -0.15455517, 0.30630022, -0.077049509, 0.34493259 ],
			"coeffs_9" : [ -0.38368896, 0.64423484, -0.48602694, 0.33965027 ],
			"intercepts" : [ -0.46275091, 0.41538963, 0.21201865, 0.65724015 ]
		},
		"Layer_2" : {
			"name" : "Hidden_Layer_2",
			"NbInputs" : 4,
			"NbOutputs" : 6 ,
			"coeffs_0" : [ -0.5366835, -0.53251433, 0.31791413, 0.32715803, 0.47693613, 0.61300749 ],
			"coeffs_1" : [ 0.56688631, -0.53487539, 0.48935857, 0.67302924, -0.49533385, 0.29871827 ],
			"coeffs_2" : [ 0.19222918, 0.11976034, 0.14354129, 0.43608144, -0.69630808, 0.10089824 ],
			"coeffs_3" : [ 0.26777157, 0.43793654, -0.61692971, 0.59693009, -0.46883768, -0.76716149 ],
			"intercepts" : [ 0.71855772, 0.69421929, -0.053514645, -0.57541811, -0.07059937, 0.68908674 ]
		},
		"Layer_3" : {
			"name" : "Output_Layer",
			"NbInputs" : 6,
			"NbOutputs" : 4 ,
			"coeffs_0" : [ -0.52205354, 0.35474116, 0.30181581, 0.44505942 ],
			"coeffs_1" : [ 0.73350006, -0.33695099, 0.26951504, 0.55474699 ],
			"coeffs_2" : [ 0.58317745, -0.032354496, -0.72538364, 0.40124783 ],
			"coeffs_3" : [ 0.045175277, -0.12240642, -0.61531091, -0.69792247 ],
			"coeffs_4" : [ -0.24580261, 0.64961225, -0.014733658, -0.10180494 ],
			"coeffs_5" : [ -0.14114188, -0.64912593, 0.21185772, -0.20717233 ],
			"intercepts" : [ -0.25270438, -0.10341933, 0.26627743, -0.54504365 ]
		}
	}
}
MODEL_JSON_DUMP_END
MCU_DEPLOY_CLASSIFICATION_CODE MODEL_PREDICT_STEP
MLLITE_AUTO_DEPLOY_FOURCLASS_10_MEDIUM_APPLY_OUTPUT_CLASS  [ 2, 0, 2, 2, 3,  ... , 1, 2, 2, 2, 1 ]
MCU_DEPLOY_CLASSIFICATION_CODE MODEL_PREDICT_PROBA_STEP
MLLITE_AUTO_DEPLOY_FOURCLASS_10_MEDIUM_APPLY_OUTPUT_PROBA 0 [ 0.20222935, 0.13339774, 0.45341212, 0.21096079 ]
MLLITE_AUTO_DEPLOY_FOURCLASS_10_MEDIUM_APPLY_OUTPUT_PROBA 1 [ 0.38275999, 0.30793568, 0.050256561, 0.25904778 ]
MLLITE_AUTO_DEPLOY_FOURCLASS_10_MEDIUM_APPLY_OUTPUT_PROBA 2 [ 0.2382101, 0.16284916, 0.39811245, 0.2008284 ]
MLLITE_AUTO_DEPLOY_FOURCLASS_10_MEDIUM_APPLY_OUTPUT_PROBA 3 [ 0.16637789, 0.11715315, 0.48378143, 0.23268752 ]
MLLITE_AUTO_DEPLOY_FOURCLASS_10_MEDIUM_APPLY_OUTPUT_PROBA 4 [ 0.18057762, 0.25890273, 0.26000282, 0.3005169 ]
...
MLLITE_AUTO_DEPLOY_FOURCLASS_10_MEDIUM_APPLY_OUTPUT_PROBA 507 [ 0.1538897, 0.29053456, 0.26728618, 0.28828955 ]
MLLITE_AUTO_DEPLOY_FOURCLASS_10_MEDIUM_APPLY_OUTPUT_PROBA 508 [ 0.14388016, 0.22233774, 0.34821776, 0.28556436 ]
MLLITE_AUTO_DEPLOY_FOURCLASS_10_MEDIUM_APPLY_OUTPUT_PROBA 509 [ 0.18912178, 0.14453451, 0.38698313, 0.27936053 ]
MLLITE_AUTO_DEPLOY_FOURCLASS_10_MEDIUM_APPLY_OUTPUT_PROBA 510 [ 0.17221585, 0.17045406, 0.47137222, 0.18595785 ]
MLLITE_AUTO_DEPLOY_FOURCLASS_10_MEDIUM_APPLY_OUTPUT_PROBA 511 [ 0.12636432, 0.4820579, 0.18074174, 0.21083599 ]
MCU_DEPLOY_CLASSIFICATION_CODE MODEL_COMPUTE_PERF_STEP
MLLITE_AUTO_DEPLOY_FOURCLASS_10_MEDIUM_CLASS_PERFS { "count" : 512, "precision" : 0.30859375,  "AUC" : [ 0.60509467, 0.63764477, 0.5796181, 0.48248211 ] }
This will be printed
MCU_DEPLOY_CLASSIFICATION_CODE ALL_STEPS_OK
MCU_DEPLOY_CLASSIFICATION_CODE done
MLLITE_MCU_TIMER_OPERATION_ELAPSED_SECONDS 'MLLITE.MCU_DEPLOY.CLASSIFICATION.Rosenblatt_MLP.FOURCLASS_10_MEDIUM' 0
MLLITE_MCU_TIMER_OPERATION_END 'MLLITE.MCU_DEPLOY.CLASSIFICATION.Rosenblatt_MLP.FOURCLASS_10_MEDIUM' [ 'Thu Jan 25 12:03:12 2024' ]
MCU_DEPLOY_ON_TARGET_X86_64_END
EXECUTION_TIME_DETAIL = {'CMD':'timeout 180 ./x86_64/classification/x86_64_classification_mlp_FourClass_10_medium.exe', 'ElapsedTimeSecs':(0.23, 0.00, 0.22), 'MAX_MEM_KB':1728, 'CPU_PRCNT':'99%', 'FILES_IN':0, 'FILES_OUT':16, 'EXIT_STATUS':0}
