MCU_DEPLOY_ON_TARGET_X86_64_START
MLLITE_MCU_TIMER_OPERATION_START 'MLLITE.MCU_DEPLOY.CLASSIFICATION.Tikhonov_Ridge.CENSUS_SMALL' [ 'Tue Jan 23 09:44:21 2024' ]
MLLite starting
MCU_DEPLOY_CLASSIFICATION_CODE step 1
MCU_DEPLOY_CLASSIFICATION_CODE step 2
MCU_DEPLOY_CLASSIFICATION_CODE step 3
MCU_DEPLOY_CLASSIFICATION_MODEL_OPTIONS
{ "alpha" : 0.0099999998, "random_state" : 1789 }
MCU_DEPLOY_CLASSIFICATION_CODE step 4
PROGRESS_REPORT_ELAPSED_TOTAL 'RIDGE_CLASSIFIER_FIT' 1 4
PROGRESS_REPORT_ELAPSED_TOTAL 'RIDGE_CLASSIFIER_FIT' 3 4
PROGRESS_REPORT_ELAPSED_TOTAL 'CHOLESKY_SOLVER' 1 6
PROGRESS_REPORT_ELAPSED_TOTAL 'CHOLESKY_SOLVER' 2 6
PROGRESS_REPORT_ELAPSED_TOTAL 'CHOLESKY_SOLVER' 3 6
PROGRESS_REPORT_ELAPSED_TOTAL 'CHOLESKY_SOLVER' 4 6
PROGRESS_REPORT_ELAPSED_TOTAL 'CHOLESKY_SOLVER' 5 6
PROGRESS_REPORT_ELAPSED_TOTAL 'CHOLESKY_SOLVER' 6 6
PROGRESS_REPORT_ELAPSED_TOTAL 'RIDGE_CLASSIFIER_FIT' 4 4
MCU_DEPLOY_CLASSIFICATION_CODE step 5
TREE_JSON_DUMP_START
{
	"metadata" : { "model" : "Tikhonov_Ridge", "version" : "2024-W03"},
	"options" : { "alpha" : 0.0099999998, "random_state" : 1789 },
	"classes" : [ "<=50K", ">50K" ],
	"equations" : {
		"class_1" : {
			"intercept" : -2.1928301,
			"coeffs" : [ 0.060599789, 0, -2.3898693e-08, 0, 0.13530649, 0, 0, 0, 0, 0, 0.21379596, 0.4042905, 0.017472211, 0 ]
		}
	}
}
TREE_JSON_DUMP_END
MCU_DEPLOY_CLASSIFICATION_CODE step 6
MCU_DEPLOY_CLASSIFICATION_CODE step 7
MLLITE_AUTO_DEPLOY_CENSUS_SMALL_APPLY_OUTPUT_CLASS  [ "<=50K", "<=50K", ">50K", "<=50K", "<=50K",  ... , "<=50K", "<=50K", "<=50K", "<=50K", "<=50K" ]
MLLITE_AUTO_DEPLOY_CENSUS_SMALL_APPLY_OUTPUT_PROBA 0 [ 0.56436026, 0.43563974 ]
MLLITE_AUTO_DEPLOY_CENSUS_SMALL_APPLY_OUTPUT_PROBA 1 [ 0.82314861, 0.17685139 ]
MLLITE_AUTO_DEPLOY_CENSUS_SMALL_APPLY_OUTPUT_PROBA 2 [ 0.27039477, 0.7296052 ]
MLLITE_AUTO_DEPLOY_CENSUS_SMALL_APPLY_OUTPUT_PROBA 3 [ 0.84460777, 0.15539226 ]
MLLITE_AUTO_DEPLOY_CENSUS_SMALL_APPLY_OUTPUT_PROBA 4 [ 0.7220878, 0.27791226 ]
...
MLLITE_AUTO_DEPLOY_CENSUS_SMALL_APPLY_OUTPUT_PROBA 59 [ 0.81665409, 0.18334588 ]
MLLITE_AUTO_DEPLOY_CENSUS_SMALL_APPLY_OUTPUT_PROBA 60 [ 0.8335892, 0.16641077 ]
MLLITE_AUTO_DEPLOY_CENSUS_SMALL_APPLY_OUTPUT_PROBA 61 [ 0.5789215, 0.42107856 ]
MLLITE_AUTO_DEPLOY_CENSUS_SMALL_APPLY_OUTPUT_PROBA 62 [ 0.92397207, 0.076027878 ]
MLLITE_AUTO_DEPLOY_CENSUS_SMALL_APPLY_OUTPUT_PROBA 63 [ 0.77151805, 0.22848195 ]
MLLITE_AUTO_DEPLOY_CENSUS_SMALL_CLASS_PERFS { "count" : 64, "precision" : 0.84375,  "AUC" : [ 0.85714287, 0.85714287 ] }
This will be printed
MCU_DEPLOY_CLASSIFICATION_CODE step 8
MCU_DEPLOY_CLASSIFICATION_CODE done
MLLITE_MCU_TIMER_OPERATION_ELAPSED_SECONDS 'MLLITE.MCU_DEPLOY.CLASSIFICATION.Tikhonov_Ridge.CENSUS_SMALL' 0
MLLITE_MCU_TIMER_OPERATION_END 'MLLITE.MCU_DEPLOY.CLASSIFICATION.Tikhonov_Ridge.CENSUS_SMALL' [ 'Tue Jan 23 09:44:21 2024' ]
MCU_DEPLOY_ON_TARGET_X86_64_END
