MCU_DEPLOY_ON_TARGET_X86_64_START
MLLITE_MCU_TIMER_OPERATION_START 'MLLITE.MCU_DEPLOY.CLASSIFICATION.Vapnik_SVC_RBF.FOURCLASS_10_MEDIUM' [ 'Tue Jan 23 09:44:23 2024' ]
MLLite starting
MCU_DEPLOY_CLASSIFICATION_CODE step 1
MCU_DEPLOY_CLASSIFICATION_CODE step 2
MCU_DEPLOY_CLASSIFICATION_CODE step 3
MCU_DEPLOY_CLASSIFICATION_MODEL_OPTIONS
{"svm_type" : "c_svc", "kernel" : "rbf", "degree" : 3, "gamma" : 0, "coef0" : 0, "cache_size" : 10240, "tol" : 0.001, "nu" : 0.5, "epsilon" : 0, "shrinking" : 0, "probability" : 1, "C" : 1 }
MCU_DEPLOY_CLASSIFICATION_CODE step 4
PROGRESS_REPORT_ELAPSED_TOTAL 'SVM_CLASSIFIER_FIT' 1 5
PROGRESS_REPORT_ELAPSED_TOTAL 'SVM_CLASSIFIER_FIT' 2 5
PROGRESS_REPORT_ELAPSED_TOTAL 'SVM_CLASSIFIER_FIT' 3 5
PROGRESS_REPORT_ELAPSED_TOTAL 'SVM_CLASSIFIER_FIT' 4 5
PROGRESS_REPORT_ELAPSED_TOTAL 'SVM_TRAIN_CLASS_SUB_PROBLEM' 1 6
PROGRESS_REPORT_ELAPSED_TOTAL 'SVM_TRAIN_CLASS_PROBA_CROSS_VALIDATION' 1 5
PROGRESS_REPORT_ELAPSED_TOTAL 'SVM_TRAIN_CLASS_PROBA_CROSS_VALIDATION' 2 5
PROGRESS_REPORT_ELAPSED_TOTAL 'SVM_TRAIN_CLASS_PROBA_CROSS_VALIDATION' 3 5
PROGRESS_REPORT_ELAPSED_TOTAL 'SVM_TRAIN_CLASS_PROBA_CROSS_VALIDATION' 4 5
PROGRESS_REPORT_ELAPSED_TOTAL 'SVM_TRAIN_CLASS_PROBA_CROSS_VALIDATION' 5 5
PROGRESS_REPORT_ELAPSED_TOTAL 'SVM_TRAIN_CLASS_SUB_PROBLEM' 2 6
PROGRESS_REPORT_ELAPSED_TOTAL 'SVM_TRAIN_CLASS_PROBA_CROSS_VALIDATION' 1 5
PROGRESS_REPORT_ELAPSED_TOTAL 'SVM_TRAIN_CLASS_PROBA_CROSS_VALIDATION' 2 5
PROGRESS_REPORT_ELAPSED_TOTAL 'SVM_TRAIN_CLASS_PROBA_CROSS_VALIDATION' 3 5
PROGRESS_REPORT_ELAPSED_TOTAL 'SVM_TRAIN_CLASS_PROBA_CROSS_VALIDATION' 4 5
PROGRESS_REPORT_ELAPSED_TOTAL 'SVM_TRAIN_CLASS_PROBA_CROSS_VALIDATION' 5 5
PROGRESS_REPORT_ELAPSED_TOTAL 'SVM_TRAIN_CLASS_SUB_PROBLEM' 3 6
PROGRESS_REPORT_ELAPSED_TOTAL 'SVM_TRAIN_CLASS_PROBA_CROSS_VALIDATION' 1 5
PROGRESS_REPORT_ELAPSED_TOTAL 'SVM_TRAIN_CLASS_PROBA_CROSS_VALIDATION' 2 5
PROGRESS_REPORT_ELAPSED_TOTAL 'SVM_TRAIN_CLASS_PROBA_CROSS_VALIDATION' 3 5
PROGRESS_REPORT_ELAPSED_TOTAL 'SVM_TRAIN_CLASS_PROBA_CROSS_VALIDATION' 4 5
PROGRESS_REPORT_ELAPSED_TOTAL 'SVM_TRAIN_CLASS_PROBA_CROSS_VALIDATION' 5 5
PROGRESS_REPORT_ELAPSED_TOTAL 'SVM_TRAIN_CLASS_SUB_PROBLEM' 4 6
PROGRESS_REPORT_ELAPSED_TOTAL 'SVM_TRAIN_CLASS_PROBA_CROSS_VALIDATION' 1 5
PROGRESS_REPORT_ELAPSED_TOTAL 'SVM_TRAIN_CLASS_PROBA_CROSS_VALIDATION' 2 5
PROGRESS_REPORT_ELAPSED_TOTAL 'SVM_TRAIN_CLASS_PROBA_CROSS_VALIDATION' 3 5
PROGRESS_REPORT_ELAPSED_TOTAL 'SVM_TRAIN_CLASS_PROBA_CROSS_VALIDATION' 4 5
PROGRESS_REPORT_ELAPSED_TOTAL 'SVM_TRAIN_CLASS_PROBA_CROSS_VALIDATION' 5 5
PROGRESS_REPORT_ELAPSED_TOTAL 'SVM_TRAIN_CLASS_SUB_PROBLEM' 5 6
PROGRESS_REPORT_ELAPSED_TOTAL 'SVM_TRAIN_CLASS_PROBA_CROSS_VALIDATION' 1 5
PROGRESS_REPORT_ELAPSED_TOTAL 'SVM_TRAIN_CLASS_PROBA_CROSS_VALIDATION' 2 5
PROGRESS_REPORT_ELAPSED_TOTAL 'SVM_TRAIN_CLASS_PROBA_CROSS_VALIDATION' 3 5
PROGRESS_REPORT_ELAPSED_TOTAL 'SVM_TRAIN_CLASS_PROBA_CROSS_VALIDATION' 4 5
PROGRESS_REPORT_ELAPSED_TOTAL 'SVM_TRAIN_CLASS_PROBA_CROSS_VALIDATION' 5 5
PROGRESS_REPORT_ELAPSED_TOTAL 'SVM_TRAIN_CLASS_SUB_PROBLEM' 6 6
PROGRESS_REPORT_ELAPSED_TOTAL 'SVM_TRAIN_CLASS_PROBA_CROSS_VALIDATION' 1 5
PROGRESS_REPORT_ELAPSED_TOTAL 'SVM_TRAIN_CLASS_PROBA_CROSS_VALIDATION' 2 5
PROGRESS_REPORT_ELAPSED_TOTAL 'SVM_TRAIN_CLASS_PROBA_CROSS_VALIDATION' 3 5
PROGRESS_REPORT_ELAPSED_TOTAL 'SVM_TRAIN_CLASS_PROBA_CROSS_VALIDATION' 4 5
PROGRESS_REPORT_ELAPSED_TOTAL 'SVM_TRAIN_CLASS_PROBA_CROSS_VALIDATION' 5 5
PROGRESS_REPORT_ELAPSED_TOTAL 'SVM_CLASSIFIER_FIT' 5 5
MCU_DEPLOY_CLASSIFICATION_CODE step 5
TREE_JSON_DUMP_START
{
	"metadata" : { "model" : "Vapnik_SVC_RBF", "version" : "2024-W03"},
	"options" : {"svm_type" : "c_svc", "kernel" : "rbf", "degree" : 3, "gamma" : 0.051648539, "coef0" : 0, "cache_size" : 10240, "tol" : 0.001, "nu" : 0.5, "epsilon" : 0, "shrinking" : 0, "probability" : 1, "C" : 1 },
	"classes" : [ 0, 1, 2, 3 ],
	"svm_model" : {
	"classes" : 4,
	"L" : 405,
	"SupportVectors" : {
		"SV_000" : [ -1.1049149, 0.85291988, 0.50767857, -0.3814075, -0.63211107, 0.64305556, 1.649989, 0.47987059, -1.4729784, -1.7931823 ],
		"SV_001" : [ 2.8678648, -1.912016, 0.0051090717, -0.89771724, -0.41368952, 1.1381851, -1.6967643, -1.5357227, -0.61646581, -0.57238513 ],
		"SV_002" : [ -1.7055535, 0.63402742, 1.7882916, -0.65494043, -0.26341167, -1.0619285, -2.4042554, -4.2450714, -1.5671949, 1.1387082 ],
		"SV_003" : [ 0.92885792, -1.1773754, 0.54273063, 1.248167, -0.73235887, 0.69221258, 0.362028, -0.053731039, 0.48552942, 1.1065644 ],
		"SV_004" : [ 0.29378304, -0.4861221, 1.3745048, 0.88192564, 2.7500732, 1.5028665, 0.23154752, 0.2840625, 0.68743074, -2.4259639 ],
		"SV_005" : [ -1.4405266, 1.7494687, -0.19673675, -2.1985269, -0.19126928, 0.048748653, 0.21184026, -0.21766271, -2.0245943, 0.64124483 ],
		"SV_006" : [ 0.41992474, -0.51740569, -1.412564, 0.38064906, -0.54740107, -0.25876653, -2.6391275, -1.5208607, 1.6578375, -0.33790943 ],
		"SV_007" : [ -1.1840028, 1.4520441, -0.70739573, -1.7085476, -3.6613731, 0.58330864, -0.2161978, -0.16808333, -1.1727656, -0.80766779 ],
		"SV_008" : [ -1.1887679, 0.33739132, 1.0899714, -0.58225775, -0.74390358, -0.22995843, 0.40263927, -2.5715041, -2.9996984, -0.75319952 ],
		"SV_009" : [ -1.0772188, 0.76552957, 1.1867021, -0.75929189, -0.25680974, -1.0319215, 0.58683866, -0.79790199, -1.7975827, 1.3129097 ],
		"SV_010" : [ 1.0006835, -1.5412866, 0.07843364, 2.0610738, -0.53754795, -1.1953895, 1.8745105, 0.58930498, 0.1327524, 0.56621712 ],
		"SV_011" : [ 1.5096569, -1.8752958, -0.15103552, 1.9674339, 1.2722834, -0.32998428, 2.4549537, 0.83668691, -0.37977433, 1.3179938 ],
		"SV_012" : [ 0.43374765, -0.76095891, 0.61384362, 0.84399897, -0.6384334, 0.25449508, -2.7633188, -1.8221029, 1.8947407, -2.0213454 ],
		"SV_013" : [ -0.14943455, -0.38993219, -0.1325105, -0.12044066, 0.44779858, -0.11546591, 1.546955, -1.3455627, -2.8499553, 1.4927752 ],
		"SV_014" : [ 0.78457844, -0.74833369, 0.8583374, 0.29330131, 1.8314413, 0.38236877, -2.1499217, -1.3060677, 1.2314215, 0.50812137 ],
		"SV_015" : [ -1.6694759, 2.5937133, -0.50177616, -2.808712, 0.019067604, -0.23063035, -3.9990523, -0.42135441, 1.6745191, 0.44065142 ],
		"SV_016" : [ -1.2730939, 0.91815728, -1.7177967, -0.82779682, -0.35950878, -1.6174496, 0.45123577, -0.90670609, -1.7868824, -0.34812942 ],
		"SV_017" : [ -1.1900274, 1.8386502, 1.7716231, -1.8998324, -0.037868634, 0.29735476, 0.98089987, 1.5763202, -1.0398653, 1.1948025 ],
		"SV_018" : [ -1.5335076, 0.13005264, -0.55134964, 0.48470411, 0.26437458, 0.38444176, 3.4359386, -1.4050241, -4.2159777, 0.36528414 ],
		"SV_019" : [ -0.78197122, 1.1936432, -0.35497719, -1.5458205, 1.5292087, -0.21538584, -1.2537633, -0.31344685, -0.14106791, -0.94715446 ],
		"SV_020" : [ 0.58855391, -1.797316, -0.22421321, 3.2533517, -0.52972305, 2.4950006, 0.4384706, -0.50570357, 1.6626977, -0.89811784 ],
		"SV_021" : [ -1.8007063, 1.7924047, -0.59032363, -1.8506541, -0.033488601, 1.1656622, -0.0039160871, -0.64664263, -1.857783, 0.26071587 ],
		"SV_022" : [ -1.3252121, 1.5483744, 1.0658178, -1.8177129, 0.5340578, 0.78048003, -1.8287323, -1.0831003, -0.38013652, 2.2240591 ],
		"SV_023" : [ -0.96312428, 1.8515846, -0.0019230103, -2.4315641, 1.7978631, -0.14271206, -2.3927798, -0.061410766, 0.55993545, 0.15622032 ],
		"SV_024" : [ -1.8681058, 2.1427934, -0.24646576, -2.3597474, 0.56002069, -0.67018276, -2.770293, -1.4848691, -0.13776354, 1.2314278 ],
		"SV_025" : [ -0.30976036, -0.79332429, 0.80680519, 2.3656833, -0.45118171, 0.41834447, -2.2310252, -1.5939988, 2.8484235, 0.617356 ],
		"SV_026" : [ -2.4069395, 2.3308065, 0.39375803, -1.8229773, -1.000181, -2.771903, -1.9456254, -1.1009314, -0.16428243, -0.49747854 ],
		"SV_027" : [ -0.82384765, 0.27588114, 2.087631, -0.95425934, 1.2635139, -2.5333571, -1.1145196, -3.0359151, -2.1779342, -1.0051918 ],
		"SV_028" : [ 1.3536246, -1.5176319, -0.10823654, 1.267992, 0.1222747, 0.2518748, 0.88493687, 0.072877146, 0.027323104, -1.219738 ],
		"SV_029" : [ 1.4655634, -2.3735814, -1.0919847, 2.7899699, -2.8165615, -0.1158463, -0.20117934, -1.2628788, 1.1960291, 0.48164469 ],
		"SV_030" : [ -1.9745631, 2.8440332, -1.4966661, -3.0750186, -1.1856177, -0.58857721, -2.8723841, -0.14681856, 0.56986278, 0.73214835 ],
		"SV_031" : [ 2.5490983, -1.8857155, 0.6599021, -0.047648191, -0.65852308, 1.2617544, 0.90777123, 0.090853997, -1.1666379, -0.083655268 ],
		"SV_032" : [ 1.3440169, -0.84950936, -0.34761882, -0.55606902, 0.44137281, -0.43362474, -2.472636, -1.5073893, 0.64561743, -0.51305348 ],
		"SV_033" : [ -1.9003528, 2.4691439, -1.5129753, -2.450887, 0.66380286, -0.45338926, -0.53514212, 0.57867533, -0.71393847, -0.72189009 ],
		"SV_034" : [ -2.9400957, 2.7030385, -1.0638236, -2.1606042, 1.085152, 0.84965432, -3.4280527, -2.2881196, 0.11463674, -0.094576038 ],
		"SV_035" : [ -1.1660044, 2.5395463, -0.42412549, -2.9128904, -0.21135354, -1.0463345, -3.2050304, 0.9622401, 1.9244977, 1.7889361 ],
		"SV_036" : [ 0.12561697, -1.1772293, -1.8978771, 2.6409433, 1.1480558, 0.46888223, -0.11181989, -0.50959057, 1.7832612, 0.84052354 ],
		"SV_037" : [ 0.42046827, -0.49028236, 3.5133088, 0.5364179, -0.64364684, 0.99258584, -0.74908626, -0.32390022, 0.87727308, -0.20191902 ],
		"SV_038" : [ -1.6170198, 3.161658, -2.3741627, -4.040318, -1.1780748, -0.63309491, -4.688046, -0.15258756, 1.6226943, 0.2504954 ],
		"SV_039" : [ 1.6347408, -1.6935508, 1.7358201, 1.016278, 1.4206986, 1.0908235, -0.3160001, -0.74119693, 0.32375398, 0.67268443 ],
		"SV_040" : [ -0.67285895, 0.69119447, -0.073621921, -0.8596856, -0.8634733, -0.43340042, -0.2812897, -0.52428663, -0.78735948, 0.61517483 ],
		"SV_041" : [ -0.10965097, -0.10467951, 1.707372, -0.037001472, 0.9442203, 1.8618631, -0.81353617, -1.1252459, -0.16010889, -0.29506382 ],
		"SV_042" : [ 1.313001, -0.29955557, -0.37475774, -1.8595791, -1.14375, -1.2370601, -4.0265822, -2.0347147, 0.74284387, -1.420144 ],
		"SV_043" : [ -0.64940852, 1.0301121, 0.59031314, -1.4323184, 0.032630097, -0.0089731375, -0.48890439, -0.064296246, -0.6355136, 0.25522837 ],
		"SV_044" : [ -0.52189147, 0.25197741, -1.8282136, -0.95285016, 1.3778442, 1.0873005, 0.88316488, -1.3802049, -2.8258314, -1.050581 ],
		"SV_045" : [ 0.49665046, -0.58842933, 1.3823115, 0.55611897, -0.38546747, 0.64153886, -1.2863171, -0.71212721, 1.1006638, 0.76590818 ],
		"SV_046" : [ 1.1660038, -0.61642653, 0.98948526, -0.43829653, 0.63090467, 0.024575135, -0.0090490319, 0.20190984, -0.29141408, 0.038294751 ],
		"SV_047" : [ 1.7252039, -2.3920221, -0.024752187, 2.720746, -0.83503109, -0.45233846, 2.4864376, 0.51917446, -0.10571101, -0.83282429 ],
		"SV_048" : [ -1.6453143, 1.1220975, -0.81149054, -0.94353771, 0.20613283, 1.573509, 0.77466923, -1.1527386, -2.3885877, -0.33771595 ],
		"SV_049" : [ 0.079377964, 1.5111477, -1.4736561, -2.6441872, 1.7295848, -0.4148446, -3.5303798, 0.65039575, 2.0719807, -0.98086339 ],
		"SV_050" : [ -1.8115547, 1.8731471, 0.40557975, -2.0675771, 1.7338006, -0.29039022, -2.7429409, -1.9385258, -0.33239374, -1.0994189 ],
		"SV_051" : [ -0.44516563, 1.1053071, 0.56710345, -2.293164, -0.3142989, 1.8382319, -2.0817063, -1.1620837, -0.66435289, 0.036149208 ],
		"SV_052" : [ -0.27930883, 0.71663225, -0.26802883, -1.5648334, -0.72655785, -1.3673357, 0.21649632, -0.11256377, -1.5512373, 0.98245955 ],
		"SV_053" : [ -0.61252934, 0.049931988, -0.10169375, -0.24343622, 1.4655272, -0.76782179, 1.0042506, -1.3498197, -2.3436093, 0.15963124 ],
		"SV_054" : [ -0.19336882, 1.1492513, -0.22562853, -2.2353544, -1.606311, 0.82447571, 0.08196076, 0.7716071, -1.1903471, 0.43257517 ],
		"SV_055" : [ 1.250767, -1.9447067, -1.3701662, 2.4300418, 0.44581696, 0.18792264, 1.2091465, -0.061659791, 0.52183598, -0.86819679 ],
		"SV_056" : [ -1.9347042, 2.5349805, -0.91335022, -2.4976594, -0.41390279, -0.33997446, -0.97410715, 0.46792465, -0.39171067, -0.42901927 ],
		"SV_057" : [ -2.1789944, 1.6292546, 1.3263289, -1.4484291, -0.13508733, 0.80047733, -1.04135, -2.2148862, -1.7911152, -2.5715044 ],
		"SV_058" : [ 1.0111535, -1.41834, -0.50389284, 1.3352636, -1.9022962, -0.028247442, -2.1623347, -1.795119, 1.6323453, 0.15785877 ],
		"SV_059" : [ -0.38593334, 1.313454, 1.1216116, -1.5619555, -0.97629213, -0.29314187, -1.4072813, 1.1261911, 1.2174445, 0.67835522 ],
		"SV_060" : [ -0.82504916, 0.40777296, -0.68795681, -0.52728289, 1.0325996, -0.062433526, 0.81070054, -1.0490193, -2.087539, 1.5425234 ],
		"SV_061" : [ 0.5624097, 0.045845881, -0.55340618, -1.1423473, 0.18781587, 0.91631508, -2.8125672, -1.1938903, 0.88086742, 0.0015107195 ],
		"SV_062" : [ -0.25915092, 0.049919713, 1.6322212, -0.29906866, -0.64362228, -0.023007145, 0.22319385, -0.82853824, -1.1658001, -0.30763063 ],
		"SV_063" : [ 1.6946797, -1.8059045, 1.0165408, 1.1719464, -1.7238618, 0.257285, -0.060485702, -0.67101544, 0.24030466, -0.20387077 ],
		"SV_064" : [ -0.62777662, -0.041215103, -0.9822228, 0.27926332, -0.54369169, -1.0049344, 0.21413024, -1.3740997, -1.1274538, 0.93914688 ],
		"SV_065" : [ -1.7806836, 0.9433431, -0.49348775, 0.095874526, 0.0067268317, -0.96012712, 0.31028482, -0.96493959, -0.89484167, 1.3538072 ],
		"SV_066" : [ 2.4669588, -2.638876, -1.0343807, 1.7715932, 0.054470666, 0.14820781, 1.3801312, -0.24407634, -0.47292152, 0.40929076 ],
		"SV_067" : [ -0.071107358, 1.2196552, 0.50231671, -1.9614729, 0.70580709, 0.65975487, -2.4767904, 0.57117659, 1.481645, 1.2385951 ],
		"SV_068" : [ 1.3602898, -2.4206381, -2.3302596, 3.1858714, 0.87970138, -1.9612846, 0.65660387, -0.77845204, 1.0634727, 0.94349271 ],
		"SV_069" : [ -0.9917528, -0.44501564, 0.10500106, 0.65623653, -0.44526973, 1.3487598, 1.2136459, -2.9139593, -3.1589725, -1.9488645 ],
		"SV_070" : [ -0.13239431, -0.4043614, -0.79505265, 0.0050251083, 0.064105548, -0.69204235, 0.47129619, -1.6766388, -1.929933, -1.0483044 ],
		"SV_071" : [ 2.2342412, -1.0643597, -1.3523929, -1.8153648, 1.2249941, 0.10872733, -3.6371365, -2.2053232, 0.1299683, -0.3517563 ],
		"SV_072" : [ 2.069803, -1.3757398, 0.34861091, -0.67690361, 0.95023274, 0.30141044, -2.558414, -1.7499425, 0.34814617, 1.1407996 ],
		"SV_073" : [ -1.3561127, 2.3365977, -0.32020453, -2.5610678, 0.98991954, 0.63971186, -1.2996376, 1.0447626, 0.33445561, -0.021522764 ],
		"SV_074" : [ 1.6318853, -1.800769, -0.59025055, 1.2301756, -1.5597537, -0.3081924, -0.49772877, -0.94303501, 0.50767797, -0.95458931 ],
		"SV_075" : [ -0.27796492, 0.731143, 0.10643966, -1.0966311, -0.48370612, -1.1351798, 0.49722478, 0.7304284, -0.72907037, 1.1741726 ],
		"SV_076" : [ 1.3841558, -0.97049838, 1.5249658, -0.42693216, -1.1464293, -0.84118003, -3.5078108, -2.1581562, 1.2456285, 1.2824574 ],
		"SV_077" : [ 1.0203801, -1.296666, 0.25791919, 1.4029807, -0.38557658, -0.64688462, 0.94520485, 0.22623606, 0.24297261, -1.645061 ],
		"SV_078" : [ 0.0013953326, -1.0996599, -0.16015452, 2.4758246, -0.68867975, 1.490163, -1.8608989, -1.5913212, 2.5245283, 0.27741891 ],
		"SV_079" : [ -1.371374, 1.2536184, 1.7156365, -1.3173271, 1.5642905, 0.46815267, -0.68769628, -1.1055082, -1.1689843, 0.15145093 ],
		"SV_080" : [ -0.85839278, 0.2454823, 0.82363623, -0.39666855, 0.019703325, 0.55874693, 0.5667814, -1.6888447, -2.2851527, -0.42206705 ],
		"SV_081" : [ 0.36367744, -1.1920379, -0.2533524, 1.8391874, 1.4854628, -0.55150574, -3.400032, -2.5604959, 2.71612, 0.96028942 ],
		"SV_082" : [ 0.51115054, -0.19161248, -1.7834325, -0.81620991, 0.20337562, 0.69346052, -5.5463152, -3.047791, 2.3521609, 0.4826003 ],
		"SV_083" : [ -0.21185586, 0.18837599, 0.31204942, -0.94417596, -0.49694076, -0.85246038, 0.39989883, -0.99157751, -2.0144868, -2.5403066 ],
		"SV_084" : [ 1.7296097, -1.8022058, 0.1044085, 1.2168869, -0.054400511, 0.60256833, 0.67091793, -0.16080683, -0.036803752, -2.2861989 ],
		"SV_085" : [ -0.84389025, 0.7822938, -0.071922794, -1.2091073, 0.92466587, -1.3100724, -0.1225756, -1.0564903, -1.6781653, 1.0916268 ],
		"SV_086" : [ 0.31142721, -0.89473021, 1.0223532, 1.6341003, -1.2727128, -0.18393004, -0.47519284, -0.50217026, 1.3344045, -0.22373536 ],
		"SV_087" : [ 0.61756992, -0.49166167, 0.60501653, -0.24243268, 0.76991785, 0.075679094, 0.00010268533, -0.53500003, -0.72741079, 2.1642127 ],
		"SV_088" : [ 1.4118258, -1.6084191, -0.44538668, 1.1146997, -0.48930618, -0.034184188, -1.2465734, -1.3154423, 0.8858515, 0.63789284 ],
		"SV_089" : [ -0.9398948, 1.0421126, -1.3156307, -0.68885493, 0.97709161, 1.4225271, -3.5893524, -1.2037526, 2.1983168, 1.6251371 ],
		"SV_090" : [ 1.0840019, -0.90348482, -0.043011706, 0.09737917, -2.1013634, -1.0368884, -1.97589, -1.2771156, 0.88761264, -0.24811064 ],
		"SV_091" : [ -1.2758942, 0.88377225, 0.28610006, -1.1310688, 0.72621065, -0.85811079, 0.52235454, -1.4362313, -2.5657496, -0.30160913 ],
		"SV_092" : [ 2.0581763, -1.4968183, -1.3397874, -0.034604892, 0.14159507, -0.024599023, 0.66743714, 0.14657776, -0.80743033, 0.31534964 ],
		"SV_093" : [ -1.0138768, 2.497999, -0.0029228276, -2.9322991, -0.25559494, -1.2754656, -3.6399624, 0.98892808, 2.3645916, 0.055926576 ],
		"SV_094" : [ -0.78259969, 0.94993532, -0.65880656, -1.2554432, 0.96902257, 0.77154446, -0.24291717, -0.37108761, -1.0002201, -0.15432572 ],
		"SV_095" : [ -1.3116733, 1.4520179, -0.03142979, -1.4787985, -0.94616026, -0.96818763, -0.54570323, -0.3466287, -0.79006672, -0.22107315 ],
		"SV_096" : [ -0.059360821, -0.25640988, -0.84114343, 0.25761253, -0.73999655, 0.34192571, -0.97258824, -1.229115, 0.14516036, -0.56122613 ],
		"SV_097" : [ 1.3243024, -1.7371981, 0.36618933, 1.7853903, -0.95170665, -0.90140361, 0.77902955, -0.17018872, 0.34418389, 0.94444102 ],
		"SV_098" : [ 1.2539874, -0.73519444, -0.30936217, -0.43696111, 1.1934617, 0.31583676, -0.92598069, -0.43420216, 0.091455929, 0.452317 ],
		"SV_099" : [ 0.86450297, -1.4845098, -1.2907933, 1.9754932, 0.90658712, 0.21474005, 0.10440594, -0.50281775, 0.95193577, 1.1510117 ],
		"SV_100" : [ -1.4220383, -0.45311597, 1.0493, 0.76247835, -0.6874209, -0.92721468, 2.499718, -3.3708398, -4.7526307, 0.11827309 ],
		"SV_101" : [ -3.4819283, 3.7943962, 0.65289164, -3.2897043, -0.53493851, 0.37028757, -3.1718709, -1.0581644, 0.071690224, -0.62832457 ],
		"SV_102" : [ 0.94879317, -0.37116334, -0.16910359, -1.007859, -0.99345231, -1.4613316, -3.2233701, -1.7360561, 0.89901626, 1.169136 ],
		"SV_103" : [ -0.38706195, -0.85812753, 0.74842036, 2.9144826, -0.19412231, 0.39688045, 0.70388693, 0.07338357, 1.7248842, 0.36464766 ],
		"SV_104" : [ 1.2674719, -1.0900152, 0.053820234, 0.45118579, 1.2362255, -0.55869955, 0.36376014, 0.087003842, -0.071029641, -0.75399709 ],
		"SV_105" : [ -0.24760619, -1.7329006, 0.83935964, 4.3990073, 1.0405055, -0.30226949, -0.88448721, -1.5440605, 3.1329768, 1.86366 ],
		"SV_106" : [ -0.81642771, 1.0606638, -1.7554471, -1.6597074, 3.4379961, 1.1311332, -1.0420789, -0.97533697, -1.0245434, 0.31272832 ],
		"SV_107" : [ 0.8349604, -0.62536591, 0.12402376, -0.35453776, 1.1935551, 0.74314922, -4.5691514, -2.7246099, 1.963163, -2.3629777 ],
		"SV_108" : [ -1.0603908, 1.5727649, -0.32894558, -1.9876441, -0.15351202, -1.3809662, -2.7355802, -0.92733294, 0.52614403, -1.1842113 ],
		"SV_109" : [ -0.86630422, 0.083571479, -0.82011944, 0.0058359327, -0.71039474, -0.85655653, 0.84063148, -1.6386956, -2.1990941, -0.89836925 ],
		"SV_110" : [ -0.60660887, 1.0592211, -0.20336057, -1.7437985, -0.3655062, 0.96356291, -1.2560847, -0.62708747, -0.59014827, -1.4409297 ],
		"SV_111" : [ 0.37724102, -1.0917544, 0.032080881, 2.0333955, 1.6588472, -1.8585234, -0.031244494, -0.3113302, 1.3572574, -0.46554893 ],
		"SV_112" : [ -2.8371792, 1.4771947, 0.56530315, 1.3821169, 1.2686927, -0.10437927, 0.291605, -0.012256108, 1.1027443, 1.4837589 ],
		"SV_113" : [ 1.4676024, -0.42515028, -1.0496709, -0.79491752, -0.98782688, -1.6619647, -4.4405036, -0.79750592, 3.089035, -0.80187219 ],
		"SV_114" : [ -0.87736517, 0.74177349, -0.44767895, -0.26270461, 0.19199337, -1.0997746, -0.29537877, -0.05970088, 0.134508, -0.14387687 ],
		"SV_115" : [ 1.5910728, 0.15779088, -0.8367964, -1.741156, 1.1400104, 1.1676266, -3.3840175, 0.9276861, 2.7288103, -0.33807614 ],
		"SV_116" : [ 3.3515544, -1.1531919, -1.6118088, -1.4128302, -1.0846609, 0.71814078, -0.9582997, 2.294332, 1.4953356, 2.0812099 ],
		"SV_117" : [ 0.36482874, -0.27621302, -0.82999212, 0.087254778, 0.286715, 2.5639634, -1.5312833, -0.64825577, 1.0456831, -0.84427214 ],
		"SV_118" : [ -1.5692183, 2.5743461, 1.9539135, -2.9713488, 0.4184505, 0.44342801, -1.3044329, 0.79672718, -0.1844237, 0.41398054 ],
		"SV_119" : [ -1.1092471, 0.68810546, -1.5981455, 1.1367944, -0.21080248, 0.12961179, 0.25730774, 1.3163985, 1.9153701, -1.7275364 ],
		"SV_120" : [ -1.2029444, 1.7999448, 0.49413586, -2.2489674, -1.8211129, -0.68371457, -0.67434675, 0.1400418, -0.8644771, -0.571051 ],
		"SV_121" : [ -0.1919312, -0.16250405, 1.1516461, 1.0537803, 0.043355945, -0.1639076, -2.4282837, -0.79248929, 2.6823156, 0.78927565 ],
		"SV_122" : [ 2.2959728, -1.1588615, 1.5643982, -0.44085479, -1.5957435, -0.24897094, -1.2589822, 0.62269807, 1.2425225, -1.6389029 ],
		"SV_123" : [ -0.39853466, 1.7185682, -0.32672137, -2.6991551, 0.10680873, -0.57814479, -1.7593678, 0.88501632, 0.45637199, 0.64328003 ],
		"SV_124" : [ 0.14192812, -0.4083145, 0.40220651, 0.51347411, 1.6326545, 0.11358492, -0.50159663, -0.68591428, 0.31749883, -0.04939089 ],
		"SV_125" : [ -0.39852682, 1.0418053, -0.3735736, -1.2197981, 0.62225378, 1.2405267, -2.0011244, 0.2594178, 1.3509458, -0.80974847 ],
		"SV_126" : [ -2.2798028, 2.4499686, 0.8419587, -0.90508544, -0.44669241, -1.757634, 1.0386399, 2.3620524, 0.50224799, 1.2548442 ],
		"SV_127" : [ -0.32848507, 0.87803483, -0.95850623, -1.2921524, 0.13056065, 0.837286, -2.5030055, -0.50798547, 1.1338166, -0.21051779 ],
		"SV_128" : [ -3.1812005, 1.42711, 1.6523952, 2.6735725, -0.089579694, 0.49558425, 1.9949888, 1.4541597, 1.7003939, 1.4681571 ],
		"SV_129" : [ 0.53779876, -0.011539404, 0.17300084, -0.48200855, -1.330073, 1.9751849, -0.73116148, 0.40593547, 0.66297442, 0.35643613 ],
		"SV_130" : [ 1.9144299, -1.1879784, -1.9085928, -0.0033613241, -0.78372002, -1.6169486, -1.2280409, 0.10025525, 1.1477797, -0.64043021 ],
		"SV_131" : [ -0.16653071, 1.1707739, -0.075051315, -1.6186812, -1.2963644, -0.10158812, 0.56888241, 2.0134492, -0.11630598, -0.47012118 ],
		"SV_132" : [ -1.2713099, 1.3123825, -1.6579945, -0.79210597, 0.49220219, -0.34417519, -2.448642, -0.69039536, 1.4214528, 0.25447249 ],
		"SV_133" : [ 0.037806213, 0.88391685, -0.27612749, -1.3587939, -0.43097669, -1.5108513, -0.11950609, 1.5195762, 0.35057181, 0.25681892 ],
		"SV_134" : [ 1.0174055, -0.32903454, -1.6477776, -0.47224647, 0.69345117, 2.1087797, -0.53475285, 0.60326463, 0.58928066, 0.84291637 ],
		"SV_135" : [ -1.4775935, 1.3749917, 0.70834851, -0.61947489, -1.2511715, -1.2790534, 1.4058627, 1.0121859, -0.90899003, -1.5367286 ],
		"SV_136" : [ -0.64200556, 1.4809717, -3.5178676, -2.5201066, 0.04339391, -0.620498, -2.4171817, -0.73686558, -0.10927147, 0.48013949 ],
		"SV_137" : [ 2.9684851, -2.1102197, 0.54051006, 0.43897521, 0.045168176, -0.058284018, -2.1880658, -0.37783578, 1.96507, 0.54090548 ],
		"SV_138" : [ -2.5264111, 2.0756013, 2.6974549, 0.39788795, 1.1088675, 0.016813321, 1.012766, 2.0727293, 1.3516198, 0.68609512 ],
		"SV_139" : [ -0.60885441, 1.2185481, -0.085546158, -1.1772943, 0.79680276, 0.19586295, -2.2099195, 0.32451701, 1.6796609, 0.24026002 ],
		"SV_140" : [ -1.3430096, 1.9930305, 1.7156472, -1.183498, 1.4741968, -0.013411506, 0.84486073, 2.6870747, 0.66179419, 0.3782635 ],
		"SV_141" : [ -0.35905117, 0.09383975, -1.0402024, 0.23788902, -0.18774088, 0.76788032, 1.1913046, 0.26551214, -0.76764399, -0.35804942 ],
		"SV_142" : [ 3.0653834, -1.1221913, 0.5103538, -1.2346681, 0.7453391, 1.6171881, -2.5201466, 1.1611059, 2.2920971, 0.78525716 ],
		"SV_143" : [ 1.8219352, -0.50887322, -1.1961848, -0.90388149, 0.13611184, 1.3880594, 0.50429493, 1.9817417, 0.28647241, -0.35128927 ],
		"SV_144" : [ -2.8124516, 4.0096717, 1.524404, -3.7290118, 0.30249372, 1.6179796, 0.39076072, 2.616714, -0.82365578, 0.31809667 ],
		"SV_145" : [ -0.59411877, 1.3381131, -0.24765345, -1.7737639, 1.3984412, 0.96760911, -0.26583344, 0.88658875, -0.31719652, -0.74904478 ],
		"SV_146" : [ -1.2615955, 2.5276568, 0.64536619, -2.9187765, 1.8844278, -1.0233309, 1.1866702, 2.6807156, -1.101655, 1.3780789 ],
		"SV_147" : [ -1.7358432, 2.1844289, -1.0346256, -1.5624396, 0.55610061, -1.0134716, -0.40622577, 1.241021, 0.42819458, -0.31736478 ],
		"SV_148" : [ 1.0762186, 0.5557062, -0.31065732, -1.8541515, 1.7366083, -0.38052899, -0.26997292, 2.328577, 0.70201916, -0.74654222 ],
		"SV_149" : [ 1.1262308, -0.79189086, -0.032095086, 0.11224675, 2.0016468, -0.54565746, -1.040442, -0.28326392, 0.79676014, 0.71449161 ],
		"SV_150" : [ -1.5298085, 1.3705617, -1.3641708, 0.066514179, -1.2383162, 1.1850859, -0.45683625, 0.950001, 1.5158256, -0.57542264 ],
		"SV_151" : [ -0.27198511, 0.62344146, -1.064963, -0.69894481, 2.9376686, 0.53487098, -2.0298469, -0.27754718, 1.3181314, 0.27059212 ],
		"SV_152" : [ -1.5187033, 2.0318499, 0.7162143, -1.7181779, -0.73887861, 0.77436399, -0.46009454, 1.0068529, 0.13113314, -0.24581668 ],
		"SV_153" : [ -1.4170172, 1.8430852, -0.48548102, -1.4424362, -0.89003003, -0.21702446, 0.090376891, 1.2033471, -0.054221474, 2.2832747 ],
		"SV_154" : [ 0.58776361, -0.53136021, -0.2502155, 0.25512058, -0.33456129, -0.83836025, -4.3790684, -2.0982845, 2.8302011, 3.0627906 ],
		"SV_155" : [ -1.726931, 0.54606831, -0.043197136, 0.83858293, 0.93627459, 2.2403913, 1.1789296, -0.89419025, -1.137084, -0.073077336 ],
		"SV_156" : [ -1.2972931, 1.7626582, -0.5175786, -1.3596029, 1.4289367, 0.30498189, 1.1821423, 1.8428892, -0.56878895, 1.0707021 ],
		"SV_157" : [ -2.5407324, 2.5578165, -0.59106743, -0.44821882, 0.35501477, -0.40636584, 2.025187, 3.1588576, 0.57487392, -0.055302147 ],
		"SV_158" : [ -0.55259866, 1.0760069, 0.80948609, -1.702144, -0.44334748, -0.15822454, -3.2531633, -1.2820504, 0.9265089, -0.27771848 ],
		"SV_159" : [ -1.2811718, 2.2203107, -0.32175577, -2.6613061, 0.10566381, 0.075153641, -1.6164511, 0.51840049, 0.11363988, 0.5292787 ],
		"SV_160" : [ -0.1240493, 0.76864439, -1.040184, -1.0419097, -0.51594281, 1.4802165, -1.7200696, 0.34235197, 1.2473352, -1.4139622 ],
		"SV_161" : [ 1.5973486, -1.5173621, -1.7161311, 0.85377908, -0.72094989, -0.24120711, -0.88537991, -0.66144341, 0.85378957, -0.75351197 ],
		"SV_162" : [ -0.26586923, 0.85654569, 0.055358011, -1.068897, -0.70767027, 0.61676806, -3.0995238, -0.38381872, 2.0304146, -1.1490111 ],
		"SV_163" : [ -2.0261195, 2.2491419, 0.60754132, -1.5241792, -1.4550242, -0.0091938777, -0.059146509, 0.91289926, -0.15424351, 0.33222166 ],
		"SV_164" : [ -1.9794195, 2.0196962, 0.62906897, -1.1028572, -0.53305268, -0.25777179, -0.37262502, 0.60851282, 0.2378414, -0.1013171 ],
		"SV_165" : [ 0.3429673, 0.19678751, 1.1482106, -0.6057387, 2.1012924, -2.0010133, -2.1271639, -0.14792639, 1.5411392, -0.41120765 ],
		"SV_166" : [ 1.1981745, -0.44804877, 0.97441024, -0.45275724, -0.87590611, 0.014740623, -1.9218162, 0.026240462, 1.5133486, -2.1489553 ],
		"SV_167" : [ 1.8078845, -1.4539583, 0.47350448, 0.53536463, -0.42660522, -0.29774523, -1.2791306, -0.47451082, 1.1442553, 0.31823632 ],
		"SV_168" : [ 0.66560578, 1.2695967, -1.079834, -3.9477584, 0.059514772, 1.1764034, -4.5204492, -0.95670891, 0.580369, -0.092376113 ],
		"SV_169" : [ -0.6084407, -0.15766902, -0.13013348, 0.85642594, 0.27242848, 0.5054031, -1.4719456, -1.7393135, 0.75575322, 1.8251288 ],
		"SV_170" : [ 1.6610305, -0.79869801, 1.7172738, -0.34336179, 0.376445, 0.34857023, -2.8497522, -0.32935935, 2.1992569, -0.10478067 ],
		"SV_171" : [ 2.7855725, -2.1341798, -0.84730291, 0.70021617, -0.30022299, 1.1663823, 1.5124308, 1.1107079, -0.32430947, 0.35028622 ],
		"SV_172" : [ 0.88499939, 0.54921502, -0.49235016, -1.6674432, -1.3352431, -1.8774465, 0.37588033, 2.3437872, 0.21970758, 0.79755437 ],
		"SV_173" : [ -1.4360623, 0.65338916, -1.0955118, -0.0038562906, -1.1551501, 0.22915135, -0.89385331, -1.8303951, -0.52433878, 1.5814953 ],
		"SV_174" : [ -0.16008331, 0.96862447, 0.84704471, -1.3298045, 0.84616739, -0.86795509, -2.2179105, 0.37442303, 1.5609312, 0.76925439 ],
		"SV_175" : [ -0.69788486, 1.0780307, -0.037152972, -0.86850947, -0.069725178, 1.8175462, -1.0441623, 0.51748449, 0.90345353, 0.85963273 ],
		"SV_176" : [ 2.8143926, -2.1022871, -0.39395818, 0.58542842, 0.59984368, 0.13405122, 0.8491081, 0.84338766, 0.031358648, 0.37952146 ],
		"SV_177" : [ -1.725369, 1.3729664, 1.8784029, 0.31420591, -0.74852365, -1.1984977, -0.73974001, 0.64284182, 1.7599753, -0.50841177 ],
		"SV_178" : [ -2.3280199, 1.3893745, -2.2982764, 0.91334307, 0.33636555, -0.14311793, -0.58081299, -0.021887712, 1.5627732, 1.4502308 ],
		"SV_179" : [ -2.1872652, 2.4467807, 0.84583855, -1.7675802, -1.7315376, 1.7404972, -0.90697896, 0.49625301, 0.1782314, 0.11809641 ],
		"SV_180" : [ 0.32280388, -0.57593822, -1.2397112, 0.59634596, -0.85082942, 0.061034381, -1.1587627, -1.0217619, 0.74998069, 0.7471543 ],
		"SV_181" : [ 2.6751559, -0.37331316, 0.061754234, -1.9276433, 0.86091185, -1.3315635, 0.83519459, 3.5403192, 0.38938281, 0.19606306 ],
		"SV_182" : [ 0.39795947, 0.68958443, 2.1712995, -1.4000695, 0.63980579, 0.45282829, 0.1244062, 1.8125637, 0.28291443, 0.31264937 ],
		"SV_183" : [ -2.9360373, 2.0670569, -0.79572052, 1.2320879, 0.034662474, 1.1410552, 2.0888779, 2.590199, 1.4078186, -0.067862019 ],
		"SV_184" : [ 4.073988, -1.5600648, 1.8525591, -1.4902371, -1.8175261, 1.3457096, -2.0445566, 2.0955927, 2.3033595, -0.28714022 ],
		"SV_185" : [ 1.0321583, 0.37753117, -0.8354699, -2.1435268, -0.56466818, -0.62398589, -1.5144329, 0.54938328, 0.20609657, 1.5604839 ],
		"SV_186" : [ -1.368644, 0.7161271, 0.30729651, 0.89908004, -0.30332991, 1.2723781, -0.11238197, 0.21511018, 1.1727096, 1.7281965 ],
		"SV_187" : [ -0.65138751, 1.5342625, 0.39720592, -2.254488, 0.58925176, 0.2442708, -1.0864215, 0.42761904, -0.25179079, 1.1940199 ],
		"SV_188" : [ -0.77517623, 0.91864312, 0.92256778, -0.33363795, 0.26499635, 1.2376662, -2.0815489, -0.033021886, 1.9322213, 1.2904843 ],
		"SV_189" : [ 0.13234678, 0.75942689, -1.1165198, -1.3149183, 0.69863856, -0.2300425, -3.2724104, -0.095579937, 2.2196972, 1.1476349 ],
		"SV_190" : [ -1.3706334, 2.3524601, -0.0068291463, -2.4475601, 0.5658108, 0.52101946, -1.4386885, 1.1600339, 0.67129785, 0.9808827 ],
		"SV_191" : [ -2.0096972, 2.3945441, -0.21955627, -0.97672743, -1.2881442, -0.36942679, 1.035307, 2.7831707, 0.78648061, -0.75087672 ],
		"SV_192" : [ 1.0980337, -1.1624644, -0.014109449, 0.76600862, 1.4878472, -1.0373046, 1.0122273, 0.090102524, -0.4657993, -0.056145184 ],
		"SV_193" : [ -0.85520941, 0.4936904, -0.47398913, 0.074561886, -0.18475227, -0.0035715017, -1.9129645, -1.2226439, 1.0581133, -1.9423878 ],
		"SV_194" : [ -0.6800136, 1.1161441, -2.4147847, -0.020650877, 1.5923872, -0.012289465, 1.5102023, 3.077718, 1.1815348, -0.69524527 ],
		"SV_195" : [ -0.94325829, 1.1142339, -1.5576128, -0.90333909, 0.047158659, 1.0043169, -1.7678338, -0.39481226, 0.85251385, 0.31399488 ],
		"SV_196" : [ 0.49403533, -0.21000871, 0.062903583, -0.12428796, -0.43003833, 0.33592016, -0.41066509, 0.178257, 0.42643827, -1.1838212 ],
		"SV_197" : [ -0.14721535, 1.2109144, 0.68077707, -2.7652249, -0.027242368, -0.55661911, -3.1111858, -1.0854307, 0.052738748, -0.78390157 ],
		"SV_198" : [ 0.42563006, -1.1203377, 0.77907574, 1.3037965, -0.47468641, 0.52149963, -1.5772825, -2.0234163, 0.86676627, 0.14922541 ],
		"SV_199" : [ -0.70669156, 0.90626454, 0.52201021, -0.56743598, 0.37150493, -1.7939457, -1.2497493, 0.16409801, 1.0506448, -0.51672184 ],
		"SV_200" : [ -1.1397747, 1.725284, 0.30372769, -1.4514761, -0.33944547, 0.21328507, 0.88962203, 1.864787, -0.33866563, 0.56392896 ],
		"SV_201" : [ 1.9982144, -1.3888469, 0.32792106, -0.14283192, -1.1207855, 2.5476973, -1.7590382, -0.87849706, 0.72091836, 0.54436481 ],
		"SV_202" : [ -0.011704378, 0.40480244, 0.64096224, -2.1466594, -0.81376803, -0.58631605, 0.14044106, -1.4223787, -3.111623, -1.4050052 ],
		"SV_203" : [ -1.2378618, 1.2039988, 1.3713183, -0.83144712, -1.1063559, 0.032149613, 0.48877311, 0.29126704, -0.78772986, 1.2498158 ],
		"SV_204" : [ -1.8491182, 2.0739622, -0.13531522, -1.8042617, 1.916087, -0.81982905, 0.90701133, 0.78165913, -1.5095145, 1.6767923 ],
		"SV_205" : [ -0.15551561, 0.60137403, 0.82399303, -0.90941823, 0.53221494, -0.224022, 1.4865748, 1.2876755, -1.1260316, 0.82864451 ],
		"SV_206" : [ 0.44261825, 0.65023071, -1.2567124, -2.5941796, 1.0746465, -0.27949452, -3.8558335, -1.7258912, 0.33732006, -1.3834802 ],
		"SV_207" : [ -0.49806654, 1.848932, -0.27269584, -3.2975535, -0.30819592, 1.9724218, -2.7358303, -0.17618501, 0.067234986, 2.0122814 ],
		"SV_208" : [ -1.4383372, 1.9933634, 0.62618148, -1.5733074, 0.23137501, 0.61180741, 1.3900009, 2.1368687, -0.68386209, -1.0212983 ],
		"SV_209" : [ -1.425526, 0.77433932, 1.4199895, 0.86655653, -0.037414957, 0.96472692, 1.4873233, 0.97715688, 0.16696328, -0.18788369 ],
		"SV_210" : [ -1.9625614, 1.651374, 0.97250676, -1.3273021, -3.2251863, 0.3628045, -0.41987708, -1.0855677, -1.3729929, 0.043956086 ],
		"SV_211" : [ -1.7150165, 1.7054834, -0.87563473, -2.1180451, 0.92115599, -0.72611499, 0.6744594, -0.80491859, -2.9198554, 0.55242676 ],
		"SV_212" : [ -0.36869887, 1.1856382, 1.2103002, -1.0645438, -0.044961605, 0.92701101, 1.5918666, 2.768152, -0.045935351, -0.036524136 ],
		"SV_213" : [ 2.0560381, -1.7668037, -0.17238842, 0.28437877, 1.1674447, -0.90710223, 2.6503839, 0.47434524, -2.3100557, 1.1952745 ],
		"SV_214" : [ 1.1769506, -0.56531525, -0.79447424, -0.80711824, -0.25086138, -0.44322056, -0.37574443, -0.25838065, -0.61253422, 0.0067016659 ],
		"SV_215" : [ -0.59247786, 1.1299068, 1.0095888, -2.5253184, -1.4208989, 0.244524, -3.3064735, -2.3596325, -0.61639184, -2.2024674 ],
		"SV_216" : [ -0.89675057, 1.5312201, -0.40310243, -2.2074046, 0.95129526, -0.56133139, 0.73777568, 0.65892082, -1.867752, 2.20752 ],
		"SV_217" : [ 1.0700086, -0.56598365, 1.9017814, -0.87943214, -1.0414083, 1.707003, -0.39559442, -0.66178948, -0.99063414, -0.40788066 ],
		"SV_218" : [ 2.1284513, -1.6560836, 0.0045310371, 0.18220155, -2.2627976, -2.9430587, -0.50007349, -0.50697941, -0.0059925495, 0.35662833 ],
		"SV_219" : [ -0.80092388, 0.60262185, 1.178377, 0.32179359, -0.89303774, -0.24380477, 1.9456656, 1.470878, -0.38022, -1.1767217 ],
		"SV_220" : [ 1.8341444, -1.8002998, 0.39468503, 0.43328431, -1.6579806, -1.1564391, -0.16441835, -1.3506815, -0.85447758, -1.4164976 ],
		"SV_221" : [ 1.0739362, -1.1184672, -0.98771954, -0.04517391, 0.46513903, 0.97047609, 1.2880322, -0.81332868, -2.1883566, 1.1841375 ],
		"SV_222" : [ -0.30435595, 0.18504749, 0.69591987, 0.26698473, -0.62485111, -0.94660109, 2.1585655, 1.2501059, -0.88925773, 0.83991069 ],
		"SV_223" : [ -0.049277037, 1.6031283, 0.65787876, -2.3475997, -0.43122643, 0.064628571, 0.60040569, 2.9769557, 0.092139028, -0.83875883 ],
		"SV_224" : [ -1.6420267, 2.3821812, -2.8968327, -2.5974934, 0.45380664, -1.7362392, 1.0767887, 1.4900928, -1.7274041, 0.32136342 ],
		"SV_225" : [ -1.9243094, 1.2362164, 0.77555889, -0.51203924, -2.0246119, 0.47812745, -0.16264477, -1.3066411, -1.1789761, 0.60982198 ],
		"SV_226" : [ 0.8369078, -0.0031125862, 0.95612794, -1.385592, -0.75116503, 1.9829332, -2.4244664, -0.79482836, 0.60352421, -0.24897479 ],
		"SV_227" : [ 1.9004052, -1.4790813, 0.12565729, -0.31367102, -2.1039417, -0.19372, 0.040857647, -0.89435214, -1.2765762, 0.14552748 ],
		"SV_228" : [ 1.9820106, -2.211427, -0.33513492, 0.23278742, -0.5149287, -2.0189807, -0.37801036, -2.8954294, -2.158186, -1.1639035 ],
		"SV_229" : [ -1.907395, 2.7778625, 0.11167753, -2.3886669, 0.21606575, 0.39504224, 1.1464624, 2.6016495, -0.63375854, 0.73378229 ],
		"SV_230" : [ 1.4286476, -1.1157695, -1.5139381, -0.45536277, -2.6353142, 1.1885648, -1.8628035, -1.8698286, -0.22738881, -1.148789 ],
		"SV_231" : [ -0.46624133, 0.27722451, -0.04262495, 0.47844887, 0.30618227, -0.99370867, -0.61974466, 0.17166288, 1.2236218, -0.17439292 ],
		"SV_232" : [ -1.5434606, 1.5630201, -0.0090243528, -0.53241301, -1.1247426, -0.4303824, 1.1601877, 1.558123, -0.10247662, -1.69207 ],
		"SV_233" : [ 0.14399187, -0.0073257471, 0.39097929, -1.3311032, -0.023705669, -0.086112991, -1.8571197, -2.3554873, -1.2249211, -0.21072124 ],
		"SV_234" : [ -1.5891423, 1.3916225, 1.3996576, -0.10023833, 0.88136619, -0.20751061, 2.2368035, 1.8823004, -0.5776273, 0.53436941 ],
		"SV_235" : [ -2.5989289, 3.4634454, -0.023906121, -4.2926469, 0.49240956, 0.036821596, 2.2576451, 1.1904521, -4.4693007, 0.13877529 ],
		"SV_236" : [ 0.46371454, -0.4382436, -1.839275, -1.0322793, -1.3530711, 0.98331141, 0.35698923, -1.6878422, -2.7200985, 0.88230503 ],
		"SV_237" : [ 2.3875556, -2.5940204, -0.81614369, 0.71649241, 1.4437739, -0.39450407, 1.2951787, -1.8022282, -2.5846765, -0.045584116 ],
		"SV_238" : [ -1.1841706, 0.9331885, 0.67774028, -1.6335694, -0.20648408, 0.43542925, -3.7932158, -3.6971712, -0.49989274, -0.34345567 ],
		"SV_239" : [ 2.7679892, -2.8872709, 0.29450309, 1.5018337, 2.1846235, -0.39796224, 3.2330449, 0.10727268, -2.3269675, -1.5226657 ],
		"SV_240" : [ -0.025523014, 1.1871806, -0.77905035, -2.1147246, -0.84824061, 1.1711009, 0.98466164, 1.9585768, -1.0072718, 0.98488611 ],
		"SV_241" : [ 1.6628784, -0.40872183, -1.1595082, -1.4116831, -0.20107765, -1.4130366, -2.509928, -0.1726425, 1.1253245, -0.62656081 ],
		"SV_242" : [ -1.3584709, 1.9167607, -1.0166084, -2.0823655, 2.6314781, -0.5972051, -0.33152339, 0.55415636, -0.70637691, -0.53913009 ],
		"SV_243" : [ -1.1230428, 1.3424402, 0.65990633, -1.9997267, -1.0018442, 1.8818423, -1.2918072, -1.3247828, -1.3127025, 0.94660062 ],
		"SV_244" : [ -0.59458667, 1.3696756, 0.87795269, -2.5930405, 0.42460266, 0.6678794, -1.6845057, -0.79529911, -0.97971457, -1.9545548 ],
		"SV_245" : [ -0.42635593, 1.107155, -1.0039985, -0.464555, 0.33493021, 0.3247292, 1.4871176, 3.1019704, 0.84222615, -0.93231779 ],
		"SV_246" : [ 2.3591843, -1.856519, 1.2567714, 0.14326759, 0.17686683, -0.32236785, -1.1740719, -1.0104046, 0.1943934, -1.6386008 ],
		"SV_247" : [ 0.077684402, 0.46183571, -0.6676088, -1.51788, 0.13469507, 1.030484, -1.2727065, -0.7372874, -0.56004494, 0.28714326 ],
		"SV_248" : [ 1.0979363, 0.040655557, -0.9110449, -1.393021, -0.21844044, -0.31737342, -3.0749841, -0.22985493, 1.7334015, 0.8326776 ],
		"SV_249" : [ 0.91403049, -0.3858152, 2.1202652, -1.074814, 0.67047209, -0.57207096, -1.9669734, -1.3986716, -0.15295571, -0.42727146 ],
		"SV_250" : [ 0.68998599, 0.34776199, 1.7811234, -1.7651068, 2.2510209, -1.1811588, -1.1028154, 0.22504364, -0.16030979, -0.34932572 ],
		"SV_251" : [ 1.6746798, -0.94208187, 1.1679208, -1.0780519, -0.66331309, -0.49632803, -1.8542857, -1.4048904, -0.35813174, -0.38162711 ],
		"SV_252" : [ 1.0409671, -0.89601737, -0.89918166, -0.95720631, -0.44847208, -0.83636838, -1.8278857, -2.7704942, -1.4114102, -0.25713998 ],
		"SV_253" : [ 0.13920966, 0.055909753, 0.6203106, -0.87500942, 1.9175465, -0.45024416, 0.93092173, -0.20025246, -1.8539181, -1.939052 ],
		"SV_254" : [ 0.85516375, -0.93458188, -1.8853494, -0.051859207, 0.22750466, -0.48326948, 2.0531552, -0.36208171, -2.5662222, 0.077758797 ],
		"SV_255" : [ 1.6341842, -1.0559498, -1.4680377, -0.70279068, -1.4657644, -0.11728767, -0.19234076, -0.65595973, -1.1130435, 0.78950393 ],
		"SV_256" : [ -0.51158118, 1.4919269, -0.61458027, -1.9751331, -0.29169896, -1.0092822, 1.2059901, 2.0970316, -0.95078993, 0.25441527 ],
		"SV_257" : [ 0.87997347, -0.4492951, 0.34322509, -0.22447266, 1.7977309, -1.5498167, 1.9592601, 1.2712106, -1.1868124, 0.60587871 ],
		"SV_258" : [ 1.3122705, -1.4404002, 0.41243234, 0.34702191, 1.1083376, -0.91210121, 2.1485398, -0.44710365, -2.4663203, -0.7250126 ],
		"SV_259" : [ 0.67453456, -0.34994552, -1.2419739, -1.0492514, -0.56934214, -1.2979405, -0.57752413, -1.2342509, -1.3967415, -0.96686363 ],
		"SV_260" : [ -0.3905009, -0.47546175, 0.84729064, 1.7260863, -1.185284, 1.7503364, -0.84903264, -0.85558426, 1.5605626, -0.9556216 ],
		"SV_261" : [ -0.33420476, 0.90920788, -0.59102118, -2.3747401, -2.806478, -0.73309702, -2.267544, -1.8082163, -1.1135119, -1.2103134 ],
		"SV_262" : [ -1.4749268, 1.7902637, -0.3668564, -1.9718348, -2.0017693, 0.034033768, 0.95239502, 0.50373375, -1.9733384, -0.70229971 ],
		"SV_263" : [ -2.2820587, 2.5963967, -1.7799263, -2.4272225, -1.6571677, 2.0734282, 1.153756, 0.84094369, -2.1676855, -0.26559374 ],
		"SV_264" : [ -1.8990805, 1.9191375, 0.042180095, -1.3554311, 0.85644317, 0.30924159, 1.2703525, 0.85066909, -1.4575597, 0.49147764 ],
		"SV_265" : [ 0.58552408, -0.11716468, -0.36309722, -1.5392619, 0.92018038, 1.4823706, -1.6256913, -1.758072, -1.1572349, 1.1944464 ],
		"SV_266" : [ -0.1841597, 1.3933517, -0.22552405, -2.3752017, -0.44286615, -0.67645705, -3.1634049, 0.030564796, 1.3975278, 0.92980599 ],
		"SV_267" : [ -1.120984, 0.71344364, 1.1860726, -0.075299993, 0.94601834, -0.74285358, 2.4433901, 0.6990903, -1.8521307, -0.39155075 ],
		"SV_268" : [ -1.0544672, 0.39459926, 1.2382417, 0.97045118, -0.66960669, 0.34665218, 3.392596, 1.56425, -1.2422427, -1.1026369 ],
		"SV_269" : [ -0.75731707, 1.4772117, 0.03699325, -3.0164692, -0.1738195, -0.30960941, -2.5448878, -1.8171506, -1.3067261, -1.4471446 ],
		"SV_270" : [ -0.25359789, 0.5236187, -0.33389816, -1.6991597, 0.27053717, 0.86070275, -1.5599713, -1.7882292, -1.2907578, 0.68276983 ],
		"SV_271" : [ 2.4037027, -1.9071507, -1.2305132, 0.18493173, -1.0078144, 0.79851693, -2.295723, -1.5432034, 0.91559434, -1.4510652 ],
		"SV_272" : [ -1.5040064, 1.122246, -0.079765774, -0.34396994, -0.10441647, -0.24334387, -1.0841171, -0.79043877, 0.31217319, -0.90565002 ],
		"SV_273" : [ -1.0342737, 1.4569069, -1.1173484, -0.53288811, -0.22567478, 0.1331193, 5.3475561, 4.4739985, -1.9337809, -0.26945961 ],
		"SV_274" : [ 0.94658536, -0.39940327, -0.44133714, -0.61177987, 1.573483, -3.091728, -1.4984307, -0.49832699, 0.51801103, -1.1309825 ],
		"SV_275" : [ 0.69273937, -0.11337326, 0.18889479, -0.97827542, -1.0507324, -1.9209949, -1.5169924, -0.61817801, 0.16467573, 1.0925627 ],
		"SV_276" : [ 1.5775691, -1.5682317, -0.77924776, -0.50356132, -1.1445833, -0.11610693, -1.7037207, -3.1841285, -1.5921024, -0.94903851 ],
		"SV_277" : [ 0.61923468, 0.0030502928, -1.0324672, -1.5035608, 1.6337869, 1.3038772, -1.0232202, -0.87944424, -0.98741931, 2.0914793 ],
		"SV_278" : [ -0.24215226, -1.232, -0.90455723, 1.9721115, -0.0047489391, -0.26216629, -3.3333812, -4.1428533, 1.4390832, 0.30514717 ],
		"SV_279" : [ 1.956339, -1.6877469, 0.54392326, 0.38377613, -0.30145413, 1.2992126, 0.14487204, -0.51547557, -0.49810523, -0.40886316 ],
		"SV_280" : [ -0.062081356, 0.8178125, -3.562217, -1.6708705, 0.91514748, -1.5660068, -0.63563585, 0.32124409, -0.40247273, -0.078130126 ],
		"SV_281" : [ -1.3766354, 1.5634667, 0.53055716, -1.6651212, 1.2449212, -0.57946575, 5.0624375, 2.2360961, -4.4658775, -0.17699403 ],
		"SV_282" : [ 0.014819399, 0.3962701, -0.6122793, -1.2581818, 0.4442336, 1.3726296, -0.11243159, -0.25852209, -1.1236911, -1.8430206 ],
		"SV_283" : [ 3.4567366, -2.7985356, -0.037979487, 0.93607622, -0.83093089, -0.52148438, 0.60836846, 0.31277084, 0.030912584, 1.1069367 ],
		"SV_284" : [ -0.56852591, 1.0994726, 0.42117503, -1.8715417, 1.6741344, 1.557129, -1.1107215, -0.48131946, -0.71985567, -0.068387493 ],
		"SV_285" : [ 1.6208482, -1.561627, 1.8018726, -0.26419258, -1.9306916, 2.3318424, 0.67400175, -1.6068373, -2.4813385, 0.37585133 ],
		"SV_286" : [ -0.24640357, 0.0060078935, -1.4537103, 0.81414717, 0.78995442, 1.6106822, 0.39750937, 0.67459273, 0.85966861, 0.45564961 ],
		"SV_287" : [ 0.77034211, 0.11411981, 0.58196312, -2.1652775, 1.3333334, 0.56279981, -2.7329173, -1.7607259, -0.54097855, -0.017191824 ],
		"SV_288" : [ 1.5592786, -0.9504537, -0.24630995, -0.5758146, -0.04995333, 0.98876208, -2.2848482, -1.2479724, 0.63932157, 0.0032219964 ],
		"SV_289" : [ -2.0332181, 1.0927386, -0.62414151, 0.28092632, 0.94909978, -0.1937412, 3.1335599, 0.48312134, -2.3685927, 0.94123244 ],
		"SV_290" : [ -1.0250347, 1.0162019, 0.16154225, -0.92565626, 0.48024562, -1.0275841, 0.58444661, 0.066236101, -1.1810936, -0.14454548 ],
		"SV_291" : [ 2.3597419, -2.4847326, 1.762635, 0.50506133, 0.64955264, -0.82247937, 1.2838347, -1.7617315, -2.7048805, 1.8720965 ],
		"SV_292" : [ -2.2047911, 1.6645914, 1.3074353, -2.1326463, -0.97842985, 0.45417094, 0.25506401, -2.5063872, -3.9304824, 0.88548058 ],
		"SV_293" : [ -0.69071454, 1.3151476, -0.42921695, -2.1441557, -0.91191977, -0.55833995, -1.2688582, -0.44503814, -0.73152578, 1.5341693 ],
		"SV_294" : [ -0.42438126, 0.68525743, 1.788183, 0.42582399, 1.382237, -1.2437093, 4.1793199, 3.9880929, -0.44567642, 1.1866597 ],
		"SV_295" : [ -0.6804055, 1.426208, 0.035418313, -2.8266602, 0.48583612, -1.9473521, -3.1988676, -1.8399867, -0.50747526, 2.4596665 ],
		"SV_296" : [ -1.0772996, 1.3785299, 0.16676997, -1.8846308, -0.43319598, 0.77102059, 0.28314582, -0.17338973, -1.8455335, -0.13460799 ],
		"SV_297" : [ 0.058927994, 1.5485011, -0.37475711, -2.4749663, 0.53356695, 0.49037915, -1.6165253, 1.8591199, 1.2901706, 0.68714583 ],
		"SV_298" : [ -0.84654838, 2.1205361, 0.63894206, -3.73645, -1.2135786, 0.19802606, -3.6655934, -1.1309663, -0.12242071, -0.62202013 ],
		"SV_299" : [ -1.5162296, 1.329821, -0.77571315, 0.50817895, 0.48060349, 0.94684261, 4.589952, 3.7835181, -0.86518824, 2.1910136 ],
		"SV_300" : [ -2.3095763, 2.0323443, -0.17137018, -1.5032104, -0.016653974, 0.98903793, 0.21878195, -0.52627665, -1.6487658, -0.50029421 ],
		"SV_301" : [ -1.3950323, 0.71534657, -1.2464098, 0.13194627, -1.0933652, -0.6571793, 0.37814882, -0.70440578, -0.74966264, 1.5993282 ],
		"SV_302" : [ 2.4387722, -1.6610278, -1.4973595, -0.075189747, 0.17864661, -0.99778563, -1.1885242, -0.36055985, 0.59162921, -0.67383552 ],
		"SV_303" : [ 1.8458766, -1.2301323, 0.86887181, -1.3647128, 1.3801911, -0.60788387, -4.8327074, -3.8164582, 0.36240333, -0.61944515 ],
		"SV_304" : [ 0.62784994, -0.66103864, 0.73639899, -0.073318332, 0.72811264, -2.0998728, -1.6691769, -1.6889446, 0.1232851, 0.82527971 ],
		"SV_305" : [ 1.4818678, -1.8259276, -0.0026367963, 0.46097821, 0.21269344, -1.4526949, -0.002792544, -2.292352, -1.7825083, 1.3144233 ],
		"SV_306" : [ 0.56263077, -1.3264998, 0.34487745, 1.7148126, 1.7890376, -1.1829327, 2.4832571, 0.015651915, -1.2274505, 1.5402528 ],
		"SV_307" : [ 0.67783588, -1.6155304, 0.033110291, 2.3460791, 0.69383395, 0.32670107, 3.7596338, 0.69910872, -1.4522539, -2.5115957 ],
		"SV_308" : [ -0.58348125, 0.48562914, 2.1801441, -0.37040621, 1.2940425, 0.098589122, -0.066088296, -0.28208598, -0.41385478, 0.63176304 ],
		"SV_309" : [ 0.11696362, 0.76460832, -0.83447295, -1.6483334, 1.6168197, -0.21607919, -4.6211548, -1.2074473, 2.3747132, 0.080743268 ],
		"SV_310" : [ -0.91731954, 1.1215949, -2.3885989, -0.76702088, 1.0687697, 0.33606854, -3.0865357, -0.71589726, 2.0397322, 0.95069754 ],
		"SV_311" : [ 0.12547255, -0.17428257, 0.42329645, -0.36085221, -1.3407871, 0.90138608, -2.1166804, -1.806991, 0.30396181, 1.5018057 ],
		"SV_312" : [ -0.17170927, 0.83084661, -0.21016429, -1.5746591, -1.421085, 0.26358455, -4.7437458, -1.693212, 2.1676123, 1.7425383 ],
		"SV_313" : [ 1.6578658, -1.9583204, -0.42798939, 1.1550257, -0.63960129, 0.2146899, 0.62021345, -1.0609639, -0.81154191, 0.21709847 ],
		"SV_314" : [ 1.3982085, -0.23489241, 0.21283543, -1.7465624, 0.32789293, -0.88516879, -1.9062841, -0.41771072, 0.047608133, -0.20497112 ],
		"SV_315" : [ -2.6494539, 1.9701501, 0.3203418, -0.52672464, -2.1570201, 1.5466419, -1.5141762, -1.1246541, 0.43910846, -0.550982 ],
		"SV_316" : [ 0.96395111, -1.1238095, -1.8926702, 0.68469828, -0.60201389, 0.94648951, -0.41886237, -0.90260708, 0.093590237, 0.68871069 ],
		"SV_317" : [ -0.86696535, 0.25650072, -0.53746951, 0.15698434, 1.4589918, 0.67889833, -0.21780244, -1.2596066, -0.65506536, -1.2525332 ],
		"SV_318" : [ 0.048519883, -0.32189429, 1.1035156, 0.46193257, 0.41671163, -0.67302835, -0.45177975, -0.65920794, 0.25785142, -1.6687087 ],
		"SV_319" : [ -0.3544037, 0.99405462, -1.8857588, -1.1774622, 0.29256707, 0.36273444, -1.8190986, 0.34061816, 1.2633716, -0.029287253 ],
		"SV_320" : [ 0.12259874, -0.5239985, -1.2924329, -0.079009123, 0.18423691, -2.1673405, -1.0726323, -2.2715197, -0.95084846, -1.9256333 ],
		"SV_321" : [ 0.85138065, 0.40792918, -1.0512742, -2.0967908, -0.75502151, -0.037871689, -4.7076998, -1.2380999, 1.9981854, 0.34089845 ],
		"SV_322" : [ -0.51155454, 1.3498931, -0.47869325, -1.457144, 0.51995814, -0.33503798, -2.3897998, 0.61559314, 1.8834131, 0.31122851 ],
		"SV_323" : [ 0.13408695, -0.3443343, 0.43739447, -0.87301028, 0.31833369, -0.56378216, -1.9886574, -3.0883181, -1.3584659, -0.80071229 ],
		"SV_324" : [ -1.2616844, 0.9798559, -1.3881257, -0.5801872, 0.83358347, -0.93856001, -3.9795446, -2.344408, 1.7279079, -1.3446224 ],
		"SV_325" : [ 1.5158508, -1.8630975, -2.0342824, 1.3823912, 1.6322081, 0.8965081, 1.0171071, -0.58255595, -0.60568541, -0.25697696 ],
		"SV_326" : [ -0.847049, 0.76980841, 1.0790777, -0.59363925, 0.50212038, 2.3434162, -1.8725272, -1.0624294, 0.61741734, 0.52363759 ],
		"SV_327" : [ 0.077718645, -0.23723711, 0.20107657, 0.24015544, 1.4175057, 1.0652769, 0.8944698, 0.055957552, -0.68881673, 0.054897428 ],
		"SV_328" : [ 2.690542, -2.7528787, 2.4435711, 0.10733891, 0.65429807, 0.38715979, -0.99422282, -3.4947717, -2.2214961, 0.087042183 ],
		"SV_329" : [ -2.563982, 1.4635929, -0.51188797, 0.22330715, 0.65966147, 0.075660385, -1.5097365, -1.7740027, 0.46292329, 1.5072474 ],
		"SV_330" : [ -1.337527, 2.2412627, 0.50778025, -2.1901455, 0.70961499, -0.069356374, -2.6407306, 0.62950623, 1.6522664, -0.65687084 ],
		"SV_331" : [ 2.034415, -2.7922387, -1.2453842, 1.5393006, 2.9906969, 1.4747279, 2.5040641, -1.8089817, -3.1376991, -1.4701285 ],
		"SV_332" : [ -1.4088484, 1.5671653, 2.2926505, -1.5351325, 0.41943586, -1.1218946, -5.0482616, -2.3334839, 2.0868499, 0.27902925 ],
		"SV_333" : [ 2.4535642, -2.7476215, 0.49050424, 1.6054462, 0.0075396951, -1.1863986, 1.2304159, -0.99653268, -1.1068885, 2.0682449 ],
		"SV_334" : [ 0.52465659, -1.1624159, -1.2293688, 1.4781821, -1.6593316, -0.3502368, 1.8436825, -0.088378415, -0.84486228, 1.2807783 ],
		"SV_335" : [ 2.7461691, -2.7348852, -1.2567271, 0.39312199, 1.409297, -0.52150661, -0.94032711, -2.8507724, -1.4914612, -0.325701 ],
		"SV_336" : [ -1.0499824, 1.1436422, -1.6631533, -0.5234037, -1.5624144, -0.099876255, -2.3067334, -0.29124245, 1.8158393, -0.20798795 ],
		"SV_337" : [ -0.78398442, 1.475225, 0.0039726673, -1.4770911, 1.1129854, -0.36000985, -2.0935578, 0.46228033, 1.4570879, 0.61780244 ],
		"SV_338" : [ 0.67828166, -1.1148753, -0.72737753, 1.0843463, 0.29603055, 0.48923454, 0.8411721, -0.50362247, -0.50617915, 1.7253143 ],
		"SV_339" : [ 0.25861114, -0.51876032, -1.3212628, 0.31908903, 1.100284, -0.44212952, -0.578596, -1.0971391, -0.13050571, -1.3747958 ],
		"SV_340" : [ 1.86988, -2.3121896, -1.1538523, 1.292078, -1.061729, 2.0429258, 1.284271, -1.3353989, -1.6480426, 2.1099062 ],
		"SV_341" : [ -0.85230821, 1.7024397, 0.28645465, -2.2960591, 0.852386, -0.46873727, -5.2406626, -1.4572108, 2.377718, 1.1950554 ],
		"SV_342" : [ -0.054629318, -0.50582445, -0.85532427, 1.4389888, -1.0362502, 1.6049606, 1.4531139, 0.60545796, 0.19306041, 1.0877256 ],
		"SV_343" : [ -0.064541779, 0.081555016, 0.70855254, -0.78554422, -0.33368275, -1.2263403, -2.6704252, -2.1973991, 0.21312229, 2.0417795 ],
		"SV_344" : [ 0.30913523, -0.4958643, 0.21023437, 0.38106957, -1.0429084, 1.2223268, -0.73708737, -0.85925233, 0.28491044, 0.42975688 ],
		"SV_345" : [ -0.87556559, 0.1277125, -1.672932, 0.50832993, -1.3205987, -0.665654, 1.6980013, -0.39684838, -1.5952207, 0.2880429 ],
		"SV_346" : [ -3.135649, 1.7097682, -0.10865787, 0.51997113, 1.8584635, -1.2213365, -0.45701501, -1.4874618, -0.073515996, 0.30627242 ],
		"SV_347" : [ 2.4183221, -2.7989123, 1.3174173, 1.447493, -0.71877289, -0.16199142, 1.3198037, -1.4672142, -1.7328787, -1.5087497 ],
		"SV_348" : [ 0.48213741, -0.86978, 0.43663085, 0.57453024, 2.0222507, -0.16552901, 0.072953418, -1.1698064, -0.68411249, -0.50941247 ],
		"SV_349" : [ -1.5017741, 0.98418504, -0.026390566, -0.34967032, -0.26283878, 0.4373191, 0.074403606, -0.78278852, -0.88098198, 1.2635654 ],
		"SV_350" : [ -0.85163879, 1.1433276, 0.75009537, -1.0434253, 0.11297522, 0.51950204, -2.5943353, -0.61296946, 1.3923241, 0.2767781 ],
		"SV_351" : [ 0.69125581, -1.3208461, 0.0067169955, 1.0374856, 1.1948471, -2.2288249, 1.3514639, -1.0831373, -1.5769365, 1.2787678 ],
		"SV_352" : [ 1.6456524, -2.0813301, 1.4307083, 1.0868957, -0.57358479, -1.0036362, 0.97303987, -1.4951587, -1.6076053, -0.74688166 ],
		"SV_353" : [ 0.92712837, -1.322987, 1.1253067, 0.61536616, 1.2270328, 0.67986768, 0.25192839, -1.5486958, -1.2135576, -1.473361 ],
		"SV_354" : [ -1.8997958, 2.7153969, -0.70198053, -2.4835603, -2.2523308, -0.82879567, -5.5780358, -0.85957134, 3.2073276, 0.040178269 ],
		"SV_355" : [ 0.13270222, -0.82804078, -3.195565, 1.2479391, -0.52652103, -0.15507312, 1.7155253, -0.25957915, -1.0055687, -0.70141685 ],
		"SV_356" : [ 0.66575998, -1.4089115, -0.17787313, 0.97490263, -0.15094799, -1.0992581, 3.3613827, -0.64577591, -3.3164508, 1.0943575 ],
		"SV_357" : [ -0.41650954, 0.90887654, -0.49969879, -1.1323594, -0.42177978, 0.94893831, -3.6324115, -0.92888939, 2.0697591, -0.85083944 ],
		"SV_358" : [ -2.064254, 0.98261184, -0.46872619, 0.97858071, -0.62426502, -0.99099177, 0.35285878, -0.33295819, 0.35291868, -1.2956902 ],
		"SV_359" : [ 1.5462055, -1.9191101, -0.74026287, 1.5875835, -0.65028346, -0.38099101, 1.2901157, -0.30065775, -0.47956884, 0.2691752 ],
		"SV_360" : [ 0.025712565, -0.48392695, -0.61091459, 0.7267701, 0.78743786, 0.62401485, 0.45050296, -0.55159658, -0.36342639, -0.19793089 ],
		"SV_361" : [ 0.39375901, -1.4868432, 1.4107397, 3.0267866, -0.43997639, 0.73156399, 4.8316298, 1.8647296, -0.96355832, 1.0286919 ],
		"SV_362" : [ -0.38693532, -0.42041305, 0.95693552, 0.58398271, 0.10722882, 0.28294098, 1.9874892, -0.91930068, -2.3404553, -1.0432334 ],
		"SV_363" : [ -2.4281321, 2.0900979, -0.14126429, -0.67995393, -1.0011071, 0.33993462, -1.7934997, -0.40907663, 1.2042942, 0.82681561 ],
		"SV_364" : [ -1.0657961, 1.111608, 1.0619218, -0.75321621, -1.2073697, 0.77438289, -2.6416783, -0.93240714, 1.4189887, 2.1555259 ],
		"SV_365" : [ -0.34216696, -0.19005176, -1.6635474, 0.51661068, 0.34797052, 1.3745167, 0.38394603, -0.75524002, -0.60235697, -0.75729626 ],
		"SV_366" : [ 2.5755701, -3.2183967, 0.3768062, 2.6082568, -0.160321, -0.10603981, 3.4021695, -0.054275297, -1.7312837, 0.93269801 ],
		"SV_367" : [ -0.60398364, 1.0778364, -0.58149195, -1.3091171, 1.364773, 0.39236873, -3.5198836, -0.9890269, 1.778927, -0.11723332 ],
		"SV_368" : [ 1.8397645, -1.752803, 0.58910447, 0.13026759, 0.78800094, 0.044416126, -1.6007038, -2.2421427, -0.39475134, 0.78014392 ],
		"SV_369" : [ -2.7935064, 3.0786386, 2.0365193, -2.3202901, 0.097844727, 0.57631212, -8.4434958, -3.0010123, 4.5222893, -0.090023987 ],
		"SV_370" : [ 2.0192761, -2.5988789, 0.29600143, 1.8832732, -1.2931855, -1.4909534, 2.3480539, -0.70443177, -1.7352147, -0.49365392 ],
		"SV_371" : [ -1.2934062, 0.89897162, -0.056513496, -0.45471838, 0.95004171, 0.29698858, -0.49841514, -0.953197, -0.54542613, -0.85569608 ],
		"SV_372" : [ 0.26546624, -0.99252033, 0.52379882, 1.3293431, 1.0507687, -2.81357, 1.926285, -0.31469777, -1.2196275, -0.98971105 ],
		"SV_373" : [ -1.0566956, 0.96648282, 0.20409265, -0.88885415, 0.17616069, -0.40646628, -1.7673351, -1.246039, 0.13350791, 0.12523249 ],
		"SV_374" : [ -0.96089935, 0.93656027, 1.2497147, -0.81053156, 1.4399695, -0.7330243, -1.6330097, -0.92821193, 0.32492763, -0.99339843 ],
		"SV_375" : [ -0.70057416, 2.0800445, 0.59639513, -2.6172369, -0.029871808, -1.0115858, -5.7583303, -0.29318964, 3.6519935, -1.1051835 ],
		"SV_376" : [ 0.020877792, -0.35164106, -0.69269222, 0.26958191, 0.88389724, 0.092123099, -0.48080707, -1.1299258, -0.27452052, 1.4884285 ],
		"SV_377" : [ -2.3366065, 2.0113034, 1.5096147, -0.54711264, -0.45673352, 1.7375573, -0.89918715, 0.13856679, 0.85651642, 0.91134417 ],
		"SV_378" : [ 2.1573622, -1.6648172, -0.30502591, -0.78710294, -1.1693074, -1.3063257, -3.7750111, -3.3310885, 0.12638137, 2.0389175 ],
		"SV_379" : [ -0.26486078, 0.47752926, -0.43019933, -0.88011789, -1.1913759, 2.6335287, -3.8818994, -1.9245429, 1.6458455, 0.4247368 ],
		"SV_380" : [ 0.26017749, -0.9813351, 0.4499743, 0.98060024, 2.2604039, 0.32980093, 2.5182421, -0.49978101, -2.2717347, 0.74192065 ],
		"SV_381" : [ 2.5491331, -2.9315197, -0.15647644, 1.4791631, 0.98377681, -0.23211409, 1.3635149, -1.5528773, -1.8410834, 0.89918804 ],
		"SV_382" : [ -2.5527935, 2.6878724, 0.74470526, -1.4285877, 0.46848375, 0.041459639, -2.0694275, 0.35793531, 1.568405, -0.031119974 ],
		"SV_383" : [ 0.50028682, -0.96528679, -1.2791994, 1.0168111, -1.4378009, -0.64940554, 0.81146765, -0.52507156, -0.52966505, -1.8255073 ],
		"SV_384" : [ -1.0627546, 0.62363285, 0.65755653, 0.43902555, -0.465157, 0.40016374, -0.10012364, 0.056688745, 0.61911017, 0.34731141 ],
		"SV_385" : [ 0.47641093, 0.55517232, 2.0040114, -1.4396374, -0.087654807, 0.89949882, -1.2898759, 0.80364513, 0.82182348, 0.48554975 ],
		"SV_386" : [ 0.66480899, -0.86028188, -1.2146399, 0.28559083, -1.9581047, -1.2155654, -0.78524834, -1.4378529, -0.28459689, 1.1576428 ],
		"SV_387" : [ 1.2751989, -1.368902, 1.5365704, 0.38196361, -0.21672982, 0.24571575, -0.85543001, -1.6162015, -0.35507476, 0.77141285 ],
		"SV_388" : [ 0.12880616, -0.50114447, -0.4042429, 0.56676805, 0.48016444, -0.15856636, -0.029669689, -0.78275484, -0.20943649, -0.86173517 ],
		"SV_389" : [ -1.8308686, 2.0068083, -1.8253402, -1.2668614, 1.602707, -0.25251317, -3.8393176, -0.86990577, 2.376801, -0.35579008 ],
		"SV_390" : [ 1.6644951, -1.7356421, 0.16734958, 0.41064772, -0.14145236, 2.1680236, -0.82661664, -1.9031984, -0.65336174, 1.6152644 ],
		"SV_391" : [ -2.7567477, 1.7652322, -0.91377711, -0.092354886, -0.15382253, -0.81470698, -0.89732534, -1.3053885, 0.0062689306, -0.44565433 ],
		"SV_392" : [ 1.5240983, -1.4427438, -0.62151194, -0.43343619, -1.9106349, -0.35079315, -2.2138159, -2.9889734, -0.83365303, 1.4824584 ],
		"SV_393" : [ -0.90289545, 0.96696979, -1.1491251, -0.89142418, -1.4135481, 0.31176567, -2.9773564, -1.3895949, 1.2380302, 0.032754 ],
		"SV_394" : [ -0.44570026, 1.124369, -0.38865158, -1.3998693, -1.3635355, 1.5179391, -3.7872822, -0.63191253, 2.2762461, -1.0963638 ],
		"SV_395" : [ 0.68796635, -1.0274737, 0.25359043, 0.63342834, -0.21821681, 0.25818095, 0.056120463, -1.1372135, -0.61281967, 0.95219296 ],
		"SV_396" : [ 0.74210083, -0.85365367, 0.33807802, 0.17713545, 0.70796168, 0.47564033, -1.1272285, -1.5122567, -0.092238076, 1.4986148 ],
		"SV_397" : [ -0.38142559, -0.97201663, -0.45157796, 2.2504597, 0.31946862, -0.8963235, 4.7050304, 0.5778566, -2.4974294, 0.79920489 ],
		"SV_398" : [ -0.47485888, 0.89775288, -0.24211647, -1.044256, -1.4061359, 1.8769516, -3.5455427, -0.96660703, 2.0243859, -1.426875 ],
		"SV_399" : [ 1.6345273, -2.2787194, -1.959134, 1.6350154, -1.0724748, 1.4640749, 2.2042322, -0.94267118, -1.953483, -1.5665251 ],
		"SV_400" : [ 0.48317963, -0.79851913, 0.14096995, 0.50216126, -1.2398604, 0.76098001, -0.19592941, -1.120753, -0.42235008, -1.5634813 ],
		"SV_401" : [ -1.468354, 1.0682584, 0.13367638, -0.44696391, -1.4808012, 0.55113304, -1.6002889, -1.2821065, 0.32920554, -0.60875612 ],
		"SV_402" : [ 1.9202754, -2.1100233, 0.82074147, 0.55557519, 1.1232069, 0.67495465, -0.28074461, -2.180578, -1.3688399, -2.1141891 ],
		"SV_403" : [ -2.5442278, 1.3921787, -0.67232752, 0.64878368, 0.92945135, 0.61107469, 0.098321795, -0.65421873, 0.1209635, -1.1277653 ],
		"SV_404" : [ -2.49178, 1.6778609, 0.93496847, -0.19077259, 1.7283702, 1.0786637, -1.1493056, -1.1724986, 0.2746568, 0.43443975 ]
	},
	"SupportVectorsCoefs" : {
		"SV_coef_0" : [ 1, 0, 0, 1, 1, 0, 1, 0.89014244, 0, 0, 0, 0.33237481, 1, 0, 1, 0.59259146, 0, 1, 0.08897391, 1, 0, 0, 1, 1, 0, 1, 0.23762582, 0, 0, 0, 1, 0.4208135, 1, 1, 0, 1, 1, 1, 0, 0, 0.99192411, 0, 0.9967621, 1, 0, 1, 1, 0, 0, 1, 0, 0.8400237, 0, 0, 1, 0, 1, 0, 0.046650056, 1, 0, 1, 0, 0, 0, 1, 0.11311714, 1, 0, 0, 0, 0, 0.33582649, 1, 0.70959258, 1, 0.42983076, 0.5895611, 0.24295522, 0, 0, 0.54288661, 0.68223417, 0, 0.080888994, 0, 0.92082125, 0, 0, 1, 1, 0, 1, 1, 1, 1, 1, 0, 1, 0.95013577, 0.063298076, 0.17100522, 1, 0, 1, 0, 0.71496725, 0.26360056, 1, 0, 1, 1, -0.15925132, -1, -1, -0, -0, -1, -1, -0, -1, -1, -1, -1, -1, -0, -0, -1, -1, -1, -1, -0.043240622, -1, -0, -0.064010479, -1, -1, -1, -0, -0, -0, -1, -0, -0, -0.60625315, -1, -0.90876138, -0.7710337, -0, -1, -0, -1, -0, -0.91284341, -1, -1, -0, -0, -1, -1, -0, -1, -0.89675647, -1, -0.10558601, -1, -0.95141315, -1, -1, -1, -1, -1, -0.073302343, -1, -0, -0, -1, -0, -0, -1, -1, -0.12948498, -1, -0, -0, -1, -0.080453247, -1, -0, -0.88099653, -0.93937427, -0, -1, -1, -0.076350629, -0.64949155, -1, -1, -1, -1, -0, -1, -1, -1, -1, -0.4912315, -1, -1, -0, -1, -1, -1, -0, -0.30284959, -1, -0, -1, -1, -1, -0.54349822, -1, -1, -1, -0.18804455, -0.16684143, -1, -1, -0.22351688, -0, -0, -0.31446171, -1, -1, -1, -0, -0, -0.44000995, -0.70107669, -1, -0.75093639, -0, -1, -1, -0.68710887, -1, -0, -1, -1, -1, -1, -1, -0.5768255, -0.55712211, -1, -1, -0, -0, -0, -1, -1, -1, -0.2413, -1, -0.71411365, -1, -0.61573148, -1, -0.85929126, -0, -1, -1, -1, -1, -0, -1, -1, -0, -1, -1, -1, -1, -0, -1, -1, -1, -0.19787897, -1, -0.69568652, -1, -0.57797754, -1, -1, -1, -1, -0, -1, -1, -1, -1, -0, -1, -1, -1, -1, -1, -0, -1, -1, -1, -1, -1, -1, -0.62655014, -1, -1, -0.39193752, -1, -1, -1, -1, -1, -1, -1, -1, -1, -1, -1, -1, -0.0025111854, -0, -1, -0.19642542, -0.26445693, -1, -0.63222277, -0.11904489, -0, -1, -1, -1, -0, -0.81767321, -1, -1, -1, -1, -0.70624012, -0.91141135, -1, -1, -0.0030712252, -0.05728652, -0, -1, -1, -0.31175879, -0.40382585, -0.28392223, -0, -1, -0.70445061, -1, -1, -0, -0.15178525, -0, -0.75397199, -1, -1, -0.83547062, -0.27570182, -1, -1, -1, -1, -0.53317654, -1, -0, -1, -0.49833429, -0.26382446, -0, -1, -1, -1, -1, -1, -1, -1, -0, -1, -1, -0.60892475, -0, -0, -1, -1, -0, -1, -0.16075587, -1, -0.31287724, -1, -0, -0.086277723 ],
		"SV_coef_1" : [ 1, 1, 1, 0, 1, 1, 0.95892668, 1, 0.51518226, 1, 0.66017145, 1, 0, 1, 0, 0, 1, 1, 1, 1, 0.2079118, 1, 1, 0.37339738, 0.93968773, 0, 0, 1, 0, 0.26870266, 0, 1, 1, 1, 0, 0.5162155, 0, 1, 0.88669568, 0, 1, 1, 1, 1, 1, 0, 1, 0, 1, 1, 0, 1, 1, 0.14477806, 1, 0, 1, 1, 0.39323953, 1, 1, 1, 1, 1, 0.24962179, 0, 1, 1, 0.39410034, 0, 1, 1, 1, 1, 1, 1, 1, 0.65361106, 0.01678708, 0.49597567, 0.003045531, 0, 0.60181481, 1, 1, 1, 0, 1, 0, 0.29669604, 1, 0.62845588, 1, 0, 1, 1, 1, 0, 1, 0, 0.40059307, 0.68603843, 1, 0, 1, 0.55385423, 1, 1, 1, 0, 1, 0, 0, 1, 1, 0.15275839, 0.010443905, 1, 0.7137956, 0, 1, 0, 1, 1, 1, 0, 0.045583047, 0.55622143, 1, 1, 1, 1, 0, 0.59606278, 0.43417287, 1, 1, 0.97268474, 0.22896068, 0, 1, 1, 0.016459761, 0.3014572, 1, 1, 1, 0, 0.35268602, 0.40941417, 0, 0.50021738, 0.1806668, 1, 1, 1, 1, 1, 1, 1, 0, 1, 0, 1, 0, 1, 0.38125834, 1, 1, 0.49689531, 0, 1, 1, 1, 0, 0, 1, 0, 0, 1, 0.8180455, 0.77999568, 1, 0.65669948, 0.51981276, 1, 0, 1, 0, 0, 0, 0.92802727, 1, 1, 1, 0, 1, 1, 1, 0, -1, -1, -0, -1, -1, -0, -1, -1, -1, -1, -1, -0, -1, -0.052301671, -1, -0.24244882, -0, -0, -1, -1, -0, -0, -0, -1, -0.33005413, -0.56141859, -1, -0, -0, -1, -0.26179069, -1, -1, -0, -1, -0.27508339, -0, -0, -0.027472226, -0.95445174, -1, -1, -1, -0, -0.58115798, -1, -1, -1, -1, -0.62041181, -1, -0, -0, -0, -0, -0.11488418, -1, -1, -0, -0, -1, -0, -0, -0.32786775, -0, -0, -1, -0, -0, -0, -0, -1, -1, -0, -1, -1, -0, -0.6317696, -1, -1, -1, -0, -0.37690741, -1, -1, -0, -1, -0, -1, -0, -0, -0, -0, -1, -0.17322968, -0.6909731, -0, -1, -1, -0.57613063, -0.25396538, -1, -1, -0.50992864, -1, -0, -0, -0.10126518, -1, -1, -1, -0, -0, -0, -1, -0.34052294, -1, -0, -1, -1, -0, -1, -1, -0, -0, -0.76469147, -1, -1, -0, -0.43676174, -1, -0.22146292, -0, -0.32595941, -0, -0, -1, -1, -0, -1, -0, -0, -1, -0, -1, -0, -0.49025148, -0, -0, -1, -1, -0, -0, -0, -0, -0, -0, -1, -1, -0.51494962, -0.77262455, -0.72878033, -0, -1, -1, -0.57638019, -0.29555714, -1, -0, -0.63895231, -0, -0, -0.2292051, -1, -1, -0.035702404, -1, -1, -0.72834849, -0, -0, -0, -1, -0.37457931, -1, -1, -0.85863495, -0, -1, -0.10027823, -0.1110111, -0.29905152, -0, -0.99099886, -0.67209977, -0, -1, -0.011966038, -1, -0, -0.46357358, -0, -0, -1, -0 ],
		"SV_coef_2" : [ 1, 1, 1, 1, 1, 0, 1, 0.35445544, 0, 0, 1, 1, 0.5985114, 1, 1, 1, 0.29601532, 0, 0.4389416, 1, 0, 0, 1, 1, 0, 0, 0.36086801, 1, 1, 0.35158172, 0, 1, 1, 0, 1, 1, 1, 0.77438265, 0.61746639, 1, 1, 1, 0.89884692, 0, 0.098461144, 1, 0.3178378, 1, 0, 1, 1, 0.42080033, 0, 1, 0, 0.77235454, 0, 0, 0, 1, 1, 1, 1, 0, 1, 1, 1, 1, 0, 1, 1, 0.47500402, 1, 0, 0, 0, 1, 0.91915971, 0.22784351, 0.46621266, 1, 0.22544344, 1, 0.016723175, 1, 0, 0, 1, 1, 1, 1, 0, 1, 1, 1, 0, 1, 1, 1, 1, 0, 0, 1, 0.037385773, 1, 0, 0.37266356, 1, 1, 1, 1, 0.87293011, 1, 1, 1, 0, 0, 1, 1, 0.044328924, 0.32446089, 0.17439379, 0, 0, 1, 1, 0, 1, 0.62073833, 1, 0, 0, 1, 0, 0, 1, 1, 0, 0.0029087001, 1, 0, 1, 0, 0, 0.21051937, 0, 0.017261526, 0, 0, 1, 0.26912248, 1, 0, 0, 1, 1, 0, 0, 1, 0, 0.37896475, 1, 1, 0, 1, 1, 0, 0.8644523, 1, 1, 0, 1, 0, 1, 0.72759271, 0.55618417, 1, 1, 1, 1, 1, 0, 0, 0.051079832, 0.35152945, 0, 1, 1, 1, 1, 0, 0, 1, 1, 0, 1, 1, 1, 1, 1, 0, 1, 0, 0.93536985, 0, 0, 1, 0.602202, 0, 1, 0.54510486, 0, 0, 1, 0, 0.20520468, 0, 0, 1, 0.14553459, 1, 1, 0.80190468, 0, 0, 1, 1, 0, 1, 0, 0.94121701, 1, 0.24280933, 1, 0, 0.17735735, 0.25043097, 1, 1, 1, 0, 0, 0.32708687, 0, 0, 0, 1, 0.085879274, 1, 1, 1, 0, 1, 1, 1, 0, 0, 0, 1, 0, 1, 0, 0, 0, 0, 1, 1, 0, 1, 0, 0, 0.41887781, 1, 0.084620737, 1, 1, 1, 0.24497917, 1, 1, 0.46401632, 0.047052998, 0.29179025, 1, 1, 1, 1, 0, 1, 0.92776644, 0.20376562, 1, 0, 0, 0.19355644, 1, 0, 1, 0.4875941, 0.25336418, 0.36016658, 1, 0.34524673, -1, -1, -0.34706414, -0, -0.36925089, -1, -0.57422554, -0, -1, -0, -0, -1, -1, -1, -0, -0.84586823, -1, -1, -1, -1, -1, -0, -0.21731235, -0.015335763, -1, -1, -0, -0.83648711, -1, -0.024619257, -1, -0, -1, -0, -1, -0, -0.8446281, -0.52621514, -0, -1, -0.81677997, -1, -1, -0, -1, -0, -1, -0, -0.14309144, -0.65392637, -0, -0.37168103, -0.054761443, -1, -0, -0.093839444, -0, -0, -1, -1, -0, -0, -0.11843906, -0.012202239, -0, -0.30927002, -0.90448189, -0.34391147, -1, -1, -1, -1, -0, -0, -0.88430059, -0.92291427, -1, -1, -0.29721546, -0, -1, -0.13547042, -1, -1, -0.3408066, -0, -0, -1, -0.083708346, -1, -0, -0, -0, -0, -0.62492341, -0.56625646, -0.042341139, -1, -0.26157168, -1, -0, -0 ]
	},
	"rho" : [ -0.35010847, 0.33884379, -0.39919904, 0.1871208, 0.071590081, -0.12211259 ],
	"nSV" : [ 112, 88, 103, 102 ],
	"probA" : [ -2.2744949, -1.9963973, -3.4703515, -2.0365796, -2.3040702, -2.8775189 ],
	"probB" : [ 0.2275295, -0.034839697, -0.015036983, 0.099133499, -0.22202544, -0.30283642 ],
	"n_iter" : [ 182, 264, 284, 203, 172, 272 ],
	"sv_ind" : [ 0, 4, 9, 11, 13, 22, 24, 38, 44, 50, 55, 68, 73, 78, 82, 83, 88, 93, 96, 99, 105, 109, 117, 127, 132, 143, 147, 152, 155, 159, 169, 170, 174, 175, 185, 186, 198, 204, 209, 212, 215, 216, 222, 238, 239, 250, 262, 276, 282, 285, 289, 292, 296, 298, 301, 302, 304, 308, 316, 319, 320, 324, 327, 328, 329, 335, 339, 341, 351, 352, 353, 356, 359, 365, 371, 372, 375, 379, 380, 392, 394, 401, 402, 405, 408, 410, 413, 418, 423, 430, 432, 433, 435, 439, 440, 443, 448, 451, 455, 461, 468, 476, 479, 482, 483, 490, 498, 500, 501, 505, 506, 510, 2, 5, 15, 17, 19, 28, 33, 35, 37, 47, 51, 53, 54, 58, 62, 69, 70, 80, 90, 100, 102, 108, 113, 118, 119, 120, 121, 122, 128, 129, 133, 134, 145, 158, 181, 183, 190, 214, 219, 231, 233, 236, 237, 243, 244, 247, 252, 254, 261, 265, 266, 269, 271, 274, 275, 278, 286, 287, 297, 305, 306, 309, 318, 330, 331, 334, 336, 342, 346, 361, 366, 369, 384, 388, 391, 406, 407, 409, 416, 422, 425, 426, 428, 436, 452, 457, 469, 499, 16, 26, 31, 34, 36, 40, 42, 46, 48, 49, 66, 67, 71, 77, 79, 89, 91, 101, 111, 115, 124, 131, 140, 141, 146, 149, 153, 160, 161, 165, 166, 167, 171, 193, 194, 195, 196, 203, 213, 218, 221, 223, 225, 226, 235, 248, 249, 251, 255, 257, 260, 263, 264, 270, 272, 273, 291, 295, 299, 300, 303, 310, 311, 313, 321, 350, 358, 360, 363, 368, 370, 377, 382, 383, 386, 387, 389, 393, 397, 399, 404, 412, 421, 437, 438, 444, 460, 464, 465, 466, 472, 474, 484, 485, 486, 491, 492, 495, 496, 497, 503, 504, 507, 1, 18, 23, 25, 27, 30, 41, 45, 52, 60, 72, 74, 75, 76, 81, 84, 87, 92, 97, 98, 103, 106, 107, 112, 114, 126, 135, 136, 137, 144, 148, 150, 151, 157, 162, 168, 172, 176, 177, 178, 180, 182, 188, 189, 197, 201, 206, 208, 210, 211, 217, 227, 228, 230, 245, 246, 253, 277, 280, 290, 293, 294, 307, 312, 314, 325, 326, 343, 344, 347, 348, 355, 357, 364, 367, 374, 376, 390, 396, 400, 403, 411, 415, 417, 427, 431, 441, 445, 447, 449, 450, 453, 458, 459, 463, 470, 471, 473, 480, 481, 487, 502 ]
}
}
TREE_JSON_DUMP_END
MCU_DEPLOY_CLASSIFICATION_CODE step 6
MCU_DEPLOY_CLASSIFICATION_CODE step 7
MLLITE_AUTO_DEPLOY_FOURCLASS_10_MEDIUM_APPLY_OUTPUT_CLASS  [ 2, 0, 1, 3, 2,  ... , 1, 1, 1, 0, 1 ]
MLLITE_AUTO_DEPLOY_FOURCLASS_10_MEDIUM_APPLY_OUTPUT_PROBA 0 [ 0.25936127, 0.038270302, 0.67434472, 0.028023891 ]
MLLITE_AUTO_DEPLOY_FOURCLASS_10_MEDIUM_APPLY_OUTPUT_PROBA 1 [ 0.50055581, 0.032921039, 0.18400978, 0.28251347 ]
MLLITE_AUTO_DEPLOY_FOURCLASS_10_MEDIUM_APPLY_OUTPUT_PROBA 2 [ 0.034049872, 0.76629442, 0.040391676, 0.15926403 ]
MLLITE_AUTO_DEPLOY_FOURCLASS_10_MEDIUM_APPLY_OUTPUT_PROBA 3 [ 0.035398897, 0.058042813, 0.028121609, 0.87843674 ]
MLLITE_AUTO_DEPLOY_FOURCLASS_10_MEDIUM_APPLY_OUTPUT_PROBA 4 [ 0.057302225, 0.015465712, 0.91896909, 0.0082629127 ]
...
MLLITE_AUTO_DEPLOY_FOURCLASS_10_MEDIUM_APPLY_OUTPUT_PROBA 507 [ 0.13137166, 0.41658136, 0.42951569, 0.022531092 ]
MLLITE_AUTO_DEPLOY_FOURCLASS_10_MEDIUM_APPLY_OUTPUT_PROBA 508 [ 0.030512758, 0.86446506, 0.10033186, 0.004690262 ]
MLLITE_AUTO_DEPLOY_FOURCLASS_10_MEDIUM_APPLY_OUTPUT_PROBA 509 [ 0.012265592, 0.94490522, 0.018073965, 0.024755331 ]
MLLITE_AUTO_DEPLOY_FOURCLASS_10_MEDIUM_APPLY_OUTPUT_PROBA 510 [ 0.78781021, 0.14842755, 0.032683667, 0.03107878 ]
MLLITE_AUTO_DEPLOY_FOURCLASS_10_MEDIUM_APPLY_OUTPUT_PROBA 511 [ 0.017350879, 0.95641738, 0.015928905, 0.01030277 ]
MLLITE_AUTO_DEPLOY_FOURCLASS_10_MEDIUM_CLASS_PERFS { "count" : 512, "precision" : 0.84375,  "AUC" : [ 0.9531011, 0.95550364, 0.93893129, 0.97277737 ] }
This will be printed
MCU_DEPLOY_CLASSIFICATION_CODE step 8
MCU_DEPLOY_CLASSIFICATION_CODE done
MLLITE_MCU_TIMER_OPERATION_ELAPSED_SECONDS 'MLLITE.MCU_DEPLOY.CLASSIFICATION.Vapnik_SVC_RBF.FOURCLASS_10_MEDIUM' 1
MLLITE_MCU_TIMER_OPERATION_END 'MLLITE.MCU_DEPLOY.CLASSIFICATION.Vapnik_SVC_RBF.FOURCLASS_10_MEDIUM' [ 'Tue Jan 23 09:44:24 2024' ]
MCU_DEPLOY_ON_TARGET_X86_64_END
