MCU_DEPLOY_ON_TARGET_X86_64_START
MLLITE_MCU_TIMER_OPERATION_START 'MLLITE.MCU_DEPLOY.CLASSIFICATION.Rosenblatt_MLP.CENSUS_ORIGINAL' [ 'Sat Feb  3 23:18:09 2024' ]
MLLite starting
MCU_DEPLOY_CLASSIFICATION_CODE CREATE_DATASET_STEP
MCU_DEPLOY_CLASSIFICATION_CODE CREATE_MODEL_STEP
MCU_DEPLOY_CLASSIFICATION_MODEL_OPTIONS
{  "hidden_layer_sizes" : [ 4, 6 ], "activation" : "relu", "solver" : "adam", "alpha" : 9.9999997e-05, "batch_size" : null, "learning_rate" : "constant", "learning_rate_init" : 0.001, "power_t" : 0.5, "max_iter" : 32, "shuffle" : 1, "random_state" : 1789, "tol" : 9.9999997e-05, "verbose" : 0, "warm_start" : 0, "momentum" : 0.89999998, "nesterovs_momentum" : 1, "early_stopping" : 0, "validation_fraction" : 0.1, "beta_1" : 0.89999998, "beta_2" : 0.99900001, "epsilon" : 9.9999999e-09, "n_iter_no_change" : 10, "max_fun" : 15000 }
MCU_DEPLOY_CLASSIFICATION_CODE FIT_MODEL_STEP
PROGRESS_REPORT_ELAPSED_TOTAL 'MLP_MODEL_FIT' 1 3
PROGRESS_REPORT_ELAPSED_TOTAL 'MLP_MODEL_FIT' 2 3
PROGRESS_REPORT_ELAPSED_TOTAL 'MLP_MODEL_FIT_BACK_PROP_ITERATION' 3 32
PROGRESS_REPORT_ELAPSED_TOTAL 'MLP_MODEL_FIT_BACK_PROP_ITERATION' 6 32
PROGRESS_REPORT_ELAPSED_TOTAL 'MLP_MODEL_FIT_BACK_PROP_ITERATION' 9 32
PROGRESS_REPORT_ELAPSED_TOTAL 'MLP_MODEL_FIT_BACK_PROP_ITERATION' 12 32
PROGRESS_REPORT_ELAPSED_TOTAL 'MLP_MODEL_FIT_BACK_PROP_ITERATION' 15 32
PROGRESS_REPORT_ELAPSED_TOTAL 'MLP_MODEL_FIT_BACK_PROP_ITERATION' 18 32
PROGRESS_REPORT_ELAPSED_TOTAL 'MLP_MODEL_FIT_BACK_PROP_ITERATION' 21 32
PROGRESS_REPORT_ELAPSED_TOTAL 'MLP_MODEL_FIT_BACK_PROP_ITERATION' 24 32
PROGRESS_REPORT_ELAPSED_TOTAL 'MLP_MODEL_FIT_BACK_PROP_ITERATION' 27 32
PROGRESS_REPORT_ELAPSED_TOTAL 'MLP_MODEL_FIT_BACK_PROP_ITERATION' 30 32
PROGRESS_REPORT_ELAPSED_TOTAL 'MLP_MODEL_FIT_BACK_PROP_ITERATION' 32 32
PROGRESS_REPORT_ELAPSED_TOTAL 'MLP_MODEL_FIT' 3 3
MCU_DEPLOY_CLASSIFICATION_CODE MODEL_JSON_EXPORT_STEP
MODEL_JSON_DUMP_START
{
	"metadata" : { "model" : "Rosenblatt_MLP", "version" : "2024-W04"},
	"options" : {  "hidden_layer_sizes" : [ 4, 6 ], "activation" : "relu", "solver" : "adam", "alpha" : 9.9999997e-05, "batch_size" : null, "learning_rate" : "constant", "learning_rate_init" : 0.001, "power_t" : 0.5, "max_iter" : 32, "shuffle" : 1, "random_state" : 1789, "tol" : 9.9999997e-05, "verbose" : 0, "warm_start" : 0, "momentum" : 0.89999998, "nesterovs_momentum" : 1, "early_stopping" : 0, "validation_fraction" : 0.1, "beta_1" : 0.89999998, "beta_2" : 0.99900001, "epsilon" : 9.9999999e-09, "n_iter_no_change" : 10, "max_fun" : 15000 },
	"dataset" : { "dataset_rows" : 48842, "dataset_features" : 14 },
	"classes" : [ "<=50K", ">50K" ],
	"layers" : {
		"sizes" : [ 14, 4, 6, 1 ],
		"Layer_0" : {
			"name" : "Input_Layer",
			"NbInputs" : 0,
			"NbOutputs" : 14 
		},
		"Layer_1" : {
			"name" : "Hidden_Layer_1",
			"NbInputs" : 14,
			"NbOutputs" : 4 ,
			"coeffs_00" : [ -1.3682374, -0.99549216, 1.0659362, -0.019551974 ],
			"coeffs_01" : [ -3.6460858e-37, -5.5906271e-37, 7.2478282e-37, -4.8209071e-37 ],
			"coeffs_02" : [ 0.44462699, 0.07630349, 0.50949323, -0.020109624 ],
			"coeffs_03" : [ 6.4499544e-37, -5.6810128e-37, 6.3886184e-37, -4.7537066e-37 ],
			"coeffs_04" : [ -0.31055471, -0.87776083, 0.2999157, -0.088972501 ],
			"coeffs_05" : [ -2.1503719e-37, -6.1332596e-37, -9.6663283e-38, -4.0749553e-37 ],
			"coeffs_06" : [ -7.2363564e-37, -6.3818666e-37, -3.0365102e-37, 5.4173042e-37 ],
			"coeffs_07" : [ -6.6449107e-37, 6.8885007e-37, -5.8572222e-37, -9.5877765e-37 ],
			"coeffs_08" : [ -5.9617757e-37, -4.4332303e-37, -8.4993788e-37, -6.2741876e-37 ],
			"coeffs_09" : [ -4.5799124e-37, 5.3969874e-37, -4.9841339e-37, 3.754601e-37 ],
			"coeffs_10" : [ -6.044775, -5.2140388, 5.8017921, 0.08001668 ],
			"coeffs_11" : [ -4.3923249, -4.4044552, 4.2369285, -0.015129131 ],
			"coeffs_12" : [ -0.41047305, -0.28910428, 1.2198575, -0.05615006 ],
			"coeffs_13" : [ 4.1677993e-37, 5.3805771e-37, -4.5183149e-37, -3.9328273e-37 ],
			"intercepts" : [ 0.21519618, 0.086886019, 0.010936269, 0.30959833 ]
		},
		"Layer_2" : {
			"name" : "Hidden_Layer_2",
			"NbInputs" : 4,
			"NbOutputs" : 6 ,
			"coeffs_0" : [ -6.1633236e-37, 0.1378662, -0.011811289, 0.39779648, -5.935964e-37, 0.49447203 ],
			"coeffs_1" : [ -5.6599647e-37, -0.66679728, 0.030410102, 0.68222326, 2.6690243e-37, -0.68172836 ],
			"coeffs_2" : [ 3.1177371e-37, 0.77694923, -0.018541852, 0.26132363, 4.5594629e-37, 0.41894031 ],
			"coeffs_3" : [ 6.3573104e-37, -0.023268672, 4.0474298e-37, 0.10122477, 6.2394292e-37, -0.020322196 ],
			"intercepts" : [ -0.68768239, 0.33318248, -0.0028415013, -0.10089155, -0.5688529, -0.68120807 ]
		},
		"Layer_3" : {
			"name" : "Output_Layer",
			"NbInputs" : 6,
			"NbOutputs" : 1 ,
			"coeffs_0" : [ -5.4519622e-37 ],
			"coeffs_1" : [ 0.86871332 ],
			"coeffs_2" : [ -0.013946366 ],
			"coeffs_3" : [ -0.14488333 ],
			"coeffs_4" : [ 4.4086087e-37 ],
			"coeffs_5" : [ -0.78891093 ],
			"intercepts" : [ 0.25560212 ]
		}
	}
}
MODEL_JSON_DUMP_END
MCU_DEPLOY_CLASSIFICATION_CODE MODEL_PREDICT_STEP
MLLITE_AUTO_DEPLOY_CENSUS_ORIGINAL_APPLY_OUTPUT_CLASS  [ "<=50K", "<=50K", "<=50K", "<=50K", "<=50K",  ... , "<=50K", "<=50K", "<=50K", "<=50K", "<=50K" ]
MCU_DEPLOY_CLASSIFICATION_CODE MODEL_PREDICT_PROBA_STEP
MLLITE_AUTO_DEPLOY_CENSUS_ORIGINAL_APPLY_OUTPUT_PROBA 0 [ 0.99999672, 3.2887492e-06 ]
MLLITE_AUTO_DEPLOY_CENSUS_ORIGINAL_APPLY_OUTPUT_PROBA 1 [ 1, 4.663061e-09 ]
MLLITE_AUTO_DEPLOY_CENSUS_ORIGINAL_APPLY_OUTPUT_PROBA 2 [ 1, 3.3688456e-28 ]
MLLITE_AUTO_DEPLOY_CENSUS_ORIGINAL_APPLY_OUTPUT_PROBA 3 [ 1, 9.0290793e-31 ]
MLLITE_AUTO_DEPLOY_CENSUS_ORIGINAL_APPLY_OUTPUT_PROBA 4 [ 1, 0 ]
...
MLLITE_AUTO_DEPLOY_CENSUS_ORIGINAL_APPLY_OUTPUT_PROBA 48837 [ 1, 1.2813606e-27 ]
MLLITE_AUTO_DEPLOY_CENSUS_ORIGINAL_APPLY_OUTPUT_PROBA 48838 [ 1, 0 ]
MLLITE_AUTO_DEPLOY_CENSUS_ORIGINAL_APPLY_OUTPUT_PROBA 48839 [ 1, 0 ]
MLLITE_AUTO_DEPLOY_CENSUS_ORIGINAL_APPLY_OUTPUT_PROBA 48840 [ 0.99996305, 3.6980677e-05 ]
MLLITE_AUTO_DEPLOY_CENSUS_ORIGINAL_APPLY_OUTPUT_PROBA 48841 [ 1, 4.4056802e-23 ]
MCU_DEPLOY_CLASSIFICATION_CODE MODEL_COMPUTE_PERF_STEP
MLLITE_AUTO_DEPLOY_CENSUS_ORIGINAL_CLASS_PERFS { "count" : 48842, "precision" : 0.7627247,  "AUC" : [ 0.038636658, 0.038636658 ] }
This will be printed
MCU_DEPLOY_CLASSIFICATION_CODE ALL_STEPS_OK
MCU_DEPLOY_CLASSIFICATION_CODE done
MLLITE_MCU_TIMER_OPERATION_ELAPSED_SECONDS 'MLLITE.MCU_DEPLOY.CLASSIFICATION.Rosenblatt_MLP.CENSUS_ORIGINAL' 81
MLLITE_MCU_TIMER_OPERATION_END 'MLLITE.MCU_DEPLOY.CLASSIFICATION.Rosenblatt_MLP.CENSUS_ORIGINAL' [ 'Sat Feb  3 23:19:30 2024' ]
MCU_DEPLOY_ON_TARGET_X86_64_END
EXECUTION_TIME_DETAIL = {'CMD':'timeout 180 ./x86_64/classification/x86_64_classification_mlp_census_original.exe', 'ElapsedTimeSecs':(80.63, 0.01, 80.62), 'MAX_MEM_KB':21036, 'CPU_PRCNT':'99%', 'FILES_IN':0, 'FILES_OUT':24, 'EXIT_STATUS':0}
