MCU_DEPLOY_ON_TARGET_X86_64_START
MLLITE_MCU_TIMER_OPERATION_START 'MLLITE.MCU_DEPLOY.CLASSIFICATION.Tikhonov_Ridge.DIGITS_MEDIUM' [ 'Sat Feb  3 23:18:09 2024' ]
MLLite starting
MCU_DEPLOY_CLASSIFICATION_CODE CREATE_DATASET_STEP
MCU_DEPLOY_CLASSIFICATION_CODE CREATE_MODEL_STEP
MCU_DEPLOY_CLASSIFICATION_MODEL_OPTIONS
{ "alpha" : 0.0099999998, "random_state" : 1789 }
MCU_DEPLOY_CLASSIFICATION_CODE FIT_MODEL_STEP
PROGRESS_REPORT_ELAPSED_TOTAL 'RIDGE_CLASSIFIER_FIT' 1 12
PROGRESS_REPORT_ELAPSED_TOTAL 'RIDGE_CLASSIFIER_FIT' 2 12
PROGRESS_REPORT_ELAPSED_TOTAL 'CHOLESKY_SOLVER' 1 6
PROGRESS_REPORT_ELAPSED_TOTAL 'CHOLESKY_SOLVER' 2 6
PROGRESS_REPORT_ELAPSED_TOTAL 'CHOLESKY_SOLVER' 3 6
PROGRESS_REPORT_ELAPSED_TOTAL 'CHOLESKY_SOLVER' 4 6
PROGRESS_REPORT_ELAPSED_TOTAL 'CHOLESKY_SOLVER' 5 6
PROGRESS_REPORT_ELAPSED_TOTAL 'CHOLESKY_SOLVER' 6 6
PROGRESS_REPORT_ELAPSED_TOTAL 'RIDGE_CLASSIFIER_FIT' 3 12
PROGRESS_REPORT_ELAPSED_TOTAL 'CHOLESKY_SOLVER' 1 6
PROGRESS_REPORT_ELAPSED_TOTAL 'CHOLESKY_SOLVER' 2 6
PROGRESS_REPORT_ELAPSED_TOTAL 'CHOLESKY_SOLVER' 3 6
PROGRESS_REPORT_ELAPSED_TOTAL 'CHOLESKY_SOLVER' 4 6
PROGRESS_REPORT_ELAPSED_TOTAL 'CHOLESKY_SOLVER' 5 6
PROGRESS_REPORT_ELAPSED_TOTAL 'CHOLESKY_SOLVER' 6 6
PROGRESS_REPORT_ELAPSED_TOTAL 'RIDGE_CLASSIFIER_FIT' 4 12
PROGRESS_REPORT_ELAPSED_TOTAL 'CHOLESKY_SOLVER' 1 6
PROGRESS_REPORT_ELAPSED_TOTAL 'CHOLESKY_SOLVER' 2 6
PROGRESS_REPORT_ELAPSED_TOTAL 'CHOLESKY_SOLVER' 3 6
PROGRESS_REPORT_ELAPSED_TOTAL 'CHOLESKY_SOLVER' 4 6
PROGRESS_REPORT_ELAPSED_TOTAL 'CHOLESKY_SOLVER' 5 6
PROGRESS_REPORT_ELAPSED_TOTAL 'CHOLESKY_SOLVER' 6 6
PROGRESS_REPORT_ELAPSED_TOTAL 'RIDGE_CLASSIFIER_FIT' 5 12
PROGRESS_REPORT_ELAPSED_TOTAL 'CHOLESKY_SOLVER' 1 6
PROGRESS_REPORT_ELAPSED_TOTAL 'CHOLESKY_SOLVER' 2 6
PROGRESS_REPORT_ELAPSED_TOTAL 'CHOLESKY_SOLVER' 3 6
PROGRESS_REPORT_ELAPSED_TOTAL 'CHOLESKY_SOLVER' 4 6
PROGRESS_REPORT_ELAPSED_TOTAL 'CHOLESKY_SOLVER' 5 6
PROGRESS_REPORT_ELAPSED_TOTAL 'CHOLESKY_SOLVER' 6 6
PROGRESS_REPORT_ELAPSED_TOTAL 'RIDGE_CLASSIFIER_FIT' 6 12
PROGRESS_REPORT_ELAPSED_TOTAL 'CHOLESKY_SOLVER' 1 6
PROGRESS_REPORT_ELAPSED_TOTAL 'CHOLESKY_SOLVER' 2 6
PROGRESS_REPORT_ELAPSED_TOTAL 'CHOLESKY_SOLVER' 3 6
PROGRESS_REPORT_ELAPSED_TOTAL 'CHOLESKY_SOLVER' 4 6
PROGRESS_REPORT_ELAPSED_TOTAL 'CHOLESKY_SOLVER' 5 6
PROGRESS_REPORT_ELAPSED_TOTAL 'CHOLESKY_SOLVER' 6 6
PROGRESS_REPORT_ELAPSED_TOTAL 'RIDGE_CLASSIFIER_FIT' 7 12
PROGRESS_REPORT_ELAPSED_TOTAL 'CHOLESKY_SOLVER' 1 6
PROGRESS_REPORT_ELAPSED_TOTAL 'CHOLESKY_SOLVER' 2 6
PROGRESS_REPORT_ELAPSED_TOTAL 'CHOLESKY_SOLVER' 3 6
PROGRESS_REPORT_ELAPSED_TOTAL 'CHOLESKY_SOLVER' 4 6
PROGRESS_REPORT_ELAPSED_TOTAL 'CHOLESKY_SOLVER' 5 6
PROGRESS_REPORT_ELAPSED_TOTAL 'CHOLESKY_SOLVER' 6 6
PROGRESS_REPORT_ELAPSED_TOTAL 'RIDGE_CLASSIFIER_FIT' 8 12
PROGRESS_REPORT_ELAPSED_TOTAL 'CHOLESKY_SOLVER' 1 6
PROGRESS_REPORT_ELAPSED_TOTAL 'CHOLESKY_SOLVER' 2 6
PROGRESS_REPORT_ELAPSED_TOTAL 'CHOLESKY_SOLVER' 3 6
PROGRESS_REPORT_ELAPSED_TOTAL 'CHOLESKY_SOLVER' 4 6
PROGRESS_REPORT_ELAPSED_TOTAL 'CHOLESKY_SOLVER' 5 6
PROGRESS_REPORT_ELAPSED_TOTAL 'CHOLESKY_SOLVER' 6 6
PROGRESS_REPORT_ELAPSED_TOTAL 'RIDGE_CLASSIFIER_FIT' 9 12
PROGRESS_REPORT_ELAPSED_TOTAL 'CHOLESKY_SOLVER' 1 6
PROGRESS_REPORT_ELAPSED_TOTAL 'CHOLESKY_SOLVER' 2 6
PROGRESS_REPORT_ELAPSED_TOTAL 'CHOLESKY_SOLVER' 3 6
PROGRESS_REPORT_ELAPSED_TOTAL 'CHOLESKY_SOLVER' 4 6
PROGRESS_REPORT_ELAPSED_TOTAL 'CHOLESKY_SOLVER' 5 6
PROGRESS_REPORT_ELAPSED_TOTAL 'CHOLESKY_SOLVER' 6 6
PROGRESS_REPORT_ELAPSED_TOTAL 'RIDGE_CLASSIFIER_FIT' 10 12
PROGRESS_REPORT_ELAPSED_TOTAL 'CHOLESKY_SOLVER' 1 6
PROGRESS_REPORT_ELAPSED_TOTAL 'CHOLESKY_SOLVER' 2 6
PROGRESS_REPORT_ELAPSED_TOTAL 'CHOLESKY_SOLVER' 3 6
PROGRESS_REPORT_ELAPSED_TOTAL 'CHOLESKY_SOLVER' 4 6
PROGRESS_REPORT_ELAPSED_TOTAL 'CHOLESKY_SOLVER' 5 6
PROGRESS_REPORT_ELAPSED_TOTAL 'CHOLESKY_SOLVER' 6 6
PROGRESS_REPORT_ELAPSED_TOTAL 'RIDGE_CLASSIFIER_FIT' 11 12
PROGRESS_REPORT_ELAPSED_TOTAL 'CHOLESKY_SOLVER' 1 6
PROGRESS_REPORT_ELAPSED_TOTAL 'CHOLESKY_SOLVER' 2 6
PROGRESS_REPORT_ELAPSED_TOTAL 'CHOLESKY_SOLVER' 3 6
PROGRESS_REPORT_ELAPSED_TOTAL 'CHOLESKY_SOLVER' 4 6
PROGRESS_REPORT_ELAPSED_TOTAL 'CHOLESKY_SOLVER' 5 6
PROGRESS_REPORT_ELAPSED_TOTAL 'CHOLESKY_SOLVER' 6 6
PROGRESS_REPORT_ELAPSED_TOTAL 'RIDGE_CLASSIFIER_FIT' 12 12
MCU_DEPLOY_CLASSIFICATION_CODE MODEL_JSON_EXPORT_STEP
MODEL_JSON_DUMP_START
{
	"metadata" : { "model" : "Tikhonov_Ridge", "version" : "2024-W04"},
	"options" : { "alpha" : 0.0099999998, "random_state" : 1789 },
	"dataset" : { "dataset_rows" : 512, "dataset_features" : 64 },
	"classes" : [ 0, 1, 2, 3, 4, 5, 6, 7, 8, 9 ],
	"equations" : {
		"class_0" : {
			"intercept" : -0.56929827,
			"coeffs" : [ 0, -0.031769965, -0.047981914, 0.029960001, -0.012927669, 0.01634904, -0.010558398, 0.035631143, 0, -0.0056947721, -0.0025651837, 0.0043027489, 0.026530717, 0.0082144029, -0.0093059139, -0.0080069164, 0, 0.018943597, 0.011862759, -0.0063258614, 0.0046012569, 0.011450513, 0.0076589733, -1.3367647, -19.921677, 0.0062053008, -0.0027868811, -0.0072914707, -0.023509067, -0.015664969, 0.056748096, 0, 0, 0.010516997, 0.010457992, -0.020488027, -0.015155608, -0.030107338, 0.014289845, 0, 0, 0.019331206, 0.008414668, -0.016835999, -0.0032899317, 0.0038551146, 0.049525868, -39.843353, -0.096602842, -0.011755868, -0.0047453726, 0.012732428, 0.004585281, 0.0193465, -0.050646242, 0.028245434, -19.921677, -0.087841235, 0.037759759, -0.021580976, 0.0028585226, -0.013046751, 0.023066318, 0.029721074 ]
		},
		"class_1" : {
			"intercept" : -0.9101333,
			"coeffs" : [ 0, -0.08567588, 0.025019731, 0.028544573, -0.020806182, 0.027094567, -0.0038490563, 0.019132752, 0, 0.0072266585, -0.019587398, -0.011199206, 0.0078896638, 0.021229589, -0.015856203, -0.010275714, 0, -0.019801594, -0.011567879, 0.0043372363, 0.031703103, -0.01437865, 0.00030986959, -1.0607673, -20.312298, 0.042536959, 0.015770918, 0.016109237, -0.013573221, 0.0072006905, -0.0073327324, 0, 0, 0.0025182168, 0.0025150124, -0.0071731512, 0.0082070474, -0.0054218546, -0.014805188, 0, 0, -0.04255547, 0.0030149324, -0.0013273595, 0.01032529, -0.008267682, -0.0032175123, -40.624596, 0.069882475, -0.028014893, 0.0012681305, -0.0058400873, 0.026227932, 0.00088146736, -0.012206251, -0.12057231, -20.312298, -0.032415919, -0.044401743, -0.0043593328, -0.024609553, 0.054988757, -0.032522559, 0.18731862 ]
		},
		"class_2" : {
			"intercept" : -0.75331342,
			"coeffs" : [ 0, 0.010249264, -0.0026161755, -0.010828942, -0.0098238513, -0.0080811027, -0.0031848866, -0.015564307, 0, 0.00058400101, 0.030001502, -0.0040358687, 0.0068090656, -0.01695182, 0.0038566855, 0.067134053, 0, 0.0072725196, -0.011690856, -0.00015419966, -0.0066781472, 0.00634111, 0.0094790151, -1.0381223, -20.312298, -0.0041299895, -0.0041258754, -0.026363213, 0.013359201, -0.014119295, -0.0096123731, 0, 0, 0.0028441451, -0.0079150693, 0.00046237174, -0.0034409408, 0.01827706, -0.012057539, 0, 0, 0.037606195, -0.0055768192, 0.020624517, -0.030982072, -0.043809123, -0.063795686, -40.624596, 0.85789514, 0.0030528116, -0.0017642735, 0.0077816388, 0.034001447, 0.011197947, -0.0069287289, 0.22427154, 179.6857, 0.046304461, 0.0022388343, -0.0067178514, 0.011204014, 0.038309269, 0.03073138, -0.091317713 ]
		},
		"class_3" : {
			"intercept" : -0.57034433,
			"coeffs" : [ 0, 0.17830972, -0.02488495, 0.018746369, 0.01171455, -0.0010123937, -0.034581657, -0.010644697, 0, 0.010977574, 0.0084149214, 0.0017604539, -0.011446879, -0.0052616014, 0.030302223, 0.045200609, 0, -0.041674092, -0.042375635, -0.021331297, 0.030317206, -0.012273317, 0.014613417, -1.0557959, -20.702919, 0.032074902, -0.01683243, 0.0031227663, -0.013021793, -0.0084821116, -0.024651539, 0, 0, -0.0044584316, 0.0021850674, -0.028776366, 0.026531434, 0.015000228, -0.033012714, 0, 0, -0.033284467, -0.0032327126, -0.0037102229, -0.015811285, 0.0097172102, 0.040940598, -41.405838, -0.26133355, 0.012834528, 0.0044951872, 0.00099713693, 0.0057721455, 0.017338771, -0.014299711, -0.073721856, -20.702919, 0.16814755, 0.0084772734, 0.010311829, 0.024299281, -0.021759601, -0.01872161, -0.0039716437 ]
		},
		"class_4" : {
			"intercept" : -0.45588461,
			"coeffs" : [ 0, -0.071573183, 0.042223547, -0.036670361, 0.02510263, -0.036406428, 0.00025936338, 0.024601039, 0, 0.036913507, -0.023202403, -0.0047390442, -0.024226159, -0.022163816, 0.0073348186, -0.039190281, 0, 0.013373334, 0.0043888865, 0.018678917, -0.0057431269, 0.0036417064, -0.02489372, 0.24493641, 180.07632, -0.020981465, 0.011954066, -0.022922486, 0.015720626, -0.0001626094, 0.037465926, 0, 0, 0.047777668, -0.016835336, 0.0090180757, 0.0069524543, 0.0036829514, 0.037124522, 0, 0, 0.044614553, -0.0068310872, 0.013114584, 0.0021467181, 0.025879305, -0.031275202, -39.843353, 0.033497617, -0.0057593631, -0.0052178968, -0.01780585, 0.0040889326, -0.032526482, 0.0085149193, 0.0029394105, -19.921677, -0.055538706, -0.013206309, 0.0017922344, 0.021103473, -0.02296471, -0.0037377574, -0.032616414 ]
		},
		"class_5" : {
			"intercept" : -0.72245741,
			"coeffs" : [ 0, 0.20853867, -0.0001205384, -0.015955558, -0.0099409176, 0.013257623, 0.056459013, -0.077879786, 0, -0.039247025, 0.034210712, -0.0050626672, 0.032839324, 0.0068681012, -0.029238673, 0.096036069, 0, 0.0081345579, -0.0047729155, 0.0086190067, -0.042178929, -0.019041242, -0.041784979, -1.2814555, -20.312298, 0.0099343527, 0.014910384, 0.013797253, 0.0069606076, -0.017109359, -0.013987921, 0, 0, -0.020659558, 0.0061816378, -0.0075019021, -0.0091644935, 0.021206791, -0.0051810197, 0, 0, 0.0050984244, -0.012125877, 0.0006105809, -0.0074440544, 0.0040525212, -0.033618864, -40.624596, -0.52525979, 0.029602973, 0.00046973856, -0.0059758825, 0.014554923, -0.016417375, 0.0038380767, 0.024563462, -20.312298, 0.14315675, 0.0096623106, 0.010621119, -0.0048835212, 0.0075904205, -0.0073492313, -0.034202062 ]
		},
		"class_6" : {
			"intercept" : -1.769819,
			"coeffs" : [ 0, -0.053569432, 0.027318189, -0.014125452, 0.01231293, 0.0062674549, -0.0036968542, 0.0092910742, 0, 0.005274252, -0.040678691, 0.0047052568, -0.019765798, -0.0043308991, -0.0080932947, -0.013761035, 0, -0.030533258, 0.022819994, -0.0054661455, -0.015211334, -0.018277548, 0.014307323, -0.76094896, -19.921677, -0.016501311, -0.00047139009, -0.017185068, -0.00018028385, -0.0022285657, -0.052580141, 0, 0, 0.040525228, 0.0048908764, 0.024390893, -0.010234723, 0.0009687288, -0.043416578, 0, 0, -0.017816126, 0.00074212521, -0.008422439, 0.018574163, 0.0087510124, 0.067007288, 360.15265, -0.12421085, 0.0057139052, 0.0084983213, 0.027706688, -0.025360752, 0.017268887, 0.010175989, -0.032701671, -19.921677, -0.058920022, -0.019194422, 0.006974882, -0.016094366, 0.0071265828, 0.010900421, -0.094076224 ]
		},
		"class_7" : {
			"intercept" : -0.78036749,
			"coeffs" : [ 0, -0.09594176, -0.011040935, -0.0044137621, 0.004346306, 0.0064619915, 0.010403409, 0.04254118, 0, 0.0067277411, 0.014869636, 0.0051383339, 0.020502429, -0.0022036913, 0.043213461, -0.26761013, 0, 0.0042818738, -0.021263622, 0.0081965989, -0.0034332888, -0.0024731965, -0.035794087, 8.0307407, -19.921677, -0.017323636, -0.0015191489, -0.013702963, -0.010463157, 0.01839469, 0.011985729, 0, 0, -0.017242609, 0.0018956023, 0.0090328259, 0.024025565, -0.0043485044, 0.08117599, 0, 0, -0.00014600612, 0.010163074, -0.0054603703, 0.014351483, -0.0045334282, -0.043083206, -39.843353, 0.1552964, -0.00197409, -0.021873686, 0.021750176, -0.042594813, 0.0037050799, 0.017630983, -0.02792307, -19.921677, -0.1128612, 0.020522008, 0.015965011, -0.034769159, -0.0048236344, -0.0012928643, 0.0020506009 ]
		},
		"class_8" : {
			"intercept" : -0.83496588,
			"coeffs" : [ 0, 0.021496546, -0.018473726, -0.0097753303, 0.00082413579, -0.014214599, -0.0072438456, -0.020271435, 0, -0.018449221, 0.0072687278, 0.0010798486, -0.028208196, 0.016106805, 0.0016317992, 0.12098511, 0, 0.022323513, 0.018649504, 0.00041589508, 0.013660174, 0.01922225, 0.022500452, -0.64848518, -19.140434, 0.0065756375, -0.016878473, 0.033325706, -0.0045350511, 0.016461365, -0.021412184, 0, 0, -0.014525125, -0.0048286612, 0.023472505, 0.011708095, -0.022879126, -0.028227767, 0, 0, -0.02152998, 0.035653051, 0.0015038078, -0.003261582, 0.0096128974, -0.02700334, -38.280869, 0.027393512, -0.019691572, 0.025411954, -0.036621317, -0.0080638304, 0.0029110615, 0.034839228, 0.0053496994, -19.140434, -0.01685296, -0.0020520415, 0.0084045669, 0.006944994, -0.044404998, -0.010498581, 0.068993956 ]
		},
		"class_9" : {
			"intercept" : -0.63341546,
			"coeffs" : [ 0, -0.080063693, 0.010557044, 0.014518424, -0.00080193381, -0.0097161075, -0.0040070377, -0.006837022, 0, -0.0043127695, -0.0087318402, 0.0080501912, -0.010924199, -0.0015071068, -0.023844924, 0.009488455, 0, 0.017679494, 0.033949733, -0.0069700982, -0.0070368685, 0.025788376, 0.033603791, -1.0933366, -19.531055, -0.038390752, -2.1180371e-05, 0.021110278, 0.029242134, 0.015710181, 0.023377126, 0, 0, -0.047296539, 0.0014528044, -0.0024372286, -0.039428838, 0.0036210765, 0.0041105561, 0, 0, 0.0086816493, -0.030221408, -9.7037948e-05, 0.015391245, -0.0052578663, 0.044520065, -39.062111, -0.13655856, 0.015991542, -0.0065421644, -0.0047249515, -0.013211211, -0.023705803, 0.009081739, -0.030450746, -19.531055, 0.0068211141, 0.00019422734, -0.02141159, 0.013946299, -0.0010153475, 0.0094245002, -0.031900264 ]
		}
	}
}
MODEL_JSON_DUMP_END
MCU_DEPLOY_CLASSIFICATION_CODE MODEL_PREDICT_STEP
MLLITE_AUTO_DEPLOY_DIGITS_MEDIUM_APPLY_OUTPUT_CLASS  [ 0, 1, 2, 3, 4,  ... , 4, 8, 8, 4, 9 ]
MCU_DEPLOY_CLASSIFICATION_CODE MODEL_PREDICT_PROBA_STEP
MLLITE_AUTO_DEPLOY_DIGITS_MEDIUM_APPLY_OUTPUT_PROBA 0 [ 0.50857639, 0.031069992, 0.030437112, 0.076896131, 0.05718296, 0.046848588, 0.012616903, 0.05222008, 0.07854934, 0.10560256 ]
MLLITE_AUTO_DEPLOY_DIGITS_MEDIUM_APPLY_OUTPUT_PROBA 1 [ 0.052696723, 0.44673276, 0.069654666, 0.10311992, 0.062072463, 0.078271247, 0.014819689, 0.05599729, 0.057177834, 0.059457343 ]
MLLITE_AUTO_DEPLOY_DIGITS_MEDIUM_APPLY_OUTPUT_PROBA 2 [ 0.10066354, 0.11543456, 0.35859185, 0.030351842, 0.049880918, 0.063346475, 0.025465628, 0.081721403, 0.10461636, 0.069927491 ]
MLLITE_AUTO_DEPLOY_DIGITS_MEDIUM_APPLY_OUTPUT_PROBA 3 [ 0.062345844, 0.11750676, 0.05209703, 0.39745128, 0.051646903, 0.08691223, 0.016944787, 0.071062833, 0.062891409, 0.081140772 ]
MLLITE_AUTO_DEPLOY_DIGITS_MEDIUM_APPLY_OUTPUT_PROBA 4 [ 0.11498738, 0.084056415, 0.05149509, 0.070411481, 0.3531251, 0.074490167, 0.014920738, 0.062517732, 0.088354193, 0.0856416 ]
...
MLLITE_AUTO_DEPLOY_DIGITS_MEDIUM_APPLY_OUTPUT_PROBA 507 [ 0.06975618, 0.090722397, 0.058962762, 0.059247755, 0.34422094, 0.075467855, 0.028070223, 0.066521309, 0.11897705, 0.088053539 ]
MLLITE_AUTO_DEPLOY_DIGITS_MEDIUM_APPLY_OUTPUT_PROBA 508 [ 0.098172165, 0.10987157, 0.031030728, 0.053908113, 0.031503491, 0.12413291, 0.010419478, 0.062432356, 0.4000366, 0.078492582 ]
MLLITE_AUTO_DEPLOY_DIGITS_MEDIUM_APPLY_OUTPUT_PROBA 509 [ 0.080113694, 0.085932136, 0.043806605, 0.073681772, 0.033661596, 0.064600267, 0.013878084, 0.073323369, 0.42784613, 0.10315636 ]
MLLITE_AUTO_DEPLOY_DIGITS_MEDIUM_APPLY_OUTPUT_PROBA 510 [ 0.096775889, 0.096359968, 0.053998478, 0.17651774, 0.23824908, 0.067386255, 0.021429649, 0.062584192, 0.12376139, 0.062937349 ]
MLLITE_AUTO_DEPLOY_DIGITS_MEDIUM_APPLY_OUTPUT_PROBA 511 [ 0.11809552, 0.046583395, 0.040995497, 0.18589617, 0.040149603, 0.042261291, 0.015849633, 0.058691077, 0.16600117, 0.28547662 ]
MCU_DEPLOY_CLASSIFICATION_CODE MODEL_COMPUTE_PERF_STEP
MLLITE_AUTO_DEPLOY_DIGITS_MEDIUM_CLASS_PERFS { "count" : 512, "precision" : 0.89648438,  "AUC" : [ 1, 0.99544317, 0.99991637, 0.99954784, 0.98077494, 0.9987458, 0.99991494, 0.96997148, 0.99559218, 0.99653679 ] }
This will be printed
MCU_DEPLOY_CLASSIFICATION_CODE ALL_STEPS_OK
MCU_DEPLOY_CLASSIFICATION_CODE done
MLLITE_MCU_TIMER_OPERATION_ELAPSED_SECONDS 'MLLITE.MCU_DEPLOY.CLASSIFICATION.Tikhonov_Ridge.DIGITS_MEDIUM' 0
MLLITE_MCU_TIMER_OPERATION_END 'MLLITE.MCU_DEPLOY.CLASSIFICATION.Tikhonov_Ridge.DIGITS_MEDIUM' [ 'Sat Feb  3 23:18:09 2024' ]
MCU_DEPLOY_ON_TARGET_X86_64_END
EXECUTION_TIME_DETAIL = {'CMD':'timeout 180 ./x86_64/classification/x86_64_classification_ridge_digits_medium.exe', 'ElapsedTimeSecs':(0.34, 0.00, 0.34), 'MAX_MEM_KB':1728, 'CPU_PRCNT':'99%', 'FILES_IN':0, 'FILES_OUT':32, 'EXIT_STATUS':0}
