MCU_DEPLOY_ON_TARGET_X86_64_START
MLLITE_MCU_TIMER_OPERATION_START 'MLLITE.MCU_DEPLOY.CLASSIFICATION.Vapnik_SVC_RBF.FOURCLASS_10_ORIGINAL' [ 'Sat Feb  3 23:18:10 2024' ]
MLLite starting
MCU_DEPLOY_CLASSIFICATION_CODE CREATE_DATASET_STEP
MCU_DEPLOY_CLASSIFICATION_CODE CREATE_MODEL_STEP
MCU_DEPLOY_CLASSIFICATION_MODEL_OPTIONS
{"svm_type" : "c_svc", "kernel" : "rbf", "degree" : 3, "gamma" : 0, "coef0" : 0, "cache_size" : 10240, "tol" : 0.001, "nu" : 0.5, "epsilon" : 0, "shrinking" : 0, "probability" : 1, "C" : 1, "max_iter" : 30, "random_state" : 1789 }
MCU_DEPLOY_CLASSIFICATION_CODE FIT_MODEL_STEP
PROGRESS_REPORT_ELAPSED_TOTAL 'SVM_CLASSIFIER_FIT' 1 5
PROGRESS_REPORT_ELAPSED_TOTAL 'SVM_CLASSIFIER_FIT' 2 5
PROGRESS_REPORT_ELAPSED_TOTAL 'SVM_CLASSIFIER_FIT' 3 5
PROGRESS_REPORT_ELAPSED_TOTAL 'SVM_CLASSIFIER_FIT' 4 5
PROGRESS_REPORT_ELAPSED_TOTAL 'SVM_TRAIN_CLASS_SUB_PROBLEM' 1 6
PROGRESS_REPORT_ELAPSED_TOTAL 'SVM_TRAIN_CLASS_PROBA_CROSS_VALIDATION' 1 5
PROGRESS_REPORT_ELAPSED_TOTAL 'SVM_SOLVER_ITERATION:SVC_Global_BINARY_0_1_CV_FOLD_1' 3 30
PROGRESS_REPORT_ELAPSED_TOTAL 'SVM_SOLVER_ITERATION:SVC_Global_BINARY_0_1_CV_FOLD_1' 6 30
PROGRESS_REPORT_ELAPSED_TOTAL 'SVM_SOLVER_ITERATION:SVC_Global_BINARY_0_1_CV_FOLD_1' 9 30
PROGRESS_REPORT_ELAPSED_TOTAL 'SVM_SOLVER_ITERATION:SVC_Global_BINARY_0_1_CV_FOLD_1' 12 30
PROGRESS_REPORT_ELAPSED_TOTAL 'SVM_SOLVER_ITERATION:SVC_Global_BINARY_0_1_CV_FOLD_1' 15 30
PROGRESS_REPORT_ELAPSED_TOTAL 'SVM_SOLVER_ITERATION:SVC_Global_BINARY_0_1_CV_FOLD_1' 18 30
PROGRESS_REPORT_ELAPSED_TOTAL 'SVM_SOLVER_ITERATION:SVC_Global_BINARY_0_1_CV_FOLD_1' 21 30
PROGRESS_REPORT_ELAPSED_TOTAL 'SVM_SOLVER_ITERATION:SVC_Global_BINARY_0_1_CV_FOLD_1' 24 30
PROGRESS_REPORT_ELAPSED_TOTAL 'SVM_SOLVER_ITERATION:SVC_Global_BINARY_0_1_CV_FOLD_1' 27 30
PROGRESS_REPORT_ELAPSED_TOTAL 'SVM_SOLVER_ITERATION:SVC_Global_BINARY_0_1_CV_FOLD_1' 30 30
PROGRESS_REPORT_ELAPSED_TOTAL 'SVM_TRAIN_CLASS_PROBA_CROSS_VALIDATION' 2 5
PROGRESS_REPORT_ELAPSED_TOTAL 'SVM_SOLVER_ITERATION:SVC_Global_BINARY_0_1_CV_FOLD_2' 3 30
PROGRESS_REPORT_ELAPSED_TOTAL 'SVM_SOLVER_ITERATION:SVC_Global_BINARY_0_1_CV_FOLD_2' 6 30
PROGRESS_REPORT_ELAPSED_TOTAL 'SVM_SOLVER_ITERATION:SVC_Global_BINARY_0_1_CV_FOLD_2' 9 30
PROGRESS_REPORT_ELAPSED_TOTAL 'SVM_SOLVER_ITERATION:SVC_Global_BINARY_0_1_CV_FOLD_2' 12 30
PROGRESS_REPORT_ELAPSED_TOTAL 'SVM_SOLVER_ITERATION:SVC_Global_BINARY_0_1_CV_FOLD_2' 15 30
PROGRESS_REPORT_ELAPSED_TOTAL 'SVM_SOLVER_ITERATION:SVC_Global_BINARY_0_1_CV_FOLD_2' 18 30
PROGRESS_REPORT_ELAPSED_TOTAL 'SVM_SOLVER_ITERATION:SVC_Global_BINARY_0_1_CV_FOLD_2' 21 30
PROGRESS_REPORT_ELAPSED_TOTAL 'SVM_SOLVER_ITERATION:SVC_Global_BINARY_0_1_CV_FOLD_2' 24 30
PROGRESS_REPORT_ELAPSED_TOTAL 'SVM_SOLVER_ITERATION:SVC_Global_BINARY_0_1_CV_FOLD_2' 27 30
PROGRESS_REPORT_ELAPSED_TOTAL 'SVM_SOLVER_ITERATION:SVC_Global_BINARY_0_1_CV_FOLD_2' 30 30
PROGRESS_REPORT_ELAPSED_TOTAL 'SVM_TRAIN_CLASS_PROBA_CROSS_VALIDATION' 3 5
PROGRESS_REPORT_ELAPSED_TOTAL 'SVM_SOLVER_ITERATION:SVC_Global_BINARY_0_1_CV_FOLD_3' 3 30
PROGRESS_REPORT_ELAPSED_TOTAL 'SVM_SOLVER_ITERATION:SVC_Global_BINARY_0_1_CV_FOLD_3' 6 30
PROGRESS_REPORT_ELAPSED_TOTAL 'SVM_SOLVER_ITERATION:SVC_Global_BINARY_0_1_CV_FOLD_3' 9 30
PROGRESS_REPORT_ELAPSED_TOTAL 'SVM_SOLVER_ITERATION:SVC_Global_BINARY_0_1_CV_FOLD_3' 12 30
PROGRESS_REPORT_ELAPSED_TOTAL 'SVM_SOLVER_ITERATION:SVC_Global_BINARY_0_1_CV_FOLD_3' 15 30
PROGRESS_REPORT_ELAPSED_TOTAL 'SVM_SOLVER_ITERATION:SVC_Global_BINARY_0_1_CV_FOLD_3' 18 30
PROGRESS_REPORT_ELAPSED_TOTAL 'SVM_SOLVER_ITERATION:SVC_Global_BINARY_0_1_CV_FOLD_3' 21 30
PROGRESS_REPORT_ELAPSED_TOTAL 'SVM_SOLVER_ITERATION:SVC_Global_BINARY_0_1_CV_FOLD_3' 24 30
PROGRESS_REPORT_ELAPSED_TOTAL 'SVM_SOLVER_ITERATION:SVC_Global_BINARY_0_1_CV_FOLD_3' 27 30
PROGRESS_REPORT_ELAPSED_TOTAL 'SVM_SOLVER_ITERATION:SVC_Global_BINARY_0_1_CV_FOLD_3' 30 30
PROGRESS_REPORT_ELAPSED_TOTAL 'SVM_TRAIN_CLASS_PROBA_CROSS_VALIDATION' 4 5
PROGRESS_REPORT_ELAPSED_TOTAL 'SVM_SOLVER_ITERATION:SVC_Global_BINARY_0_1_CV_FOLD_4' 3 30
PROGRESS_REPORT_ELAPSED_TOTAL 'SVM_SOLVER_ITERATION:SVC_Global_BINARY_0_1_CV_FOLD_4' 6 30
PROGRESS_REPORT_ELAPSED_TOTAL 'SVM_SOLVER_ITERATION:SVC_Global_BINARY_0_1_CV_FOLD_4' 9 30
PROGRESS_REPORT_ELAPSED_TOTAL 'SVM_SOLVER_ITERATION:SVC_Global_BINARY_0_1_CV_FOLD_4' 12 30
PROGRESS_REPORT_ELAPSED_TOTAL 'SVM_SOLVER_ITERATION:SVC_Global_BINARY_0_1_CV_FOLD_4' 15 30
PROGRESS_REPORT_ELAPSED_TOTAL 'SVM_SOLVER_ITERATION:SVC_Global_BINARY_0_1_CV_FOLD_4' 18 30
PROGRESS_REPORT_ELAPSED_TOTAL 'SVM_SOLVER_ITERATION:SVC_Global_BINARY_0_1_CV_FOLD_4' 21 30
PROGRESS_REPORT_ELAPSED_TOTAL 'SVM_SOLVER_ITERATION:SVC_Global_BINARY_0_1_CV_FOLD_4' 24 30
PROGRESS_REPORT_ELAPSED_TOTAL 'SVM_SOLVER_ITERATION:SVC_Global_BINARY_0_1_CV_FOLD_4' 27 30
PROGRESS_REPORT_ELAPSED_TOTAL 'SVM_SOLVER_ITERATION:SVC_Global_BINARY_0_1_CV_FOLD_4' 30 30
PROGRESS_REPORT_ELAPSED_TOTAL 'SVM_TRAIN_CLASS_PROBA_CROSS_VALIDATION' 5 5
PROGRESS_REPORT_ELAPSED_TOTAL 'SVM_SOLVER_ITERATION:SVC_Global_BINARY_0_1_CV_FOLD_5' 3 30
PROGRESS_REPORT_ELAPSED_TOTAL 'SVM_SOLVER_ITERATION:SVC_Global_BINARY_0_1_CV_FOLD_5' 6 30
PROGRESS_REPORT_ELAPSED_TOTAL 'SVM_SOLVER_ITERATION:SVC_Global_BINARY_0_1_CV_FOLD_5' 9 30
PROGRESS_REPORT_ELAPSED_TOTAL 'SVM_SOLVER_ITERATION:SVC_Global_BINARY_0_1_CV_FOLD_5' 12 30
PROGRESS_REPORT_ELAPSED_TOTAL 'SVM_SOLVER_ITERATION:SVC_Global_BINARY_0_1_CV_FOLD_5' 15 30
PROGRESS_REPORT_ELAPSED_TOTAL 'SVM_SOLVER_ITERATION:SVC_Global_BINARY_0_1_CV_FOLD_5' 18 30
PROGRESS_REPORT_ELAPSED_TOTAL 'SVM_SOLVER_ITERATION:SVC_Global_BINARY_0_1_CV_FOLD_5' 21 30
PROGRESS_REPORT_ELAPSED_TOTAL 'SVM_SOLVER_ITERATION:SVC_Global_BINARY_0_1_CV_FOLD_5' 24 30
PROGRESS_REPORT_ELAPSED_TOTAL 'SVM_SOLVER_ITERATION:SVC_Global_BINARY_0_1_CV_FOLD_5' 27 30
PROGRESS_REPORT_ELAPSED_TOTAL 'SVM_SOLVER_ITERATION:SVC_Global_BINARY_0_1_CV_FOLD_5' 30 30
PROGRESS_REPORT_ELAPSED_TOTAL 'SVM_SOLVER_ITERATION:SVC_Global_BINARY_0_1' 3 30
PROGRESS_REPORT_ELAPSED_TOTAL 'SVM_SOLVER_ITERATION:SVC_Global_BINARY_0_1' 6 30
PROGRESS_REPORT_ELAPSED_TOTAL 'SVM_SOLVER_ITERATION:SVC_Global_BINARY_0_1' 9 30
PROGRESS_REPORT_ELAPSED_TOTAL 'SVM_SOLVER_ITERATION:SVC_Global_BINARY_0_1' 12 30
PROGRESS_REPORT_ELAPSED_TOTAL 'SVM_SOLVER_ITERATION:SVC_Global_BINARY_0_1' 15 30
PROGRESS_REPORT_ELAPSED_TOTAL 'SVM_SOLVER_ITERATION:SVC_Global_BINARY_0_1' 18 30
PROGRESS_REPORT_ELAPSED_TOTAL 'SVM_SOLVER_ITERATION:SVC_Global_BINARY_0_1' 21 30
PROGRESS_REPORT_ELAPSED_TOTAL 'SVM_SOLVER_ITERATION:SVC_Global_BINARY_0_1' 24 30
PROGRESS_REPORT_ELAPSED_TOTAL 'SVM_SOLVER_ITERATION:SVC_Global_BINARY_0_1' 27 30
PROGRESS_REPORT_ELAPSED_TOTAL 'SVM_SOLVER_ITERATION:SVC_Global_BINARY_0_1' 30 30
PROGRESS_REPORT_ELAPSED_TOTAL 'SVM_TRAIN_CLASS_SUB_PROBLEM' 2 6
PROGRESS_REPORT_ELAPSED_TOTAL 'SVM_TRAIN_CLASS_PROBA_CROSS_VALIDATION' 1 5
PROGRESS_REPORT_ELAPSED_TOTAL 'SVM_SOLVER_ITERATION:SVC_Global_BINARY_0_2_CV_FOLD_1' 3 30
PROGRESS_REPORT_ELAPSED_TOTAL 'SVM_SOLVER_ITERATION:SVC_Global_BINARY_0_2_CV_FOLD_1' 6 30
PROGRESS_REPORT_ELAPSED_TOTAL 'SVM_SOLVER_ITERATION:SVC_Global_BINARY_0_2_CV_FOLD_1' 9 30
PROGRESS_REPORT_ELAPSED_TOTAL 'SVM_SOLVER_ITERATION:SVC_Global_BINARY_0_2_CV_FOLD_1' 12 30
PROGRESS_REPORT_ELAPSED_TOTAL 'SVM_SOLVER_ITERATION:SVC_Global_BINARY_0_2_CV_FOLD_1' 15 30
PROGRESS_REPORT_ELAPSED_TOTAL 'SVM_SOLVER_ITERATION:SVC_Global_BINARY_0_2_CV_FOLD_1' 18 30
PROGRESS_REPORT_ELAPSED_TOTAL 'SVM_SOLVER_ITERATION:SVC_Global_BINARY_0_2_CV_FOLD_1' 21 30
PROGRESS_REPORT_ELAPSED_TOTAL 'SVM_SOLVER_ITERATION:SVC_Global_BINARY_0_2_CV_FOLD_1' 24 30
PROGRESS_REPORT_ELAPSED_TOTAL 'SVM_SOLVER_ITERATION:SVC_Global_BINARY_0_2_CV_FOLD_1' 27 30
PROGRESS_REPORT_ELAPSED_TOTAL 'SVM_SOLVER_ITERATION:SVC_Global_BINARY_0_2_CV_FOLD_1' 30 30
PROGRESS_REPORT_ELAPSED_TOTAL 'SVM_TRAIN_CLASS_PROBA_CROSS_VALIDATION' 2 5
PROGRESS_REPORT_ELAPSED_TOTAL 'SVM_SOLVER_ITERATION:SVC_Global_BINARY_0_2_CV_FOLD_2' 3 30
PROGRESS_REPORT_ELAPSED_TOTAL 'SVM_SOLVER_ITERATION:SVC_Global_BINARY_0_2_CV_FOLD_2' 6 30
PROGRESS_REPORT_ELAPSED_TOTAL 'SVM_SOLVER_ITERATION:SVC_Global_BINARY_0_2_CV_FOLD_2' 9 30
PROGRESS_REPORT_ELAPSED_TOTAL 'SVM_SOLVER_ITERATION:SVC_Global_BINARY_0_2_CV_FOLD_2' 12 30
PROGRESS_REPORT_ELAPSED_TOTAL 'SVM_SOLVER_ITERATION:SVC_Global_BINARY_0_2_CV_FOLD_2' 15 30
PROGRESS_REPORT_ELAPSED_TOTAL 'SVM_SOLVER_ITERATION:SVC_Global_BINARY_0_2_CV_FOLD_2' 18 30
PROGRESS_REPORT_ELAPSED_TOTAL 'SVM_SOLVER_ITERATION:SVC_Global_BINARY_0_2_CV_FOLD_2' 21 30
PROGRESS_REPORT_ELAPSED_TOTAL 'SVM_SOLVER_ITERATION:SVC_Global_BINARY_0_2_CV_FOLD_2' 24 30
PROGRESS_REPORT_ELAPSED_TOTAL 'SVM_SOLVER_ITERATION:SVC_Global_BINARY_0_2_CV_FOLD_2' 27 30
PROGRESS_REPORT_ELAPSED_TOTAL 'SVM_SOLVER_ITERATION:SVC_Global_BINARY_0_2_CV_FOLD_2' 30 30
PROGRESS_REPORT_ELAPSED_TOTAL 'SVM_TRAIN_CLASS_PROBA_CROSS_VALIDATION' 3 5
PROGRESS_REPORT_ELAPSED_TOTAL 'SVM_SOLVER_ITERATION:SVC_Global_BINARY_0_2_CV_FOLD_3' 3 30
PROGRESS_REPORT_ELAPSED_TOTAL 'SVM_SOLVER_ITERATION:SVC_Global_BINARY_0_2_CV_FOLD_3' 6 30
PROGRESS_REPORT_ELAPSED_TOTAL 'SVM_SOLVER_ITERATION:SVC_Global_BINARY_0_2_CV_FOLD_3' 9 30
PROGRESS_REPORT_ELAPSED_TOTAL 'SVM_SOLVER_ITERATION:SVC_Global_BINARY_0_2_CV_FOLD_3' 12 30
PROGRESS_REPORT_ELAPSED_TOTAL 'SVM_SOLVER_ITERATION:SVC_Global_BINARY_0_2_CV_FOLD_3' 15 30
PROGRESS_REPORT_ELAPSED_TOTAL 'SVM_SOLVER_ITERATION:SVC_Global_BINARY_0_2_CV_FOLD_3' 18 30
PROGRESS_REPORT_ELAPSED_TOTAL 'SVM_SOLVER_ITERATION:SVC_Global_BINARY_0_2_CV_FOLD_3' 21 30
PROGRESS_REPORT_ELAPSED_TOTAL 'SVM_SOLVER_ITERATION:SVC_Global_BINARY_0_2_CV_FOLD_3' 24 30
PROGRESS_REPORT_ELAPSED_TOTAL 'SVM_SOLVER_ITERATION:SVC_Global_BINARY_0_2_CV_FOLD_3' 27 30
PROGRESS_REPORT_ELAPSED_TOTAL 'SVM_SOLVER_ITERATION:SVC_Global_BINARY_0_2_CV_FOLD_3' 30 30
PROGRESS_REPORT_ELAPSED_TOTAL 'SVM_TRAIN_CLASS_PROBA_CROSS_VALIDATION' 4 5
PROGRESS_REPORT_ELAPSED_TOTAL 'SVM_SOLVER_ITERATION:SVC_Global_BINARY_0_2_CV_FOLD_4' 3 30
PROGRESS_REPORT_ELAPSED_TOTAL 'SVM_SOLVER_ITERATION:SVC_Global_BINARY_0_2_CV_FOLD_4' 6 30
PROGRESS_REPORT_ELAPSED_TOTAL 'SVM_SOLVER_ITERATION:SVC_Global_BINARY_0_2_CV_FOLD_4' 9 30
PROGRESS_REPORT_ELAPSED_TOTAL 'SVM_SOLVER_ITERATION:SVC_Global_BINARY_0_2_CV_FOLD_4' 12 30
PROGRESS_REPORT_ELAPSED_TOTAL 'SVM_SOLVER_ITERATION:SVC_Global_BINARY_0_2_CV_FOLD_4' 15 30
PROGRESS_REPORT_ELAPSED_TOTAL 'SVM_SOLVER_ITERATION:SVC_Global_BINARY_0_2_CV_FOLD_4' 18 30
PROGRESS_REPORT_ELAPSED_TOTAL 'SVM_SOLVER_ITERATION:SVC_Global_BINARY_0_2_CV_FOLD_4' 21 30
PROGRESS_REPORT_ELAPSED_TOTAL 'SVM_SOLVER_ITERATION:SVC_Global_BINARY_0_2_CV_FOLD_4' 24 30
PROGRESS_REPORT_ELAPSED_TOTAL 'SVM_SOLVER_ITERATION:SVC_Global_BINARY_0_2_CV_FOLD_4' 27 30
PROGRESS_REPORT_ELAPSED_TOTAL 'SVM_SOLVER_ITERATION:SVC_Global_BINARY_0_2_CV_FOLD_4' 30 30
PROGRESS_REPORT_ELAPSED_TOTAL 'SVM_TRAIN_CLASS_PROBA_CROSS_VALIDATION' 5 5
PROGRESS_REPORT_ELAPSED_TOTAL 'SVM_SOLVER_ITERATION:SVC_Global_BINARY_0_2_CV_FOLD_5' 3 30
PROGRESS_REPORT_ELAPSED_TOTAL 'SVM_SOLVER_ITERATION:SVC_Global_BINARY_0_2_CV_FOLD_5' 6 30
PROGRESS_REPORT_ELAPSED_TOTAL 'SVM_SOLVER_ITERATION:SVC_Global_BINARY_0_2_CV_FOLD_5' 9 30
PROGRESS_REPORT_ELAPSED_TOTAL 'SVM_SOLVER_ITERATION:SVC_Global_BINARY_0_2_CV_FOLD_5' 12 30
PROGRESS_REPORT_ELAPSED_TOTAL 'SVM_SOLVER_ITERATION:SVC_Global_BINARY_0_2_CV_FOLD_5' 15 30
PROGRESS_REPORT_ELAPSED_TOTAL 'SVM_SOLVER_ITERATION:SVC_Global_BINARY_0_2_CV_FOLD_5' 18 30
PROGRESS_REPORT_ELAPSED_TOTAL 'SVM_SOLVER_ITERATION:SVC_Global_BINARY_0_2_CV_FOLD_5' 21 30
PROGRESS_REPORT_ELAPSED_TOTAL 'SVM_SOLVER_ITERATION:SVC_Global_BINARY_0_2_CV_FOLD_5' 24 30
PROGRESS_REPORT_ELAPSED_TOTAL 'SVM_SOLVER_ITERATION:SVC_Global_BINARY_0_2_CV_FOLD_5' 27 30
PROGRESS_REPORT_ELAPSED_TOTAL 'SVM_SOLVER_ITERATION:SVC_Global_BINARY_0_2_CV_FOLD_5' 30 30
PROGRESS_REPORT_ELAPSED_TOTAL 'SVM_SOLVER_ITERATION:SVC_Global_BINARY_0_2' 3 30
PROGRESS_REPORT_ELAPSED_TOTAL 'SVM_SOLVER_ITERATION:SVC_Global_BINARY_0_2' 6 30
PROGRESS_REPORT_ELAPSED_TOTAL 'SVM_SOLVER_ITERATION:SVC_Global_BINARY_0_2' 9 30
PROGRESS_REPORT_ELAPSED_TOTAL 'SVM_SOLVER_ITERATION:SVC_Global_BINARY_0_2' 12 30
PROGRESS_REPORT_ELAPSED_TOTAL 'SVM_SOLVER_ITERATION:SVC_Global_BINARY_0_2' 15 30
PROGRESS_REPORT_ELAPSED_TOTAL 'SVM_SOLVER_ITERATION:SVC_Global_BINARY_0_2' 18 30
PROGRESS_REPORT_ELAPSED_TOTAL 'SVM_SOLVER_ITERATION:SVC_Global_BINARY_0_2' 21 30
PROGRESS_REPORT_ELAPSED_TOTAL 'SVM_SOLVER_ITERATION:SVC_Global_BINARY_0_2' 24 30
PROGRESS_REPORT_ELAPSED_TOTAL 'SVM_SOLVER_ITERATION:SVC_Global_BINARY_0_2' 27 30
PROGRESS_REPORT_ELAPSED_TOTAL 'SVM_SOLVER_ITERATION:SVC_Global_BINARY_0_2' 30 30
PROGRESS_REPORT_ELAPSED_TOTAL 'SVM_TRAIN_CLASS_SUB_PROBLEM' 3 6
PROGRESS_REPORT_ELAPSED_TOTAL 'SVM_TRAIN_CLASS_PROBA_CROSS_VALIDATION' 1 5
PROGRESS_REPORT_ELAPSED_TOTAL 'SVM_SOLVER_ITERATION:SVC_Global_BINARY_0_3_CV_FOLD_1' 3 30
PROGRESS_REPORT_ELAPSED_TOTAL 'SVM_SOLVER_ITERATION:SVC_Global_BINARY_0_3_CV_FOLD_1' 6 30
PROGRESS_REPORT_ELAPSED_TOTAL 'SVM_SOLVER_ITERATION:SVC_Global_BINARY_0_3_CV_FOLD_1' 9 30
PROGRESS_REPORT_ELAPSED_TOTAL 'SVM_SOLVER_ITERATION:SVC_Global_BINARY_0_3_CV_FOLD_1' 12 30
PROGRESS_REPORT_ELAPSED_TOTAL 'SVM_SOLVER_ITERATION:SVC_Global_BINARY_0_3_CV_FOLD_1' 15 30
PROGRESS_REPORT_ELAPSED_TOTAL 'SVM_SOLVER_ITERATION:SVC_Global_BINARY_0_3_CV_FOLD_1' 18 30
PROGRESS_REPORT_ELAPSED_TOTAL 'SVM_SOLVER_ITERATION:SVC_Global_BINARY_0_3_CV_FOLD_1' 21 30
PROGRESS_REPORT_ELAPSED_TOTAL 'SVM_SOLVER_ITERATION:SVC_Global_BINARY_0_3_CV_FOLD_1' 24 30
PROGRESS_REPORT_ELAPSED_TOTAL 'SVM_SOLVER_ITERATION:SVC_Global_BINARY_0_3_CV_FOLD_1' 27 30
PROGRESS_REPORT_ELAPSED_TOTAL 'SVM_SOLVER_ITERATION:SVC_Global_BINARY_0_3_CV_FOLD_1' 30 30
PROGRESS_REPORT_ELAPSED_TOTAL 'SVM_TRAIN_CLASS_PROBA_CROSS_VALIDATION' 2 5
PROGRESS_REPORT_ELAPSED_TOTAL 'SVM_SOLVER_ITERATION:SVC_Global_BINARY_0_3_CV_FOLD_2' 3 30
PROGRESS_REPORT_ELAPSED_TOTAL 'SVM_SOLVER_ITERATION:SVC_Global_BINARY_0_3_CV_FOLD_2' 6 30
PROGRESS_REPORT_ELAPSED_TOTAL 'SVM_SOLVER_ITERATION:SVC_Global_BINARY_0_3_CV_FOLD_2' 9 30
PROGRESS_REPORT_ELAPSED_TOTAL 'SVM_SOLVER_ITERATION:SVC_Global_BINARY_0_3_CV_FOLD_2' 12 30
PROGRESS_REPORT_ELAPSED_TOTAL 'SVM_SOLVER_ITERATION:SVC_Global_BINARY_0_3_CV_FOLD_2' 15 30
PROGRESS_REPORT_ELAPSED_TOTAL 'SVM_SOLVER_ITERATION:SVC_Global_BINARY_0_3_CV_FOLD_2' 18 30
PROGRESS_REPORT_ELAPSED_TOTAL 'SVM_SOLVER_ITERATION:SVC_Global_BINARY_0_3_CV_FOLD_2' 21 30
PROGRESS_REPORT_ELAPSED_TOTAL 'SVM_SOLVER_ITERATION:SVC_Global_BINARY_0_3_CV_FOLD_2' 24 30
PROGRESS_REPORT_ELAPSED_TOTAL 'SVM_SOLVER_ITERATION:SVC_Global_BINARY_0_3_CV_FOLD_2' 27 30
PROGRESS_REPORT_ELAPSED_TOTAL 'SVM_SOLVER_ITERATION:SVC_Global_BINARY_0_3_CV_FOLD_2' 30 30
PROGRESS_REPORT_ELAPSED_TOTAL 'SVM_TRAIN_CLASS_PROBA_CROSS_VALIDATION' 3 5
PROGRESS_REPORT_ELAPSED_TOTAL 'SVM_SOLVER_ITERATION:SVC_Global_BINARY_0_3_CV_FOLD_3' 3 30
PROGRESS_REPORT_ELAPSED_TOTAL 'SVM_SOLVER_ITERATION:SVC_Global_BINARY_0_3_CV_FOLD_3' 6 30
PROGRESS_REPORT_ELAPSED_TOTAL 'SVM_SOLVER_ITERATION:SVC_Global_BINARY_0_3_CV_FOLD_3' 9 30
PROGRESS_REPORT_ELAPSED_TOTAL 'SVM_SOLVER_ITERATION:SVC_Global_BINARY_0_3_CV_FOLD_3' 12 30
PROGRESS_REPORT_ELAPSED_TOTAL 'SVM_SOLVER_ITERATION:SVC_Global_BINARY_0_3_CV_FOLD_3' 15 30
PROGRESS_REPORT_ELAPSED_TOTAL 'SVM_SOLVER_ITERATION:SVC_Global_BINARY_0_3_CV_FOLD_3' 18 30
PROGRESS_REPORT_ELAPSED_TOTAL 'SVM_SOLVER_ITERATION:SVC_Global_BINARY_0_3_CV_FOLD_3' 21 30
PROGRESS_REPORT_ELAPSED_TOTAL 'SVM_SOLVER_ITERATION:SVC_Global_BINARY_0_3_CV_FOLD_3' 24 30
PROGRESS_REPORT_ELAPSED_TOTAL 'SVM_SOLVER_ITERATION:SVC_Global_BINARY_0_3_CV_FOLD_3' 27 30
PROGRESS_REPORT_ELAPSED_TOTAL 'SVM_SOLVER_ITERATION:SVC_Global_BINARY_0_3_CV_FOLD_3' 30 30
PROGRESS_REPORT_ELAPSED_TOTAL 'SVM_TRAIN_CLASS_PROBA_CROSS_VALIDATION' 4 5
PROGRESS_REPORT_ELAPSED_TOTAL 'SVM_SOLVER_ITERATION:SVC_Global_BINARY_0_3_CV_FOLD_4' 3 30
PROGRESS_REPORT_ELAPSED_TOTAL 'SVM_SOLVER_ITERATION:SVC_Global_BINARY_0_3_CV_FOLD_4' 6 30
PROGRESS_REPORT_ELAPSED_TOTAL 'SVM_SOLVER_ITERATION:SVC_Global_BINARY_0_3_CV_FOLD_4' 9 30
PROGRESS_REPORT_ELAPSED_TOTAL 'SVM_SOLVER_ITERATION:SVC_Global_BINARY_0_3_CV_FOLD_4' 12 30
PROGRESS_REPORT_ELAPSED_TOTAL 'SVM_SOLVER_ITERATION:SVC_Global_BINARY_0_3_CV_FOLD_4' 15 30
PROGRESS_REPORT_ELAPSED_TOTAL 'SVM_SOLVER_ITERATION:SVC_Global_BINARY_0_3_CV_FOLD_4' 18 30
PROGRESS_REPORT_ELAPSED_TOTAL 'SVM_SOLVER_ITERATION:SVC_Global_BINARY_0_3_CV_FOLD_4' 21 30
PROGRESS_REPORT_ELAPSED_TOTAL 'SVM_SOLVER_ITERATION:SVC_Global_BINARY_0_3_CV_FOLD_4' 24 30
PROGRESS_REPORT_ELAPSED_TOTAL 'SVM_SOLVER_ITERATION:SVC_Global_BINARY_0_3_CV_FOLD_4' 27 30
PROGRESS_REPORT_ELAPSED_TOTAL 'SVM_SOLVER_ITERATION:SVC_Global_BINARY_0_3_CV_FOLD_4' 30 30
PROGRESS_REPORT_ELAPSED_TOTAL 'SVM_TRAIN_CLASS_PROBA_CROSS_VALIDATION' 5 5
PROGRESS_REPORT_ELAPSED_TOTAL 'SVM_SOLVER_ITERATION:SVC_Global_BINARY_0_3_CV_FOLD_5' 3 30
PROGRESS_REPORT_ELAPSED_TOTAL 'SVM_SOLVER_ITERATION:SVC_Global_BINARY_0_3_CV_FOLD_5' 6 30
PROGRESS_REPORT_ELAPSED_TOTAL 'SVM_SOLVER_ITERATION:SVC_Global_BINARY_0_3_CV_FOLD_5' 9 30
PROGRESS_REPORT_ELAPSED_TOTAL 'SVM_SOLVER_ITERATION:SVC_Global_BINARY_0_3_CV_FOLD_5' 12 30
PROGRESS_REPORT_ELAPSED_TOTAL 'SVM_SOLVER_ITERATION:SVC_Global_BINARY_0_3_CV_FOLD_5' 15 30
PROGRESS_REPORT_ELAPSED_TOTAL 'SVM_SOLVER_ITERATION:SVC_Global_BINARY_0_3_CV_FOLD_5' 18 30
PROGRESS_REPORT_ELAPSED_TOTAL 'SVM_SOLVER_ITERATION:SVC_Global_BINARY_0_3_CV_FOLD_5' 21 30
PROGRESS_REPORT_ELAPSED_TOTAL 'SVM_SOLVER_ITERATION:SVC_Global_BINARY_0_3_CV_FOLD_5' 24 30
PROGRESS_REPORT_ELAPSED_TOTAL 'SVM_SOLVER_ITERATION:SVC_Global_BINARY_0_3_CV_FOLD_5' 27 30
PROGRESS_REPORT_ELAPSED_TOTAL 'SVM_SOLVER_ITERATION:SVC_Global_BINARY_0_3_CV_FOLD_5' 30 30
PROGRESS_REPORT_ELAPSED_TOTAL 'SVM_SOLVER_ITERATION:SVC_Global_BINARY_0_3' 3 30
PROGRESS_REPORT_ELAPSED_TOTAL 'SVM_SOLVER_ITERATION:SVC_Global_BINARY_0_3' 6 30
PROGRESS_REPORT_ELAPSED_TOTAL 'SVM_SOLVER_ITERATION:SVC_Global_BINARY_0_3' 9 30
PROGRESS_REPORT_ELAPSED_TOTAL 'SVM_SOLVER_ITERATION:SVC_Global_BINARY_0_3' 12 30
PROGRESS_REPORT_ELAPSED_TOTAL 'SVM_SOLVER_ITERATION:SVC_Global_BINARY_0_3' 15 30
PROGRESS_REPORT_ELAPSED_TOTAL 'SVM_SOLVER_ITERATION:SVC_Global_BINARY_0_3' 18 30
PROGRESS_REPORT_ELAPSED_TOTAL 'SVM_SOLVER_ITERATION:SVC_Global_BINARY_0_3' 21 30
PROGRESS_REPORT_ELAPSED_TOTAL 'SVM_SOLVER_ITERATION:SVC_Global_BINARY_0_3' 24 30
PROGRESS_REPORT_ELAPSED_TOTAL 'SVM_SOLVER_ITERATION:SVC_Global_BINARY_0_3' 27 30
PROGRESS_REPORT_ELAPSED_TOTAL 'SVM_SOLVER_ITERATION:SVC_Global_BINARY_0_3' 30 30
PROGRESS_REPORT_ELAPSED_TOTAL 'SVM_TRAIN_CLASS_SUB_PROBLEM' 4 6
PROGRESS_REPORT_ELAPSED_TOTAL 'SVM_TRAIN_CLASS_PROBA_CROSS_VALIDATION' 1 5
PROGRESS_REPORT_ELAPSED_TOTAL 'SVM_SOLVER_ITERATION:SVC_Global_BINARY_1_2_CV_FOLD_1' 3 30
PROGRESS_REPORT_ELAPSED_TOTAL 'SVM_SOLVER_ITERATION:SVC_Global_BINARY_1_2_CV_FOLD_1' 6 30
PROGRESS_REPORT_ELAPSED_TOTAL 'SVM_SOLVER_ITERATION:SVC_Global_BINARY_1_2_CV_FOLD_1' 9 30
PROGRESS_REPORT_ELAPSED_TOTAL 'SVM_SOLVER_ITERATION:SVC_Global_BINARY_1_2_CV_FOLD_1' 12 30
PROGRESS_REPORT_ELAPSED_TOTAL 'SVM_SOLVER_ITERATION:SVC_Global_BINARY_1_2_CV_FOLD_1' 15 30
PROGRESS_REPORT_ELAPSED_TOTAL 'SVM_SOLVER_ITERATION:SVC_Global_BINARY_1_2_CV_FOLD_1' 18 30
PROGRESS_REPORT_ELAPSED_TOTAL 'SVM_SOLVER_ITERATION:SVC_Global_BINARY_1_2_CV_FOLD_1' 21 30
PROGRESS_REPORT_ELAPSED_TOTAL 'SVM_SOLVER_ITERATION:SVC_Global_BINARY_1_2_CV_FOLD_1' 24 30
PROGRESS_REPORT_ELAPSED_TOTAL 'SVM_SOLVER_ITERATION:SVC_Global_BINARY_1_2_CV_FOLD_1' 27 30
PROGRESS_REPORT_ELAPSED_TOTAL 'SVM_SOLVER_ITERATION:SVC_Global_BINARY_1_2_CV_FOLD_1' 30 30
PROGRESS_REPORT_ELAPSED_TOTAL 'SVM_TRAIN_CLASS_PROBA_CROSS_VALIDATION' 2 5
PROGRESS_REPORT_ELAPSED_TOTAL 'SVM_SOLVER_ITERATION:SVC_Global_BINARY_1_2_CV_FOLD_2' 3 30
PROGRESS_REPORT_ELAPSED_TOTAL 'SVM_SOLVER_ITERATION:SVC_Global_BINARY_1_2_CV_FOLD_2' 6 30
PROGRESS_REPORT_ELAPSED_TOTAL 'SVM_SOLVER_ITERATION:SVC_Global_BINARY_1_2_CV_FOLD_2' 9 30
PROGRESS_REPORT_ELAPSED_TOTAL 'SVM_SOLVER_ITERATION:SVC_Global_BINARY_1_2_CV_FOLD_2' 12 30
PROGRESS_REPORT_ELAPSED_TOTAL 'SVM_SOLVER_ITERATION:SVC_Global_BINARY_1_2_CV_FOLD_2' 15 30
PROGRESS_REPORT_ELAPSED_TOTAL 'SVM_SOLVER_ITERATION:SVC_Global_BINARY_1_2_CV_FOLD_2' 18 30
PROGRESS_REPORT_ELAPSED_TOTAL 'SVM_SOLVER_ITERATION:SVC_Global_BINARY_1_2_CV_FOLD_2' 21 30
PROGRESS_REPORT_ELAPSED_TOTAL 'SVM_SOLVER_ITERATION:SVC_Global_BINARY_1_2_CV_FOLD_2' 24 30
PROGRESS_REPORT_ELAPSED_TOTAL 'SVM_SOLVER_ITERATION:SVC_Global_BINARY_1_2_CV_FOLD_2' 27 30
PROGRESS_REPORT_ELAPSED_TOTAL 'SVM_SOLVER_ITERATION:SVC_Global_BINARY_1_2_CV_FOLD_2' 30 30
PROGRESS_REPORT_ELAPSED_TOTAL 'SVM_TRAIN_CLASS_PROBA_CROSS_VALIDATION' 3 5
PROGRESS_REPORT_ELAPSED_TOTAL 'SVM_SOLVER_ITERATION:SVC_Global_BINARY_1_2_CV_FOLD_3' 3 30
PROGRESS_REPORT_ELAPSED_TOTAL 'SVM_SOLVER_ITERATION:SVC_Global_BINARY_1_2_CV_FOLD_3' 6 30
PROGRESS_REPORT_ELAPSED_TOTAL 'SVM_SOLVER_ITERATION:SVC_Global_BINARY_1_2_CV_FOLD_3' 9 30
PROGRESS_REPORT_ELAPSED_TOTAL 'SVM_SOLVER_ITERATION:SVC_Global_BINARY_1_2_CV_FOLD_3' 12 30
PROGRESS_REPORT_ELAPSED_TOTAL 'SVM_SOLVER_ITERATION:SVC_Global_BINARY_1_2_CV_FOLD_3' 15 30
PROGRESS_REPORT_ELAPSED_TOTAL 'SVM_SOLVER_ITERATION:SVC_Global_BINARY_1_2_CV_FOLD_3' 18 30
PROGRESS_REPORT_ELAPSED_TOTAL 'SVM_SOLVER_ITERATION:SVC_Global_BINARY_1_2_CV_FOLD_3' 21 30
PROGRESS_REPORT_ELAPSED_TOTAL 'SVM_SOLVER_ITERATION:SVC_Global_BINARY_1_2_CV_FOLD_3' 24 30
PROGRESS_REPORT_ELAPSED_TOTAL 'SVM_SOLVER_ITERATION:SVC_Global_BINARY_1_2_CV_FOLD_3' 27 30
PROGRESS_REPORT_ELAPSED_TOTAL 'SVM_SOLVER_ITERATION:SVC_Global_BINARY_1_2_CV_FOLD_3' 30 30
PROGRESS_REPORT_ELAPSED_TOTAL 'SVM_TRAIN_CLASS_PROBA_CROSS_VALIDATION' 4 5
PROGRESS_REPORT_ELAPSED_TOTAL 'SVM_SOLVER_ITERATION:SVC_Global_BINARY_1_2_CV_FOLD_4' 3 30
PROGRESS_REPORT_ELAPSED_TOTAL 'SVM_SOLVER_ITERATION:SVC_Global_BINARY_1_2_CV_FOLD_4' 6 30
PROGRESS_REPORT_ELAPSED_TOTAL 'SVM_SOLVER_ITERATION:SVC_Global_BINARY_1_2_CV_FOLD_4' 9 30
PROGRESS_REPORT_ELAPSED_TOTAL 'SVM_SOLVER_ITERATION:SVC_Global_BINARY_1_2_CV_FOLD_4' 12 30
PROGRESS_REPORT_ELAPSED_TOTAL 'SVM_SOLVER_ITERATION:SVC_Global_BINARY_1_2_CV_FOLD_4' 15 30
PROGRESS_REPORT_ELAPSED_TOTAL 'SVM_SOLVER_ITERATION:SVC_Global_BINARY_1_2_CV_FOLD_4' 18 30
PROGRESS_REPORT_ELAPSED_TOTAL 'SVM_SOLVER_ITERATION:SVC_Global_BINARY_1_2_CV_FOLD_4' 21 30
PROGRESS_REPORT_ELAPSED_TOTAL 'SVM_SOLVER_ITERATION:SVC_Global_BINARY_1_2_CV_FOLD_4' 24 30
PROGRESS_REPORT_ELAPSED_TOTAL 'SVM_SOLVER_ITERATION:SVC_Global_BINARY_1_2_CV_FOLD_4' 27 30
PROGRESS_REPORT_ELAPSED_TOTAL 'SVM_SOLVER_ITERATION:SVC_Global_BINARY_1_2_CV_FOLD_4' 30 30
PROGRESS_REPORT_ELAPSED_TOTAL 'SVM_TRAIN_CLASS_PROBA_CROSS_VALIDATION' 5 5
PROGRESS_REPORT_ELAPSED_TOTAL 'SVM_SOLVER_ITERATION:SVC_Global_BINARY_1_2_CV_FOLD_5' 3 30
PROGRESS_REPORT_ELAPSED_TOTAL 'SVM_SOLVER_ITERATION:SVC_Global_BINARY_1_2_CV_FOLD_5' 6 30
PROGRESS_REPORT_ELAPSED_TOTAL 'SVM_SOLVER_ITERATION:SVC_Global_BINARY_1_2_CV_FOLD_5' 9 30
PROGRESS_REPORT_ELAPSED_TOTAL 'SVM_SOLVER_ITERATION:SVC_Global_BINARY_1_2_CV_FOLD_5' 12 30
PROGRESS_REPORT_ELAPSED_TOTAL 'SVM_SOLVER_ITERATION:SVC_Global_BINARY_1_2_CV_FOLD_5' 15 30
PROGRESS_REPORT_ELAPSED_TOTAL 'SVM_SOLVER_ITERATION:SVC_Global_BINARY_1_2_CV_FOLD_5' 18 30
PROGRESS_REPORT_ELAPSED_TOTAL 'SVM_SOLVER_ITERATION:SVC_Global_BINARY_1_2_CV_FOLD_5' 21 30
PROGRESS_REPORT_ELAPSED_TOTAL 'SVM_SOLVER_ITERATION:SVC_Global_BINARY_1_2_CV_FOLD_5' 24 30
PROGRESS_REPORT_ELAPSED_TOTAL 'SVM_SOLVER_ITERATION:SVC_Global_BINARY_1_2_CV_FOLD_5' 27 30
PROGRESS_REPORT_ELAPSED_TOTAL 'SVM_SOLVER_ITERATION:SVC_Global_BINARY_1_2_CV_FOLD_5' 30 30
PROGRESS_REPORT_ELAPSED_TOTAL 'SVM_SOLVER_ITERATION:SVC_Global_BINARY_1_2' 3 30
PROGRESS_REPORT_ELAPSED_TOTAL 'SVM_SOLVER_ITERATION:SVC_Global_BINARY_1_2' 6 30
PROGRESS_REPORT_ELAPSED_TOTAL 'SVM_SOLVER_ITERATION:SVC_Global_BINARY_1_2' 9 30
PROGRESS_REPORT_ELAPSED_TOTAL 'SVM_SOLVER_ITERATION:SVC_Global_BINARY_1_2' 12 30
PROGRESS_REPORT_ELAPSED_TOTAL 'SVM_SOLVER_ITERATION:SVC_Global_BINARY_1_2' 15 30
PROGRESS_REPORT_ELAPSED_TOTAL 'SVM_SOLVER_ITERATION:SVC_Global_BINARY_1_2' 18 30
PROGRESS_REPORT_ELAPSED_TOTAL 'SVM_SOLVER_ITERATION:SVC_Global_BINARY_1_2' 21 30
PROGRESS_REPORT_ELAPSED_TOTAL 'SVM_SOLVER_ITERATION:SVC_Global_BINARY_1_2' 24 30
PROGRESS_REPORT_ELAPSED_TOTAL 'SVM_SOLVER_ITERATION:SVC_Global_BINARY_1_2' 27 30
PROGRESS_REPORT_ELAPSED_TOTAL 'SVM_SOLVER_ITERATION:SVC_Global_BINARY_1_2' 30 30
PROGRESS_REPORT_ELAPSED_TOTAL 'SVM_TRAIN_CLASS_SUB_PROBLEM' 5 6
PROGRESS_REPORT_ELAPSED_TOTAL 'SVM_TRAIN_CLASS_PROBA_CROSS_VALIDATION' 1 5
PROGRESS_REPORT_ELAPSED_TOTAL 'SVM_SOLVER_ITERATION:SVC_Global_BINARY_1_3_CV_FOLD_1' 3 30
PROGRESS_REPORT_ELAPSED_TOTAL 'SVM_SOLVER_ITERATION:SVC_Global_BINARY_1_3_CV_FOLD_1' 6 30
PROGRESS_REPORT_ELAPSED_TOTAL 'SVM_SOLVER_ITERATION:SVC_Global_BINARY_1_3_CV_FOLD_1' 9 30
PROGRESS_REPORT_ELAPSED_TOTAL 'SVM_SOLVER_ITERATION:SVC_Global_BINARY_1_3_CV_FOLD_1' 12 30
PROGRESS_REPORT_ELAPSED_TOTAL 'SVM_SOLVER_ITERATION:SVC_Global_BINARY_1_3_CV_FOLD_1' 15 30
PROGRESS_REPORT_ELAPSED_TOTAL 'SVM_SOLVER_ITERATION:SVC_Global_BINARY_1_3_CV_FOLD_1' 18 30
PROGRESS_REPORT_ELAPSED_TOTAL 'SVM_SOLVER_ITERATION:SVC_Global_BINARY_1_3_CV_FOLD_1' 21 30
PROGRESS_REPORT_ELAPSED_TOTAL 'SVM_SOLVER_ITERATION:SVC_Global_BINARY_1_3_CV_FOLD_1' 24 30
PROGRESS_REPORT_ELAPSED_TOTAL 'SVM_SOLVER_ITERATION:SVC_Global_BINARY_1_3_CV_FOLD_1' 27 30
PROGRESS_REPORT_ELAPSED_TOTAL 'SVM_SOLVER_ITERATION:SVC_Global_BINARY_1_3_CV_FOLD_1' 30 30
PROGRESS_REPORT_ELAPSED_TOTAL 'SVM_TRAIN_CLASS_PROBA_CROSS_VALIDATION' 2 5
PROGRESS_REPORT_ELAPSED_TOTAL 'SVM_SOLVER_ITERATION:SVC_Global_BINARY_1_3_CV_FOLD_2' 3 30
PROGRESS_REPORT_ELAPSED_TOTAL 'SVM_SOLVER_ITERATION:SVC_Global_BINARY_1_3_CV_FOLD_2' 6 30
PROGRESS_REPORT_ELAPSED_TOTAL 'SVM_SOLVER_ITERATION:SVC_Global_BINARY_1_3_CV_FOLD_2' 9 30
PROGRESS_REPORT_ELAPSED_TOTAL 'SVM_SOLVER_ITERATION:SVC_Global_BINARY_1_3_CV_FOLD_2' 12 30
PROGRESS_REPORT_ELAPSED_TOTAL 'SVM_SOLVER_ITERATION:SVC_Global_BINARY_1_3_CV_FOLD_2' 15 30
PROGRESS_REPORT_ELAPSED_TOTAL 'SVM_SOLVER_ITERATION:SVC_Global_BINARY_1_3_CV_FOLD_2' 18 30
PROGRESS_REPORT_ELAPSED_TOTAL 'SVM_SOLVER_ITERATION:SVC_Global_BINARY_1_3_CV_FOLD_2' 21 30
PROGRESS_REPORT_ELAPSED_TOTAL 'SVM_SOLVER_ITERATION:SVC_Global_BINARY_1_3_CV_FOLD_2' 24 30
PROGRESS_REPORT_ELAPSED_TOTAL 'SVM_SOLVER_ITERATION:SVC_Global_BINARY_1_3_CV_FOLD_2' 27 30
PROGRESS_REPORT_ELAPSED_TOTAL 'SVM_SOLVER_ITERATION:SVC_Global_BINARY_1_3_CV_FOLD_2' 30 30
PROGRESS_REPORT_ELAPSED_TOTAL 'SVM_TRAIN_CLASS_PROBA_CROSS_VALIDATION' 3 5
PROGRESS_REPORT_ELAPSED_TOTAL 'SVM_SOLVER_ITERATION:SVC_Global_BINARY_1_3_CV_FOLD_3' 3 30
PROGRESS_REPORT_ELAPSED_TOTAL 'SVM_SOLVER_ITERATION:SVC_Global_BINARY_1_3_CV_FOLD_3' 6 30
PROGRESS_REPORT_ELAPSED_TOTAL 'SVM_SOLVER_ITERATION:SVC_Global_BINARY_1_3_CV_FOLD_3' 9 30
PROGRESS_REPORT_ELAPSED_TOTAL 'SVM_SOLVER_ITERATION:SVC_Global_BINARY_1_3_CV_FOLD_3' 12 30
PROGRESS_REPORT_ELAPSED_TOTAL 'SVM_SOLVER_ITERATION:SVC_Global_BINARY_1_3_CV_FOLD_3' 15 30
PROGRESS_REPORT_ELAPSED_TOTAL 'SVM_SOLVER_ITERATION:SVC_Global_BINARY_1_3_CV_FOLD_3' 18 30
PROGRESS_REPORT_ELAPSED_TOTAL 'SVM_SOLVER_ITERATION:SVC_Global_BINARY_1_3_CV_FOLD_3' 21 30
PROGRESS_REPORT_ELAPSED_TOTAL 'SVM_SOLVER_ITERATION:SVC_Global_BINARY_1_3_CV_FOLD_3' 24 30
PROGRESS_REPORT_ELAPSED_TOTAL 'SVM_SOLVER_ITERATION:SVC_Global_BINARY_1_3_CV_FOLD_3' 27 30
PROGRESS_REPORT_ELAPSED_TOTAL 'SVM_SOLVER_ITERATION:SVC_Global_BINARY_1_3_CV_FOLD_3' 30 30
PROGRESS_REPORT_ELAPSED_TOTAL 'SVM_TRAIN_CLASS_PROBA_CROSS_VALIDATION' 4 5
PROGRESS_REPORT_ELAPSED_TOTAL 'SVM_SOLVER_ITERATION:SVC_Global_BINARY_1_3_CV_FOLD_4' 3 30
PROGRESS_REPORT_ELAPSED_TOTAL 'SVM_SOLVER_ITERATION:SVC_Global_BINARY_1_3_CV_FOLD_4' 6 30
PROGRESS_REPORT_ELAPSED_TOTAL 'SVM_SOLVER_ITERATION:SVC_Global_BINARY_1_3_CV_FOLD_4' 9 30
PROGRESS_REPORT_ELAPSED_TOTAL 'SVM_SOLVER_ITERATION:SVC_Global_BINARY_1_3_CV_FOLD_4' 12 30
PROGRESS_REPORT_ELAPSED_TOTAL 'SVM_SOLVER_ITERATION:SVC_Global_BINARY_1_3_CV_FOLD_4' 15 30
PROGRESS_REPORT_ELAPSED_TOTAL 'SVM_SOLVER_ITERATION:SVC_Global_BINARY_1_3_CV_FOLD_4' 18 30
PROGRESS_REPORT_ELAPSED_TOTAL 'SVM_SOLVER_ITERATION:SVC_Global_BINARY_1_3_CV_FOLD_4' 21 30
PROGRESS_REPORT_ELAPSED_TOTAL 'SVM_SOLVER_ITERATION:SVC_Global_BINARY_1_3_CV_FOLD_4' 24 30
PROGRESS_REPORT_ELAPSED_TOTAL 'SVM_SOLVER_ITERATION:SVC_Global_BINARY_1_3_CV_FOLD_4' 27 30
PROGRESS_REPORT_ELAPSED_TOTAL 'SVM_SOLVER_ITERATION:SVC_Global_BINARY_1_3_CV_FOLD_4' 30 30
PROGRESS_REPORT_ELAPSED_TOTAL 'SVM_TRAIN_CLASS_PROBA_CROSS_VALIDATION' 5 5
PROGRESS_REPORT_ELAPSED_TOTAL 'SVM_SOLVER_ITERATION:SVC_Global_BINARY_1_3_CV_FOLD_5' 3 30
PROGRESS_REPORT_ELAPSED_TOTAL 'SVM_SOLVER_ITERATION:SVC_Global_BINARY_1_3_CV_FOLD_5' 6 30
PROGRESS_REPORT_ELAPSED_TOTAL 'SVM_SOLVER_ITERATION:SVC_Global_BINARY_1_3_CV_FOLD_5' 9 30
PROGRESS_REPORT_ELAPSED_TOTAL 'SVM_SOLVER_ITERATION:SVC_Global_BINARY_1_3_CV_FOLD_5' 12 30
PROGRESS_REPORT_ELAPSED_TOTAL 'SVM_SOLVER_ITERATION:SVC_Global_BINARY_1_3_CV_FOLD_5' 15 30
PROGRESS_REPORT_ELAPSED_TOTAL 'SVM_SOLVER_ITERATION:SVC_Global_BINARY_1_3_CV_FOLD_5' 18 30
PROGRESS_REPORT_ELAPSED_TOTAL 'SVM_SOLVER_ITERATION:SVC_Global_BINARY_1_3_CV_FOLD_5' 21 30
PROGRESS_REPORT_ELAPSED_TOTAL 'SVM_SOLVER_ITERATION:SVC_Global_BINARY_1_3_CV_FOLD_5' 24 30
PROGRESS_REPORT_ELAPSED_TOTAL 'SVM_SOLVER_ITERATION:SVC_Global_BINARY_1_3_CV_FOLD_5' 27 30
PROGRESS_REPORT_ELAPSED_TOTAL 'SVM_SOLVER_ITERATION:SVC_Global_BINARY_1_3_CV_FOLD_5' 30 30
PROGRESS_REPORT_ELAPSED_TOTAL 'SVM_SOLVER_ITERATION:SVC_Global_BINARY_1_3' 3 30
PROGRESS_REPORT_ELAPSED_TOTAL 'SVM_SOLVER_ITERATION:SVC_Global_BINARY_1_3' 6 30
PROGRESS_REPORT_ELAPSED_TOTAL 'SVM_SOLVER_ITERATION:SVC_Global_BINARY_1_3' 9 30
PROGRESS_REPORT_ELAPSED_TOTAL 'SVM_SOLVER_ITERATION:SVC_Global_BINARY_1_3' 12 30
PROGRESS_REPORT_ELAPSED_TOTAL 'SVM_SOLVER_ITERATION:SVC_Global_BINARY_1_3' 15 30
PROGRESS_REPORT_ELAPSED_TOTAL 'SVM_SOLVER_ITERATION:SVC_Global_BINARY_1_3' 18 30
PROGRESS_REPORT_ELAPSED_TOTAL 'SVM_SOLVER_ITERATION:SVC_Global_BINARY_1_3' 21 30
PROGRESS_REPORT_ELAPSED_TOTAL 'SVM_SOLVER_ITERATION:SVC_Global_BINARY_1_3' 24 30
PROGRESS_REPORT_ELAPSED_TOTAL 'SVM_SOLVER_ITERATION:SVC_Global_BINARY_1_3' 27 30
PROGRESS_REPORT_ELAPSED_TOTAL 'SVM_SOLVER_ITERATION:SVC_Global_BINARY_1_3' 30 30
PROGRESS_REPORT_ELAPSED_TOTAL 'SVM_TRAIN_CLASS_SUB_PROBLEM' 6 6
PROGRESS_REPORT_ELAPSED_TOTAL 'SVM_TRAIN_CLASS_PROBA_CROSS_VALIDATION' 1 5
PROGRESS_REPORT_ELAPSED_TOTAL 'SVM_SOLVER_ITERATION:SVC_Global_BINARY_2_3_CV_FOLD_1' 3 30
PROGRESS_REPORT_ELAPSED_TOTAL 'SVM_SOLVER_ITERATION:SVC_Global_BINARY_2_3_CV_FOLD_1' 6 30
PROGRESS_REPORT_ELAPSED_TOTAL 'SVM_SOLVER_ITERATION:SVC_Global_BINARY_2_3_CV_FOLD_1' 9 30
PROGRESS_REPORT_ELAPSED_TOTAL 'SVM_SOLVER_ITERATION:SVC_Global_BINARY_2_3_CV_FOLD_1' 12 30
PROGRESS_REPORT_ELAPSED_TOTAL 'SVM_SOLVER_ITERATION:SVC_Global_BINARY_2_3_CV_FOLD_1' 15 30
PROGRESS_REPORT_ELAPSED_TOTAL 'SVM_SOLVER_ITERATION:SVC_Global_BINARY_2_3_CV_FOLD_1' 18 30
PROGRESS_REPORT_ELAPSED_TOTAL 'SVM_SOLVER_ITERATION:SVC_Global_BINARY_2_3_CV_FOLD_1' 21 30
PROGRESS_REPORT_ELAPSED_TOTAL 'SVM_SOLVER_ITERATION:SVC_Global_BINARY_2_3_CV_FOLD_1' 24 30
PROGRESS_REPORT_ELAPSED_TOTAL 'SVM_SOLVER_ITERATION:SVC_Global_BINARY_2_3_CV_FOLD_1' 27 30
PROGRESS_REPORT_ELAPSED_TOTAL 'SVM_SOLVER_ITERATION:SVC_Global_BINARY_2_3_CV_FOLD_1' 30 30
PROGRESS_REPORT_ELAPSED_TOTAL 'SVM_TRAIN_CLASS_PROBA_CROSS_VALIDATION' 2 5
PROGRESS_REPORT_ELAPSED_TOTAL 'SVM_SOLVER_ITERATION:SVC_Global_BINARY_2_3_CV_FOLD_2' 3 30
PROGRESS_REPORT_ELAPSED_TOTAL 'SVM_SOLVER_ITERATION:SVC_Global_BINARY_2_3_CV_FOLD_2' 6 30
PROGRESS_REPORT_ELAPSED_TOTAL 'SVM_SOLVER_ITERATION:SVC_Global_BINARY_2_3_CV_FOLD_2' 9 30
PROGRESS_REPORT_ELAPSED_TOTAL 'SVM_SOLVER_ITERATION:SVC_Global_BINARY_2_3_CV_FOLD_2' 12 30
PROGRESS_REPORT_ELAPSED_TOTAL 'SVM_SOLVER_ITERATION:SVC_Global_BINARY_2_3_CV_FOLD_2' 15 30
PROGRESS_REPORT_ELAPSED_TOTAL 'SVM_SOLVER_ITERATION:SVC_Global_BINARY_2_3_CV_FOLD_2' 18 30
PROGRESS_REPORT_ELAPSED_TOTAL 'SVM_SOLVER_ITERATION:SVC_Global_BINARY_2_3_CV_FOLD_2' 21 30
PROGRESS_REPORT_ELAPSED_TOTAL 'SVM_SOLVER_ITERATION:SVC_Global_BINARY_2_3_CV_FOLD_2' 24 30
PROGRESS_REPORT_ELAPSED_TOTAL 'SVM_SOLVER_ITERATION:SVC_Global_BINARY_2_3_CV_FOLD_2' 27 30
PROGRESS_REPORT_ELAPSED_TOTAL 'SVM_SOLVER_ITERATION:SVC_Global_BINARY_2_3_CV_FOLD_2' 30 30
PROGRESS_REPORT_ELAPSED_TOTAL 'SVM_TRAIN_CLASS_PROBA_CROSS_VALIDATION' 3 5
PROGRESS_REPORT_ELAPSED_TOTAL 'SVM_SOLVER_ITERATION:SVC_Global_BINARY_2_3_CV_FOLD_3' 3 30
PROGRESS_REPORT_ELAPSED_TOTAL 'SVM_SOLVER_ITERATION:SVC_Global_BINARY_2_3_CV_FOLD_3' 6 30
PROGRESS_REPORT_ELAPSED_TOTAL 'SVM_SOLVER_ITERATION:SVC_Global_BINARY_2_3_CV_FOLD_3' 9 30
PROGRESS_REPORT_ELAPSED_TOTAL 'SVM_SOLVER_ITERATION:SVC_Global_BINARY_2_3_CV_FOLD_3' 12 30
PROGRESS_REPORT_ELAPSED_TOTAL 'SVM_SOLVER_ITERATION:SVC_Global_BINARY_2_3_CV_FOLD_3' 15 30
PROGRESS_REPORT_ELAPSED_TOTAL 'SVM_SOLVER_ITERATION:SVC_Global_BINARY_2_3_CV_FOLD_3' 18 30
PROGRESS_REPORT_ELAPSED_TOTAL 'SVM_SOLVER_ITERATION:SVC_Global_BINARY_2_3_CV_FOLD_3' 21 30
PROGRESS_REPORT_ELAPSED_TOTAL 'SVM_SOLVER_ITERATION:SVC_Global_BINARY_2_3_CV_FOLD_3' 24 30
PROGRESS_REPORT_ELAPSED_TOTAL 'SVM_SOLVER_ITERATION:SVC_Global_BINARY_2_3_CV_FOLD_3' 27 30
PROGRESS_REPORT_ELAPSED_TOTAL 'SVM_SOLVER_ITERATION:SVC_Global_BINARY_2_3_CV_FOLD_3' 30 30
PROGRESS_REPORT_ELAPSED_TOTAL 'SVM_TRAIN_CLASS_PROBA_CROSS_VALIDATION' 4 5
PROGRESS_REPORT_ELAPSED_TOTAL 'SVM_SOLVER_ITERATION:SVC_Global_BINARY_2_3_CV_FOLD_4' 3 30
PROGRESS_REPORT_ELAPSED_TOTAL 'SVM_SOLVER_ITERATION:SVC_Global_BINARY_2_3_CV_FOLD_4' 6 30
PROGRESS_REPORT_ELAPSED_TOTAL 'SVM_SOLVER_ITERATION:SVC_Global_BINARY_2_3_CV_FOLD_4' 9 30
PROGRESS_REPORT_ELAPSED_TOTAL 'SVM_SOLVER_ITERATION:SVC_Global_BINARY_2_3_CV_FOLD_4' 12 30
PROGRESS_REPORT_ELAPSED_TOTAL 'SVM_SOLVER_ITERATION:SVC_Global_BINARY_2_3_CV_FOLD_4' 15 30
PROGRESS_REPORT_ELAPSED_TOTAL 'SVM_SOLVER_ITERATION:SVC_Global_BINARY_2_3_CV_FOLD_4' 18 30
PROGRESS_REPORT_ELAPSED_TOTAL 'SVM_SOLVER_ITERATION:SVC_Global_BINARY_2_3_CV_FOLD_4' 21 30
PROGRESS_REPORT_ELAPSED_TOTAL 'SVM_SOLVER_ITERATION:SVC_Global_BINARY_2_3_CV_FOLD_4' 24 30
PROGRESS_REPORT_ELAPSED_TOTAL 'SVM_SOLVER_ITERATION:SVC_Global_BINARY_2_3_CV_FOLD_4' 27 30
PROGRESS_REPORT_ELAPSED_TOTAL 'SVM_SOLVER_ITERATION:SVC_Global_BINARY_2_3_CV_FOLD_4' 30 30
PROGRESS_REPORT_ELAPSED_TOTAL 'SVM_TRAIN_CLASS_PROBA_CROSS_VALIDATION' 5 5
PROGRESS_REPORT_ELAPSED_TOTAL 'SVM_SOLVER_ITERATION:SVC_Global_BINARY_2_3_CV_FOLD_5' 3 30
PROGRESS_REPORT_ELAPSED_TOTAL 'SVM_SOLVER_ITERATION:SVC_Global_BINARY_2_3_CV_FOLD_5' 6 30
PROGRESS_REPORT_ELAPSED_TOTAL 'SVM_SOLVER_ITERATION:SVC_Global_BINARY_2_3_CV_FOLD_5' 9 30
PROGRESS_REPORT_ELAPSED_TOTAL 'SVM_SOLVER_ITERATION:SVC_Global_BINARY_2_3_CV_FOLD_5' 12 30
PROGRESS_REPORT_ELAPSED_TOTAL 'SVM_SOLVER_ITERATION:SVC_Global_BINARY_2_3_CV_FOLD_5' 15 30
PROGRESS_REPORT_ELAPSED_TOTAL 'SVM_SOLVER_ITERATION:SVC_Global_BINARY_2_3_CV_FOLD_5' 18 30
PROGRESS_REPORT_ELAPSED_TOTAL 'SVM_SOLVER_ITERATION:SVC_Global_BINARY_2_3_CV_FOLD_5' 21 30
PROGRESS_REPORT_ELAPSED_TOTAL 'SVM_SOLVER_ITERATION:SVC_Global_BINARY_2_3_CV_FOLD_5' 24 30
PROGRESS_REPORT_ELAPSED_TOTAL 'SVM_SOLVER_ITERATION:SVC_Global_BINARY_2_3_CV_FOLD_5' 27 30
PROGRESS_REPORT_ELAPSED_TOTAL 'SVM_SOLVER_ITERATION:SVC_Global_BINARY_2_3_CV_FOLD_5' 30 30
PROGRESS_REPORT_ELAPSED_TOTAL 'SVM_SOLVER_ITERATION:SVC_Global_BINARY_2_3' 3 30
PROGRESS_REPORT_ELAPSED_TOTAL 'SVM_SOLVER_ITERATION:SVC_Global_BINARY_2_3' 6 30
PROGRESS_REPORT_ELAPSED_TOTAL 'SVM_SOLVER_ITERATION:SVC_Global_BINARY_2_3' 9 30
PROGRESS_REPORT_ELAPSED_TOTAL 'SVM_SOLVER_ITERATION:SVC_Global_BINARY_2_3' 12 30
PROGRESS_REPORT_ELAPSED_TOTAL 'SVM_SOLVER_ITERATION:SVC_Global_BINARY_2_3' 15 30
PROGRESS_REPORT_ELAPSED_TOTAL 'SVM_SOLVER_ITERATION:SVC_Global_BINARY_2_3' 18 30
PROGRESS_REPORT_ELAPSED_TOTAL 'SVM_SOLVER_ITERATION:SVC_Global_BINARY_2_3' 21 30
PROGRESS_REPORT_ELAPSED_TOTAL 'SVM_SOLVER_ITERATION:SVC_Global_BINARY_2_3' 24 30
PROGRESS_REPORT_ELAPSED_TOTAL 'SVM_SOLVER_ITERATION:SVC_Global_BINARY_2_3' 27 30
PROGRESS_REPORT_ELAPSED_TOTAL 'SVM_SOLVER_ITERATION:SVC_Global_BINARY_2_3' 30 30
PROGRESS_REPORT_ELAPSED_TOTAL 'SVM_CLASSIFIER_FIT' 5 5
MCU_DEPLOY_CLASSIFICATION_CODE MODEL_JSON_EXPORT_STEP
MODEL_JSON_DUMP_START
{
	"metadata" : { "model" : "Vapnik_SVC_RBF", "version" : "2024-W04"},
	"options" : {"svm_type" : "c_svc", "kernel" : "rbf", "degree" : 3, "gamma" : 0.05062655, "coef0" : 0, "cache_size" : 10240, "tol" : 0.001, "nu" : 0.5, "epsilon" : 0, "shrinking" : 0, "probability" : 1, "C" : 1, "max_iter" : 30, "random_state" : 1789 },
	"dataset" : { "dataset_rows" : 1024, "dataset_features" : 10 },
	"classes" : [ 0, 1, 2, 3 ],
	"svm_model" : {
	"classes" : 4,
	"L" : 292,
	"SupportVectors" : {
		"SV_000" : [ 2.8678648, -1.912016, 0.0051090717, -0.89771724, -0.41368952, 1.1381851, -1.6967643, -1.5357227, -0.61646581, -0.57238513 ],
		"SV_001" : [ 0.29378304, -0.4861221, 1.3745048, 0.88192564, 2.7500732, 1.5028665, 0.23154752, 0.2840625, 0.68743074, -2.4259639 ],
		"SV_002" : [ -1.4405266, 1.7494687, -0.19673675, -2.1985269, -0.19126928, 0.048748653, 0.21184026, -0.21766271, -2.0245943, 0.64124483 ],
		"SV_003" : [ 0.41992474, -0.51740569, -1.412564, 0.38064906, -0.54740107, -0.25876653, -2.6391275, -1.5208607, 1.6578375, -0.33790943 ],
		"SV_004" : [ -1.1900274, 1.8386502, 1.7716231, -1.8998324, -0.037868634, 0.29735476, 0.98089987, 1.5763202, -1.0398653, 1.1948025 ],
		"SV_005" : [ -1.8007063, 1.7924047, -0.59032363, -1.8506541, -0.033488601, 1.1656622, -0.0039160871, -0.64664263, -1.857783, 0.26071587 ],
		"SV_006" : [ -0.96312428, 1.8515846, -0.0019230103, -2.4315641, 1.7978631, -0.14271206, -2.3927798, -0.061410766, 0.55993545, 0.15622032 ],
		"SV_007" : [ 1.4655634, -2.3735814, -1.0919847, 2.7899699, -2.8165615, -0.1158463, -0.20117934, -1.2628788, 1.1960291, 0.48164469 ],
		"SV_008" : [ 1.0747617, -1.4173177, 0.14325845, 1.1585131, 0.15311714, -0.11958186, -2.6265934, -2.0800767, 1.7137302, 0.42898598 ],
		"SV_009" : [ 2.5490983, -1.8857155, 0.6599021, -0.047648191, -0.65852308, 1.2617544, 0.90777123, 0.090853997, -1.1666379, -0.083655268 ],
		"SV_010" : [ -0.10965097, -0.10467951, 1.707372, -0.037001472, 0.9442203, 1.8618631, -0.81353617, -1.1252459, -0.16010889, -0.29506382 ],
		"SV_011" : [ -0.64940852, 1.0301121, 0.59031314, -1.4323184, 0.032630097, -0.0089731375, -0.48890439, -0.064296246, -0.6355136, 0.25522837 ],
		"SV_012" : [ 0.49665046, -0.58842933, 1.3823115, 0.55611897, -0.38546747, 0.64153886, -1.2863171, -0.71212721, 1.1006638, 0.76590818 ],
		"SV_013" : [ 1.1660038, -0.61642653, 0.98948526, -0.43829653, 0.63090467, 0.024575135, -0.0090490319, 0.20190984, -0.29141408, 0.038294751 ],
		"SV_014" : [ 0.079377964, 1.5111477, -1.4736561, -2.6441872, 1.7295848, -0.4148446, -3.5303798, 0.65039575, 2.0719807, -0.98086339 ],
		"SV_015" : [ -0.44516563, 1.1053071, 0.56710345, -2.293164, -0.3142989, 1.8382319, -2.0817063, -1.1620837, -0.66435289, 0.036149208 ],
		"SV_016" : [ -0.19336882, 1.1492513, -0.22562853, -2.2353544, -1.606311, 0.82447571, 0.08196076, 0.7716071, -1.1903471, 0.43257517 ],
		"SV_017" : [ -1.9347042, 2.5349805, -0.91335022, -2.4976594, -0.41390279, -0.33997446, -0.97410715, 0.46792465, -0.39171067, -0.42901927 ],
		"SV_018" : [ -2.1789944, 1.6292546, 1.3263289, -1.4484291, -0.13508733, 0.80047733, -1.04135, -2.2148862, -1.7911152, -2.5715044 ],
		"SV_019" : [ -0.38593334, 1.313454, 1.1216116, -1.5619555, -0.97629213, -0.29314187, -1.4072813, 1.1261911, 1.2174445, 0.67835522 ],
		"SV_020" : [ -0.25915092, 0.049919713, 1.6322212, -0.29906866, -0.64362228, -0.023007145, 0.22319385, -0.82853824, -1.1658001, -0.30763063 ],
		"SV_021" : [ -0.62777662, -0.041215103, -0.9822228, 0.27926332, -0.54369169, -1.0049344, 0.21413024, -1.3740997, -1.1274538, 0.93914688 ],
		"SV_022" : [ 2.4669588, -2.638876, -1.0343807, 1.7715932, 0.054470666, 0.14820781, 1.3801312, -0.24407634, -0.47292152, 0.40929076 ],
		"SV_023" : [ -0.071107358, 1.2196552, 0.50231671, -1.9614729, 0.70580709, 0.65975487, -2.4767904, 0.57117659, 1.481645, 1.2385951 ],
		"SV_024" : [ -0.13239431, -0.4043614, -0.79505265, 0.0050251083, 0.064105548, -0.69204235, 0.47129619, -1.6766388, -1.929933, -1.0483044 ],
		"SV_025" : [ -1.3561127, 2.3365977, -0.32020453, -2.5610678, 0.98991954, 0.63971186, -1.2996376, 1.0447626, 0.33445561, -0.021522764 ],
		"SV_026" : [ -0.27796492, 0.731143, 0.10643966, -1.0966311, -0.48370612, -1.1351798, 0.49722478, 0.7304284, -0.72907037, 1.1741726 ],
		"SV_027" : [ -0.21185586, 0.18837599, 0.31204942, -0.94417596, -0.49694076, -0.85246038, 0.39989883, -0.99157751, -2.0144868, -2.5403066 ],
		"SV_028" : [ 0.61756992, -0.49166167, 0.60501653, -0.24243268, 0.76991785, 0.075679094, 0.00010268533, -0.53500003, -0.72741079, 2.1642127 ],
		"SV_029" : [ -0.78259969, 0.94993532, -0.65880656, -1.2554432, 0.96902257, 0.77154446, -0.24291717, -0.37108761, -1.0002201, -0.15432572 ],
		"SV_030" : [ -0.059360821, -0.25640988, -0.84114343, 0.25761253, -0.73999655, 0.34192571, -0.97258824, -1.229115, 0.14516036, -0.56122613 ],
		"SV_031" : [ 1.2539874, -0.73519444, -0.30936217, -0.43696111, 1.1934617, 0.31583676, -0.92598069, -0.43420216, 0.091455929, 0.452317 ],
		"SV_032" : [ 1.2674719, -1.0900152, 0.053820234, 0.45118579, 1.2362255, -0.55869955, 0.36376014, 0.087003842, -0.071029641, -0.75399709 ],
		"SV_033" : [ -1.0603908, 1.5727649, -0.32894558, -1.9876441, -0.15351202, -1.3809662, -2.7355802, -0.92733294, 0.52614403, -1.1842113 ],
		"SV_034" : [ -0.60660887, 1.0592211, -0.20336057, -1.7437985, -0.3655062, 0.96356291, -1.2560847, -0.62708747, -0.59014827, -1.4409297 ],
		"SV_035" : [ 0.37724102, -1.0917544, 0.032080881, 2.0333955, 1.6588472, -1.8585234, -0.031244494, -0.3113302, 1.3572574, -0.46554893 ],
		"SV_036" : [ 0.72928786, -0.077315979, -0.69981515, -1.1222826, -0.10234287, -0.053292677, -2.4482288, -1.0133877, 0.66084212, -0.11152744 ],
		"SV_037" : [ 1.4925699, -0.96189409, 0.70803589, -0.47243372, 1.0302365, 0.73742574, -1.5345948, -0.98135602, 0.18822105, -0.38813475 ],
		"SV_038" : [ -2.1624193, 2.0458109, -0.25349727, -1.9259965, -0.39309272, -0.83089513, 0.55676287, -0.50929403, -2.338522, -1.2104744 ],
		"SV_039" : [ -0.65780044, 0.61692417, -0.46755359, -1.1480306, -0.38244846, 0.64206487, -0.26038072, -1.1597383, -1.5966827, 0.11098336 ],
		"SV_040" : [ -0.50030589, 1.3748363, 0.5807597, -1.6768271, -0.94560426, -1.4933956, 0.027709087, 1.5528232, 0.028975116, -0.52738661 ],
		"SV_041" : [ -1.1266494, 1.6967444, 0.70971072, -1.6661602, -0.2327431, 0.031046754, -0.80350888, 0.70836574, 0.22526285, -0.13344769 ],
		"SV_042" : [ -0.27116933, 0.5968163, 0.21978894, -0.70186454, -0.89458758, 1.232131, -2.6943047, -0.68834788, 1.6428822, -0.10382359 ],
		"SV_043" : [ 0.26394904, -0.97861475, -0.44707182, 1.7595977, 0.19625407, -0.30927688, -1.8950764, -1.4326493, 2.0937371, 0.31868163 ],
		"SV_044" : [ 1.1839223, -1.3695643, 1.2226735, 1.1701818, 0.082184441, 0.12741984, -0.055594403, -0.39552823, 0.52837658, -0.48031217 ],
		"SV_045" : [ 1.1431851, -1.1306583, -1.2606912, 0.62288415, 0.039605223, -0.70381373, -0.67086208, -0.64455003, 0.50971681, 0.089483209 ],
		"SV_046" : [ 0.68815333, -0.23890197, 0.78593749, -0.70767957, -1.6027691, -0.72968227, -2.5830617, -1.2244688, 0.95394778, 0.53413033 ],
		"SV_047" : [ 2.0315526, -1.7843853, 2.3998623, 0.48573032, 1.1344897, -1.0702268, -0.67004699, -0.91413969, 0.068922967, 0.060765166 ],
		"SV_048" : [ 0.32451105, -1.586308, 1.587482, 1.6441702, 0.59111655, -0.54413825, 1.9830317, -1.9523184, -2.45895, -0.04177637 ],
		"SV_049" : [ 0.092204675, -1.4071289, 0.99411136, 1.6407989, 1.0529498, 0.60047042, 2.012027, -1.8917408, -2.4140408, -1.3789769 ],
		"SV_050" : [ -0.33293021, 0.47588536, -0.38294452, -1.1388873, 0.033755112, -0.05401203, -1.452296, -1.3532759, -0.56318682, 0.26675579 ],
		"SV_051" : [ -0.58225554, -0.74938571, 0.37707168, 1.5156051, -0.33511084, -0.82825291, 1.8579974, -1.4628936, -1.9102546, 0.6041373 ],
		"SV_052" : [ 0.1454125, -0.46969122, 1.9562793, 0.90170676, 0.66798884, -0.1885751, -1.3325491, -0.75252247, 1.4286439, -1.2957165 ],
		"SV_053" : [ -1.0672499, 0.63300055, 1.0870811, -0.51535255, 0.06540636, 1.3153801, -1.1605635, -1.743791, -0.62463564, -0.08921054 ],
		"SV_054" : [ 1.1876202, -1.0289937, -2.188798, 0.5385018, -0.32035381, 0.90111804, 1.073303, 0.55292785, -0.31788608, -1.0146917 ],
		"SV_055" : [ -1.0073215, 1.9784263, -1.8434016, -2.7117677, -0.083681241, -1.6079586, -3.7814054, -0.73179036, 1.1869314, -0.069190927 ],
		"SV_056" : [ 0.99322873, -0.45982751, -1.4388382, -0.70127553, 0.011404422, -0.60189438, -2.0109887, -0.96413678, 0.56355762, -0.32664967 ],
		"SV_057" : [ -0.35174382, 0.59999943, -0.37790284, -0.5423373, -2.3986726, -0.54544508, -1.2560652, -0.0069133332, 0.89049321, -1.3106817 ],
		"SV_058" : [ 0.47398701, 0.5003643, 1.723881, -1.1824108, -0.57464731, -0.20468861, 2.0873837, 2.5099382, -0.96670693, -0.73100477 ],
		"SV_059" : [ 0.65616077, 0.49457937, -1.2491676, -1.5161917, -1.356776, 0.82549286, -1.5585381, 0.82986772, 1.0410736, 0.09430147 ],
		"SV_060" : [ 0.0698599, -0.052813035, 0.46690056, -0.38172552, -0.38366735, 0.63795847, 1.694077, 0.23894003, -1.8537495, -0.6347993 ],
		"SV_061" : [ 0.7737903, -1.7215188, 0.18104695, 1.3039701, -0.80123264, -0.50898641, 1.5731031, -1.9117962, -2.3223875, -0.23463286 ],
		"SV_062" : [ 0.040437955, 0.017217314, 0.37375528, -0.54362947, 0.37312594, 0.86889267, 0.0052112029, -0.58154297, -0.95429629, -2.858094 ],
		"SV_063" : [ 0.95270264, -1.9590435, 0.61365747, 2.7471006, -0.82752901, -0.51960844, -0.97330767, -1.4931604, 1.8117286, -1.1456572 ],
		"SV_064" : [ -2.3000305, 2.9810891, 1.3109921, -2.6449788, 0.64989895, 1.8552259, -1.027931, 0.94539261, 0.00041761951, 0.59840596 ],
		"SV_065" : [ -0.10239132, 0.42482299, -1.644819, -0.80532897, 0.88170761, 0.086143062, 1.5155271, 0.91766191, -1.4003971, 0.029573342 ],
		"SV_066" : [ -1.0223358, 0.68821043, 1.0867511, -0.26565126, -0.12717077, 1.0252436, -0.59376317, -0.80010986, -0.1902533, 0.73768365 ],
		"SV_067" : [ -0.14603634, 0.31468368, -0.071368583, -0.14102784, -0.21475421, -0.018822107, -1.5214781, -0.0979122, 1.3860382, 0.29291275 ],
		"SV_068" : [ 1.3385953, -1.5586087, -0.7503472, 1.2947881, -1.1004339, -1.3802611, 0.25741622, -0.3771067, 0.30541143, -0.23443495 ],
		"SV_069" : [ -0.7324335, 0.9365052, 1.24314, -0.94194442, -0.33998045, 1.6071172, -0.10308259, 0.21672885, -0.38492945, 0.012543588 ],
		"SV_070" : [ 1.3002129, -1.9998219, -0.41958731, 2.50108, -1.8494459, -0.3775216, 1.1955452, -0.04448298, 0.60275942, -2.1127453 ],
		"SV_071" : [ 0.18820615, -0.40290481, -0.57675749, 0.31441781, 0.4325501, 0.94104862, 0.40594503, -0.39773822, -0.53248483, 1.1965861 ],
		"SV_072" : [ 0.73596859, 0.24180885, 1.0271763, -1.8625029, 0.53503883, -1.6813794, -2.9570596, -1.0479425, 0.55907416, 0.94676447 ],
		"SV_073" : [ -0.26268959, -0.38837093, 0.25518844, 0.57037777, 2.6368525, -0.1753858, 1.6443989, -0.63718438, -1.7647405, -1.0043535 ],
		"SV_074" : [ 0.97943914, -0.81912607, -1.1985818, 0.26592916, -0.21691974, -2.2097719, -0.49099073, -0.31714988, 0.33977002, -1.8519722 ],
		"SV_075" : [ -2.1038573, 1.4770148, 0.1355405, -0.87771189, -1.2826017, 0.032432999, 1.7408611, -0.50664085, -2.7200892, 0.21469554 ],
		"SV_076" : [ 0.11656757, 0.97649682, 0.50397635, -1.5857229, 0.18503208, 0.56419855, -1.635908, 1.0680422, 1.3299866, 0.78964233 ],
		"SV_077" : [ 0.77478057, 0.67208225, -1.388256, -1.7537178, -0.83144629, 1.1156516, -1.528393, 1.5111924, 1.4002566, -0.2535511 ],
		"SV_078" : [ -0.87736517, 0.74177349, -0.44767895, -0.26270461, 0.19199337, -1.0997746, -0.29537877, -0.05970088, 0.134508, -0.14387687 ],
		"SV_079" : [ -1.2029444, 1.7999448, 0.49413586, -2.2489674, -1.8211129, -0.68371457, -0.67434675, 0.1400418, -0.8644771, -0.571051 ],
		"SV_080" : [ -0.1919312, -0.16250405, 1.1516461, 1.0537803, 0.043355945, -0.1639076, -2.4282837, -0.79248929, 2.6823156, 0.78927565 ],
		"SV_081" : [ -0.39853466, 1.7185682, -0.32672137, -2.6991551, 0.10680873, -0.57814479, -1.7593678, 0.88501632, 0.45637199, 0.64328003 ],
		"SV_082" : [ 0.14192812, -0.4083145, 0.40220651, 0.51347411, 1.6326545, 0.11358492, -0.50159663, -0.68591428, 0.31749883, -0.04939089 ],
		"SV_083" : [ 1.9144299, -1.1879784, -1.9085928, -0.0033613241, -0.78372002, -1.6169486, -1.2280409, 0.10025525, 1.1477797, -0.64043021 ],
		"SV_084" : [ -1.2713099, 1.3123825, -1.6579945, -0.79210597, 0.49220219, -0.34417519, -2.448642, -0.69039536, 1.4214528, 0.25447249 ],
		"SV_085" : [ 0.037806213, 0.88391685, -0.27612749, -1.3587939, -0.43097669, -1.5108513, -0.11950609, 1.5195762, 0.35057181, 0.25681892 ],
		"SV_086" : [ 1.0174055, -0.32903454, -1.6477776, -0.47224647, 0.69345117, 2.1087797, -0.53475285, 0.60326463, 0.58928066, 0.84291637 ],
		"SV_087" : [ -1.4775935, 1.3749917, 0.70834851, -0.61947489, -1.2511715, -1.2790534, 1.4058627, 1.0121859, -0.90899003, -1.5367286 ],
		"SV_088" : [ -0.64200556, 1.4809717, -3.5178676, -2.5201066, 0.04339391, -0.620498, -2.4171817, -0.73686558, -0.10927147, 0.48013949 ],
		"SV_089" : [ -0.60885441, 1.2185481, -0.085546158, -1.1772943, 0.79680276, 0.19586295, -2.2099195, 0.32451701, 1.6796609, 0.24026002 ],
		"SV_090" : [ -0.35905117, 0.09383975, -1.0402024, 0.23788902, -0.18774088, 0.76788032, 1.1913046, 0.26551214, -0.76764399, -0.35804942 ],
		"SV_091" : [ -0.59411877, 1.3381131, -0.24765345, -1.7737639, 1.3984412, 0.96760911, -0.26583344, 0.88658875, -0.31719652, -0.74904478 ],
		"SV_092" : [ 1.1262308, -0.79189086, -0.032095086, 0.11224675, 2.0016468, -0.54565746, -1.040442, -0.28326392, 0.79676014, 0.71449161 ],
		"SV_093" : [ -1.5187033, 2.0318499, 0.7162143, -1.7181779, -0.73887861, 0.77436399, -0.46009454, 1.0068529, 0.13113314, -0.24581668 ],
		"SV_094" : [ -1.726931, 0.54606831, -0.043197136, 0.83858293, 0.93627459, 2.2403913, 1.1789296, -0.89419025, -1.137084, -0.073077336 ],
		"SV_095" : [ -0.55259866, 1.0760069, 0.80948609, -1.702144, -0.44334748, -0.15822454, -3.2531633, -1.2820504, 0.9265089, -0.27771848 ],
		"SV_096" : [ -1.2811718, 2.2203107, -0.32175577, -2.6613061, 0.10566381, 0.075153641, -1.6164511, 0.51840049, 0.11363988, 0.5292787 ],
		"SV_097" : [ 1.5973486, -1.5173621, -1.7161311, 0.85377908, -0.72094989, -0.24120711, -0.88537991, -0.66144341, 0.85378957, -0.75351197 ],
		"SV_098" : [ 1.1981745, -0.44804877, 0.97441024, -0.45275724, -0.87590611, 0.014740623, -1.9218162, 0.026240462, 1.5133486, -2.1489553 ],
		"SV_099" : [ 1.8078845, -1.4539583, 0.47350448, 0.53536463, -0.42660522, -0.29774523, -1.2791306, -0.47451082, 1.1442553, 0.31823632 ],
		"SV_100" : [ 0.55136204, 0.82911646, -0.082335472, -1.7848684, 1.1873969, -0.37431902, -0.36121151, 1.9992583, 0.620579, 0.66717166 ],
		"SV_101" : [ 0.66560578, 1.2695967, -1.079834, -3.9477584, 0.059514772, 1.1764034, -4.5204492, -0.95670891, 0.580369, -0.092376113 ],
		"SV_102" : [ -0.6084407, -0.15766902, -0.13013348, 0.85642594, 0.27242848, 0.5054031, -1.4719456, -1.7393135, 0.75575322, 1.8251288 ],
		"SV_103" : [ 1.6610305, -0.79869801, 1.7172738, -0.34336179, 0.376445, 0.34857023, -2.8497522, -0.32935935, 2.1992569, -0.10478067 ],
		"SV_104" : [ -1.4360623, 0.65338916, -1.0955118, -0.0038562906, -1.1551501, 0.22915135, -0.89385331, -1.8303951, -0.52433878, 1.5814953 ],
		"SV_105" : [ -1.725369, 1.3729664, 1.8784029, 0.31420591, -0.74852365, -1.1984977, -0.73974001, 0.64284182, 1.7599753, -0.50841177 ],
		"SV_106" : [ -2.1872652, 2.4467807, 0.84583855, -1.7675802, -1.7315376, 1.7404972, -0.90697896, 0.49625301, 0.1782314, 0.11809641 ],
		"SV_107" : [ 0.32280388, -0.57593822, -1.2397112, 0.59634596, -0.85082942, 0.061034381, -1.1587627, -1.0217619, 0.74998069, 0.7471543 ],
		"SV_108" : [ 1.0321583, 0.37753117, -0.8354699, -2.1435268, -0.56466818, -0.62398589, -1.5144329, 0.54938328, 0.20609657, 1.5604839 ],
		"SV_109" : [ -0.65138751, 1.5342625, 0.39720592, -2.254488, 0.58925176, 0.2442708, -1.0864215, 0.42761904, -0.25179079, 1.1940199 ],
		"SV_110" : [ -0.77517623, 0.91864312, 0.92256778, -0.33363795, 0.26499635, 1.2376662, -2.0815489, -0.033021886, 1.9322213, 1.2904843 ],
		"SV_111" : [ 0.13234678, 0.75942689, -1.1165198, -1.3149183, 0.69863856, -0.2300425, -3.2724104, -0.095579937, 2.2196972, 1.1476349 ],
		"SV_112" : [ -1.3706334, 2.3524601, -0.0068291463, -2.4475601, 0.5658108, 0.52101946, -1.4386885, 1.1600339, 0.67129785, 0.9808827 ],
		"SV_113" : [ 1.0980337, -1.1624644, -0.014109449, 0.76600862, 1.4878472, -1.0373046, 1.0122273, 0.090102524, -0.4657993, -0.056145184 ],
		"SV_114" : [ -0.94325829, 1.1142339, -1.5576128, -0.90333909, 0.047158659, 1.0043169, -1.7678338, -0.39481226, 0.85251385, 0.31399488 ],
		"SV_115" : [ 0.15723202, 1.0017606, -0.76598054, -1.9579512, 0.079239063, -0.74509013, -2.2200358, 0.48460323, 1.1198646, -0.27453342 ],
		"SV_116" : [ 0.49403533, -0.21000871, 0.062903583, -0.12428796, -0.43003833, 0.33592016, -0.41066509, 0.178257, 0.42643827, -1.1838212 ],
		"SV_117" : [ -0.14721535, 1.2109144, 0.68077707, -2.7652249, -0.027242368, -0.55661911, -3.1111858, -1.0854307, 0.052738748, -0.78390157 ],
		"SV_118" : [ 0.42563006, -1.1203377, 0.77907574, 1.3037965, -0.47468641, 0.52149963, -1.5772825, -2.0234163, 0.86676627, 0.14922541 ],
		"SV_119" : [ -0.37592074, 0.96286249, -0.51187789, -1.1074991, 0.99861825, 0.083255045, -0.05523663, 1.0770007, 0.14464867, -0.60678238 ],
		"SV_120" : [ 0.58724272, 0.73752749, -1.7094452, -1.6650039, 0.18495604, -0.3137812, 1.2446007, 2.6579301, -0.36881775, -0.28359103 ],
		"SV_121" : [ -2.6816924, 1.4217672, 0.020608999, 1.9022688, -0.0051554916, 0.27322018, 1.1584504, 1.3267287, 1.7782294, -2.5146272 ],
		"SV_122" : [ -0.2803036, 0.22305226, 0.42707565, -0.098992698, -0.35518947, -1.2662569, -2.1966281, -1.0658588, 1.2865735, -0.67632657 ],
		"SV_123" : [ -1.2117599, 1.1429237, 1.3393031, -0.82951444, -0.24851365, 1.220032, -1.7777773, -0.91660625, 0.4957788, 0.93144453 ],
		"SV_124" : [ -0.78364861, 1.2684991, 0.5851258, -1.169966, -0.29657087, 0.52431011, -1.2566437, 0.49120644, 0.86620253, 0.15140809 ],
		"SV_125" : [ 1.1816229, -0.0031225476, -0.0082651004, -2.2634609, 1.1713865, 1.0687779, -4.1487503, -1.8822216, 0.69072634, 1.5714575 ],
		"SV_126" : [ -0.48018923, 0.2839357, 0.55662924, 0.09299653, -1.3883016, 1.0777588, -0.101965, -0.13961962, 0.10936454, -0.94250542 ],
		"SV_127" : [ 1.3889649, -0.21937737, -0.15508713, -0.87056816, 0.041480307, 0.27275327, 2.7912505, 3.0135121, -1.099987, -0.62924868 ],
		"SV_128" : [ 1.2429059, -1.0050018, -1.2107882, 0.40097424, 1.9998322, 0.250824, 0.083790757, 0.14472646, 0.23028532, -0.89800864 ],
		"SV_129" : [ -0.3384026, -0.56914073, 0.73935616, 1.218281, 0.78968799, -0.73855996, -1.5267646, -2.0942147, 0.76536828, 0.28535333 ],
		"SV_130" : [ -1.774119, 1.7405047, 0.76391518, -0.64439261, -0.66353816, 0.6617018, -0.35871977, 0.74883926, 0.69301999, 1.3689274 ],
		"SV_131" : [ 1.6881611, 0.028732968, -0.12809905, -2.8433976, -1.1879042, -0.16287281, -3.5169892, -0.90203094, 0.37308279, 1.314013 ],
		"SV_132" : [ -0.58779854, 1.0859114, -0.31450453, -1.6620522, -0.69978338, 0.75439996, -2.5037067, -0.93719846, 0.49015555, 0.34247458 ],
		"SV_133" : [ 0.64517373, 0.67660075, 0.62359959, -2.6924155, 2.6188755, -0.25477958, -4.3771834, -1.4532837, 1.0121696, 0.52551711 ],
		"SV_134" : [ 0.78824782, -1.0771837, -0.761545, 1.2116033, 0.028875701, -1.0396582, -2.3743687, -1.3709211, 2.1451104, -0.96913701 ],
		"SV_135" : [ -1.0976835, 1.3930891, 0.70341676, -1.4937381, -0.72840542, -1.7461214, -1.7284883, -0.55784237, 0.21101005, -0.3259266 ],
		"SV_136" : [ -0.35124621, 0.68648314, 0.13286762, -0.94288868, -1.4460526, 0.41512361, -2.1206157, -0.63538611, 0.91183347, -0.067925259 ],
		"SV_137" : [ 0.44442901, 0.21862076, -0.091502689, -0.58587271, 0.3021785, -0.17794803, -1.5554317, 0.50334752, 1.5244713, 0.13454117 ],
		"SV_138" : [ -1.7671221, 1.1841596, -0.50909895, 0.24588676, 0.087290563, -1.7169919, 0.035194121, 0.072495967, 0.41278756, 0.042495765 ],
		"SV_139" : [ 1.8374594, -0.90833098, 1.5583249, -0.31315106, -0.43770009, -0.88287675, -0.22824635, 0.98714739, 0.64866531, -0.057258226 ],
		"SV_140" : [ -0.40801692, 0.68094373, -0.019869983, -0.71275252, -0.9090094, 0.37771496, -1.4960079, -0.20029891, 0.83819503, -1.682855 ],
		"SV_141" : [ -1.3717685, 0.94486141, -0.57209229, 0.4626326, 2.001663, 0.62109077, -1.5975666, -0.21807428, 1.9759992, -0.68930078 ],
		"SV_142" : [ -1.1397747, 1.725284, 0.30372769, -1.4514761, -0.33944547, 0.21328507, 0.88962203, 1.864787, -0.33866563, 0.56392896 ],
		"SV_143" : [ -0.011704378, 0.40480244, 0.64096224, -2.1466594, -0.81376803, -0.58631605, 0.14044106, -1.4223787, -3.111623, -1.4050052 ],
		"SV_144" : [ -1.2378618, 1.2039988, 1.3713183, -0.83144712, -1.1063559, 0.032149613, 0.48877311, 0.29126704, -0.78772986, 1.2498158 ],
		"SV_145" : [ 0.44261825, 0.65023071, -1.2567124, -2.5941796, 1.0746465, -0.27949452, -3.8558335, -1.7258912, 0.33732006, -1.3834802 ],
		"SV_146" : [ 1.9820106, -2.211427, -0.33513492, 0.23278742, -0.5149287, -2.0189807, -0.37801036, -2.8954294, -2.158186, -1.1639035 ],
		"SV_147" : [ -0.46624133, 0.27722451, -0.04262495, 0.47844887, 0.30618227, -0.99370867, -0.61974466, 0.17166288, 1.2236218, -0.17439292 ],
		"SV_148" : [ 0.14399187, -0.0073257471, 0.39097929, -1.3311032, -0.023705669, -0.086112991, -1.8571197, -2.3554873, -1.2249211, -0.21072124 ],
		"SV_149" : [ 2.3875556, -2.5940204, -0.81614369, 0.71649241, 1.4437739, -0.39450407, 1.2951787, -1.8022282, -2.5846765, -0.045584116 ],
		"SV_150" : [ -1.1841706, 0.9331885, 0.67774028, -1.6335694, -0.20648408, 0.43542925, -3.7932158, -3.6971712, -0.49989274, -0.34345567 ],
		"SV_151" : [ -0.025523014, 1.1871806, -0.77905035, -2.1147246, -0.84824061, 1.1711009, 0.98466164, 1.9585768, -1.0072718, 0.98488611 ],
		"SV_152" : [ -1.1230428, 1.3424402, 0.65990633, -1.9997267, -1.0018442, 1.8818423, -1.2918072, -1.3247828, -1.3127025, 0.94660062 ],
		"SV_153" : [ -0.59458667, 1.3696756, 0.87795269, -2.5930405, 0.42460266, 0.6678794, -1.6845057, -0.79529911, -0.97971457, -1.9545548 ],
		"SV_154" : [ 2.3591843, -1.856519, 1.2567714, 0.14326759, 0.17686683, -0.32236785, -1.1740719, -1.0104046, 0.1943934, -1.6386008 ],
		"SV_155" : [ 0.077684402, 0.46183571, -0.6676088, -1.51788, 0.13469507, 1.030484, -1.2727065, -0.7372874, -0.56004494, 0.28714326 ],
		"SV_156" : [ 0.91403049, -0.3858152, 2.1202652, -1.074814, 0.67047209, -0.57207096, -1.9669734, -1.3986716, -0.15295571, -0.42727146 ],
		"SV_157" : [ 1.0409671, -0.89601737, -0.89918166, -0.95720631, -0.44847208, -0.83636838, -1.8278857, -2.7704942, -1.4114102, -0.25713998 ],
		"SV_158" : [ -0.3905009, -0.47546175, 0.84729064, 1.7260863, -1.185284, 1.7503364, -0.84903264, -0.85558426, 1.5605626, -0.9556216 ],
		"SV_159" : [ -1.1326265, 1.2316473, -0.75136781, -0.73104089, 0.13785097, 0.36255676, 1.8845003, 1.4687175, -1.1311227, 0.32807747 ],
		"SV_160" : [ -0.1841597, 1.3933517, -0.22552405, -2.3752017, -0.44286615, -0.67645705, -3.1634049, 0.030564796, 1.3975278, 0.92980599 ],
		"SV_161" : [ -1.5040064, 1.122246, -0.079765774, -0.34396994, -0.10441647, -0.24334387, -1.0841171, -0.79043877, 0.31217319, -0.90565002 ],
		"SV_162" : [ 0.94658536, -0.39940327, -0.44133714, -0.61177987, 1.573483, -3.091728, -1.4984307, -0.49832699, 0.51801103, -1.1309825 ],
		"SV_163" : [ 1.5775691, -1.5682317, -0.77924776, -0.50356132, -1.1445833, -0.11610693, -1.7037207, -3.1841285, -1.5921024, -0.94903851 ],
		"SV_164" : [ -0.24215226, -1.232, -0.90455723, 1.9721115, -0.0047489391, -0.26216629, -3.3333812, -4.1428533, 1.4390832, 0.30514717 ],
		"SV_165" : [ 0.014819399, 0.3962701, -0.6122793, -1.2581818, 0.4442336, 1.3726296, -0.11243159, -0.25852209, -1.1236911, -1.8430206 ],
		"SV_166" : [ -0.56852591, 1.0994726, 0.42117503, -1.8715417, 1.6741344, 1.557129, -1.1107215, -0.48131946, -0.71985567, -0.068387493 ],
		"SV_167" : [ -0.24640357, 0.0060078935, -1.4537103, 0.81414717, 0.78995442, 1.6106822, 0.39750937, 0.67459273, 0.85966861, 0.45564961 ],
		"SV_168" : [ 1.5592786, -0.9504537, -0.24630995, -0.5758146, -0.04995333, 0.98876208, -2.2848482, -1.2479724, 0.63932157, 0.0032219964 ],
		"SV_169" : [ -1.0772996, 1.3785299, 0.16676997, -1.8846308, -0.43319598, 0.77102059, 0.28314582, -0.17338973, -1.8455335, -0.13460799 ],
		"SV_170" : [ 0.058927994, 1.5485011, -0.37475711, -2.4749663, 0.53356695, 0.49037915, -1.6165253, 1.8591199, 1.2901706, 0.68714583 ],
		"SV_171" : [ -2.3095763, 2.0323443, -0.17137018, -1.5032104, -0.016653974, 0.98903793, 0.21878195, -0.52627665, -1.6487658, -0.50029421 ],
		"SV_172" : [ -1.3950323, 0.71534657, -1.2464098, 0.13194627, -1.0933652, -0.6571793, 0.37814882, -0.70440578, -0.74966264, 1.5993282 ],
		"SV_173" : [ 2.4387722, -1.6610278, -1.4973595, -0.075189747, 0.17864661, -0.99778563, -1.1885242, -0.36055985, 0.59162921, -0.67383552 ],
		"SV_174" : [ 2.2437305, -2.0213747, 0.94831014, 0.042176872, 2.8018086, 0.97777945, -0.67250258, -1.8619832, -1.1345763, -0.77544183 ],
		"SV_175" : [ -1.0506592, 0.92064023, -0.4551253, -0.050129887, -0.19162714, 0.58432859, 0.94303131, 1.0213077, -0.010796924, -1.5869486 ],
		"SV_176" : [ -1.5960196, 2.0032134, -0.27012706, -2.6277349, 0.82621014, 0.64039803, 0.16729905, -0.29295444, -2.3732164, 0.63108122 ],
		"SV_177" : [ 0.36548463, 1.0007242, 0.49287248, -2.6669996, 2.6448658, 0.11236323, -4.8556805, -1.1633642, 1.8087326, -1.5858887 ],
		"SV_178" : [ 1.3909663, -0.89668947, -1.2476165, -0.43077666, 1.034127, 1.2730967, -0.29229948, -0.37590948, -0.52094394, 0.8791368 ],
		"SV_179" : [ 1.6935799, -1.5168617, 1.4180129, 0.87875694, 0.10272701, -1.0695864, -1.1611116, -0.49066886, 1.2969759, 0.49256709 ],
		"SV_180" : [ -0.16062783, 0.047373865, -0.077245593, -0.048605032, -0.6316641, 0.46497962, -1.3947225, -0.96908927, 0.57161981, -1.2189621 ],
		"SV_181" : [ 1.5250416, -0.62465191, 0.78128183, -0.54403055, 2.3801665, 2.0976436, -0.29617283, 0.86577654, 0.46030748, -0.10680687 ],
		"SV_182" : [ -1.0028239, 0.11299979, -0.014534334, 0.1134096, 0.11030219, 0.11644514, 0.68885666, -1.8174415, -2.0972908, 0.5917601 ],
		"SV_183" : [ -0.44842374, 1.8132795, -0.01343741, -3.0407195, -0.0091641229, -0.30288467, -1.3536534, 0.82107824, -0.28747541, 1.2758102 ],
		"SV_184" : [ 0.42096037, 0.50821793, 0.79258651, -1.8244227, -0.53445852, -0.80278289, -2.3984034, -0.5765509, 0.45800838, 1.3408587 ],
		"SV_185" : [ -0.12854287, 1.0292621, -1.3384284, -2.1451173, 1.119838, 0.88259333, -0.51495039, 0.34016338, -0.88509887, 0.30725464 ],
		"SV_186" : [ 0.20293954, -0.80849892, 1.1453848, 1.4593191, 0.49551827, 0.26755592, -2.223202, -1.5211149, 2.119863, 0.31552041 ],
		"SV_187" : [ -0.34264374, 1.5163283, -0.80895257, -2.986398, -0.20692627, -0.98495889, -3.2029655, -0.80344498, 0.23605494, -0.2003279 ],
		"SV_188" : [ 1.157282, -0.7444095, -0.4940775, -0.92531294, -1.2209104, 0.25208735, -1.8836299, -1.8575045, -0.54454333, 0.12588166 ],
		"SV_189" : [ -1.3007679, 1.2537572, -0.18525672, -1.588758, -0.97829157, -0.57930601, 1.5028433, -0.27884436, -2.9336772, -1.3182273 ],
		"SV_190" : [ 1.9389775, -1.4034654, 0.32777843, -0.72613704, -0.44496682, -0.19276114, -1.5466644, -1.8119169, -0.77520955, 1.034971 ],
		"SV_191" : [ -1.3335483, 2.215359, 0.095530927, -2.072051, 0.70800364, 1.7183459, -0.10919882, 1.8777556, 0.22404423, 0.41669542 ],
		"SV_192" : [ -0.19242717, 0.72182822, -0.42406958, -0.82731587, 1.7793661, 0.29290539, -0.66248894, 0.76710123, 0.70680141, -0.29168111 ],
		"SV_193" : [ -0.3473708, 1.0870681, -0.16683565, -1.2478409, 1.1430435, -1.3092313, 0.093007103, 1.5007197, 0.2451997, 0.14344834 ],
		"SV_194" : [ 1.4630032, -0.40346247, 0.94211, -1.4205434, -0.58220357, -0.044078745, -2.6522901, -0.77405131, 0.76190799, -0.37011531 ],
		"SV_195" : [ 0.51724863, 0.44463399, -0.12178437, -2.2662609, -0.20275788, 0.36903083, -3.3088911, -1.5958476, 0.14253862, 1.2185533 ],
		"SV_196" : [ 1.3864268, -0.57736605, 1.0441666, -1.0858544, 0.16233616, -0.1598945, -1.2586865, -0.53293765, -0.18781497, -1.5092111 ],
		"SV_197" : [ 0.48396033, 0.31446385, -0.17137697, -1.4226927, -0.95888805, -0.66924638, -0.60074145, 0.24881227, -0.35995448, 0.76593411 ],
		"SV_198" : [ -0.078952186, 0.61539978, -0.066727623, -1.5668731, -0.18560423, 0.38990051, -0.068559863, -0.088779882, -1.2594211, -0.10345647 ],
		"SV_199" : [ 1.8241889, -1.8181962, 0.28267971, 0.055563018, -0.6055966, -1.1794227, -0.87006563, -2.3001661, -1.2574592, 1.1249799 ],
		"SV_200" : [ 0.59552729, 0.35938591, -1.6247199, -1.6069816, -0.27650562, 0.028589927, -1.6532184, -0.02108009, 0.33013752, -0.53802443 ],
		"SV_201" : [ 1.2080225, -0.87681925, 0.1922396, -0.43568105, 0.13698995, -2.038342, -0.90594167, -1.0881008, -0.49345309, 2.8592806 ],
		"SV_202" : [ -0.51247966, 0.72541511, -0.56351388, -1.5406325, 0.15558437, 0.93310732, -0.22900599, -0.88508612, -1.7210169, -0.86989778 ],
		"SV_203" : [ -0.15285297, 1.112133, 1.772862, -1.6473988, -0.79454529, -1.1373583, 1.3119444, 2.1306753, -0.80512047, 0.34862271 ],
		"SV_204" : [ 1.1800174, -0.21013418, -0.18921147, -1.6692953, 1.7648102, 0.72891814, -3.29304, -1.4499395, 0.66339046, 0.59230465 ],
		"SV_205" : [ 0.68278515, 0.078662388, 0.21787401, -1.488197, 0.31230754, -0.80782235, -2.1506212, -0.91853797, 0.14699976, 0.46027777 ],
		"SV_206" : [ 2.3436971, -2.1057975, -0.89110422, 0.61382192, 0.96877617, 0.57374263, -0.68095177, -1.1174699, -0.027226342, 0.27998778 ],
		"SV_207" : [ 2.7017882, -3.1763721, -0.12894019, 1.7683707, 0.81161469, 0.69546616, 2.0227988, -1.3625736, -2.1386578, 0.35520113 ],
		"SV_208" : [ 1.1252886, -0.2227065, 1.1548617, -1.5800107, 1.6779884, -1.4518406, -3.3193507, -1.5340536, 0.69487149, -0.1093916 ],
		"SV_209" : [ -0.34244692, 0.98678344, -0.16572174, -2.3575754, -1.0597407, -0.55029273, -2.549736, -1.6413865, -0.66227722, -1.5008658 ],
		"SV_210" : [ -2.2230852, 1.6305696, 1.1152434, -0.63061041, -0.9844321, 0.4111177, -1.2228618, -1.2710997, -0.11803813, -0.65794951 ],
		"SV_211" : [ 0.56215775, -0.32498705, 1.0365442, -0.27665669, -0.39982507, -1.0130353, -3.061872, -1.5144916, 1.5552725, -1.6642836 ],
		"SV_212" : [ -0.30505589, 1.0511925, -0.081602961, -2.3306298, -1.8453845, -0.67029208, -1.3317854, -0.6930306, -1.0739611, -1.1979307 ],
		"SV_213" : [ -0.77097237, 1.2615182, 1.8085951, -2.2174282, -0.27720419, 1.1964225, -1.1151819, -0.89892918, -1.3362429, 0.43469426 ],
		"SV_214" : [ 1.8458766, -1.2301323, 0.86887181, -1.3647128, 1.3801911, -0.60788387, -4.8327074, -3.8164582, 0.36240333, -0.61944515 ],
		"SV_215" : [ 0.62784994, -0.66103864, 0.73639899, -0.073318332, 0.72811264, -2.0998728, -1.6691769, -1.6889446, 0.1232851, 0.82527971 ],
		"SV_216" : [ 1.4818678, -1.8259276, -0.0026367963, 0.46097821, 0.21269344, -1.4526949, -0.002792544, -2.292352, -1.7825083, 1.3144233 ],
		"SV_217" : [ 0.11696362, 0.76460832, -0.83447295, -1.6483334, 1.6168197, -0.21607919, -4.6211548, -1.2074473, 2.3747132, 0.080743268 ],
		"SV_218" : [ -0.91731954, 1.1215949, -2.3885989, -0.76702088, 1.0687697, 0.33606854, -3.0865357, -0.71589726, 2.0397322, 0.95069754 ],
		"SV_219" : [ 1.6578658, -1.9583204, -0.42798939, 1.1550257, -0.63960129, 0.2146899, 0.62021345, -1.0609639, -0.81154191, 0.21709847 ],
		"SV_220" : [ 1.3982085, -0.23489241, 0.21283543, -1.7465624, 0.32789293, -0.88516879, -1.9062841, -0.41771072, 0.047608133, -0.20497112 ],
		"SV_221" : [ 0.048519883, -0.32189429, 1.1035156, 0.46193257, 0.41671163, -0.67302835, -0.45177975, -0.65920794, 0.25785142, -1.6687087 ],
		"SV_222" : [ -0.3544037, 0.99405462, -1.8857588, -1.1774622, 0.29256707, 0.36273444, -1.8190986, 0.34061816, 1.2633716, -0.029287253 ],
		"SV_223" : [ -0.51155454, 1.3498931, -0.47869325, -1.457144, 0.51995814, -0.33503798, -2.3897998, 0.61559314, 1.8834131, 0.31122851 ],
		"SV_224" : [ 0.13408695, -0.3443343, 0.43739447, -0.87301028, 0.31833369, -0.56378216, -1.9886574, -3.0883181, -1.3584659, -0.80071229 ],
		"SV_225" : [ -0.78398442, 1.475225, 0.0039726673, -1.4770911, 1.1129854, -0.36000985, -2.0935578, 0.46228033, 1.4570879, 0.61780244 ],
		"SV_226" : [ 0.48213741, -0.86978, 0.43663085, 0.57453024, 2.0222507, -0.16552901, 0.072953418, -1.1698064, -0.68411249, -0.50941247 ],
		"SV_227" : [ -1.5017741, 0.98418504, -0.026390566, -0.34967032, -0.26283878, 0.4373191, 0.074403606, -0.78278852, -0.88098198, 1.2635654 ],
		"SV_228" : [ -0.85163879, 1.1433276, 0.75009537, -1.0434253, 0.11297522, 0.51950204, -2.5943353, -0.61296946, 1.3923241, 0.2767781 ],
		"SV_229" : [ -2.064254, 0.98261184, -0.46872619, 0.97858071, -0.62426502, -0.99099177, 0.35285878, -0.33295819, 0.35291868, -1.2956902 ],
		"SV_230" : [ 1.5462055, -1.9191101, -0.74026287, 1.5875835, -0.65028346, -0.38099101, 1.2901157, -0.30065775, -0.47956884, 0.2691752 ],
		"SV_231" : [ 1.5261861, -1.9812881, -0.042831574, 1.2154282, -0.87224942, -0.69014376, 1.1562755, -1.1740218, -1.4004399, -0.40629619 ],
		"SV_232" : [ -1.1593884, 0.55778891, 0.19810151, 0.062356193, 1.3747019, -0.34693193, -1.1728575, -1.4795643, 0.093215369, -0.077671751 ],
		"SV_233" : [ -0.38693532, -0.42041305, 0.95693552, 0.58398271, 0.10722882, 0.28294098, 1.9874892, -0.91930068, -2.3404553, -1.0432334 ],
		"SV_234" : [ -1.0657961, 1.111608, 1.0619218, -0.75321621, -1.2073697, 0.77438289, -2.6416783, -0.93240714, 1.4189887, 2.1555259 ],
		"SV_235" : [ -0.34216696, -0.19005176, -1.6635474, 0.51661068, 0.34797052, 1.3745167, 0.38394603, -0.75524002, -0.60235697, -0.75729626 ],
		"SV_236" : [ 1.8397645, -1.752803, 0.58910447, 0.13026759, 0.78800094, 0.044416126, -1.6007038, -2.2421427, -0.39475134, 0.78014392 ],
		"SV_237" : [ -1.2934062, 0.89897162, -0.056513496, -0.45471838, 0.95004171, 0.29698858, -0.49841514, -0.953197, -0.54542613, -0.85569608 ],
		"SV_238" : [ -1.0566956, 0.96648282, 0.20409265, -0.88885415, 0.17616069, -0.40646628, -1.7673351, -1.246039, 0.13350791, 0.12523249 ],
		"SV_239" : [ 0.020877792, -0.35164106, -0.69269222, 0.26958191, 0.88389724, 0.092123099, -0.48080707, -1.1299258, -0.27452052, 1.4884285 ],
		"SV_240" : [ -2.3366065, 2.0113034, 1.5096147, -0.54711264, -0.45673352, 1.7375573, -0.89918715, 0.13856679, 0.85651642, 0.91134417 ],
		"SV_241" : [ 0.26017749, -0.9813351, 0.4499743, 0.98060024, 2.2604039, 0.32980093, 2.5182421, -0.49978101, -2.2717347, 0.74192065 ],
		"SV_242" : [ 2.5491331, -2.9315197, -0.15647644, 1.4791631, 0.98377681, -0.23211409, 1.3635149, -1.5528773, -1.8410834, 0.89918804 ],
		"SV_243" : [ 0.50028682, -0.96528679, -1.2791994, 1.0168111, -1.4378009, -0.64940554, 0.81146765, -0.52507156, -0.52966505, -1.8255073 ],
		"SV_244" : [ -1.0627546, 0.62363285, 0.65755653, 0.43902555, -0.465157, 0.40016374, -0.10012364, 0.056688745, 0.61911017, 0.34731141 ],
		"SV_245" : [ 0.47641093, 0.55517232, 2.0040114, -1.4396374, -0.087654807, 0.89949882, -1.2898759, 0.80364513, 0.82182348, 0.48554975 ],
		"SV_246" : [ 1.5240983, -1.4427438, -0.62151194, -0.43343619, -1.9106349, -0.35079315, -2.2138159, -2.9889734, -0.83365303, 1.4824584 ],
		"SV_247" : [ 0.74210083, -0.85365367, 0.33807802, 0.17713545, 0.70796168, 0.47564033, -1.1272285, -1.5122567, -0.092238076, 1.4986148 ],
		"SV_248" : [ -1.468354, 1.0682584, 0.13367638, -0.44696391, -1.4808012, 0.55113304, -1.6002889, -1.2821065, 0.32920554, -0.60875612 ],
		"SV_249" : [ -0.060568515, -0.56307203, 1.8488549, 0.70845735, -1.3084745, 0.44863704, 0.85647112, -0.92564464, -1.1138856, -0.37176436 ],
		"SV_250" : [ 0.49849278, -0.74560285, 0.10112204, 0.53578782, 0.18746774, 0.54903555, -0.39518628, -0.9225648, -0.018575244, -0.34080079 ],
		"SV_251" : [ 1.0253844, -1.354274, 1.4943421, 0.663683, 1.7917262, 0.83106244, 0.10616269, -1.4008932, -0.90589046, -0.57649481 ],
		"SV_252" : [ -1.12629, 0.88517314, 1.5423243, -0.13237801, 0.35422018, 0.097723693, -0.96476847, -0.31704003, 0.73196614, 0.15241675 ],
		"SV_253" : [ -1.6084851, 1.2007048, 1.5363208, 0.054010566, -0.75081784, 0.72378558, 0.30912206, 0.42539006, 0.26662609, 0.019270355 ],
		"SV_254" : [ -1.5491257, 2.0064332, 0.62674338, -1.8375236, -1.2173866, 0.96216673, -2.5910492, -0.32537633, 1.0747453, 0.55225259 ],
		"SV_255" : [ 2.67431, -2.6628723, 0.81266564, 0.63346672, 1.35588, 1.4988681, -0.70825189, -2.3283181, -1.0742066, -1.0744942 ],
		"SV_256" : [ 1.3228997, -1.3840086, -0.053054608, 0.57964438, 0.738904, 1.8782316, -0.79026991, -1.237837, 0.061656654, 0.59332114 ],
		"SV_257" : [ -0.41625011, 0.27608231, -0.75852859, -0.78128666, -0.57770652, -0.64437193, -0.3965722, -1.3535593, -1.3557158, 0.89588892 ],
		"SV_258" : [ 0.7564193, -1.7201074, 1.0831634, 1.5430378, -0.88409644, 0.45306733, 2.593415, -1.1475724, -2.5142059, 0.52631354 ],
		"SV_259" : [ -1.8224535, 2.0984201, 0.31166935, -1.6140635, 1.0504868, -1.4696839, -3.0589702, -0.62175459, 1.5079072, -1.4503824 ],
		"SV_260" : [ 0.68781883, -0.52469105, 0.24342847, -1.161356, 0.013540578, 0.69750535, -3.3997829, -3.326823, -0.40184981, -0.935175 ],
		"SV_261" : [ -0.081407055, 0.30609044, 0.43408611, -0.50738466, 0.0059578782, 0.6409747, 1.5145004, 0.93773425, -1.1442622, 0.072324082 ],
		"SV_262" : [ -0.66730994, 0.60917568, 2.0110881, -0.72651356, -0.54738343, 0.56898421, -1.3798908, -1.1441697, -0.088069148, -0.36275753 ],
		"SV_263" : [ 1.4841063, -1.2639638, 0.17278527, -0.16665059, -0.88657874, -0.13570462, -2.4050119, -2.131681, 0.3300502, 1.0800591 ],
		"SV_264" : [ -0.99089223, 0.50032961, -0.23886283, -0.1733765, -0.10159991, 0.020074589, -0.22527654, -1.1316689, -0.78851718, 0.06430234 ],
		"SV_265" : [ -0.48426276, 0.37010697, -0.48962578, -0.50983649, 0.90722096, 0.22279544, -2.0443406, -1.5629749, 0.38705662, -0.97768033 ],
		"SV_266" : [ 2.3238661, -2.3990808, -0.93684369, 0.66231745, 1.7047765, 0.26630214, -0.45076543, -2.1154463, -1.0936918, 0.20868677 ],
		"SV_267" : [ -0.83475506, -0.82761556, -0.46081749, 1.7284255, 0.14737639, -1.1122831, 1.8227345, -2.1664188, -2.28916, -0.30740711 ],
		"SV_268" : [ 1.6934566, -1.7584889, -0.31434748, 0.21072291, -2.0198352, -0.15654925, -1.0688686, -2.3029995, -0.91607738, 0.57978213 ],
		"SV_269" : [ -0.22031631, 0.42463738, 1.7518474, -1.0257369, 0.61721462, -0.4276458, -2.4097223, -1.5275025, 0.35156456, 1.2396095 ],
		"SV_270" : [ 0.82147771, -1.3415588, 0.32655105, 1.572488, -0.096546486, -0.21486852, 1.6557949, 0.080053456, -0.45986587, -1.2642165 ],
		"SV_271" : [ -0.12984464, -0.10826658, 0.11267538, 0.07849507, 0.026043151, 0.29881877, -0.55632579, -0.91344625, -0.14563458, 0.17145419 ],
		"SV_272" : [ 0.19598688, -0.35159683, -0.14592528, 0.15115464, 1.2485743, 0.053093575, -1.0811063, -1.097032, 0.2594173, 0.6878199 ],
		"SV_273" : [ -0.89758068, 1.0510474, 0.61271381, -0.90356213, -1.251725, -0.013907389, -2.9509249, -1.0592802, 1.4884452, 0.095426649 ],
		"SV_274" : [ -0.097846992, -0.36697862, -0.13778308, 0.45885378, 0.48859641, 0.81649369, 0.13580295, -0.96137071, -0.59860885, 0.07715477 ],
		"SV_275" : [ 0.60296744, -1.1268779, -1.8993759, 0.1194236, 0.091624066, -1.7645882, 0.10223063, -2.444051, -2.2045274, -0.15744849 ],
		"SV_276" : [ -1.9060439, 1.2255822, -1.8526361, -0.21234727, -0.94873452, 0.52801979, -1.6972811, -1.5888511, 0.39718321, 0.37193289 ],
		"SV_277" : [ 0.39047843, 0.36855423, -0.73970222, -1.4481801, -0.16680886, 0.35863394, -1.7284005, -0.35632178, 0.26500297, -0.13791467 ],
		"SV_278" : [ -1.3099194, 1.2585752, 0.018830704, -0.52256036, -0.75698829, -2.3663452, -0.70933425, 0.18077663, 0.60804099, -0.052686095 ],
		"SV_279" : [ -0.77510494, 0.19020545, 1.2233399, 0.15304579, 2.2216949, 1.7097218, 0.1173497, -1.113185, -0.88604158, -0.4388842 ],
		"SV_280" : [ -1.468344, 0.75771832, 0.31332964, 0.23899056, 0.10562157, 0.0077880188, 2.9251397, 0.58584166, -2.1578832, -2.1207321 ],
		"SV_281" : [ 0.93647182, -0.48733521, 1.6374696, -0.41283378, 0.49583861, 1.61482, 0.091950722, 0.15263334, -0.39365029, -0.97844803 ],
		"SV_282" : [ -0.2628496, 1.0551443, 0.53615421, -1.4653301, -0.10640519, 0.63756448, -0.7362203, 0.92120135, 0.4111931, -0.76847279 ],
		"SV_283" : [ 0.70486885, -0.69536632, 0.10146502, -0.16877244, 0.66031486, -1.7027065, -1.8777912, -1.8403945, 0.1213927, -0.50322515 ],
		"SV_284" : [ -1.1310656, 1.2689854, 2.3205166, -1.2731396, -0.54165071, 1.3734337, -2.0811281, -0.97674286, 0.39060256, 0.44767708 ],
		"SV_285" : [ -0.37191084, 0.52548397, -1.2741414, -0.49492377, -0.78317297, -0.74071258, -1.591432, -0.43477735, 0.90365613, 1.4290354 ],
		"SV_286" : [ 0.24539419, 0.24891776, -0.90183443, -0.90563935, -0.3652623, -0.11676639, -1.7324587, -0.45071211, 0.63899356, 0.24620989 ],
		"SV_287" : [ -1.4987404, 1.3902757, -1.2495401, -1.0511827, 0.18337409, -0.36305648, -2.0545213, -1.1911045, 0.39400411, -0.15555507 ],
		"SV_288" : [ 2.6466858, -3.1495688, 0.62601662, 1.8693322, 0.67042011, 0.046635099, 2.1609929, -1.2051358, -2.0568054, -0.37227768 ],
		"SV_289" : [ 1.3630137, -1.3661697, -0.61995935, 0.015883856, -1.2391393, -0.6080786, -1.5597768, -2.2044404, -0.44544429, -0.99542964 ],
		"SV_290" : [ 0.17445123, 0.47323239, -0.063342698, -1.4352918, -1.3112844, 0.41058716, -1.8434371, -0.57950348, 0.22241396, 0.49610853 ],
		"SV_291" : [ -1.7432653, 0.89137495, 1.6717819, 0.71406335, -0.18757251, 1.2307017, 1.3112035, 0.26534754, -0.36096308, 0.011058873 ]
	},
	"SupportVectorsCoefs" : {
		"SV_coef_0" : [ 0, 0, 0, 1, 0, 0, 0, 1, 1, 0, 0, 0, 1, 1, 1, 0, 0, 1, 0, 1, 0, 0, 0, 1, 0, 1, 0, 0, 0, 0, 0, 1, 1, 0, 0, 1, 0, 0, 0, 0, 1, 1, 1, 1, 0, 1, 1, 0, 0, 0, 0, 0, 1, 0, 1, 0, 1, 1, 1, 1, 0, 0, 0, 0, 0, 1, 0, 1, 0, 0, 0, 0, 1, 0, 1, 1, -1, -1, -0, -0, -1, -0, -0, -1, -0, -1, -0, -1, -0, -0, -1, -0, -1, -1, -0, -0, -1, -1, -0, -1, -0, -0, -0, -0, -0, -0, -0, -1, -0, -0, -0, -1, -1, -1, -0, -0, -0, -1, -1, -0, -1, -0, -1, -0, -1, -0, -0, -1, -1, -1, -0, -1, -0, -0, -1, -0, -1, -1, -0, -1, -1, -0, -1, -1, -1, -0, -0, -0, -0, -0, -0, -1, -1, -1, -1, -1, -0, -0, -1, -1, -1, -1, -0, -0, -0, -1, -1, -0, -1, -1, -0, -1, -0, -0, -0, -0, -1, -0, -0, -1, -0, -0, -0, -0, -0, -0, -0, -1, -0, -1, -0, -1, -0, -0, -0, -0, -1, -1, -1, -0, -1, -0, -1, -1, -0, -1, -0, -0, -0, -0, -1, -0, -0, -0, -0, -0, -0, -0, -0, -1, -0, -1, -0, -0, -0, -1, -0, -1, -0, -0, -1, -1, -0, -1, -0, -0, -0, -0, -1, -0, -0, -1, -0, -1, -0, -1, -0, -1, -0, -1, -1, -1, -1, -0, -0, -0, -0, -1, -1, -1, -0, -1, -1, -0, -0, -0, -0, -1, -0, -0, -1, -1, -1, -0, -1, -1, -0, -0, -0, -1, -0, -1, -0, -0, -0, -0, -1, -0, -0, -0, -0, -0 ],
		"SV_coef_1" : [ 1, 0, 1, 0, 1, 1, 0, 0, 0, 0, 0, 1, 0, 0, 0, 1, 1, 0, 1, 1, 0, 0, 0, 0, 0, 1, 1, 1, 0, 1, 0, 0, 0, 0, 1, 0, 1, 1, 1, 1, 0, 0, 0, 0, 0, 0, 0, 1, 0, 0, 1, 0, 0, 0, 0, 1, 0, 0, 1, 1, 0, 0, 1, 1, 1, 1, 0, 0, 0, 1, 0, 0, 1, 0, 0, 1, 0, 0, 1, 1, 0, 1, 0, 1, 0, 0, 1, 0, 1, 0, 1, 1, 1, 0, 0, 1, 0, 0, 1, 1, 1, 1, 0, 1, 1, 0, 0, 0, 1, 1, 0, 0, 0, 0, 0, 1, 1, 1, 1, 1, 0, 0, 1, 0, 0, 1, 0, 0, 1, 0, 0, 1, 1, 1, 0, 0, 0, 0, 0, 0, 0, 1, -0, -0, -0, -1, -0, -1, -0, -0, -0, -0, -0, -0, -0, -0, -0, -0, -0, -0, -1, -0, -0, -0, -0, -0, -1, -1, -1, -0, -1, -0, -1, -1, -0, -1, -0, -1, -1, -1, -1, -1, -0, -1, -1, -1, -1, -1, -0, -0, -0, -0, -1, -1, -1, -1, -0, -1, -0, -0, -1, -0, -0, -0, -1, -0, -0, -0, -0, -1, -0, -1, -1, -0, -0, -0, -0, -0, -1, -0, -0, -0, -1, -1, -0, -1, -1, -0, -1, -1, -0, -0, -1, -0, -1, -1, -0, -0, -0, -1, -1, -0, -0, -0, -1, -0, -0, -1, -0, -0, -1, -0, -1, -1, -1, -0, -0, -0, -0, -0, -0, -0, -0, -0, -0, -0, -0, -0, -0, -0, -1, -0, -1, -1, -0, -0, -1, -0, -1, -0, -1, -0, -1, -0, -1, -1, -0, -1, -0, -0, -1, -1 ],
		"SV_coef_2" : [ 0, 1, 0, 0, 0, 0, 1, 0, 0, 1, 1, 0, 0, 1, 0, 0, 0, 0, 0, 1, 1, 1, 1, 0, 1, 0, 0, 0, 1, 0, 1, 1, 0, 1, 0, 0, 0, 0, 0, 0, 0, 0, 0, 0, 1, 0, 0, 0, 1, 1, 1, 1, 1, 1, 0, 0, 0, 0, 0, 0, 1, 1, 0, 0, 0, 0, 1, 1, 1, 0, 1, 1, 0, 1, 0, 1, 0, 0, 0, 0, 0, 0, 1, 0, 1, 0, 0, 1, 1, 1, 1, 0, 1, 0, 1, 1, 0, 0, 0, 0, 0, 0, 1, 0, 1, 1, 1, 1, 0, 1, 1, 1, 0, 1, 1, 0, 1, 0, 0, 0, 0, 1, 0, 1, 1, 0, 1, 0, 0, 1, 1, 0, 1, 0, 0, 1, 0, 0, 1, 0, 0, 1, 0, 0, 0, 0, 1, 1, 1, 1, 1, 0, 0, 0, 0, 1, 1, 1, 0, 0, 0, 1, 1, 1, 1, 0, 0, 0, 1, 0, 0, 0, 1, 0, 1, 0, 0, 0, 1, 0, 1, 0, 1, 0, 0, 0, 1, 0, 1, 0, 1, 0, 0, 0, 0, 1, 0, 0, 0, 1, 0, 1, 0, 0, 0, 1, 1, 1, 1, 0, 1, 0, 0, 1, -1, -1, -1, -1, -0, -0, -1, -0, -0, -0, -1, -0, -0, -0, -0, -0, -0, -0, -0, -0, -0, -0, -1, -1, -0, -0, -0, -0, -1, -0, -1, -0, -1, -0, -1, -0, -0, -0, -0, -0, -0, -1, -1, -1, -0, -0, -1, -0, -0, -1, -1, -1, -1, -0, -1, -1, -0, -0, -1, -0, -0, -1, -0, -1, -0, -0, -0, -0, -0, -1, -1, -0, -0, -0, -1, -1, -1, -0 ]
	},
	"rho" : [ -0.30896807, -0.31654733, -0.4359003, -0.038534045, -0.43005595, -0.37834138 ],
	"nSV" : [ 76, 66, 72, 78 ],
	"probA" : [ -4.9414668, -3.7718749, -2.8608618, -5.2029109, -4.8979449, -6.3139682 ],
	"probB" : [ -0.34215543, -0.087786332, -0.18198313, -0.40469804, -0.0066932812, -0.28909239 ],
	"n_iter" : [ 30, 30, 30, 30, 30, 30 ],
	"sv_ind" : [ 4, 13, 22, 24, 93, 109, 127, 159, 164, 170, 216, 238, 250, 262, 285, 292, 301, 304, 308, 319, 327, 329, 339, 341, 353, 365, 372, 405, 418, 440, 448, 455, 483, 501, 506, 510, 523, 530, 534, 538, 550, 551, 555, 561, 590, 592, 611, 629, 635, 658, 665, 667, 697, 704, 715, 735, 747, 752, 790, 799, 835, 849, 852, 861, 864, 876, 885, 898, 904, 907, 914, 933, 953, 983, 1000, 1017, 10, 12, 15, 37, 47, 53, 54, 90, 102, 108, 113, 118, 119, 122, 129, 158, 214, 233, 243, 252, 254, 265, 275, 278, 279, 286, 287, 297, 309, 334, 342, 346, 388, 406, 407, 409, 416, 425, 436, 446, 452, 457, 469, 521, 569, 572, 577, 627, 643, 646, 705, 709, 756, 788, 795, 825, 862, 870, 873, 936, 979, 988, 990, 999, 1007, 1014, 16, 31, 34, 42, 161, 167, 193, 203, 213, 221, 226, 235, 249, 251, 257, 264, 303, 349, 358, 382, 386, 389, 397, 421, 438, 460, 465, 492, 495, 503, 504, 507, 517, 519, 522, 549, 564, 582, 584, 614, 615, 620, 631, 633, 648, 653, 656, 672, 716, 723, 739, 769, 774, 783, 798, 809, 810, 814, 816, 830, 863, 920, 921, 925, 926, 931, 980, 985, 1008, 1010, 1015, 1023, 1, 18, 23, 41, 45, 72, 74, 84, 87, 98, 103, 162, 201, 206, 208, 246, 253, 256, 267, 290, 294, 307, 325, 344, 348, 364, 367, 390, 396, 403, 411, 415, 449, 459, 480, 520, 529, 532, 535, 557, 565, 567, 576, 593, 595, 597, 604, 622, 634, 649, 652, 654, 678, 684, 686, 694, 719, 728, 770, 785, 786, 801, 803, 812, 841, 843, 855, 859, 867, 869, 886, 919, 943, 950, 959, 993, 998, 1020 ]
}
}
MODEL_JSON_DUMP_END
MCU_DEPLOY_CLASSIFICATION_CODE MODEL_PREDICT_STEP
MLLITE_AUTO_DEPLOY_FOURCLASS_10_ORIGINAL_APPLY_OUTPUT_CLASS  [ 2, 0, 1, 3, 0,  ... , 0, 2, 0, 3, 2 ]
MCU_DEPLOY_CLASSIFICATION_CODE MODEL_PREDICT_PROBA_STEP
MLLITE_AUTO_DEPLOY_FOURCLASS_10_ORIGINAL_APPLY_OUTPUT_PROBA 0 [ 0.32442573, 0.16298155, 0.33295861, 0.17963412 ]
MLLITE_AUTO_DEPLOY_FOURCLASS_10_ORIGINAL_APPLY_OUTPUT_PROBA 1 [ 0.64182609, 0.07117977, 0.12370631, 0.16328779 ]
MLLITE_AUTO_DEPLOY_FOURCLASS_10_ORIGINAL_APPLY_OUTPUT_PROBA 2 [ 0.22649844, 0.39911839, 0.1787056, 0.19567782 ]
MLLITE_AUTO_DEPLOY_FOURCLASS_10_ORIGINAL_APPLY_OUTPUT_PROBA 3 [ 0.10379826, 0.074134238, 0.10243484, 0.71963263 ]
MLLITE_AUTO_DEPLOY_FOURCLASS_10_ORIGINAL_APPLY_OUTPUT_PROBA 4 [ 0.40796462, 0.042545255, 0.37689933, 0.17259088 ]
...
MLLITE_AUTO_DEPLOY_FOURCLASS_10_ORIGINAL_APPLY_OUTPUT_PROBA 1019 [ 0.60460901, 0.118102, 0.20820822, 0.069080912 ]
MLLITE_AUTO_DEPLOY_FOURCLASS_10_ORIGINAL_APPLY_OUTPUT_PROBA 1020 [ 0.21066713, 0.10912369, 0.29075649, 0.38945276 ]
MLLITE_AUTO_DEPLOY_FOURCLASS_10_ORIGINAL_APPLY_OUTPUT_PROBA 1021 [ 0.4435147, 0.24131632, 0.1732136, 0.14195549 ]
MLLITE_AUTO_DEPLOY_FOURCLASS_10_ORIGINAL_APPLY_OUTPUT_PROBA 1022 [ 0.37986746, 0.18350178, 0.11767464, 0.31895602 ]
MLLITE_AUTO_DEPLOY_FOURCLASS_10_ORIGINAL_APPLY_OUTPUT_PROBA 1023 [ 0.23218253, 0.096810192, 0.60163063, 0.069376729 ]
MCU_DEPLOY_CLASSIFICATION_CODE MODEL_COMPUTE_PERF_STEP
MLLITE_AUTO_DEPLOY_FOURCLASS_10_ORIGINAL_CLASS_PERFS { "count" : 1024, "precision" : 0.55957031,  "AUC" : [ 0.70567322, 0.92152274, 0.80758798, 0.85982817 ] }
This will be printed
MCU_DEPLOY_CLASSIFICATION_CODE ALL_STEPS_OK
MCU_DEPLOY_CLASSIFICATION_CODE done
MLLITE_MCU_TIMER_OPERATION_ELAPSED_SECONDS 'MLLITE.MCU_DEPLOY.CLASSIFICATION.Vapnik_SVC_RBF.FOURCLASS_10_ORIGINAL' 1
MLLITE_MCU_TIMER_OPERATION_END 'MLLITE.MCU_DEPLOY.CLASSIFICATION.Vapnik_SVC_RBF.FOURCLASS_10_ORIGINAL' [ 'Sat Feb  3 23:18:11 2024' ]
MCU_DEPLOY_ON_TARGET_X86_64_END
EXECUTION_TIME_DETAIL = {'CMD':'timeout 180 ./x86_64/classification/x86_64_classification_svm_FourClass_10_original.exe', 'ElapsedTimeSecs':(1.19, 0.00, 1.19), 'MAX_MEM_KB':1920, 'CPU_PRCNT':'100%', 'FILES_IN':0, 'FILES_OUT':168, 'EXIT_STATUS':0}
