MCU_DEPLOY_ON_TARGET_X86_64_START
MLLITE_MCU_TIMER_OPERATION_START 'MLLITE.MCU_DEPLOY.CLASSIFICATION.Tikhonov_Ridge.CENSUS_MEDIUM' [ 'Sat Feb  3 23:18:11 2024' ]
MLLite starting
MCU_DEPLOY_CLASSIFICATION_CODE CREATE_DATASET_STEP
MCU_DEPLOY_CLASSIFICATION_CODE CREATE_MODEL_STEP
MCU_DEPLOY_CLASSIFICATION_MODEL_OPTIONS
{ "alpha" : 0.0099999998, "random_state" : 1789 }
MCU_DEPLOY_CLASSIFICATION_CODE FIT_MODEL_STEP
PROGRESS_REPORT_ELAPSED_TOTAL 'RIDGE_CLASSIFIER_FIT' 1 4
PROGRESS_REPORT_ELAPSED_TOTAL 'RIDGE_CLASSIFIER_FIT' 3 4
PROGRESS_REPORT_ELAPSED_TOTAL 'CHOLESKY_SOLVER' 1 6
PROGRESS_REPORT_ELAPSED_TOTAL 'CHOLESKY_SOLVER' 2 6
PROGRESS_REPORT_ELAPSED_TOTAL 'CHOLESKY_SOLVER' 3 6
PROGRESS_REPORT_ELAPSED_TOTAL 'CHOLESKY_SOLVER' 4 6
PROGRESS_REPORT_ELAPSED_TOTAL 'CHOLESKY_SOLVER' 5 6
PROGRESS_REPORT_ELAPSED_TOTAL 'CHOLESKY_SOLVER' 6 6
PROGRESS_REPORT_ELAPSED_TOTAL 'RIDGE_CLASSIFIER_FIT' 4 4
MCU_DEPLOY_CLASSIFICATION_CODE MODEL_JSON_EXPORT_STEP
MODEL_JSON_DUMP_START
{
	"metadata" : { "model" : "Tikhonov_Ridge", "version" : "2024-W04"},
	"options" : { "alpha" : 0.0099999998, "random_state" : 1789 },
	"dataset" : { "dataset_rows" : 512, "dataset_features" : 14 },
	"classes" : [ "<=50K", ">50K" ],
	"equations" : {
		"class_1" : {
			"intercept" : -1.9062326,
			"coeffs" : [ 0.1107679, 0, -4.3208161e-08, 0, 0.080683351, 0, 0, 0, 0, 0, 0.31740895, 0.15167269, 0.14901981, 0 ]
		}
	}
}
MODEL_JSON_DUMP_END
MCU_DEPLOY_CLASSIFICATION_CODE MODEL_PREDICT_STEP
MLLITE_AUTO_DEPLOY_CENSUS_MEDIUM_APPLY_OUTPUT_CLASS  [ "<=50K", "<=50K", "<=50K", "<=50K", "<=50K",  ... , "<=50K", "<=50K", "<=50K", "<=50K", "<=50K" ]
MCU_DEPLOY_CLASSIFICATION_CODE MODEL_PREDICT_PROBA_STEP
MLLITE_AUTO_DEPLOY_CENSUS_MEDIUM_APPLY_OUTPUT_PROBA 0 [ 0.51185471, 0.4881452 ]
MLLITE_AUTO_DEPLOY_CENSUS_MEDIUM_APPLY_OUTPUT_PROBA 1 [ 0.74217236, 0.25782767 ]
MLLITE_AUTO_DEPLOY_CENSUS_MEDIUM_APPLY_OUTPUT_PROBA 2 [ 0.79243225, 0.20756774 ]
MLLITE_AUTO_DEPLOY_CENSUS_MEDIUM_APPLY_OUTPUT_PROBA 3 [ 0.80884075, 0.19115923 ]
MLLITE_AUTO_DEPLOY_CENSUS_MEDIUM_APPLY_OUTPUT_PROBA 4 [ 0.71632957, 0.28367046 ]
...
MLLITE_AUTO_DEPLOY_CENSUS_MEDIUM_APPLY_OUTPUT_PROBA 507 [ 0.76302528, 0.23697481 ]
MLLITE_AUTO_DEPLOY_CENSUS_MEDIUM_APPLY_OUTPUT_PROBA 508 [ 0.7588557, 0.24114431 ]
MLLITE_AUTO_DEPLOY_CENSUS_MEDIUM_APPLY_OUTPUT_PROBA 509 [ 0.7906692, 0.20933077 ]
MLLITE_AUTO_DEPLOY_CENSUS_MEDIUM_APPLY_OUTPUT_PROBA 510 [ 0.61908484, 0.38091522 ]
MLLITE_AUTO_DEPLOY_CENSUS_MEDIUM_APPLY_OUTPUT_PROBA 511 [ 0.91586739, 0.084132567 ]
MCU_DEPLOY_CLASSIFICATION_CODE MODEL_COMPUTE_PERF_STEP
MLLITE_AUTO_DEPLOY_CENSUS_MEDIUM_CLASS_PERFS { "count" : 512, "precision" : 0.8203125,  "AUC" : [ 0.82032514, 0.82032514 ] }
This will be printed
MCU_DEPLOY_CLASSIFICATION_CODE ALL_STEPS_OK
MCU_DEPLOY_CLASSIFICATION_CODE done
MLLITE_MCU_TIMER_OPERATION_ELAPSED_SECONDS 'MLLITE.MCU_DEPLOY.CLASSIFICATION.Tikhonov_Ridge.CENSUS_MEDIUM' 0
MLLITE_MCU_TIMER_OPERATION_END 'MLLITE.MCU_DEPLOY.CLASSIFICATION.Tikhonov_Ridge.CENSUS_MEDIUM' [ 'Sat Feb  3 23:18:11 2024' ]
MCU_DEPLOY_ON_TARGET_X86_64_END
EXECUTION_TIME_DETAIL = {'CMD':'timeout 180 ./x86_64/classification/x86_64_classification_ridge_census_medium.exe', 'ElapsedTimeSecs':(0.01, 0.00, 0.01), 'MAX_MEM_KB':1728, 'CPU_PRCNT':'100%', 'FILES_IN':0, 'FILES_OUT':8, 'EXIT_STATUS':0}
