MCU_DEPLOY_ON_TARGET_X86_64_START
MLLITE_MCU_TIMER_OPERATION_START 'MLLITE.MCU_DEPLOY.CLASSIFICATION.Vapnik_SVC_RBF.CENSUS_SMALL' [ 'Tue Jan 23 09:44:23 2024' ]
MLLite starting
MCU_DEPLOY_CLASSIFICATION_CODE step 1
MCU_DEPLOY_CLASSIFICATION_CODE step 2
MCU_DEPLOY_CLASSIFICATION_CODE step 3
MCU_DEPLOY_CLASSIFICATION_MODEL_OPTIONS
{"svm_type" : "c_svc", "kernel" : "rbf", "degree" : 3, "gamma" : 0, "coef0" : 0, "cache_size" : 10240, "tol" : 0.001, "nu" : 0.5, "epsilon" : 0, "shrinking" : 0, "probability" : 1, "C" : 1 }
MCU_DEPLOY_CLASSIFICATION_CODE step 4
PROGRESS_REPORT_ELAPSED_TOTAL 'SVM_CLASSIFIER_FIT' 1 5
PROGRESS_REPORT_ELAPSED_TOTAL 'SVM_CLASSIFIER_FIT' 2 5
PROGRESS_REPORT_ELAPSED_TOTAL 'SVM_CLASSIFIER_FIT' 3 5
PROGRESS_REPORT_ELAPSED_TOTAL 'SVM_CLASSIFIER_FIT' 4 5
PROGRESS_REPORT_ELAPSED_TOTAL 'SVM_TRAIN_CLASS_PROBA_CROSS_VALIDATION' 1 5
PROGRESS_REPORT_ELAPSED_TOTAL 'SVM_TRAIN_CLASS_PROBA_CROSS_VALIDATION' 2 5
PROGRESS_REPORT_ELAPSED_TOTAL 'SVM_TRAIN_CLASS_PROBA_CROSS_VALIDATION' 3 5
PROGRESS_REPORT_ELAPSED_TOTAL 'SVM_TRAIN_CLASS_PROBA_CROSS_VALIDATION' 4 5
PROGRESS_REPORT_ELAPSED_TOTAL 'SVM_TRAIN_CLASS_PROBA_CROSS_VALIDATION' 5 5
PROGRESS_REPORT_ELAPSED_TOTAL 'SVM_CLASSIFIER_FIT' 5 5
MCU_DEPLOY_CLASSIFICATION_CODE step 5
TREE_JSON_DUMP_START
{
	"metadata" : { "model" : "Vapnik_SVC_RBF", "version" : "2024-W03"},
	"options" : {"svm_type" : "c_svc", "kernel" : "rbf", "degree" : 3, "gamma" : 1.8085294e-11, "coef0" : 0, "cache_size" : 10240, "tol" : 0.001, "nu" : 0.5, "epsilon" : 0, "shrinking" : 0, "probability" : 1, "C" : 1 },
	"classes" : [ "<=50K", ">50K" ],
	"svm_model" : {
	"classes" : 2,
	"L" : 35,
	"SupportVectors" : {
		"SV_00" : [ 1, 0, 159537, 0, 12, 0, 0, 0, 0, 0, 0, 0, 2, 0 ],
		"SV_01" : [ 2, 0, 25806, 0, 16, 0, 0, 0, 0, 0, 0, 0, 2, 0 ],
		"SV_02" : [ 3, 0, 126840, 0, 10, 0, 0, 0, 0, 0, 0, 0, 2, 0 ],
		"SV_03" : [ 4, 0, 249368, 0, 9, 0, 0, 0, 0, 0, 0, 0, 4, 0 ],
		"SV_04" : [ 0, 0, 520759, 0, 9, 0, 0, 0, 0, 0, 0, 0, 1, 0 ],
		"SV_05" : [ 2, 0, 421633, 0, 11, 0, 0, 0, 0, 0, 0, 0, 2, 0 ],
		"SV_06" : [ 4, 0, 187919, 0, 14, 0, 0, 0, 0, 0, 2, 0, 2, 0 ],
		"SV_07" : [ 1, 0, 210313, 0, 9, 0, 0, 0, 0, 0, 0, 0, 3, 0 ],
		"SV_08" : [ 4, 0, 100301, 0, 6, 0, 0, 0, 0, 0, 0, 0, 0, 0 ],
		"SV_09" : [ 3, 0, 144084, 0, 9, 0, 0, 0, 0, 0, 0, 0, 2, 0 ],
		"SV_10" : [ 2, 0, 79036, 0, 9, 0, 0, 0, 0, 0, 0, 0, 2, 0 ],
		"SV_11" : [ 1, 0, 150324, 0, 11, 0, 0, 0, 0, 0, 0, 0, 2, 0 ],
		"SV_12" : [ 1, 0, 108386, 0, 12, 0, 0, 0, 0, 0, 0, 0, 2, 0 ],
		"SV_13" : [ 4, 0, 162137, 0, 9, 0, 0, 0, 0, 0, 0, 0, 2, 0 ],
		"SV_14" : [ 2, 0, 222504, 0, 11, 0, 0, 0, 0, 0, 0, 0, 2, 0 ],
		"SV_15" : [ 4, 0, 171831, 0, 9, 0, 0, 0, 0, 0, 1, 0, 2, 0 ],
		"SV_16" : [ 4, 0, 142297, 0, 6, 0, 0, 0, 0, 0, 0, 0, 0, 0 ],
		"SV_17" : [ 0, 0, 86745, 0, 13, 0, 0, 0, 0, 0, 0, 0, 2, 0 ],
		"SV_18" : [ 2, 0, 54102, 0, 11, 0, 0, 0, 0, 0, 0, 0, 2, 0 ],
		"SV_19" : [ 1, 0, 112963, 0, 10, 0, 0, 0, 0, 0, 0, 0, 2, 0 ],
		"SV_20" : [ 3, 0, 121441, 0, 10, 0, 0, 0, 0, 0, 0, 0, 3, 0 ],
		"SV_21" : [ 2, 0, 188950, 0, 14, 0, 0, 0, 0, 0, 0, 0, 3, 0 ],
		"SV_22" : [ 1, 0, 129707, 0, 13, 0, 0, 0, 0, 0, 4, 0, 1, 0 ],
		"SV_23" : [ 1, 0, 78530, 0, 9, 0, 0, 0, 0, 0, 0, 0, 4, 0 ],
		"SV_24" : [ 3, 0, 96586, 0, 10, 0, 0, 0, 0, 0, 0, 0, 2, 0 ],
		"SV_25" : [ 1, 0, 229656, 0, 14, 0, 0, 0, 0, 0, 0, 1, 2, 0 ],
		"SV_26" : [ 2, 0, 192569, 0, 15, 0, 0, 0, 0, 0, 0, 0, 2, 0 ],
		"SV_27" : [ 2, 0, 116975, 0, 10, 0, 0, 0, 0, 0, 0, 2, 3, 0 ],
		"SV_28" : [ 2, 0, 161510, 0, 13, 0, 0, 0, 0, 0, 2, 0, 2, 0 ],
		"SV_29" : [ 2, 0, 185145, 0, 16, 0, 0, 0, 0, 0, 0, 0, 2, 0 ],
		"SV_30" : [ 3, 0, 106707, 0, 12, 0, 0, 0, 0, 0, 0, 0, 0, 0 ],
		"SV_31" : [ 1, 0, 420749, 0, 12, 0, 0, 0, 0, 0, 0, 0, 2, 0 ],
		"SV_32" : [ 3, 0, 187563, 0, 10, 0, 0, 0, 0, 0, 0, 0, 3, 0 ],
		"SV_33" : [ 4, 0, 105582, 0, 13, 0, 0, 0, 0, 0, 0, 4, 2, 0 ],
		"SV_34" : [ 4, 0, 111795, 0, 13, 0, 0, 0, 0, 0, 0, 0, 2, 0 ]
	},
	"SupportVectorsCoefs" : {
		"SV_coef_0" : [ 1, 0.052300867, 1, 0.36531359, 0.015988033, 0.95085806, 1, 1, 1, 0.074093446, 0.3252961, 1, 1, 0.0018626325, 0.94256526, 1, 0.14690594, 1, 0.12481589, 1, 1, -1, -1, -1, -1, -1, -1, -1, -1, -1, -1, -1, -1, -1, -1 ]
	},
	"rho" : [ -1.0015509 ],
	"nSV" : [ 21, 14 ],
	"probA" : [ 265.26068 ],
	"probB" : [ -266.50653 ],
	"n_iter" : [ 70 ],
	"sv_ind" : [ 4, 10, 14, 16, 19, 21, 22, 25, 27, 28, 32, 36, 42, 50, 52, 53, 56, 57, 58, 59, 63, 0, 2, 3, 5, 9, 17, 18, 23, 39, 41, 44, 47, 49, 61 ]
}
}
TREE_JSON_DUMP_END
MCU_DEPLOY_CLASSIFICATION_CODE step 6
MCU_DEPLOY_CLASSIFICATION_CODE step 7
MLLITE_AUTO_DEPLOY_CENSUS_SMALL_APPLY_OUTPUT_CLASS  [ "<=50K", "<=50K", "<=50K", "<=50K", "<=50K",  ... , "<=50K", "<=50K", "<=50K", "<=50K", "<=50K" ]
MLLITE_AUTO_DEPLOY_CENSUS_SMALL_APPLY_OUTPUT_PROBA 0 [ 0.77080983, 0.22919016 ]
MLLITE_AUTO_DEPLOY_CENSUS_SMALL_APPLY_OUTPUT_PROBA 1 [ 0.69127584, 0.30872402 ]
MLLITE_AUTO_DEPLOY_CENSUS_SMALL_APPLY_OUTPUT_PROBA 2 [ 0.79009515, 0.20990486 ]
MLLITE_AUTO_DEPLOY_CENSUS_SMALL_APPLY_OUTPUT_PROBA 3 [ 0.79350102, 0.206499 ]
MLLITE_AUTO_DEPLOY_CENSUS_SMALL_APPLY_OUTPUT_PROBA 4 [ 0.78200239, 0.21799771 ]
...
MLLITE_AUTO_DEPLOY_CENSUS_SMALL_APPLY_OUTPUT_PROBA 59 [ 0.79280013, 0.20719989 ]
MLLITE_AUTO_DEPLOY_CENSUS_SMALL_APPLY_OUTPUT_PROBA 60 [ 0.78415871, 0.21584126 ]
MLLITE_AUTO_DEPLOY_CENSUS_SMALL_APPLY_OUTPUT_PROBA 61 [ 0.79287523, 0.20712468 ]
MLLITE_AUTO_DEPLOY_CENSUS_SMALL_APPLY_OUTPUT_PROBA 62 [ 0.77987748, 0.22012253 ]
MLLITE_AUTO_DEPLOY_CENSUS_SMALL_APPLY_OUTPUT_PROBA 63 [ 0.79161966, 0.20838049 ]
MLLITE_AUTO_DEPLOY_CENSUS_SMALL_CLASS_PERFS { "count" : 64, "precision" : 0.78125,  "AUC" : [ 0.34999999, 0.34999999 ] }
This will be printed
MCU_DEPLOY_CLASSIFICATION_CODE step 8
MCU_DEPLOY_CLASSIFICATION_CODE done
MLLITE_MCU_TIMER_OPERATION_ELAPSED_SECONDS 'MLLITE.MCU_DEPLOY.CLASSIFICATION.Vapnik_SVC_RBF.CENSUS_SMALL' 0
MLLITE_MCU_TIMER_OPERATION_END 'MLLITE.MCU_DEPLOY.CLASSIFICATION.Vapnik_SVC_RBF.CENSUS_SMALL' [ 'Tue Jan 23 09:44:23 2024' ]
MCU_DEPLOY_ON_TARGET_X86_64_END
