MCU_DEPLOY_ON_TARGET_X86_64_START
MLLITE_MCU_TIMER_OPERATION_START 'MLLITE.MCU_DEPLOY.CLASSIFICATION.Vapnik_NuSVC_RBF.CENSUS_ORIGINAL' [ 'Tue Jan 23 09:44:23 2024' ]
MLLite starting
MCU_DEPLOY_CLASSIFICATION_CODE step 1
MCU_DEPLOY_CLASSIFICATION_CODE step 2
MCU_DEPLOY_CLASSIFICATION_CODE step 3
MCU_DEPLOY_CLASSIFICATION_MODEL_OPTIONS
{"svm_type" : "c_svc", "kernel" : "rbf", "degree" : 3, "gamma" : 0, "coef0" : 0, "cache_size" : 10240, "tol" : 0.001, "nu" : 1, "epsilon" : 0, "shrinking" : 0, "probability" : 1, "C" : 1 }
MCU_DEPLOY_CLASSIFICATION_CODE step 4
PROGRESS_REPORT_ELAPSED_TOTAL 'SVM_NU_CLASSIFIER_FIT' 1 5
PROGRESS_REPORT_ELAPSED_TOTAL 'SVM_NU_CLASSIFIER_FIT' 2 5
PROGRESS_REPORT_ELAPSED_TOTAL 'SVM_NU_CLASSIFIER_FIT' 3 5
PROGRESS_REPORT_ELAPSED_TOTAL 'SVM_NU_CLASSIFIER_FIT' 4 5
PROGRESS_REPORT_ELAPSED_TOTAL 'SVM_TRAIN_CLASS_PROBA_CROSS_VALIDATION' 1 5
PROGRESS_REPORT_ELAPSED_TOTAL 'SVM_TRAIN_CLASS_PROBA_CROSS_VALIDATION' 2 5
PROGRESS_REPORT_ELAPSED_TOTAL 'SVM_TRAIN_CLASS_PROBA_CROSS_VALIDATION' 3 5
PROGRESS_REPORT_ELAPSED_TOTAL 'SVM_TRAIN_CLASS_PROBA_CROSS_VALIDATION' 4 5
PROGRESS_REPORT_ELAPSED_TOTAL 'SVM_TRAIN_CLASS_PROBA_CROSS_VALIDATION' 5 5
PROGRESS_REPORT_ELAPSED_TOTAL 'SVM_NU_CLASSIFIER_FIT' 5 5
MCU_DEPLOY_CLASSIFICATION_CODE step 5
TREE_JSON_DUMP_START
{
	"metadata" : { "model" : "Vapnik_NuSVC_RBF", "version" : "2024-W03"},
	"options" : {"svm_type" : "nu_svc", "kernel" : "rbf", "degree" : 3, "gamma" : 2.2444361e-11, "coef0" : 0, "cache_size" : 10240, "tol" : 0.001, "nu" : 1, "epsilon" : 0, "shrinking" : 0, "probability" : 1, "C" : 1 },
	"classes" : [ "<=50K", ">50K" ],
	"svm_model" : {
	"classes" : 2,
	"L" : 0,
	"SupportVectors" : {
	},
	"SupportVectorsCoefs" : {
		"SV_coef_0" : [ ]
	},
	"rho" : [ -nan ],
	"nSV" : [ 0, 0 ],
	"probA" : [ 0 ],
	"probB" : [ -1.1565626 ],
	"n_iter" : [ 23612 ],
	"sv_ind" : [ ]
}
}
TREE_JSON_DUMP_END
MCU_DEPLOY_CLASSIFICATION_CODE step 6
MCU_DEPLOY_CLASSIFICATION_CODE step 7
MLLITE_AUTO_DEPLOY_CENSUS_ORIGINAL_APPLY_OUTPUT_CLASS  [ ">50K", ">50K", ">50K", ">50K", ">50K",  ... , ">50K", ">50K", ">50K", ">50K", ">50K" ]
MLLITE_AUTO_DEPLOY_CENSUS_ORIGINAL_APPLY_OUTPUT_PROBA 0 [ 0.5, 0.5 ]
MLLITE_AUTO_DEPLOY_CENSUS_ORIGINAL_APPLY_OUTPUT_PROBA 1 [ 0.5, 0.5 ]
MLLITE_AUTO_DEPLOY_CENSUS_ORIGINAL_APPLY_OUTPUT_PROBA 2 [ 0.5, 0.5 ]
MLLITE_AUTO_DEPLOY_CENSUS_ORIGINAL_APPLY_OUTPUT_PROBA 3 [ 0.5, 0.5 ]
MLLITE_AUTO_DEPLOY_CENSUS_ORIGINAL_APPLY_OUTPUT_PROBA 4 [ 0.5, 0.5 ]
...
MLLITE_AUTO_DEPLOY_CENSUS_ORIGINAL_APPLY_OUTPUT_PROBA 48837 [ 0.5, 0.5 ]
MLLITE_AUTO_DEPLOY_CENSUS_ORIGINAL_APPLY_OUTPUT_PROBA 48838 [ 0.5, 0.5 ]
MLLITE_AUTO_DEPLOY_CENSUS_ORIGINAL_APPLY_OUTPUT_PROBA 48839 [ 0.5, 0.5 ]
MLLITE_AUTO_DEPLOY_CENSUS_ORIGINAL_APPLY_OUTPUT_PROBA 48840 [ 0.5, 0.5 ]
MLLITE_AUTO_DEPLOY_CENSUS_ORIGINAL_APPLY_OUTPUT_PROBA 48841 [ 0.5, 0.5 ]
MLLITE_AUTO_DEPLOY_CENSUS_ORIGINAL_CLASS_PERFS { "count" : 48842, "precision" : 0.76071823,  "AUC" : [ 0.038636658, 0.038636658 ] }
This will be printed
MCU_DEPLOY_CLASSIFICATION_CODE step 8
MCU_DEPLOY_CLASSIFICATION_CODE done
MLLITE_MCU_TIMER_OPERATION_ELAPSED_SECONDS 'MLLITE.MCU_DEPLOY.CLASSIFICATION.Vapnik_NuSVC_RBF.CENSUS_ORIGINAL' 9213
MLLITE_MCU_TIMER_OPERATION_END 'MLLITE.MCU_DEPLOY.CLASSIFICATION.Vapnik_NuSVC_RBF.CENSUS_ORIGINAL' [ 'Tue Jan 23 12:17:56 2024' ]
MCU_DEPLOY_ON_TARGET_X86_64_END
