MCU_DEPLOY_ON_TARGET_X86_64_START
MLLITE_MCU_TIMER_OPERATION_START 'MLLITE.MCU_DEPLOY.CLASSIFICATION.Friedman_XGB.FOURCLASS_10_SMALL' [ 'Tue Jan 23 09:44:22 2024' ]
MLLite starting
MCU_DEPLOY_CLASSIFICATION_CODE step 1
MCU_DEPLOY_CLASSIFICATION_CODE step 2
MCU_DEPLOY_CLASSIFICATION_CODE step 3
MCU_DEPLOY_CLASSIFICATION_MODEL_OPTIONS
{ "base_score" : [ ], "early_stopping_rounds" : 0, "eval_metric" : "", "gamma" : 0, "grow_policy" : 0, "learning_rate" : 0.30000001, "max_bin" : 5, "max_depth" : 6, "max_leaves" : 0, "min_child_weight" : 1, "n_estimators" : 6, "objective" : "reg:squarederror", "reg_alpha" : 0, "reg_lambda" : 1, "tree_method" : "auto" }
MCU_DEPLOY_CLASSIFICATION_CODE step 4
PROGRESS_REPORT_ELAPSED_TOTAL 'XGB_CLASSIFIER_FIT' 1 3
PROGRESS_REPORT_ELAPSED_TOTAL 'XGB_CLASSIFIER_FIT' 2 3
PROGRESS_REPORT_ELAPSED_TOTAL 'XGB_MODEL_FIT' 1 8
PROGRESS_REPORT_ELAPSED_TOTAL 'XGB_MODEL_FIT' 2 8
PROGRESS_REPORT_ELAPSED_TOTAL 'XGB_MODEL_FIT' 3 8
PROGRESS_REPORT_ELAPSED_TOTAL 'XGB_MODEL_FIT' 4 8
PROGRESS_REPORT_ELAPSED_TOTAL 'XGB_MODEL_FIT' 5 8
PROGRESS_REPORT_ELAPSED_TOTAL 'XGB_MODEL_FIT' 6 8
PROGRESS_REPORT_ELAPSED_TOTAL 'XGB_MODEL_FIT' 7 8
PROGRESS_REPORT_ELAPSED_TOTAL 'XGB_MODEL_FIT' 8 8
PROGRESS_REPORT_ELAPSED_TOTAL 'XGB_CLASSIFIER_FIT' 3 3
MCU_DEPLOY_CLASSIFICATION_CODE step 5
TREE_JSON_DUMP_START
{
	"metadata" : { "model" : "Friedman_XGB", "version" : "2024-W03"},
	"options" : { "base_score" : [ ], "early_stopping_rounds" : 0, "eval_metric" : "", "gamma" : 0, "grow_policy" : 0, "learning_rate" : 0.30000001, "max_bin" : 5, "max_depth" : 6, "max_leaves" : 0, "min_child_weight" : 1, "n_estimators" : 6, "objective" : "reg:squarederror", "reg_alpha" : 0, "reg_lambda" : 1, "tree_method" : "auto" },
	"classes" : [ 0, 1, 2, 3 ],
	"booster" : {
		"BaseScore" : [ 0.265625, 0.296875, 0.21875, 0.21875 ],
		"Trees" : 6,
		"Tree_0" : {
			"Node_00" : { "leaf_value" : [ ], "parent" : null, "left" : 1, "right" : 2, "svalue" : -0.79248929, "sindex" : 7 },
			"Node_01" : { "leaf_value" : [ ], "parent" : 0, "left" : 3, "right" : 4, "svalue" : -0.23990105, "sindex" : 2 },
			"Node_02" : { "leaf_value" : [ ], "parent" : 0, "left" : 5, "right" : 6, "svalue" : 0.64213276, "sindex" : 8 },
			"Node_03" : { "leaf_value" : [ ], "parent" : 1, "left" : 7, "right" : 8, "svalue" : 0.22750466, "sindex" : 4 },
			"Node_04" : { "leaf_value" : [ ], "parent" : 1, "left" : 9, "right" : 10, "svalue" : -0.087654807, "sindex" : 4 },
			"Node_05" : { "leaf_value" : [ ], "parent" : 2, "left" : 11, "right" : 12, "svalue" : -0.16250405, "sindex" : 1 },
			"Node_06" : { "leaf_value" : [ ], "parent" : 2, "left" : 13, "right" : 14, "svalue" : 0.93144453, "sindex" : 9 },
			"Node_07" : { "leaf_value" : [ ], "parent" : 3, "left" : 15, "right" : 16, "svalue" : -1.368644, "sindex" : 0 },
			"Node_08" : { "leaf_value" : [ 0.17945161, -0.13392384, -0.128123, 0.083497688 ], "parent" : 3, "left" : null, "right" : null, "svalue" : 0, "sindex" : 0 },
			"Node_09" : { "leaf_value" : [ ], "parent" : 4, "left" : 17, "right" : 18, "svalue" : -0.15295571, "sindex" : 8 },
			"Node_10" : { "leaf_value" : [ ], "parent" : 4, "left" : 19, "right" : 20, "svalue" : 1.2517099, "sindex" : 0 },
			"Node_11" : { "leaf_value" : [ ], "parent" : 5, "left" : 21, "right" : 22, "svalue" : -0.15295571, "sindex" : 8 },
			"Node_12" : { "leaf_value" : [ ], "parent" : 5, "left" : 23, "right" : 24, "svalue" : 0.92072469, "sindex" : 2 },
			"Node_13" : { "leaf_value" : [ ], "parent" : 6, "left" : 25, "right" : 26, "svalue" : 0.92072469, "sindex" : 2 },
			"Node_14" : { "leaf_value" : [ 0.17393713, 0.029787218, -0.10373203, -0.10373203 ], "parent" : 6, "left" : null, "right" : null, "svalue" : 0, "sindex" : 0 },
			"Node_15" : { "leaf_value" : [ -0.10692172, -0.10911988, -0.10373204, 0.32460338 ], "parent" : 7, "left" : null, "right" : null, "svalue" : 0, "sindex" : 0 },
			"Node_16" : { "leaf_value" : [ -0.10692172, 0.029787209, 0.039046425, 0.039046433 ], "parent" : 7, "left" : null, "right" : null, "svalue" : 0, "sindex" : 0 },
			"Node_17" : { "leaf_value" : [ 0.2831201, -0.13392384, -0.022312652, -0.128123 ], "parent" : 9, "left" : null, "right" : null, "svalue" : 0, "sindex" : 0 },
			"Node_18" : { "leaf_value" : [ -0.10692172, 0.029787218, -0.10373204, 0.18182489 ], "parent" : 9, "left" : null, "right" : null, "svalue" : 0, "sindex" : 0 },
			"Node_19" : { "leaf_value" : [ -0.10692172, -0.10911988, 0.32460338, -0.10373204 ], "parent" : 10, "left" : null, "right" : null, "svalue" : 0, "sindex" : 0 },
			"Node_20" : { "leaf_value" : [ 0.17393713, -0.10911988, 0.039046433, -0.10373204 ], "parent" : 10, "left" : null, "right" : null, "svalue" : 0, "sindex" : 0 },
			"Node_21" : { "leaf_value" : [ -0.13155372, -0.13392384, -0.022312652, 0.29511836 ], "parent" : 11, "left" : null, "right" : null, "svalue" : 0, "sindex" : 0 },
			"Node_22" : { "leaf_value" : [ 0.17393713, 0.029787214, -0.10373204, -0.10373203 ], "parent" : 11, "left" : null, "right" : null, "svalue" : 0, "sindex" : 0 },
			"Node_23" : { "leaf_value" : [ ], "parent" : 12, "left" : 27, "right" : 28, "svalue" : 0.029573342, "sindex" : 9 },
			"Node_24" : { "leaf_value" : [ 0.033507712, 0.029787209, -0.10373203, 0.039046433 ], "parent" : 12, "left" : null, "right" : null, "svalue" : 0, "sindex" : 0 },
			"Node_25" : { "leaf_value" : [ ], "parent" : 13, "left" : 29, "right" : 30, "svalue" : -0.97779876, "sindex" : 3 },
			"Node_26" : { "leaf_value" : [ -0.10692168, 0.16869429, -0.10373205, 0.039046437 ], "parent" : 13, "left" : null, "right" : null, "svalue" : 0, "sindex" : 0 },
			"Node_27" : { "leaf_value" : [ -0.10692172, 0.1686943, 0.039046425, -0.10373204 ], "parent" : 23, "left" : null, "right" : null, "svalue" : 0, "sindex" : 0 },
			"Node_28" : { "leaf_value" : [ ], "parent" : 23, "left" : 31, "right" : 32, "svalue" : 0.43402103, "sindex" : 9 },
			"Node_29" : { "leaf_value" : [ -0.13959341, 0.40026817, -0.13612489, -0.13612489 ], "parent" : 25, "left" : null, "right" : null, "svalue" : 0, "sindex" : 0 },
			"Node_30" : { "leaf_value" : [ -0.0018116634, 0.23005079, -0.11774116, -0.11774116 ], "parent" : 25, "left" : null, "right" : null, "svalue" : 0, "sindex" : 0 },
			"Node_31" : { "leaf_value" : [ 0.11746918, -0.1234047, 0.12535009, -0.11774114 ], "parent" : 28, "left" : null, "right" : null, "svalue" : 0, "sindex" : 0 },
			"Node_32" : { "leaf_value" : [ -0.13155372, -0.03163467, 0.29511836, -0.128123 ], "parent" : 28, "left" : null, "right" : null, "svalue" : 0, "sindex" : 0 }
		},
		"Tree_1" : {
			"Node_00" : { "leaf_value" : [ ], "parent" : null, "left" : 1, "right" : 2, "svalue" : -0.15295571, "sindex" : 8 },
			"Node_01" : { "leaf_value" : [ ], "parent" : 0, "left" : 3, "right" : 4, "svalue" : -0.31141457, "sindex" : 3 },
			"Node_02" : { "leaf_value" : [ ], "parent" : 0, "left" : 5, "right" : 6, "svalue" : -1.1915369, "sindex" : 1 },
			"Node_03" : { "leaf_value" : [ ], "parent" : 1, "left" : 7, "right" : 8, "svalue" : 0.92072469, "sindex" : 2 },
			"Node_04" : { "leaf_value" : [ ], "parent" : 1, "left" : 9, "right" : 10, "svalue" : 0.4205552, "sindex" : 5 },
			"Node_05" : { "leaf_value" : [ 0.36694226, -0.14171268, -0.13144846, -0.13059856 ], "parent" : 2, "left" : null, "right" : null, "svalue" : 0, "sindex" : 0 },
			"Node_06" : { "leaf_value" : [ ], "parent" : 2, "left" : 11, "right" : 12, "svalue" : -0.79248929, "sindex" : 7 },
			"Node_07" : { "leaf_value" : [ ], "parent" : 3, "left" : 13, "right" : 14, "svalue" : -1.7581688, "sindex" : 3 },
			"Node_08" : { "leaf_value" : [ 0.09171176, 0.0012999945, -0.11289747, 0.0096943965 ], "parent" : 3, "left" : null, "right" : null, "svalue" : 0, "sindex" : 0 },
			"Node_09" : { "leaf_value" : [ ], "parent" : 4, "left" : 15, "right" : 16, "svalue" : 1.2517099, "sindex" : 0 },
			"Node_10" : { "leaf_value" : [ -0.11222221, -0.0034199189, -0.11775405, 0.21915264 ], "parent" : 4, "left" : null, "right" : null, "svalue" : 0, "sindex" : 0 },
			"Node_11" : { "leaf_value" : [ ], "parent" : 6, "left" : 17, "right" : 18, "svalue" : 0.4205552, "sindex" : 5 },
			"Node_12" : { "leaf_value" : [ ], "parent" : 6, "left" : 19, "right" : 20, "svalue" : 0.42329645, "sindex" : 2 },
			"Node_13" : { "leaf_value" : [ -0.10989553, -0.10044036, 0.2851806, -0.095907897 ], "parent" : 7, "left" : null, "right" : null, "svalue" : 0, "sindex" : 0 },
			"Node_14" : { "leaf_value" : [ ], "parent" : 7, "left" : 21, "right" : 22, "svalue" : -0.59485209, "sindex" : 4 },
			"Node_15" : { "leaf_value" : [ -0.097399361, -0.10150321, 0.16898382, 0.020173069 ], "parent" : 9, "left" : null, "right" : null, "svalue" : 0, "sindex" : 0 },
			"Node_16" : { "leaf_value" : [ -0.11272622, -0.099998258, 0.044301543, 0.16676831 ], "parent" : 9, "left" : null, "right" : null, "svalue" : 0, "sindex" : 0 },
			"Node_17" : { "leaf_value" : [ ], "parent" : 11, "left" : 23, "right" : 24, "svalue" : 0.22750466, "sindex" : 4 },
			"Node_18" : { "leaf_value" : [ -0.099507824, 0.16452436, -0.099990569, 0.023402862 ], "parent" : 11, "left" : null, "right" : null, "svalue" : 0, "sindex" : 0 },
			"Node_19" : { "leaf_value" : [ ], "parent" : 12, "left" : 25, "right" : 26, "svalue" : 0.64213276, "sindex" : 8 },
			"Node_20" : { "leaf_value" : [ ], "parent" : 12, "left" : 27, "right" : 28, "svalue" : -0.14022851, "sindex" : 5 },
			"Node_21" : { "leaf_value" : [ -0.011886208, -0.1165205, 0.21949655, -0.10824509 ], "parent" : 14, "left" : null, "right" : null, "svalue" : 0, "sindex" : 0 },
			"Node_22" : { "leaf_value" : [ 0.21554999, -0.11684711, -0.0035602446, -0.1120252 ], "parent" : 14, "left" : null, "right" : null, "svalue" : 0, "sindex" : 0 },
			"Node_23" : { "leaf_value" : [ -0.11272329, -0.11729012, -0.10988045, 0.29843855 ], "parent" : 17, "left" : null, "right" : null, "svalue" : 0, "sindex" : 0 },
			"Node_24" : { "leaf_value" : [ 0.065733723, -0.1240887, 0.073576272, -0.022500761 ], "parent" : 17, "left" : null, "right" : null, "svalue" : 0, "sindex" : 0 },
			"Node_25" : { "leaf_value" : [ -0.11833833, 0.21394396, -0.0043598069, -0.10974918 ], "parent" : 19, "left" : null, "right" : null, "svalue" : 0, "sindex" : 0 },
			"Node_26" : { "leaf_value" : [ -0.15034975, 0.34793502, -0.14176568, -0.14176568 ], "parent" : 19, "left" : null, "right" : null, "svalue" : 0, "sindex" : 0 },
			"Node_27" : { "leaf_value" : [ -0.098660335, 0.15291496, 0.034944363, -0.10227264 ], "parent" : 20, "left" : null, "right" : null, "svalue" : 0, "sindex" : 0 },
			"Node_28" : { "leaf_value" : [ 0.1751139, -0.047780864, -0.11979949, -0.015068056 ], "parent" : 20, "left" : null, "right" : null, "svalue" : 0, "sindex" : 0 }
		},
		"Tree_2" : {
			"Node_00" : { "leaf_value" : [ ], "parent" : null, "left" : 1, "right" : 2, "svalue" : -0.15295571, "sindex" : 8 },
			"Node_01" : { "leaf_value" : [ ], "parent" : 0, "left" : 3, "right" : 4, "svalue" : -0.31141457, "sindex" : 3 },
			"Node_02" : { "leaf_value" : [ ], "parent" : 0, "left" : 5, "right" : 6, "svalue" : 1.0537803, "sindex" : 3 },
			"Node_03" : { "leaf_value" : [ ], "parent" : 1, "left" : 7, "right" : 8, "svalue" : 0.92072469, "sindex" : 2 },
			"Node_04" : { "leaf_value" : [ ], "parent" : 1, "left" : 9, "right" : 10, "svalue" : 0.4205552, "sindex" : 5 },
			"Node_05" : { "leaf_value" : [ ], "parent" : 2, "left" : 11, "right" : 12, "svalue" : 1.4078186, "sindex" : 8 },
			"Node_06" : { "leaf_value" : [ ], "parent" : 2, "left" : 13, "right" : 14, "svalue" : -1.1915369, "sindex" : 1 },
			"Node_07" : { "leaf_value" : [ ], "parent" : 3, "left" : 15, "right" : 16, "svalue" : -0.23990105, "sindex" : 2 },
			"Node_08" : { "leaf_value" : [ 0.077627264, 0.0019551311, -0.10527578, 0.0093474248 ], "parent" : 3, "left" : null, "right" : null, "svalue" : 0, "sindex" : 0 },
			"Node_09" : { "leaf_value" : [ -0.13000412, -0.12554882, 0.12126175, 0.10376229 ], "parent" : 4, "left" : null, "right" : null, "svalue" : 0, "sindex" : 0 },
			"Node_10" : { "leaf_value" : [ -0.10416429, -0.0012385722, -0.1088754, 0.17782894 ], "parent" : 4, "left" : null, "right" : null, "svalue" : 0, "sindex" : 0 },
			"Node_11" : { "leaf_value" : [ ], "parent" : 5, "left" : 17, "right" : 18, "svalue" : -1.368644, "sindex" : 0 },
			"Node_12" : { "leaf_value" : [ ], "parent" : 5, "left" : 19, "right" : 20, "svalue" : -1.368644, "sindex" : 0 },
			"Node_13" : { "leaf_value" : [ 0.26360345, -0.12223613, -0.11128642, -0.11224985 ], "parent" : 6, "left" : null, "right" : null, "svalue" : 0, "sindex" : 0 },
			"Node_14" : { "leaf_value" : [ 0.10873911, 0.085609853, -0.10641632, -0.11027579 ], "parent" : 6, "left" : null, "right" : null, "svalue" : 0, "sindex" : 0 },
			"Node_15" : { "leaf_value" : [ -0.031016588, -0.12028296, 0.22183123, -0.1136583 ], "parent" : 7, "left" : null, "right" : null, "svalue" : 0, "sindex" : 0 },
			"Node_16" : { "leaf_value" : [ 0.099861443, -0.12318652, 0.098852314, -0.11911809 ], "parent" : 7, "left" : null, "right" : null, "svalue" : 0, "sindex" : 0 },
			"Node_17" : { "leaf_value" : [ 0.16265595, 0.033915605, -0.10516291, -0.10017695 ], "parent" : 11, "left" : null, "right" : null, "svalue" : 0, "sindex" : 0 },
			"Node_18" : { "leaf_value" : [ ], "parent" : 11, "left" : 21, "right" : 22, "svalue" : 0.64213276, "sindex" : 8 },
			"Node_19" : { "leaf_value" : [ -0.10331, -0.10716098, -0.10090111, 0.23909773 ], "parent" : 12, "left" : null, "right" : null, "svalue" : 0, "sindex" : 0 },
			"Node_20" : { "leaf_value" : [ -0.013130287, 0.0039766473, 0.00091306755, 0.0090337778 ], "parent" : 12, "left" : null, "right" : null, "svalue" : 0, "sindex" : 0 },
			"Node_21" : { "leaf_value" : [ ], "parent" : 18, "left" : 23, "right" : 24, "svalue" : -0.087654807, "sindex" : 4 },
			"Node_22" : { "leaf_value" : [ ], "parent" : 18, "left" : 25, "right" : 26, "svalue" : 0.43402103, "sindex" : 9 },
			"Node_23" : { "leaf_value" : [ -0.10508787, -0.031104678, 0.1283904, 0.0049004471 ], "parent" : 21, "left" : null, "right" : null, "svalue" : 0, "sindex" : 0 },
			"Node_24" : { "leaf_value" : [ -0.0132072, 0.10652537, -0.0022279499, -0.10318046 ], "parent" : 21, "left" : null, "right" : null, "svalue" : 0, "sindex" : 0 },
			"Node_25" : { "leaf_value" : [ -0.12520613, 0.25457457, -0.1223255, -0.1223923 ], "parent" : 22, "left" : null, "right" : null, "svalue" : 0, "sindex" : 0 },
			"Node_26" : { "leaf_value" : [ -0.1169587, 0.15539038, -0.099446356, 0.026605038 ], "parent" : 22, "left" : null, "right" : null, "svalue" : 0, "sindex" : 0 }
		},
		"Tree_3" : {
			"Node_00" : { "leaf_value" : [ ], "parent" : null, "left" : 1, "right" : 2, "svalue" : -0.79248929, "sindex" : 7 },
			"Node_01" : { "leaf_value" : [ ], "parent" : 0, "left" : 3, "right" : 4, "svalue" : 0.36548463, "sindex" : 0 },
			"Node_02" : { "leaf_value" : [ ], "parent" : 0, "left" : 5, "right" : 6, "svalue" : 1.284271, "sindex" : 6 },
			"Node_03" : { "leaf_value" : [ ], "parent" : 1, "left" : 7, "right" : 8, "svalue" : -0.14022851, "sindex" : 5 },
			"Node_04" : { "leaf_value" : [ ], "parent" : 1, "left" : 9, "right" : 10, "svalue" : 0.4205552, "sindex" : 5 },
			"Node_05" : { "leaf_value" : [ ], "parent" : 2, "left" : 11, "right" : 12, "svalue" : 1.0537803, "sindex" : 3 },
			"Node_06" : { "leaf_value" : [ ], "parent" : 2, "left" : 13, "right" : 14, "svalue" : 1.0537803, "sindex" : 3 },
			"Node_07" : { "leaf_value" : [ ], "parent" : 3, "left" : 15, "right" : 16, "svalue" : 0.64213276, "sindex" : 8 },
			"Node_08" : { "leaf_value" : [ -0.10973813, -0.016207747, -0.024077276, 0.12344649 ], "parent" : 3, "left" : null, "right" : null, "svalue" : 0, "sindex" : 0 },
			"Node_09" : { "leaf_value" : [ ], "parent" : 4, "left" : 17, "right" : 18, "svalue" : -0.31141457, "sindex" : 3 },
			"Node_10" : { "leaf_value" : [ 0.078222089, 0.012412391, -0.10674126, 0.0044886027 ], "parent" : 4, "left" : null, "right" : null, "svalue" : 0, "sindex" : 0 },
			"Node_11" : { "leaf_value" : [ ], "parent" : 5, "left" : 19, "right" : 20, "svalue" : 0.92072469, "sindex" : 2 },
			"Node_12" : { "leaf_value" : [ 0.15350111, -0.0085252887, -0.095521547, -0.096994162 ], "parent" : 5, "left" : null, "right" : null, "svalue" : 0, "sindex" : 0 },
			"Node_13" : { "leaf_value" : [ -0.045273758, -0.12335321, 0.16552103, -0.051831804 ], "parent" : 6, "left" : null, "right" : null, "svalue" : 0, "sindex" : 0 },
			"Node_14" : { "leaf_value" : [ -0.025528112, -0.026989764, -0.11109172, 0.14003634 ], "parent" : 6, "left" : null, "right" : null, "svalue" : 0, "sindex" : 0 },
			"Node_15" : { "leaf_value" : [ 0.26205182, -0.10687711, -0.11234275, -0.10606211 ], "parent" : 7, "left" : null, "right" : null, "svalue" : 0, "sindex" : 0 },
			"Node_16" : { "leaf_value" : [ 0.00015638444, -0.10168685, -0.10129244, 0.16416609 ], "parent" : 7, "left" : null, "right" : null, "svalue" : 0, "sindex" : 0 },
			"Node_17" : { "leaf_value" : [ -0.12778473, -0.10645374, 0.28915098, -0.10243022 ], "parent" : 9, "left" : null, "right" : null, "svalue" : 0, "sindex" : 0 },
			"Node_18" : { "leaf_value" : [ 0.06804397, -0.10100057, 0.0088630123, 0.0074002268 ], "parent" : 9, "left" : null, "right" : null, "svalue" : 0, "sindex" : 0 },
			"Node_19" : { "leaf_value" : [ ], "parent" : 11, "left" : 21, "right" : 22, "svalue" : 0.42329645, "sindex" : 2 },
			"Node_20" : { "leaf_value" : [ -0.03863332, 0.041029379, -0.10764869, 0.089956261 ], "parent" : 11, "left" : null, "right" : null, "svalue" : 0, "sindex" : 0 },
			"Node_21" : { "leaf_value" : [ ], "parent" : 19, "left" : 23, "right" : 24, "svalue" : 0.4205552, "sindex" : 5 },
			"Node_22" : { "leaf_value" : [ 0.10373808, -0.013413182, -0.00072416029, -0.10257632 ], "parent" : 19, "left" : null, "right" : null, "svalue" : 0, "sindex" : 0 },
			"Node_23" : { "leaf_value" : [ -0.12579881, 0.25319049, -0.12669562, -0.11428551 ], "parent" : 21, "left" : null, "right" : null, "svalue" : 0, "sindex" : 0 },
			"Node_24" : { "leaf_value" : [ -0.12276915, 0.14553395, 0.049259376, -0.12659818 ], "parent" : 21, "left" : null, "right" : null, "svalue" : 0, "sindex" : 0 }
		},
		"Tree_4" : {
			"Node_00" : { "leaf_value" : [ ], "parent" : null, "left" : 1, "right" : 2, "svalue" : -0.79248929, "sindex" : 7 },
			"Node_01" : { "leaf_value" : [ ], "parent" : 0, "left" : 3, "right" : 4, "svalue" : 0.36548463, "sindex" : 0 },
			"Node_02" : { "leaf_value" : [ ], "parent" : 0, "left" : 5, "right" : 6, "svalue" : 0.64213276, "sindex" : 8 },
			"Node_03" : { "leaf_value" : [ ], "parent" : 1, "left" : 7, "right" : 8, "svalue" : -0.14022851, "sindex" : 5 },
			"Node_04" : { "leaf_value" : [ ], "parent" : 1, "left" : 9, "right" : 10, "svalue" : 0.4205552, "sindex" : 5 },
			"Node_05" : { "leaf_value" : [ ], "parent" : 2, "left" : 11, "right" : 12, "svalue" : 0.76460832, "sindex" : 1 },
			"Node_06" : { "leaf_value" : [ ], "parent" : 2, "left" : 13, "right" : 14, "svalue" : 1.4078186, "sindex" : 8 },
			"Node_07" : { "leaf_value" : [ ], "parent" : 3, "left" : 15, "right" : 16, "svalue" : 0.64213276, "sindex" : 8 },
			"Node_08" : { "leaf_value" : [ -0.10269844, -0.012495415, -0.020134158, 0.103247 ], "parent" : 3, "left" : null, "right" : null, "svalue" : 0, "sindex" : 0 },
			"Node_09" : { "leaf_value" : [ ], "parent" : 4, "left" : 17, "right" : 18, "svalue" : -0.15295571, "sindex" : 8 },
			"Node_10" : { "leaf_value" : [ 0.067230806, 0.011756862, -0.099801414, 0.0048111393 ], "parent" : 4, "left" : null, "right" : null, "svalue" : 0, "sindex" : 0 },
			"Node_11" : { "leaf_value" : [ ], "parent" : 5, "left" : 19, "right" : 20, "svalue" : 0.029573342, "sindex" : 9 },
			"Node_12" : { "leaf_value" : [ ], "parent" : 5, "left" : 21, "right" : 22, "svalue" : 1.3696756, "sindex" : 1 },
			"Node_13" : { "leaf_value" : [ ], "parent" : 6, "left" : 23, "right" : 24, "svalue" : 0.43402103, "sindex" : 9 },
			"Node_14" : { "leaf_value" : [ 0.071116179, 0.076916993, -0.093038313, -0.096390881 ], "parent" : 6, "left" : null, "right" : null, "svalue" : 0, "sindex" : 0 },
			"Node_15" : { "leaf_value" : [ 0.21567543, -0.097754635, -0.10236174, -0.097051375 ], "parent" : 7, "left" : null, "right" : null, "svalue" : 0, "sindex" : 0 },
			"Node_16" : { "leaf_value" : [ 0.0026219077, -0.094453968, -0.094158046, 0.13913749 ], "parent" : 7, "left" : null, "right" : null, "svalue" : 0, "sindex" : 0 },
			"Node_17" : { "leaf_value" : [ -0.1228219, -0.094696566, 0.17917156, 0.0070536914 ], "parent" : 9, "left" : null, "right" : null, "svalue" : 0, "sindex" : 0 },
			"Node_18" : { "leaf_value" : [ 0.073311098, -0.097846888, 0.082828239, -0.094044179 ], "parent" : 9, "left" : null, "right" : null, "svalue" : 0, "sindex" : 0 },
			"Node_19" : { "leaf_value" : [ -0.0045719533, 0.095522352, -0.095834091, -0.012751575 ], "parent" : 11, "left" : null, "right" : null, "svalue" : 0, "sindex" : 0 },
			"Node_20" : { "leaf_value" : [ ], "parent" : 11, "left" : 25, "right" : 26, "svalue" : 0.70580709, "sindex" : 4 },
			"Node_21" : { "leaf_value" : [ 0.0074094897, -0.11883387, 0.15667716, -0.088548504 ], "parent" : 12, "left" : null, "right" : null, "svalue" : 0, "sindex" : 0 },
			"Node_22" : { "leaf_value" : [ -0.0407569, 0.11331604, 0.026179217, -0.11944732 ], "parent" : 12, "left" : null, "right" : null, "svalue" : 0, "sindex" : 0 },
			"Node_23" : { "leaf_value" : [ -0.10463775, 0.18814574, -0.10426259, -0.10472804 ], "parent" : 13, "left" : null, "right" : null, "svalue" : 0, "sindex" : 0 },
			"Node_24" : { "leaf_value" : [ -0.037944816, 0.091959424, -0.0993701, 0.014787837 ], "parent" : 13, "left" : null, "right" : null, "svalue" : 0, "sindex" : 0 },
			"Node_25" : { "leaf_value" : [ -0.025827618, -0.12594511, 0.092122905, 0.058820426 ], "parent" : 20, "left" : null, "right" : null, "svalue" : 0, "sindex" : 0 },
			"Node_26" : { "leaf_value" : [ 0.029232273, -0.091970339, -0.047083322, 0.10110282 ], "parent" : 20, "left" : null, "right" : null, "svalue" : 0, "sindex" : 0 }
		},
		"Tree_5" : {
			"Node_00" : { "leaf_value" : [ ], "parent" : null, "left" : 1, "right" : 2, "svalue" : -1.1915369, "sindex" : 1 },
			"Node_01" : { "leaf_value" : [ ], "parent" : 0, "left" : 3, "right" : 4, "svalue" : -0.15295571, "sindex" : 8 },
			"Node_02" : { "leaf_value" : [ ], "parent" : 0, "left" : 5, "right" : 6, "svalue" : 0.64213276, "sindex" : 8 },
			"Node_03" : { "leaf_value" : [ -0.060937215, -0.12054008, 0.013509723, 0.13457318 ], "parent" : 1, "left" : null, "right" : null, "svalue" : 0, "sindex" : 0 },
			"Node_04" : { "leaf_value" : [ 0.21583353, -0.11761242, -0.10707416, -0.1063045 ], "parent" : 1, "left" : null, "right" : null, "svalue" : 0, "sindex" : 0 },
			"Node_05" : { "leaf_value" : [ ], "parent" : 2, "left" : 7, "right" : 8, "svalue" : 0.36548463, "sindex" : 0 },
			"Node_06" : { "leaf_value" : [ ], "parent" : 2, "left" : 9, "right" : 10, "svalue" : -0.31141457, "sindex" : 3 },
			"Node_07" : { "leaf_value" : [ ], "parent" : 5, "left" : 11, "right" : 12, "svalue" : -0.16250405, "sindex" : 1 },
			"Node_08" : { "leaf_value" : [ -0.019540038, -0.11195274, 0.19717255, -0.11808218 ], "parent" : 5, "left" : null, "right" : null, "svalue" : 0, "sindex" : 0 },
			"Node_09" : { "leaf_value" : [ ], "parent" : 6, "left" : 13, "right" : 14, "svalue" : -2.3984034, "sindex" : 6 },
			"Node_10" : { "leaf_value" : [ -0.045804456, 0.20038252, -0.10986362, -0.12525307 ], "parent" : 6, "left" : null, "right" : null, "svalue" : 0, "sindex" : 0 },
			"Node_11" : { "leaf_value" : [ -0.095844552, -0.015453781, -0.11035178, 0.18473995 ], "parent" : 7, "left" : null, "right" : null, "svalue" : 0, "sindex" : 0 },
			"Node_12" : { "leaf_value" : [ ], "parent" : 7, "left" : 15, "right" : 16, "svalue" : 0.26551214, "sindex" : 7 },
			"Node_13" : { "leaf_value" : [ -0.043872442, -0.11938389, -0.03473983, 0.14997879 ], "parent" : 9, "left" : null, "right" : null, "svalue" : 0, "sindex" : 0 },
			"Node_14" : { "leaf_value" : [ -0.11437425, 0.14097011, -0.10628631, -0.012583409 ], "parent" : 9, "left" : null, "right" : null, "svalue" : 0, "sindex" : 0 },
			"Node_15" : { "leaf_value" : [ 0.15874314, -0.02099371, -0.05564288, -0.12812583 ], "parent" : 12, "left" : null, "right" : null, "svalue" : 0, "sindex" : 0 },
			"Node_16" : { "leaf_value" : [ ], "parent" : 12, "left" : 17, "right" : 18, "svalue" : 1.284271, "sindex" : 6 },
			"Node_17" : { "leaf_value" : [ -0.06103861, 0.08464177, 0.0037783075, -0.048374183 ], "parent" : 16, "left" : null, "right" : null, "svalue" : 0, "sindex" : 0 },
			"Node_18" : { "leaf_value" : [ -0.0072597684, -0.099977307, 0.14099035, -0.10247587 ], "parent" : 16, "left" : null, "right" : null, "svalue" : 0, "sindex" : 0 }
		}
	}
}
TREE_JSON_DUMP_END
MCU_DEPLOY_CLASSIFICATION_CODE step 6
MCU_DEPLOY_CLASSIFICATION_CODE step 7
MLLITE_AUTO_DEPLOY_FOURCLASS_10_SMALL_APPLY_OUTPUT_CLASS  [ 1, 3, 1, 0, 3,  ... , 1, 1, 3, 2, 1 ]
MLLITE_AUTO_DEPLOY_FOURCLASS_10_SMALL_APPLY_OUTPUT_PROBA 0 [ 0.14269547, 0.38822475, 0.32811883, 0.14096089 ]
MLLITE_AUTO_DEPLOY_FOURCLASS_10_SMALL_APPLY_OUTPUT_PROBA 1 [ 0.19187701, 0.23407814, 0.1588811, 0.41516376 ]
MLLITE_AUTO_DEPLOY_FOURCLASS_10_SMALL_APPLY_OUTPUT_PROBA 2 [ 0.077728987, 0.74907279, 0.090177327, 0.083020799 ]
MLLITE_AUTO_DEPLOY_FOURCLASS_10_SMALL_APPLY_OUTPUT_PROBA 3 [ 0.4289349, 0.21015066, 0.20282279, 0.15809163 ]
MLLITE_AUTO_DEPLOY_FOURCLASS_10_SMALL_APPLY_OUTPUT_PROBA 4 [ 0.11693303, 0.15283585, 0.13436036, 0.59587079 ]
...
MLLITE_AUTO_DEPLOY_FOURCLASS_10_SMALL_APPLY_OUTPUT_PROBA 59 [ 0.095712267, 0.75030833, 0.077124886, 0.07685452 ]
MLLITE_AUTO_DEPLOY_FOURCLASS_10_SMALL_APPLY_OUTPUT_PROBA 60 [ 0.31145316, 0.3291651, 0.15714042, 0.20224129 ]
MLLITE_AUTO_DEPLOY_FOURCLASS_10_SMALL_APPLY_OUTPUT_PROBA 61 [ 0.13201514, 0.20084794, 0.11485918, 0.5522778 ]
MLLITE_AUTO_DEPLOY_FOURCLASS_10_SMALL_APPLY_OUTPUT_PROBA 62 [ 0.14487292, 0.11380411, 0.44645113, 0.29487181 ]
MLLITE_AUTO_DEPLOY_FOURCLASS_10_SMALL_APPLY_OUTPUT_PROBA 63 [ 0.19694825, 0.48373163, 0.14499342, 0.17432666 ]
MLLITE_AUTO_DEPLOY_FOURCLASS_10_SMALL_CLASS_PERFS { "count" : 64, "precision" : 0.921875,  "AUC" : [ 1, 0.99181288, 0.99714285, 0.99000001 ] }
This will be printed
MCU_DEPLOY_CLASSIFICATION_CODE step 8
MCU_DEPLOY_CLASSIFICATION_CODE done
MLLITE_MCU_TIMER_OPERATION_ELAPSED_SECONDS 'MLLITE.MCU_DEPLOY.CLASSIFICATION.Friedman_XGB.FOURCLASS_10_SMALL' 0
MLLITE_MCU_TIMER_OPERATION_END 'MLLITE.MCU_DEPLOY.CLASSIFICATION.Friedman_XGB.FOURCLASS_10_SMALL' [ 'Tue Jan 23 09:44:22 2024' ]
MCU_DEPLOY_ON_TARGET_X86_64_END
