MCU_DEPLOY_ON_TARGET_X86_64_START
MLLITE_MCU_TIMER_OPERATION_START 'MLLITE.MCU_DEPLOY.CLASSIFICATION.Rosenblatt_MLP.BREASTCANCER_ORIGINAL' [ 'Thu Jan 25 12:03:12 2024' ]
MLLite starting
MCU_DEPLOY_CLASSIFICATION_CODE CREATE_DATASET_STEP
MCU_DEPLOY_CLASSIFICATION_CODE CREATE_MODEL_STEP
MCU_DEPLOY_CLASSIFICATION_MODEL_OPTIONS
{  "hidden_layer_sizes" : [ 4, 6 ], "activation" : "relu", "solver" : "adam", "alpha" : 9.9999997e-05, "batch_size" : null, "learning_rate" : "constant", "learning_rate_init" : 0.001, "power_t" : 0.5, "max_iter" : 32, "shuffle" : 1, "random_state" : 1789, "tol" : 9.9999997e-05, "verbose" : 0, "warm_start" : 0, "momentum" : 0.89999998, "nesterovs_momentum" : 1, "early_stopping" : 0, "validation_fraction" : 0.1, "beta_1" : 0.89999998, "beta_2" : 0.99900001, "epsilon" : 9.9999999e-09, "n_iter_no_change" : 10, "max_fun" : 15000 }
MCU_DEPLOY_CLASSIFICATION_CODE FIT_MODEL_STEP
PROGRESS_REPORT_ELAPSED_TOTAL 'MLP_MODEL_FIT' 1 3
PROGRESS_REPORT_ELAPSED_TOTAL 'MLP_MODEL_FIT' 2 3
PROGRESS_REPORT_ELAPSED_TOTAL 'MLP_MODEL_FIT_BACK_PROP_ITERATION' 3 32
PROGRESS_REPORT_ELAPSED_TOTAL 'MLP_MODEL_FIT_BACK_PROP_ITERATION' 6 32
PROGRESS_REPORT_ELAPSED_TOTAL 'MLP_MODEL_FIT_BACK_PROP_ITERATION' 9 32
PROGRESS_REPORT_ELAPSED_TOTAL 'MLP_MODEL_FIT_BACK_PROP_ITERATION' 12 32
PROGRESS_REPORT_ELAPSED_TOTAL 'MLP_MODEL_FIT_BACK_PROP_ITERATION' 15 32
PROGRESS_REPORT_ELAPSED_TOTAL 'MLP_MODEL_FIT_BACK_PROP_ITERATION' 18 32
PROGRESS_REPORT_ELAPSED_TOTAL 'MLP_MODEL_FIT_BACK_PROP_ITERATION' 21 32
PROGRESS_REPORT_ELAPSED_TOTAL 'MLP_MODEL_FIT_BACK_PROP_ITERATION' 24 32
PROGRESS_REPORT_ELAPSED_TOTAL 'MLP_MODEL_FIT_BACK_PROP_ITERATION' 27 32
PROGRESS_REPORT_ELAPSED_TOTAL 'MLP_MODEL_FIT_BACK_PROP_ITERATION' 30 32
PROGRESS_REPORT_ELAPSED_TOTAL 'MLP_MODEL_FIT_BACK_PROP_ITERATION' 32 32
PROGRESS_REPORT_ELAPSED_TOTAL 'MLP_MODEL_FIT' 3 3
MCU_DEPLOY_CLASSIFICATION_CODE MODEL_JSON_EXPORT_STEP
MODEL_JSON_DUMP_START
{
	"metadata" : { "model" : "Rosenblatt_MLP", "version" : "2024-W03"},
	"options" : {  "hidden_layer_sizes" : [ 4, 6 ], "activation" : "relu", "solver" : "adam", "alpha" : 9.9999997e-05, "batch_size" : null, "learning_rate" : "constant", "learning_rate_init" : 0.001, "power_t" : 0.5, "max_iter" : 32, "shuffle" : 1, "random_state" : 1789, "tol" : 9.9999997e-05, "verbose" : 0, "warm_start" : 0, "momentum" : 0.89999998, "nesterovs_momentum" : 1, "early_stopping" : 0, "validation_fraction" : 0.1, "beta_1" : 0.89999998, "beta_2" : 0.99900001, "epsilon" : 9.9999999e-09, "n_iter_no_change" : 10, "max_fun" : 15000 },
	"classes" : [ 0, 1 ],
	"layers" : {
		"sizes" : [ 30, 4, 6, 1 ],
		"Layer_0" : {
			"name" : "Input_Layer",
			"NbInputs" : 0,
			"NbOutputs" : 30 
		},
		"Layer_1" : {
			"name" : "Hidden_Layer_1",
			"NbInputs" : 30,
			"NbOutputs" : 4 ,
			"coeffs_00" : [ -0.062480073, 0.17947505, -0.13671239, -0.019565517 ],
			"coeffs_01" : [ 0.04998564, -0.25189513, 0.092423931, 0.0079200752 ],
			"coeffs_02" : [ 0.33218223, 0.064616002, 0.30414706, -0.045700338 ],
			"coeffs_03" : [ 0.39423603, -0.32553434, -0.14082986, 0.12300016 ],
			"coeffs_04" : [ 0.19128904, -0.16401678, -0.17562778, -0.28176457 ],
			"coeffs_05" : [ 0.15880315, -0.36742246, -0.046603631, 0.011898047 ],
			"coeffs_06" : [ -0.10329529, -0.33537179, -0.17684385, 0.29871377 ],
			"coeffs_07" : [ -0.050846092, 0.001957322, -0.33006421, 0.014792542 ],
			"coeffs_08" : [ -0.15660848, 0.12185338, -0.060803812, 0.1425444 ],
			"coeffs_09" : [ -0.30901104, 0.3221049, -0.26414385, 0.18677713 ],
			"coeffs_10" : [ -0.32481289, 0.19179459, 0.0728416, 0.33532789 ],
			"coeffs_11" : [ -0.29332444, -0.27963105, 0.10892517, 0.11869558 ],
			"coeffs_12" : [ 0.25962946, 0.31481034, 0.27573907, -0.2311327 ],
			"coeffs_13" : [ 0.23041362, 0.29748386, -0.2129602, 0.15148197 ],
			"coeffs_14" : [ 0.093816876, 0.019971287, 0.03596532, 0.2000574 ],
			"coeffs_15" : [ -0.38513869, 0.035734326, 0.13726901, 0.20167314 ],
			"coeffs_16" : [ -0.38372588, 0.24850781, -0.19435589, -0.3419812 ],
			"coeffs_17" : [ 0.38878962, 0.35404488, -0.037538253, -0.29678395 ],
			"coeffs_18" : [ -0.044755865, 0.3547709, -0.25988135, 0.13140681 ],
			"coeffs_19" : [ 0.16068922, 0.20776798, 0.32425481, -0.17412147 ],
			"coeffs_20" : [ 0.1515345, 0.2527537, 0.26431546, -0.024332883 ],
			"coeffs_21" : [ -0.39966264, 0.17204084, 0.0026477438, -0.056759421 ],
			"coeffs_22" : [ -0.33348224, -0.35066286, -0.1206331, 0.33259255 ],
			"coeffs_23" : [ -0.0045130048, -0.061734956, -0.07144013, -0.3301965 ],
			"coeffs_24" : [ 0.11236415, -0.097683311, -0.12907812, -0.061491016 ],
			"coeffs_25" : [ 0.1513198, -0.25387517, -0.1067405, 0.20161015 ],
			"coeffs_26" : [ 0.25615555, 0.31217295, 0.26191705, 0.19871534 ],
			"coeffs_27" : [ -0.19980679, 0.025745206, 0.08859852, 0.24240445 ],
			"coeffs_28" : [ 0.17950013, -0.00057421124, 0.20160732, 0.24895099 ],
			"coeffs_29" : [ 0.041884772, -0.11238348, -0.086426288, -0.17040774 ],
			"intercepts" : [ 0.19126035, 0.23372033, -0.29059094, 0.13616189 ]
		},
		"Layer_2" : {
			"name" : "Hidden_Layer_2",
			"NbInputs" : 4,
			"NbOutputs" : 6 ,
			"coeffs_0" : [ -0.44431707, -0.0080685755, 0.16029079, -0.26807287, 0.33885613, -0.67882878 ],
			"coeffs_1" : [ -0.64360648, 0.52652204, 0.64910817, -0.46285295, -0.24830435, -0.53441066 ],
			"coeffs_2" : [ -0.54098624, -0.5434531, -0.21629028, -0.14208642, -0.45735386, -0.50785446 ],
			"coeffs_3" : [ -0.63307381, 0.11691903, -0.45899785, -0.56187981, 0.12076283, 0.22735696 ],
			"intercepts" : [ -0.1217953, 0.20184243, 0.082071707, -0.51250809, -0.11870305, 0.64196002 ]
		},
		"Layer_3" : {
			"name" : "Output_Layer",
			"NbInputs" : 6,
			"NbOutputs" : 1 ,
			"coeffs_0" : [ 0.8674913 ],
			"coeffs_1" : [ -0.14130272 ],
			"coeffs_2" : [ -0.80191857 ],
			"coeffs_3" : [ -0.40159509 ],
			"coeffs_4" : [ 0.37083998 ],
			"coeffs_5" : [ -0.71297026 ],
			"intercepts" : [ 0.32876042 ]
		}
	}
}
MODEL_JSON_DUMP_END
MCU_DEPLOY_CLASSIFICATION_CODE MODEL_PREDICT_STEP
MLLITE_AUTO_DEPLOY_BREASTCANCER_ORIGINAL_APPLY_OUTPUT_CLASS  [ 0, 0, 0, 0, 0,  ... , 0, 0, 0, 0, 1 ]
MCU_DEPLOY_CLASSIFICATION_CODE MODEL_PREDICT_PROBA_STEP
MLLITE_AUTO_DEPLOY_BREASTCANCER_ORIGINAL_APPLY_OUTPUT_PROBA 0 [ 0.71670914, 0.28329086 ]
MLLITE_AUTO_DEPLOY_BREASTCANCER_ORIGINAL_APPLY_OUTPUT_PROBA 1 [ 0.78063244, 0.21936755 ]
MLLITE_AUTO_DEPLOY_BREASTCANCER_ORIGINAL_APPLY_OUTPUT_PROBA 2 [ 0.75913614, 0.24086387 ]
MLLITE_AUTO_DEPLOY_BREASTCANCER_ORIGINAL_APPLY_OUTPUT_PROBA 3 [ 0.5470506, 0.45294943 ]
MLLITE_AUTO_DEPLOY_BREASTCANCER_ORIGINAL_APPLY_OUTPUT_PROBA 4 [ 0.78090274, 0.21909723 ]
...
MLLITE_AUTO_DEPLOY_BREASTCANCER_ORIGINAL_APPLY_OUTPUT_PROBA 564 [ 0.81747431, 0.18252568 ]
MLLITE_AUTO_DEPLOY_BREASTCANCER_ORIGINAL_APPLY_OUTPUT_PROBA 565 [ 0.76865655, 0.23134345 ]
MLLITE_AUTO_DEPLOY_BREASTCANCER_ORIGINAL_APPLY_OUTPUT_PROBA 566 [ 0.67407143, 0.32592857 ]
MLLITE_AUTO_DEPLOY_BREASTCANCER_ORIGINAL_APPLY_OUTPUT_PROBA 567 [ 0.76444542, 0.23555459 ]
MLLITE_AUTO_DEPLOY_BREASTCANCER_ORIGINAL_APPLY_OUTPUT_PROBA 568 [ 0.48927093, 0.51072907 ]
MCU_DEPLOY_CLASSIFICATION_CODE MODEL_COMPUTE_PERF_STEP
MLLITE_AUTO_DEPLOY_BREASTCANCER_ORIGINAL_CLASS_PERFS { "count" : 569, "precision" : 0.38312829,  "AUC" : [ 0.93331486, 0.93331486 ] }
This will be printed
MCU_DEPLOY_CLASSIFICATION_CODE ALL_STEPS_OK
MCU_DEPLOY_CLASSIFICATION_CODE done
MLLITE_MCU_TIMER_OPERATION_ELAPSED_SECONDS 'MLLITE.MCU_DEPLOY.CLASSIFICATION.Rosenblatt_MLP.BREASTCANCER_ORIGINAL' 0
MLLITE_MCU_TIMER_OPERATION_END 'MLLITE.MCU_DEPLOY.CLASSIFICATION.Rosenblatt_MLP.BREASTCANCER_ORIGINAL' [ 'Thu Jan 25 12:03:12 2024' ]
MCU_DEPLOY_ON_TARGET_X86_64_END
EXECUTION_TIME_DETAIL = {'CMD':'timeout 180 ./x86_64/classification/x86_64_classification_mlp_BreastCancer_original.exe', 'ElapsedTimeSecs':(0.27, 0.00, 0.27), 'MAX_MEM_KB':1728, 'CPU_PRCNT':'100%', 'FILES_IN':0, 'FILES_OUT':16, 'EXIT_STATUS':0}
