MCU_DEPLOY_ON_TARGET_X86_64_START
MLLITE_MCU_TIMER_OPERATION_START 'MLLITE.MCU_DEPLOY.CLASSIFICATION.Tikhonov_Ridge.BREASTCANCER_SMALL' [ 'Thu Jan 25 12:03:12 2024' ]
MLLite starting
MCU_DEPLOY_CLASSIFICATION_CODE CREATE_DATASET_STEP
MCU_DEPLOY_CLASSIFICATION_CODE CREATE_MODEL_STEP
MCU_DEPLOY_CLASSIFICATION_MODEL_OPTIONS
{ "alpha" : 0.0099999998, "random_state" : 1789 }
MCU_DEPLOY_CLASSIFICATION_CODE FIT_MODEL_STEP
PROGRESS_REPORT_ELAPSED_TOTAL 'RIDGE_CLASSIFIER_FIT' 1 4
PROGRESS_REPORT_ELAPSED_TOTAL 'RIDGE_CLASSIFIER_FIT' 3 4
PROGRESS_REPORT_ELAPSED_TOTAL 'CHOLESKY_SOLVER' 1 6
PROGRESS_REPORT_ELAPSED_TOTAL 'CHOLESKY_SOLVER' 2 6
PROGRESS_REPORT_ELAPSED_TOTAL 'CHOLESKY_SOLVER' 3 6
PROGRESS_REPORT_ELAPSED_TOTAL 'CHOLESKY_SOLVER' 4 6
PROGRESS_REPORT_ELAPSED_TOTAL 'CHOLESKY_SOLVER' 5 6
PROGRESS_REPORT_ELAPSED_TOTAL 'CHOLESKY_SOLVER' 6 6
PROGRESS_REPORT_ELAPSED_TOTAL 'RIDGE_CLASSIFIER_FIT' 4 4
MCU_DEPLOY_CLASSIFICATION_CODE MODEL_JSON_EXPORT_STEP
MODEL_JSON_DUMP_START
{
	"metadata" : { "model" : "Tikhonov_Ridge", "version" : "2024-W03"},
	"options" : { "alpha" : 0.0099999998, "random_state" : 1789 },
	"classes" : [ 0, 1 ],
	"equations" : {
		"class_1" : {
			"intercept" : 2.4312041,
			"coeffs" : [ 0.90465403, -0.013484411, -0.044181794, -0.0046834191, -0.20762336, 2.1020212, -2.597888, -1.0331329, 2.5720294, 0.67097735, -2.1646595, 0.028847724, 0.28247726, 0.0067324983, -0.59926152, -0.72065711, 0.75569272, -0.48863053, -2.3848031, -0.63314837, -0.15759882, -0.019638738, -0.074927025, 0.0036927189, -0.45903218, 0.26542878, 0.37127656, -2.8138804, -0.74033439, 0.15788269 ]
		}
	}
}
MODEL_JSON_DUMP_END
MCU_DEPLOY_CLASSIFICATION_CODE MODEL_PREDICT_STEP
MLLITE_AUTO_DEPLOY_BREASTCANCER_SMALL_APPLY_OUTPUT_CLASS  [ 0, 0, 0, 1, 1,  ... , 0, 1, 0, 0, 1 ]
MCU_DEPLOY_CLASSIFICATION_CODE MODEL_PREDICT_PROBA_STEP
MLLITE_AUTO_DEPLOY_BREASTCANCER_SMALL_APPLY_OUTPUT_PROBA 0 [ 0.87759262, 0.1224074 ]
MLLITE_AUTO_DEPLOY_BREASTCANCER_SMALL_APPLY_OUTPUT_PROBA 1 [ 0.89417779, 0.10582229 ]
MLLITE_AUTO_DEPLOY_BREASTCANCER_SMALL_APPLY_OUTPUT_PROBA 2 [ 0.87125367, 0.12874633 ]
MLLITE_AUTO_DEPLOY_BREASTCANCER_SMALL_APPLY_OUTPUT_PROBA 3 [ 0.035290953, 0.96470904 ]
MLLITE_AUTO_DEPLOY_BREASTCANCER_SMALL_APPLY_OUTPUT_PROBA 4 [ 0.073824994, 0.926175 ]
...
MLLITE_AUTO_DEPLOY_BREASTCANCER_SMALL_APPLY_OUTPUT_PROBA 59 [ 0.87555403, 0.12444592 ]
MLLITE_AUTO_DEPLOY_BREASTCANCER_SMALL_APPLY_OUTPUT_PROBA 60 [ 0.16511147, 0.83488858 ]
MLLITE_AUTO_DEPLOY_BREASTCANCER_SMALL_APPLY_OUTPUT_PROBA 61 [ 0.9405846, 0.059415381 ]
MLLITE_AUTO_DEPLOY_BREASTCANCER_SMALL_APPLY_OUTPUT_PROBA 62 [ 0.91619325, 0.083806783 ]
MLLITE_AUTO_DEPLOY_BREASTCANCER_SMALL_APPLY_OUTPUT_PROBA 63 [ 0.12833643, 0.87166357 ]
MCU_DEPLOY_CLASSIFICATION_CODE MODEL_COMPUTE_PERF_STEP
MLLITE_AUTO_DEPLOY_BREASTCANCER_SMALL_CLASS_PERFS { "count" : 64, "precision" : 0.96875,  "AUC" : [ 0.99902248, 0.99902248 ] }
This will be printed
MCU_DEPLOY_CLASSIFICATION_CODE ALL_STEPS_OK
MCU_DEPLOY_CLASSIFICATION_CODE done
MLLITE_MCU_TIMER_OPERATION_ELAPSED_SECONDS 'MLLITE.MCU_DEPLOY.CLASSIFICATION.Tikhonov_Ridge.BREASTCANCER_SMALL' 0
MLLITE_MCU_TIMER_OPERATION_END 'MLLITE.MCU_DEPLOY.CLASSIFICATION.Tikhonov_Ridge.BREASTCANCER_SMALL' [ 'Thu Jan 25 12:03:12 2024' ]
MCU_DEPLOY_ON_TARGET_X86_64_END
EXECUTION_TIME_DETAIL = {'CMD':'timeout 180 ./x86_64/classification/x86_64_classification_ridge_BreastCancer_small.exe', 'ElapsedTimeSecs':(0.00, 0.00, 0.00), 'MAX_MEM_KB':1728, 'CPU_PRCNT':'100%', 'FILES_IN':0, 'FILES_OUT':8, 'EXIT_STATUS':0}
