MCU_DEPLOY_ON_TARGET_X86_64_START
MLLITE_MCU_TIMER_OPERATION_START 'MLLITE.MCU_DEPLOY.CLASSIFICATION.Breiman_DFS_BestSplit_GINI.BREASTCANCER_MEDIUM' [ 'Tue Jan 23 09:44:22 2024' ]
MLLite starting
MCU_DEPLOY_CLASSIFICATION_CODE step 1
MCU_DEPLOY_CLASSIFICATION_CODE step 2
MCU_DEPLOY_CLASSIFICATION_CODE step 3
MCU_DEPLOY_CLASSIFICATION_MODEL_OPTIONS
{ "ccp_alpha" : 0, "criterion" : "", "max_depth" : 6, "max_features" : null, "max_leaf_nodes" : 64, "min_impurity_decrease" : 0, "min_samples_leaf" : 1, "min_samples_split" : 2, "min_weight_fraction_leaf" : 0.050000001, "random_state" : 1789, "splitter" : "best" }
MCU_DEPLOY_CLASSIFICATION_CODE step 4
PROGRESS_REPORT_ELAPSED_TOTAL 'DECISION_TREE_CLASSIFIER_FIT' 1 4
PROGRESS_REPORT_ELAPSED_TOTAL 'DECISION_TREE_DEPTH_FIRST_BUILDER' 0 6
PROGRESS_REPORT_ELAPSED_TOTAL 'DECISION_TREE_DEPTH_FIRST_BUILDER' 2 6
PROGRESS_REPORT_ELAPSED_TOTAL 'DECISION_TREE_DEPTH_FIRST_BUILDER' 3 6
PROGRESS_REPORT_ELAPSED_TOTAL 'DECISION_TREE_DEPTH_FIRST_BUILDER' 4 6
PROGRESS_REPORT_ELAPSED_TOTAL 'DECISION_TREE_DEPTH_FIRST_BUILDER' 6 6
PROGRESS_REPORT_ELAPSED_TOTAL 'DECISION_TREE_CLASSIFIER_FIT' 2 4
PROGRESS_REPORT_ELAPSED_TOTAL 'DECISION_TREE_CLASSIFIER_FIT' 3 4
PROGRESS_REPORT_ELAPSED_TOTAL 'DECISION_TREE_CLASSIFIER_FIT' 4 4
MCU_DEPLOY_CLASSIFICATION_CODE step 5
TREE_JSON_DUMP_START
{
	"metadata" : { "model" : "Breiman_DFS_BestSplit_GINI", "version" : "2024-W03"},
	"options" : { "ccp_alpha" : 0, "criterion" : "", "max_depth" : 6, "max_features" : null, "max_leaf_nodes" : 64, "min_impurity_decrease" : 0, "min_samples_leaf" : 1, "min_samples_split" : 2, "min_weight_fraction_leaf" : 0.050000001, "random_state" : 1789, "splitter" : "best" },
	"classes" : [ 0, 1 ],
	"tree" : {
	"features" : 30,
	"outputs" : 2,
	"max_depth" : 4,
	"node_count" : 13,
	"nodes" : {
		"node_00" : {"left" : 1, "right" : 8, "feature" : 22, "threshold" : 105.95, "impurity" : 0.47433472, "n_samples" : 512, "w_samples" : 512, "value" : [0.38671875, 0.61328125]},
		"node_01" : {"left" : 2, "right" : 7, "feature" : 27, "threshold" : 0.13264999, "impurity" : 0.099722981, "n_samples" : 304, "w_samples" : 304, "value" : [0.052631579, 0.94736844]},
		"node_02" : {"left" : 3, "right" : 6, "feature" : 1, "threshold" : 21.575001, "impurity" : 0.028262734, "n_samples" : 279, "w_samples" : 279, "value" : [0.014336918, 0.98566306]},
		"node_03" : {"left" : 4, "right" : 5, "feature" : 28, "threshold" : 0.2168, "impurity" : 0.0081631541, "n_samples" : 244, "w_samples" : 244, "value" : [0.0040983604, 0.99590164]},
		"node_04" : {"left" : null, "right" : null, "feature" : null, "threshold" : null, "impurity" : 0.076799989, "n_samples" : 25, "w_samples" : 25, "value" : [0.039999999, 0.95999998]},
		"node_05" : {"left" : null, "right" : null, "feature" : null, "threshold" : null, "impurity" : 0, "n_samples" : 219, "w_samples" : 219, "value" : [0, 1]},
		"node_06" : {"left" : null, "right" : null, "feature" : null, "threshold" : null, "impurity" : 0.1567347, "n_samples" : 35, "w_samples" : 35, "value" : [0.085714288, 0.91428572]},
		"node_07" : {"left" : null, "right" : null, "feature" : null, "threshold" : null, "impurity" : 0.49919999, "n_samples" : 25, "w_samples" : 25, "value" : [0.47999999, 0.51999998]},
		"node_08" : {"left" : 9, "right" : 10, "feature" : 7, "threshold" : 0.048864998, "impurity" : 0.21875, "n_samples" : 208, "w_samples" : 208, "value" : [0.875, 0.125]},
		"node_09" : {"left" : null, "right" : null, "feature" : null, "threshold" : null, "impurity" : 0.48000002, "n_samples" : 30, "w_samples" : 30, "value" : [0.40000001, 0.60000002]},
		"node_10" : {"left" : 11, "right" : 12, "feature" : 22, "threshold" : 114.45, "impurity" : 0.085847735, "n_samples" : 178, "w_samples" : 178, "value" : [0.95505619, 0.044943821]},
		"node_11" : {"left" : null, "right" : null, "feature" : null, "threshold" : null, "impurity" : 0.42603552, "n_samples" : 26, "w_samples" : 26, "value" : [0.69230771, 0.30769232]},
		"node_12" : {"left" : null, "right" : null, "feature" : null, "threshold" : null, "impurity" : 0, "n_samples" : 152, "w_samples" : 152, "value" : [1, 0]}
		}
	}
}

TREE_JSON_DUMP_END
MCU_DEPLOY_CLASSIFICATION_CODE step 6
MCU_DEPLOY_CLASSIFICATION_CODE step 7
MLLITE_AUTO_DEPLOY_BREASTCANCER_MEDIUM_APPLY_OUTPUT_CLASS  [ 0, 0, 0, 1, 0,  ... , 1, 1, 0, 1, 1 ]
MLLITE_AUTO_DEPLOY_BREASTCANCER_MEDIUM_APPLY_OUTPUT_PROBA 0 [ 1, 0 ]
MLLITE_AUTO_DEPLOY_BREASTCANCER_MEDIUM_APPLY_OUTPUT_PROBA 1 [ 1, 0 ]
MLLITE_AUTO_DEPLOY_BREASTCANCER_MEDIUM_APPLY_OUTPUT_PROBA 2 [ 1, 0 ]
MLLITE_AUTO_DEPLOY_BREASTCANCER_MEDIUM_APPLY_OUTPUT_PROBA 3 [ 0.47999999, 0.51999998 ]
MLLITE_AUTO_DEPLOY_BREASTCANCER_MEDIUM_APPLY_OUTPUT_PROBA 4 [ 1, 0 ]
...
MLLITE_AUTO_DEPLOY_BREASTCANCER_MEDIUM_APPLY_OUTPUT_PROBA 507 [ 0, 1 ]
MLLITE_AUTO_DEPLOY_BREASTCANCER_MEDIUM_APPLY_OUTPUT_PROBA 508 [ 0.40000001, 0.60000002 ]
MLLITE_AUTO_DEPLOY_BREASTCANCER_MEDIUM_APPLY_OUTPUT_PROBA 509 [ 1, 0 ]
MLLITE_AUTO_DEPLOY_BREASTCANCER_MEDIUM_APPLY_OUTPUT_PROBA 510 [ 0, 1 ]
MLLITE_AUTO_DEPLOY_BREASTCANCER_MEDIUM_APPLY_OUTPUT_PROBA 511 [ 0, 1 ]
MLLITE_AUTO_DEPLOY_BREASTCANCER_MEDIUM_CLASS_PERFS { "count" : 512, "precision" : 0.9296875,  "AUC" : [ 0.99137878, 0.99137878 ] }
This will be printed
MCU_DEPLOY_CLASSIFICATION_CODE step 8
MCU_DEPLOY_CLASSIFICATION_CODE done
MLLITE_MCU_TIMER_OPERATION_ELAPSED_SECONDS 'MLLITE.MCU_DEPLOY.CLASSIFICATION.Breiman_DFS_BestSplit_GINI.BREASTCANCER_MEDIUM' 0
MLLITE_MCU_TIMER_OPERATION_END 'MLLITE.MCU_DEPLOY.CLASSIFICATION.Breiman_DFS_BestSplit_GINI.BREASTCANCER_MEDIUM' [ 'Tue Jan 23 09:44:22 2024' ]
MCU_DEPLOY_ON_TARGET_X86_64_END
