MCU_DEPLOY_ON_TARGET_X86_64_START
MLLITE_MCU_TIMER_OPERATION_START 'MLLITE.MCU_DEPLOY.CLASSIFICATION.Rosenblatt_MLP.FOURCLASS_10_SMALL' [ 'Tue Jan 23 09:44:23 2024' ]
MLLite starting
MCU_DEPLOY_CLASSIFICATION_CODE step 1
MCU_DEPLOY_CLASSIFICATION_CODE step 2
MCU_DEPLOY_CLASSIFICATION_CODE step 3
MCU_DEPLOY_CLASSIFICATION_MODEL_OPTIONS
{  "hidden_layer_sizes" : [ 4, 6 ], "activation" : "relu", "solver" : "adam", "alpha" : 9.9999997e-05, "batch_size" : null, "learning_rate" : "constant", "learning_rate_init" : 0.001, "power_t" : 0.5, "max_iter" : 32, "shuffle" : 1, "random_state" : 1789, "tol" : 9.9999997e-05, "verbose" : 0, "warm_start" : 0, "momentum" : 0.89999998, "nesterovs_momentum" : 1, "early_stopping" : 0, "validation_fraction" : 0.1, "beta_1" : 0.89999998, "beta_2" : 0.99900001, "epsilon" : 9.9999999e-09, "n_iter_no_change" : 10, "max_fun" : 15000 }
MCU_DEPLOY_CLASSIFICATION_CODE step 4
PROGRESS_REPORT_ELAPSED_TOTAL 'MLP_MODEL_FIT' 1 3
PROGRESS_REPORT_ELAPSED_TOTAL 'MLP_MODEL_FIT' 2 3
PROGRESS_REPORT_ELAPSED_TOTAL 'MLP_MODEL_FIT_BACK_PROP_ITERATION' 3 32
PROGRESS_REPORT_ELAPSED_TOTAL 'MLP_MODEL_FIT_BACK_PROP_ITERATION' 6 32
PROGRESS_REPORT_ELAPSED_TOTAL 'MLP_MODEL_FIT_BACK_PROP_ITERATION' 9 32
PROGRESS_REPORT_ELAPSED_TOTAL 'MLP_MODEL_FIT_BACK_PROP_ITERATION' 12 32
PROGRESS_REPORT_ELAPSED_TOTAL 'MLP_MODEL_FIT_BACK_PROP_ITERATION' 15 32
PROGRESS_REPORT_ELAPSED_TOTAL 'MLP_MODEL_FIT_BACK_PROP_ITERATION' 18 32
PROGRESS_REPORT_ELAPSED_TOTAL 'MLP_MODEL_FIT_BACK_PROP_ITERATION' 21 32
PROGRESS_REPORT_ELAPSED_TOTAL 'MLP_MODEL_FIT_BACK_PROP_ITERATION' 24 32
PROGRESS_REPORT_ELAPSED_TOTAL 'MLP_MODEL_FIT_BACK_PROP_ITERATION' 27 32
PROGRESS_REPORT_ELAPSED_TOTAL 'MLP_MODEL_FIT_BACK_PROP_ITERATION' 30 32
PROGRESS_REPORT_ELAPSED_TOTAL 'MLP_MODEL_FIT_BACK_PROP_ITERATION' 32 32
PROGRESS_REPORT_ELAPSED_TOTAL 'MLP_MODEL_FIT' 3 3
MCU_DEPLOY_CLASSIFICATION_CODE step 5
TREE_JSON_DUMP_START
{
	"metadata" : { "model" : "Rosenblatt_MLP", "version" : "2024-W03"},
	"options" : {  "hidden_layer_sizes" : [ 4, 6 ], "activation" : "relu", "solver" : "adam", "alpha" : 9.9999997e-05, "batch_size" : null, "learning_rate" : "constant", "learning_rate_init" : 0.001, "power_t" : 0.5, "max_iter" : 32, "shuffle" : 1, "random_state" : 1789, "tol" : 9.9999997e-05, "verbose" : 0, "warm_start" : 0, "momentum" : 0.89999998, "nesterovs_momentum" : 1, "early_stopping" : 0, "validation_fraction" : 0.1, "beta_1" : 0.89999998, "beta_2" : 0.99900001, "epsilon" : 9.9999999e-09, "n_iter_no_change" : 10, "max_fun" : 15000 },
	"classes" : [ 0, 1, 2, 3 ],
	"layers" : {
		"sizes" : [ 10, 4, 6, 4 ],
		"Layer_0" : {
			"name" : "Input_Layer",
			"NbInputs" : 0,
			"NbOutputs" : 10 
		},
		"Layer_1" : {
			"name" : "Hidden_Layer_1",
			"NbInputs" : 10,
			"NbOutputs" : 4 ,
			"coeffs_0" : [ -0.038952809, 0.30763891, -0.30248183, -0.017050294 ],
			"coeffs_1" : [ 0.086894773, -0.42811161, 0.21827261, -0.0069918227 ],
			"coeffs_2" : [ 0.58798015, 0.16666074, 0.57507688, -0.07327161 ],
			"coeffs_3" : [ 0.67431432, -0.60874313, -0.25922248, 0.23165476 ],
			"coeffs_4" : [ 0.30864209, -0.29003099, -0.36563513, -0.53902024 ],
			"coeffs_5" : [ 0.25314334, -0.6171453, -0.069305971, -0.0019482889 ],
			"coeffs_6" : [ -0.16128759, -0.62532973, -0.36371645, 0.51133424 ],
			"coeffs_7" : [ -0.079648256, 0.037926927, -0.58543026, 0.070229225 ],
			"coeffs_8" : [ -0.16795586, 0.27356416, -0.098163046, 0.30824861 ],
			"coeffs_9" : [ -0.46705872, 0.60024434, -0.45056328, 0.32462776 ],
			"intercepts" : [ -0.43993443, 0.39136037, 0.18687969, 0.62368923 ]
		},
		"Layer_2" : {
			"name" : "Hidden_Layer_2",
			"NbInputs" : 4,
			"NbOutputs" : 6 ,
			"coeffs_0" : [ -0.51779127, -0.56515664, 0.29161656, 0.31075978, 0.49032468, 0.63509637 ],
			"coeffs_1" : [ 0.56204939, -0.533234, 0.49190417, 0.65990359, -0.43446812, 0.3173472 ],
			"coeffs_2" : [ 0.19998588, 0.032054286, 0.12814483, 0.46811339, -0.69603378, 0.079968095 ],
			"coeffs_3" : [ 0.29061732, 0.41493666, -0.62976277, 0.56750894, -0.46281117, -0.74630183 ],
			"intercepts" : [ 0.7349149, 0.70917708, -0.071940094, -0.59948057, 0.005536044, 0.71105927 ]
		},
		"Layer_3" : {
			"name" : "Output_Layer",
			"NbInputs" : 6,
			"NbOutputs" : 4 ,
			"coeffs_0" : [ -0.53058934, 0.33496329, 0.31957725, 0.43380311 ],
			"coeffs_1" : [ 0.71110696, -0.36092472, 0.29626572, 0.51504928 ],
			"coeffs_2" : [ 0.59655136, -0.048715703, -0.71665758, 0.42100224 ],
			"coeffs_3" : [ 0.037609551, -0.13741365, -0.59810323, -0.69938987 ],
			"coeffs_4" : [ -0.25316828, 0.73031914, 0.00090949173, -0.12572671 ],
			"coeffs_5" : [ -0.14974301, -0.66580266, 0.22871688, -0.23985822 ],
			"intercepts" : [ -0.27086991, -0.12695299, 0.28887179, -0.5772987 ]
		}
	}
}
TREE_JSON_DUMP_END
MCU_DEPLOY_CLASSIFICATION_CODE step 6
MCU_DEPLOY_CLASSIFICATION_CODE step 7
MLLITE_AUTO_DEPLOY_FOURCLASS_10_SMALL_APPLY_OUTPUT_CLASS  [ 2, 2, 2, 2, 0,  ... , 1, 2, 0, 2, 2 ]
MLLITE_AUTO_DEPLOY_FOURCLASS_10_SMALL_APPLY_OUTPUT_PROBA 0 [ 0.15964849, 0.13479005, 0.45327201, 0.2522895 ]
MLLITE_AUTO_DEPLOY_FOURCLASS_10_SMALL_APPLY_OUTPUT_PROBA 1 [ 0.21514788, 0.12433999, 0.39756542, 0.26294667 ]
MLLITE_AUTO_DEPLOY_FOURCLASS_10_SMALL_APPLY_OUTPUT_PROBA 2 [ 0.14327398, 0.12586395, 0.50338566, 0.22747633 ]
MLLITE_AUTO_DEPLOY_FOURCLASS_10_SMALL_APPLY_OUTPUT_PROBA 3 [ 0.15228653, 0.22054166, 0.39625651, 0.23091532 ]
MLLITE_AUTO_DEPLOY_FOURCLASS_10_SMALL_APPLY_OUTPUT_PROBA 4 [ 0.29962268, 0.29193008, 0.16020681, 0.24824037 ]
...
MLLITE_AUTO_DEPLOY_FOURCLASS_10_SMALL_APPLY_OUTPUT_PROBA 59 [ 0.13406502, 0.32100123, 0.29158413, 0.25334954 ]
MLLITE_AUTO_DEPLOY_FOURCLASS_10_SMALL_APPLY_OUTPUT_PROBA 60 [ 0.17232497, 0.12256825, 0.48432437, 0.22078229 ]
MLLITE_AUTO_DEPLOY_FOURCLASS_10_SMALL_APPLY_OUTPUT_PROBA 61 [ 0.34324497, 0.2196483, 0.29784784, 0.13925882 ]
MLLITE_AUTO_DEPLOY_FOURCLASS_10_SMALL_APPLY_OUTPUT_PROBA 62 [ 0.16569358, 0.13859296, 0.44021192, 0.25550154 ]
MLLITE_AUTO_DEPLOY_FOURCLASS_10_SMALL_APPLY_OUTPUT_PROBA 63 [ 0.17558248, 0.13519558, 0.51739627, 0.17182563 ]
MLLITE_AUTO_DEPLOY_FOURCLASS_10_SMALL_CLASS_PERFS { "count" : 64, "precision" : 0.265625,  "AUC" : [ 0.61201501, 0.54035085, 0.53285712, 0.54285717 ] }
This will be printed
MCU_DEPLOY_CLASSIFICATION_CODE step 8
MCU_DEPLOY_CLASSIFICATION_CODE done
MLLITE_MCU_TIMER_OPERATION_ELAPSED_SECONDS 'MLLITE.MCU_DEPLOY.CLASSIFICATION.Rosenblatt_MLP.FOURCLASS_10_SMALL' 0
MLLITE_MCU_TIMER_OPERATION_END 'MLLITE.MCU_DEPLOY.CLASSIFICATION.Rosenblatt_MLP.FOURCLASS_10_SMALL' [ 'Tue Jan 23 09:44:23 2024' ]
MCU_DEPLOY_ON_TARGET_X86_64_END
