MCU_DEPLOY_ON_TARGET_X86_64_START
MLLITE_MCU_TIMER_OPERATION_START 'MLLITE.MCU_DEPLOY.CLASSIFICATION.Vapnik_SVC_RBF.CENSUS_MEDIUM' [ 'Tue Jan 23 09:44:22 2024' ]
MLLite starting
MCU_DEPLOY_CLASSIFICATION_CODE step 1
MCU_DEPLOY_CLASSIFICATION_CODE step 2
MCU_DEPLOY_CLASSIFICATION_CODE step 3
MCU_DEPLOY_CLASSIFICATION_MODEL_OPTIONS
{"svm_type" : "c_svc", "kernel" : "rbf", "degree" : 3, "gamma" : 0, "coef0" : 0, "cache_size" : 10240, "tol" : 0.001, "nu" : 0.5, "epsilon" : 0, "shrinking" : 0, "probability" : 1, "C" : 1 }
MCU_DEPLOY_CLASSIFICATION_CODE step 4
PROGRESS_REPORT_ELAPSED_TOTAL 'SVM_CLASSIFIER_FIT' 1 5
PROGRESS_REPORT_ELAPSED_TOTAL 'SVM_CLASSIFIER_FIT' 2 5
PROGRESS_REPORT_ELAPSED_TOTAL 'SVM_CLASSIFIER_FIT' 3 5
PROGRESS_REPORT_ELAPSED_TOTAL 'SVM_CLASSIFIER_FIT' 4 5
PROGRESS_REPORT_ELAPSED_TOTAL 'SVM_TRAIN_CLASS_PROBA_CROSS_VALIDATION' 1 5
PROGRESS_REPORT_ELAPSED_TOTAL 'SVM_TRAIN_CLASS_PROBA_CROSS_VALIDATION' 2 5
PROGRESS_REPORT_ELAPSED_TOTAL 'SVM_TRAIN_CLASS_PROBA_CROSS_VALIDATION' 3 5
PROGRESS_REPORT_ELAPSED_TOTAL 'SVM_TRAIN_CLASS_PROBA_CROSS_VALIDATION' 4 5
PROGRESS_REPORT_ELAPSED_TOTAL 'SVM_TRAIN_CLASS_PROBA_CROSS_VALIDATION' 5 5
PROGRESS_REPORT_ELAPSED_TOTAL 'SVM_CLASSIFIER_FIT' 5 5
MCU_DEPLOY_CLASSIFICATION_CODE step 5
TREE_JSON_DUMP_START
{
	"metadata" : { "model" : "Vapnik_SVC_RBF", "version" : "2024-W03"},
	"options" : {"svm_type" : "c_svc", "kernel" : "rbf", "degree" : 3, "gamma" : 2.0360215e-11, "coef0" : 0, "cache_size" : 10240, "tol" : 0.001, "nu" : 0.5, "epsilon" : 0, "shrinking" : 0, "probability" : 1, "C" : 1 },
	"classes" : [ "<=50K", ">50K" ],
	"svm_model" : {
	"classes" : 2,
	"L" : 262,
	"SupportVectors" : {
		"SV_000" : [ 2, 0, 77516, 0, 13, 0, 0, 0, 0, 0, 1, 0, 2, 0 ],
		"SV_001" : [ 0, 0, 122272, 0, 13, 0, 0, 0, 0, 0, 0, 0, 1, 0 ],
		"SV_002" : [ 1, 0, 205019, 0, 12, 0, 0, 0, 0, 0, 0, 0, 3, 0 ],
		"SV_003" : [ 1, 0, 245487, 0, 4, 0, 0, 0, 0, 0, 0, 0, 2, 0 ],
		"SV_004" : [ 0, 0, 176756, 0, 9, 0, 0, 0, 0, 0, 0, 0, 1, 0 ],
		"SV_005" : [ 3, 0, 302146, 0, 9, 0, 0, 0, 0, 0, 0, 0, 0, 0 ],
		"SV_006" : [ 1, 0, 76845, 0, 5, 0, 0, 0, 0, 0, 0, 0, 2, 0 ],
		"SV_007" : [ 3, 0, 193366, 0, 9, 0, 0, 0, 0, 0, 0, 0, 2, 0 ],
		"SV_008" : [ 2, 0, 386940, 0, 13, 0, 0, 0, 0, 0, 0, 1, 2, 0 ],
		"SV_009" : [ 3, 0, 88506, 0, 13, 0, 0, 0, 0, 0, 0, 0, 2, 0 ],
		"SV_010" : [ 3, 0, 94638, 0, 9, 0, 0, 0, 0, 0, 0, 0, 2, 0 ],
		"SV_011" : [ 0, 0, 289980, 0, 9, 0, 0, 0, 0, 0, 0, 0, 1, 0 ],
		"SV_012" : [ 3, 0, 144361, 0, 9, 0, 0, 0, 0, 0, 0, 0, 2, 0 ],
		"SV_013" : [ 0, 0, 226956, 0, 9, 0, 0, 0, 0, 0, 0, 0, 1, 0 ],
		"SV_014" : [ 2, 0, 147372, 0, 9, 0, 0, 0, 0, 0, 0, 0, 3, 0 ],
		"SV_015" : [ 1, 0, 105598, 0, 10, 0, 0, 0, 0, 0, 0, 0, 3, 0 ],
		"SV_016" : [ 1, 0, 183175, 0, 10, 0, 0, 0, 0, 0, 0, 0, 2, 0 ],
		"SV_017" : [ 0, 0, 200681, 0, 10, 0, 0, 0, 0, 0, 0, 0, 2, 0 ],
		"SV_018" : [ 0, 0, 211678, 0, 10, 0, 0, 0, 0, 0, 0, 0, 2, 0 ],
		"SV_019" : [ 4, 0, 124744, 0, 10, 0, 0, 0, 0, 0, 0, 0, 0, 0 ],
		"SV_020" : [ 0, 0, 309634, 0, 7, 0, 0, 0, 0, 0, 0, 0, 1, 0 ],
		"SV_021" : [ 0, 0, 446839, 0, 9, 0, 0, 0, 0, 0, 0, 0, 1, 0 ],
		"SV_022" : [ 3, 0, 276515, 0, 13, 0, 0, 0, 0, 0, 0, 0, 2, 0 ],
		"SV_023" : [ 3, 0, 51618, 0, 9, 0, 0, 0, 0, 0, 0, 0, 2, 0 ],
		"SV_024" : [ 1, 0, 202051, 0, 14, 0, 0, 0, 0, 0, 0, 0, 3, 0 ],
		"SV_025" : [ 1, 0, 115585, 0, 10, 0, 0, 0, 0, 0, 0, 0, 3, 0 ],
		"SV_026" : [ 1, 0, 194901, 0, 7, 0, 0, 0, 0, 0, 0, 0, 2, 0 ],
		"SV_027" : [ 1, 0, 189265, 0, 9, 0, 0, 0, 0, 0, 0, 0, 2, 0 ],
		"SV_028" : [ 0, 0, 432376, 0, 13, 0, 0, 0, 0, 0, 0, 0, 2, 0 ],
		"SV_029" : [ 1, 0, 377869, 0, 10, 0, 0, 0, 0, 0, 2, 0, 1, 0 ],
		"SV_030" : [ 3, 0, 95647, 0, 5, 0, 0, 0, 0, 0, 0, 0, 3, 0 ],
		"SV_031" : [ 3, 0, 247552, 0, 10, 0, 0, 0, 0, 0, 0, 0, 3, 0 ],
		"SV_032" : [ 2, 0, 118853, 0, 13, 0, 0, 0, 0, 0, 0, 0, 3, 0 ],
		"SV_033" : [ 1, 0, 77143, 0, 13, 0, 0, 0, 0, 0, 0, 0, 2, 0 ],
		"SV_034" : [ 1, 0, 129305, 0, 9, 0, 0, 0, 0, 0, 0, 0, 2, 0 ],
		"SV_035" : [ 2, 0, 120985, 0, 9, 0, 0, 0, 0, 0, 2, 0, 1, 0 ],
		"SV_036" : [ 4, 0, 66614, 0, 9, 0, 0, 0, 0, 0, 0, 0, 2, 0 ],
		"SV_037" : [ 0, 0, 316868, 0, 10, 0, 0, 0, 0, 0, 0, 0, 1, 0 ],
		"SV_038" : [ 4, 0, 105376, 0, 10, 0, 0, 0, 0, 0, 0, 0, 2, 0 ],
		"SV_039" : [ 1, 0, 185814, 0, 9, 0, 0, 0, 0, 0, 0, 0, 1, 0 ],
		"SV_040" : [ 0, 0, 214542, 0, 13, 0, 0, 0, 0, 0, 0, 0, 2, 0 ],
		"SV_041" : [ 2, 0, 228456, 0, 13, 0, 0, 0, 0, 0, 0, 0, 3, 0 ],
		"SV_042" : [ 4, 0, 38317, 0, 2, 0, 0, 0, 0, 0, 0, 0, 0, 0 ],
		"SV_043" : [ 2, 0, 78374, 0, 14, 0, 0, 0, 0, 0, 0, 0, 2, 0 ],
		"SV_044" : [ 1, 0, 88419, 0, 9, 0, 0, 0, 0, 0, 0, 0, 2, 0 ],
		"SV_045" : [ 2, 0, 207157, 0, 10, 0, 0, 0, 0, 0, 0, 0, 2, 0 ],
		"SV_046" : [ 2, 0, 235485, 0, 12, 0, 0, 0, 0, 0, 0, 0, 2, 0 ],
		"SV_047" : [ 0, 0, 25828, 0, 7, 0, 0, 0, 0, 0, 0, 0, 0, 0 ],
		"SV_048" : [ 1, 0, 428030, 0, 13, 0, 0, 0, 0, 0, 0, 0, 3, 0 ],
		"SV_049" : [ 0, 0, 183930, 0, 9, 0, 0, 0, 0, 0, 0, 0, 0, 0 ],
		"SV_050" : [ 1, 0, 633742, 0, 10, 0, 0, 0, 0, 0, 0, 0, 2, 0 ],
		"SV_051" : [ 3, 0, 135105, 0, 13, 0, 0, 0, 0, 0, 0, 0, 3, 0 ],
		"SV_052" : [ 2, 0, 155222, 0, 10, 0, 0, 0, 0, 0, 0, 0, 1, 0 ],
		"SV_053" : [ 3, 0, 120939, 0, 10, 0, 0, 0, 0, 0, 0, 0, 2, 0 ],
		"SV_054" : [ 2, 0, 130760, 0, 13, 0, 0, 0, 0, 0, 0, 0, 1, 0 ],
		"SV_055" : [ 2, 0, 99374, 0, 10, 0, 0, 0, 0, 0, 0, 0, 2, 0 ],
		"SV_056" : [ 1, 0, 397317, 0, 14, 0, 0, 0, 0, 0, 0, 2, 2, 0 ],
		"SV_057" : [ 0, 0, 65368, 0, 7, 0, 0, 0, 0, 0, 0, 0, 0, 0 ],
		"SV_058" : [ 4, 0, 85815, 0, 9, 0, 0, 0, 0, 0, 0, 0, 2, 0 ],
		"SV_059" : [ 4, 0, 24215, 0, 6, 0, 0, 0, 0, 0, 0, 0, 0, 0 ],
		"SV_060" : [ 4, 0, 167687, 0, 9, 0, 0, 0, 0, 0, 1, 0, 3, 0 ],
		"SV_061" : [ 2, 0, 130408, 0, 9, 0, 0, 0, 0, 0, 0, 0, 2, 0 ],
		"SV_062" : [ 4, 0, 268700, 0, 9, 0, 0, 0, 0, 0, 0, 0, 2, 0 ],
		"SV_063" : [ 2, 0, 170525, 0, 10, 0, 0, 0, 0, 0, 0, 0, 2, 0 ],
		"SV_064" : [ 2, 0, 196001, 0, 9, 0, 0, 0, 0, 0, 0, 0, 0, 0 ],
		"SV_065" : [ 0, 0, 119156, 0, 10, 0, 0, 0, 0, 0, 0, 0, 0, 0 ],
		"SV_066" : [ 4, 0, 203580, 0, 9, 0, 0, 0, 0, 0, 0, 0, 1, 0 ],
		"SV_067" : [ 1, 0, 183916, 0, 9, 0, 0, 0, 0, 0, 0, 0, 1, 0 ],
		"SV_068" : [ 2, 0, 390781, 0, 13, 0, 0, 0, 0, 0, 0, 0, 2, 0 ],
		"SV_069" : [ 0, 0, 27382, 0, 10, 0, 0, 0, 0, 0, 0, 0, 2, 0 ],
		"SV_070" : [ 0, 0, 117789, 0, 9, 0, 0, 0, 0, 0, 0, 0, 2, 0 ],
		"SV_071" : [ 2, 0, 150042, 0, 13, 0, 0, 0, 0, 0, 0, 0, 2, 0 ],
		"SV_072" : [ 0, 0, 245918, 0, 7, 0, 0, 0, 0, 0, 0, 0, 0, 0 ],
		"SV_073" : [ 1, 0, 378322, 0, 7, 0, 0, 0, 0, 0, 0, 0, 2, 0 ],
		"SV_074" : [ 0, 0, 218956, 0, 10, 0, 0, 0, 0, 0, 0, 0, 1, 0 ],
		"SV_075" : [ 1, 0, 185480, 0, 13, 0, 0, 0, 0, 0, 0, 0, 2, 0 ],
		"SV_076" : [ 1, 0, 209109, 0, 14, 0, 0, 0, 0, 0, 0, 0, 1, 0 ],
		"SV_077" : [ 2, 0, 477983, 0, 9, 0, 0, 0, 0, 0, 0, 0, 2, 0 ],
		"SV_078" : [ 0, 0, 205759, 0, 9, 0, 0, 0, 0, 0, 0, 0, 2, 0 ],
		"SV_079" : [ 0, 0, 371987, 0, 13, 0, 0, 0, 0, 0, 0, 0, 2, 0 ],
		"SV_080" : [ 3, 0, 193884, 0, 4, 0, 0, 0, 0, 0, 0, 0, 2, 0 ],
		"SV_081" : [ 1, 0, 220419, 0, 13, 0, 0, 0, 0, 0, 0, 0, 3, 0 ],
		"SV_082" : [ 0, 0, 278130, 0, 9, 0, 0, 0, 0, 0, 0, 0, 2, 0 ],
		"SV_083" : [ 2, 0, 173321, 0, 9, 0, 0, 0, 0, 0, 0, 0, 2, 0 ],
		"SV_084" : [ 3, 0, 83082, 0, 12, 0, 0, 0, 0, 0, 0, 0, 1, 0 ],
		"SV_085" : [ 0, 0, 860348, 0, 10, 0, 0, 0, 0, 0, 0, 0, 1, 0 ],
		"SV_086" : [ 4, 0, 138714, 0, 10, 0, 0, 0, 0, 0, 0, 0, 2, 0 ],
		"SV_087" : [ 1, 0, 423158, 0, 10, 0, 0, 0, 0, 0, 0, 0, 2, 0 ],
		"SV_088" : [ 0, 0, 211601, 0, 11, 0, 0, 0, 0, 0, 0, 0, 0, 0 ],
		"SV_089" : [ 4, 0, 321171, 0, 9, 0, 0, 0, 0, 0, 0, 0, 2, 0 ],
		"SV_090" : [ 1, 0, 224563, 0, 13, 0, 0, 0, 0, 0, 0, 0, 2, 0 ],
		"SV_091" : [ 3, 0, 71195, 0, 14, 0, 0, 0, 0, 0, 0, 0, 3, 0 ],
		"SV_092" : [ 0, 0, 104112, 0, 9, 0, 0, 0, 0, 0, 0, 0, 1, 0 ],
		"SV_093" : [ 2, 0, 261192, 0, 9, 0, 0, 0, 0, 0, 0, 0, 2, 0 ],
		"SV_094" : [ 1, 0, 94936, 0, 12, 0, 0, 0, 0, 0, 0, 0, 2, 0 ],
		"SV_095" : [ 1, 0, 85043, 0, 9, 0, 0, 0, 0, 0, 0, 0, 0, 0 ],
		"SV_096" : [ 4, 0, 161400, 0, 7, 0, 0, 0, 0, 0, 0, 0, 2, 0 ],
		"SV_097" : [ 0, 0, 410439, 0, 9, 0, 0, 0, 0, 0, 0, 0, 3, 0 ],
		"SV_098" : [ 1, 0, 92262, 0, 9, 0, 0, 0, 0, 0, 0, 0, 2, 0 ],
		"SV_099" : [ 4, 0, 183081, 0, 10, 0, 0, 0, 0, 0, 0, 0, 2, 0 ],
		"SV_100" : [ 0, 0, 362589, 0, 12, 0, 0, 0, 0, 0, 0, 0, 0, 0 ],
		"SV_101" : [ 0, 0, 89821, 0, 7, 0, 0, 0, 0, 0, 0, 0, 0, 0 ],
		"SV_102" : [ 0, 0, 350845, 0, 10, 0, 0, 0, 0, 0, 0, 0, 0, 0 ],
		"SV_103" : [ 1, 0, 267404, 0, 9, 0, 0, 0, 0, 0, 0, 0, 2, 0 ],
		"SV_104" : [ 3, 0, 80914, 0, 14, 0, 0, 0, 0, 0, 0, 0, 1, 0 ],
		"SV_105" : [ 3, 0, 174319, 0, 9, 0, 0, 0, 0, 0, 0, 0, 2, 0 ],
		"SV_106" : [ 3, 0, 214955, 0, 3, 0, 0, 0, 0, 0, 0, 4, 2, 0 ],
		"SV_107" : [ 2, 0, 117312, 0, 10, 0, 0, 0, 0, 0, 0, 0, 2, 0 ],
		"SV_108" : [ 0, 0, 396099, 0, 9, 0, 0, 0, 0, 0, 0, 0, 1, 0 ],
		"SV_109" : [ 1, 0, 134152, 0, 9, 0, 0, 0, 0, 0, 0, 0, 2, 0 ],
		"SV_110" : [ 0, 0, 25429, 0, 10, 0, 0, 0, 0, 0, 0, 0, 0, 0 ],
		"SV_111" : [ 0, 0, 232392, 0, 9, 0, 0, 0, 0, 0, 0, 0, 2, 0 ],
		"SV_112" : [ 1, 0, 301302, 0, 13, 0, 0, 0, 0, 0, 0, 0, 3, 0 ],
		"SV_113" : [ 3, 0, 277946, 0, 12, 0, 0, 0, 0, 0, 0, 0, 2, 0 ],
		"SV_114" : [ 1, 0, 196164, 0, 9, 0, 0, 0, 0, 0, 0, 0, 1, 0 ],
		"SV_115" : [ 0, 0, 416103, 0, 10, 0, 0, 0, 0, 0, 0, 0, 2, 0 ],
		"SV_116" : [ 1, 0, 227689, 0, 11, 0, 0, 0, 0, 0, 0, 0, 4, 0 ],
		"SV_117" : [ 1, 0, 166481, 0, 4, 0, 0, 0, 0, 0, 0, 3, 2, 0 ],
		"SV_118" : [ 1, 0, 110145, 0, 9, 0, 0, 0, 0, 0, 0, 0, 2, 0 ],
		"SV_119" : [ 1, 0, 364657, 0, 10, 0, 0, 0, 0, 0, 0, 0, 3, 0 ],
		"SV_120" : [ 1, 0, 118500, 0, 10, 0, 0, 0, 0, 0, 0, 0, 2, 0 ],
		"SV_121" : [ 1, 0, 240283, 0, 9, 0, 0, 0, 0, 0, 0, 0, 2, 0 ],
		"SV_122" : [ 0, 0, 133373, 0, 9, 0, 0, 0, 0, 0, 0, 0, 3, 0 ],
		"SV_123" : [ 3, 0, 287480, 0, 14, 0, 0, 0, 0, 0, 0, 0, 2, 0 ],
		"SV_124" : [ 0, 0, 202521, 0, 7, 0, 0, 0, 0, 0, 0, 0, 2, 0 ],
		"SV_125" : [ 1, 0, 116358, 0, 10, 0, 0, 0, 0, 0, 0, 3, 2, 0 ],
		"SV_126" : [ 0, 0, 81281, 0, 10, 0, 0, 0, 0, 0, 0, 0, 2, 0 ],
		"SV_127" : [ 1, 0, 405855, 0, 5, 0, 0, 0, 0, 0, 0, 0, 2, 0 ],
		"SV_128" : [ 0, 0, 146538, 0, 9, 0, 0, 0, 0, 0, 0, 0, 2, 0 ],
		"SV_129" : [ 1, 0, 180374, 0, 9, 0, 0, 0, 0, 0, 0, 0, 2, 0 ],
		"SV_130" : [ 2, 0, 351299, 0, 10, 0, 0, 0, 0, 0, 0, 0, 3, 0 ],
		"SV_131" : [ 0, 0, 54012, 0, 9, 0, 0, 0, 0, 0, 0, 0, 3, 0 ],
		"SV_132" : [ 1, 0, 115745, 0, 10, 0, 0, 0, 0, 0, 0, 0, 2, 0 ],
		"SV_133" : [ 2, 0, 116632, 0, 12, 0, 0, 0, 0, 0, 0, 0, 2, 0 ],
		"SV_134" : [ 2, 0, 126708, 0, 9, 0, 0, 0, 0, 0, 0, 0, 3, 0 ],
		"SV_135" : [ 0, 0, 211870, 0, 5, 0, 0, 0, 0, 0, 0, 0, 0, 0 ],
		"SV_136" : [ 0, 0, 281432, 0, 10, 0, 0, 0, 0, 0, 0, 0, 1, 0 ],
		"SV_137" : [ 0, 0, 197904, 0, 9, 0, 0, 0, 0, 0, 0, 0, 1, 0 ],
		"SV_138" : [ 1, 0, 111746, 0, 12, 0, 0, 0, 0, 0, 0, 0, 2, 0 ],
		"SV_139" : [ 1, 0, 70100, 0, 13, 0, 0, 0, 0, 0, 0, 0, 0, 0 ],
		"SV_140" : [ 4, 0, 401531, 0, 2, 0, 0, 0, 0, 0, 0, 0, 1, 0 ],
		"SV_141" : [ 3, 0, 371373, 0, 9, 0, 0, 0, 0, 0, 0, 0, 2, 0 ],
		"SV_142" : [ 0, 0, 262749, 0, 10, 0, 0, 0, 0, 0, 0, 0, 2, 0 ],
		"SV_143" : [ 0, 0, 403107, 0, 3, 0, 0, 0, 0, 0, 0, 0, 2, 0 ],
		"SV_144" : [ 1, 0, 64293, 0, 10, 0, 0, 0, 0, 0, 0, 0, 1, 0 ],
		"SV_145" : [ 4, 0, 114060, 0, 9, 0, 0, 0, 0, 0, 0, 0, 2, 0 ],
		"SV_146" : [ 0, 0, 181054, 0, 13, 0, 0, 0, 0, 0, 0, 0, 2, 0 ],
		"SV_147" : [ 0, 0, 388093, 0, 13, 0, 0, 0, 0, 0, 0, 0, 2, 0 ],
		"SV_148" : [ 3, 0, 251804, 0, 3, 0, 0, 0, 0, 0, 0, 0, 1, 0 ],
		"SV_149" : [ 3, 0, 209642, 0, 9, 0, 0, 0, 0, 0, 0, 0, 2, 0 ],
		"SV_150" : [ 1, 0, 45781, 0, 14, 0, 0, 0, 0, 0, 4, 0, 3, 0 ],
		"SV_151" : [ 2, 0, 159449, 0, 13, 0, 0, 0, 0, 0, 2, 0, 2, 0 ],
		"SV_152" : [ 2, 0, 280464, 0, 10, 0, 0, 0, 0, 0, 0, 0, 4, 0 ],
		"SV_153" : [ 1, 0, 141297, 0, 13, 0, 0, 0, 0, 0, 0, 0, 2, 0 ],
		"SV_154" : [ 2, 0, 121772, 0, 11, 0, 0, 0, 0, 0, 0, 0, 2, 0 ],
		"SV_155" : [ 2, 0, 292175, 0, 14, 0, 0, 0, 0, 0, 0, 0, 2, 0 ],
		"SV_156" : [ 2, 0, 193524, 0, 16, 0, 0, 0, 0, 0, 0, 0, 3, 0 ],
		"SV_157" : [ 4, 0, 216851, 0, 13, 0, 0, 0, 0, 0, 0, 0, 2, 0 ],
		"SV_158" : [ 3, 0, 180211, 0, 10, 0, 0, 0, 0, 0, 0, 0, 3, 0 ],
		"SV_159" : [ 1, 0, 84154, 0, 10, 0, 0, 0, 0, 0, 0, 0, 2, 0 ],
		"SV_160" : [ 4, 0, 337895, 0, 13, 0, 0, 0, 0, 0, 0, 0, 2, 0 ],
		"SV_161" : [ 3, 0, 51835, 0, 15, 0, 0, 0, 0, 0, 0, 3, 3, 0 ],
		"SV_162" : [ 3, 0, 251585, 0, 13, 0, 0, 0, 0, 0, 0, 0, 3, 0 ],
		"SV_163" : [ 2, 0, 237993, 0, 10, 0, 0, 0, 0, 0, 0, 0, 2, 0 ],
		"SV_164" : [ 2, 0, 116632, 0, 16, 0, 0, 0, 0, 0, 0, 0, 2, 0 ],
		"SV_165" : [ 3, 0, 169846, 0, 9, 0, 0, 0, 0, 0, 0, 0, 2, 0 ],
		"SV_166" : [ 3, 0, 191681, 0, 10, 0, 0, 0, 0, 0, 0, 0, 3, 0 ],
		"SV_167" : [ 1, 0, 162298, 0, 13, 0, 0, 0, 0, 0, 0, 0, 4, 0 ],
		"SV_168" : [ 2, 0, 343591, 0, 9, 0, 0, 0, 0, 0, 4, 0, 2, 0 ],
		"SV_169" : [ 3, 0, 268234, 0, 9, 0, 0, 0, 0, 0, 0, 0, 2, 0 ],
		"SV_170" : [ 2, 0, 410867, 0, 16, 0, 0, 0, 0, 0, 0, 0, 3, 0 ],
		"SV_171" : [ 1, 0, 226296, 0, 13, 0, 0, 0, 0, 0, 0, 0, 2, 0 ],
		"SV_172" : [ 3, 0, 191277, 0, 16, 0, 0, 0, 0, 0, 0, 3, 3, 0 ],
		"SV_173" : [ 2, 0, 202683, 0, 10, 0, 0, 0, 0, 0, 0, 0, 3, 0 ],
		"SV_174" : [ 4, 0, 124191, 0, 14, 0, 0, 0, 0, 0, 0, 0, 2, 0 ],
		"SV_175" : [ 2, 0, 198282, 0, 13, 0, 0, 0, 0, 0, 4, 0, 3, 0 ],
		"SV_176" : [ 1, 0, 317660, 0, 9, 0, 0, 0, 0, 0, 3, 0, 2, 0 ],
		"SV_177" : [ 2, 0, 65324, 0, 15, 0, 0, 0, 0, 0, 0, 0, 2, 0 ],
		"SV_178" : [ 4, 0, 335605, 0, 9, 0, 0, 0, 0, 0, 0, 2, 3, 0 ],
		"SV_179" : [ 3, 0, 197371, 0, 11, 0, 0, 0, 0, 0, 0, 0, 2, 0 ],
		"SV_180" : [ 1, 0, 267989, 0, 13, 0, 0, 0, 0, 0, 0, 0, 3, 0 ],
		"SV_181" : [ 3, 0, 287828, 0, 13, 0, 0, 0, 0, 0, 0, 0, 2, 0 ],
		"SV_182" : [ 1, 0, 114937, 0, 12, 0, 0, 0, 0, 0, 0, 0, 2, 0 ],
		"SV_183" : [ 2, 0, 125933, 0, 14, 0, 0, 0, 0, 0, 0, 0, 2, 0 ],
		"SV_184" : [ 3, 0, 81973, 0, 10, 0, 0, 0, 0, 0, 0, 0, 2, 0 ],
		"SV_185" : [ 2, 0, 196584, 0, 11, 0, 0, 0, 0, 0, 0, 1, 2, 0 ],
		"SV_186" : [ 3, 0, 252903, 0, 9, 0, 0, 0, 0, 0, 0, 0, 2, 0 ],
		"SV_187" : [ 2, 0, 201080, 0, 14, 0, 0, 0, 0, 0, 0, 0, 2, 0 ],
		"SV_188" : [ 3, 0, 96062, 0, 10, 0, 0, 0, 0, 0, 0, 3, 2, 0 ],
		"SV_189" : [ 1, 0, 149624, 0, 13, 0, 0, 0, 0, 0, 0, 0, 2, 0 ],
		"SV_190" : [ 2, 0, 181344, 0, 10, 0, 0, 0, 0, 0, 0, 0, 2, 0 ],
		"SV_191" : [ 2, 0, 286370, 0, 4, 0, 0, 0, 0, 0, 0, 0, 2, 0 ],
		"SV_192" : [ 2, 0, 29054, 0, 10, 0, 0, 0, 0, 0, 0, 0, 2, 0 ],
		"SV_193" : [ 4, 0, 109567, 0, 16, 0, 0, 0, 0, 0, 0, 0, 0, 0 ],
		"SV_194" : [ 2, 0, 56795, 0, 14, 0, 0, 0, 0, 0, 4, 0, 3, 0 ],
		"SV_195" : [ 1, 0, 138992, 0, 14, 0, 0, 0, 0, 0, 2, 0, 2, 0 ],
		"SV_196" : [ 3, 0, 259323, 0, 13, 0, 0, 0, 0, 0, 0, 0, 3, 0 ],
		"SV_197" : [ 2, 0, 128757, 0, 13, 0, 0, 0, 0, 0, 2, 0, 2, 0 ],
		"SV_198" : [ 4, 0, 210563, 0, 9, 0, 0, 0, 0, 0, 4, 0, 1, 0 ],
		"SV_199" : [ 2, 0, 208358, 0, 9, 0, 0, 0, 0, 0, 0, 0, 2, 0 ],
		"SV_200" : [ 3, 0, 125417, 0, 4, 0, 0, 0, 0, 0, 0, 0, 2, 0 ],
		"SV_201" : [ 2, 0, 635913, 0, 13, 0, 0, 0, 0, 0, 0, 0, 3, 0 ],
		"SV_202" : [ 1, 0, 76714, 0, 15, 0, 0, 0, 0, 0, 0, 0, 3, 0 ],
		"SV_203" : [ 2, 0, 180138, 0, 13, 0, 0, 0, 0, 0, 0, 0, 3, 0 ],
		"SV_204" : [ 2, 0, 115076, 0, 14, 0, 0, 0, 0, 0, 0, 0, 4, 0 ],
		"SV_205" : [ 2, 0, 347890, 0, 13, 0, 0, 0, 0, 0, 0, 0, 2, 0 ],
		"SV_206" : [ 4, 0, 236596, 0, 9, 0, 0, 0, 0, 0, 0, 0, 2, 0 ],
		"SV_207" : [ 2, 0, 207578, 0, 12, 0, 0, 0, 0, 0, 0, 3, 3, 0 ],
		"SV_208" : [ 2, 0, 112763, 0, 15, 0, 0, 0, 0, 0, 0, 0, 2, 0 ],
		"SV_209" : [ 2, 0, 303044, 0, 9, 0, 0, 0, 0, 0, 0, 0, 2, 0 ],
		"SV_210" : [ 2, 0, 257295, 0, 10, 0, 0, 0, 0, 0, 0, 0, 4, 0 ],
		"SV_211" : [ 4, 0, 21174, 0, 9, 0, 0, 0, 0, 0, 0, 0, 2, 0 ],
		"SV_212" : [ 1, 0, 222205, 0, 9, 0, 0, 0, 0, 0, 0, 0, 2, 0 ],
		"SV_213" : [ 4, 0, 69867, 0, 9, 0, 0, 0, 0, 0, 0, 0, 2, 0 ],
		"SV_214" : [ 2, 0, 170924, 0, 10, 0, 0, 0, 0, 0, 2, 0, 2, 0 ],
		"SV_215" : [ 0, 0, 279472, 0, 10, 0, 0, 0, 0, 0, 2, 0, 3, 0 ],
		"SV_216" : [ 2, 0, 97688, 0, 10, 0, 0, 0, 0, 0, 2, 0, 2, 0 ],
		"SV_217" : [ 4, 0, 425161, 0, 14, 0, 0, 0, 0, 0, 4, 0, 2, 0 ],
		"SV_218" : [ 2, 0, 220531, 0, 15, 0, 0, 0, 0, 0, 0, 0, 3, 0 ],
		"SV_219" : [ 3, 0, 146268, 0, 13, 0, 0, 0, 0, 0, 3, 0, 2, 0 ],
		"SV_220" : [ 1, 0, 217460, 0, 9, 0, 0, 0, 0, 0, 0, 0, 2, 0 ],
		"SV_221" : [ 3, 0, 238638, 0, 9, 0, 0, 0, 0, 0, 2, 0, 2, 0 ],
		"SV_222" : [ 1, 0, 193815, 0, 12, 0, 0, 0, 0, 0, 0, 0, 2, 0 ],
		"SV_223" : [ 2, 0, 34987, 0, 10, 0, 0, 0, 0, 0, 0, 0, 3, 0 ],
		"SV_224" : [ 1, 0, 142897, 0, 14, 0, 0, 0, 0, 0, 2, 0, 1, 0 ],
		"SV_225" : [ 2, 0, 205607, 0, 13, 0, 0, 0, 0, 0, 0, 0, 2, 0 ],
		"SV_226" : [ 2, 0, 187728, 0, 10, 0, 0, 0, 0, 0, 0, 2, 3, 0 ],
		"SV_227" : [ 2, 0, 296478, 0, 11, 0, 0, 0, 0, 0, 2, 0, 2, 0 ],
		"SV_228" : [ 2, 0, 119272, 0, 9, 0, 0, 0, 0, 0, 2, 0, 2, 0 ],
		"SV_229" : [ 1, 0, 117963, 0, 13, 0, 0, 0, 0, 0, 0, 0, 2, 0 ],
		"SV_230" : [ 1, 0, 111363, 0, 13, 0, 0, 0, 0, 0, 0, 0, 2, 0 ],
		"SV_231" : [ 4, 0, 372020, 0, 13, 0, 0, 0, 0, 0, 0, 0, 2, 0 ],
		"SV_232" : [ 2, 0, 95432, 0, 9, 0, 0, 0, 0, 0, 0, 0, 2, 0 ],
		"SV_233" : [ 2, 0, 96129, 0, 11, 0, 0, 0, 0, 0, 0, 0, 2, 0 ],
		"SV_234" : [ 4, 0, 270092, 0, 14, 0, 0, 0, 0, 0, 0, 0, 2, 0 ],
		"SV_235" : [ 2, 0, 174575, 0, 13, 0, 0, 0, 0, 0, 0, 1, 2, 0 ],
		"SV_236" : [ 4, 0, 212448, 0, 13, 0, 0, 0, 0, 0, 0, 0, 2, 0 ],
		"SV_237" : [ 2, 0, 184018, 0, 11, 0, 0, 0, 0, 0, 0, 0, 2, 0 ],
		"SV_238" : [ 2, 0, 162028, 0, 10, 0, 0, 0, 0, 0, 0, 4, 0, 0 ],
		"SV_239" : [ 1, 0, 220098, 0, 9, 0, 0, 0, 0, 0, 0, 0, 2, 0 ],
		"SV_240" : [ 1, 0, 98101, 0, 13, 0, 0, 0, 0, 0, 3, 0, 2, 0 ],
		"SV_241" : [ 0, 0, 86872, 0, 13, 0, 0, 0, 0, 0, 0, 0, 3, 0 ],
		"SV_242" : [ 3, 0, 132178, 0, 13, 0, 0, 0, 0, 0, 0, 0, 3, 0 ],
		"SV_243" : [ 3, 0, 288353, 0, 13, 0, 0, 0, 0, 0, 0, 0, 2, 0 ],
		"SV_244" : [ 2, 0, 445382, 0, 14, 0, 0, 0, 0, 0, 0, 3, 4, 0 ],
		"SV_245" : [ 1, 0, 123147, 0, 10, 0, 0, 0, 0, 0, 0, 2, 2, 0 ],
		"SV_246" : [ 3, 0, 188386, 0, 16, 0, 0, 0, 0, 0, 4, 0, 3, 0 ],
		"SV_247" : [ 1, 0, 92440, 0, 8, 0, 0, 0, 0, 0, 0, 0, 3, 0 ],
		"SV_248" : [ 1, 0, 92003, 0, 13, 0, 0, 0, 0, 0, 0, 0, 2, 0 ],
		"SV_249" : [ 4, 0, 222289, 0, 9, 0, 0, 0, 0, 0, 0, 0, 2, 0 ],
		"SV_250" : [ 1, 0, 29662, 0, 12, 0, 0, 0, 0, 0, 0, 0, 1, 0 ],
		"SV_251" : [ 1, 0, 208405, 0, 14, 0, 0, 0, 0, 0, 0, 0, 3, 0 ],
		"SV_252" : [ 2, 0, 116632, 0, 10, 0, 0, 0, 0, 0, 0, 0, 2, 0 ],
		"SV_253" : [ 2, 0, 197332, 0, 10, 0, 0, 0, 0, 0, 0, 0, 3, 0 ],
		"SV_254" : [ 4, 0, 245062, 0, 9, 0, 0, 0, 0, 0, 0, 0, 2, 0 ],
		"SV_255" : [ 2, 0, 197583, 0, 12, 0, 0, 0, 0, 0, 0, 0, 2, 0 ],
		"SV_256" : [ 2, 0, 234885, 0, 9, 0, 0, 0, 0, 0, 0, 0, 2, 0 ],
		"SV_257" : [ 2, 0, 72887, 0, 11, 0, 0, 0, 0, 0, 0, 0, 2, 0 ],
		"SV_258" : [ 3, 0, 192776, 0, 14, 0, 0, 0, 0, 0, 0, 3, 2, 0 ],
		"SV_259" : [ 1, 0, 118551, 0, 13, 0, 0, 0, 0, 0, 0, 0, 0, 0 ],
		"SV_260" : [ 4, 0, 201965, 0, 10, 0, 0, 0, 0, 0, 0, 0, 2, 0 ],
		"SV_261" : [ 2, 0, 91039, 0, 13, 0, 0, 0, 0, 0, 4, 0, 3, 0 ]
	},
	"SupportVectorsCoefs" : {
		"SV_coef_0" : [ 1, 1, 1, 1, 1, 0.99620235, 1, 1, 0.011632646, 1, 1, 0.99218619, 1, 1, 1, 0.0011574232, 1, 1, 1, 1, 0.99035889, 0.018810384, 1, 1, 1, 1, 1, 1, 0.010260567, 0.026177462, 1, 0.99665177, 1, 1, 0.0068902196, 0.01184334, 1, 0.99594331, 1, 1, 1, 1, 0.29526222, 0.012908185, 1, 1, 0.99371481, 1, 1, 1, 0.96284467, 1, 1, 1, 1, 1, 0.010279723, 1, 1, 0.92214298, 0.034967918, 1, 0.99569947, 0.0035554457, 1, 1, 1, 1, 0.034944344, 1, 1, 1, 0.99520624, 0.016190998, 1, 1, 1, 0.67281252, 1, 0.90904915, 1, 0.99146467, 1, 0.0022734066, 0.0023885181, 0.011360878, 0.003772934, 0.010908574, 1, 0.99675041, 0.98653537, 0.013511196, 1, 0.97631258, 1, 0.0027862911, 1, 0.036235437, 0.0085353497, 1, 0.024448391, 1, 1, 0.99791074, 1, 1, 1, 0.009651891, 0.85229397, 0.0090853404, 1, 1, 1, 0.99633455, 1, 0.0095975492, 0.99188554, 1, 1, 0.023394439, 1, 0.99430257, 0.012223861, 0.98950839, 1, 1, 0.0040587839, 0.0098664407, 1, 1, 1, 1, 1, 1, 1, 1, 0.98786068, 1, 1, 0.0052028582, 0.00691752, 1, 0.99666506, 0.013811856, 0.090950824, 1, 1, 0.024704698, 0.98879534, -1, -1, -1, -1, -1, -1, -1, -1, -1, -1, -1, -1, -1, -1, -1, -1, -1, -1, -1, -1, -1, -1, -1, -1, -1, -1, -1, -1, -1, -1, -1, -1, -1, -1, -1, -1, -1, -1, -1, -1, -1, -1, -1, -1, -1, -1, -1, -1, -1, -1, -1, -1, -1, -1, -1, -1, -1, -1, -1, -1, -1, -1, -1, -1, -1, -1, -1, -1, -1, -1, -1, -1, -1, -1, -1, -1, -1, -1, -1, -1, -1, -1, -1, -1, -1, -1, -1, -1, -1, -1, -1, -1, -1, -1, -1, -1, -1, -1, -1, -1, -1, -1, -1, -1, -1, -1, -1, -1, -1, -1, -1, -1, -1 ]
	},
	"rho" : [ -1.0009102 ],
	"nSV" : [ 149, 113 ],
	"probA" : [ 0.5795303 ],
	"probB" : [ -1.8409892 ],
	"n_iter" : [ 192 ],
	"sv_ind" : [ 0, 12, 13, 15, 16, 21, 22, 29, 32, 41, 43, 44, 46, 51, 58, 64, 66, 69, 73, 74, 78, 80, 81, 82, 87, 95, 107, 108, 110, 113, 115, 118, 121, 122, 128, 132, 140, 142, 144, 145, 156, 159, 160, 162, 163, 165, 166, 168, 173, 178, 182, 187, 190, 193, 194, 196, 200, 209, 213, 226, 227, 231, 235, 236, 241, 243, 245, 247, 251, 253, 256, 260, 262, 264, 266, 268, 273, 275, 284, 288, 289, 292, 298, 305, 307, 312, 316, 318, 326, 328, 331, 337, 338, 339, 340, 343, 356, 364, 365, 366, 367, 371, 375, 376, 378, 380, 381, 384, 385, 386, 388, 389, 391, 392, 394, 400, 403, 404, 406, 409, 412, 419, 425, 429, 431, 434, 438, 444, 448, 456, 457, 458, 459, 460, 465, 476, 477, 479, 480, 482, 486, 491, 496, 497, 498, 501, 504, 505, 511, 7, 8, 9, 10, 11, 14, 19, 20, 25, 27, 38, 45, 52, 53, 55, 63, 67, 68, 72, 84, 86, 89, 94, 96, 97, 100, 101, 105, 111, 112, 117, 123, 125, 127, 135, 139, 143, 154, 164, 172, 174, 180, 183, 184, 189, 197, 198, 202, 206, 208, 211, 214, 215, 234, 237, 238, 240, 246, 248, 250, 255, 265, 267, 269, 270, 276, 279, 281, 285, 286, 300, 302, 303, 308, 309, 311, 313, 327, 341, 342, 350, 352, 354, 355, 357, 361, 363, 368, 372, 387, 390, 393, 398, 399, 402, 405, 408, 413, 415, 422, 428, 433, 435, 443, 451, 452, 453, 454, 455, 468, 469, 470, 489 ]
}
}
TREE_JSON_DUMP_END
MCU_DEPLOY_CLASSIFICATION_CODE step 6
MCU_DEPLOY_CLASSIFICATION_CODE step 7
MLLITE_AUTO_DEPLOY_CENSUS_MEDIUM_APPLY_OUTPUT_CLASS  [ "<=50K", "<=50K", "<=50K", "<=50K", "<=50K",  ... , "<=50K", "<=50K", "<=50K", "<=50K", "<=50K" ]
MLLITE_AUTO_DEPLOY_CENSUS_MEDIUM_APPLY_OUTPUT_PROBA 0 [ 0.77925831, 0.22074178 ]
MLLITE_AUTO_DEPLOY_CENSUS_MEDIUM_APPLY_OUTPUT_PROBA 1 [ 0.77926099, 0.22073904 ]
MLLITE_AUTO_DEPLOY_CENSUS_MEDIUM_APPLY_OUTPUT_PROBA 2 [ 0.7792877, 0.22071216 ]
MLLITE_AUTO_DEPLOY_CENSUS_MEDIUM_APPLY_OUTPUT_PROBA 3 [ 0.77927488, 0.22072521 ]
MLLITE_AUTO_DEPLOY_CENSUS_MEDIUM_APPLY_OUTPUT_PROBA 4 [ 0.77925485, 0.22074518 ]
...
MLLITE_AUTO_DEPLOY_CENSUS_MEDIUM_APPLY_OUTPUT_PROBA 507 [ 0.7792812, 0.22071876 ]
MLLITE_AUTO_DEPLOY_CENSUS_MEDIUM_APPLY_OUTPUT_PROBA 508 [ 0.77913487, 0.22086523 ]
MLLITE_AUTO_DEPLOY_CENSUS_MEDIUM_APPLY_OUTPUT_PROBA 509 [ 0.77926397, 0.22073597 ]
MLLITE_AUTO_DEPLOY_CENSUS_MEDIUM_APPLY_OUTPUT_PROBA 510 [ 0.77929884, 0.22070126 ]
MLLITE_AUTO_DEPLOY_CENSUS_MEDIUM_APPLY_OUTPUT_PROBA 511 [ 0.77926421, 0.22073573 ]
MLLITE_AUTO_DEPLOY_CENSUS_MEDIUM_CLASS_PERFS { "count" : 512, "precision" : 0.77929688,  "AUC" : [ 0.49726084, 0.4969947 ] }
This will be printed
MCU_DEPLOY_CLASSIFICATION_CODE step 8
MCU_DEPLOY_CLASSIFICATION_CODE done
MLLITE_MCU_TIMER_OPERATION_ELAPSED_SECONDS 'MLLITE.MCU_DEPLOY.CLASSIFICATION.Vapnik_SVC_RBF.CENSUS_MEDIUM' 1
MLLITE_MCU_TIMER_OPERATION_END 'MLLITE.MCU_DEPLOY.CLASSIFICATION.Vapnik_SVC_RBF.CENSUS_MEDIUM' [ 'Tue Jan 23 09:44:23 2024' ]
MCU_DEPLOY_ON_TARGET_X86_64_END
