MCU_DEPLOY_ON_TARGET_X86_64_START
MLLITE_MCU_TIMER_OPERATION_START 'MLLITE.MCU_DEPLOY.CLASSIFICATION.Friedman_XGB.DIGITS_ORIGINAL' [ 'Tue Jan 23 09:44:22 2024' ]
MLLite starting
MCU_DEPLOY_CLASSIFICATION_CODE step 1
MCU_DEPLOY_CLASSIFICATION_CODE step 2
MCU_DEPLOY_CLASSIFICATION_CODE step 3
MCU_DEPLOY_CLASSIFICATION_MODEL_OPTIONS
{ "base_score" : [ ], "early_stopping_rounds" : 0, "eval_metric" : "", "gamma" : 0, "grow_policy" : 0, "learning_rate" : 0.30000001, "max_bin" : 5, "max_depth" : 6, "max_leaves" : 0, "min_child_weight" : 1, "n_estimators" : 6, "objective" : "reg:squarederror", "reg_alpha" : 0, "reg_lambda" : 1, "tree_method" : "auto" }
MCU_DEPLOY_CLASSIFICATION_CODE step 4
PROGRESS_REPORT_ELAPSED_TOTAL 'XGB_CLASSIFIER_FIT' 1 3
PROGRESS_REPORT_ELAPSED_TOTAL 'XGB_CLASSIFIER_FIT' 2 3
PROGRESS_REPORT_ELAPSED_TOTAL 'XGB_MODEL_FIT' 1 8
PROGRESS_REPORT_ELAPSED_TOTAL 'XGB_MODEL_FIT' 2 8
PROGRESS_REPORT_ELAPSED_TOTAL 'XGB_MODEL_FIT' 3 8
PROGRESS_REPORT_ELAPSED_TOTAL 'XGB_MODEL_FIT' 4 8
PROGRESS_REPORT_ELAPSED_TOTAL 'XGB_MODEL_FIT' 5 8
PROGRESS_REPORT_ELAPSED_TOTAL 'XGB_MODEL_FIT' 6 8
PROGRESS_REPORT_ELAPSED_TOTAL 'XGB_MODEL_FIT' 7 8
PROGRESS_REPORT_ELAPSED_TOTAL 'XGB_MODEL_FIT' 8 8
PROGRESS_REPORT_ELAPSED_TOTAL 'XGB_CLASSIFIER_FIT' 3 3
MCU_DEPLOY_CLASSIFICATION_CODE step 5
TREE_JSON_DUMP_START
{
	"metadata" : { "model" : "Friedman_XGB", "version" : "2024-W03"},
	"options" : { "base_score" : [ ], "early_stopping_rounds" : 0, "eval_metric" : "", "gamma" : 0, "grow_policy" : 0, "learning_rate" : 0.30000001, "max_bin" : 5, "max_depth" : 6, "max_leaves" : 0, "min_child_weight" : 1, "n_estimators" : 6, "objective" : "reg:squarederror", "reg_alpha" : 0, "reg_lambda" : 1, "tree_method" : "auto" },
	"classes" : [ 0, 1, 2, 3, 4, 5, 6, 7, 8, 9 ],
	"booster" : {
		"BaseScore" : [ 0.099053979, 0.10127991, 0.098497495, 0.10183639, 0.10072343, 0.10127991, 0.10072343, 0.099610463, 0.096828043, 0.10016695 ],
		"Trees" : 6,
		"Tree_0" : {
			"Node_00" : { "leaf_value" : [ ], "parent" : null, "left" : 1, "right" : 2, "svalue" : 3, "sindex" : 36 },
			"Node_01" : { "leaf_value" : [ ], "parent" : 0, "left" : 3, "right" : 4, "svalue" : 7, "sindex" : 27 },
			"Node_02" : { "leaf_value" : [ ], "parent" : 0, "left" : 5, "right" : 6, "svalue" : 8, "sindex" : 60 },
			"Node_03" : { "leaf_value" : [ ], "parent" : 1, "left" : 7, "right" : 8, "svalue" : 4, "sindex" : 34 },
			"Node_04" : { "leaf_value" : [ ], "parent" : 1, "left" : 9, "right" : 10, "svalue" : 4, "sindex" : 34 },
			"Node_05" : { "leaf_value" : [ ], "parent" : 2, "left" : 11, "right" : 12, "svalue" : 13, "sindex" : 26 },
			"Node_06" : { "leaf_value" : [ ], "parent" : 2, "left" : 13, "right" : 14, "svalue" : 5, "sindex" : 33 },
			"Node_07" : { "leaf_value" : [ -0.092875972, 0.039678942, 0.039992422, 0.17223889, -0.092954226, 0.039678961, -0.092954226, -0.092902064, -0.092771679, 0.17253679 ], "parent" : 3, "left" : null, "right" : null, "svalue" : 0, "sindex" : 0 },
			"Node_08" : { "leaf_value" : [ ], "parent" : 3, "left" : 15, "right" : 16, "svalue" : 1, "sindex" : 45 },
			"Node_09" : { "leaf_value" : [ ], "parent" : 4, "left" : 17, "right" : 18, "svalue" : 6, "sindex" : 21 },
			"Node_10" : { "leaf_value" : [ ], "parent" : 4, "left" : 19, "right" : 20, "svalue" : 10, "sindex" : 42 },
			"Node_11" : { "leaf_value" : [ ], "parent" : 5, "left" : 21, "right" : 22, "svalue" : 1, "sindex" : 37 },
			"Node_12" : { "leaf_value" : [ ], "parent" : 5, "left" : 23, "right" : 24, "svalue" : 6, "sindex" : 21 },
			"Node_13" : { "leaf_value" : [ ], "parent" : 6, "left" : 25, "right" : 26, "svalue" : 14, "sindex" : 19 },
			"Node_14" : { "leaf_value" : [ ], "parent" : 6, "left" : 27, "right" : 28, "svalue" : 3, "sindex" : 54 },
			"Node_15" : { "leaf_value" : [ -0.086494341, -0.086598061, -0.086468421, -0.086624011, -0.086572126, 0.63413024, -0.086572126, -0.08652027, 0.058051396, -0.086546198 ], "parent" : 8, "left" : null, "right" : null, "svalue" : 0, "sindex" : 0 },
			"Node_16" : { "leaf_value" : [ ], "parent" : 8, "left" : 29, "right" : 30, "svalue" : 10, "sindex" : 18 },
			"Node_17" : { "leaf_value" : [ ], "parent" : 9, "left" : 31, "right" : 32, "svalue" : 4, "sindex" : 9 },
			"Node_18" : { "leaf_value" : [ ], "parent" : 9, "left" : 33, "right" : 34, "svalue" : 11, "sindex" : 21 },
			"Node_19" : { "leaf_value" : [ ], "parent" : 10, "left" : 35, "right" : 36, "svalue" : 6, "sindex" : 58 },
			"Node_20" : { "leaf_value" : [ ], "parent" : 10, "left" : 37, "right" : 38, "svalue" : 6, "sindex" : 21 },
			"Node_21" : { "leaf_value" : [ ], "parent" : 11, "left" : 39, "right" : 40, "svalue" : 6, "sindex" : 21 },
			"Node_22" : { "leaf_value" : [ ], "parent" : 11, "left" : 41, "right" : 42, "svalue" : 8, "sindex" : 53 },
			"Node_23" : { "leaf_value" : [ ], "parent" : 12, "left" : 43, "right" : 44, "svalue" : 3, "sindex" : 58 },
			"Node_24" : { "leaf_value" : [ ], "parent" : 12, "left" : 45, "right" : 46, "svalue" : 2, "sindex" : 5 },
			"Node_25" : { "leaf_value" : [ ], "parent" : 13, "left" : 47, "right" : 48, "svalue" : 15, "sindex" : 51 },
			"Node_26" : { "leaf_value" : [ ], "parent" : 13, "left" : 49, "right" : 50, "svalue" : 3, "sindex" : 46 },
			"Node_27" : { "leaf_value" : [ ], "parent" : 14, "left" : 51, "right" : 52, "svalue" : 10, "sindex" : 10 },
			"Node_28" : { "leaf_value" : [ ], "parent" : 14, "left" : 53, "right" : 54, "svalue" : 6, "sindex" : 13 },
			"Node_29" : { "leaf_value" : [ 0.51674306, -0.098420449, -0.098290376, -0.098446511, 0.2703183, -0.098420449, -0.098394454, -0.098342404, -0.098212317, -0.098368429 ], "parent" : 16, "left" : null, "right" : null, "svalue" : 0, "sindex" : 0 },
			"Node_30" : { "leaf_value" : [ 1.4487696, -0.16085632, -0.1607924, -0.16086875, -0.16084352, -0.16085632, -0.16084349, -0.160818, -0.16075449, -0.16083062 ], "parent" : 16, "left" : null, "right" : null, "svalue" : 0, "sindex" : 0 },
			"Node_31" : { "leaf_value" : [ -0.10709938, -0.10720158, -0.10707382, -0.10722715, -0.10717604, 0.85637957, -0.10717604, -0.10712493, -0.1069972, -1.7777531e-05 ], "parent" : 17, "left" : null, "right" : null, "svalue" : 0, "sindex" : 0 },
			"Node_32" : { "leaf_value" : [ -0.086494341, -0.086598061, 0.20219336, -0.086624011, -0.086572126, 0.48998463, -0.086572126, -0.08652027, -0.086390667, -0.086546198 ], "parent" : 17, "left" : null, "right" : null, "svalue" : 0, "sindex" : 0 },
			"Node_33" : { "leaf_value" : [ -0.086494341, -0.086598061, -0.086468421, 0.057484601, -0.086572126, -0.086598061, -0.086572126, -0.08652027, -0.086390667, 0.63455248 ], "parent" : 18, "left" : null, "right" : null, "svalue" : 0, "sindex" : 0 },
			"Node_34" : { "leaf_value" : [ -0.15351695, -0.15357882, -0.15350148, -0.15359437, -0.15356344, -0.15357882, -0.15356344, -0.15353251, -0.15345514, 1.3816762 ], "parent" : 18, "left" : null, "right" : null, "svalue" : 0, "sindex" : 0 },
			"Node_35" : { "leaf_value" : [ -0.092875972, 0.039678942, -0.09284988, -0.093006395, -0.092954226, -0.092980295, -0.092954226, -0.092902049, 0.040180512, 0.57073414 ], "parent" : 19, "left" : null, "right" : null, "svalue" : 0, "sindex" : 0 },
			"Node_36" : { "leaf_value" : [ ], "parent" : 19, "left" : 55, "right" : 56, "svalue" : 1, "sindex" : 29 },
			"Node_37" : { "leaf_value" : [ ], "parent" : 20, "left" : 57, "right" : 58, "svalue" : 6, "sindex" : 58 },
			"Node_38" : { "leaf_value" : [ ], "parent" : 20, "left" : 59, "right" : 60, "svalue" : 12, "sindex" : 11 },
			"Node_39" : { "leaf_value" : [ -0.11069533, -0.11079621, -0.0099095246, -0.010259422, -0.11077102, 0.79455984, -0.11077102, -0.11072055, -0.11059442, -0.11074579 ], "parent" : 21, "left" : null, "right" : null, "svalue" : 0, "sindex" : 0 },
			"Node_40" : { "leaf_value" : [ ], "parent" : 21, "left" : 61, "right" : 62, "svalue" : 14, "sindex" : 59 },
			"Node_41" : { "leaf_value" : [ ], "parent" : 22, "left" : 63, "right" : 64, "svalue" : 3, "sindex" : 43 },
			"Node_42" : { "leaf_value" : [ ], "parent" : 22, "left" : 65, "right" : 66, "svalue" : 2, "sindex" : 5 },
			"Node_43" : { "leaf_value" : [ -0.11069533, -0.010201097, -0.11067011, -0.11082149, 0.49299818, -0.010201094, -0.11077102, 0.19136254, -0.11059442, -0.11074579 ], "parent" : 23, "left" : null, "right" : null, "svalue" : 0, "sindex" : 0 },
			"Node_44" : { "leaf_value" : [ ], "parent" : 23, "left" : 67, "right" : 68, "svalue" : 12, "sindex" : 13 },
			"Node_45" : { "leaf_value" : [ ], "parent" : 24, "left" : 69, "right" : 70, "svalue" : 1, "sindex" : 9 },
			"Node_46" : { "leaf_value" : [ ], "parent" : 24, "left" : 71, "right" : 72, "svalue" : 5, "sindex" : 17 },
			"Node_47" : { "leaf_value" : [ ], "parent" : 25, "left" : 73, "right" : 74, "svalue" : 8, "sindex" : 26 },
			"Node_48" : { "leaf_value" : [ ], "parent" : 25, "left" : 75, "right" : 76, "svalue" : 3, "sindex" : 58 },
			"Node_49" : { "leaf_value" : [ ], "parent" : 26, "left" : 77, "right" : 78, "svalue" : 14, "sindex" : 10 },
			"Node_50" : { "leaf_value" : [ ], "parent" : 26, "left" : 79, "right" : 80, "svalue" : 12, "sindex" : 51 },
			"Node_51" : { "leaf_value" : [ ], "parent" : 27, "left" : 81, "right" : 82, "svalue" : 12, "sindex" : 13 },
			"Node_52" : { "leaf_value" : [ ], "parent" : 27, "left" : 83, "right" : 84, "svalue" : 10, "sindex" : 42 },
			"Node_53" : { "leaf_value" : [ ], "parent" : 28, "left" : 85, "right" : 86, "svalue" : 13, "sindex" : 18 },
			"Node_54" : { "leaf_value" : [ -0.086494334, 0.057547547, -0.086468339, 0.057484653, -0.08657214, 0.057547547, 0.34597591, -0.086520277, -0.086390674, -0.08654616 ], "parent" : 28, "left" : null, "right" : null, "svalue" : 0, "sindex" : 0 },
			"Node_55" : { "leaf_value" : [ -0.086494341, -0.086598061, -0.086468421, -0.086624011, -0.086572126, 0.48998457, -0.086572126, -0.08652027, 0.20249347, -0.086546198 ], "parent" : 36, "left" : null, "right" : null, "svalue" : 0, "sindex" : 0 },
			"Node_56" : { "leaf_value" : [ -0.12731981, -0.12741072, -0.12729709, -0.12743349, -0.12738802, 1.0743748, -0.12738802, -0.12734254, -0.12722889, -0.056618523 ], "parent" : 36, "left" : null, "right" : null, "svalue" : 0, "sindex" : 0 },
			"Node_57" : { "leaf_value" : [ -0.12158117, -0.040662419, -0.12155738, -0.12170008, 0.44564918, -0.12167625, 0.44564918, -0.12160494, -0.12148604, -0.12162872 ], "parent" : 37, "left" : null, "right" : null, "svalue" : 0, "sindex" : 0 },
			"Node_58" : { "leaf_value" : [ -0.098316386, -0.098420464, 0.88609236, -0.098446488, -0.098394439, -0.098420464, -0.098394439, -0.098342404, -0.098212339, -0.098368421 ], "parent" : 37, "left" : null, "right" : null, "svalue" : 0, "sindex" : 0 },
			"Node_59" : { "leaf_value" : [ 0.34638709, -0.086598061, -0.086468413, -0.086624011, -0.086572126, -0.086598061, -0.086572126, -0.08652027, 0.34693551, -0.086546198 ], "parent" : 38, "left" : null, "right" : null, "svalue" : 0, "sindex" : 0 },
			"Node_60" : { "leaf_value" : [ 1.0953823, -0.12167623, -0.12155739, -0.12170009, -0.12165251, -0.12167623, -0.12165251, -0.12160493, -0.12148605, -0.12162871 ], "parent" : 38, "left" : null, "right" : null, "svalue" : 0, "sindex" : 0 },
			"Node_61" : { "leaf_value" : [ -0.092875972, 0.039678942, -0.09284988, 0.1722389, 0.039741628, -0.09298031, -0.092954211, 0.17263608, -0.092771679, 0.039804317 ], "parent" : 40, "left" : null, "right" : null, "svalue" : 0, "sindex" : 0 },
			"Node_62" : { "leaf_value" : [ -0.098316386, -0.098420449, -0.098290369, 0.024385972, -0.098394454, -0.098420456, -0.098394454, -0.098342404, 0.76387674, -0.098368429 ], "parent" : 40, "left" : null, "right" : null, "svalue" : 0, "sindex" : 0 },
			"Node_63" : { "leaf_value" : [ -0.098316379, -0.098420449, -0.098290376, 0.14721845, -0.098394454, 0.27018461, -0.098394454, 0.14760967, 0.024943257, -0.098368429 ], "parent" : 41, "left" : null, "right" : null, "svalue" : 0, "sindex" : 0 },
			"Node_64" : { "leaf_value" : [ -0.16073056, -0.16078162, -0.16071782, -0.16079436, -0.15012966, -0.15014745, -0.16076893, 1.4153707, -0.15000482, -0.16075611 ], "parent" : 41, "left" : null, "right" : null, "svalue" : 0, "sindex" : 0 },
			"Node_65" : { "leaf_value" : [ -0.092875972, 0.039678961, 0.57136166, -0.093006402, -0.092954226, -0.092980288, -0.092954226, -0.092902064, 0.040180508, -0.092928141 ], "parent" : 42, "left" : null, "right" : null, "svalue" : 0, "sindex" : 0 },
			"Node_66" : { "leaf_value" : [ -0.1030095, 0.24015728, -0.10298363, 0.35441473, 0.011371395, -0.1031128, -0.10308697, -0.10303531, -0.1029062, 0.011432239 ], "parent" : 42, "left" : null, "right" : null, "svalue" : 0, "sindex" : 0 },
			"Node_67" : { "leaf_value" : [ -0.14487751, -0.1449507, -0.14485914, -0.14496909, -0.10578976, 1.2635782, -0.14493239, -0.14489573, -0.14480416, -0.14491409 ], "parent" : 44, "left" : null, "right" : null, "svalue" : 0, "sindex" : 0 },
			"Node_68" : { "leaf_value" : [ -0.086494386, -0.086598091, -0.086468384, -0.086623952, -0.086572163, 0.63412988, -0.086572163, -0.086520225, -0.086390674, 0.057673536 ], "parent" : 44, "left" : null, "right" : null, "svalue" : 0, "sindex" : 0 },
			"Node_69" : { "leaf_value" : [ -0.12158119, -0.12167625, -0.12155738, -0.1217001, 1.093994, -0.12167625, -0.1216525, -0.12160493, -0.12148603, -0.12162872 ], "parent" : 45, "left" : null, "right" : null, "svalue" : 0, "sindex" : 0 },
			"Node_70" : { "leaf_value" : [ -0.086494349, -0.086598061, -0.086468413, -0.086624011, 0.34597597, 0.057547595, -0.08657214, -0.086520262, -0.086390682, 0.20189328 ], "parent" : 45, "left" : null, "right" : null, "svalue" : 0, "sindex" : 0 },
			"Node_71" : { "leaf_value" : [ -0.13039722, 0.13015205, -0.1303751, -0.13050768, -9.4210918e-05, -0.13048553, -0.13046348, 0.58716708, -0.064947322, -2.1641765e-05 ], "parent" : 46, "left" : null, "right" : null, "svalue" : 0, "sindex" : 0 },
			"Node_72" : { "leaf_value" : [ -0.092875957, -0.092980295, -0.092849895, -0.093006425, -0.092954226, -0.092980281, -0.092954211, -0.092902109, -0.092771687, 0.83619899 ], "parent" : 46, "left" : null, "right" : null, "svalue" : 0, "sindex" : 0 },
			"Node_73" : { "leaf_value" : [ -0.16341563, -0.093745813, 0.11031628, 0.74821073, -0.16345069, -0.15765296, -0.15763815, -0.10524549, 0.064091548, -0.08202365 ], "parent" : 47, "left" : null, "right" : null, "svalue" : 0, "sindex" : 0 },
			"Node_74" : { "leaf_value" : [ -0.1574664, -0.12806496, -0.13382654, -0.13398252, -0.098561764, 0.21366999, 0.10775746, -0.15748103, 0.2802929, 0.20816118 ], "parent" : 47, "left" : null, "right" : null, "svalue" : 0, "sindex" : 0 },
			"Node_75" : { "leaf_value" : [ -0.14487739, 0.050678302, 0.20803125, -0.10586007, -0.14493245, -0.10582487, 0.32477903, -0.14489584, 0.20854162, -0.14491409 ], "parent" : 48, "left" : null, "right" : null, "svalue" : 0, "sindex" : 0 },
			"Node_76" : { "leaf_value" : [ -0.15787114, -0.14215413, 1.3124248, -0.14217547, -0.15791279, -0.14215413, -0.12635304, -0.15788502, -0.14198397, -0.14211161 ], "parent" : 48, "left" : null, "right" : null, "svalue" : 0, "sindex" : 0 },
			"Node_77" : { "leaf_value" : [ -0.14906529, 1.1709529, -0.14904691, -0.14915657, -0.16040839, -0.14913847, -0.11525557, -0.16038255, -0.001755736, -0.1378082 ], "parent" : 49, "left" : null, "right" : null, "svalue" : 0, "sindex" : 0 },
			"Node_78" : { "leaf_value" : [ -0.13530275, 0.089969009, 0.034074917, -0.079091191, -0.13536561, 0.14630829, -0.13536555, -0.13532361, 0.42998376, -0.078960381 ], "parent" : 49, "left" : null, "right" : null, "svalue" : 0, "sindex" : 0 },
			"Node_79" : { "leaf_value" : [ -0.14059171, 0.23397055, -0.14057218, -0.00025798607, 0.093597636, -0.093839876, -0.046951182, -0.14061128, 0.14140664, 0.093715012 ], "parent" : 50, "left" : null, "right" : null, "svalue" : 0, "sindex" : 0 },
			"Node_80" : { "leaf_value" : [ -0.14756753, -0.14763744, -0.07881885, -0.14765497, -0.14761995, -0.14763744, 1.2589023, -0.14758499, -0.14749762, -0.1476025 ], "parent" : 50, "left" : null, "right" : null, "svalue" : 0, "sindex" : 0 },
			"Node_81" : { "leaf_value" : [ -0.15960591, -0.10903841, -0.15959249, -0.15967168, 1.3723515, -0.15965906, -0.15964559, -0.15961929, -0.15955305, -0.146965 ], "parent" : 51, "left" : null, "right" : null, "svalue" : 0, "sindex" : 0 },
			"Node_82" : { "leaf_value" : [ -0.11927711, 0.39157403, -0.11925288, -0.1193978, 0.2214032, -0.034215752, -0.034161493, -0.034052771, -0.033781055, -0.11932536 ], "parent" : 51, "left" : null, "right" : null, "svalue" : 0, "sindex" : 0 },
			"Node_83" : { "leaf_value" : [ -0.10709938, -0.10720158, -0.10707382, -0.10722715, -0.10717604, 0.85637957, -0.10717604, 4.1861382e-05, -0.1069972, -0.10715049 ], "parent" : 52, "left" : null, "right" : null, "svalue" : 0, "sindex" : 0 },
			"Node_84" : { "leaf_value" : [ -0.10300948, 0.24015726, -0.10298366, -0.10313863, -0.10308698, 0.011310559, 0.35474652, -0.1030353, 0.011797427, -0.10306115 ], "parent" : 52, "left" : null, "right" : null, "svalue" : 0, "sindex" : 0 },
			"Node_85" : { "leaf_value" : [ -0.086494341, 0.057547603, -0.086468413, -0.086624011, -0.086572126, -0.086598061, 0.6343413, -0.08652027, -0.086390667, -0.086546198 ], "parent" : 53, "left" : null, "right" : null, "svalue" : 0, "sindex" : 0 },
			"Node_86" : { "leaf_value" : [ -0.15082598, -0.15089159, -0.15080956, -0.15090804, -0.15087523, -0.15089159, 1.356787, -0.15084238, -0.1507604, -0.15085877 ], "parent" : 53, "left" : null, "right" : null, "svalue" : 0, "sindex" : 0 }
		},
		"Tree_1" : {
			"Node_00" : { "leaf_value" : [ ], "parent" : null, "left" : 1, "right" : 2, "svalue" : 3, "sindex" : 36 },
			"Node_01" : { "leaf_value" : [ ], "parent" : 0, "left" : 3, "right" : 4, "svalue" : 4, "sindex" : 34 },
			"Node_02" : { "leaf_value" : [ ], "parent" : 0, "left" : 5, "right" : 6, "svalue" : 8, "sindex" : 60 },
			"Node_03" : { "leaf_value" : [ ], "parent" : 1, "left" : 7, "right" : 8, "svalue" : 6, "sindex" : 21 },
			"Node_04" : { "leaf_value" : [ ], "parent" : 1, "left" : 9, "right" : 10, "svalue" : 1, "sindex" : 6 },
			"Node_05" : { "leaf_value" : [ ], "parent" : 2, "left" : 11, "right" : 12, "svalue" : 6, "sindex" : 21 },
			"Node_06" : { "leaf_value" : [ ], "parent" : 2, "left" : 13, "right" : 14, "svalue" : 3, "sindex" : 43 },
			"Node_07" : { "leaf_value" : [ ], "parent" : 3, "left" : 15, "right" : 16, "svalue" : 12, "sindex" : 37 },
			"Node_08" : { "leaf_value" : [ ], "parent" : 3, "left" : 17, "right" : 18, "svalue" : 1, "sindex" : 26 },
			"Node_09" : { "leaf_value" : [ ], "parent" : 4, "left" : 19, "right" : 20, "svalue" : 9, "sindex" : 59 },
			"Node_10" : { "leaf_value" : [ ], "parent" : 4, "left" : 21, "right" : 22, "svalue" : 12, "sindex" : 13 },
			"Node_11" : { "leaf_value" : [ ], "parent" : 5, "left" : 23, "right" : 24, "svalue" : 2, "sindex" : 5 },
			"Node_12" : { "leaf_value" : [ ], "parent" : 5, "left" : 25, "right" : 26, "svalue" : 2, "sindex" : 5 },
			"Node_13" : { "leaf_value" : [ ], "parent" : 6, "left" : 27, "right" : 28, "svalue" : 14, "sindex" : 29 },
			"Node_14" : { "leaf_value" : [ ], "parent" : 6, "left" : 29, "right" : 30, "svalue" : 8, "sindex" : 46 },
			"Node_15" : { "leaf_value" : [ -0.086240292, -0.086336374, 0.18196802, -0.08636041, -0.086312354, 0.23465441, -0.086312354, -0.086264305, -0.086144261, 0.047446657 ], "parent" : 7, "left" : null, "right" : null, "svalue" : 0, "sindex" : 0 },
			"Node_16" : { "leaf_value" : [ -0.096806996, -0.096903063, -0.1035248, -0.096927069, -0.096879043, 0.56966943, -0.096879043, -0.096831024, -0.096710965, -0.09956117 ], "parent" : 7, "left" : null, "right" : null, "svalue" : 0, "sindex" : 0 },
			"Node_17" : { "leaf_value" : [ -0.090334497, -0.093864426, 0.036087722, 0.27219418, -0.090406805, -0.093864426, -0.090406805, -0.0903586, -0.090238139, 0.20021011 ], "parent" : 8, "left" : null, "right" : null, "svalue" : 0, "sindex" : 0 },
			"Node_18" : { "leaf_value" : [ ], "parent" : 8, "left" : 31, "right" : 32, "svalue" : 16, "sindex" : 11 },
			"Node_19" : { "leaf_value" : [ ], "parent" : 9, "left" : 33, "right" : 34, "svalue" : 15, "sindex" : 60 },
			"Node_20" : { "leaf_value" : [ ], "parent" : 9, "left" : 35, "right" : 36, "svalue" : 11, "sindex" : 58 },
			"Node_21" : { "leaf_value" : [ ], "parent" : 10, "left" : 37, "right" : 38, "svalue" : 1, "sindex" : 9 },
			"Node_22" : { "leaf_value" : [ 0.19883351, -0.083483286, -0.082332, -0.082475141, -0.082427405, -0.088276453, -0.082427405, -0.082379736, 0.1881032, 0.05048129 ], "parent" : 10, "left" : null, "right" : null, "svalue" : 0, "sindex" : 0 },
			"Node_23" : { "leaf_value" : [ ], "parent" : 11, "left" : 39, "right" : 40, "svalue" : 6, "sindex" : 12 },
			"Node_24" : { "leaf_value" : [ ], "parent" : 11, "left" : 41, "right" : 42, "svalue" : 9, "sindex" : 20 },
			"Node_25" : { "leaf_value" : [ ], "parent" : 12, "left" : 43, "right" : 44, "svalue" : 9, "sindex" : 12 },
			"Node_26" : { "leaf_value" : [ ], "parent" : 12, "left" : 45, "right" : 46, "svalue" : 15, "sindex" : 20 },
			"Node_27" : { "leaf_value" : [ ], "parent" : 13, "left" : 47, "right" : 48, "svalue" : 13, "sindex" : 26 },
			"Node_28" : { "leaf_value" : [ ], "parent" : 13, "left" : 49, "right" : 50, "svalue" : 10, "sindex" : 44 },
			"Node_29" : { "leaf_value" : [ ], "parent" : 14, "left" : 51, "right" : 52, "svalue" : 3, "sindex" : 62 },
			"Node_30" : { "leaf_value" : [ ], "parent" : 14, "left" : 53, "right" : 54, "svalue" : 14, "sindex" : 10 },
			"Node_31" : { "leaf_value" : [ ], "parent" : 18, "left" : 55, "right" : 56, "svalue" : 8, "sindex" : 4 },
			"Node_32" : { "leaf_value" : [ -0.08291319, -0.084049962, -0.083931409, -0.087387621, -0.082984805, 0.061930608, -0.082984805, -0.082937017, -0.082817793, 0.34577215 ], "parent" : 18, "left" : null, "right" : null, "svalue" : 0, "sindex" : 0 },
			"Node_33" : { "leaf_value" : [ 0.106231, -0.087970398, -0.084704675, -0.084848501, 0.13948216, -0.084824525, 0.13948219, -0.084752604, -0.085617036, 0.045086566 ], "parent" : 19, "left" : null, "right" : null, "svalue" : 0, "sindex" : 0 },
			"Node_34" : { "leaf_value" : [ -0.10597067, -0.094338305, -0.091892771, -0.092037633, 0.69512159, -0.092013478, -0.11094943, -0.091941029, -0.091820374, -0.091965191 ], "parent" : 19, "left" : null, "right" : null, "svalue" : 0, "sindex" : 0 },
			"Node_35" : { "leaf_value" : [ ], "parent" : 20, "left" : 57, "right" : 58, "svalue" : 1, "sindex" : 45 },
			"Node_36" : { "leaf_value" : [ ], "parent" : 20, "left" : 59, "right" : 60, "svalue" : 3, "sindex" : 54 },
			"Node_37" : { "leaf_value" : [ -0.084376037, -0.086432174, -0.08435218, -0.084495425, -0.084447652, 0.31733051, -0.084447652, -0.084399901, -0.08624354, 0.15504351 ], "parent" : 21, "left" : null, "right" : null, "svalue" : 0, "sindex" : 0 },
			"Node_38" : { "leaf_value" : [ ], "parent" : 21, "left" : 61, "right" : 62, "svalue" : 1, "sindex" : 49 },
			"Node_39" : { "leaf_value" : [ -0.086004756, -0.090162173, -0.085980698, -0.086125031, 0.64658797, -0.10816155, -0.0860769, -0.098695137, -0.085908577, -0.086052857 ], "parent" : 23, "left" : null, "right" : null, "svalue" : 0, "sindex" : 0 },
			"Node_40" : { "leaf_value" : [ ], "parent" : 23, "left" : 63, "right" : 64, "svalue" : 9, "sindex" : 19 },
			"Node_41" : { "leaf_value" : [ ], "parent" : 24, "left" : 65, "right" : 66, "svalue" : 6, "sindex" : 2 },
			"Node_42" : { "leaf_value" : [ -0.099208996, -0.10130662, -0.099667899, 0.010021552, 0.01488907, 0.039292615, -0.099279813, 0.23348437, -0.099349752, 0.014562967 ], "parent" : 24, "left" : null, "right" : null, "svalue" : 0, "sindex" : 0 },
			"Node_43" : { "leaf_value" : [ ], "parent" : 25, "left" : 67, "right" : 68, "svalue" : 3, "sindex" : 58 },
			"Node_44" : { "leaf_value" : [ ], "parent" : 25, "left" : 69, "right" : 70, "svalue" : 12, "sindex" : 52 },
			"Node_45" : { "leaf_value" : [ ], "parent" : 26, "left" : 71, "right" : 72, "svalue" : 10, "sindex" : 50 },
			"Node_46" : { "leaf_value" : [ ], "parent" : 26, "left" : 73, "right" : 74, "svalue" : 6, "sindex" : 2 },
			"Node_47" : { "leaf_value" : [ ], "parent" : 27, "left" : 75, "right" : 76, "svalue" : 10, "sindex" : 42 },
			"Node_48" : { "leaf_value" : [ ], "parent" : 27, "left" : 77, "right" : 78, "svalue" : 10, "sindex" : 42 },
			"Node_49" : { "leaf_value" : [ ], "parent" : 28, "left" : 79, "right" : 80, "svalue" : 11, "sindex" : 21 },
			"Node_50" : { "leaf_value" : [ ], "parent" : 28, "left" : 81, "right" : 82, "svalue" : 9, "sindex" : 20 },
			"Node_51" : { "leaf_value" : [ ], "parent" : 29, "left" : 83, "right" : 84, "svalue" : 10, "sindex" : 10 },
			"Node_52" : { "leaf_value" : [ ], "parent" : 29, "left" : 85, "right" : 86, "svalue" : 7, "sindex" : 45 },
			"Node_53" : { "leaf_value" : [ ], "parent" : 30, "left" : 87, "right" : 88, "svalue" : 14, "sindex" : 19 },
			"Node_54" : { "leaf_value" : [ ], "parent" : 30, "left" : 89, "right" : 90, "svalue" : 6, "sindex" : 58 },
			"Node_55" : { "leaf_value" : [ -0.085560724, 0.053700361, -0.086513013, -0.087778531, -0.085632205, -0.086631343, -0.085632205, -0.085584544, -0.085465483, 0.31019998 ], "parent" : 31, "left" : null, "right" : null, "svalue" : 0, "sindex" : 0 },
			"Node_56" : { "leaf_value" : [ -0.14319532, -0.14335686, -0.14328426, -0.14382809, -0.14323893, -0.14335686, -0.14323893, -0.14320986, -0.14313719, 0.44357291 ], "parent" : 31, "left" : null, "right" : null, "svalue" : 0, "sindex" : 0 },
			"Node_57" : { "leaf_value" : [ -0.094612129, 0.18387964, -0.087538578, -0.087683693, -0.092530213, -0.099469848, -0.092530213, -0.087586924, 0.52756208, -0.099626645 ], "parent" : 35, "left" : null, "right" : null, "svalue" : 0, "sindex" : 0 },
			"Node_58" : { "leaf_value" : [ 0.42754522, -0.15560707, -0.15546817, -0.15552723, -0.15674682, -0.12359822, -0.097295322, -0.15548775, -0.15581459, -0.13183141 ], "parent" : 35, "left" : null, "right" : null, "svalue" : 0, "sindex" : 0 },
			"Node_59" : { "leaf_value" : [ 0.15959965, -0.082124747, 0.041561317, -0.082148544, -0.082101002, 0.23012641, -0.082101002, -0.08205346, -0.084421009, -0.083026081 ], "parent" : 36, "left" : null, "right" : null, "svalue" : 0, "sindex" : 0 },
			"Node_60" : { "leaf_value" : [ -0.085762911, -0.085858673, 0.46648809, -0.085882612, -0.085834749, -0.085858665, -0.085834749, -0.085786849, -0.085667178, -0.085810795 ], "parent" : 36, "left" : null, "right" : null, "svalue" : 0, "sindex" : 0 },
			"Node_61" : { "leaf_value" : [ 0.096706204, -0.08307264, -0.08295352, -0.083096467, -0.08304882, 0.36313474, -0.08304882, -0.083001159, -0.085091002, -0.084414057 ], "parent" : 38, "left" : null, "right" : null, "svalue" : 0, "sindex" : 0 },
			"Node_62" : { "leaf_value" : [ -0.10028245, -0.10037772, -0.10025863, -0.10040155, -0.10035387, 0.55353892, -0.10035387, -0.10030625, -0.1068433, -0.10153349 ], "parent" : 38, "left" : null, "right" : null, "svalue" : 0, "sindex" : 0 },
			"Node_63" : { "leaf_value" : [ -0.082115181, -0.084263332, 0.29923436, -0.082971305, -0.082430124, -0.093015723, -0.082186654, 0.21305181, -0.084309138, -0.082162835 ], "parent" : 40, "left" : null, "right" : null, "svalue" : 0, "sindex" : 0 },
			"Node_64" : { "leaf_value" : [ -0.082293607, 0.2036774, -0.095485553, -0.082412854, -0.088602871, -0.083384506, -0.082365133, 0.20673093, 0.060914166, -0.082341306 ], "parent" : 40, "left" : null, "right" : null, "svalue" : 0, "sindex" : 0 },
			"Node_65" : { "leaf_value" : [ -0.089230493, -0.091861993, -0.089206502, -0.089350477, -0.10811789, 0.29523298, -0.089302465, 0.27769241, -0.089134566, -0.089278474 ], "parent" : 41, "left" : null, "right" : null, "svalue" : 0, "sindex" : 0 },
			"Node_66" : { "leaf_value" : [ -0.14241582, -0.1424776, -0.14307526, -0.14361325, -0.14313947, 0.54551297, -0.14246215, -0.14737153, -0.14256576, -0.14304991 ], "parent" : 41, "left" : null, "right" : null, "svalue" : 0, "sindex" : 0 },
			"Node_67" : { "leaf_value" : [ -0.083638892, -0.083733939, -0.083615154, -0.084657617, 0.3625083, -0.083733939, -0.083710164, -0.083662651, 0.042141974, -0.083686411 ], "parent" : 43, "left" : null, "right" : null, "svalue" : 0, "sindex" : 0 },
			"Node_68" : { "leaf_value" : [ -0.11132484, -0.1119071, -0.11130223, -0.11251184, 0.58524793, -0.11303391, -0.1113927, -0.12585877, -0.11126145, -0.11527434 ], "parent" : 43, "left" : null, "right" : null, "svalue" : 0, "sindex" : 0 },
			"Node_69" : { "leaf_value" : [ -0.086325444, -0.087381512, -0.08630152, -0.088512205, -0.091301881, -0.087793529, -0.086397246, 0.34401593, -0.086559951, 0.046710175 ], "parent" : 44, "left" : null, "right" : null, "svalue" : 0, "sindex" : 0 },
			"Node_70" : { "leaf_value" : [ -0.092962891, -0.095462576, 0.22907811, -0.096108295, -0.099320941, 0.15187228, -0.093035482, -0.094615884, 0.11099216, 0.028438961 ], "parent" : 44, "left" : null, "right" : null, "svalue" : 0, "sindex" : 0 },
			"Node_71" : { "leaf_value" : [ -0.15483004, -0.15616995, -0.15481992, -0.048877049, -0.1285314, -0.1554375, -0.15486144, 0.40995643, -0.14205328, -0.030256327 ], "parent" : 45, "left" : null, "right" : null, "svalue" : 0, "sindex" : 0 },
			"Node_72" : { "leaf_value" : [ -0.10092127, -0.10361097, -0.10089766, -0.10402408, -0.10238195, -0.10331743, -0.1009922, 0.16765511, 0.44887677, -0.10217753 ], "parent" : 45, "left" : null, "right" : null, "svalue" : 0, "sindex" : 0 },
			"Node_73" : { "leaf_value" : [ -0.099458829, 0.71623099, -0.099434949, -0.10901149, -0.10435938, -0.099632971, -0.099530458, 0.017304853, -0.10065752, -0.10426714 ], "parent" : 46, "left" : null, "right" : null, "svalue" : 0, "sindex" : 0 },
			"Node_74" : { "leaf_value" : [ -0.09528169, -0.097645082, -0.095257878, 0.023179246, -0.097112872, -0.095681719, -0.095353119, 0.32133901, -0.10333088, 0.025289871 ], "parent" : 46, "left" : null, "right" : null, "svalue" : 0, "sindex" : 0 },
			"Node_75" : { "leaf_value" : [ -0.15723537, -0.03994631, -0.13690452, 0.6582436, -0.15754083, -0.095001496, -0.15810043, -0.15819207, -0.15354821, -0.098350853 ], "parent" : 47, "left" : null, "right" : null, "svalue" : 0, "sindex" : 0 },
			"Node_76" : { "leaf_value" : [ -0.13066502, -0.1394293, -0.13656504, 0.019668952, -0.13139136, -0.13812594, 0.14292951, -0.13154487, 0.60042226, -0.083631031 ], "parent" : 47, "left" : null, "right" : null, "svalue" : 0, "sindex" : 0 },
			"Node_77" : { "leaf_value" : [ -0.14966394, -0.051674932, -0.15018795, -0.10012706, -0.10941071, 0.88049704, -0.15552957, -0.14992429, -0.16034824, -0.057639781 ], "parent" : 48, "left" : null, "right" : null, "svalue" : 0, "sindex" : 0 },
			"Node_78" : { "leaf_value" : [ -0.10959027, -0.12087945, -0.11003137, -0.11016732, -0.11080115, -0.11806039, 0.34429628, -0.10958048, 0.30839083, -0.11789493 ], "parent" : 48, "left" : null, "right" : null, "svalue" : 0, "sindex" : 0 },
			"Node_79" : { "leaf_value" : [ -0.094444141, -0.098400719, -0.098047912, 0.10977935, -0.004051615, 0.3405816, -0.10468739, -0.095052101, -0.10949024, 0.11763158 ], "parent" : 49, "left" : null, "right" : null, "svalue" : 0, "sindex" : 0 },
			"Node_80" : { "leaf_value" : [ -0.15055655, -0.028374478, -0.15453976, -0.12156771, -0.15490298, -0.15774888, -0.15578538, -0.15086386, -0.16046645, 1.1220001 ], "parent" : 49, "left" : null, "right" : null, "svalue" : 0, "sindex" : 0 },
			"Node_81" : { "leaf_value" : [ -0.11832696, -0.12192618, 0.22836593, -0.13616976, 0.23525921, -0.12502909, -0.12300438, 0.12405776, -0.058010567, 0.021949463 ], "parent" : 50, "left" : null, "right" : null, "svalue" : 0, "sindex" : 0 },
			"Node_82" : { "leaf_value" : [ -0.10474636, 0.60250974, -0.10822942, -0.12217933, -0.10853734, -0.10737105, -0.10769749, -0.10558715, -0.11424523, -0.0083757639 ], "parent" : 50, "left" : null, "right" : null, "svalue" : 0, "sindex" : 0 },
			"Node_83" : { "leaf_value" : [ -0.15064251, 0.25786847, -0.14653926, -0.14159118, 0.29744521, -0.14439461, -0.05861276, -0.11241166, -0.04244785, -0.15949497 ], "parent" : 51, "left" : null, "right" : null, "svalue" : 0, "sindex" : 0 },
			"Node_84" : { "leaf_value" : [ -0.14684838, -0.032163404, 0.066543058, -0.085261911, -0.14768292, -0.0090520754, -0.13595979, -0.11553761, 0.64543837, -0.16182183 ], "parent" : 51, "left" : null, "right" : null, "svalue" : 0, "sindex" : 0 },
			"Node_85" : { "leaf_value" : [ -0.15411472, 0.021343863, 0.62597531, -0.16712964, -0.15419087, -0.15536462, -0.15598059, -0.15447144, -0.15822232, -0.15539338 ], "parent" : 52, "left" : null, "right" : null, "svalue" : 0, "sindex" : 0 },
			"Node_86" : { "leaf_value" : [ -0.14534676, 0.089475669, -0.027994482, -0.152329, -0.14617959, -0.14855479, 0.31292167, -0.14550282, 0.26766247, -0.14890964 ], "parent" : 52, "left" : null, "right" : null, "svalue" : 0, "sindex" : 0 },
			"Node_87" : { "leaf_value" : [ -0.15001711, -0.15155786, -0.15412782, -0.15144493, -0.15081425, -0.13557731, 0.80572766, -0.15005018, -0.15826422, -0.15576917 ], "parent" : 53, "left" : null, "right" : null, "svalue" : 0, "sindex" : 0 },
			"Node_88" : { "leaf_value" : [ -0.13891596, -0.14108151, -0.14049296, -0.13970119, -0.021975569, -0.13930732, 0.47104216, -0.13893232, -0.14008984, -0.13994801 ], "parent" : 53, "left" : null, "right" : null, "svalue" : 0, "sindex" : 0 },
			"Node_89" : { "leaf_value" : [ -0.082486838, -0.085004099, 0.015992725, 0.042249728, -0.083377749, -0.088902384, 0.087240137, -0.082900673, 0.30455101, -0.088962197 ], "parent" : 54, "left" : null, "right" : null, "svalue" : 0, "sindex" : 0 },
			"Node_90" : { "leaf_value" : [ -0.09252239, -0.094033897, 0.22432202, 0.1155422, -0.093557999, -0.099818446, -0.11318398, -0.093156785, -0.10320999, 0.25666675 ], "parent" : 54, "left" : null, "right" : null, "svalue" : 0, "sindex" : 0 }
		},
		"Tree_2" : {
			"Node_00" : { "leaf_value" : [ ], "parent" : null, "left" : 1, "right" : 2, "svalue" : 3, "sindex" : 36 },
			"Node_01" : { "leaf_value" : [ ], "parent" : 0, "left" : 3, "right" : 4, "svalue" : 1, "sindex" : 33 },
			"Node_02" : { "leaf_value" : [ ], "parent" : 0, "left" : 5, "right" : 6, "svalue" : 16, "sindex" : 20 },
			"Node_03" : { "leaf_value" : [ ], "parent" : 1, "left" : 7, "right" : 8, "svalue" : 6, "sindex" : 21 },
			"Node_04" : { "leaf_value" : [ ], "parent" : 1, "left" : 9, "right" : 10, "svalue" : 2, "sindex" : 42 },
			"Node_05" : { "leaf_value" : [ ], "parent" : 2, "left" : 11, "right" : 12, "svalue" : 10, "sindex" : 42 },
			"Node_06" : { "leaf_value" : [ ], "parent" : 2, "left" : 13, "right" : 14, "svalue" : 14, "sindex" : 10 },
			"Node_07" : { "leaf_value" : [ ], "parent" : 3, "left" : 15, "right" : 16, "svalue" : 10, "sindex" : 18 },
			"Node_08" : { "leaf_value" : [ ], "parent" : 3, "left" : 17, "right" : 18, "svalue" : 7, "sindex" : 37 },
			"Node_09" : { "leaf_value" : [ -0.11559206, -0.10818361, -0.11024655, -0.10775112, -0.10770149, 0.38084248, -0.10805908, -0.10766628, -0.10920485, -0.028663585 ], "parent" : 4, "left" : null, "right" : null, "svalue" : 0, "sindex" : 0 },
			"Node_10" : { "leaf_value" : [ ], "parent" : 4, "left" : 19, "right" : 20, "svalue" : 9, "sindex" : 59 },
			"Node_11" : { "leaf_value" : [ ], "parent" : 5, "left" : 21, "right" : 22, "svalue" : 6, "sindex" : 21 },
			"Node_12" : { "leaf_value" : [ ], "parent" : 5, "left" : 23, "right" : 24, "svalue" : 6, "sindex" : 21 },
			"Node_13" : { "leaf_value" : [ ], "parent" : 6, "left" : 25, "right" : 26, "svalue" : 11, "sindex" : 58 },
			"Node_14" : { "leaf_value" : [ ], "parent" : 6, "left" : 27, "right" : 28, "svalue" : 1, "sindex" : 37 },
			"Node_15" : { "leaf_value" : [ -0.11332963, -0.11078048, 0.31744665, -0.10817963, -0.035899118, -0.12724885, 0.13405998, -0.10809386, -0.015570019, -0.021195339 ], "parent" : 7, "left" : null, "right" : null, "svalue" : 0, "sindex" : 0 },
			"Node_16" : { "leaf_value" : [ ], "parent" : 7, "left" : 29, "right" : 30, "svalue" : 16, "sindex" : 35 },
			"Node_17" : { "leaf_value" : [ -0.094307743, -0.085417554, -0.081394173, -0.082489803, -0.081424102, -0.081317797, -0.081424102, -0.081441477, 0.24450918, 0.19695169 ], "parent" : 8, "left" : null, "right" : null, "svalue" : 0, "sindex" : 0 },
			"Node_18" : { "leaf_value" : [ ], "parent" : 8, "left" : 31, "right" : 32, "svalue" : 1, "sindex" : 26 },
			"Node_19" : { "leaf_value" : [ 0.030455381, -0.10246592, -0.10066497, -0.10079655, 0.39523634, -0.011715587, -0.11759327, -0.10070882, -0.10114612, -0.10215691 ], "parent" : 10, "left" : null, "right" : null, "svalue" : 0, "sindex" : 0 },
			"Node_20" : { "leaf_value" : [ ], "parent" : 10, "left" : 33, "right" : 34, "svalue" : 1, "sindex" : 6 },
			"Node_21" : { "leaf_value" : [ ], "parent" : 11, "left" : 35, "right" : 36, "svalue" : 2, "sindex" : 5 },
			"Node_22" : { "leaf_value" : [ ], "parent" : 11, "left" : 37, "right" : 38, "svalue" : 8, "sindex" : 53 },
			"Node_23" : { "leaf_value" : [ ], "parent" : 12, "left" : 39, "right" : 40, "svalue" : 3, "sindex" : 54 },
			"Node_24" : { "leaf_value" : [ ], "parent" : 12, "left" : 41, "right" : 42, "svalue" : 7, "sindex" : 27 },
			"Node_25" : { "leaf_value" : [ ], "parent" : 13, "left" : 43, "right" : 44, "svalue" : 3, "sindex" : 41 },
			"Node_26" : { "leaf_value" : [ ], "parent" : 13, "left" : 45, "right" : 46, "svalue" : 7, "sindex" : 45 },
			"Node_27" : { "leaf_value" : [ ], "parent" : 14, "left" : 47, "right" : 48, "svalue" : 4, "sindex" : 61 },
			"Node_28" : { "leaf_value" : [ ], "parent" : 14, "left" : 49, "right" : 50, "svalue" : 8, "sindex" : 60 },
			"Node_29" : { "leaf_value" : [ -0.11194178, -0.10905578, -0.11426092, -0.10908219, -0.10903648, 0.42571309, -0.10920884, -0.1089977, -0.1103353, -0.11366767 ], "parent" : 16, "left" : null, "right" : null, "svalue" : 0, "sindex" : 0 },
			"Node_30" : { "leaf_value" : [ -0.083189555, 0.19540201, 0.10334951, -0.081544638, -0.08633735, 0.22031735, -0.08633735, -0.081455201, -0.098425679, -0.087473705 ], "parent" : 16, "left" : null, "right" : null, "svalue" : 0, "sindex" : 0 },
			"Node_31" : { "leaf_value" : [ -0.08517687, -0.088515952, 0.034793083, 0.21423131, -0.08524435, -0.088515952, -0.08524435, -0.085199364, -0.085086927, 0.16197483 ], "parent" : 18, "left" : null, "right" : null, "svalue" : 0, "sindex" : 0 },
			"Node_32" : { "leaf_value" : [ ], "parent" : 18, "left" : 51, "right" : 52, "svalue" : 2, "sindex" : 42 },
			"Node_33" : { "leaf_value" : [ ], "parent" : 20, "left" : 53, "right" : 54, "svalue" : 6, "sindex" : 21 },
			"Node_34" : { "leaf_value" : [ 0.18271704, -0.10085269, -0.10076632, -0.10089708, -0.10085346, 0.21831976, -0.10085346, -0.1008099, -0.0068512098, -0.10457847 ], "parent" : 20, "left" : null, "right" : null, "svalue" : 0, "sindex" : 0 },
			"Node_35" : { "leaf_value" : [ ], "parent" : 21, "left" : 55, "right" : 56, "svalue" : 14, "sindex" : 19 },
			"Node_36" : { "leaf_value" : [ ], "parent" : 21, "left" : 57, "right" : 58, "svalue" : 10, "sindex" : 18 },
			"Node_37" : { "leaf_value" : [ ], "parent" : 22, "left" : 59, "right" : 60, "svalue" : 12, "sindex" : 27 },
			"Node_38" : { "leaf_value" : [ ], "parent" : 22, "left" : 61, "right" : 62, "svalue" : 14, "sindex" : 29 },
			"Node_39" : { "leaf_value" : [ ], "parent" : 23, "left" : 63, "right" : 64, "svalue" : 12, "sindex" : 53 },
			"Node_40" : { "leaf_value" : [ ], "parent" : 23, "left" : 65, "right" : 66, "svalue" : 6, "sindex" : 58 },
			"Node_41" : { "leaf_value" : [ ], "parent" : 24, "left" : 67, "right" : 68, "svalue" : 3, "sindex" : 62 },
			"Node_42" : { "leaf_value" : [ ], "parent" : 24, "left" : 69, "right" : 70, "svalue" : 3, "sindex" : 38 },
			"Node_43" : { "leaf_value" : [ ], "parent" : 25, "left" : 71, "right" : 72, "svalue" : 14, "sindex" : 19 },
			"Node_44" : { "leaf_value" : [ ], "parent" : 25, "left" : 73, "right" : 74, "svalue" : 12, "sindex" : 13 },
			"Node_45" : { "leaf_value" : [ -0.098440371, 0.046534814, 0.15144816, -0.11157479, -0.10216481, -0.10015026, -0.099263944, 0.25707701, -0.10704154, -0.10267005 ], "parent" : 26, "left" : null, "right" : null, "svalue" : 0, "sindex" : 0 },
			"Node_46" : { "leaf_value" : [ -0.099021204, -0.11568541, -0.1097884, 0.3986809, -0.10162302, -0.10518235, -0.10159669, -0.027867218, -0.11664481, -0.003757369 ], "parent" : 26, "left" : null, "right" : null, "svalue" : 0, "sindex" : 0 },
			"Node_47" : { "leaf_value" : [ -0.087462723, -0.097530693, 0.11799317, -0.023560662, -0.087467454, -0.097299419, -0.092571318, -0.089927956, 0.31107304, -0.090401523 ], "parent" : 27, "left" : null, "right" : null, "svalue" : 0, "sindex" : 0 },
			"Node_48" : { "leaf_value" : [ ], "parent" : 27, "left" : 75, "right" : 76, "svalue" : 15, "sindex" : 51 },
			"Node_49" : { "leaf_value" : [ -0.090249024, -0.095485508, -0.092050396, -0.092982575, 0.014394016, -0.092578262, -0.090315588, 0.28338161, -0.090423591, -0.095583044 ], "parent" : 28, "left" : null, "right" : null, "svalue" : 0, "sindex" : 0 },
			"Node_50" : { "leaf_value" : [ ], "parent" : 28, "left" : 77, "right" : 78, "svalue" : 4, "sindex" : 34 },
			"Node_51" : { "leaf_value" : [ -0.14102677, -0.10543267, -0.1405018, -0.14120749, -0.1405393, -0.14404356, -0.14057425, -0.14033307, -0.14055493, 0.34255117 ], "parent" : 32, "left" : null, "right" : null, "svalue" : 0, "sindex" : 0 },
			"Node_52" : { "leaf_value" : [ 0.035096563, -0.091573417, -0.090705767, -0.091705427, -0.090002812, 0.0346926, -0.090745792, -0.089973018, -0.090627104, 0.24141239 ], "parent" : 32, "left" : null, "right" : null, "svalue" : 0, "sindex" : 0 },
			"Node_53" : { "leaf_value" : [ 0.168006, -0.093517482, -0.092245363, -0.091883272, -0.10584362, -0.094481029, 0.32080871, -0.091792241, -0.091654316, -0.092745222 ], "parent" : 33, "left" : null, "right" : null, "svalue" : 0, "sindex" : 0 },
			"Node_54" : { "leaf_value" : [ 0.31591728, -0.15089355, -0.1507386, -0.15075782, -0.15123129, -0.15188178, -0.15169895, -0.15072182, -0.12035487, -0.15111418 ], "parent" : 33, "left" : null, "right" : null, "svalue" : 0, "sindex" : 0 },
			"Node_55" : { "leaf_value" : [ -0.14343867, -0.12214428, 0.24815916, 0.11834241, 0.12676995, -0.12447234, -0.12033148, -0.098110251, -0.080890253, -0.1187612 ], "parent" : 35, "left" : null, "right" : null, "svalue" : 0, "sindex" : 0 },
			"Node_56" : { "leaf_value" : [ -0.13671869, 0.39756727, -0.080461256, -0.10529205, -0.0083418852, -0.1428632, -0.018800346, -0.13682745, -0.14490101, -0.13825299 ], "parent" : 35, "left" : null, "right" : null, "svalue" : 0, "sindex" : 0 },
			"Node_57" : { "leaf_value" : [ -0.11185493, -0.12301054, -0.068551727, 0.30377406, -0.052474197, 0.0034608357, -0.035163179, 0.05932571, -0.052174117, -0.11979154 ], "parent" : 36, "left" : null, "right" : null, "svalue" : 0, "sindex" : 0 },
			"Node_58" : { "leaf_value" : [ -0.15225622, -0.155578, -0.15503827, -0.15690574, -0.10770583, 0.49902257, -0.1561422, -0.099246182, -0.15290114, -0.1446479 ], "parent" : 36, "left" : null, "right" : null, "svalue" : 0, "sindex" : 0 },
			"Node_59" : { "leaf_value" : [ -0.1514983, -0.14100064, -0.0046609528, -0.040722828, 0.056816153, -0.13907552, -0.1524052, 0.28938943, -0.10263067, -0.099839978 ], "parent" : 37, "left" : null, "right" : null, "svalue" : 0, "sindex" : 0 },
			"Node_60" : { "leaf_value" : [ -0.14420684, -0.14725417, -0.14689527, -0.040411901, -0.011661626, -0.12960213, -0.14605016, 0.13192542, -0.031105552, 0.40427977 ], "parent" : 37, "left" : null, "right" : null, "svalue" : 0, "sindex" : 0 },
			"Node_61" : { "leaf_value" : [ -0.15261677, -0.14654088, 0.10440005, 0.31832358, -0.14142969, -0.14314114, -0.15481554, -0.15373304, 0.07948029, -0.12979114 ], "parent" : 38, "left" : null, "right" : null, "svalue" : 0, "sindex" : 0 },
			"Node_62" : { "leaf_value" : [ -0.14777993, -0.019155094, 0.005156409, -0.10099712, -0.08627338, -0.15282494, -0.15278083, -0.15003157, -0.0046090828, 0.36842519 ], "parent" : 38, "left" : null, "right" : null, "svalue" : 0, "sindex" : 0 },
			"Node_63" : { "leaf_value" : [ -0.1398492, -0.0352672, -0.10647902, -0.14383385, 0.33475906, -0.11509673, -0.10978579, -0.053294379, -0.11236089, -0.14095396 ], "parent" : 39, "left" : null, "right" : null, "svalue" : 0, "sindex" : 0 },
			"Node_64" : { "leaf_value" : [ -0.11528706, -0.098426864, -0.12108112, -0.11943746, 0.18024416, 0.028083837, 0.40794337, -0.11717487, -0.076202005, -0.11956485 ], "parent" : 39, "left" : null, "right" : null, "svalue" : 0, "sindex" : 0 },
			"Node_65" : { "leaf_value" : [ -0.15216449, -0.15463975, -0.15608686, -0.15307161, -0.15387732, -0.15568912, 0.43727171, -0.15223393, -0.13841674, -0.15534824 ], "parent" : 40, "left" : null, "right" : null, "svalue" : 0, "sindex" : 0 },
			"Node_66" : { "leaf_value" : [ -0.087991908, -0.096788354, 0.33622041, -0.10264151, -0.08862973, -0.096311502, 0.16912779, -0.088710956, -0.10565027, -0.093452871 ], "parent" : 40, "left" : null, "right" : null, "svalue" : 0, "sindex" : 0 },
			"Node_67" : { "leaf_value" : [ -0.14048883, -0.14778264, -0.14107944, -0.11105844, 0.29666519, -0.14170945, -0.14208981, 0.1694722, -0.11160991, -0.14229494 ], "parent" : 41, "left" : null, "right" : null, "svalue" : 0, "sindex" : 0 },
			"Node_68" : { "leaf_value" : [ -0.1052204, -0.11664227, 0.4952212, 0.00041103203, -0.10545309, -0.10758317, -0.11603338, -0.10680249, -0.037427634, -0.1177417 ], "parent" : 41, "left" : null, "right" : null, "svalue" : 0, "sindex" : 0 },
			"Node_69" : { "leaf_value" : [ -0.12874012, -0.16770734, -0.12263751, -0.13691795, -0.15278286, -0.15640485, -0.13978346, -0.13995528, 0.71797901, -0.15453649 ], "parent" : 42, "left" : null, "right" : null, "svalue" : 0, "sindex" : 0 },
			"Node_70" : { "leaf_value" : [ 0.055978354, -0.11356649, -0.087495998, 0.03278891, 0.26031247, -0.085739203, -0.089622386, -0.086427368, -0.10220954, -0.085599676 ], "parent" : 42, "left" : null, "right" : null, "svalue" : 0, "sindex" : 0 },
			"Node_71" : { "leaf_value" : [ -0.12841733, 0.79210776, -0.10736071, -0.06616886, -0.13988432, -0.13304377, -0.13851297, -0.053296167, -0.095930092, -0.13362344 ], "parent" : 43, "left" : null, "right" : null, "svalue" : 0, "sindex" : 0 },
			"Node_72" : { "leaf_value" : [ -0.14850263, 0.4446415, -0.12848957, -0.15048113, -0.13814977, -0.15116593, -0.15208076, -0.15013352, -0.073637232, -0.15237224 ], "parent" : 43, "left" : null, "right" : null, "svalue" : 0, "sindex" : 0 },
			"Node_73" : { "leaf_value" : [ -0.11147773, -0.072739653, -0.056473453, -0.11321487, 0.36457306, -0.11381322, -0.11956539, 0.084914029, -0.11835159, -0.11513966 ], "parent" : 44, "left" : null, "right" : null, "svalue" : 0, "sindex" : 0 },
			"Node_74" : { "leaf_value" : [ -0.08703424, 0.49820739, -0.091064967, -0.098523192, -0.10033917, -0.091752857, -0.094614871, -0.095735632, -0.10838509, -0.090893887 ], "parent" : 44, "left" : null, "right" : null, "svalue" : 0, "sindex" : 0 },
			"Node_75" : { "leaf_value" : [ -0.10186539, -0.11157826, 0.68974346, -0.14258792, -0.10213739, -0.10554447, -0.10332849, -0.10455766, -0.12753613, -0.1063645 ], "parent" : 48, "left" : null, "right" : null, "svalue" : 0, "sindex" : 0 },
			"Node_76" : { "leaf_value" : [ -0.11309851, -0.11873891, 0.36454967, -0.11584803, -0.11314249, -0.11951, -0.12349958, -0.11438095, -0.12902743, -0.11589298 ], "parent" : 48, "left" : null, "right" : null, "svalue" : 0, "sindex" : 0 },
			"Node_77" : { "leaf_value" : [ -0.12623811, -0.13339065, 0.038451523, 0.37406775, -0.1271006, -0.13014056, -0.12865718, -0.12753312, -0.13965364, 0.013142155 ], "parent" : 50, "left" : null, "right" : null, "svalue" : 0, "sindex" : 0 },
			"Node_78" : { "leaf_value" : [ -0.087056674, 0.022867743, -0.097892597, 0.016736329, -0.088944055, -0.10104375, -0.095592871, -0.087980859, 0.29725677, 0.0026508393 ], "parent" : 50, "left" : null, "right" : null, "svalue" : 0, "sindex" : 0 }
		},
		"Tree_3" : {
			"Node_00" : { "leaf_value" : [ ], "parent" : null, "left" : 1, "right" : 2, "svalue" : 3, "sindex" : 36 },
			"Node_01" : { "leaf_value" : [ ], "parent" : 0, "left" : 3, "right" : 4, "svalue" : 10, "sindex" : 42 },
			"Node_02" : { "leaf_value" : [ ], "parent" : 0, "left" : 5, "right" : 6, "svalue" : 5, "sindex" : 33 },
			"Node_03" : { "leaf_value" : [ ], "parent" : 1, "left" : 7, "right" : 8, "svalue" : 6, "sindex" : 21 },
			"Node_04" : { "leaf_value" : [ ], "parent" : 1, "left" : 9, "right" : 10, "svalue" : 5, "sindex" : 10 },
			"Node_05" : { "leaf_value" : [ ], "parent" : 2, "left" : 11, "right" : 12, "svalue" : 9, "sindex" : 19 },
			"Node_06" : { "leaf_value" : [ ], "parent" : 2, "left" : 13, "right" : 14, "svalue" : 16, "sindex" : 27 },
			"Node_07" : { "leaf_value" : [ ], "parent" : 3, "left" : 15, "right" : 16, "svalue" : 1, "sindex" : 28 },
			"Node_08" : { "leaf_value" : [ ], "parent" : 3, "left" : 17, "right" : 18, "svalue" : 1, "sindex" : 28 },
			"Node_09" : { "leaf_value" : [ 0.048625689, -0.10890283, -0.11259035, -0.10700806, 0.27043086, -0.1090793, 0.081710003, -0.10692828, -0.10966109, -0.10971913 ], "parent" : 4, "left" : null, "right" : null, "svalue" : 0, "sindex" : 0 },
			"Node_10" : { "leaf_value" : [ ], "parent" : 4, "left" : 19, "right" : 20, "svalue" : 8, "sindex" : 26 },
			"Node_11" : { "leaf_value" : [ ], "parent" : 5, "left" : 21, "right" : 22, "svalue" : 4, "sindex" : 61 },
			"Node_12" : { "leaf_value" : [ ], "parent" : 5, "left" : 23, "right" : 24, "svalue" : 10, "sindex" : 50 },
			"Node_13" : { "leaf_value" : [ ], "parent" : 6, "left" : 25, "right" : 26, "svalue" : 10, "sindex" : 50 },
			"Node_14" : { "leaf_value" : [ ], "parent" : 6, "left" : 27, "right" : 28, "svalue" : 15, "sindex" : 12 },
			"Node_15" : { "leaf_value" : [ 0.14657588, -0.089463286, -0.088925675, -0.084703572, -0.084384963, 0.24536172, -0.091995373, -0.084619194, -0.09201397, -0.084674358 ], "parent" : 7, "left" : null, "right" : null, "svalue" : 0, "sindex" : 0 },
			"Node_16" : { "leaf_value" : [ ], "parent" : 7, "left" : 29, "right" : 30, "svalue" : 12, "sindex" : 11 },
			"Node_17" : { "leaf_value" : [ 0.19846578, 0.061200961, -0.081110664, -0.082225926, -0.080269948, -0.082263686, -0.082363024, -0.080288991, -0.081238635, -0.094680734 ], "parent" : 8, "left" : null, "right" : null, "svalue" : 0, "sindex" : 0 },
			"Node_18" : { "leaf_value" : [ ], "parent" : 8, "left" : 31, "right" : 32, "svalue" : 11, "sindex" : 58 },
			"Node_19" : { "leaf_value" : [ ], "parent" : 10, "left" : 33, "right" : 34, "svalue" : 7, "sindex" : 27 },
			"Node_20" : { "leaf_value" : [ ], "parent" : 10, "left" : 35, "right" : 36, "svalue" : 6, "sindex" : 21 },
			"Node_21" : { "leaf_value" : [ ], "parent" : 11, "left" : 37, "right" : 38, "svalue" : 6, "sindex" : 21 },
			"Node_22" : { "leaf_value" : [ ], "parent" : 11, "left" : 39, "right" : 40, "svalue" : 7, "sindex" : 45 },
			"Node_23" : { "leaf_value" : [ ], "parent" : 12, "left" : 41, "right" : 42, "svalue" : 8, "sindex" : 46 },
			"Node_24" : { "leaf_value" : [ ], "parent" : 12, "left" : 43, "right" : 44, "svalue" : 6, "sindex" : 21 },
			"Node_25" : { "leaf_value" : [ ], "parent" : 13, "left" : 45, "right" : 46, "svalue" : 8, "sindex" : 26 },
			"Node_26" : { "leaf_value" : [ ], "parent" : 13, "left" : 47, "right" : 48, "svalue" : 15, "sindex" : 44 },
			"Node_27" : { "leaf_value" : [ -0.098643363, -0.013422993, -0.10695869, -0.10301655, -0.033218019, 0.10006876, 0.15467492, 0.039061185, -0.0093488451, -0.10525964 ], "parent" : 14, "left" : null, "right" : null, "svalue" : 0, "sindex" : 0 },
			"Node_28" : { "leaf_value" : [ ], "parent" : 14, "left" : 49, "right" : 50, "svalue" : 7, "sindex" : 37 },
			"Node_29" : { "leaf_value" : [ -0.11982717, -0.11464042, -0.11869851, -0.11466843, -0.11462759, 0.31408933, -0.11483911, -0.11459529, -0.1147026, -0.11998431 ], "parent" : 16, "left" : null, "right" : null, "svalue" : 0, "sindex" : 0 },
			"Node_30" : { "leaf_value" : [ -0.085790828, 0.047030151, 0.12271521, -0.08142364, -0.082984105, 0.081955194, -0.087565809, -0.08133921, 0.033355206, 0.027819734 ], "parent" : 16, "left" : null, "right" : null, "svalue" : 0, "sindex" : 0 },
			"Node_31" : { "leaf_value" : [ ], "parent" : 18, "left" : 51, "right" : 52, "svalue" : 4, "sindex" : 61 },
			"Node_32" : { "leaf_value" : [ -0.10102443, -0.099425673, -0.1021736, 0.17675693, -0.097759917, -0.10544562, -0.097757548, -0.097721562, 0.005836721, 0.17645623 ], "parent" : 18, "left" : null, "right" : null, "svalue" : 0, "sindex" : 0 },
			"Node_33" : { "leaf_value" : [ 0.20547806, -0.082138479, 0.05933499, -0.091448218, -0.085092336, 0.05614014, -0.082203604, -0.080421999, -0.081215531, -0.098696388 ], "parent" : 19, "left" : null, "right" : null, "svalue" : 0, "sindex" : 0 },
			"Node_34" : { "leaf_value" : [ -0.086738788, -0.087477177, 0.28813657, -0.082861789, -0.084783189, -0.087492555, -0.089859538, -0.082783781, 0.023482569, -0.08677683 ], "parent" : 19, "left" : null, "right" : null, "svalue" : 0, "sindex" : 0 },
			"Node_35" : { "leaf_value" : [ 0.052907292, 0.0096562235, -0.09805806, -0.09742514, -0.11190126, 0.14511827, 0.21339166, -0.097341128, -0.10334745, -0.097715788 ], "parent" : 20, "left" : null, "right" : null, "svalue" : 0, "sindex" : 0 },
			"Node_36" : { "leaf_value" : [ ], "parent" : 20, "left" : 53, "right" : 54, "svalue" : 5, "sindex" : 29 },
			"Node_37" : { "leaf_value" : [ ], "parent" : 21, "left" : 55, "right" : 56, "svalue" : 5, "sindex" : 30 },
			"Node_38" : { "leaf_value" : [ ], "parent" : 21, "left" : 57, "right" : 58, "svalue" : 10, "sindex" : 50 },
			"Node_39" : { "leaf_value" : [ ], "parent" : 22, "left" : 59, "right" : 60, "svalue" : 8, "sindex" : 46 },
			"Node_40" : { "leaf_value" : [ ], "parent" : 22, "left" : 61, "right" : 62, "svalue" : 3, "sindex" : 43 },
			"Node_41" : { "leaf_value" : [ ], "parent" : 23, "left" : 63, "right" : 64, "svalue" : 14, "sindex" : 10 },
			"Node_42" : { "leaf_value" : [ ], "parent" : 23, "left" : 65, "right" : 66, "svalue" : 6, "sindex" : 21 },
			"Node_43" : { "leaf_value" : [ ], "parent" : 24, "left" : 67, "right" : 68, "svalue" : 15, "sindex" : 34 },
			"Node_44" : { "leaf_value" : [ ], "parent" : 24, "left" : 69, "right" : 70, "svalue" : 15, "sindex" : 51 },
			"Node_45" : { "leaf_value" : [ -0.092679381, -0.10223865, -0.099054821, -0.098059855, 0.0069048256, -0.10233606, -0.095371962, 0.27619052, -0.1001691, -0.09670008 ], "parent" : 25, "left" : null, "right" : null, "svalue" : 0, "sindex" : 0 },
			"Node_46" : { "leaf_value" : [ ], "parent" : 25, "left" : 71, "right" : 72, "svalue" : 12, "sindex" : 5 },
			"Node_47" : { "leaf_value" : [ ], "parent" : 26, "left" : 73, "right" : 74, "svalue" : 10, "sindex" : 28 },
			"Node_48" : { "leaf_value" : [ -0.088134281, -0.11084311, -0.089352183, -0.088768333, 0.22397889, -0.089229122, 0.078811213, -0.095692918, -0.10134094, -0.088071339 ], "parent" : 26, "left" : null, "right" : null, "svalue" : 0, "sindex" : 0 },
			"Node_49" : { "leaf_value" : [ -0.086750172, 0.59964389, -0.09084478, -0.09395159, -0.17295256, 0.016676147, -0.096420757, -0.093871452, -0.1094651, -0.087334149 ], "parent" : 28, "left" : null, "right" : null, "svalue" : 0, "sindex" : 0 },
			"Node_50" : { "leaf_value" : [ -0.081323035, 0.2396016, -0.083405599, -0.082996689, 0.14060865, -0.083805911, -0.095243178, -0.087436877, -0.089859873, -0.094618179 ], "parent" : 28, "left" : null, "right" : null, "svalue" : 0, "sindex" : 0 },
			"Node_51" : { "leaf_value" : [ -0.10114499, -0.10101425, -0.098481402, -0.099737309, -0.098034225, 0.10077537, -0.098028719, -0.098017104, -0.0025428478, 0.21785374 ], "parent" : 31, "left" : null, "right" : null, "svalue" : 0, "sindex" : 0 },
			"Node_52" : { "leaf_value" : [ -0.13602608, -0.13523072, -0.13430612, -0.13711193, -0.13369346, -0.13814543, -0.13379097, -0.13344966, -0.13440795, 0.29121378 ], "parent" : 31, "left" : null, "right" : null, "svalue" : 0, "sindex" : 0 },
			"Node_53" : { "leaf_value" : [ 0.1685704, -0.091119945, -0.088018134, -0.088138618, -0.08800815, -0.094253965, -0.089624919, -0.08806213, 0.1976081, -0.09257561 ], "parent" : 36, "left" : null, "right" : null, "svalue" : 0, "sindex" : 0 },
			"Node_54" : { "leaf_value" : [ 0.25925577, -0.14480278, -0.14480688, -0.14481884, -0.14583184, -0.14580378, -0.14585142, -0.14478205, -0.14594375, -0.14547731 ], "parent" : 36, "left" : null, "right" : null, "svalue" : 0, "sindex" : 0 },
			"Node_55" : { "leaf_value" : [ -0.1388285, -0.1414229, -0.05746479, -0.078599378, -0.077031791, 0.31283942, -0.14316052, -0.04867183, -0.13203584, -0.14606504 ], "parent" : 37, "left" : null, "right" : null, "svalue" : 0, "sindex" : 0 },
			"Node_56" : { "leaf_value" : [ -0.086262241, -0.096497864, -0.10189528, -0.11675666, 0.09302707, -0.1110816, -0.091583066, 0.45997956, -0.098394454, -0.093822852 ], "parent" : 37, "left" : null, "right" : null, "svalue" : 0, "sindex" : 0 },
			"Node_57" : { "leaf_value" : [ -0.14959453, -0.15240607, -0.11571772, 0.043759253, -0.09497299, -0.152937, -0.15032251, 0.24222739, -0.080844171, 0.01306607 ], "parent" : 38, "left" : null, "right" : null, "svalue" : 0, "sindex" : 0 },
			"Node_58" : { "leaf_value" : [ -0.12787141, -0.131751, 0.056691647, -0.081414461, -0.13047153, -0.13857375, -0.13212757, 0.098386072, 0.27394181, -0.093144938 ], "parent" : 38, "left" : null, "right" : null, "svalue" : 0, "sindex" : 0 },
			"Node_59" : { "leaf_value" : [ -0.14714175, -0.13568215, 0.36700898, -0.13991067, -0.15032233, -0.14925602, -0.1490742, -0.14984477, -0.031317167, -0.14964928 ], "parent" : 39, "left" : null, "right" : null, "svalue" : 0, "sindex" : 0 },
			"Node_60" : { "leaf_value" : [ -0.12122817, -0.12570418, -0.12873997, 0.014968024, -0.12522894, -0.00031663611, 0.19915546, -0.12572639, -0.1381781, 0.21614024 ], "parent" : 39, "left" : null, "right" : null, "svalue" : 0, "sindex" : 0 },
			"Node_61" : { "leaf_value" : [ -0.15088806, -0.15410185, -0.12105402, 0.27803087, -0.15277952, 0.00020057506, -0.081541099, -0.15287462, -0.10952342, 0.090766914 ], "parent" : 40, "left" : null, "right" : null, "svalue" : 0, "sindex" : 0 },
			"Node_62" : { "leaf_value" : [ -0.14499325, -0.12932095, -0.03945573, 0.006754572, -0.12176784, -0.13243045, 0.11346085, -0.14589304, 0.29683891, -0.11362201 ], "parent" : 40, "left" : null, "right" : null, "svalue" : 0, "sindex" : 0 },
			"Node_63" : { "leaf_value" : [ -0.13669847, 0.29046428, -0.13350175, -0.1410612, -0.046443645, -0.10181499, -0.068307541, -0.054794203, -0.05326803, -0.056504026 ], "parent" : 41, "left" : null, "right" : null, "svalue" : 0, "sindex" : 0 },
			"Node_64" : { "leaf_value" : [ -0.13334255, -0.058437113, -0.007334616, 0.034622978, -0.13743126, 0.2440055, -0.13929722, -0.13948305, -0.094652772, 0.12454361 ], "parent" : 41, "left" : null, "right" : null, "svalue" : 0, "sindex" : 0 },
			"Node_65" : { "leaf_value" : [ -0.12749504, -0.13526906, -0.13343638, -0.033858605, -0.033231933, -0.094017074, 0.27554536, -0.12809117, -0.08727482, -0.13227816 ], "parent" : 42, "left" : null, "right" : null, "svalue" : 0, "sindex" : 0 },
			"Node_66" : { "leaf_value" : [ -0.081316829, -0.094336264, -0.094160005, -0.12328373, -0.090429045, 0.045015097, -0.085410826, -0.085276738, -0.098387659, 0.40430212 ], "parent" : 42, "left" : null, "right" : null, "svalue" : 0, "sindex" : 0 },
			"Node_67" : { "leaf_value" : [ -0.13122024, 0.099282138, 0.19309171, -0.010902542, -0.13613206, 0.073708378, -0.057017062, -0.13285156, -0.014073174, -0.13586015 ], "parent" : 43, "left" : null, "right" : null, "svalue" : 0, "sindex" : 0 },
			"Node_68" : { "leaf_value" : [ -0.11577557, 0.00058945664, -0.12195402, -0.11659463, -0.12366171, -0.12091934, 0.33059022, -0.11683241, -0.13190289, -0.12033347 ], "parent" : 43, "left" : null, "right" : null, "svalue" : 0, "sindex" : 0 },
			"Node_69" : { "leaf_value" : [ -0.13738525, -0.17189167, -0.11777301, -0.11382595, -0.14075977, -0.14205299, -0.14282428, -0.10801588, 0.46421909, -0.077532314 ], "parent" : 44, "left" : null, "right" : null, "svalue" : 0, "sindex" : 0 },
			"Node_70" : { "leaf_value" : [ -0.038538214, 0.2353905, 0.027708657, -0.12046447, -0.12670043, -0.12013341, -0.1217062, -0.12155085, 0.024078988, -0.11771844 ], "parent" : 44, "left" : null, "right" : null, "svalue" : 0, "sindex" : 0 },
			"Node_71" : { "leaf_value" : [ -0.14678505, -0.15611462, -0.14842167, -0.14799722, 0.31991598, -0.12113275, -0.090373248, -0.15682417, -0.13034016, -0.1478138 ], "parent" : 46, "left" : null, "right" : null, "svalue" : 0, "sindex" : 0 },
			"Node_72" : { "leaf_value" : [ -0.11089449, 0.00070778059, -0.11453415, -0.11425828, -0.027010098, 0.2798253, -0.12550321, 0.064882882, -0.11925413, -0.047734965 ], "parent" : 46, "left" : null, "right" : null, "svalue" : 0, "sindex" : 0 },
			"Node_73" : { "leaf_value" : [ -0.12570949, -0.13181703, -0.12723166, -0.12783156, -0.12917985, -0.079891913, 0.2699438, -0.12611523, -0.13674043, -0.12557432 ], "parent" : 47, "left" : null, "right" : null, "svalue" : 0, "sindex" : 0 },
			"Node_74" : { "leaf_value" : [ -0.079436883, -0.083381832, -0.085052513, 0.059611656, -0.083775073, -0.083017185, 0.17513157, 0.10746919, -0.090655066, -0.096785925 ], "parent" : 47, "left" : null, "right" : null, "svalue" : 0, "sindex" : 0 }
		},
		"Tree_4" : {
			"Node_00" : { "leaf_value" : [ ], "parent" : null, "left" : 1, "right" : 2, "svalue" : 1, "sindex" : 28 },
			"Node_01" : { "leaf_value" : [ ], "parent" : 0, "left" : 3, "right" : 4, "svalue" : 1, "sindex" : 29 },
			"Node_02" : { "leaf_value" : [ ], "parent" : 0, "left" : 5, "right" : 6, "svalue" : 8, "sindex" : 60 },
			"Node_03" : { "leaf_value" : [ ], "parent" : 1, "left" : 7, "right" : 8, "svalue" : 4, "sindex" : 61 },
			"Node_04" : { "leaf_value" : [ ], "parent" : 1, "left" : 9, "right" : 10, "svalue" : 6, "sindex" : 13 },
			"Node_05" : { "leaf_value" : [ ], "parent" : 2, "left" : 11, "right" : 12, "svalue" : 6, "sindex" : 12 },
			"Node_06" : { "leaf_value" : [ ], "parent" : 2, "left" : 13, "right" : 14, "svalue" : 7, "sindex" : 45 },
			"Node_07" : { "leaf_value" : [ ], "parent" : 3, "left" : 15, "right" : 16, "svalue" : 15, "sindex" : 51 },
			"Node_08" : { "leaf_value" : [ ], "parent" : 3, "left" : 17, "right" : 18, "svalue" : 8, "sindex" : 54 },
			"Node_09" : { "leaf_value" : [ ], "parent" : 4, "left" : 19, "right" : 20, "svalue" : 6, "sindex" : 21 },
			"Node_10" : { "leaf_value" : [ ], "parent" : 4, "left" : 21, "right" : 22, "svalue" : 10, "sindex" : 44 },
			"Node_11" : { "leaf_value" : [ ], "parent" : 5, "left" : 23, "right" : 24, "svalue" : 6, "sindex" : 5 },
			"Node_12" : { "leaf_value" : [ ], "parent" : 5, "left" : 25, "right" : 26, "svalue" : 6, "sindex" : 21 },
			"Node_13" : { "leaf_value" : [ ], "parent" : 6, "left" : 27, "right" : 28, "svalue" : 9, "sindex" : 19 },
			"Node_14" : { "leaf_value" : [ ], "parent" : 6, "left" : 29, "right" : 30, "svalue" : 8, "sindex" : 26 },
			"Node_15" : { "leaf_value" : [ -0.050827224, -0.10732597, -0.10491373, -0.10241164, -0.10595622, 0.35576639, -0.10762396, -0.10324021, -0.12764545, -0.10535901 ], "parent" : 7, "left" : null, "right" : null, "svalue" : 0, "sindex" : 0 },
			"Node_16" : { "leaf_value" : [ -0.08287859, -0.082260437, -0.08070121, -0.080206797, -0.014042086, 0.18075389, -0.081516311, -0.082362875, -0.081155725, 0.065710254 ], "parent" : 7, "left" : null, "right" : null, "svalue" : 0, "sindex" : 0 },
			"Node_17" : { "leaf_value" : [ -0.10232597, -0.14141974, -0.094406128, 0.11241304, -0.10801849, -0.11369164, 0.42607576, -0.090849876, -0.11830878, -0.1002213 ], "parent" : 8, "left" : null, "right" : null, "svalue" : 0, "sindex" : 0 },
			"Node_18" : { "leaf_value" : [ ], "parent" : 8, "left" : 31, "right" : 32, "svalue" : 5, "sindex" : 33 },
			"Node_19" : { "leaf_value" : [ ], "parent" : 9, "left" : 33, "right" : 34, "svalue" : 14, "sindex" : 45 },
			"Node_20" : { "leaf_value" : [ 0.20226303, -0.096768789, -0.085979752, -0.086773343, 0.1053536, -0.088386849, -0.090538934, -0.087026954, -0.10178529, -0.089788884 ], "parent" : 9, "left" : null, "right" : null, "svalue" : 0, "sindex" : 0 },
			"Node_21" : { "leaf_value" : [ ], "parent" : 10, "left" : 35, "right" : 36, "svalue" : 8, "sindex" : 4 },
			"Node_22" : { "leaf_value" : [ 0.13867664, -0.10609724, 0.27311316, -0.11715382, -0.095808141, -0.10112669, -0.080417037, 0.24351299, -0.09888421, -0.099821068 ], "parent" : 10, "left" : null, "right" : null, "svalue" : 0, "sindex" : 0 },
			"Node_23" : { "leaf_value" : [ ], "parent" : 11, "left" : 37, "right" : 38, "svalue" : 14, "sindex" : 28 },
			"Node_24" : { "leaf_value" : [ ], "parent" : 11, "left" : 39, "right" : 40, "svalue" : 12, "sindex" : 52 },
			"Node_25" : { "leaf_value" : [ ], "parent" : 12, "left" : 41, "right" : 42, "svalue" : 8, "sindex" : 52 },
			"Node_26" : { "leaf_value" : [ ], "parent" : 12, "left" : 43, "right" : 44, "svalue" : 10, "sindex" : 50 },
			"Node_27" : { "leaf_value" : [ ], "parent" : 13, "left" : 45, "right" : 46, "svalue" : 3, "sindex" : 54 },
			"Node_28" : { "leaf_value" : [ ], "parent" : 13, "left" : 47, "right" : 48, "svalue" : 10, "sindex" : 44 },
			"Node_29" : { "leaf_value" : [ ], "parent" : 14, "left" : 49, "right" : 50, "svalue" : 10, "sindex" : 42 },
			"Node_30" : { "leaf_value" : [ ], "parent" : 14, "left" : 51, "right" : 52, "svalue" : 16, "sindex" : 20 },
			"Node_31" : { "leaf_value" : [ -0.12646791, -0.13249132, -0.13972132, -0.12962377, -0.13174897, -0.13446039, 0.33429363, -0.12624075, -0.14585927, -0.13567694 ], "parent" : 18, "left" : null, "right" : null, "svalue" : 0, "sindex" : 0 },
			"Node_32" : { "leaf_value" : [ -0.08445698, -0.088097133, -0.087333962, -0.084644884, -0.084283836, -0.086408913, 0.18938276, -0.084454104, -0.093728736, -0.084171563 ], "parent" : 18, "left" : null, "right" : null, "svalue" : 0, "sindex" : 0 },
			"Node_33" : { "leaf_value" : [ -0.082167849, -0.099431269, -0.082582206, -0.082649261, 0.1980202, -0.10811967, 0.12315591, 0.030858507, -0.093972079, -0.088983752 ], "parent" : 19, "left" : null, "right" : null, "svalue" : 0, "sindex" : 0 },
			"Node_34" : { "leaf_value" : [ -0.11099212, -0.1085598, -0.0973363, -0.095511571, 0.2768901, -0.098516993, -0.11980515, -0.096744187, -0.098130345, -0.096448459 ], "parent" : 19, "left" : null, "right" : null, "svalue" : 0, "sindex" : 0 },
			"Node_35" : { "leaf_value" : [ 0.19043994, 0.044135027, -0.084936142, -0.085905053, -0.084194705, -0.086032167, -0.086266011, -0.084239088, -0.089028396, -0.096632451 ], "parent" : 21, "left" : null, "right" : null, "svalue" : 0, "sindex" : 0 },
			"Node_36" : { "leaf_value" : [ 0.23193257, -0.14116967, -0.14114605, -0.14095826, -0.14253266, -0.14365183, -0.1430715, -0.14093511, -0.14247754, -0.14157376 ], "parent" : 21, "left" : null, "right" : null, "svalue" : 0, "sindex" : 0 },
			"Node_37" : { "leaf_value" : [ -0.086814433, -0.094166584, -0.092912555, -0.096054353, 0.26846844, -0.089414738, -0.089356869, -0.11949124, -0.092083126, 0.027946476 ], "parent" : 23, "left" : null, "right" : null, "svalue" : 0, "sindex" : 0 },
			"Node_38" : { "leaf_value" : [ -0.093621142, -0.096319631, -0.094936572, -0.10053603, 0.31204718, -0.096642815, -0.0952987, -0.12591375, -0.018042682, -0.11236964 ], "parent" : 23, "left" : null, "right" : null, "svalue" : 0, "sindex" : 0 },
			"Node_39" : { "leaf_value" : [ -0.097382441, -0.098544739, -0.1019121, -0.11291596, -0.10791593, -0.020049276, -0.097321473, 0.11054297, -0.009403741, 0.18035762 ], "parent" : 24, "left" : null, "right" : null, "svalue" : 0, "sindex" : 0 },
			"Node_40" : { "leaf_value" : [ -0.085887529, -0.089440025, -0.090506203, 0.349336, -0.095896043, 0.16483189, -0.085796975, -0.13643694, 0.042274989, -0.10595752 ], "parent" : 24, "left" : null, "right" : null, "svalue" : 0, "sindex" : 0 },
			"Node_41" : { "leaf_value" : [ -0.10351926, -0.046183858, -0.11910357, -0.10801186, -0.11827207, 0.023452926, -0.10584121, 0.25137118, -0.012043329, -0.10593583 ], "parent" : 25, "left" : null, "right" : null, "svalue" : 0, "sindex" : 0 },
			"Node_42" : { "leaf_value" : [ ], "parent" : 25, "left" : 53, "right" : 54, "svalue" : 12, "sindex" : 4 },
			"Node_43" : { "leaf_value" : [ ], "parent" : 26, "left" : 55, "right" : 56, "svalue" : 10, "sindex" : 2 },
			"Node_44" : { "leaf_value" : [ ], "parent" : 26, "left" : 57, "right" : 58, "svalue" : 4, "sindex" : 52 },
			"Node_45" : { "leaf_value" : [ ], "parent" : 27, "left" : 59, "right" : 60, "svalue" : 5, "sindex" : 50 },
			"Node_46" : { "leaf_value" : [ ], "parent" : 27, "left" : 61, "right" : 62, "svalue" : 8, "sindex" : 46 },
			"Node_47" : { "leaf_value" : [ ], "parent" : 28, "left" : 63, "right" : 64, "svalue" : 4, "sindex" : 61 },
			"Node_48" : { "leaf_value" : [ ], "parent" : 28, "left" : 65, "right" : 66, "svalue" : 6, "sindex" : 21 },
			"Node_49" : { "leaf_value" : [ ], "parent" : 29, "left" : 67, "right" : 68, "svalue" : 14, "sindex" : 29 },
			"Node_50" : { "leaf_value" : [ ], "parent" : 29, "left" : 69, "right" : 70, "svalue" : 7, "sindex" : 35 },
			"Node_51" : { "leaf_value" : [ ], "parent" : 30, "left" : 71, "right" : 72, "svalue" : 10, "sindex" : 44 },
			"Node_52" : { "leaf_value" : [ ], "parent" : 30, "left" : 73, "right" : 74, "svalue" : 3, "sindex" : 41 },
			"Node_53" : { "leaf_value" : [ -0.082859643, -0.087645888, 0.16589122, -0.095008276, 0.035383757, 0.18131624, -0.090329066, -0.10690036, -0.091189221, -0.091322549 ], "parent" : 42, "left" : null, "right" : null, "svalue" : 0, "sindex" : 0 },
			"Node_54" : { "leaf_value" : [ -0.10851074, -0.03195959, -0.11519934, -0.027533626, -0.11279259, 0.20960161, -0.10825633, -0.11602207, -0.10972133, -0.11083259 ], "parent" : 42, "left" : null, "right" : null, "svalue" : 0, "sindex" : 0 },
			"Node_55" : { "leaf_value" : [ -0.14233598, -0.044109643, -0.099744834, -0.14944077, -0.12790437, -0.1196346, -0.14264879, 0.22533664, -0.14636238, -0.028531125 ], "parent" : 43, "left" : null, "right" : null, "svalue" : 0, "sindex" : 0 },
			"Node_56" : { "leaf_value" : [ -0.098196931, -0.10692639, -0.10647649, 0.27265298, -0.11249346, -0.0029646056, -0.099146195, 0.10060561, -0.11072587, 0.02651741 ], "parent" : 43, "left" : null, "right" : null, "svalue" : 0, "sindex" : 0 },
			"Node_57" : { "leaf_value" : [ -0.090059794, -0.092704445, -0.095176883, -0.094374761, -0.092749864, -0.093063772, -0.088795945, 0.2866298, -0.03212443, -0.10392758 ], "parent" : 44, "left" : null, "right" : null, "svalue" : 0, "sindex" : 0 },
			"Node_58" : { "leaf_value" : [ -0.093789935, 0.063697048, 0.00045791091, -0.095439307, -0.025343116, -0.097782053, -0.087602958, -0.11947124, 0.26924843, -0.094360463 ], "parent" : 44, "left" : null, "right" : null, "svalue" : 0, "sindex" : 0 },
			"Node_59" : { "leaf_value" : [ -0.10818729, -0.12120256, 0.014661168, -0.018527841, 0.11070721, -0.059148993, -0.11354802, 0.19634245, -0.14102866, 0.10461969 ], "parent" : 45, "left" : null, "right" : null, "svalue" : 0, "sindex" : 0 },
			"Node_60" : { "leaf_value" : [ -0.135217, -0.10061819, 0.11403163, -0.11475647, -0.11564137, -0.084984675, -0.13601521, -0.13828312, 0.31352565, -0.09911897 ], "parent" : 45, "left" : null, "right" : null, "svalue" : 0, "sindex" : 0 },
			"Node_61" : { "leaf_value" : [ -0.13967024, -0.14483202, 0.32298926, -0.15949877, -0.14189088, -0.14182658, -0.14164867, -0.14258152, -0.16088764, -0.14221761 ], "parent" : 46, "left" : null, "right" : null, "svalue" : 0, "sindex" : 0 },
			"Node_62" : { "leaf_value" : [ -0.12296899, -0.12560472, -0.12860607, -0.0020141965, -0.12486254, 0.096282355, 0.045460571, -0.12558387, -0.13355461, 0.20089109 ], "parent" : 46, "left" : null, "right" : null, "svalue" : 0, "sindex" : 0 },
			"Node_63" : { "leaf_value" : [ -0.087042868, 0.38093451, -0.098888278, -0.095964916, -0.13239758, -0.096426539, -0.10070216, -0.089896999, -0.018266324, -0.098502859 ], "parent" : 47, "left" : null, "right" : null, "svalue" : 0, "sindex" : 0 },
			"Node_64" : { "leaf_value" : [ -0.13187581, -0.071014069, 0.29230052, -0.13982055, -0.13681863, -0.14347948, 0.14763373, -0.13140713, -0.14325204, -0.005518523 ], "parent" : 47, "left" : null, "right" : null, "svalue" : 0, "sindex" : 0 },
			"Node_65" : { "leaf_value" : [ -0.13468967, 0.27656987, -0.10502615, -0.13916239, -0.051686797, 0.034958232, -0.10916428, -0.13717876, -0.15267347, -0.13763651 ], "parent" : 48, "left" : null, "right" : null, "svalue" : 0, "sindex" : 0 },
			"Node_66" : { "leaf_value" : [ -0.13351792, 0.17276832, -0.095194072, -0.1081833, -0.065589823, -0.13839079, -0.099493124, -0.13757251, 0.17191532, -0.097760014 ], "parent" : 48, "left" : null, "right" : null, "svalue" : 0, "sindex" : 0 },
			"Node_67" : { "leaf_value" : [ -0.14692178, -0.029274521, -0.091328718, 0.27059224, -0.14856602, -0.13479704, -0.13410883, -0.13331339, -0.12669234, -0.09792462 ], "parent" : 49, "left" : null, "right" : null, "svalue" : 0, "sindex" : 0 },
			"Node_68" : { "leaf_value" : [ -0.12954213, 0.069414087, 0.022190329, -0.097294487, -0.13440417, -0.13221319, -0.13503848, 0.0084965331, -0.036286578, 0.17866959 ], "parent" : 49, "left" : null, "right" : null, "svalue" : 0, "sindex" : 0 },
			"Node_69" : { "leaf_value" : [ 0.0109835, -0.08718393, -0.099297225, 0.35949016, -0.087823212, 0.026968913, -0.094015352, -0.087384023, -0.14292639, -0.0060333903 ], "parent" : 50, "left" : null, "right" : null, "svalue" : 0, "sindex" : 0 },
			"Node_70" : { "leaf_value" : [ -0.12956798, -0.12420739, -0.11012872, -0.15370154, -0.035024159, -0.13278371, -0.027433155, -0.083882369, 0.33759362, -0.13392346 ], "parent" : 50, "left" : null, "right" : null, "svalue" : 0, "sindex" : 0 },
			"Node_71" : { "leaf_value" : [ -0.090875551, -0.14793921, -0.1551975, -0.12389871, -0.11044236, 0.13531218, 0.071131282, -0.15230547, 0.055837292, 0.14908624 ], "parent" : 51, "left" : null, "right" : null, "svalue" : 0, "sindex" : 0 },
			"Node_72" : { "leaf_value" : [ -0.14395912, -0.09754473, -0.14883384, -0.14831688, 0.23338932, -0.0019799841, -0.061660651, -0.12772973, 0.11812782, -0.12993021 ], "parent" : 51, "left" : null, "right" : null, "svalue" : 0, "sindex" : 0 },
			"Node_73" : { "leaf_value" : [ -0.12441817, 0.2740401, -0.1266515, 0.0075205839, -0.14123699, -0.096526638, -0.1335642, -0.12707904, -0.09683574, -0.029820824 ], "parent" : 52, "left" : null, "right" : null, "svalue" : 0, "sindex" : 0 },
			"Node_74" : { "leaf_value" : [ -0.099749357, 0.069219962, -0.10417043, -0.10289953, 0.26681107, -0.10644295, -0.11314924, -0.1061319, -0.022844415, -0.056673769 ], "parent" : 52, "left" : null, "right" : null, "svalue" : 0, "sindex" : 0 }
		},
		"Tree_5" : {
			"Node_00" : { "leaf_value" : [ ], "parent" : null, "left" : 1, "right" : 2, "svalue" : 3, "sindex" : 36 },
			"Node_01" : { "leaf_value" : [ ], "parent" : 0, "left" : 3, "right" : 4, "svalue" : 10, "sindex" : 42 },
			"Node_02" : { "leaf_value" : [ ], "parent" : 0, "left" : 5, "right" : 6, "svalue" : 10, "sindex" : 42 },
			"Node_03" : { "leaf_value" : [ ], "parent" : 1, "left" : 7, "right" : 8, "svalue" : 11, "sindex" : 21 },
			"Node_04" : { "leaf_value" : [ ], "parent" : 1, "left" : 9, "right" : 10, "svalue" : 9, "sindex" : 59 },
			"Node_05" : { "leaf_value" : [ ], "parent" : 2, "left" : 11, "right" : 12, "svalue" : 6, "sindex" : 21 },
			"Node_06" : { "leaf_value" : [ ], "parent" : 2, "left" : 13, "right" : 14, "svalue" : 6, "sindex" : 21 },
			"Node_07" : { "leaf_value" : [ ], "parent" : 3, "left" : 15, "right" : 16, "svalue" : 1, "sindex" : 28 },
			"Node_08" : { "leaf_value" : [ ], "parent" : 3, "left" : 17, "right" : 18, "svalue" : 1, "sindex" : 19 },
			"Node_09" : { "leaf_value" : [ -0.006352704, -0.092619665, -0.095288463, -0.090731017, 0.18714236, -0.018360233, 0.029316066, -0.090919808, -0.093104102, -0.094699875 ], "parent" : 4, "left" : null, "right" : null, "svalue" : 0, "sindex" : 0 },
			"Node_10" : { "leaf_value" : [ ], "parent" : 4, "left" : 19, "right" : 20, "svalue" : 8, "sindex" : 26 },
			"Node_11" : { "leaf_value" : [ ], "parent" : 5, "left" : 21, "right" : 22, "svalue" : 2, "sindex" : 5 },
			"Node_12" : { "leaf_value" : [ ], "parent" : 5, "left" : 23, "right" : 24, "svalue" : 15, "sindex" : 12 },
			"Node_13" : { "leaf_value" : [ ], "parent" : 6, "left" : 25, "right" : 26, "svalue" : 15, "sindex" : 44 },
			"Node_14" : { "leaf_value" : [ ], "parent" : 6, "left" : 27, "right" : 28, "svalue" : 16, "sindex" : 20 },
			"Node_15" : { "leaf_value" : [ 0.14076032, -0.088328809, -0.086161532, -0.083267033, -0.08322946, 0.14188854, -0.088445432, -0.083193116, -0.088067092, -0.083859116 ], "parent" : 7, "left" : null, "right" : null, "svalue" : 0, "sindex" : 0 },
			"Node_16" : { "leaf_value" : [ ], "parent" : 7, "left" : 29, "right" : 30, "svalue" : 9, "sindex" : 61 },
			"Node_17" : { "leaf_value" : [ -0.020587327, -0.094990574, -0.094916619, 0.081197031, -0.092876628, -0.051662471, -0.097780518, -0.091787681, -0.10027266, 0.17293932 ], "parent" : 8, "left" : null, "right" : null, "svalue" : 0, "sindex" : 0 },
			"Node_18" : { "leaf_value" : [ ], "parent" : 8, "left" : 31, "right" : 32, "svalue" : 15, "sindex" : 37 },
			"Node_19" : { "leaf_value" : [ 0.10711359, -0.098983623, 0.18488668, -0.10465407, -0.097822949, 0.0024272823, -0.10120174, -0.095977835, -0.018920284, -0.10872246 ], "parent" : 10, "left" : null, "right" : null, "svalue" : 0, "sindex" : 0 },
			"Node_20" : { "leaf_value" : [ ], "parent" : 10, "left" : 33, "right" : 34, "svalue" : 6, "sindex" : 21 },
			"Node_21" : { "leaf_value" : [ ], "parent" : 11, "left" : 35, "right" : 36, "svalue" : 1, "sindex" : 33 },
			"Node_22" : { "leaf_value" : [ ], "parent" : 11, "left" : 37, "right" : 38, "svalue" : 9, "sindex" : 20 },
			"Node_23" : { "leaf_value" : [ ], "parent" : 12, "left" : 39, "right" : 40, "svalue" : 3, "sindex" : 43 },
			"Node_24" : { "leaf_value" : [ ], "parent" : 12, "left" : 41, "right" : 42, "svalue" : 10, "sindex" : 10 },
			"Node_25" : { "leaf_value" : [ ], "parent" : 13, "left" : 43, "right" : 44, "svalue" : 1, "sindex" : 37 },
			"Node_26" : { "leaf_value" : [ ], "parent" : 13, "left" : 45, "right" : 46, "svalue" : 9, "sindex" : 61 },
			"Node_27" : { "leaf_value" : [ ], "parent" : 14, "left" : 47, "right" : 48, "svalue" : 5, "sindex" : 33 },
			"Node_28" : { "leaf_value" : [ ], "parent" : 14, "left" : 49, "right" : 50, "svalue" : 16, "sindex" : 43 },
			"Node_29" : { "leaf_value" : [ ], "parent" : 16, "left" : 51, "right" : 52, "svalue" : 6, "sindex" : 13 },
			"Node_30" : { "leaf_value" : [ -0.087610222, -0.088353872, -0.0080428319, -0.091635987, -0.085795522, 0.13980867, -0.094944313, -0.085780308, -0.089939959, 0.16041018 ], "parent" : 16, "left" : null, "right" : null, "svalue" : 0, "sindex" : 0 },
			"Node_31" : { "leaf_value" : [ ], "parent" : 18, "left" : 53, "right" : 54, "svalue" : 10, "sindex" : 28 },
			"Node_32" : { "leaf_value" : [ -0.083065145, 0.04161362, -0.081799015, -0.083323121, -0.078111246, -0.086499296, -0.079691909, -0.082885109, -0.082196131, 0.17801896 ], "parent" : 18, "left" : null, "right" : null, "svalue" : 0, "sindex" : 0 },
			"Node_33" : { "leaf_value" : [ 0.036976162, 0.016536303, -0.092086136, -0.08813218, -0.10389373, 0.059523929, 0.20843485, -0.086272441, -0.093582757, -0.091057345 ], "parent" : 20, "left" : null, "right" : null, "svalue" : 0, "sindex" : 0 },
			"Node_34" : { "leaf_value" : [ ], "parent" : 20, "left" : 55, "right" : 56, "svalue" : 9, "sindex" : 20 },
			"Node_35" : { "leaf_value" : [ ], "parent" : 21, "left" : 57, "right" : 58, "svalue" : 7, "sindex" : 37 },
			"Node_36" : { "leaf_value" : [ -0.10402641, -0.00021293461, -0.065911844, -0.11285941, 0.2889668, -0.060524803, -0.1196272, -0.067059368, -0.055349521, -0.11671875 ], "parent" : 21, "left" : null, "right" : null, "svalue" : 0, "sindex" : 0 },
			"Node_37" : { "leaf_value" : [ ], "parent" : 22, "left" : 59, "right" : 60, "svalue" : 10, "sindex" : 29 },
			"Node_38" : { "leaf_value" : [ ], "parent" : 22, "left" : 61, "right" : 62, "svalue" : 10, "sindex" : 43 },
			"Node_39" : { "leaf_value" : [ ], "parent" : 23, "left" : 63, "right" : 64, "svalue" : 1, "sindex" : 26 },
			"Node_40" : { "leaf_value" : [ ], "parent" : 23, "left" : 65, "right" : 66, "svalue" : 3, "sindex" : 54 },
			"Node_41" : { "leaf_value" : [ ], "parent" : 24, "left" : 67, "right" : 68, "svalue" : 4, "sindex" : 61 },
			"Node_42" : { "leaf_value" : [ ], "parent" : 24, "left" : 69, "right" : 70, "svalue" : 10, "sindex" : 29 },
			"Node_43" : { "leaf_value" : [ ], "parent" : 25, "left" : 71, "right" : 72, "svalue" : 11, "sindex" : 58 },
			"Node_44" : { "leaf_value" : [ ], "parent" : 25, "left" : 73, "right" : 74, "svalue" : 9, "sindex" : 20 },
			"Node_45" : { "leaf_value" : [ ], "parent" : 26, "left" : 75, "right" : 76, "svalue" : 9, "sindex" : 3 },
			"Node_46" : { "leaf_value" : [ -0.090584025, 0.053829513, -0.12070643, -0.097528242, 0.13153283, -0.10258678, 0.18957196, -0.093780652, -0.1143756, -0.09434963 ], "parent" : 26, "left" : null, "right" : null, "svalue" : 0, "sindex" : 0 },
			"Node_47" : { "leaf_value" : [ ], "parent" : 27, "left" : 77, "right" : 78, "svalue" : 3, "sindex" : 62 },
			"Node_48" : { "leaf_value" : [ ], "parent" : 27, "left" : 79, "right" : 80, "svalue" : 7, "sindex" : 35 },
			"Node_49" : { "leaf_value" : [ ], "parent" : 28, "left" : 81, "right" : 82, "svalue" : 11, "sindex" : 34 },
			"Node_50" : { "leaf_value" : [ ], "parent" : 28, "left" : 83, "right" : 84, "svalue" : 8, "sindex" : 26 },
			"Node_51" : { "leaf_value" : [ -0.098731138, 0.011502986, -0.0016134673, -0.092525996, -0.091373041, 0.20779504, -0.098915026, -0.090011708, -0.10295316, -0.11067281 ], "parent" : 29, "left" : null, "right" : null, "svalue" : 0, "sindex" : 0 },
			"Node_52" : { "leaf_value" : [ -0.084247597, -0.091017492, -0.086001523, 0.034256041, -0.07908304, 0.16038443, -0.084503196, -0.080854051, 0.13068286, -0.042972352 ], "parent" : 29, "left" : null, "right" : null, "svalue" : 0, "sindex" : 0 },
			"Node_53" : { "leaf_value" : [ 0.032188587, -0.085949287, -0.083790407, -0.095855638, -0.078986019, -0.085988916, -0.082308479, -0.080222756, -0.083842747, 0.20873778 ], "parent" : 31, "left" : null, "right" : null, "svalue" : 0, "sindex" : 0 },
			"Node_54" : { "leaf_value" : [ -0.11029714, -0.10982387, -0.10797649, -0.11012235, -0.10529473, -0.11693187, -0.10803265, -0.10663147, -0.030832257, 0.21765457 ], "parent" : 31, "left" : null, "right" : null, "svalue" : 0, "sindex" : 0 },
			"Node_55" : { "leaf_value" : [ 0.20418793, -0.13609205, -0.13606885, -0.13592616, -0.13706531, -0.13726544, -0.13748398, -0.13603742, -0.13799159, -0.13698918 ], "parent" : 34, "left" : null, "right" : null, "svalue" : 0, "sindex" : 0 },
			"Node_56" : { "leaf_value" : [ 0.14478247, -0.082980327, -0.082869969, -0.07985501, -0.081174217, -0.089224733, -0.082993828, -0.07919421, 0.14516348, -0.087005168 ], "parent" : 34, "left" : null, "right" : null, "svalue" : 0, "sindex" : 0 },
			"Node_57" : { "leaf_value" : [ -0.13656172, 0.17773461, 0.19121619, -0.13284294, -0.1438639, -0.14423855, -0.12171577, -0.13831207, -0.10271712, -0.13968737 ], "parent" : 35, "left" : null, "right" : null, "svalue" : 0, "sindex" : 0 },
			"Node_58" : { "leaf_value" : [ -0.1154954, -0.0051234681, -0.084629327, 0.24120076, -0.12466444, -0.13642247, 0.029457176, -0.014396165, -0.072558783, -0.069889635 ], "parent" : 35, "left" : null, "right" : null, "svalue" : 0, "sindex" : 0 },
			"Node_59" : { "leaf_value" : [ -0.14089915, -0.14866023, -0.14604934, -0.15127519, -0.1288684, 0.30561656, -0.12674952, -0.14567327, -0.15687478, -0.15170266 ], "parent" : 37, "left" : null, "right" : null, "svalue" : 0, "sindex" : 0 },
			"Node_60" : { "leaf_value" : [ -0.091817155, -0.10024847, -0.097974002, -0.11282071, 0.070526555, 0.10126862, -0.10075482, 0.30130994, -0.10566344, -0.11162145 ], "parent" : 37, "left" : null, "right" : null, "svalue" : 0, "sindex" : 0 },
			"Node_61" : { "leaf_value" : [ -0.10230484, -0.06847778, -0.049878735, 0.24484387, -0.049505379, -0.029424977, -0.10995366, -0.10943407, -0.050140195, -0.042038593 ], "parent" : 38, "left" : null, "right" : null, "svalue" : 0, "sindex" : 0 },
			"Node_62" : { "leaf_value" : [ -0.087305389, 0.12249615, 0.1116781, -0.10069729, -0.045953181, -0.048871633, -0.096779756, 0.050416682, -0.028469462, -0.09298642 ], "parent" : 38, "left" : null, "right" : null, "svalue" : 0, "sindex" : 0 },
			"Node_63" : { "leaf_value" : [ -0.13177831, -0.13943833, -0.030980214, 0.25203106, -0.13409919, -0.13700728, -0.13329813, -0.14554849, -0.14331061, -0.12790129 ], "parent" : 39, "left" : null, "right" : null, "svalue" : 0, "sindex" : 0 },
			"Node_64" : { "leaf_value" : [ -0.14024296, -0.074246623, -0.10202304, 0.018208889, -0.080384612, -0.15559869, -0.14701378, -0.063086733, -0.13380615, 0.31399781 ], "parent" : 39, "left" : null, "right" : null, "svalue" : 0, "sindex" : 0 },
			"Node_65" : { "leaf_value" : [ -0.14405456, -0.15424299, -0.11957098, -0.04844055, 0.06466905, -0.14815229, -0.14659278, 0.16039324, 0.11862565, -0.058500037 ], "parent" : 40, "left" : null, "right" : null, "svalue" : 0, "sindex" : 0 },
			"Node_66" : { "leaf_value" : [ -0.12451508, -0.14180462, 0.24484435, -0.11536977, -0.13060775, -0.13618056, -0.13992122, -0.12953979, 0.18313888, -0.098325148 ], "parent" : 40, "left" : null, "right" : null, "svalue" : 0, "sindex" : 0 },
			"Node_67" : { "leaf_value" : [ -0.089054331, 0.1315618, -0.10572732, 0.022555148, -0.019126359, -0.09295775, -0.094957419, 0.13876311, -0.10597024, -0.10526521 ], "parent" : 41, "left" : null, "right" : null, "svalue" : 0, "sindex" : 0 },
			"Node_68" : { "leaf_value" : [ -0.12614228, 0.31505865, -0.04493187, -0.11470083, -0.095375143, -0.1328997, -0.13345513, -0.12989108, -0.14133547, -0.16632012 ], "parent" : 41, "left" : null, "right" : null, "svalue" : 0, "sindex" : 0 },
			"Node_69" : { "leaf_value" : [ -0.11978965, -0.092865877, 0.1170992, 0.16608682, -0.12333321, 0.035970513, -0.12526813, 0.0050199144, -0.068465695, -0.13500586 ], "parent" : 42, "left" : null, "right" : null, "svalue" : 0, "sindex" : 0 },
			"Node_70" : { "leaf_value" : [ -0.10542928, -0.11665805, -0.023158647, -0.02688395, -0.11116702, -0.12384322, -0.11747802, 0.031299833, -0.075078003, 0.25753909 ], "parent" : 42, "left" : null, "right" : null, "svalue" : 0, "sindex" : 0 },
			"Node_71" : { "leaf_value" : [ -0.083620884, 0.23493131, 0.015670307, -0.086394474, -0.1365263, -0.093613476, 0.074032813, -0.08740937, -0.10548845, -0.085845545 ], "parent" : 43, "left" : null, "right" : null, "svalue" : 0, "sindex" : 0 },
			"Node_72" : { "leaf_value" : [ -0.082936481, -0.098445557, 0.28904215, -0.11581369, -0.08547695, -0.09113802, -0.0937647, -0.086934119, -0.11149592, -0.088207342 ], "parent" : 43, "left" : null, "right" : null, "svalue" : 0, "sindex" : 0 },
			"Node_73" : { "leaf_value" : [ -0.1433688, -0.15326943, -0.14584479, -0.1465994, -0.090819277, -0.10266349, 0.27037141, -0.10380602, -0.15751949, -0.15019491 ], "parent" : 44, "left" : null, "right" : null, "svalue" : 0, "sindex" : 0 },
			"Node_74" : { "leaf_value" : [ -0.090798356, -0.035665583, -0.10650089, 0.021527328, 0.0094975661, -0.10572769, -0.11487493, 0.11385074, 0.22464885, -0.1007429 ], "parent" : 44, "left" : null, "right" : null, "svalue" : 0, "sindex" : 0 },
			"Node_75" : { "leaf_value" : [ -0.10945046, -0.13488878, -0.11132302, -0.11097047, 0.26612005, -0.11597642, -0.12727402, -0.11644728, -0.12529241, -0.11460801 ], "parent" : 45, "left" : null, "right" : null, "svalue" : 0, "sindex" : 0 },
			"Node_76" : { "leaf_value" : [ -0.081439197, 0.033571105, -0.085365348, -0.082025677, 0.19441165, -0.099296637, -0.090288147, -0.089065112, -0.098457515, -0.082625106 ], "parent" : 45, "left" : null, "right" : null, "svalue" : 0, "sindex" : 0 },
			"Node_77" : { "leaf_value" : [ -0.072108813, -0.15804225, -0.12538603, -0.073349722, -0.11991157, -0.14552659, -0.145354, 0.056562994, 0.24928237, -0.1453471 ], "parent" : 47, "left" : null, "right" : null, "svalue" : 0, "sindex" : 0 },
			"Node_78" : { "leaf_value" : [ -0.11058774, -0.13030745, 0.18525201, -0.085647017, -0.11322414, -0.11692736, -0.13281725, -0.11256562, 0.20586847, -0.12104109 ], "parent" : 47, "left" : null, "right" : null, "svalue" : 0, "sindex" : 0 },
			"Node_79" : { "leaf_value" : [ -0.077792466, -0.09254536, -0.08116208, 0.055095967, 0.1872316, -0.08202289, -0.088337719, -0.09115611, -0.088436142, -0.092045851 ], "parent" : 48, "left" : null, "right" : null, "svalue" : 0, "sindex" : 0 },
			"Node_80" : { "leaf_value" : [ -0.10869297, -0.12490696, -0.10723796, -0.10855617, 0.19858538, -0.11123774, -0.028398445, -0.064285353, -0.056301687, -0.10790055 ], "parent" : 48, "left" : null, "right" : null, "svalue" : 0, "sindex" : 0 },
			"Node_81" : { "leaf_value" : [ -0.087409697, -0.17300041, 0.13180244, -0.049979582, -0.093486488, -0.093965523, -0.094070368, -0.031629153, 0.21836942, 0.022703364 ], "parent" : 49, "left" : null, "right" : null, "svalue" : 0, "sindex" : 0 },
			"Node_82" : { "leaf_value" : [ -0.09359172, 0.14564098, -0.10234868, -0.10796473, 0.028947644, -0.10093603, -0.10379613, 0.039342392, 0.13115205, -0.10250739 ], "parent" : 49, "left" : null, "right" : null, "svalue" : 0, "sindex" : 0 },
			"Node_83" : { "leaf_value" : [ -0.082166635, 0.19200699, -0.062182669, -0.09359657, -0.099001817, -0.082504019, -0.087135047, 0.12626159, -0.10320345, -0.088018157 ], "parent" : 50, "left" : null, "right" : null, "svalue" : 0, "sindex" : 0 },
			"Node_84" : { "leaf_value" : [ -0.097001888, 0.25434518, -0.10421831, -0.098093197, -0.047173437, -0.099390432, -0.10194713, -0.10473904, -0.13569453, -0.099793166 ], "parent" : 50, "left" : null, "right" : null, "svalue" : 0, "sindex" : 0 }
		}
	}
}
TREE_JSON_DUMP_END
MCU_DEPLOY_CLASSIFICATION_CODE step 6
MCU_DEPLOY_CLASSIFICATION_CODE step 7
MLLITE_AUTO_DEPLOY_DIGITS_ORIGINAL_APPLY_OUTPUT_CLASS  [ 0, 1, 2, 3, 4,  ... , 9, 0, 8, 9, 8 ]
MLLITE_AUTO_DEPLOY_DIGITS_ORIGINAL_APPLY_OUTPUT_PROBA 0 [ 0.82704252, 0.018973669, 0.018928532, 0.018994948, 0.018871745, 0.019480545, 0.019998807, 0.018954132, 0.019388592, 0.01936649 ]
MLLITE_AUTO_DEPLOY_DIGITS_ORIGINAL_APPLY_OUTPUT_PROBA 1 [ 0.022403754, 0.74083483, 0.025933554, 0.023368891, 0.042391401, 0.023062756, 0.027889833, 0.024758494, 0.045197543, 0.024158856 ]
MLLITE_AUTO_DEPLOY_DIGITS_ORIGINAL_APPLY_OUTPUT_PROBA 2 [ 0.041119367, 0.080912486, 0.51062012, 0.04407819, 0.037413936, 0.038652297, 0.077419467, 0.037733808, 0.089932069, 0.042118166 ]
MLLITE_AUTO_DEPLOY_DIGITS_ORIGINAL_APPLY_OUTPUT_PROBA 3 [ 0.032774135, 0.050418798, 0.07047525, 0.57200921, 0.046741247, 0.036726702, 0.059153426, 0.040725298, 0.048644699, 0.042331286 ]
MLLITE_AUTO_DEPLOY_DIGITS_ORIGINAL_APPLY_OUTPUT_PROBA 4 [ 0.049057372, 0.037095033, 0.034429692, 0.034945983, 0.62076092, 0.040840335, 0.078949064, 0.034831271, 0.034509409, 0.034580875 ]
...
MLLITE_AUTO_DEPLOY_DIGITS_ORIGINAL_APPLY_OUTPUT_PROBA 1792 [ 0.028196141, 0.037612569, 0.033614367, 0.054356847, 0.032960817, 0.058103781, 0.045623895, 0.028528618, 0.060490943, 0.62051201 ]
MLLITE_AUTO_DEPLOY_DIGITS_ORIGINAL_APPLY_OUTPUT_PROBA 1793 [ 0.73028332, 0.027186083, 0.027147014, 0.027236948, 0.027108608, 0.037055917, 0.027082134, 0.027181333, 0.038845602, 0.030872969 ]
MLLITE_AUTO_DEPLOY_DIGITS_ORIGINAL_APPLY_OUTPUT_PROBA 1794 [ 0.040132914, 0.20531973, 0.050362535, 0.038891338, 0.049354512, 0.044320498, 0.038605954, 0.043095563, 0.45594925, 0.033967603 ]
MLLITE_AUTO_DEPLOY_DIGITS_ORIGINAL_APPLY_OUTPUT_PROBA 1795 [ 0.029960157, 0.036995504, 0.037325907, 0.053321913, 0.032799281, 0.061550364, 0.048223045, 0.032174166, 0.065831043, 0.6018185 ]
MLLITE_AUTO_DEPLOY_DIGITS_ORIGINAL_APPLY_OUTPUT_PROBA 1796 [ 0.02621852, 0.036740977, 0.03217525, 0.031854402, 0.033811942, 0.028339999, 0.029520115, 0.032813016, 0.71723348, 0.031292394 ]
MLLITE_AUTO_DEPLOY_DIGITS_ORIGINAL_CLASS_PERFS { "count" : 1797, "precision" : 0.95102948,  "AUC" : [ 0.99980569, 0.99740756, 0.99873751, 0.99708152, 0.99898118, 0.99908823, 0.99910426, 0.99877083, 0.99543202, 0.99752283 ] }
This will be printed
MCU_DEPLOY_CLASSIFICATION_CODE step 8
MCU_DEPLOY_CLASSIFICATION_CODE done
MLLITE_MCU_TIMER_OPERATION_ELAPSED_SECONDS 'MLLITE.MCU_DEPLOY.CLASSIFICATION.Friedman_XGB.DIGITS_ORIGINAL' 4
MLLITE_MCU_TIMER_OPERATION_END 'MLLITE.MCU_DEPLOY.CLASSIFICATION.Friedman_XGB.DIGITS_ORIGINAL' [ 'Tue Jan 23 09:44:26 2024' ]
MCU_DEPLOY_ON_TARGET_X86_64_END
