MCU_DEPLOY_ON_TARGET_X86_64_START
MLLITE_MCU_TIMER_OPERATION_START 'MLLITE.MCU_DEPLOY.CLASSIFICATION.Friedman_XGB.DIGITS_MEDIUM' [ 'Tue Jan 23 09:44:22 2024' ]
MLLite starting
MCU_DEPLOY_CLASSIFICATION_CODE step 1
MCU_DEPLOY_CLASSIFICATION_CODE step 2
MCU_DEPLOY_CLASSIFICATION_CODE step 3
MCU_DEPLOY_CLASSIFICATION_MODEL_OPTIONS
{ "base_score" : [ ], "early_stopping_rounds" : 0, "eval_metric" : "", "gamma" : 0, "grow_policy" : 0, "learning_rate" : 0.30000001, "max_bin" : 5, "max_depth" : 6, "max_leaves" : 0, "min_child_weight" : 1, "n_estimators" : 6, "objective" : "reg:squarederror", "reg_alpha" : 0, "reg_lambda" : 1, "tree_method" : "auto" }
MCU_DEPLOY_CLASSIFICATION_CODE step 4
PROGRESS_REPORT_ELAPSED_TOTAL 'XGB_CLASSIFIER_FIT' 1 3
PROGRESS_REPORT_ELAPSED_TOTAL 'XGB_CLASSIFIER_FIT' 2 3
PROGRESS_REPORT_ELAPSED_TOTAL 'XGB_MODEL_FIT' 1 8
PROGRESS_REPORT_ELAPSED_TOTAL 'XGB_MODEL_FIT' 2 8
PROGRESS_REPORT_ELAPSED_TOTAL 'XGB_MODEL_FIT' 3 8
PROGRESS_REPORT_ELAPSED_TOTAL 'XGB_MODEL_FIT' 4 8
PROGRESS_REPORT_ELAPSED_TOTAL 'XGB_MODEL_FIT' 5 8
PROGRESS_REPORT_ELAPSED_TOTAL 'XGB_MODEL_FIT' 6 8
PROGRESS_REPORT_ELAPSED_TOTAL 'XGB_MODEL_FIT' 7 8
PROGRESS_REPORT_ELAPSED_TOTAL 'XGB_MODEL_FIT' 8 8
PROGRESS_REPORT_ELAPSED_TOTAL 'XGB_CLASSIFIER_FIT' 3 3
MCU_DEPLOY_CLASSIFICATION_CODE step 5
TREE_JSON_DUMP_START
{
	"metadata" : { "model" : "Friedman_XGB", "version" : "2024-W03"},
	"options" : { "base_score" : [ ], "early_stopping_rounds" : 0, "eval_metric" : "", "gamma" : 0, "grow_policy" : 0, "learning_rate" : 0.30000001, "max_bin" : 5, "max_depth" : 6, "max_leaves" : 0, "min_child_weight" : 1, "n_estimators" : 6, "objective" : "reg:squarederror", "reg_alpha" : 0, "reg_lambda" : 1, "tree_method" : "auto" },
	"classes" : [ 0, 1, 2, 3, 4, 5, 6, 7, 8, 9 ],
	"booster" : {
		"BaseScore" : [ 0.099609375, 0.1015625, 0.1015625, 0.10351562, 0.099609375, 0.1015625, 0.099609375, 0.099609375, 0.095703125, 0.09765625 ],
		"Trees" : 6,
		"Tree_0" : {
			"Node_00" : { "leaf_value" : [ ], "parent" : null, "left" : 1, "right" : 2, "svalue" : 4, "sindex" : 36 },
			"Node_01" : { "leaf_value" : [ ], "parent" : 0, "left" : 3, "right" : 4, "svalue" : 7, "sindex" : 27 },
			"Node_02" : { "leaf_value" : [ ], "parent" : 0, "left" : 5, "right" : 6, "svalue" : 8, "sindex" : 60 },
			"Node_03" : { "leaf_value" : [ ], "parent" : 1, "left" : 7, "right" : 8, "svalue" : 10, "sindex" : 2 },
			"Node_04" : { "leaf_value" : [ ], "parent" : 1, "left" : 9, "right" : 10, "svalue" : 11, "sindex" : 29 },
			"Node_05" : { "leaf_value" : [ ], "parent" : 2, "left" : 11, "right" : 12, "svalue" : 12, "sindex" : 27 },
			"Node_06" : { "leaf_value" : [ ], "parent" : 2, "left" : 13, "right" : 14, "svalue" : 1, "sindex" : 45 },
			"Node_07" : { "leaf_value" : [ 1.3288445, -0.14764629, -0.14764629, -0.14770767, -0.14758492, -0.14764629, -0.14758492, -0.14758492, -0.14746232, -0.14752361 ], "parent" : 3, "left" : null, "right" : null, "svalue" : 0, "sindex" : 0 },
			"Node_08" : { "leaf_value" : [ 0.43817466, -0.092993498, -0.092993498, -0.09308511, -0.09290193, 0.30492866, -0.09290193, -0.09290193, -0.092718951, -0.092810504 ], "parent" : 3, "left" : null, "right" : null, "svalue" : 0, "sindex" : 0 },
			"Node_09" : { "leaf_value" : [ ], "parent" : 4, "left" : 15, "right" : 16, "svalue" : 16, "sindex" : 18 },
			"Node_10" : { "leaf_value" : [ ], "parent" : 4, "left" : 17, "right" : 18, "svalue" : 16, "sindex" : 26 },
			"Node_11" : { "leaf_value" : [ ], "parent" : 5, "left" : 19, "right" : 20, "svalue" : 8, "sindex" : 53 },
			"Node_12" : { "leaf_value" : [ ], "parent" : 5, "left" : 21, "right" : 22, "svalue" : 16, "sindex" : 10 },
			"Node_13" : { "leaf_value" : [ ], "parent" : 6, "left" : 23, "right" : 24, "svalue" : 9, "sindex" : 61 },
			"Node_14" : { "leaf_value" : [ ], "parent" : 6, "left" : 25, "right" : 26, "svalue" : 8, "sindex" : 54 },
			"Node_15" : { "leaf_value" : [ ], "parent" : 9, "left" : 27, "right" : 28, "svalue" : 15, "sindex" : 3 },
			"Node_16" : { "leaf_value" : [ 0.039867297, -0.092993498, -0.092993498, -0.093085103, -0.092901953, 0.70285094, -0.092901953, -0.092901953, -0.092718944, -0.092810415 ], "parent" : 9, "left" : null, "right" : null, "svalue" : 0, "sindex" : 0 },
			"Node_17" : { "leaf_value" : [ ], "parent" : 10, "left" : 29, "right" : 30, "svalue" : 13, "sindex" : 3 },
			"Node_18" : { "leaf_value" : [ 0.34625062, -0.086611189, -0.086611189, -0.086702257, -0.086520173, 0.057515752, -0.086520173, -0.086520173, -0.086338237, 0.20234472 ], "parent" : 10, "left" : null, "right" : null, "svalue" : 0, "sindex" : 0 },
			"Node_19" : { "leaf_value" : [ ], "parent" : 11, "left" : 31, "right" : 32, "svalue" : 5, "sindex" : 29 },
			"Node_20" : { "leaf_value" : [ -0.09290193, 0.039647207, 0.17228791, 0.43696415, -0.092901923, -0.092993461, -0.09290193, -0.092901558, -0.092718996, -0.092810504 ], "parent" : 11, "left" : null, "right" : null, "svalue" : 0, "sindex" : 0 },
			"Node_21" : { "leaf_value" : [ ], "parent" : 12, "left" : 33, "right" : 34, "svalue" : 5, "sindex" : 2 },
			"Node_22" : { "leaf_value" : [ ], "parent" : 12, "left" : 35, "right" : 36, "svalue" : 10, "sindex" : 2 },
			"Node_23" : { "leaf_value" : [ ], "parent" : 13, "left" : 37, "right" : 38, "svalue" : 16, "sindex" : 12 },
			"Node_24" : { "leaf_value" : [ ], "parent" : 13, "left" : 39, "right" : 40, "svalue" : 12, "sindex" : 27 },
			"Node_25" : { "leaf_value" : [ ], "parent" : 14, "left" : 41, "right" : 42, "svalue" : 11, "sindex" : 34 },
			"Node_26" : { "leaf_value" : [ ], "parent" : 14, "left" : 43, "right" : 44, "svalue" : 11, "sindex" : 42 },
			"Node_27" : { "leaf_value" : [ -0.086520165, -0.086611181, -0.086611181, -0.086702257, 0.20199373, -0.086611181, 0.05773678, -0.086520165, 0.34721294, -0.086429179 ], "parent" : 15, "left" : null, "right" : null, "svalue" : 0, "sindex" : 0 },
			"Node_28" : { "leaf_value" : [ -0.086520165, -0.086611181, 0.63402343, -0.086702257, -0.086520165, -0.086611181, -0.086520165, -0.086520165, 0.05817882, -0.086429179 ], "parent" : 15, "left" : null, "right" : null, "svalue" : 0, "sindex" : 0 },
			"Node_29" : { "leaf_value" : [ -0.086520165, -0.086611189, -0.086611189, -0.086702257, -0.086520165, 0.057515752, -0.086520165, -0.086520165, -0.086338252, 0.63550574 ], "parent" : 17, "left" : null, "right" : null, "svalue" : 0, "sindex" : 0 },
			"Node_30" : { "leaf_value" : [ ], "parent" : 17, "left" : 45, "right" : 46, "svalue" : 1, "sindex" : 9 },
			"Node_31" : { "leaf_value" : [ -0.086520165, -0.086611189, -0.086611189, 0.057294715, 0.05773678, 0.34576961, -0.086520165, 0.057736792, -0.086338252, -0.086429179 ], "parent" : 19, "left" : null, "right" : null, "svalue" : 0, "sindex" : 0 },
			"Node_32" : { "leaf_value" : [ ], "parent" : 19, "left" : 47, "right" : 48, "svalue" : 2, "sindex" : 5 },
			"Node_33" : { "leaf_value" : [ -0.092901945, 0.30492878, -0.092993513, -0.093085095, -0.092901945, -0.092993513, -0.092901945, 0.039867289, -0.092718951, 0.30588284 ], "parent" : 21, "left" : null, "right" : null, "svalue" : 0, "sindex" : 0 },
			"Node_34" : { "leaf_value" : [ -0.08652015, -0.086611189, -0.086611181, 0.057294708, -0.08652015, -0.086611181, -0.08652015, 0.20199372, 0.34721294, -0.086429171 ], "parent" : 21, "left" : null, "right" : null, "svalue" : 0, "sindex" : 0 },
			"Node_35" : { "leaf_value" : [ -0.086520165, -0.086611189, -0.086611189, -0.086702257, -0.086520165, 0.20164268, -0.086520165, -0.086520165, 0.058178805, 0.34673178 ], "parent" : 22, "left" : null, "right" : null, "svalue" : 0, "sindex" : 0 },
			"Node_36" : { "leaf_value" : [ -0.10712482, -0.1072145, -0.1072145, -0.10730424, -0.10712482, 0.96325904, -0.10712482, -0.10712482, -0.10694551, -0.10703515 ], "parent" : 22, "left" : null, "right" : null, "svalue" : 0, "sindex" : 0 },
			"Node_37" : { "leaf_value" : [ -0.1030352, -0.10312586, 0.12568544, -0.10321657, 0.011493365, 0.011279793, -0.1030352, -0.1030352, 0.47101894, -0.10294458 ], "parent" : 23, "left" : null, "right" : null, "svalue" : 0, "sindex" : 0 },
			"Node_38" : { "leaf_value" : [ -0.08652015, 0.63402343, 0.05751574, -0.086702265, -0.086520165, -0.086611181, -0.08652015, -0.08652015, -0.086338237, -0.086429171 ], "parent" : 23, "left" : null, "right" : null, "svalue" : 0, "sindex" : 0 },
			"Node_39" : { "leaf_value" : [ -0.14061119, -0.14067988, 1.2639258, -0.14074855, -0.14061119, -0.14067988, -0.14061119, -0.14061119, -0.14047393, -0.14054255 ], "parent" : 24, "left" : null, "right" : null, "svalue" : 0, "sindex" : 0 },
			"Node_40" : { "leaf_value" : [ -0.086520143, 0.05751574, 0.63402343, -0.086702272, -0.086520143, -0.086611189, -0.086520143, -0.086520143, -0.086338252, -0.086429209 ], "parent" : 24, "left" : null, "right" : null, "svalue" : 0, "sindex" : 0 },
			"Node_41" : { "leaf_value" : [ ], "parent" : 25, "left" : 49, "right" : 50, "svalue" : 16, "sindex" : 44 },
			"Node_42" : { "leaf_value" : [ ], "parent" : 25, "left" : 51, "right" : 52, "svalue" : 12, "sindex" : 13 },
			"Node_43" : { "leaf_value" : [ ], "parent" : 26, "left" : 53, "right" : 54, "svalue" : 15, "sindex" : 29 },
			"Node_44" : { "leaf_value" : [ ], "parent" : 26, "left" : 55, "right" : 56, "svalue" : 7, "sindex" : 13 },
			"Node_45" : { "leaf_value" : [ -0.1030352, -0.10312586, -0.10312586, -0.10321656, -0.1030352, -0.10312586, -0.1030352, -0.1030352, -0.10285398, 0.92891926 ], "parent" : 30, "left" : null, "right" : null, "svalue" : 0, "sindex" : 0 },
			"Node_46" : { "leaf_value" : [ -0.08652015, -0.086611189, -0.086611189, 0.057294708, -0.08652015, -0.086611189, -0.08652015, -0.08652015, -0.086338252, 0.63550574 ], "parent" : 30, "left" : null, "right" : null, "svalue" : 0, "sindex" : 0 },
			"Node_47" : { "leaf_value" : [ -0.092901945, -0.092993498, -0.092993498, -0.093085103, 0.30540571, -0.092993498, -0.092901945, 0.43817487, -0.092718951, -0.092810422 ], "parent" : 32, "left" : null, "right" : null, "svalue" : 0, "sindex" : 0 },
			"Node_48" : { "leaf_value" : [ -0.14587258, -0.1459358, -0.1459358, -0.14599909, -0.14587258, -0.1459358, -0.14587258, 1.3134267, -0.14574619, -0.14580935 ], "parent" : 32, "left" : null, "right" : null, "svalue" : 0, "sindex" : 0 },
			"Node_49" : { "leaf_value" : [ -0.15675952, -0.12122675, -0.12122674, 0.48258924, -0.15675952, 0.11006289, -0.15675952, -0.13893892, 0.20091854, 0.057487134 ], "parent" : 41, "left" : null, "right" : null, "svalue" : 0, "sindex" : 0 },
			"Node_50" : { "leaf_value" : [ -0.14263786, 0.97988158, -0.14270455, -0.14277121, -0.14263786, -0.013175403, -0.14263786, -0.14263789, -0.012396808, -0.099266373 ], "parent" : 41, "left" : null, "right" : null, "svalue" : 0, "sindex" : 0 },
			"Node_51" : { "leaf_value" : [ -0.15084232, -0.094045348, -0.15089995, -0.15095754, 1.073454, -0.094045348, -0.036954314, -0.15084232, -0.093603991, -0.15078475 ], "parent" : 42, "left" : null, "right" : null, "svalue" : 0, "sindex" : 0 },
			"Node_52" : { "leaf_value" : [ -0.13730948, 0.49569768, -0.1373813, -0.13745308, -0.084477276, -0.031868123, 0.021186821, 0.021186834, 0.074767843, -0.084330037 ], "parent" : 42, "left" : null, "right" : null, "svalue" : 0, "sindex" : 0 },
			"Node_53" : { "leaf_value" : [ -0.13041919, -0.13049673, 0.1952365, 0.38989115, -0.13041919, 0.064943209, -0.13041919, -0.13041919, 0.06597396, -0.065017752 ], "parent" : 43, "left" : null, "right" : null, "svalue" : 0, "sindex" : 0 },
			"Node_54" : { "leaf_value" : [ -0.1030352, -0.10312586, -0.10312583, 0.011066268, -0.1030352, -0.10312586, -0.1030352, -0.1030352, -0.10285398, 0.81426769 ], "parent" : 43, "left" : null, "right" : null, "svalue" : 0, "sindex" : 0 },
			"Node_55" : { "leaf_value" : [ -0.14718384, -0.14724563, -0.14724563, -0.14730749, -0.14718384, -0.14724563, 1.325233, -0.14718384, -0.14706036, -0.1471221 ], "parent" : 44, "left" : null, "right" : null, "svalue" : 0, "sindex" : 0 },
			"Node_56" : { "leaf_value" : [ -0.086520121, -0.086611189, -0.086611189, 0.057294693, -0.086520121, -0.086611189, 0.057737127, -0.086520121, 0.49172989, -0.086429134 ], "parent" : 44, "left" : null, "right" : null, "svalue" : 0, "sindex" : 0 }
		},
		"Tree_1" : {
			"Node_00" : { "leaf_value" : [ ], "parent" : null, "left" : 1, "right" : 2, "svalue" : 16, "sindex" : 20 },
			"Node_01" : { "leaf_value" : [ ], "parent" : 0, "left" : 3, "right" : 4, "svalue" : 16, "sindex" : 10 },
			"Node_02" : { "leaf_value" : [ ], "parent" : 0, "left" : 5, "right" : 6, "svalue" : 2, "sindex" : 58 },
			"Node_03" : { "leaf_value" : [ ], "parent" : 1, "left" : 7, "right" : 8, "svalue" : 11, "sindex" : 58 },
			"Node_04" : { "leaf_value" : [ ], "parent" : 1, "left" : 9, "right" : 10, "svalue" : 6, "sindex" : 21 },
			"Node_05" : { "leaf_value" : [ ], "parent" : 2, "left" : 11, "right" : 12, "svalue" : 3, "sindex" : 61 },
			"Node_06" : { "leaf_value" : [ ], "parent" : 2, "left" : 13, "right" : 14, "svalue" : 4, "sindex" : 43 },
			"Node_07" : { "leaf_value" : [ ], "parent" : 3, "left" : 15, "right" : 16, "svalue" : 4, "sindex" : 36 },
			"Node_08" : { "leaf_value" : [ ], "parent" : 3, "left" : 17, "right" : 18, "svalue" : 4, "sindex" : 43 },
			"Node_09" : { "leaf_value" : [ ], "parent" : 4, "left" : 19, "right" : 20, "svalue" : 2, "sindex" : 5 },
			"Node_10" : { "leaf_value" : [ ], "parent" : 4, "left" : 21, "right" : 22, "svalue" : 11, "sindex" : 42 },
			"Node_11" : { "leaf_value" : [ -0.10070906, -0.10303699, -0.10079216, -0.10161145, 0.48244277, -0.10555086, -0.10523527, -0.10144619, -0.10279694, -0.10062601 ], "parent" : 5, "left" : null, "right" : null, "svalue" : 0, "sindex" : 0 },
			"Node_12" : { "leaf_value" : [ ], "parent" : 5, "left" : 23, "right" : 24, "svalue" : 7, "sindex" : 13 },
			"Node_13" : { "leaf_value" : [ ], "parent" : 6, "left" : 25, "right" : 26, "svalue" : 4, "sindex" : 36 },
			"Node_14" : { "leaf_value" : [ ], "parent" : 6, "left" : 27, "right" : 28, "svalue" : 8, "sindex" : 60 },
			"Node_15" : { "leaf_value" : [ ], "parent" : 7, "left" : 29, "right" : 30, "svalue" : 11, "sindex" : 28 },
			"Node_16" : { "leaf_value" : [ ], "parent" : 7, "left" : 31, "right" : 32, "svalue" : 6, "sindex" : 21 },
			"Node_17" : { "leaf_value" : [ ], "parent" : 8, "left" : 33, "right" : 34, "svalue" : 1, "sindex" : 9 },
			"Node_18" : { "leaf_value" : [ -0.10546475, -0.10631023, 0.17302254, -0.011042138, -0.10688046, -0.10670805, -0.10674145, 0.17359111, 0.16523701, -0.10628377 ], "parent" : 8, "left" : null, "right" : null, "svalue" : 0, "sindex" : 0 },
			"Node_19" : { "leaf_value" : [ -0.10907417, -0.11106101, 0.46140012, 0.049642809, -0.10907417, -0.1133395, -0.10907417, -0.10919303, -0.11441023, -0.013999519 ], "parent" : 9, "left" : null, "right" : null, "svalue" : 0, "sindex" : 0 },
			"Node_20" : { "leaf_value" : [ ], "parent" : 9, "left" : 35, "right" : 36, "svalue" : 14, "sindex" : 12 },
			"Node_21" : { "leaf_value" : [ ], "parent" : 10, "left" : 37, "right" : 38, "svalue" : 11, "sindex" : 29 },
			"Node_22" : { "leaf_value" : [ ], "parent" : 10, "left" : 39, "right" : 40, "svalue" : 7, "sindex" : 27 },
			"Node_23" : { "leaf_value" : [ -0.084048092, 0.32167166, -0.085223921, -0.084216595, 0.19894728, -0.086866125, -0.086212963, -0.085056901, -0.086622715, -0.087986104 ], "parent" : 12, "left" : null, "right" : null, "svalue" : 0, "sindex" : 0 },
			"Node_24" : { "leaf_value" : [ -0.14202169, 0.72774529, -0.14277424, -0.14441891, -0.1477787, -0.14536616, -0.1437117, -0.14380881, -0.14640887, -0.14423637 ], "parent" : 12, "left" : null, "right" : null, "svalue" : 0, "sindex" : 0 },
			"Node_25" : { "leaf_value" : [ -0.099803135, -0.092681959, -0.092681959, 0.029724305, -0.092597157, 0.15564847, -0.092597157, -0.092597157, -0.092427649, 0.32614514 ], "parent" : 13, "left" : null, "right" : null, "svalue" : 0, "sindex" : 0 },
			"Node_26" : { "leaf_value" : [ -0.11193179, -0.11319616, -0.1167602, 0.75569439, -0.11193179, -0.12287005, -0.11193179, -0.11252263, -0.12587188, -0.11973438 ], "parent" : 13, "left" : null, "right" : null, "svalue" : 0, "sindex" : 0 },
			"Node_27" : { "leaf_value" : [ -0.086885184, -0.086969912, -0.086969912, -0.089136146, -0.099760376, -0.090693958, -0.086885184, 0.61101669, -0.090436198, -0.086800486 ], "parent" : 14, "left" : null, "right" : null, "svalue" : 0, "sindex" : 0 },
			"Node_28" : { "leaf_value" : [ ], "parent" : 14, "left" : 41, "right" : 42, "svalue" : 6, "sindex" : 21 },
			"Node_29" : { "leaf_value" : [ ], "parent" : 15, "left" : 43, "right" : 44, "svalue" : 4, "sindex" : 30 },
			"Node_30" : { "leaf_value" : [ ], "parent" : 15, "left" : 45, "right" : 46, "svalue" : 15, "sindex" : 21 },
			"Node_31" : { "leaf_value" : [ ], "parent" : 16, "left" : 47, "right" : 48, "svalue" : 2, "sindex" : 54 },
			"Node_32" : { "leaf_value" : [ ], "parent" : 16, "left" : 49, "right" : 50, "svalue" : 12, "sindex" : 27 },
			"Node_33" : { "leaf_value" : [ -0.086451374, -0.088149615, -0.091611914, 0.55976933, -0.087514549, -0.096580513, -0.086451374, -0.09007629, 0.027567239, -0.091085225 ], "parent" : 17, "left" : null, "right" : null, "svalue" : 0, "sindex" : 0 },
			"Node_34" : { "leaf_value" : [ -0.12081549, -0.1228321, -0.12569207, 0.80802888, -0.12081552, -0.12917767, -0.12081549, -0.12128205, -0.13170025, -0.13051786 ], "parent" : 17, "left" : null, "right" : null, "svalue" : 0, "sindex" : 0 },
			"Node_35" : { "leaf_value" : [ -0.14246599, -0.14875461, -0.14198801, -0.15028995, -0.1438141, 0.93318403, -0.14057219, -0.14092156, -0.14567111, -0.14422622 ], "parent" : 20, "left" : null, "right" : null, "svalue" : 0, "sindex" : 0 },
			"Node_36" : { "leaf_value" : [ -0.084251538, 0.042553023, 0.020688286, -0.095697947, -0.099798955, 0.46875775, -0.084981024, -0.084483981, -0.089862868, -0.087225281 ], "parent" : 20, "left" : null, "right" : null, "svalue" : 0, "sindex" : 0 },
			"Node_37" : { "leaf_value" : [ -0.092137389, -0.093632981, 0.028900487, 0.20534401, -0.09306822, 0.1261344, -0.092137389, -0.093352221, 0.01783569, 0.016452329 ], "parent" : 21, "left" : null, "right" : null, "svalue" : 0, "sindex" : 0 },
			"Node_38" : { "leaf_value" : [ ], "parent" : 21, "left" : 51, "right" : 52, "svalue" : 15, "sindex" : 36 },
			"Node_39" : { "leaf_value" : [ 0.38825771, -0.10026454, -0.10026454, -0.10034715, -0.10018193, -0.10701146, -0.10018193, 0.11925174, -0.10001679, -0.10009936 ], "parent" : 22, "left" : null, "right" : null, "svalue" : 0, "sindex" : 0 },
			"Node_40" : { "leaf_value" : [ 0.020107353, -0.097459435, -0.1000677, -0.11336935, -0.097933322, -0.10576653, -0.097507007, -0.09702754, 0.6883136, -0.10528293 ], "parent" : 22, "left" : null, "right" : null, "svalue" : 0, "sindex" : 0 },
			"Node_41" : { "leaf_value" : [ ], "parent" : 28, "left" : 53, "right" : 54, "svalue" : 16, "sindex" : 28 },
			"Node_42" : { "leaf_value" : [ -0.1086799, -0.030999739, 0.23910387, -0.11800174, -0.10930938, -0.11300457, -0.10928217, -0.10945938, 0.4211185, -0.11130748 ], "parent" : 28, "left" : null, "right" : null, "svalue" : 0, "sindex" : 0 },
			"Node_43" : { "leaf_value" : [ 0.22297844, -0.083712816, -0.083712816, -0.083796754, -0.090606339, -0.083712816, 0.054878071, -0.083628908, 0.16968769, -0.083545059 ], "parent" : 29, "left" : null, "right" : null, "svalue" : 0, "sindex" : 0 },
			"Node_44" : { "leaf_value" : [ 0.45591968, -0.13831991, -0.13831991, -0.1383775, -0.050501239, -0.14073533, -0.13858616, -0.13826232, -0.13940004, -0.13893801 ], "parent" : 29, "left" : null, "right" : null, "svalue" : 0, "sindex" : 0 },
			"Node_45" : { "leaf_value" : [ -0.087483846, -0.086633898, -0.086633898, -0.087755188, -0.086549498, 0.032988936, -0.086549498, -0.086549498, -0.08638081, 0.44381562 ], "parent" : 30, "left" : null, "right" : null, "svalue" : 0, "sindex" : 0 },
			"Node_46" : { "leaf_value" : [ -0.091912732, -0.091997288, -0.091997288, -0.092995331, -0.091912732, -0.094686799, -0.091912732, -0.091912732, -0.09174373, 0.5200597 ], "parent" : 30, "left" : null, "right" : null, "svalue" : 0, "sindex" : 0 },
			"Node_47" : { "leaf_value" : [ -0.13289373, -0.088354222, -0.13309112, -0.13687596, 0.3925328, 0.021475749, -0.031324442, -0.013086227, -0.084097579, -0.13385853 ], "parent" : 31, "left" : null, "right" : null, "svalue" : 0, "sindex" : 0 },
			"Node_48" : { "leaf_value" : [ -0.14372852, -0.11453637, -0.05418108, -0.079324849, -0.14842245, -0.14440185, 0.45115772, -0.14396183, -0.11255069, -0.14396355 ], "parent" : 31, "left" : null, "right" : null, "svalue" : 0, "sindex" : 0 },
			"Node_49" : { "leaf_value" : [ -0.14855225, -0.15196632, 0.087094568, -0.033181228, 0.14562455, -0.15047026, -0.12379084, 0.28231707, -0.080644079, -0.072335154 ], "parent" : 32, "left" : null, "right" : null, "svalue" : 0, "sindex" : 0 },
			"Node_50" : { "leaf_value" : [ -0.1379209, -0.14991802, -0.13952094, -0.11407759, -0.14477928, -0.1000743, -0.13864601, -0.094047621, 0.72465229, 0.1984949 ], "parent" : 32, "left" : null, "right" : null, "svalue" : 0, "sindex" : 0 },
			"Node_51" : { "leaf_value" : [ -0.1113956, -0.11153458, -0.10810927, -0.1289949, -0.10720894, -0.11758342, -0.10764714, -0.0054129157, -0.11909754, 0.879085 ], "parent" : 38, "left" : null, "right" : null, "svalue" : 0, "sindex" : 0 },
			"Node_52" : { "leaf_value" : [ -0.085903883, -0.10395654, -0.085988253, -0.08914303, -0.086252943, -0.089777492, -0.087012425, -0.087012425, 0.049250964, 0.49806634 ], "parent" : 38, "left" : null, "right" : null, "svalue" : 0, "sindex" : 0 },
			"Node_53" : { "leaf_value" : [ -0.095081754, -0.095346369, 0.57479322, -0.10327616, -0.095734395, -0.098418012, -0.095081754, -0.095171131, -0.10433952, -0.096539356 ], "parent" : 41, "left" : null, "right" : null, "svalue" : 0, "sindex" : 0 },
			"Node_54" : { "leaf_value" : [ -0.083364591, 0.060582086, 0.37761635, -0.092663549, -0.083364591, -0.086379275, -0.083364591, -0.083364591, -0.086136535, -0.084202781 ], "parent" : 41, "left" : null, "right" : null, "svalue" : 0, "sindex" : 0 }
		},
		"Tree_2" : {
			"Node_00" : { "leaf_value" : [ ], "parent" : null, "left" : 1, "right" : 2, "svalue" : 4, "sindex" : 36 },
			"Node_01" : { "leaf_value" : [ ], "parent" : 0, "left" : 3, "right" : 4, "svalue" : 11, "sindex" : 42 },
			"Node_02" : { "leaf_value" : [ ], "parent" : 0, "left" : 5, "right" : 6, "svalue" : 16, "sindex" : 20 },
			"Node_03" : { "leaf_value" : [ ], "parent" : 1, "left" : 7, "right" : 8, "svalue" : 3, "sindex" : 61 },
			"Node_04" : { "leaf_value" : [ ], "parent" : 1, "left" : 9, "right" : 10, "svalue" : 2, "sindex" : 38 },
			"Node_05" : { "leaf_value" : [ ], "parent" : 2, "left" : 11, "right" : 12, "svalue" : 3, "sindex" : 18 },
			"Node_06" : { "leaf_value" : [ ], "parent" : 2, "left" : 13, "right" : 14, "svalue" : 6, "sindex" : 58 },
			"Node_07" : { "leaf_value" : [ 0.017883036, -0.098612435, -0.10013153, 0.012784149, -0.10198291, 0.27028307, -0.10077856, -0.10007212, 0.10628068, -0.11481981 ], "parent" : 3, "left" : null, "right" : null, "svalue" : 0, "sindex" : 0 },
			"Node_08" : { "leaf_value" : [ ], "parent" : 3, "left" : 15, "right" : 16, "svalue" : 7, "sindex" : 13 },
			"Node_09" : { "leaf_value" : [ -0.10706892, -0.096357137, 0.18527707, -0.096942089, -0.098746978, 0.16015899, 0.020469006, -0.095628567, 0.089809954, -0.098426931 ], "parent" : 4, "left" : null, "right" : null, "svalue" : 0, "sindex" : 0 },
			"Node_10" : { "leaf_value" : [ ], "parent" : 4, "left" : 17, "right" : 18, "svalue" : 2, "sindex" : 2 },
			"Node_11" : { "leaf_value" : [ ], "parent" : 5, "left" : 19, "right" : 20, "svalue" : 4, "sindex" : 43 },
			"Node_12" : { "leaf_value" : [ ], "parent" : 5, "left" : 21, "right" : 22, "svalue" : 15, "sindex" : 29 },
			"Node_13" : { "leaf_value" : [ ], "parent" : 6, "left" : 23, "right" : 24, "svalue" : 3, "sindex" : 41 },
			"Node_14" : { "leaf_value" : [ ], "parent" : 6, "left" : 25, "right" : 26, "svalue" : 4, "sindex" : 43 },
			"Node_15" : { "leaf_value" : [ -0.084154032, -0.084362529, 0.023153326, -0.087579437, -0.084281832, -0.090194121, -0.084285572, -0.084285051, -0.084958963, 0.33179083 ], "parent" : 8, "left" : null, "right" : null, "svalue" : 0, "sindex" : 0 },
			"Node_16" : { "leaf_value" : [ -0.11301717, -0.11007458, -0.11011148, -0.11269634, -0.11003684, -0.040207718, -0.11004322, -0.1106339, -0.10981811, 0.41766122 ], "parent" : 8, "left" : null, "right" : null, "svalue" : 0, "sindex" : 0 },
			"Node_17" : { "leaf_value" : [ 0.25092217, -0.083400428, -0.083400428, -0.083479844, 0.17877415, -0.085222401, -0.08602263, -0.084442571, -0.09128239, -0.087363787 ], "parent" : 10, "left" : null, "right" : null, "svalue" : 0, "sindex" : 0 },
			"Node_18" : { "leaf_value" : [ 0.35170931, -0.13360699, -0.13360432, -0.13364507, -0.13539568, -0.13729547, -0.13388111, -0.13498744, -0.13563743, -0.13384219 ], "parent" : 10, "left" : null, "right" : null, "svalue" : 0, "sindex" : 0 },
			"Node_19" : { "leaf_value" : [ ], "parent" : 11, "left" : 27, "right" : 28, "svalue" : 16, "sindex" : 37 },
			"Node_20" : { "leaf_value" : [ ], "parent" : 11, "left" : 29, "right" : 30, "svalue" : 2, "sindex" : 2 },
			"Node_21" : { "leaf_value" : [ ], "parent" : 12, "left" : 31, "right" : 32, "svalue" : 2, "sindex" : 42 },
			"Node_22" : { "leaf_value" : [ ], "parent" : 12, "left" : 33, "right" : 34, "svalue" : 10, "sindex" : 43 },
			"Node_23" : { "leaf_value" : [ ], "parent" : 13, "left" : 35, "right" : 36, "svalue" : 11, "sindex" : 50 },
			"Node_24" : { "leaf_value" : [ ], "parent" : 13, "left" : 37, "right" : 38, "svalue" : 6, "sindex" : 21 },
			"Node_25" : { "leaf_value" : [ -0.10111069, -0.10228996, -0.10594033, 0.41442344, -0.10111069, -0.11143754, -0.10111069, -0.10166103, -0.11416388, -0.10841219 ], "parent" : 14, "left" : null, "right" : null, "svalue" : 0, "sindex" : 0 },
			"Node_26" : { "leaf_value" : [ ], "parent" : 14, "left" : 39, "right" : 40, "svalue" : 8, "sindex" : 53 },
			"Node_27" : { "leaf_value" : [ -0.12021103, -0.12189014, -0.12582891, 0.5062893, -0.12177519, -0.12893347, -0.12209819, -0.1230574, -0.13496825, -0.1268101 ], "parent" : 19, "left" : null, "right" : null, "svalue" : 0, "sindex" : 0 },
			"Node_28" : { "leaf_value" : [ -0.082451195, -0.088960156, -0.08920911, 0.3294245, -0.086408883, -0.088619158, -0.083754055, 0.12348529, -0.092375569, -0.09545663 ], "parent" : 19, "left" : null, "right" : null, "svalue" : 0, "sindex" : 0 },
			"Node_29" : { "leaf_value" : [ -0.084722385, -0.085918218, 0.31146711, -0.094598055, 0.13534738, -0.08798416, -0.087917224, -0.10286253, -0.090611763, -0.088940933 ], "parent" : 20, "left" : null, "right" : null, "svalue" : 0, "sindex" : 0 },
			"Node_30" : { "leaf_value" : [ ], "parent" : 20, "left" : 41, "right" : 42, "svalue" : 15, "sindex" : 13 },
			"Node_31" : { "leaf_value" : [ ], "parent" : 21, "left" : 43, "right" : 44, "svalue" : 11, "sindex" : 29 },
			"Node_32" : { "leaf_value" : [ ], "parent" : 21, "left" : 45, "right" : 46, "svalue" : 6, "sindex" : 21 },
			"Node_33" : { "leaf_value" : [ ], "parent" : 22, "left" : 47, "right" : 48, "svalue" : 12, "sindex" : 21 },
			"Node_34" : { "leaf_value" : [ ], "parent" : 22, "left" : 49, "right" : 50, "svalue" : 7, "sindex" : 13 },
			"Node_35" : { "leaf_value" : [ ], "parent" : 23, "left" : 51, "right" : 52, "svalue" : 2, "sindex" : 38 },
			"Node_36" : { "leaf_value" : [ -0.083360352, 0.22907777, -0.10532398, -0.0015386582, -0.083261788, -0.090272941, -0.083324254, -0.083716139, 0.24004073, -0.088449173 ], "parent" : 23, "left" : null, "right" : null, "svalue" : 0, "sindex" : 0 },
			"Node_37" : { "leaf_value" : [ -0.086242855, -0.095660098, -0.086305432, -0.087329686, 0.35579389, -0.091494992, -0.090410724, -0.087158799, -0.088133171, -0.086104982 ], "parent" : 24, "left" : null, "right" : null, "svalue" : 0, "sindex" : 0 },
			"Node_38" : { "leaf_value" : [ -0.081376746, 0.24436066, 0.0149083, -0.085908964, 0.13978942, -0.083970159, -0.085786477, -0.084125735, -0.088960506, -0.082129806 ], "parent" : 24, "left" : null, "right" : null, "svalue" : 0, "sindex" : 0 },
			"Node_39" : { "leaf_value" : [ -0.088971183, -0.090138935, 0.066476598, -0.090660721, -0.097210921, -0.092560008, -0.088963017, 0.33249187, 0.0067796875, -0.088855982 ], "parent" : 26, "left" : null, "right" : null, "svalue" : 0, "sindex" : 0 },
			"Node_40" : { "leaf_value" : [ -0.10375386, -0.11041811, 0.3884342, -0.11357059, -0.10436261, -0.10774764, -0.10433904, -0.10439729, -0.021806208, -0.10533325 ], "parent" : 26, "left" : null, "right" : null, "svalue" : 0, "sindex" : 0 },
			"Node_41" : { "leaf_value" : [ -0.087705389, -0.092354976, -0.098569937, -0.093552142, -0.098292887, -0.088287354, -0.089419596, 0.37015226, -0.097718991, -0.09046907 ], "parent" : 30, "left" : null, "right" : null, "svalue" : 0, "sindex" : 0 },
			"Node_42" : { "leaf_value" : [ -0.084149003, -0.086854108, -0.094101712, 0.045072816, -0.091164976, -0.084388763, -0.084672049, 0.31795451, -0.10087594, -0.091887452 ], "parent" : 30, "left" : null, "right" : null, "svalue" : 0, "sindex" : 0 },
			"Node_43" : { "leaf_value" : [ -0.14079894, -0.11538824, 0.047226835, 0.010356146, -0.11738551, 0.42387632, -0.14359728, -0.14197506, -0.1490344, -0.11082789 ], "parent" : 31, "left" : null, "right" : null, "svalue" : 0, "sindex" : 0 },
			"Node_44" : { "leaf_value" : [ -0.10003953, -0.11085662, -0.10333963, -0.10744246, -0.03644162, -0.10612299, -0.10207891, 0.28968832, -0.11128557, 0.20944455 ], "parent" : 31, "left" : null, "right" : null, "svalue" : 0, "sindex" : 0 },
			"Node_45" : { "leaf_value" : [ -0.14509296, -0.098217651, 0.048473559, -0.14846863, 0.036094226, -0.036831826, 0.28135958, -0.14712985, -0.095380679, -0.14571778 ], "parent" : 32, "left" : null, "right" : null, "svalue" : 0, "sindex" : 0 },
			"Node_46" : { "leaf_value" : [ -0.14372765, -0.15018111, 0.014664226, -0.099369831, 0.017398473, -0.14692622, -0.11034038, 0.013348917, 0.45990738, -0.12042507 ], "parent" : 32, "left" : null, "right" : null, "svalue" : 0, "sindex" : 0 },
			"Node_47" : { "leaf_value" : [ -0.092033267, -0.093200296, -0.098268993, 0.0029497193, 0.04985543, -0.097859301, -0.095168866, 0.17454448, -0.017907321, 0.10628372 ], "parent" : 33, "left" : null, "right" : null, "svalue" : 0, "sindex" : 0 },
			"Node_48" : { "leaf_value" : [ -0.11931422, -0.1233648, -0.1215505, -0.13514709, -0.12134141, -0.12519325, -0.1198121, -0.12534851, -0.14240436, 0.60463548 ], "parent" : 33, "left" : null, "right" : null, "svalue" : 0, "sindex" : 0 },
			"Node_49" : { "leaf_value" : [ -0.089831062, -0.092489444, -0.098229177, -0.093159087, 0.42009243, -0.095056139, -0.096136414, -0.10901003, -0.09824165, -0.09184029 ], "parent" : 34, "left" : null, "right" : null, "svalue" : 0, "sindex" : 0 },
			"Node_50" : { "leaf_value" : [ -0.085437983, -0.087300271, -0.084473699, -0.097185932, -0.084789969, -0.087615497, -0.08362031, 0.13916792, 0.36455825, -0.097675115 ], "parent" : 34, "left" : null, "right" : null, "svalue" : 0, "sindex" : 0 },
			"Node_51" : { "leaf_value" : [ -0.13049264, 0.39188626, -0.081053287, -0.13053124, -0.13888671, -0.13359028, -0.13188922, -0.13198625, -0.13587266, -0.13270697 ], "parent" : 35, "left" : null, "right" : null, "svalue" : 0, "sindex" : 0 },
			"Node_52" : { "leaf_value" : [ -0.090839215, 0.32704616, -0.091241062, -0.099356025, 0.058891423, -0.095914759, -0.093191676, 0.0095246471, -0.097727954, -0.09596207 ], "parent" : 35, "left" : null, "right" : null, "svalue" : 0, "sindex" : 0 }
		},
		"Tree_3" : {
			"Node_00" : { "leaf_value" : [ ], "parent" : null, "left" : 1, "right" : 2, "svalue" : 8, "sindex" : 60 },
			"Node_01" : { "leaf_value" : [ ], "parent" : 0, "left" : 3, "right" : 4, "svalue" : 16, "sindex" : 10 },
			"Node_02" : { "leaf_value" : [ ], "parent" : 0, "left" : 5, "right" : 6, "svalue" : 1, "sindex" : 45 },
			"Node_03" : { "leaf_value" : [ ], "parent" : 1, "left" : 7, "right" : 8, "svalue" : 10, "sindex" : 2 },
			"Node_04" : { "leaf_value" : [ ], "parent" : 1, "left" : 9, "right" : 10, "svalue" : 15, "sindex" : 28 },
			"Node_05" : { "leaf_value" : [ ], "parent" : 2, "left" : 11, "right" : 12, "svalue" : 3, "sindex" : 61 },
			"Node_06" : { "leaf_value" : [ ], "parent" : 2, "left" : 13, "right" : 14, "svalue" : 8, "sindex" : 26 },
			"Node_07" : { "leaf_value" : [ ], "parent" : 3, "left" : 15, "right" : 16, "svalue" : 5, "sindex" : 33 },
			"Node_08" : { "leaf_value" : [ -0.088459998, -0.090476088, -0.097460225, 0.24502152, -0.092406869, -0.090785608, -0.08867988, 0.0685324, 0.069198467, -0.089732423 ], "parent" : 3, "left" : null, "right" : null, "svalue" : 0, "sindex" : 0 },
			"Node_09" : { "leaf_value" : [ -0.11252438, -0.10585871, -0.024575323, -0.11707196, -0.10694999, 0.27290842, -0.10560909, 0.023984645, -0.11156558, -0.10960598 ], "parent" : 4, "left" : null, "right" : null, "svalue" : 0, "sindex" : 0 },
			"Node_10" : { "leaf_value" : [ -0.08565478, -0.083612695, -0.089866765, -0.086372264, -0.085956797, 0.11397358, -0.08477325, 0.053165816, 0.0019433397, 0.17903624 ], "parent" : 4, "left" : null, "right" : null, "svalue" : 0, "sindex" : 0 },
			"Node_11" : { "leaf_value" : [ -0.084185459, 0.049174648, -0.10849337, -0.082661018, 0.038648911, 0.059560873, -0.085771807, -0.086547017, 0.25372821, -0.081945948 ], "parent" : 5, "left" : null, "right" : null, "svalue" : 0, "sindex" : 0 },
			"Node_12" : { "leaf_value" : [ ], "parent" : 5, "left" : 17, "right" : 18, "svalue" : 12, "sindex" : 27 },
			"Node_13" : { "leaf_value" : [ ], "parent" : 6, "left" : 19, "right" : 20, "svalue" : 4, "sindex" : 43 },
			"Node_14" : { "leaf_value" : [ ], "parent" : 6, "left" : 21, "right" : 22, "svalue" : 4, "sindex" : 36 },
			"Node_15" : { "leaf_value" : [ ], "parent" : 7, "left" : 23, "right" : 24, "svalue" : 16, "sindex" : 20 },
			"Node_16" : { "leaf_value" : [ -0.081917211, -0.08284077, -0.090057343, -0.086754657, 0.2676903, -0.088109426, -0.089525431, 0.15059146, -0.085737258, -0.083955094 ], "parent" : 7, "left" : null, "right" : null, "svalue" : 0, "sindex" : 0 },
			"Node_17" : { "leaf_value" : [ ], "parent" : 12, "left" : 25, "right" : 26, "svalue" : 3, "sindex" : 62 },
			"Node_18" : { "leaf_value" : [ -0.099303357, 0.17228681, 0.29271892, -0.10271049, -0.10291133, -0.10348894, -0.10727288, -0.10049034, -0.10972087, -0.10048405 ], "parent" : 12, "left" : null, "right" : null, "svalue" : 0, "sindex" : 0 },
			"Node_19" : { "leaf_value" : [ ], "parent" : 13, "left" : 27, "right" : 28, "svalue" : 11, "sindex" : 29 },
			"Node_20" : { "leaf_value" : [ ], "parent" : 13, "left" : 29, "right" : 30, "svalue" : 13, "sindex" : 52 },
			"Node_21" : { "leaf_value" : [ ], "parent" : 14, "left" : 31, "right" : 32, "svalue" : 11, "sindex" : 42 },
			"Node_22" : { "leaf_value" : [ ], "parent" : 14, "left" : 33, "right" : 34, "svalue" : 16, "sindex" : 20 },
			"Node_23" : { "leaf_value" : [ ], "parent" : 15, "left" : 35, "right" : 36, "svalue" : 5, "sindex" : 50 },
			"Node_24" : { "leaf_value" : [ -0.081995748, 0.21755382, -0.087569915, -0.087447688, -0.092074201, -0.08491008, -0.08189287, 0.23524494, -0.086448155, -0.089117013 ], "parent" : 15, "left" : null, "right" : null, "svalue" : 0, "sindex" : 0 },
			"Node_25" : { "leaf_value" : [ -0.083938852, -0.088964954, 0.31723592, -0.087004095, -0.0953058, -0.090320289, -0.085905597, -0.096164398, 0.11391862, -0.087585598 ], "parent" : 17, "left" : null, "right" : null, "svalue" : 0, "sindex" : 0 },
			"Node_26" : { "leaf_value" : [ -0.11908634, -0.12128407, 0.33842126, -0.12239737, -0.12722374, -0.12407681, -0.12559991, -0.12794562, -0.1326604, -0.12046455 ], "parent" : 17, "left" : null, "right" : null, "svalue" : 0, "sindex" : 0 },
			"Node_27" : { "leaf_value" : [ ], "parent" : 19, "left" : 37, "right" : 38, "svalue" : 2, "sindex" : 42 },
			"Node_28" : { "leaf_value" : [ ], "parent" : 19, "left" : 39, "right" : 40, "svalue" : 5, "sindex" : 19 },
			"Node_29" : { "leaf_value" : [ -0.10601038, -0.043455917, -0.041118383, -0.12877256, -0.11269324, -0.11579704, 0.078310862, -0.11285675, 0.39348036, -0.11775884 ], "parent" : 20, "left" : null, "right" : null, "svalue" : 0, "sindex" : 0 },
			"Node_30" : { "leaf_value" : [ ], "parent" : 20, "left" : 41, "right" : 42, "svalue" : 8, "sindex" : 53 },
			"Node_31" : { "leaf_value" : [ 0.0091424165, -0.10019124, -0.10022587, -0.10455692, -0.10056431, 0.15056098, -0.10015182, -0.10078118, -0.103131, 0.21798028 ], "parent" : 21, "left" : null, "right" : null, "svalue" : 0, "sindex" : 0 },
			"Node_32" : { "leaf_value" : [ ], "parent" : 21, "left" : 43, "right" : 44, "svalue" : 11, "sindex" : 34 },
			"Node_33" : { "leaf_value" : [ ], "parent" : 22, "left" : 45, "right" : 46, "svalue" : 5, "sindex" : 50 },
			"Node_34" : { "leaf_value" : [ ], "parent" : 22, "left" : 47, "right" : 48, "svalue" : 7, "sindex" : 13 },
			"Node_35" : { "leaf_value" : [ -0.11960219, -0.12257991, -0.12652498, -0.12456928, -0.13126358, -0.12035022, -0.12074421, 0.30326894, -0.13441972, 0.026941271 ], "parent" : 23, "left" : null, "right" : null, "svalue" : 0, "sindex" : 0 },
			"Node_36" : { "leaf_value" : [ -0.083226599, -0.081442319, 0.035879862, -0.092085257, -0.088700108, -0.089127474, -0.089111812, 0.16125214, 0.20385492, -0.084521033 ], "parent" : 23, "left" : null, "right" : null, "svalue" : 0, "sindex" : 0 },
			"Node_37" : { "leaf_value" : [ -0.12275864, -0.12394701, -0.13188115, 0.401553, -0.1233521, -0.13988815, -0.12527809, -0.12473764, -0.13611244, -0.13022812 ], "parent" : 27, "left" : null, "right" : null, "svalue" : 0, "sindex" : 0 },
			"Node_38" : { "leaf_value" : [ -0.083179809, -0.083981901, -0.093735807, 0.26700068, -0.10162812, -0.092525236, -0.085386962, -0.094023839, 0.15238567, -0.096727468 ], "parent" : 27, "left" : null, "right" : null, "svalue" : 0, "sindex" : 0 },
			"Node_39" : { "leaf_value" : [ -0.088487074, -0.089391567, -0.091667473, 0.32657728, -0.092451334, -0.096440732, -0.089426696, -0.098062329, -0.10831704, 0.039348889 ], "parent" : 28, "left" : null, "right" : null, "svalue" : 0, "sindex" : 0 },
			"Node_40" : { "leaf_value" : [ -0.11535255, -0.053723138, -0.1165316, -0.044837371, -0.11436855, -0.049912348, -0.11412208, -0.1165423, -0.12122966, 0.30583951 ], "parent" : 28, "left" : null, "right" : null, "svalue" : 0, "sindex" : 0 },
			"Node_41" : { "leaf_value" : [ -0.079965815, 0.14339407, -0.090068415, -0.086736321, -0.0030737016, 0.010298822, -0.086808078, 0.15573311, -0.0028448876, -0.085721955 ], "parent" : 30, "left" : null, "right" : null, "svalue" : 0, "sindex" : 0 },
			"Node_42" : { "leaf_value" : [ -0.090818919, 0.012812735, 0.34860578, -0.10211419, 0.022361409, -0.092532091, -0.082854182, -0.084991798, 0.0083606625, -0.086972296 ], "parent" : 30, "left" : null, "right" : null, "svalue" : 0, "sindex" : 0 },
			"Node_43" : { "leaf_value" : [ 0.22111548, -0.082066827, -0.083997279, -0.082138158, -0.087202899, -0.086133815, 0.054409027, -0.08327537, -0.091129765, -0.081860639 ], "parent" : 32, "left" : null, "right" : null, "svalue" : 0, "sindex" : 0 },
			"Node_44" : { "leaf_value" : [ 0.28178704, -0.12647232, -0.12646909, -0.12650794, -0.075524911, -0.1303698, -0.12695862, -0.12784126, -0.12944971, -0.12760673 ], "parent" : 32, "left" : null, "right" : null, "svalue" : 0, "sindex" : 0 },
			"Node_45" : { "leaf_value" : [ -0.1358474, -0.10997058, -0.1422711, -0.14532006, 0.27715108, 0.12118539, -0.14234588, -0.07356184, -0.11552466, 0.082235523 ], "parent" : 33, "left" : null, "right" : null, "svalue" : 0, "sindex" : 0 },
			"Node_46" : { "leaf_value" : [ -0.14265311, -0.14791405, -0.12588304, -0.15251182, -0.13805708, 0.098052897, 0.22738637, -0.14555016, 0.14239091, 0.0079536987 ], "parent" : 33, "left" : null, "right" : null, "svalue" : 0, "sindex" : 0 },
			"Node_47" : { "leaf_value" : [ -0.098236725, 0.0077232341, -0.099157758, -0.010689735, 0.25818324, -0.10141987, -0.10172804, -0.098817572, -0.10336524, -0.099004082 ], "parent" : 34, "left" : null, "right" : null, "svalue" : 0, "sindex" : 0 },
			"Node_48" : { "leaf_value" : [ -0.12241068, 0.28739831, -0.12615231, -0.12503569, -0.08267206, -0.12647501, -0.12469157, -0.12520735, -0.069992118, -0.12416401 ], "parent" : 34, "left" : null, "right" : null, "svalue" : 0, "sindex" : 0 }
		},
		"Tree_4" : {
			"Node_00" : { "leaf_value" : [ ], "parent" : null, "left" : 1, "right" : 2, "svalue" : 8, "sindex" : 60 },
			"Node_01" : { "leaf_value" : [ ], "parent" : 0, "left" : 3, "right" : 4, "svalue" : 16, "sindex" : 10 },
			"Node_02" : { "leaf_value" : [ ], "parent" : 0, "left" : 5, "right" : 6, "svalue" : 1, "sindex" : 45 },
			"Node_03" : { "leaf_value" : [ ], "parent" : 1, "left" : 7, "right" : 8, "svalue" : 10, "sindex" : 2 },
			"Node_04" : { "leaf_value" : [ ], "parent" : 1, "left" : 9, "right" : 10, "svalue" : 8, "sindex" : 37 },
			"Node_05" : { "leaf_value" : [ ], "parent" : 2, "left" : 11, "right" : 12, "svalue" : 9, "sindex" : 61 },
			"Node_06" : { "leaf_value" : [ ], "parent" : 2, "left" : 13, "right" : 14, "svalue" : 8, "sindex" : 26 },
			"Node_07" : { "leaf_value" : [ ], "parent" : 3, "left" : 15, "right" : 16, "svalue" : 8, "sindex" : 12 },
			"Node_08" : { "leaf_value" : [ -0.082935818, -0.084730335, -0.091359913, 0.19730516, -0.086736009, -0.085094862, -0.083149642, 0.061807387, 0.062766053, -0.08418721 ], "parent" : 3, "left" : null, "right" : null, "svalue" : 0, "sindex" : 0 },
			"Node_09" : { "leaf_value" : [ -0.10203286, -0.097556382, -0.0099112196, -0.10865553, -0.099585757, 0.18999813, -0.097623274, -0.10590641, -0.024573745, 0.070981197 ], "parent" : 4, "left" : null, "right" : null, "svalue" : 0, "sindex" : 0 },
			"Node_10" : { "leaf_value" : [ -0.087191015, -0.081379548, -0.088986501, -0.084675319, -0.082092986, 0.17878419, -0.081881829, 0.14972432, -0.092570722, -0.019818919 ], "parent" : 4, "left" : null, "right" : null, "svalue" : 0, "sindex" : 0 },
			"Node_11" : { "leaf_value" : [ -0.10778751, 0.12499093, 0.043654978, -0.10856707, -0.037172399, -0.0077844714, -0.10841127, -0.11345975, 0.17321391, -0.1069558 ], "parent" : 5, "left" : null, "right" : null, "svalue" : 0, "sindex" : 0 },
			"Node_12" : { "leaf_value" : [ ], "parent" : 5, "left" : 17, "right" : 18, "svalue" : 1, "sindex" : 9 },
			"Node_13" : { "leaf_value" : [ ], "parent" : 6, "left" : 19, "right" : 20, "svalue" : 4, "sindex" : 43 },
			"Node_14" : { "leaf_value" : [ ], "parent" : 6, "left" : 21, "right" : 22, "svalue" : 4, "sindex" : 36 },
			"Node_15" : { "leaf_value" : [ -0.088966176, -0.092727393, -0.095819563, -0.093425974, 0.19384401, -0.095328107, -0.094734244, 0.074227028, -0.0034474456, 0.094548032 ], "parent" : 7, "left" : null, "right" : null, "svalue" : 0, "sindex" : 0 },
			"Node_16" : { "leaf_value" : [ ], "parent" : 7, "left" : 23, "right" : 24, "svalue" : 11, "sindex" : 3 },
			"Node_17" : { "leaf_value" : [ -0.081838131, 0.041160859, 0.22205858, -0.086403541, -0.096659422, -0.084401019, -0.085533217, -0.095777504, -0.09485849, -0.084000841 ], "parent" : 12, "left" : null, "right" : null, "svalue" : 0, "sindex" : 0 },
			"Node_18" : { "leaf_value" : [ -0.11466666, -0.12382483, 0.2966578, -0.1174804, -0.1178536, -0.12001795, -0.12300243, -0.11882638, -0.12786567, -0.11664221 ], "parent" : 12, "left" : null, "right" : null, "svalue" : 0, "sindex" : 0 },
			"Node_19" : { "leaf_value" : [ ], "parent" : 13, "left" : 25, "right" : 26, "svalue" : 11, "sindex" : 36 },
			"Node_20" : { "leaf_value" : [ ], "parent" : 13, "left" : 27, "right" : 28, "svalue" : 16, "sindex" : 12 },
			"Node_21" : { "leaf_value" : [ ], "parent" : 14, "left" : 29, "right" : 30, "svalue" : 11, "sindex" : 42 },
			"Node_22" : { "leaf_value" : [ ], "parent" : 14, "left" : 31, "right" : 32, "svalue" : 11, "sindex" : 42 },
			"Node_23" : { "leaf_value" : [ -0.089440987, 0.16995697, -0.096921429, -0.093579583, -0.10167622, -0.089507744, -0.090795219, 0.14527567, 0.072077595, -0.1010422 ], "parent" : 16, "left" : null, "right" : null, "svalue" : 0, "sindex" : 0 },
			"Node_24" : { "leaf_value" : [ ], "parent" : 16, "left" : 33, "right" : 34, "svalue" : 2, "sindex" : 42 },
			"Node_25" : { "leaf_value" : [ ], "parent" : 19, "left" : 35, "right" : 36, "svalue" : 12, "sindex" : 21 },
			"Node_26" : { "leaf_value" : [ ], "parent" : 19, "left" : 37, "right" : 38, "svalue" : 1, "sindex" : 9 },
			"Node_27" : { "leaf_value" : [ ], "parent" : 20, "left" : 39, "right" : 40, "svalue" : 11, "sindex" : 42 },
			"Node_28" : { "leaf_value" : [ -0.0800412, 0.22839916, 0.022283591, -0.095898777, -0.10178758, -0.090410598, -0.0877617, -0.088838831, 0.11643493, -0.086532079 ], "parent" : 20, "left" : null, "right" : null, "svalue" : 0, "sindex" : 0 },
			"Node_29" : { "leaf_value" : [ 0.010877947, -0.09418726, -0.094218843, -0.098373659, -0.094570376, 0.12652814, -0.094147719, -0.09473443, -0.097089499, 0.17372654 ], "parent" : 21, "left" : null, "right" : null, "svalue" : 0, "sindex" : 0 },
			"Node_30" : { "leaf_value" : [ ], "parent" : 21, "left" : 41, "right" : 42, "svalue" : 10, "sindex" : 19 },
			"Node_31" : { "leaf_value" : [ ], "parent" : 22, "left" : 43, "right" : 44, "svalue" : 11, "sindex" : 29 },
			"Node_32" : { "leaf_value" : [ ], "parent" : 22, "left" : 45, "right" : 46, "svalue" : 12, "sindex" : 21 },
			"Node_33" : { "leaf_value" : [ -0.07912568, -0.084132656, 0.040752109, -0.089509115, -0.090278991, -0.083902441, -0.084395394, 0.20866095, -0.093347207, 0.0090291426 ], "parent" : 24, "left" : null, "right" : null, "svalue" : 0, "sindex" : 0 },
			"Node_34" : { "leaf_value" : [ -0.1012081, -0.10720549, -0.11018896, -0.10638483, -0.11515357, -0.10275335, -0.10187247, 0.28651997, -0.11465246, -0.10972954 ], "parent" : 24, "left" : null, "right" : null, "svalue" : 0, "sindex" : 0 },
			"Node_35" : { "leaf_value" : [ -0.097663619, -0.098770633, -0.1065673, 0.32261378, -0.10072011, -0.1108341, -0.098072663, -0.10382152, -0.11935443, 0.063841 ], "parent" : 25, "left" : null, "right" : null, "svalue" : 0, "sindex" : 0 },
			"Node_36" : { "leaf_value" : [ -0.10248277, -0.1026461, -0.10311419, -0.054358505, -0.10133246, -0.020372938, -0.10079301, -0.10456277, -0.11254287, 0.25890574 ], "parent" : 25, "left" : null, "right" : null, "svalue" : 0, "sindex" : 0 },
			"Node_37" : { "leaf_value" : [ -0.080004022, 0.0080161942, -0.084511593, 0.15445796, -0.094525322, -0.088922411, -0.082291901, -0.086278245, 0.15790589, -0.096238077 ], "parent" : 26, "left" : null, "right" : null, "svalue" : 0, "sindex" : 0 },
			"Node_38" : { "leaf_value" : [ -0.11230531, -0.11351032, -0.12130258, 0.31282604, -0.11391174, -0.12956767, -0.11540623, -0.11579627, -0.12678418, -0.12246486 ], "parent" : 26, "left" : null, "right" : null, "svalue" : 0, "sindex" : 0 },
			"Node_39" : { "leaf_value" : [ -0.083378449, -0.10760355, 0.24618714, -0.10496403, -0.091556385, -0.0061603417, -0.086925268, 0.12435223, 0.039683655, -0.092262864 ], "parent" : 27, "left" : null, "right" : null, "svalue" : 0, "sindex" : 0 },
			"Node_40" : { "leaf_value" : [ -0.099574611, -0.10596164, -0.10895932, -0.1094892, 0.06158134, -0.10155372, 0.087412238, -0.10029022, 0.26313096, -0.10252646 ], "parent" : 27, "left" : null, "right" : null, "svalue" : 0, "sindex" : 0 },
			"Node_41" : { "leaf_value" : [ 0.23984765, -0.11858997, -0.1185756, -0.1186469, -0.12270537, -0.12306393, -0.12011751, -0.11999888, -0.11917578, -0.11890442 ], "parent" : 30, "left" : null, "right" : null, "svalue" : 0, "sindex" : 0 },
			"Node_42" : { "leaf_value" : [ 0.17848791, -0.079495482, -0.081394285, -0.079478413, 0.037503313, -0.082384475, 0.057095904, -0.080782801, -0.095272295, -0.082614765 ], "parent" : 30, "left" : null, "right" : null, "svalue" : 0, "sindex" : 0 },
			"Node_43" : { "leaf_value" : [ -0.13001926, 0.091324203, -0.097439542, -0.11359248, -0.045629114, 0.29099077, -0.14072241, -0.13282026, 0.0046086735, -0.097557299 ], "parent" : 31, "left" : null, "right" : null, "svalue" : 0, "sindex" : 0 },
			"Node_44" : { "leaf_value" : [ -0.13157222, 0.13047041, -0.13474663, -0.13969034, 0.13234787, -0.1406929, -0.13602205, -0.061806351, -0.074965812, 0.17667222 ], "parent" : 31, "left" : null, "right" : null, "svalue" : 0, "sindex" : 0 },
			"Node_45" : { "leaf_value" : [ -0.13217843, -0.13829903, -0.13875765, -0.13391218, 0.13855009, -0.14092018, 0.2336847, -0.13535732, -0.10892313, -0.13593808 ], "parent" : 32, "left" : null, "right" : null, "svalue" : 0, "sindex" : 0 },
			"Node_46" : { "leaf_value" : [ -0.093047082, -0.050516643, -0.10440206, -0.1028648, 0.026615219, -0.10616947, -0.10710591, -0.10247195, 0.33400321, -0.1068021 ], "parent" : 32, "left" : null, "right" : null, "svalue" : 0, "sindex" : 0 }
		},
		"Tree_5" : {
			"Node_00" : { "leaf_value" : [ ], "parent" : null, "left" : 1, "right" : 2, "svalue" : 16, "sindex" : 20 },
			"Node_01" : { "leaf_value" : [ ], "parent" : 0, "left" : 3, "right" : 4, "svalue" : 4, "sindex" : 36 },
			"Node_02" : { "leaf_value" : [ ], "parent" : 0, "left" : 5, "right" : 6, "svalue" : 6, "sindex" : 58 },
			"Node_03" : { "leaf_value" : [ ], "parent" : 1, "left" : 7, "right" : 8, "svalue" : 11, "sindex" : 28 },
			"Node_04" : { "leaf_value" : [ ], "parent" : 1, "left" : 9, "right" : 10, "svalue" : 16, "sindex" : 44 },
			"Node_05" : { "leaf_value" : [ ], "parent" : 2, "left" : 11, "right" : 12, "svalue" : 3, "sindex" : 41 },
			"Node_06" : { "leaf_value" : [ ], "parent" : 2, "left" : 13, "right" : 14, "svalue" : 8, "sindex" : 37 },
			"Node_07" : { "leaf_value" : [ ], "parent" : 3, "left" : 15, "right" : 16, "svalue" : 7, "sindex" : 35 },
			"Node_08" : { "leaf_value" : [ -0.10446832, -0.096871361, -0.096527055, -0.099937916, -0.095652863, 0.050269622, -0.095707312, -0.096032418, -0.096085683, 0.19440305 ], "parent" : 3, "left" : null, "right" : null, "svalue" : 0, "sindex" : 0 },
			"Node_09" : { "leaf_value" : [ ], "parent" : 4, "left" : 17, "right" : 18, "svalue" : 11, "sindex" : 34 },
			"Node_10" : { "leaf_value" : [ ], "parent" : 4, "left" : 19, "right" : 20, "svalue" : 16, "sindex" : 10 },
			"Node_11" : { "leaf_value" : [ ], "parent" : 5, "left" : 21, "right" : 22, "svalue" : 11, "sindex" : 42 },
			"Node_12" : { "leaf_value" : [ -0.091576822, 0.095564544, -0.032373253, -0.095891714, 0.19711538, -0.096183039, -0.10506404, -0.097263142, -0.10222898, -0.092355996 ], "parent" : 5, "left" : null, "right" : null, "svalue" : 0, "sindex" : 0 },
			"Node_13" : { "leaf_value" : [ -0.10473039, -0.11616053, 0.20777525, -0.033649661, -0.10710716, -0.11152384, -0.10619126, -0.044257004, 0.044914439, -0.10705826 ], "parent" : 6, "left" : null, "right" : null, "svalue" : 0, "sindex" : 0 },
			"Node_14" : { "leaf_value" : [ ], "parent" : 6, "left" : 23, "right" : 24, "svalue" : 7, "sindex" : 13 },
			"Node_15" : { "leaf_value" : [ ], "parent" : 7, "left" : 25, "right" : 26, "svalue" : 3, "sindex" : 61 },
			"Node_16" : { "leaf_value" : [ -0.10254808, -0.087815404, -0.022092078, -0.084650643, 0.024309723, 0.10889979, 0.035702109, -0.090402626, 0.14402917, -0.084322169 ], "parent" : 7, "left" : null, "right" : null, "svalue" : 0, "sindex" : 0 },
			"Node_17" : { "leaf_value" : [ ], "parent" : 9, "left" : 27, "right" : 28, "svalue" : 2, "sindex" : 42 },
			"Node_18" : { "leaf_value" : [ ], "parent" : 9, "left" : 29, "right" : 30, "svalue" : 8, "sindex" : 53 },
			"Node_19" : { "leaf_value" : [ ], "parent" : 10, "left" : 31, "right" : 32, "svalue" : 1, "sindex" : 33 },
			"Node_20" : { "leaf_value" : [ -0.085227057, -0.1175028, -0.096385077, -0.090618461, -0.10451912, 0.24485943, -0.085305288, -0.015690401, -0.099425502, 0.011930249 ], "parent" : 10, "left" : null, "right" : null, "svalue" : 0, "sindex" : 0 },
			"Node_21" : { "leaf_value" : [ ], "parent" : 11, "left" : 33, "right" : 34, "svalue" : 12, "sindex" : 53 },
			"Node_22" : { "leaf_value" : [ -0.081904985, 0.21185292, -0.12063342, -0.092814878, -0.096630707, -0.087072097, -0.085102603, 0.0063676094, 0.11136901, -0.084034495 ], "parent" : 11, "left" : null, "right" : null, "svalue" : 0, "sindex" : 0 },
			"Node_23" : { "leaf_value" : [ -0.080991566, -0.084591836, -0.086149096, 0.15941733, -0.086183511, -0.092279099, -0.080461703, 0.11130992, -0.087756358, 0.064919017 ], "parent" : 14, "left" : null, "right" : null, "svalue" : 0, "sindex" : 0 },
			"Node_24" : { "leaf_value" : [ -0.088898323, -0.080258518, -0.081705481, 0.11573081, -0.0805711, 0.11191216, -0.079391316, 0.056309145, -0.090776742, 0.02311887 ], "parent" : 14, "left" : null, "right" : null, "svalue" : 0, "sindex" : 0 },
			"Node_25" : { "leaf_value" : [ 0.16034013, -0.078462772, -0.080497622, -0.07919839, 0.045371413, -0.01331046, -0.081342667, -0.079319112, -0.082941316, -0.083981067 ], "parent" : 15, "left" : null, "right" : null, "svalue" : 0, "sindex" : 0 },
			"Node_26" : { "leaf_value" : [ 0.22279067, -0.11132912, -0.1112953, -0.11135919, -0.1173977, -0.11584707, -0.11391779, -0.11299285, -0.11409552, -0.11277766 ], "parent" : 15, "left" : null, "right" : null, "svalue" : 0, "sindex" : 0 },
			"Node_27" : { "leaf_value" : [ ], "parent" : 17, "left" : 35, "right" : 36, "svalue" : 9, "sindex" : 18 },
			"Node_28" : { "leaf_value" : [ ], "parent" : 17, "left" : 37, "right" : 38, "svalue" : 7, "sindex" : 27 },
			"Node_29" : { "leaf_value" : [ ], "parent" : 18, "left" : 39, "right" : 40, "svalue" : 16, "sindex" : 34 },
			"Node_30" : { "leaf_value" : [ ], "parent" : 18, "left" : 41, "right" : 42, "svalue" : 6, "sindex" : 21 },
			"Node_31" : { "leaf_value" : [ -0.083569698, 0.059269819, 0.016467974, -0.091535464, -0.051447388, -0.10462808, 0.039130367, 0.090404876, 0.090161368, -0.095102884 ], "parent" : 19, "left" : null, "right" : null, "svalue" : 0, "sindex" : 0 },
			"Node_32" : { "leaf_value" : [ ], "parent" : 19, "left" : 43, "right" : 44, "svalue" : 11, "sindex" : 29 },
			"Node_33" : { "leaf_value" : [ -0.079531074, 0.17891333, 0.010028242, -0.08183521, 0.039956041, -0.092713676, -0.081361994, -0.083213091, -0.09566877, -0.086571231 ], "parent" : 21, "left" : null, "right" : null, "svalue" : 0, "sindex" : 0 },
			"Node_34" : { "leaf_value" : [ -0.10362235, 0.24110486, -0.10507718, -0.030987602, -0.12013758, -0.11237631, -0.10491745, -0.11321834, -0.11523465, -0.11554319 ], "parent" : 21, "left" : null, "right" : null, "svalue" : 0, "sindex" : 0 },
			"Node_35" : { "leaf_value" : [ -0.11691582, -0.11910098, -0.03894401, 0.26503956, -0.11947678, -0.091141678, -0.11894172, -0.091448516, -0.13356069, -0.089026257 ], "parent" : 27, "left" : null, "right" : null, "svalue" : 0, "sindex" : 0 },
			"Node_36" : { "leaf_value" : [ -0.12951335, -0.13566484, -0.021439135, -0.11594167, -0.14046231, 0.15172853, -0.13312852, 0.058100175, -0.14730857, 0.21533845 ], "parent" : 27, "left" : null, "right" : null, "svalue" : 0, "sindex" : 0 },
			"Node_37" : { "leaf_value" : [ -0.10697871, -0.11292233, 0.24388483, -0.037854098, -0.12000611, -0.11259563, -0.068524309, 0.085276179, -0.12677287, -0.1124402 ], "parent" : 28, "left" : null, "right" : null, "svalue" : 0, "sindex" : 0 },
			"Node_38" : { "leaf_value" : [ -0.12517016, -0.13006273, 0.013828243, -0.039996024, -0.13335794, -0.020033889, -0.11379443, -0.13266012, 0.26564077, -0.020020297 ], "parent" : 28, "left" : null, "right" : null, "svalue" : 0, "sindex" : 0 },
			"Node_39" : { "leaf_value" : [ -0.086523436, -0.087866105, -0.098070316, -0.10474179, -0.0056111617, -0.033061188, 0.028019179, 0.11712224, 0.15565518, -0.093472235 ], "parent" : 29, "left" : null, "right" : null, "svalue" : 0, "sindex" : 0 },
			"Node_40" : { "leaf_value" : [ -0.087255321, -0.0088782292, -0.10172734, -0.09870971, 0.029969102, -0.10198012, -0.011818867, 0.3031866, -0.11303375, -0.099635966 ], "parent" : 29, "left" : null, "right" : null, "svalue" : 0, "sindex" : 0 },
			"Node_41" : { "leaf_value" : [ -0.11047307, -0.11879385, -0.12042147, -0.071154363, -0.1469823, -0.0058004973, 0.2386743, -0.11145394, -0.12801228, -0.11540116 ], "parent" : 30, "left" : null, "right" : null, "svalue" : 0, "sindex" : 0 },
			"Node_42" : { "leaf_value" : [ -0.078553677, -0.098043032, -0.087014966, -0.088995107, 0.067473486, -0.089241229, -0.08912193, -0.10008343, 0.23782746, 0.018069109 ], "parent" : 30, "left" : null, "right" : null, "svalue" : 0, "sindex" : 0 },
			"Node_43" : { "leaf_value" : [ -0.079239592, -0.088076584, -0.09333685, -0.083134435, 0.22953394, -0.10394838, 0.1011565, -0.096674688, -0.10696706, -0.089719489 ], "parent" : 32, "left" : null, "right" : null, "svalue" : 0, "sindex" : 0 },
			"Node_44" : { "leaf_value" : [ -0.097390331, -0.10978155, -0.10399476, -0.099956058, 0.27394032, -0.11176817, -0.11621246, -0.019454038, -0.10957014, -0.11571856 ], "parent" : 32, "left" : null, "right" : null, "svalue" : 0, "sindex" : 0 }
		}
	}
}
TREE_JSON_DUMP_END
MCU_DEPLOY_CLASSIFICATION_CODE step 6
MCU_DEPLOY_CLASSIFICATION_CODE step 7
MLLITE_AUTO_DEPLOY_DIGITS_MEDIUM_APPLY_OUTPUT_CLASS  [ 0, 1, 2, 3, 8,  ... , 4, 8, 8, 4, 9 ]
MLLITE_AUTO_DEPLOY_DIGITS_MEDIUM_APPLY_OUTPUT_PROBA 0 [ 0.77158248, 0.024383994, 0.024287911, 0.024406737, 0.029744608, 0.025647203, 0.027759086, 0.02422145, 0.023831632, 0.02413501 ]
MLLITE_AUTO_DEPLOY_DIGITS_MEDIUM_APPLY_OUTPUT_PROBA 1 [ 0.02458936, 0.7413916, 0.029115899, 0.024906993, 0.030931609, 0.041722912, 0.024153091, 0.024282439, 0.032779075, 0.026127066 ]
MLLITE_AUTO_DEPLOY_DIGITS_MEDIUM_APPLY_OUTPUT_PROBA 2 [ 0.032835539, 0.036539212, 0.60444337, 0.04111024, 0.049940299, 0.032301348, 0.035798494, 0.070029281, 0.061123539, 0.035878718 ]
MLLITE_AUTO_DEPLOY_DIGITS_MEDIUM_APPLY_OUTPUT_PROBA 3 [ 0.042308472, 0.043371271, 0.067787491, 0.53996599, 0.041844826, 0.050617095, 0.075970113, 0.043030314, 0.049869884, 0.045234583 ]
MLLITE_AUTO_DEPLOY_DIGITS_MEDIUM_APPLY_OUTPUT_PROBA 4 [ 0.14794029, 0.065502338, 0.097573377, 0.058470443, 0.16533071, 0.071781509, 0.093955077, 0.059413355, 0.18083297, 0.059200127 ]
...
MLLITE_AUTO_DEPLOY_DIGITS_MEDIUM_APPLY_OUTPUT_PROBA 507 [ 0.03443452, 0.047630351, 0.050339557, 0.039742574, 0.52684575, 0.045889087, 0.039698992, 0.076477237, 0.075844429, 0.063097604 ]
MLLITE_AUTO_DEPLOY_DIGITS_MEDIUM_APPLY_OUTPUT_PROBA 508 [ 0.037636612, 0.047138102, 0.048900906, 0.045625232, 0.049927071, 0.038391355, 0.038199853, 0.097038396, 0.53861105, 0.058531243 ]
MLLITE_AUTO_DEPLOY_DIGITS_MEDIUM_APPLY_OUTPUT_PROBA 509 [ 0.037138149, 0.03518033, 0.046282355, 0.069011874, 0.043545257, 0.059564963, 0.049292594, 0.038574636, 0.56859189, 0.052818004 ]
MLLITE_AUTO_DEPLOY_DIGITS_MEDIUM_APPLY_OUTPUT_PROBA 510 [ 0.033513065, 0.065436207, 0.03892887, 0.036298998, 0.63675839, 0.034699291, 0.052760988, 0.033082463, 0.035271328, 0.033250291 ]
MLLITE_AUTO_DEPLOY_DIGITS_MEDIUM_APPLY_OUTPUT_PROBA 511 [ 0.036128163, 0.038930979, 0.036555111, 0.04101821, 0.036669202, 0.068623282, 0.036695797, 0.036435969, 0.035876982, 0.63306624 ]
MLLITE_AUTO_DEPLOY_DIGITS_MEDIUM_CLASS_PERFS { "count" : 512, "precision" : 0.96289062,  "AUC" : [ 1, 1, 0.99916387, 0.99991781, 0.99859643, 0.99954015, 0.99965972, 0.99889416, 0.99911845, 0.9979654 ] }
This will be printed
MCU_DEPLOY_CLASSIFICATION_CODE step 8
MCU_DEPLOY_CLASSIFICATION_CODE done
MLLITE_MCU_TIMER_OPERATION_ELAPSED_SECONDS 'MLLITE.MCU_DEPLOY.CLASSIFICATION.Friedman_XGB.DIGITS_MEDIUM' 2
MLLITE_MCU_TIMER_OPERATION_END 'MLLITE.MCU_DEPLOY.CLASSIFICATION.Friedman_XGB.DIGITS_MEDIUM' [ 'Tue Jan 23 09:44:24 2024' ]
MCU_DEPLOY_ON_TARGET_X86_64_END
