MCU_DEPLOY_ON_TARGET_X86_64_START
MLLITE_MCU_TIMER_OPERATION_START 'MLLITE.MCU_DEPLOY.CLASSIFICATION.Vapnik_SVC_RBF.BREASTCANCER_MEDIUM' [ 'Thu Jan 25 12:03:12 2024' ]
MLLite starting
MCU_DEPLOY_CLASSIFICATION_CODE CREATE_DATASET_STEP
MCU_DEPLOY_CLASSIFICATION_CODE CREATE_MODEL_STEP
MCU_DEPLOY_CLASSIFICATION_MODEL_OPTIONS
{"svm_type" : "c_svc", "kernel" : "rbf", "degree" : 3, "gamma" : 0, "coef0" : 0, "cache_size" : 10240, "tol" : 0.001, "nu" : 0.5, "epsilon" : 0, "shrinking" : 0, "probability" : 1, "C" : 1, "max_iter" : 30, "random_state" : 1789 }
MCU_DEPLOY_CLASSIFICATION_CODE FIT_MODEL_STEP
PROGRESS_REPORT_ELAPSED_TOTAL 'SVM_CLASSIFIER_FIT' 1 5
PROGRESS_REPORT_ELAPSED_TOTAL 'SVM_CLASSIFIER_FIT' 2 5
PROGRESS_REPORT_ELAPSED_TOTAL 'SVM_CLASSIFIER_FIT' 3 5
PROGRESS_REPORT_ELAPSED_TOTAL 'SVM_CLASSIFIER_FIT' 4 5
PROGRESS_REPORT_ELAPSED_TOTAL 'SVM_TRAIN_CLASS_PROBA_CROSS_VALIDATION' 1 5
PROGRESS_REPORT_ELAPSED_TOTAL 'SVM_SOLVER_ITERATION:SVC_Global_CV_FOLD_1' 3 30
PROGRESS_REPORT_ELAPSED_TOTAL 'SVM_SOLVER_ITERATION:SVC_Global_CV_FOLD_1' 6 30
PROGRESS_REPORT_ELAPSED_TOTAL 'SVM_SOLVER_ITERATION:SVC_Global_CV_FOLD_1' 9 30
PROGRESS_REPORT_ELAPSED_TOTAL 'SVM_SOLVER_ITERATION:SVC_Global_CV_FOLD_1' 12 30
PROGRESS_REPORT_ELAPSED_TOTAL 'SVM_SOLVER_ITERATION:SVC_Global_CV_FOLD_1' 15 30
PROGRESS_REPORT_ELAPSED_TOTAL 'SVM_SOLVER_ITERATION:SVC_Global_CV_FOLD_1' 18 30
PROGRESS_REPORT_ELAPSED_TOTAL 'SVM_SOLVER_ITERATION:SVC_Global_CV_FOLD_1' 21 30
PROGRESS_REPORT_ELAPSED_TOTAL 'SVM_SOLVER_ITERATION:SVC_Global_CV_FOLD_1' 24 30
PROGRESS_REPORT_ELAPSED_TOTAL 'SVM_SOLVER_ITERATION:SVC_Global_CV_FOLD_1' 27 30
PROGRESS_REPORT_ELAPSED_TOTAL 'SVM_SOLVER_ITERATION:SVC_Global_CV_FOLD_1' 30 30
PROGRESS_REPORT_ELAPSED_TOTAL 'SVM_TRAIN_CLASS_PROBA_CROSS_VALIDATION' 2 5
PROGRESS_REPORT_ELAPSED_TOTAL 'SVM_SOLVER_ITERATION:SVC_Global_CV_FOLD_2' 3 30
PROGRESS_REPORT_ELAPSED_TOTAL 'SVM_SOLVER_ITERATION:SVC_Global_CV_FOLD_2' 6 30
PROGRESS_REPORT_ELAPSED_TOTAL 'SVM_SOLVER_ITERATION:SVC_Global_CV_FOLD_2' 9 30
PROGRESS_REPORT_ELAPSED_TOTAL 'SVM_SOLVER_ITERATION:SVC_Global_CV_FOLD_2' 12 30
PROGRESS_REPORT_ELAPSED_TOTAL 'SVM_SOLVER_ITERATION:SVC_Global_CV_FOLD_2' 15 30
PROGRESS_REPORT_ELAPSED_TOTAL 'SVM_SOLVER_ITERATION:SVC_Global_CV_FOLD_2' 18 30
PROGRESS_REPORT_ELAPSED_TOTAL 'SVM_SOLVER_ITERATION:SVC_Global_CV_FOLD_2' 21 30
PROGRESS_REPORT_ELAPSED_TOTAL 'SVM_SOLVER_ITERATION:SVC_Global_CV_FOLD_2' 24 30
PROGRESS_REPORT_ELAPSED_TOTAL 'SVM_SOLVER_ITERATION:SVC_Global_CV_FOLD_2' 27 30
PROGRESS_REPORT_ELAPSED_TOTAL 'SVM_SOLVER_ITERATION:SVC_Global_CV_FOLD_2' 30 30
PROGRESS_REPORT_ELAPSED_TOTAL 'SVM_TRAIN_CLASS_PROBA_CROSS_VALIDATION' 3 5
PROGRESS_REPORT_ELAPSED_TOTAL 'SVM_SOLVER_ITERATION:SVC_Global_CV_FOLD_3' 3 30
PROGRESS_REPORT_ELAPSED_TOTAL 'SVM_SOLVER_ITERATION:SVC_Global_CV_FOLD_3' 6 30
PROGRESS_REPORT_ELAPSED_TOTAL 'SVM_SOLVER_ITERATION:SVC_Global_CV_FOLD_3' 9 30
PROGRESS_REPORT_ELAPSED_TOTAL 'SVM_SOLVER_ITERATION:SVC_Global_CV_FOLD_3' 12 30
PROGRESS_REPORT_ELAPSED_TOTAL 'SVM_SOLVER_ITERATION:SVC_Global_CV_FOLD_3' 15 30
PROGRESS_REPORT_ELAPSED_TOTAL 'SVM_SOLVER_ITERATION:SVC_Global_CV_FOLD_3' 18 30
PROGRESS_REPORT_ELAPSED_TOTAL 'SVM_SOLVER_ITERATION:SVC_Global_CV_FOLD_3' 21 30
PROGRESS_REPORT_ELAPSED_TOTAL 'SVM_SOLVER_ITERATION:SVC_Global_CV_FOLD_3' 24 30
PROGRESS_REPORT_ELAPSED_TOTAL 'SVM_SOLVER_ITERATION:SVC_Global_CV_FOLD_3' 27 30
PROGRESS_REPORT_ELAPSED_TOTAL 'SVM_SOLVER_ITERATION:SVC_Global_CV_FOLD_3' 30 30
PROGRESS_REPORT_ELAPSED_TOTAL 'SVM_TRAIN_CLASS_PROBA_CROSS_VALIDATION' 4 5
PROGRESS_REPORT_ELAPSED_TOTAL 'SVM_SOLVER_ITERATION:SVC_Global_CV_FOLD_4' 3 30
PROGRESS_REPORT_ELAPSED_TOTAL 'SVM_SOLVER_ITERATION:SVC_Global_CV_FOLD_4' 6 30
PROGRESS_REPORT_ELAPSED_TOTAL 'SVM_SOLVER_ITERATION:SVC_Global_CV_FOLD_4' 9 30
PROGRESS_REPORT_ELAPSED_TOTAL 'SVM_SOLVER_ITERATION:SVC_Global_CV_FOLD_4' 12 30
PROGRESS_REPORT_ELAPSED_TOTAL 'SVM_SOLVER_ITERATION:SVC_Global_CV_FOLD_4' 15 30
PROGRESS_REPORT_ELAPSED_TOTAL 'SVM_SOLVER_ITERATION:SVC_Global_CV_FOLD_4' 18 30
PROGRESS_REPORT_ELAPSED_TOTAL 'SVM_SOLVER_ITERATION:SVC_Global_CV_FOLD_4' 21 30
PROGRESS_REPORT_ELAPSED_TOTAL 'SVM_SOLVER_ITERATION:SVC_Global_CV_FOLD_4' 24 30
PROGRESS_REPORT_ELAPSED_TOTAL 'SVM_SOLVER_ITERATION:SVC_Global_CV_FOLD_4' 27 30
PROGRESS_REPORT_ELAPSED_TOTAL 'SVM_SOLVER_ITERATION:SVC_Global_CV_FOLD_4' 30 30
PROGRESS_REPORT_ELAPSED_TOTAL 'SVM_TRAIN_CLASS_PROBA_CROSS_VALIDATION' 5 5
PROGRESS_REPORT_ELAPSED_TOTAL 'SVM_SOLVER_ITERATION:SVC_Global_CV_FOLD_5' 3 30
PROGRESS_REPORT_ELAPSED_TOTAL 'SVM_SOLVER_ITERATION:SVC_Global_CV_FOLD_5' 6 30
PROGRESS_REPORT_ELAPSED_TOTAL 'SVM_SOLVER_ITERATION:SVC_Global_CV_FOLD_5' 9 30
PROGRESS_REPORT_ELAPSED_TOTAL 'SVM_SOLVER_ITERATION:SVC_Global_CV_FOLD_5' 12 30
PROGRESS_REPORT_ELAPSED_TOTAL 'SVM_SOLVER_ITERATION:SVC_Global_CV_FOLD_5' 15 30
PROGRESS_REPORT_ELAPSED_TOTAL 'SVM_SOLVER_ITERATION:SVC_Global_CV_FOLD_5' 18 30
PROGRESS_REPORT_ELAPSED_TOTAL 'SVM_SOLVER_ITERATION:SVC_Global_CV_FOLD_5' 21 30
PROGRESS_REPORT_ELAPSED_TOTAL 'SVM_SOLVER_ITERATION:SVC_Global_CV_FOLD_5' 24 30
PROGRESS_REPORT_ELAPSED_TOTAL 'SVM_SOLVER_ITERATION:SVC_Global_CV_FOLD_5' 27 30
PROGRESS_REPORT_ELAPSED_TOTAL 'SVM_SOLVER_ITERATION:SVC_Global_CV_FOLD_5' 30 30
PROGRESS_REPORT_ELAPSED_TOTAL 'SVM_SOLVER_ITERATION:SVC_Global' 3 30
PROGRESS_REPORT_ELAPSED_TOTAL 'SVM_SOLVER_ITERATION:SVC_Global' 6 30
PROGRESS_REPORT_ELAPSED_TOTAL 'SVM_SOLVER_ITERATION:SVC_Global' 9 30
PROGRESS_REPORT_ELAPSED_TOTAL 'SVM_SOLVER_ITERATION:SVC_Global' 12 30
PROGRESS_REPORT_ELAPSED_TOTAL 'SVM_SOLVER_ITERATION:SVC_Global' 15 30
PROGRESS_REPORT_ELAPSED_TOTAL 'SVM_SOLVER_ITERATION:SVC_Global' 18 30
PROGRESS_REPORT_ELAPSED_TOTAL 'SVM_SOLVER_ITERATION:SVC_Global' 21 30
PROGRESS_REPORT_ELAPSED_TOTAL 'SVM_SOLVER_ITERATION:SVC_Global' 24 30
PROGRESS_REPORT_ELAPSED_TOTAL 'SVM_SOLVER_ITERATION:SVC_Global' 27 30
PROGRESS_REPORT_ELAPSED_TOTAL 'SVM_SOLVER_ITERATION:SVC_Global' 30 30
PROGRESS_REPORT_ELAPSED_TOTAL 'SVM_CLASSIFIER_FIT' 5 5
MCU_DEPLOY_CLASSIFICATION_CODE MODEL_JSON_EXPORT_STEP
MODEL_JSON_DUMP_START
{
	"metadata" : { "model" : "Vapnik_SVC_RBF", "version" : "2024-W03"},
	"options" : {"svm_type" : "c_svc", "kernel" : "rbf", "degree" : 3, "gamma" : 6.2649099e-07, "coef0" : 0, "cache_size" : 10240, "tol" : 0.001, "nu" : 0.5, "epsilon" : 0, "shrinking" : 0, "probability" : 1, "C" : 1, "max_iter" : 30, "random_state" : 1789 },
	"classes" : [ 0, 1 ],
	"svm_model" : {
	"classes" : 2,
	"L" : 60,
	"SupportVectors" : {
		"SV_00" : [ 15.85, 23.950001, 103.7, 782.70001, 0.084009998, 0.1002, 0.099380001, 0.053640001, 0.1847, 0.053380001, 0.40329999, 1.0779999, 2.9030001, 36.580002, 0.0097690001, 0.031259999, 0.05051, 0.019920001, 0.02981, 0.003002, 16.84, 27.66, 112, 876.5, 0.1131, 0.19239999, 0.2322, 0.1119, 0.2809, 0.062870003 ],
		"SV_01" : [ 13.73, 22.610001, 93.599998, 578.29999, 0.1131, 0.22930001, 0.2128, 0.080250002, 0.2069, 0.076820001, 0.2121, 1.169, 2.0610001, 19.209999, 0.0064289998, 0.059360001, 0.055009998, 0.016279999, 0.019610001, 0.0080930004, 15.03, 32.009998, 108.8, 697.70001, 0.16509999, 0.77249998, 0.6943, 0.2208, 0.35960001, 0.14309999 ],
		"SV_02" : [ 14.25, 21.719999, 93.629997, 633, 0.098229997, 0.1098, 0.1319, 0.055980001, 0.1885, 0.061250001, 0.28600001, 1.0190001, 2.6570001, 24.91, 0.0058780001, 0.02995, 0.048149999, 0.01161, 0.02028, 0.0040219999, 15.89, 30.360001, 116.2, 799.59998, 0.1446, 0.42379999, 0.51859999, 0.14470001, 0.35910001, 0.1014 ],
		"SV_03" : [ 14.99, 25.200001, 95.540001, 698.79999, 0.093869999, 0.051309999, 0.023979999, 0.02899, 0.1565, 0.055039998, 1.214, 2.188, 8.0769997, 106, 0.006883, 0.01094, 0.01818, 0.019169999, 0.0078819999, 0.001754, 14.99, 25.200001, 95.540001, 698.79999, 0.093869999, 0.051309999, 0.023979999, 0.02899, 0.1565, 0.055039998 ],
		"SV_04" : [ 13.48, 20.82, 88.400002, 559.20001, 0.1016, 0.12549999, 0.1063, 0.054389998, 0.17200001, 0.06419, 0.213, 0.59140003, 1.545, 18.52, 0.0053670001, 0.022390001, 0.03049, 0.01262, 0.01377, 0.0031870001, 15.53, 26.02, 107.3, 740.40002, 0.161, 0.42250001, 0.50300002, 0.22579999, 0.2807, 0.1071 ],
		"SV_05" : [ 13.44, 21.58, 86.18, 563, 0.08162, 0.060309999, 0.031099999, 0.02031, 0.17839999, 0.05587, 0.2385, 0.8265, 1.572, 20.530001, 0.0032800001, 0.01102, 0.0139, 0.006881, 0.0138, 0.001286, 15.93, 30.25, 102.5, 787.90002, 0.1094, 0.2043, 0.2085, 0.1112, 0.2994, 0.071460001 ],
		"SV_06" : [ 13.17, 21.809999, 85.419998, 531.5, 0.097139999, 0.1047, 0.082589999, 0.052519999, 0.17460001, 0.06177, 0.1938, 0.61229998, 1.334, 14.49, 0.0033499999, 0.01384, 0.01452, 0.0068529998, 0.01113, 0.0017199999, 16.23, 29.889999, 105.5, 740.70001, 0.1503, 0.39039999, 0.37279999, 0.16069999, 0.36930001, 0.096179999 ],
		"SV_07" : [ 13.17, 18.66, 85.980003, 534.59998, 0.1158, 0.1231, 0.1226, 0.073399998, 0.2128, 0.067769997, 0.28709999, 0.8937, 1.897, 24.25, 0.0065319999, 0.023360001, 0.02905, 0.01215, 0.01743, 0.003643, 15.67, 27.950001, 102.8, 759.40002, 0.1786, 0.41659999, 0.50059998, 0.2088, 0.38999999, 0.1179 ],
		"SV_08" : [ 13.8, 15.79, 90.43, 584.09998, 0.1007, 0.12800001, 0.077890001, 0.050689999, 0.1662, 0.06566, 0.27869999, 0.62050003, 1.957, 23.35, 0.0047169998, 0.020649999, 0.017589999, 0.0092059998, 0.0122, 0.0031300001, 16.57, 20.860001, 110.3, 812.40002, 0.1411, 0.35420001, 0.27790001, 0.1383, 0.25889999, 0.103 ],
		"SV_09" : [ 14.48, 21.459999, 94.25, 648.20001, 0.094439998, 0.099469997, 0.1204, 0.049380001, 0.2075, 0.056359999, 0.42039999, 2.22, 3.3010001, 38.869999, 0.0093689999, 0.029829999, 0.053709999, 0.01761, 0.024180001, 0.0032490001, 16.209999, 29.25, 108.4, 808.90002, 0.13060001, 0.19760001, 0.33489999, 0.1225, 0.30199999, 0.068460003 ],
		"SV_10" : [ 15.37, 22.76, 100.2, 728.20001, 0.092, 0.1036, 0.1122, 0.074830003, 0.1717, 0.060970001, 0.31290001, 0.84130001, 2.075, 29.440001, 0.0098820003, 0.02444, 0.045310002, 0.01763, 0.02471, 0.002142, 16.43, 25.84, 107.5, 830.90002, 0.1257, 0.1997, 0.28459999, 0.1476, 0.25560001, 0.068279997 ],
		"SV_11" : [ 14.42, 19.77, 94.480003, 642.5, 0.097520001, 0.1141, 0.093879998, 0.058389999, 0.18790001, 0.063900001, 0.2895, 1.851, 2.3759999, 26.85, 0.0080049997, 0.02895, 0.033209998, 0.01424, 0.01462, 0.0044519999, 16.33, 30.860001, 109.5, 826.40002, 0.14309999, 0.3026, 0.31940001, 0.1565, 0.27180001, 0.093529999 ],
		"SV_12" : [ 12.77, 22.469999, 81.720001, 506.29999, 0.090549998, 0.057610001, 0.047109999, 0.027039999, 0.1585, 0.060649998, 0.2367, 1.38, 1.457, 19.870001, 0.0074990001, 0.01202, 0.023320001, 0.0089199999, 0.01647, 0.002629, 14.49, 33.369999, 92.040001, 653.59998, 0.1419, 0.1523, 0.2177, 0.093309999, 0.28290001, 0.080669999 ],
		"SV_13" : [ 11.8, 16.58, 78.989998, 432, 0.1091, 0.17, 0.16590001, 0.074150003, 0.2678, 0.073710002, 0.3197, 1.426, 2.2809999, 24.719999, 0.0054270001, 0.03633, 0.046489999, 0.01843, 0.056279998, 0.0046350001, 13.74, 26.379999, 91.93, 591.70001, 0.13850001, 0.40920001, 0.45039999, 0.1865, 0.57740003, 0.103 ],
		"SV_14" : [ 16.459999, 20.110001, 109.3, 832.90002, 0.098310001, 0.1556, 0.1793, 0.088660002, 0.1794, 0.06323, 0.3037, 1.284, 2.4820001, 31.59, 0.0066269999, 0.040940002, 0.053709999, 0.018130001, 0.01682, 0.004584, 17.790001, 28.450001, 123.5, 981.20001, 0.1415, 0.46669999, 0.5862, 0.2035, 0.30540001, 0.095190004 ],
		"SV_15" : [ 14.22, 23.120001, 94.370003, 609.90002, 0.1075, 0.2413, 0.1981, 0.066179998, 0.2384, 0.07542, 0.28600001, 2.1099999, 2.112, 31.719999, 0.0079699997, 0.1354, 0.1166, 0.016659999, 0.051130001, 0.01172, 15.74, 37.18, 106.4, 762.40002, 0.1533, 0.93269998, 0.8488, 0.1772, 0.51660001, 0.1446 ],
		"SV_16" : [ 14.86, 23.209999, 100.4, 671.40002, 0.1044, 0.198, 0.1697, 0.088780001, 0.1737, 0.066720001, 0.27959999, 0.96219999, 3.5910001, 25.200001, 0.0080810003, 0.05122, 0.055509999, 0.018829999, 0.025450001, 0.0043119998, 16.08, 27.780001, 118.6, 784.70001, 0.13160001, 0.4648, 0.4589, 0.1727, 0.30000001, 0.087010004 ],
		"SV_17" : [ 17.42, 25.559999, 114.5, 948, 0.1006, 0.1146, 0.1682, 0.065970004, 0.13079999, 0.058660001, 0.52960002, 1.6670001, 3.767, 58.529999, 0.031129999, 0.085550003, 0.14380001, 0.039269999, 0.021749999, 0.01256, 18.07, 28.07, 120.4, 1021, 0.1243, 0.1793, 0.28029999, 0.1099, 0.1603, 0.068180002 ],
		"SV_18" : [ 14.19, 23.809999, 92.870003, 610.70001, 0.094630003, 0.13060001, 0.1115, 0.064620003, 0.2235, 0.064329997, 0.42070001, 1.845, 3.5339999, 31, 0.01088, 0.037099998, 0.036880001, 0.01627, 0.044989999, 0.004768, 16.860001, 34.849998, 115, 811.29999, 0.1559, 0.4059, 0.37439999, 0.1772, 0.47240001, 0.1026 ],
		"SV_19" : [ 13.86, 16.93, 90.959999, 578.90002, 0.1026, 0.1517, 0.099009998, 0.056019999, 0.2106, 0.069159999, 0.2563, 1.194, 1.933, 22.690001, 0.0059600002, 0.03438, 0.03909, 0.01435, 0.01939, 0.0045599998, 15.75, 26.93, 104.4, 750.09998, 0.146, 0.43700001, 0.46360001, 0.1654, 0.36300001, 0.1059 ],
		"SV_20" : [ 12.83, 22.33, 85.260002, 503.20001, 0.1088, 0.17990001, 0.16949999, 0.068609998, 0.2123, 0.07254, 0.30610001, 1.069, 2.257, 25.129999, 0.0069829999, 0.03858, 0.046829998, 0.01499, 0.016799999, 0.0056170002, 15.2, 30.15, 105.3, 706, 0.1777, 0.53430003, 0.62819999, 0.19769999, 0.3407, 0.1243 ],
		"SV_21" : [ 13.96, 17.049999, 91.43, 602.40002, 0.1096, 0.1279, 0.097889997, 0.05246, 0.1908, 0.061299998, 0.42500001, 0.80980003, 2.563, 35.740002, 0.0063510002, 0.02679, 0.03119, 0.01342, 0.02062, 0.002695, 16.389999, 22.07, 108.1, 826, 0.1512, 0.32620001, 0.32089999, 0.1374, 0.30680001, 0.079570003 ],
		"SV_22" : [ 15.61, 19.379999, 100, 758.59998, 0.078400001, 0.056159999, 0.042089999, 0.02847, 0.1547, 0.05443, 0.2298, 0.99879998, 1.534, 22.18, 0.0028260001, 0.0091049997, 0.01311, 0.0051739998, 0.01013, 0.001345, 17.91, 31.67, 115.9, 988.59998, 0.1084, 0.1807, 0.226, 0.08568, 0.2683, 0.068290003 ],
		"SV_23" : [ 16.26, 21.879999, 107.5, 826.79999, 0.1165, 0.1283, 0.17990001, 0.079810001, 0.1869, 0.06532, 0.57059997, 1.457, 2.961, 57.720001, 0.01056, 0.037560001, 0.058389999, 0.01186, 0.04022, 0.0061869998, 17.73, 25.209999, 113.7, 975.20001, 0.1426, 0.21160001, 0.3344, 0.1047, 0.27360001, 0.079530001 ],
		"SV_24" : [ 15.75, 19.219999, 107.1, 758.59998, 0.1243, 0.23639999, 0.29139999, 0.1242, 0.2375, 0.076030001, 0.52039999, 1.324, 3.477, 51.220001, 0.0093289996, 0.065590002, 0.099529997, 0.02283, 0.055429999, 0.0073299999, 17.360001, 24.17, 119.4, 915.29999, 0.155, 0.50459999, 0.68720001, 0.21349999, 0.42449999, 0.105 ],
		"SV_25" : [ 14.6, 23.290001, 93.970001, 664.70001, 0.086819999, 0.066359997, 0.083899997, 0.05271, 0.1627, 0.054159999, 0.41569999, 1.627, 2.914, 33.009998, 0.008312, 0.017419999, 0.033890001, 0.015760001, 0.0174, 0.002871, 15.79, 31.709999, 102.2, 758.20001, 0.1312, 0.15809999, 0.26750001, 0.13590001, 0.24770001, 0.068360001 ],
		"SV_26" : [ 15.5, 21.08, 102.9, 803.09998, 0.112, 0.15710001, 0.1522, 0.084810004, 0.2085, 0.068640001, 1.37, 1.2130001, 9.4239998, 176.5, 0.0081979996, 0.03889, 0.04493, 0.02139, 0.02018, 0.0058149998, 23.17, 27.65, 157.10001, 1748, 0.1517, 0.40020001, 0.42109999, 0.21340001, 0.3003, 0.1048 ],
		"SV_27" : [ 14.9, 22.530001, 102.1, 685, 0.099469997, 0.2225, 0.27329999, 0.097110003, 0.2041, 0.068980001, 0.25299999, 0.87489998, 3.4660001, 24.190001, 0.0069650002, 0.06213, 0.079259999, 0.02234, 0.01499, 0.0057839998, 16.35, 27.57, 125.4, 832.70001, 0.1419, 0.70899999, 0.90189999, 0.2475, 0.28659999, 0.1155 ],
		"SV_28" : [ 16.25, 19.51, 109.8, 815.79999, 0.1026, 0.1893, 0.2236, 0.091940001, 0.21510001, 0.065779999, 0.31470001, 0.98570001, 3.0699999, 33.119999, 0.0091970004, 0.054699998, 0.080789998, 0.022150001, 0.027729999, 0.0063550002, 17.389999, 23.049999, 122.1, 939.70001, 0.13770001, 0.44620001, 0.58969998, 0.17749999, 0.33180001, 0.091360003 ],
		"SV_29" : [ 15.46, 23.950001, 103.8, 731.29999, 0.1183, 0.18700001, 0.20299999, 0.085199997, 0.1807, 0.070830002, 0.33309999, 1.961, 2.937, 32.52, 0.0095380004, 0.049400002, 0.06019, 0.020409999, 0.021050001, 0.0060000001, 17.110001, 36.330002, 117.7, 909.40002, 0.1732, 0.49669999, 0.59109998, 0.2163, 0.30129999, 0.1067 ],
		"SV_30" : [ 13.54, 14.36, 87.459999, 566.29999, 0.097790003, 0.081289999, 0.066639997, 0.047809999, 0.1885, 0.057659999, 0.26989999, 0.78860003, 2.0580001, 23.559999, 0.0084619997, 0.0146, 0.023870001, 0.01315, 0.0198, 0.0023000001, 15.11, 19.26, 99.699997, 711.20001, 0.14399999, 0.17730001, 0.23899999, 0.1288, 0.29769999, 0.072590001 ],
		"SV_31" : [ 14.64, 15.24, 95.769997, 651.90002, 0.1132, 0.1339, 0.099660002, 0.070639998, 0.21160001, 0.06346, 0.5115, 0.73720002, 3.8139999, 42.759998, 0.005508, 0.044119999, 0.044360001, 0.01623, 0.02427, 0.0048409998, 16.34, 18.24, 109.4, 803.59998, 0.1277, 0.3089, 0.2604, 0.1397, 0.31510001, 0.084729999 ],
		"SV_32" : [ 13.27, 14.76, 84.739998, 551.70001, 0.073550001, 0.050549999, 0.032609999, 0.02648, 0.13860001, 0.053180002, 0.4057, 1.153, 2.701, 36.349998, 0.0044809999, 0.01038, 0.01358, 0.01082, 0.01069, 0.001435, 16.360001, 22.35, 104.5, 830.59998, 0.1006, 0.1238, 0.13500001, 0.1001, 0.2027, 0.062059999 ],
		"SV_33" : [ 11.93, 21.530001, 76.529999, 438.60001, 0.097680002, 0.078489996, 0.03328, 0.02008, 0.1688, 0.061939999, 0.3118, 0.92269999, 2, 24.790001, 0.007803, 0.02507, 0.01835, 0.0077109998, 0.01278, 0.003856, 13.67, 26.15, 87.540001, 583, 0.15000001, 0.23989999, 0.1503, 0.072470002, 0.2438, 0.085409999 ],
		"SV_34" : [ 15.1, 16.389999, 99.580002, 674.5, 0.115, 0.1807, 0.1138, 0.085340001, 0.2001, 0.064669997, 0.43090001, 1.068, 2.796, 39.84, 0.0090060001, 0.041850001, 0.03204, 0.02258, 0.023530001, 0.0049840002, 16.110001, 18.33, 105.9, 762.59998, 0.13860001, 0.28830001, 0.19599999, 0.14229999, 0.259, 0.07779 ],
		"SV_35" : [ 15.71, 13.93, 102, 761.70001, 0.094619997, 0.094619997, 0.071350001, 0.059330001, 0.1816, 0.057229999, 0.31169999, 0.81550002, 1.972, 27.940001, 0.0052169999, 0.01515, 0.01678, 0.01268, 0.016690001, 0.00233, 17.5, 19.25, 114.3, 922.79999, 0.1223, 0.19490001, 0.1709, 0.1374, 0.2723, 0.070710003 ],
		"SV_36" : [ 12.9, 15.92, 83.739998, 512.20001, 0.086769998, 0.095090002, 0.048939999, 0.03088, 0.1778, 0.062350001, 0.21430001, 0.7712, 1.689, 16.639999, 0.005324, 0.015629999, 0.0151, 0.007584, 0.02104, 0.001887, 14.48, 21.82, 97.169998, 643.79999, 0.1312, 0.25479999, 0.20900001, 0.1012, 0.3549, 0.081179999 ],
		"SV_37" : [ 16.84, 19.459999, 108.4, 880.20001, 0.074450001, 0.072229996, 0.0515, 0.02771, 0.18440001, 0.052680001, 0.47889999, 2.0599999, 3.4790001, 46.610001, 0.0034429999, 0.02661, 0.03056, 0.0111, 0.0152, 0.001519, 18.219999, 28.07, 120.3, 1032, 0.087739997, 0.171, 0.1882, 0.084360003, 0.2527, 0.059719998 ],
		"SV_38" : [ 12.47, 18.6, 81.089996, 481.89999, 0.099650003, 0.1058, 0.080049999, 0.038210001, 0.1925, 0.063730001, 0.39610001, 1.044, 2.497, 30.290001, 0.0069530001, 0.01911, 0.027009999, 0.01037, 0.017820001, 0.0035860001, 14.97, 24.639999, 96.050003, 677.90002, 0.1426, 0.2378, 0.26710001, 0.1015, 0.30140001, 0.087499999 ],
		"SV_39" : [ 15.27, 12.91, 98.169998, 725.5, 0.081820004, 0.0623, 0.05892, 0.031569999, 0.13590001, 0.055259999, 0.21340001, 0.3628, 1.525, 20, 0.0042909998, 0.01236, 0.018409999, 0.007373, 0.0095389998, 0.001656, 17.379999, 15.92, 113.7, 932.70001, 0.1222, 0.2186, 0.29620001, 0.1035, 0.23199999, 0.07474 ],
		"SV_40" : [ 13.27, 17.02, 84.550003, 546.40002, 0.084449999, 0.049940001, 0.03554, 0.024560001, 0.1496, 0.056740001, 0.29269999, 0.89069998, 2.0439999, 24.68, 0.0060319998, 0.01104, 0.02259, 0.0090570003, 0.01482, 0.0024959999, 15.14, 23.6, 98.839996, 708.79999, 0.1276, 0.1311, 0.1786, 0.096780002, 0.25060001, 0.076229997 ],
		"SV_41" : [ 14.22, 27.85, 92.550003, 623.90002, 0.082230002, 0.1039, 0.1103, 0.04408, 0.13420001, 0.06129, 0.33539999, 2.3239999, 2.105, 29.959999, 0.0063069998, 0.028449999, 0.0385, 0.01011, 0.01185, 0.0035890001, 15.75, 40.540001, 102.5, 764, 0.1081, 0.24259999, 0.3064, 0.08219, 0.189, 0.077959999 ],
		"SV_42" : [ 13.59, 17.84, 86.239998, 572.29999, 0.07948, 0.040520001, 0.01997, 0.01238, 0.1573, 0.055199999, 0.25799999, 1.166, 1.683, 22.219999, 0.0037410001, 0.0052740001, 0.01065, 0.0050440002, 0.01344, 0.001126, 15.5, 26.1, 98.910004, 739.09998, 0.105, 0.076219998, 0.106, 0.051849999, 0.2335, 0.062629998 ],
		"SV_43" : [ 14.41, 19.73, 96.029999, 651, 0.087569997, 0.16760001, 0.1362, 0.066019997, 0.1714, 0.07192, 0.8811, 1.77, 4.3600001, 77.110001, 0.007762, 0.1064, 0.099600002, 0.02771, 0.040770002, 0.02286, 15.77, 22.129999, 101.7, 767.29999, 0.099830002, 0.2472, 0.222, 0.1021, 0.2272, 0.087990001 ],
		"SV_44" : [ 14.26, 18.17, 91.220001, 633.09998, 0.065760002, 0.052200001, 0.02475, 0.01374, 0.1635, 0.055860002, 0.23, 0.66900003, 1.661, 20.559999, 0.0031689999, 0.01377, 0.01079, 0.0052430001, 0.01103, 0.001957, 16.219999, 25.26, 105.8, 819.70001, 0.094449997, 0.2167, 0.1565, 0.075300001, 0.26359999, 0.076760001 ],
		"SV_45" : [ 16.5, 18.290001, 106.6, 838.09998, 0.096859999, 0.084679998, 0.058619998, 0.048349999, 0.1495, 0.05593, 0.3389, 1.439, 2.3440001, 33.580002, 0.0072570001, 0.01805, 0.01832, 0.01033, 0.01694, 0.0020010001, 18.129999, 25.450001, 117.2, 1009, 0.1338, 0.1679, 0.1663, 0.091229998, 0.2394, 0.064690001 ],
		"SV_46" : [ 15.19, 13.21, 97.650002, 711.79999, 0.079630002, 0.069339998, 0.03393, 0.02657, 0.17209999, 0.055440001, 0.17829999, 0.41249999, 1.3380001, 17.719999, 0.005012, 0.01485, 0.01551, 0.0091549996, 0.01647, 0.001767, 16.200001, 15.73, 104.5, 819.09998, 0.1126, 0.1737, 0.1362, 0.081780002, 0.24869999, 0.067659996 ],
		"SV_47" : [ 16.17, 16.07, 106.3, 788.5, 0.098800004, 0.14380001, 0.066509999, 0.053970002, 0.199, 0.065719999, 0.1745, 0.48899999, 1.349, 14.91, 0.0045099999, 0.01812, 0.019509999, 0.01196, 0.019339999, 0.003696, 16.969999, 19.139999, 113.1, 861.5, 0.1235, 0.255, 0.2114, 0.1251, 0.31529999, 0.089599997 ],
		"SV_48" : [ 16.139999, 14.86, 104.3, 800, 0.094949998, 0.08501, 0.055, 0.045279998, 0.1735, 0.05875, 0.2387, 0.6372, 1.729, 21.83, 0.0039579999, 0.01246, 0.018309999, 0.0087470002, 0.015, 0.001621, 17.709999, 19.58, 115.9, 947.90002, 0.1206, 0.17219999, 0.23100001, 0.1129, 0.27779999, 0.070119999 ],
		"SV_49" : [ 14.69, 13.98, 98.220001, 656.09998, 0.1031, 0.18359999, 0.145, 0.063000001, 0.2086, 0.07406, 0.54619998, 1.511, 4.7950001, 49.450001, 0.0099759996, 0.052439999, 0.052779999, 0.015799999, 0.026529999, 0.005444, 16.459999, 18.34, 114.1, 809.20001, 0.1312, 0.3635, 0.32190001, 0.1108, 0.2827, 0.092079997 ],
		"SV_50" : [ 13.66, 19.129999, 89.459999, 575.29999, 0.090570003, 0.1147, 0.09657, 0.048119999, 0.1848, 0.061810002, 0.2244, 0.89499998, 1.804, 19.360001, 0.00398, 0.02809, 0.03669, 0.01274, 0.01581, 0.0039559999, 15.14, 25.5, 101.4, 708.79999, 0.1147, 0.31670001, 0.366, 0.1407, 0.2744, 0.08839 ],
		"SV_51" : [ 14.8, 17.66, 95.879997, 674.79999, 0.091789998, 0.0889, 0.040690001, 0.022600001, 0.1893, 0.05886, 0.22040001, 0.6221, 1.482, 19.75, 0.0047960002, 0.01171, 0.017580001, 0.0068970001, 0.022539999, 0.0019710001, 16.43, 22.74, 105.9, 829.5, 0.1226, 0.1881, 0.206, 0.083080001, 0.36000001, 0.072849996 ],
		"SV_52" : [ 14.53, 19.34, 94.25, 659.70001, 0.08388, 0.078000002, 0.088169999, 0.02925, 0.1473, 0.057459999, 0.25350001, 1.354, 1.994, 23.040001, 0.0041470001, 0.020479999, 0.03379, 0.0088480003, 0.01394, 0.002327, 16.299999, 28.389999, 108.1, 830.5, 0.1089, 0.2649, 0.3779, 0.095940001, 0.2471, 0.07463 ],
		"SV_53" : [ 13.24, 20.129999, 86.870003, 542.90002, 0.082840003, 0.1223, 0.101, 0.02833, 0.1601, 0.064319998, 0.28099999, 0.81349999, 3.369, 23.809999, 0.004929, 0.066569999, 0.07683, 0.01368, 0.01526, 0.0081329998, 15.44, 25.5, 115, 733.5, 0.1201, 0.56459999, 0.65560001, 0.1357, 0.2845, 0.1249 ],
		"SV_54" : [ 14.92, 14.93, 96.449997, 686.90002, 0.080980003, 0.085490003, 0.05539, 0.03221, 0.16869999, 0.05669, 0.2446, 0.43340001, 1.826, 23.309999, 0.003271, 0.0177, 0.0231, 0.0083990004, 0.01148, 0.002379, 17.18, 18.219999, 112, 906.59998, 0.1065, 0.2791, 0.31510001, 0.1147, 0.26879999, 0.082730003 ],
		"SV_55" : [ 14.2, 20.530001, 92.410004, 618.40002, 0.089309998, 0.1108, 0.050629999, 0.030579999, 0.1506, 0.060090002, 0.34779999, 1.018, 2.7490001, 31.01, 0.0041069998, 0.032880001, 0.028209999, 0.0135, 0.016100001, 0.0027439999, 16.450001, 27.26, 112.1, 828.5, 0.1153, 0.34290001, 0.25119999, 0.1339, 0.2534, 0.07858 ],
		"SV_56" : [ 13.9, 19.24, 88.730003, 602.90002, 0.079910003, 0.053259999, 0.02995, 0.0207, 0.15790001, 0.055939998, 0.33160001, 0.92640001, 2.056, 28.41, 0.003704, 0.01082, 0.0153, 0.0062750001, 0.01062, 0.0022169999, 16.41, 26.42, 104.4, 830.5, 0.1064, 0.1415, 0.1673, 0.081500001, 0.23559999, 0.076030001 ],
		"SV_57" : [ 17.85, 13.23, 114.6, 992.09998, 0.078380004, 0.062169999, 0.04445, 0.041779999, 0.122, 0.05243, 0.48339999, 1.046, 3.1630001, 50.950001, 0.004369, 0.0082740001, 0.01153, 0.0074370001, 0.01302, 0.001309, 19.82, 18.42, 127.1, 1210, 0.098619998, 0.099760003, 0.1048, 0.083410002, 0.17829999, 0.058710001 ],
		"SV_58" : [ 14.87, 20.209999, 96.120003, 680.90002, 0.095870003, 0.083449997, 0.068240002, 0.049509998, 0.1487, 0.05748, 0.2323, 1.636, 1.596, 21.84, 0.005415, 0.01371, 0.02153, 0.01183, 0.01959, 0.0018119999, 16.01, 28.48, 103.9, 783.59998, 0.1216, 0.1388, 0.17, 0.1017, 0.2369, 0.065990001 ],
		"SV_59" : [ 16.299999, 15.7, 104.7, 819.79999, 0.094269998, 0.067120001, 0.055259999, 0.045630001, 0.17110001, 0.056570001, 0.2067, 0.47060001, 1.146, 20.67, 0.007394, 0.01203, 0.024700001, 0.01431, 0.01344, 0.002569, 17.32, 17.76, 109.8, 928.20001, 0.1354, 0.13609999, 0.1947, 0.1357, 0.23, 0.072300002 ]
	},
	"SupportVectorsCoefs" : {
		"SV_coef_0" : [ 1, 1, 1, 1, 1, 1, 1, 1, 1, 1, 1, 1, 1, 1, 1, 1, 1, 1, 1, 1, 1, 1, 1, 1, 1, 1, 1, 1, 1, 1, -1, -1, -1, -1, -1, -1, -1, -1, -1, -1, -1, -1, -1, -1, -1, -1, -1, -1, -1, -1, -1, -1, -1, -1, -1, -1, -1, -1, -1, -1 ]
	},
	"rho" : [ -0.2887142 ],
	"nSV" : [ 30, 30 ],
	"probA" : [ -15.524362 ],
	"probB" : [ 0.58898622 ],
	"n_iter" : [ 30 ],
	"sv_ind" : [ 13, 14, 36, 38, 39, 40, 44, 47, 73, 86, 91, 99, 135, 146, 177, 190, 194, 213, 214, 215, 229, 255, 263, 329, 351, 385, 417, 430, 479, 509, 19, 89, 92, 115, 128, 133, 143, 157, 204, 209, 224, 238, 278, 290, 298, 363, 371, 375, 406, 421, 423, 447, 448, 465, 472, 476, 481, 491, 495, 508 ]
}
}
MODEL_JSON_DUMP_END
MCU_DEPLOY_CLASSIFICATION_CODE MODEL_PREDICT_STEP
MLLITE_AUTO_DEPLOY_BREASTCANCER_MEDIUM_APPLY_OUTPUT_CLASS  [ 0, 0, 0, 1, 0,  ... , 1, 1, 1, 1, 1 ]
MCU_DEPLOY_CLASSIFICATION_CODE MODEL_PREDICT_PROBA_STEP
MLLITE_AUTO_DEPLOY_BREASTCANCER_MEDIUM_APPLY_OUTPUT_PROBA 0 [ 0.99985516, 0.00014486026 ]
MLLITE_AUTO_DEPLOY_BREASTCANCER_MEDIUM_APPLY_OUTPUT_PROBA 1 [ 0.99925965, 0.00074041833 ]
MLLITE_AUTO_DEPLOY_BREASTCANCER_MEDIUM_APPLY_OUTPUT_PROBA 2 [ 0.99734229, 0.0026576894 ]
MLLITE_AUTO_DEPLOY_BREASTCANCER_MEDIUM_APPLY_OUTPUT_PROBA 3 [ 0.26675636, 0.7332437 ]
MLLITE_AUTO_DEPLOY_BREASTCANCER_MEDIUM_APPLY_OUTPUT_PROBA 4 [ 0.98913676, 0.010863226 ]
...
MLLITE_AUTO_DEPLOY_BREASTCANCER_MEDIUM_APPLY_OUTPUT_PROBA 507 [ 0.25078276, 0.74921727 ]
MLLITE_AUTO_DEPLOY_BREASTCANCER_MEDIUM_APPLY_OUTPUT_PROBA 508 [ 0.30814397, 0.69185603 ]
MLLITE_AUTO_DEPLOY_BREASTCANCER_MEDIUM_APPLY_OUTPUT_PROBA 509 [ 0.34752309, 0.65247679 ]
MLLITE_AUTO_DEPLOY_BREASTCANCER_MEDIUM_APPLY_OUTPUT_PROBA 510 [ 0.21125753, 0.78874242 ]
MLLITE_AUTO_DEPLOY_BREASTCANCER_MEDIUM_APPLY_OUTPUT_PROBA 511 [ 0.19303402, 0.80696613 ]
MCU_DEPLOY_CLASSIFICATION_CODE MODEL_COMPUTE_PERF_STEP
MLLITE_AUTO_DEPLOY_BREASTCANCER_MEDIUM_CLASS_PERFS { "count" : 512, "precision" : 0.88671875,  "AUC" : [ 0.94621372, 0.94621372 ] }
This will be printed
MCU_DEPLOY_CLASSIFICATION_CODE ALL_STEPS_OK
MCU_DEPLOY_CLASSIFICATION_CODE done
MLLITE_MCU_TIMER_OPERATION_ELAPSED_SECONDS 'MLLITE.MCU_DEPLOY.CLASSIFICATION.Vapnik_SVC_RBF.BREASTCANCER_MEDIUM' 0
MLLITE_MCU_TIMER_OPERATION_END 'MLLITE.MCU_DEPLOY.CLASSIFICATION.Vapnik_SVC_RBF.BREASTCANCER_MEDIUM' [ 'Thu Jan 25 12:03:12 2024' ]
MCU_DEPLOY_ON_TARGET_X86_64_END
EXECUTION_TIME_DETAIL = {'CMD':'timeout 180 ./x86_64/classification/x86_64_classification_svm_BreastCancer_medium.exe', 'ElapsedTimeSecs':(0.30, 0.00, 0.30), 'MAX_MEM_KB':1728, 'CPU_PRCNT':'100%', 'FILES_IN':0, 'FILES_OUT':56, 'EXIT_STATUS':0}
