MCU_DEPLOY_ON_TARGET_X86_64_START
MLLITE_MCU_TIMER_OPERATION_START 'MLLITE.MCU_DEPLOY.CLASSIFICATION.Vapnik_SVC_RBF.BREASTCANCER_SMALL' [ 'Sat Feb  3 23:18:11 2024' ]
MLLite starting
MCU_DEPLOY_CLASSIFICATION_CODE CREATE_DATASET_STEP
MCU_DEPLOY_CLASSIFICATION_CODE CREATE_MODEL_STEP
MCU_DEPLOY_CLASSIFICATION_MODEL_OPTIONS
{"svm_type" : "c_svc", "kernel" : "rbf", "degree" : 3, "gamma" : 0, "coef0" : 0, "cache_size" : 10240, "tol" : 0.001, "nu" : 0.5, "epsilon" : 0, "shrinking" : 0, "probability" : 1, "C" : 1, "max_iter" : 30, "random_state" : 1789 }
MCU_DEPLOY_CLASSIFICATION_CODE FIT_MODEL_STEP
PROGRESS_REPORT_ELAPSED_TOTAL 'SVM_CLASSIFIER_FIT' 1 5
PROGRESS_REPORT_ELAPSED_TOTAL 'SVM_CLASSIFIER_FIT' 2 5
PROGRESS_REPORT_ELAPSED_TOTAL 'SVM_CLASSIFIER_FIT' 3 5
PROGRESS_REPORT_ELAPSED_TOTAL 'SVM_CLASSIFIER_FIT' 4 5
PROGRESS_REPORT_ELAPSED_TOTAL 'SVM_TRAIN_CLASS_PROBA_CROSS_VALIDATION' 1 5
PROGRESS_REPORT_ELAPSED_TOTAL 'SVM_SOLVER_ITERATION:SVC_Global_CV_FOLD_1' 3 30
PROGRESS_REPORT_ELAPSED_TOTAL 'SVM_SOLVER_ITERATION:SVC_Global_CV_FOLD_1' 6 30
PROGRESS_REPORT_ELAPSED_TOTAL 'SVM_SOLVER_ITERATION:SVC_Global_CV_FOLD_1' 9 30
PROGRESS_REPORT_ELAPSED_TOTAL 'SVM_SOLVER_ITERATION:SVC_Global_CV_FOLD_1' 12 30
PROGRESS_REPORT_ELAPSED_TOTAL 'SVM_SOLVER_ITERATION:SVC_Global_CV_FOLD_1' 15 30
PROGRESS_REPORT_ELAPSED_TOTAL 'SVM_TRAIN_CLASS_PROBA_CROSS_VALIDATION' 2 5
PROGRESS_REPORT_ELAPSED_TOTAL 'SVM_SOLVER_ITERATION:SVC_Global_CV_FOLD_2' 3 30
PROGRESS_REPORT_ELAPSED_TOTAL 'SVM_SOLVER_ITERATION:SVC_Global_CV_FOLD_2' 6 30
PROGRESS_REPORT_ELAPSED_TOTAL 'SVM_SOLVER_ITERATION:SVC_Global_CV_FOLD_2' 9 30
PROGRESS_REPORT_ELAPSED_TOTAL 'SVM_SOLVER_ITERATION:SVC_Global_CV_FOLD_2' 12 30
PROGRESS_REPORT_ELAPSED_TOTAL 'SVM_SOLVER_ITERATION:SVC_Global_CV_FOLD_2' 15 30
PROGRESS_REPORT_ELAPSED_TOTAL 'SVM_SOLVER_ITERATION:SVC_Global_CV_FOLD_2' 18 30
PROGRESS_REPORT_ELAPSED_TOTAL 'SVM_SOLVER_ITERATION:SVC_Global_CV_FOLD_2' 21 30
PROGRESS_REPORT_ELAPSED_TOTAL 'SVM_TRAIN_CLASS_PROBA_CROSS_VALIDATION' 3 5
PROGRESS_REPORT_ELAPSED_TOTAL 'SVM_SOLVER_ITERATION:SVC_Global_CV_FOLD_3' 3 30
PROGRESS_REPORT_ELAPSED_TOTAL 'SVM_SOLVER_ITERATION:SVC_Global_CV_FOLD_3' 6 30
PROGRESS_REPORT_ELAPSED_TOTAL 'SVM_SOLVER_ITERATION:SVC_Global_CV_FOLD_3' 9 30
PROGRESS_REPORT_ELAPSED_TOTAL 'SVM_SOLVER_ITERATION:SVC_Global_CV_FOLD_3' 12 30
PROGRESS_REPORT_ELAPSED_TOTAL 'SVM_SOLVER_ITERATION:SVC_Global_CV_FOLD_3' 15 30
PROGRESS_REPORT_ELAPSED_TOTAL 'SVM_SOLVER_ITERATION:SVC_Global_CV_FOLD_3' 18 30
PROGRESS_REPORT_ELAPSED_TOTAL 'SVM_TRAIN_CLASS_PROBA_CROSS_VALIDATION' 4 5
PROGRESS_REPORT_ELAPSED_TOTAL 'SVM_SOLVER_ITERATION:SVC_Global_CV_FOLD_4' 3 30
PROGRESS_REPORT_ELAPSED_TOTAL 'SVM_SOLVER_ITERATION:SVC_Global_CV_FOLD_4' 6 30
PROGRESS_REPORT_ELAPSED_TOTAL 'SVM_SOLVER_ITERATION:SVC_Global_CV_FOLD_4' 9 30
PROGRESS_REPORT_ELAPSED_TOTAL 'SVM_SOLVER_ITERATION:SVC_Global_CV_FOLD_4' 12 30
PROGRESS_REPORT_ELAPSED_TOTAL 'SVM_SOLVER_ITERATION:SVC_Global_CV_FOLD_4' 15 30
PROGRESS_REPORT_ELAPSED_TOTAL 'SVM_SOLVER_ITERATION:SVC_Global_CV_FOLD_4' 18 30
PROGRESS_REPORT_ELAPSED_TOTAL 'SVM_SOLVER_ITERATION:SVC_Global_CV_FOLD_4' 21 30
PROGRESS_REPORT_ELAPSED_TOTAL 'SVM_TRAIN_CLASS_PROBA_CROSS_VALIDATION' 5 5
PROGRESS_REPORT_ELAPSED_TOTAL 'SVM_SOLVER_ITERATION:SVC_Global_CV_FOLD_5' 3 30
PROGRESS_REPORT_ELAPSED_TOTAL 'SVM_SOLVER_ITERATION:SVC_Global_CV_FOLD_5' 6 30
PROGRESS_REPORT_ELAPSED_TOTAL 'SVM_SOLVER_ITERATION:SVC_Global_CV_FOLD_5' 9 30
PROGRESS_REPORT_ELAPSED_TOTAL 'SVM_SOLVER_ITERATION:SVC_Global_CV_FOLD_5' 12 30
PROGRESS_REPORT_ELAPSED_TOTAL 'SVM_SOLVER_ITERATION:SVC_Global_CV_FOLD_5' 15 30
PROGRESS_REPORT_ELAPSED_TOTAL 'SVM_SOLVER_ITERATION:SVC_Global_CV_FOLD_5' 18 30
PROGRESS_REPORT_ELAPSED_TOTAL 'SVM_SOLVER_ITERATION:SVC_Global_CV_FOLD_5' 21 30
PROGRESS_REPORT_ELAPSED_TOTAL 'SVM_SOLVER_ITERATION:SVC_Global' 3 30
PROGRESS_REPORT_ELAPSED_TOTAL 'SVM_SOLVER_ITERATION:SVC_Global' 6 30
PROGRESS_REPORT_ELAPSED_TOTAL 'SVM_SOLVER_ITERATION:SVC_Global' 9 30
PROGRESS_REPORT_ELAPSED_TOTAL 'SVM_SOLVER_ITERATION:SVC_Global' 12 30
PROGRESS_REPORT_ELAPSED_TOTAL 'SVM_SOLVER_ITERATION:SVC_Global' 15 30
PROGRESS_REPORT_ELAPSED_TOTAL 'SVM_SOLVER_ITERATION:SVC_Global' 18 30
PROGRESS_REPORT_ELAPSED_TOTAL 'SVM_SOLVER_ITERATION:SVC_Global' 21 30
PROGRESS_REPORT_ELAPSED_TOTAL 'SVM_SOLVER_ITERATION:SVC_Global' 24 30
PROGRESS_REPORT_ELAPSED_TOTAL 'SVM_CLASSIFIER_FIT' 5 5
MCU_DEPLOY_CLASSIFICATION_CODE MODEL_JSON_EXPORT_STEP
MODEL_JSON_DUMP_START
{
	"metadata" : { "model" : "Vapnik_SVC_RBF", "version" : "2024-W04"},
	"options" : {"svm_type" : "c_svc", "kernel" : "rbf", "degree" : 3, "gamma" : 6.2876626e-07, "coef0" : 0, "cache_size" : 10240, "tol" : 0.001, "nu" : 0.5, "epsilon" : 0, "shrinking" : 0, "probability" : 1, "C" : 1, "max_iter" : 30, "random_state" : 1789 },
	"dataset" : { "dataset_rows" : 64, "dataset_features" : 30 },
	"classes" : [ 0, 1 ],
	"svm_model" : {
	"classes" : 2,
	"L" : 32,
	"SupportVectors" : {
		"SV_00" : [ 15.34, 14.26, 102.5, 704.40002, 0.1073, 0.21349999, 0.2077, 0.097560003, 0.25209999, 0.070320003, 0.43880001, 0.70959997, 3.3840001, 44.91, 0.0067889998, 0.05328, 0.064460002, 0.02252, 0.03672, 0.0043939999, 18.07, 19.08, 125.1, 980.90002, 0.139, 0.59539998, 0.63050002, 0.2393, 0.46669999, 0.099459998 ],
		"SV_01" : [ 13.73, 22.610001, 93.599998, 578.29999, 0.1131, 0.22930001, 0.2128, 0.080250002, 0.2069, 0.076820001, 0.2121, 1.169, 2.0610001, 19.209999, 0.0064289998, 0.059360001, 0.055009998, 0.016279999, 0.019610001, 0.0080930004, 15.03, 32.009998, 108.8, 697.70001, 0.16509999, 0.77249998, 0.6943, 0.2208, 0.35960001, 0.14309999 ],
		"SV_02" : [ 14.45, 20.219999, 94.489998, 642.70001, 0.098719999, 0.1206, 0.118, 0.059799999, 0.19499999, 0.064659998, 0.20919999, 0.65090001, 1.446, 19.42, 0.0040440001, 0.015969999, 0.02, 0.007303, 0.01522, 0.0019759999, 18.33, 30.120001, 117.9, 1044, 0.1552, 0.40560001, 0.49669999, 0.1838, 0.47530001, 0.1013 ],
		"SV_03" : [ 11.42, 20.379999, 77.580002, 386.10001, 0.1425, 0.28389999, 0.2414, 0.1052, 0.2597, 0.097439997, 0.49559999, 1.156, 3.4449999, 27.23, 0.00911, 0.074579999, 0.056609999, 0.01867, 0.059629999, 0.0092080003, 14.91, 26.5, 98.870003, 567.70001, 0.2098, 0.86629999, 0.68690002, 0.25749999, 0.6638, 0.17299999 ],
		"SV_04" : [ 15.32, 17.27, 103.2, 713.29999, 0.13349999, 0.22840001, 0.2448, 0.1242, 0.23980001, 0.075960003, 0.65920001, 1.059, 4.0609999, 59.459999, 0.01015, 0.045880001, 0.049830001, 0.021269999, 0.01884, 0.0086599998, 17.73, 22.66, 119.8, 928.79999, 0.17649999, 0.45030001, 0.4429, 0.2229, 0.3258, 0.1191 ],
		"SV_05" : [ 14.48, 21.459999, 94.25, 648.20001, 0.094439998, 0.099469997, 0.1204, 0.049380001, 0.2075, 0.056359999, 0.42039999, 2.22, 3.3010001, 38.869999, 0.0093689999, 0.029829999, 0.053709999, 0.01761, 0.024180001, 0.0032490001, 16.209999, 29.25, 108.4, 808.90002, 0.13060001, 0.19760001, 0.33489999, 0.1225, 0.30199999, 0.068460003 ],
		"SV_06" : [ 14.86, 23.209999, 100.4, 671.40002, 0.1044, 0.198, 0.1697, 0.088780001, 0.1737, 0.066720001, 0.27959999, 0.96219999, 3.5910001, 25.200001, 0.0080810003, 0.05122, 0.055509999, 0.018829999, 0.025450001, 0.0043119998, 16.08, 27.780001, 118.6, 784.70001, 0.13160001, 0.4648, 0.4589, 0.1727, 0.30000001, 0.087010004 ],
		"SV_07" : [ 13.61, 24.98, 88.050003, 582.70001, 0.09488, 0.085110001, 0.08625, 0.044890001, 0.1609, 0.058710001, 0.45649999, 1.29, 2.8610001, 43.139999, 0.005872, 0.01488, 0.02647, 0.0099210003, 0.01465, 0.002355, 16.99, 35.27, 108.6, 906.5, 0.1265, 0.1943, 0.31690001, 0.1184, 0.2651, 0.073969997 ],
		"SV_08" : [ 12.68, 23.84, 82.690002, 499, 0.1122, 0.12620001, 0.1128, 0.068729997, 0.19050001, 0.065899998, 0.42550001, 1.178, 2.927, 36.459999, 0.0077809999, 0.02648, 0.02973, 0.0129, 0.016349999, 0.0036009999, 17.09, 33.470001, 111.8, 888.29999, 0.1851, 0.4061, 0.40239999, 0.1716, 0.33829999, 0.1031 ],
		"SV_09" : [ 16.02, 23.24, 102.7, 797.79999, 0.082060002, 0.066689998, 0.032990001, 0.033229999, 0.15279999, 0.05697, 0.3795, 1.187, 2.4660001, 40.509998, 0.0040290002, 0.009269, 0.01101, 0.0075909998, 0.0146, 0.0030420001, 19.190001, 33.880001, 123.8, 1150, 0.1181, 0.1551, 0.1459, 0.099749997, 0.29480001, 0.084519997 ],
		"SV_10" : [ 13.77, 22.290001, 90.629997, 588.90002, 0.12, 0.1267, 0.13850001, 0.065260001, 0.18340001, 0.068769999, 0.61909997, 2.112, 4.9060001, 49.700001, 0.0138, 0.03348, 0.04665, 0.0206, 0.02689, 0.0043060002, 16.389999, 34.009998, 111.6, 806.90002, 0.1737, 0.31220001, 0.3809, 0.1673, 0.308, 0.093330003 ],
		"SV_11" : [ 15.1, 22.02, 97.260002, 712.79999, 0.090559997, 0.070809998, 0.052530002, 0.03334, 0.16159999, 0.056839999, 0.3105, 0.83389997, 2.0969999, 29.91, 0.004675, 0.0103, 0.016030001, 0.0092219999, 0.01095, 0.0016289999, 18.1, 31.690001, 117.7, 1030, 0.1389, 0.2057, 0.2712, 0.153, 0.26750001, 0.078730002 ],
		"SV_12" : [ 13.81, 23.75, 91.559998, 597.79999, 0.1323, 0.1768, 0.1558, 0.091760002, 0.2251, 0.074210003, 0.56480002, 1.9299999, 3.9089999, 52.720001, 0.0088240001, 0.03108, 0.03112, 0.01291, 0.01998, 0.0045059999, 19.200001, 41.849998, 128.5, 1153, 0.2226, 0.52090001, 0.4646, 0.2013, 0.44319999, 0.1086 ],
		"SV_13" : [ 13.8, 15.79, 90.43, 584.09998, 0.1007, 0.12800001, 0.077890001, 0.050689999, 0.1662, 0.06566, 0.27869999, 0.62050003, 1.957, 23.35, 0.0047169998, 0.020649999, 0.017589999, 0.0092059998, 0.0122, 0.0031300001, 16.57, 20.860001, 110.3, 812.40002, 0.1411, 0.35420001, 0.27790001, 0.1383, 0.25889999, 0.103 ],
		"SV_14" : [ 23.51, 24.27, 155.10001, 1747, 0.1069, 0.1283, 0.2308, 0.141, 0.1797, 0.055059999, 1.0089999, 0.92449999, 6.4619999, 164.10001, 0.0062919999, 0.019710001, 0.03582, 0.01301, 0.01479, 0.003118, 30.67, 30.73, 202.39999, 2906, 0.1515, 0.2678, 0.48190001, 0.2089, 0.25929999, 0.077380002 ],
		"SV_15" : [ 14.9, 22.530001, 102.1, 685, 0.099469997, 0.2225, 0.27329999, 0.097110003, 0.2041, 0.068980001, 0.25299999, 0.87489998, 3.4660001, 24.190001, 0.0069650002, 0.06213, 0.079259999, 0.02234, 0.01499, 0.0057839998, 16.35, 27.57, 125.4, 832.70001, 0.1419, 0.70899999, 0.90189999, 0.2475, 0.28659999, 0.1155 ],
		"SV_16" : [ 13.87, 20.700001, 89.769997, 584.79999, 0.09578, 0.1018, 0.036880001, 0.02369, 0.162, 0.066880003, 0.27200001, 1.0470001, 2.076, 23.120001, 0.006298, 0.02172, 0.026149999, 0.0090610003, 0.0149, 0.0035989999, 15.05, 24.75, 99.169998, 688.59998, 0.12639999, 0.20370001, 0.13770001, 0.068449996, 0.22490001, 0.084919997 ],
		"SV_17" : [ 14.62, 24.02, 94.57, 662.70001, 0.089740001, 0.086060002, 0.031020001, 0.02957, 0.16850001, 0.058660001, 0.3721, 1.1109999, 2.279, 33.759998, 0.0048679998, 0.01818, 0.01121, 0.0086059999, 0.020850001, 0.0028929999, 16.110001, 29.110001, 102.9, 803.70001, 0.1115, 0.17659999, 0.09189, 0.069459997, 0.25220001, 0.072460003 ],
		"SV_18" : [ 12.1, 17.719999, 78.07, 446.20001, 0.1029, 0.097580001, 0.047830001, 0.033259999, 0.1937, 0.061609998, 0.2841, 1.652, 1.869, 22.219999, 0.0081460001, 0.016310001, 0.01843, 0.0075130002, 0.02015, 0.001798, 13.56, 25.799999, 88.330002, 559.5, 0.1432, 0.17730001, 0.1603, 0.062660001, 0.30489999, 0.070809998 ],
		"SV_19" : [ 12.18, 14.08, 77.25, 461.39999, 0.077339999, 0.032120001, 0.01123, 0.005051, 0.1673, 0.05649, 0.2113, 0.59960002, 1.438, 15.82, 0.0053429999, 0.0057669999, 0.01123, 0.005051, 0.01977, 0.00095020002, 12.85, 16.469999, 81.599998, 513.09998, 0.1001, 0.053320002, 0.041159999, 0.018519999, 0.22930001, 0.060369998 ],
		"SV_20" : [ 14.34, 13.47, 92.510002, 641.20001, 0.099059999, 0.076240003, 0.057240002, 0.04603, 0.2075, 0.054480001, 0.52200001, 0.81209999, 3.763, 48.290001, 0.0070890002, 0.01428, 0.023600001, 0.01286, 0.02266, 0.001463, 16.77, 16.9, 110.4, 873.20001, 0.12970001, 0.1525, 0.16320001, 0.1087, 0.3062, 0.06072 ],
		"SV_21" : [ 13.85, 19.6, 88.68, 592.59998, 0.086839996, 0.063299999, 0.01342, 0.02293, 0.15549999, 0.056729998, 0.34189999, 1.678, 2.3310001, 29.629999, 0.0058360002, 0.01095, 0.005812, 0.0070389998, 0.02014, 0.002326, 15.63, 28.01, 100.9, 749.09998, 0.1118, 0.1141, 0.047529999, 0.058899999, 0.25130001, 0.069109999 ],
		"SV_22" : [ 13.85, 15.18, 88.989998, 587.40002, 0.09516, 0.076880001, 0.04479, 0.037110001, 0.211, 0.058529999, 0.24789999, 0.91949999, 1.83, 19.41, 0.0042349999, 0.01541, 0.01457, 0.01043, 0.01528, 0.001593, 14.98, 21.74, 98.370003, 670, 0.1185, 0.1724, 0.14560001, 0.099930003, 0.29550001, 0.069119997 ],
		"SV_23" : [ 11.99, 24.889999, 77.610001, 441.29999, 0.103, 0.092179999, 0.054409999, 0.042739999, 0.182, 0.068499997, 0.26230001, 1.204, 1.865, 19.389999, 0.00832, 0.02025, 0.02334, 0.016650001, 0.02094, 0.003674, 12.98, 30.360001, 84.480003, 513.90002, 0.1311, 0.1822, 0.1609, 0.1202, 0.2599, 0.082510002 ],
		"SV_24" : [ 13, 20.780001, 83.510002, 519.40002, 0.1135, 0.075889997, 0.03136, 0.026450001, 0.25400001, 0.060869999, 0.42019999, 1.322, 2.8729999, 34.779999, 0.0070170001, 0.01142, 0.01949, 0.01153, 0.029510001, 0.001533, 14.16, 24.110001, 90.82, 616.70001, 0.12970001, 0.1105, 0.081119999, 0.062959999, 0.31959999, 0.064350002 ],
		"SV_25" : [ 12.54, 18.07, 79.419998, 491.89999, 0.074359998, 0.0265, 0.001194, 0.0054489998, 0.15279999, 0.051849999, 0.3511, 0.95270002, 2.329, 28.299999, 0.005783, 0.0046930001, 0.00079289998, 0.0036170001, 0.02043, 0.001058, 13.72, 20.98, 86.82, 585.70001, 0.092929997, 0.043269999, 0.003581, 0.016349999, 0.2233, 0.055210002 ],
		"SV_26" : [ 12.86, 18, 83.190002, 506.29999, 0.099339999, 0.095459998, 0.03889, 0.023150001, 0.1718, 0.059969999, 0.26550001, 1.095, 1.778, 20.35, 0.005293, 0.01661, 0.020710001, 0.0081789996, 0.017480001, 0.002848, 14.24, 24.82, 91.879997, 622.09998, 0.12890001, 0.2141, 0.17309999, 0.079259999, 0.27790001, 0.079180002 ],
		"SV_27" : [ 14.76, 14.74, 94.870003, 668.70001, 0.088749997, 0.077799998, 0.046080001, 0.03528, 0.1521, 0.059119999, 0.34279999, 0.39809999, 2.5369999, 29.059999, 0.0047320002, 0.01506, 0.018549999, 0.01067, 0.02163, 0.002783, 17.27, 17.93, 114.2, 880.79999, 0.122, 0.2009, 0.21510001, 0.1251, 0.3109, 0.081869997 ],
		"SV_28" : [ 16.299999, 15.7, 104.7, 819.79999, 0.094269998, 0.067120001, 0.055259999, 0.045630001, 0.17110001, 0.056570001, 0.2067, 0.47060001, 1.146, 20.67, 0.007394, 0.01203, 0.024700001, 0.01431, 0.01344, 0.002569, 17.32, 17.76, 109.8, 928.20001, 0.1354, 0.13609999, 0.1947, 0.1357, 0.23, 0.072300002 ],
		"SV_29" : [ 16.84, 19.459999, 108.4, 880.20001, 0.074450001, 0.072229996, 0.0515, 0.02771, 0.18440001, 0.052680001, 0.47889999, 2.0599999, 3.4790001, 46.610001, 0.0034429999, 0.02661, 0.03056, 0.0111, 0.0152, 0.001519, 18.219999, 28.07, 120.3, 1032, 0.087739997, 0.171, 0.1882, 0.084360003, 0.2527, 0.059719998 ],
		"SV_30" : [ 13.9, 19.24, 88.730003, 602.90002, 0.079910003, 0.053259999, 0.02995, 0.0207, 0.15790001, 0.055939998, 0.33160001, 0.92640001, 2.056, 28.41, 0.003704, 0.01082, 0.0153, 0.0062750001, 0.01062, 0.0022169999, 16.41, 26.42, 104.4, 830.5, 0.1064, 0.1415, 0.1673, 0.081500001, 0.23559999, 0.076030001 ],
		"SV_31" : [ 11.62, 18.18, 76.379997, 408.79999, 0.1175, 0.14830001, 0.102, 0.055640001, 0.1957, 0.072549999, 0.41010001, 1.74, 3.027, 27.85, 0.01459, 0.032060001, 0.04961, 0.018409999, 0.018069999, 0.0052169999, 13.36, 25.4, 88.139999, 528.09998, 0.178, 0.28780001, 0.3186, 0.1416, 0.266, 0.092699997 ]
	},
	"SupportVectorsCoefs" : {
		"SV_coef_0" : [ 1, 1, 1, 1, 1, 1, 1, 1, 1, 0.71907753, 1, 1, 1, 1, 0.50945485, 1, -1, -1, -1, -1, -1, -1, -1, -0.2285323, -1, -1, -1, -1, -1, -1, -1, -1 ]
	},
	"rho" : [ -0.31384164 ],
	"nSV" : [ 16, 16 ],
	"probA" : [ -2.4333875 ],
	"probB" : [ -0.25733164 ],
	"n_iter" : [ 23 ],
	"sv_ind" : [ 12, 16, 17, 20, 21, 24, 35, 40, 41, 42, 44, 52, 56, 58, 61, 62, 6, 9, 15, 19, 22, 23, 25, 26, 29, 30, 32, 37, 43, 49, 51, 53 ]
}
}
MODEL_JSON_DUMP_END
MCU_DEPLOY_CLASSIFICATION_CODE MODEL_PREDICT_STEP
MLLITE_AUTO_DEPLOY_BREASTCANCER_SMALL_APPLY_OUTPUT_CLASS  [ 0, 0, 0, 1, 1,  ... , 0, 1, 0, 0, 1 ]
MCU_DEPLOY_CLASSIFICATION_CODE MODEL_PREDICT_PROBA_STEP
MLLITE_AUTO_DEPLOY_BREASTCANCER_SMALL_APPLY_OUTPUT_PROBA 0 [ 0.98753238, 0.012467696 ]
MLLITE_AUTO_DEPLOY_BREASTCANCER_SMALL_APPLY_OUTPUT_PROBA 1 [ 0.97843373, 0.021566246 ]
MLLITE_AUTO_DEPLOY_BREASTCANCER_SMALL_APPLY_OUTPUT_PROBA 2 [ 0.9798196, 0.020180332 ]
MLLITE_AUTO_DEPLOY_BREASTCANCER_SMALL_APPLY_OUTPUT_PROBA 3 [ 0.04815213, 0.95184779 ]
MLLITE_AUTO_DEPLOY_BREASTCANCER_SMALL_APPLY_OUTPUT_PROBA 4 [ 0.036051862, 0.96394819 ]
...
MLLITE_AUTO_DEPLOY_BREASTCANCER_SMALL_APPLY_OUTPUT_PROBA 59 [ 0.98626608, 0.013733928 ]
MLLITE_AUTO_DEPLOY_BREASTCANCER_SMALL_APPLY_OUTPUT_PROBA 60 [ 0.049568783, 0.95043129 ]
MLLITE_AUTO_DEPLOY_BREASTCANCER_SMALL_APPLY_OUTPUT_PROBA 61 [ 0.93649811, 0.063501976 ]
MLLITE_AUTO_DEPLOY_BREASTCANCER_SMALL_APPLY_OUTPUT_PROBA 62 [ 0.59005088, 0.40994921 ]
MLLITE_AUTO_DEPLOY_BREASTCANCER_SMALL_APPLY_OUTPUT_PROBA 63 [ 0.088316455, 0.91168356 ]
MCU_DEPLOY_CLASSIFICATION_CODE MODEL_COMPUTE_PERF_STEP
MLLITE_AUTO_DEPLOY_BREASTCANCER_SMALL_CLASS_PERFS { "count" : 64, "precision" : 0.875,  "AUC" : [ 0.94428152, 0.94428152 ] }
This will be printed
MCU_DEPLOY_CLASSIFICATION_CODE ALL_STEPS_OK
MCU_DEPLOY_CLASSIFICATION_CODE done
MLLITE_MCU_TIMER_OPERATION_ELAPSED_SECONDS 'MLLITE.MCU_DEPLOY.CLASSIFICATION.Vapnik_SVC_RBF.BREASTCANCER_SMALL' 0
MLLITE_MCU_TIMER_OPERATION_END 'MLLITE.MCU_DEPLOY.CLASSIFICATION.Vapnik_SVC_RBF.BREASTCANCER_SMALL' [ 'Sat Feb  3 23:18:11 2024' ]
MCU_DEPLOY_ON_TARGET_X86_64_END
EXECUTION_TIME_DETAIL = {'CMD':'timeout 180 ./x86_64/classification/x86_64_classification_svm_BreastCancer_small.exe', 'ElapsedTimeSecs':(0.01, 0.00, 0.01), 'MAX_MEM_KB':1728, 'CPU_PRCNT':'94%', 'FILES_IN':0, 'FILES_OUT':40, 'EXIT_STATUS':0}
