MCU_DEPLOY_ON_TARGET_X86_64_START
MLLITE_MCU_TIMER_OPERATION_START 'MLLITE.MCU_DEPLOY.CLASSIFICATION.Tikhonov_Ridge.BREASTCANCER_MEDIUM' [ 'Sat Feb  3 23:18:12 2024' ]
MLLite starting
MCU_DEPLOY_CLASSIFICATION_CODE CREATE_DATASET_STEP
MCU_DEPLOY_CLASSIFICATION_CODE CREATE_MODEL_STEP
MCU_DEPLOY_CLASSIFICATION_MODEL_OPTIONS
{ "alpha" : 0.0099999998, "random_state" : 1789 }
MCU_DEPLOY_CLASSIFICATION_CODE FIT_MODEL_STEP
PROGRESS_REPORT_ELAPSED_TOTAL 'RIDGE_CLASSIFIER_FIT' 1 4
PROGRESS_REPORT_ELAPSED_TOTAL 'RIDGE_CLASSIFIER_FIT' 3 4
PROGRESS_REPORT_ELAPSED_TOTAL 'CHOLESKY_SOLVER' 1 6
PROGRESS_REPORT_ELAPSED_TOTAL 'CHOLESKY_SOLVER' 2 6
PROGRESS_REPORT_ELAPSED_TOTAL 'CHOLESKY_SOLVER' 3 6
PROGRESS_REPORT_ELAPSED_TOTAL 'CHOLESKY_SOLVER' 4 6
PROGRESS_REPORT_ELAPSED_TOTAL 'CHOLESKY_SOLVER' 5 6
PROGRESS_REPORT_ELAPSED_TOTAL 'CHOLESKY_SOLVER' 6 6
PROGRESS_REPORT_ELAPSED_TOTAL 'RIDGE_CLASSIFIER_FIT' 4 4
MCU_DEPLOY_CLASSIFICATION_CODE MODEL_JSON_EXPORT_STEP
MODEL_JSON_DUMP_START
{
	"metadata" : { "model" : "Tikhonov_Ridge", "version" : "2024-W04"},
	"options" : { "alpha" : 0.0099999998, "random_state" : 1789 },
	"dataset" : { "dataset_rows" : 512, "dataset_features" : 30 },
	"classes" : [ 0, 1 ],
	"equations" : {
		"class_1" : {
			"intercept" : 5.1446333,
			"coeffs" : [ 0.2354129, -0.032899011, -0.023643406, -0.00049437373, -0.44288826, 6.592433, -2.4376636, -2.5957766, 0.086726159, 0.033870697, -0.96478838, -0.056847401, 0.012846824, 0.003098313, -4.7276459, -0.75181448, 4.785337, -4.8579569, -1.2926111, -0.19229317, -0.33222967, 0.0025687125, 0.0034607798, 0.001837537, -4.3405275, -0.23153639, -0.43864501, -2.6568034, -1.2135581, -4.4354553 ]
		}
	}
}
MODEL_JSON_DUMP_END
MCU_DEPLOY_CLASSIFICATION_CODE MODEL_PREDICT_STEP
MLLITE_AUTO_DEPLOY_BREASTCANCER_MEDIUM_APPLY_OUTPUT_CLASS  [ 0, 0, 0, 0, 0,  ... , 1, 1, 0, 1, 1 ]
MCU_DEPLOY_CLASSIFICATION_CODE MODEL_PREDICT_PROBA_STEP
MLLITE_AUTO_DEPLOY_BREASTCANCER_MEDIUM_APPLY_OUTPUT_PROBA 0 [ 0.90403759, 0.09596242 ]
MLLITE_AUTO_DEPLOY_BREASTCANCER_MEDIUM_APPLY_OUTPUT_PROBA 1 [ 0.77579641, 0.22420348 ]
MLLITE_AUTO_DEPLOY_BREASTCANCER_MEDIUM_APPLY_OUTPUT_PROBA 2 [ 0.92915541, 0.070844643 ]
MLLITE_AUTO_DEPLOY_BREASTCANCER_MEDIUM_APPLY_OUTPUT_PROBA 3 [ 0.95002711, 0.049972981 ]
MLLITE_AUTO_DEPLOY_BREASTCANCER_MEDIUM_APPLY_OUTPUT_PROBA 4 [ 0.73975235, 0.26024768 ]
...
MLLITE_AUTO_DEPLOY_BREASTCANCER_MEDIUM_APPLY_OUTPUT_PROBA 507 [ 0.173723, 0.82627702 ]
MLLITE_AUTO_DEPLOY_BREASTCANCER_MEDIUM_APPLY_OUTPUT_PROBA 508 [ 0.35416919, 0.64583081 ]
MLLITE_AUTO_DEPLOY_BREASTCANCER_MEDIUM_APPLY_OUTPUT_PROBA 509 [ 0.77048892, 0.2295111 ]
MLLITE_AUTO_DEPLOY_BREASTCANCER_MEDIUM_APPLY_OUTPUT_PROBA 510 [ 0.11257932, 0.88742065 ]
MLLITE_AUTO_DEPLOY_BREASTCANCER_MEDIUM_APPLY_OUTPUT_PROBA 511 [ 0.1663826, 0.83361733 ]
MCU_DEPLOY_CLASSIFICATION_CODE MODEL_COMPUTE_PERF_STEP
MLLITE_AUTO_DEPLOY_BREASTCANCER_MEDIUM_CLASS_PERFS { "count" : 512, "precision" : 0.96484375,  "AUC" : [ 0.99705654, 0.99705654 ] }
This will be printed
MCU_DEPLOY_CLASSIFICATION_CODE ALL_STEPS_OK
MCU_DEPLOY_CLASSIFICATION_CODE done
MLLITE_MCU_TIMER_OPERATION_ELAPSED_SECONDS 'MLLITE.MCU_DEPLOY.CLASSIFICATION.Tikhonov_Ridge.BREASTCANCER_MEDIUM' 0
MLLITE_MCU_TIMER_OPERATION_END 'MLLITE.MCU_DEPLOY.CLASSIFICATION.Tikhonov_Ridge.BREASTCANCER_MEDIUM' [ 'Sat Feb  3 23:18:12 2024' ]
MCU_DEPLOY_ON_TARGET_X86_64_END
EXECUTION_TIME_DETAIL = {'CMD':'timeout 180 ./x86_64/classification/x86_64_classification_ridge_BreastCancer_medium.exe', 'ElapsedTimeSecs':(0.02, 0.00, 0.02), 'MAX_MEM_KB':1728, 'CPU_PRCNT':'100%', 'FILES_IN':0, 'FILES_OUT':8, 'EXIT_STATUS':0}
