MCU_DEPLOY_ON_TARGET_X86_64_START
MLLITE_MCU_TIMER_OPERATION_START 'MLLITE.MCU_DEPLOY.CLASSIFICATION.Rosenblatt_MLP.BREASTCANCER_MEDIUM' [ 'Sat Feb  3 23:18:09 2024' ]
MLLite starting
MCU_DEPLOY_CLASSIFICATION_CODE CREATE_DATASET_STEP
MCU_DEPLOY_CLASSIFICATION_CODE CREATE_MODEL_STEP
MCU_DEPLOY_CLASSIFICATION_MODEL_OPTIONS
{  "hidden_layer_sizes" : [ 4, 6 ], "activation" : "relu", "solver" : "adam", "alpha" : 9.9999997e-05, "batch_size" : null, "learning_rate" : "constant", "learning_rate_init" : 0.001, "power_t" : 0.5, "max_iter" : 32, "shuffle" : 1, "random_state" : 1789, "tol" : 9.9999997e-05, "verbose" : 0, "warm_start" : 0, "momentum" : 0.89999998, "nesterovs_momentum" : 1, "early_stopping" : 0, "validation_fraction" : 0.1, "beta_1" : 0.89999998, "beta_2" : 0.99900001, "epsilon" : 9.9999999e-09, "n_iter_no_change" : 10, "max_fun" : 15000 }
MCU_DEPLOY_CLASSIFICATION_CODE FIT_MODEL_STEP
PROGRESS_REPORT_ELAPSED_TOTAL 'MLP_MODEL_FIT' 1 3
PROGRESS_REPORT_ELAPSED_TOTAL 'MLP_MODEL_FIT' 2 3
PROGRESS_REPORT_ELAPSED_TOTAL 'MLP_MODEL_FIT_BACK_PROP_ITERATION' 3 32
PROGRESS_REPORT_ELAPSED_TOTAL 'MLP_MODEL_FIT_BACK_PROP_ITERATION' 6 32
PROGRESS_REPORT_ELAPSED_TOTAL 'MLP_MODEL_FIT_BACK_PROP_ITERATION' 9 32
PROGRESS_REPORT_ELAPSED_TOTAL 'MLP_MODEL_FIT_BACK_PROP_ITERATION' 12 32
PROGRESS_REPORT_ELAPSED_TOTAL 'MLP_MODEL_FIT_BACK_PROP_ITERATION' 15 32
PROGRESS_REPORT_ELAPSED_TOTAL 'MLP_MODEL_FIT_BACK_PROP_ITERATION' 18 32
PROGRESS_REPORT_ELAPSED_TOTAL 'MLP_MODEL_FIT_BACK_PROP_ITERATION' 21 32
PROGRESS_REPORT_ELAPSED_TOTAL 'MLP_MODEL_FIT_BACK_PROP_ITERATION' 24 32
PROGRESS_REPORT_ELAPSED_TOTAL 'MLP_MODEL_FIT_BACK_PROP_ITERATION' 27 32
PROGRESS_REPORT_ELAPSED_TOTAL 'MLP_MODEL_FIT_BACK_PROP_ITERATION' 30 32
PROGRESS_REPORT_ELAPSED_TOTAL 'MLP_MODEL_FIT_BACK_PROP_ITERATION' 32 32
PROGRESS_REPORT_ELAPSED_TOTAL 'MLP_MODEL_FIT' 3 3
MCU_DEPLOY_CLASSIFICATION_CODE MODEL_JSON_EXPORT_STEP
MODEL_JSON_DUMP_START
{
	"metadata" : { "model" : "Rosenblatt_MLP", "version" : "2024-W04"},
	"options" : {  "hidden_layer_sizes" : [ 4, 6 ], "activation" : "relu", "solver" : "adam", "alpha" : 9.9999997e-05, "batch_size" : null, "learning_rate" : "constant", "learning_rate_init" : 0.001, "power_t" : 0.5, "max_iter" : 32, "shuffle" : 1, "random_state" : 1789, "tol" : 9.9999997e-05, "verbose" : 0, "warm_start" : 0, "momentum" : 0.89999998, "nesterovs_momentum" : 1, "early_stopping" : 0, "validation_fraction" : 0.1, "beta_1" : 0.89999998, "beta_2" : 0.99900001, "epsilon" : 9.9999999e-09, "n_iter_no_change" : 10, "max_fun" : 15000 },
	"dataset" : { "dataset_rows" : 512, "dataset_features" : 30 },
	"classes" : [ 0, 1 ],
	"layers" : {
		"sizes" : [ 30, 4, 6, 1 ],
		"Layer_0" : {
			"name" : "Input_Layer",
			"NbInputs" : 0,
			"NbOutputs" : 30 
		},
		"Layer_1" : {
			"name" : "Hidden_Layer_1",
			"NbInputs" : 30,
			"NbOutputs" : 4 ,
			"coeffs_00" : [ -0.061982069, 0.15608013, -0.1148296, -0.011370632 ],
			"coeffs_01" : [ 0.050003603, -0.22696048, 0.073100224, 0.0039561456 ],
			"coeffs_02" : [ 0.3327179, 0.047913488, 0.27851915, -0.031630263 ],
			"coeffs_03" : [ 0.39516392, -0.29968336, -0.11877066, 0.10176712 ],
			"coeffs_04" : [ 0.19146469, -0.14109562, -0.15234445, -0.25640434 ],
			"coeffs_05" : [ 0.15959585, -0.34120783, -0.032385156, 0.0063172616 ],
			"coeffs_06" : [ -0.10182396, -0.30942753, -0.15352486, 0.27314734 ],
			"coeffs_07" : [ -0.049421128, 0.00086654199, -0.30416957, 0.0081554502 ],
			"coeffs_08" : [ -0.15635863, 0.10067961, -0.044561449, 0.12041409 ],
			"coeffs_09" : [ -0.309026, 0.29628775, -0.23902386, 0.1631811 ],
			"coeffs_10" : [ -0.32356444, 0.1680679, 0.05524167, 0.30938387 ],
			"coeffs_11" : [ -0.29333711, -0.25429824, 0.088478684, 0.097688891 ],
			"coeffs_12" : [ 0.26077178, 0.2890676, 0.25045767, -0.20655268 ],
			"coeffs_13" : [ 0.23180713, 0.27193147, -0.18874037, 0.12900111 ],
			"coeffs_14" : [ 0.093745753, 0.011653327, 0.023683919, 0.17612751 ],
			"coeffs_15" : [ -0.38409901, 0.023500079, 0.11536179, 0.1777052 ],
			"coeffs_16" : [ -0.38243386, 0.22362742, -0.17056455, -0.31597701 ],
			"coeffs_17" : [ 0.38935822, 0.32793739, -0.024942027, -0.27123982 ],
			"coeffs_18" : [ -0.044171941, 0.32865712, -0.234824, 0.10976341 ],
			"coeffs_19" : [ 0.16083384, 0.18366104, 0.29841623, -0.15088287 ],
			"coeffs_20" : [ 0.15216796, 0.22780548, 0.23919323, -0.014773039 ],
			"coeffs_21" : [ -0.39964429, 0.14886504, 0.0011915256, -0.041040208 ],
			"coeffs_22" : [ -0.33283171, -0.32458353, -0.099523105, 0.30667403 ],
			"coeffs_23" : [ -0.0034113671, -0.045377381, -0.053984612, -0.30430058 ],
			"coeffs_24" : [ 0.11257994, -0.077974364, -0.10754447, -0.045163434 ],
			"coeffs_25" : [ 0.15204114, -0.22890964, -0.086428918, 0.17764366 ],
			"coeffs_26" : [ 0.25708872, 0.28645799, 0.23682989, 0.17481749 ],
			"coeffs_27" : [ -0.19883537, 0.015812485, 0.069573499, 0.21762499 ],
			"coeffs_28" : [ 0.17989063, -0.00024543185, 0.17764093, 0.22406358 ],
			"coeffs_29" : [ 0.042017452, -0.091730878, -0.067578264, -0.14728226 ],
			"intercepts" : [ 0.19116649, 0.23372033, -0.29059094, 0.13616189 ]
		},
		"Layer_2" : {
			"name" : "Hidden_Layer_2",
			"NbInputs" : 4,
			"NbOutputs" : 6 ,
			"coeffs_0" : [ -0.41761234, -0.0080785882, 0.15936738, -0.24289696, 0.33978972, -0.65133202 ],
			"coeffs_1" : [ -0.61618972, 0.499455, 0.62167865, -0.43605489, -0.22342718, -0.50731522 ],
			"coeffs_2" : [ -0.51386702, -0.51632547, -0.19200036, -0.11997499, -0.43058264, -0.48085895 ],
			"coeffs_3" : [ -0.60568309, 0.096009307, -0.43221864, -0.53469056, 0.099645905, 0.20284742 ],
			"intercepts" : [ -0.1217953, 0.20183232, 0.059857849, -0.51250809, -0.096496254, 0.64196002 ]
		},
		"Layer_3" : {
			"name" : "Output_Layer",
			"NbInputs" : 6,
			"NbOutputs" : 1 ,
			"coeffs_0" : [ 0.83968538 ],
			"coeffs_1" : [ -0.14102359 ],
			"coeffs_2" : [ -0.80097121 ],
			"coeffs_3" : [ -0.3751395 ],
			"coeffs_4" : [ 0.37174821 ],
			"coeffs_5" : [ -0.68540406 ],
			"intercepts" : [ 0.35098031 ]
		}
	}
}
MODEL_JSON_DUMP_END
MCU_DEPLOY_CLASSIFICATION_CODE MODEL_PREDICT_STEP
MLLITE_AUTO_DEPLOY_BREASTCANCER_MEDIUM_APPLY_OUTPUT_CLASS  [ 0, 0, 0, 1, 0,  ... , 1, 0, 0, 1, 0 ]
MCU_DEPLOY_CLASSIFICATION_CODE MODEL_PREDICT_PROBA_STEP
MLLITE_AUTO_DEPLOY_BREASTCANCER_MEDIUM_APPLY_OUTPUT_PROBA 0 [ 0.56674552, 0.43325448 ]
MLLITE_AUTO_DEPLOY_BREASTCANCER_MEDIUM_APPLY_OUTPUT_PROBA 1 [ 0.60506821, 0.39493179 ]
MLLITE_AUTO_DEPLOY_BREASTCANCER_MEDIUM_APPLY_OUTPUT_PROBA 2 [ 0.5914495, 0.4085505 ]
MLLITE_AUTO_DEPLOY_BREASTCANCER_MEDIUM_APPLY_OUTPUT_PROBA 3 [ 0.4807772, 0.5192228 ]
MLLITE_AUTO_DEPLOY_BREASTCANCER_MEDIUM_APPLY_OUTPUT_PROBA 4 [ 0.60511017, 0.39488986 ]
...
MLLITE_AUTO_DEPLOY_BREASTCANCER_MEDIUM_APPLY_OUTPUT_PROBA 507 [ 0.47938514, 0.52061486 ]
MLLITE_AUTO_DEPLOY_BREASTCANCER_MEDIUM_APPLY_OUTPUT_PROBA 508 [ 0.53957081, 0.46042916 ]
MLLITE_AUTO_DEPLOY_BREASTCANCER_MEDIUM_APPLY_OUTPUT_PROBA 509 [ 0.52565515, 0.47434488 ]
MLLITE_AUTO_DEPLOY_BREASTCANCER_MEDIUM_APPLY_OUTPUT_PROBA 510 [ 0.48763001, 0.51236999 ]
MLLITE_AUTO_DEPLOY_BREASTCANCER_MEDIUM_APPLY_OUTPUT_PROBA 511 [ 0.52128649, 0.47871351 ]
MCU_DEPLOY_CLASSIFICATION_CODE MODEL_COMPUTE_PERF_STEP
MLLITE_AUTO_DEPLOY_BREASTCANCER_MEDIUM_CLASS_PERFS { "count" : 512, "precision" : 0.78515625,  "AUC" : [ 0.92905164, 0.92905164 ] }
This will be printed
MCU_DEPLOY_CLASSIFICATION_CODE ALL_STEPS_OK
MCU_DEPLOY_CLASSIFICATION_CODE done
MLLITE_MCU_TIMER_OPERATION_ELAPSED_SECONDS 'MLLITE.MCU_DEPLOY.CLASSIFICATION.Rosenblatt_MLP.BREASTCANCER_MEDIUM' 0
MLLITE_MCU_TIMER_OPERATION_END 'MLLITE.MCU_DEPLOY.CLASSIFICATION.Rosenblatt_MLP.BREASTCANCER_MEDIUM' [ 'Sat Feb  3 23:18:09 2024' ]
MCU_DEPLOY_ON_TARGET_X86_64_END
EXECUTION_TIME_DETAIL = {'CMD':'timeout 180 ./x86_64/classification/x86_64_classification_mlp_BreastCancer_medium.exe', 'ElapsedTimeSecs':(0.36, 0.00, 0.36), 'MAX_MEM_KB':1728, 'CPU_PRCNT':'100%', 'FILES_IN':0, 'FILES_OUT':16, 'EXIT_STATUS':0}
