MCU_DEPLOY_ON_TARGET_X86_64_START
MLLITE_MCU_TIMER_OPERATION_START 'MLLITE.MCU_DEPLOY.CLASSIFICATION.Rosenblatt_MLP.FOURCLASS_10_ORIGINAL' [ 'Thu Jan 25 12:03:14 2024' ]
MLLite starting
MCU_DEPLOY_CLASSIFICATION_CODE CREATE_DATASET_STEP
MCU_DEPLOY_CLASSIFICATION_CODE CREATE_MODEL_STEP
MCU_DEPLOY_CLASSIFICATION_MODEL_OPTIONS
{  "hidden_layer_sizes" : [ 4, 6 ], "activation" : "relu", "solver" : "adam", "alpha" : 9.9999997e-05, "batch_size" : null, "learning_rate" : "constant", "learning_rate_init" : 0.001, "power_t" : 0.5, "max_iter" : 32, "shuffle" : 1, "random_state" : 1789, "tol" : 9.9999997e-05, "verbose" : 0, "warm_start" : 0, "momentum" : 0.89999998, "nesterovs_momentum" : 1, "early_stopping" : 0, "validation_fraction" : 0.1, "beta_1" : 0.89999998, "beta_2" : 0.99900001, "epsilon" : 9.9999999e-09, "n_iter_no_change" : 10, "max_fun" : 15000 }
MCU_DEPLOY_CLASSIFICATION_CODE FIT_MODEL_STEP
PROGRESS_REPORT_ELAPSED_TOTAL 'MLP_MODEL_FIT' 1 3
PROGRESS_REPORT_ELAPSED_TOTAL 'MLP_MODEL_FIT' 2 3
PROGRESS_REPORT_ELAPSED_TOTAL 'MLP_MODEL_FIT_BACK_PROP_ITERATION' 3 32
PROGRESS_REPORT_ELAPSED_TOTAL 'MLP_MODEL_FIT_BACK_PROP_ITERATION' 6 32
PROGRESS_REPORT_ELAPSED_TOTAL 'MLP_MODEL_FIT_BACK_PROP_ITERATION' 9 32
PROGRESS_REPORT_ELAPSED_TOTAL 'MLP_MODEL_FIT_BACK_PROP_ITERATION' 12 32
PROGRESS_REPORT_ELAPSED_TOTAL 'MLP_MODEL_FIT_BACK_PROP_ITERATION' 15 32
PROGRESS_REPORT_ELAPSED_TOTAL 'MLP_MODEL_FIT_BACK_PROP_ITERATION' 18 32
PROGRESS_REPORT_ELAPSED_TOTAL 'MLP_MODEL_FIT_BACK_PROP_ITERATION' 21 32
PROGRESS_REPORT_ELAPSED_TOTAL 'MLP_MODEL_FIT_BACK_PROP_ITERATION' 24 32
PROGRESS_REPORT_ELAPSED_TOTAL 'MLP_MODEL_FIT_BACK_PROP_ITERATION' 27 32
PROGRESS_REPORT_ELAPSED_TOTAL 'MLP_MODEL_FIT_BACK_PROP_ITERATION' 30 32
PROGRESS_REPORT_ELAPSED_TOTAL 'MLP_MODEL_FIT_BACK_PROP_ITERATION' 32 32
PROGRESS_REPORT_ELAPSED_TOTAL 'MLP_MODEL_FIT' 3 3
MCU_DEPLOY_CLASSIFICATION_CODE MODEL_JSON_EXPORT_STEP
MODEL_JSON_DUMP_START
{
	"metadata" : { "model" : "Rosenblatt_MLP", "version" : "2024-W03"},
	"options" : {  "hidden_layer_sizes" : [ 4, 6 ], "activation" : "relu", "solver" : "adam", "alpha" : 9.9999997e-05, "batch_size" : null, "learning_rate" : "constant", "learning_rate_init" : 0.001, "power_t" : 0.5, "max_iter" : 32, "shuffle" : 1, "random_state" : 1789, "tol" : 9.9999997e-05, "verbose" : 0, "warm_start" : 0, "momentum" : 0.89999998, "nesterovs_momentum" : 1, "early_stopping" : 0, "validation_fraction" : 0.1, "beta_1" : 0.89999998, "beta_2" : 0.99900001, "epsilon" : 9.9999999e-09, "n_iter_no_change" : 10, "max_fun" : 15000 },
	"classes" : [ 0, 1, 2, 3 ],
	"layers" : {
		"sizes" : [ 10, 4, 6, 4 ],
		"Layer_0" : {
			"name" : "Input_Layer",
			"NbInputs" : 0,
			"NbOutputs" : 10 
		},
		"Layer_1" : {
			"name" : "Hidden_Layer_1",
			"NbInputs" : 10,
			"NbOutputs" : 4 ,
			"coeffs_0" : [ -0.055275373, 0.17999552, -0.37218437, 0.10208882 ],
			"coeffs_1" : [ 0.069491796, -0.31507981, 0.21901955, -0.087362379 ],
			"coeffs_2" : [ 0.51620048, 0.089747518, 0.57263911, -0.058226567 ],
			"coeffs_3" : [ 0.73360032, -0.64538544, -0.17129183, 0.20967048 ],
			"coeffs_4" : [ 0.2880806, -0.23810215, -0.28778085, -0.42311618 ],
			"coeffs_5" : [ 0.22630556, -0.52442825, -0.12742306, -0.071970202 ],
			"coeffs_6" : [ -0.22905873, -0.62930506, -0.33037847, 0.40973094 ],
			"coeffs_7" : [ -0.15292512, 0.17516631, -0.56170738, 0.19585006 ],
			"coeffs_8" : [ -0.080366977, 0.40070009, -0.0093263593, 0.45737442 ],
			"coeffs_9" : [ -0.30747169, 0.58833563, -0.51367038, 0.27841288 ],
			"intercepts" : [ -0.4572776, 0.45370138, 0.25067511, 0.74337792 ]
		},
		"Layer_2" : {
			"name" : "Hidden_Layer_2",
			"NbInputs" : 4,
			"NbOutputs" : 6 ,
			"coeffs_0" : [ -0.60183311, -0.43674496, 0.39340982, 0.37507871, 0.43800172, 0.57011342 ],
			"coeffs_1" : [ 0.57966769, -0.46726379, 0.44629654, 0.69444394, -0.51148742, 0.27884388 ],
			"coeffs_2" : [ 0.18401948, 0.18571939, 0.17591363, 0.36620107, -0.7356382, 0.17835754 ],
			"coeffs_3" : [ 0.25039437, 0.47197455, -0.55976617, 0.64743274, -0.4985694, -0.83894455 ],
			"intercepts" : [ 0.69744045, 0.76081693, -0.03679594, -0.54205698, -0.10928092, 0.66292101 ]
		},
		"Layer_3" : {
			"name" : "Output_Layer",
			"NbInputs" : 6,
			"NbOutputs" : 4 ,
			"coeffs_0" : [ -0.53156036, 0.39561063, 0.29758883, 0.39248604 ],
			"coeffs_1" : [ 0.74716967, -0.29338956, 0.22484703, 0.55417091 ],
			"coeffs_2" : [ 0.54393804, -0.059638254, -0.70277399, 0.43454021 ],
			"coeffs_3" : [ 0.055928189, -0.1312256, -0.63781887, -0.66433734 ],
			"coeffs_4" : [ -0.23528162, 0.59879118, -0.024169551, -0.07763119 ],
			"coeffs_5" : [ -0.13174881, -0.67876858, 0.2021116, -0.15235518 ],
			"intercepts" : [ -0.2286582, -0.068236507, 0.23386057, -0.54224861 ]
		}
	}
}
MODEL_JSON_DUMP_END
MCU_DEPLOY_CLASSIFICATION_CODE MODEL_PREDICT_STEP
MLLITE_AUTO_DEPLOY_FOURCLASS_10_ORIGINAL_APPLY_OUTPUT_CLASS  [ 2, 0, 2, 2, 2,  ... , 2, 0, 0, 0, 3 ]
MCU_DEPLOY_CLASSIFICATION_CODE MODEL_PREDICT_PROBA_STEP
MLLITE_AUTO_DEPLOY_FOURCLASS_10_ORIGINAL_APPLY_OUTPUT_PROBA 0 [ 0.19819747, 0.11625531, 0.42277709, 0.26277009 ]
MLLITE_AUTO_DEPLOY_FOURCLASS_10_ORIGINAL_APPLY_OUTPUT_PROBA 1 [ 0.49221992, 0.18982568, 0.05171169, 0.26624271 ]
MLLITE_AUTO_DEPLOY_FOURCLASS_10_ORIGINAL_APPLY_OUTPUT_PROBA 2 [ 0.31366071, 0.1616143, 0.329662, 0.19506307 ]
MLLITE_AUTO_DEPLOY_FOURCLASS_10_ORIGINAL_APPLY_OUTPUT_PROBA 3 [ 0.19296911, 0.11528748, 0.43950659, 0.25223684 ]
MLLITE_AUTO_DEPLOY_FOURCLASS_10_ORIGINAL_APPLY_OUTPUT_PROBA 4 [ 0.15724573, 0.25304928, 0.30221701, 0.28748807 ]
...
MLLITE_AUTO_DEPLOY_FOURCLASS_10_ORIGINAL_APPLY_OUTPUT_PROBA 1019 [ 0.19171199, 0.13884743, 0.43766382, 0.23177671 ]
MLLITE_AUTO_DEPLOY_FOURCLASS_10_ORIGINAL_APPLY_OUTPUT_PROBA 1020 [ 0.34871256, 0.14012083, 0.33022672, 0.18093987 ]
MLLITE_AUTO_DEPLOY_FOURCLASS_10_ORIGINAL_APPLY_OUTPUT_PROBA 1021 [ 0.3283613, 0.31158715, 0.036271349, 0.32378021 ]
MLLITE_AUTO_DEPLOY_FOURCLASS_10_ORIGINAL_APPLY_OUTPUT_PROBA 1022 [ 0.40454957, 0.23979995, 0.056007143, 0.29964331 ]
MLLITE_AUTO_DEPLOY_FOURCLASS_10_ORIGINAL_APPLY_OUTPUT_PROBA 1023 [ 0.25812134, 0.1593648, 0.26048261, 0.32203129 ]
MCU_DEPLOY_CLASSIFICATION_CODE MODEL_COMPUTE_PERF_STEP
MLLITE_AUTO_DEPLOY_FOURCLASS_10_ORIGINAL_CLASS_PERFS { "count" : 1024, "precision" : 0.41503906,  "AUC" : [ 0.66657001, 0.7547158, 0.66287673, 0.56425714 ] }
This will be printed
MCU_DEPLOY_CLASSIFICATION_CODE ALL_STEPS_OK
MCU_DEPLOY_CLASSIFICATION_CODE done
MLLITE_MCU_TIMER_OPERATION_ELAPSED_SECONDS 'MLLITE.MCU_DEPLOY.CLASSIFICATION.Rosenblatt_MLP.FOURCLASS_10_ORIGINAL' 0
MLLITE_MCU_TIMER_OPERATION_END 'MLLITE.MCU_DEPLOY.CLASSIFICATION.Rosenblatt_MLP.FOURCLASS_10_ORIGINAL' [ 'Thu Jan 25 12:03:14 2024' ]
MCU_DEPLOY_ON_TARGET_X86_64_END
EXECUTION_TIME_DETAIL = {'CMD':'timeout 180 ./x86_64/classification/x86_64_classification_mlp_FourClass_10_original.exe', 'ElapsedTimeSecs':(0.59, 0.00, 0.58), 'MAX_MEM_KB':1920, 'CPU_PRCNT':'99%', 'FILES_IN':0, 'FILES_OUT':16, 'EXIT_STATUS':0}
