MCU_DEPLOY_ON_TARGET_X86_64_START
MLLITE_MCU_TIMER_OPERATION_START 'MLLITE.MCU_DEPLOY.CLASSIFICATION.Tikhonov_Ridge.DIGITS_SMALL' [ 'Thu Jan 25 12:03:12 2024' ]
MLLite starting
MCU_DEPLOY_CLASSIFICATION_CODE CREATE_DATASET_STEP
MCU_DEPLOY_CLASSIFICATION_CODE CREATE_MODEL_STEP
MCU_DEPLOY_CLASSIFICATION_MODEL_OPTIONS
{ "alpha" : 0.0099999998, "random_state" : 1789 }
MCU_DEPLOY_CLASSIFICATION_CODE FIT_MODEL_STEP
PROGRESS_REPORT_ELAPSED_TOTAL 'RIDGE_CLASSIFIER_FIT' 1 12
PROGRESS_REPORT_ELAPSED_TOTAL 'RIDGE_CLASSIFIER_FIT' 2 12
PROGRESS_REPORT_ELAPSED_TOTAL 'CHOLESKY_SOLVER' 1 6
PROGRESS_REPORT_ELAPSED_TOTAL 'CHOLESKY_SOLVER' 2 6
PROGRESS_REPORT_ELAPSED_TOTAL 'CHOLESKY_SOLVER' 3 6
PROGRESS_REPORT_ELAPSED_TOTAL 'CHOLESKY_SOLVER' 4 6
PROGRESS_REPORT_ELAPSED_TOTAL 'CHOLESKY_SOLVER' 5 6
PROGRESS_REPORT_ELAPSED_TOTAL 'CHOLESKY_SOLVER' 6 6
PROGRESS_REPORT_ELAPSED_TOTAL 'RIDGE_CLASSIFIER_FIT' 3 12
PROGRESS_REPORT_ELAPSED_TOTAL 'CHOLESKY_SOLVER' 1 6
PROGRESS_REPORT_ELAPSED_TOTAL 'CHOLESKY_SOLVER' 2 6
PROGRESS_REPORT_ELAPSED_TOTAL 'CHOLESKY_SOLVER' 3 6
PROGRESS_REPORT_ELAPSED_TOTAL 'CHOLESKY_SOLVER' 4 6
PROGRESS_REPORT_ELAPSED_TOTAL 'CHOLESKY_SOLVER' 5 6
PROGRESS_REPORT_ELAPSED_TOTAL 'CHOLESKY_SOLVER' 6 6
PROGRESS_REPORT_ELAPSED_TOTAL 'RIDGE_CLASSIFIER_FIT' 4 12
PROGRESS_REPORT_ELAPSED_TOTAL 'CHOLESKY_SOLVER' 1 6
PROGRESS_REPORT_ELAPSED_TOTAL 'CHOLESKY_SOLVER' 2 6
PROGRESS_REPORT_ELAPSED_TOTAL 'CHOLESKY_SOLVER' 3 6
PROGRESS_REPORT_ELAPSED_TOTAL 'CHOLESKY_SOLVER' 4 6
PROGRESS_REPORT_ELAPSED_TOTAL 'CHOLESKY_SOLVER' 5 6
PROGRESS_REPORT_ELAPSED_TOTAL 'CHOLESKY_SOLVER' 6 6
PROGRESS_REPORT_ELAPSED_TOTAL 'RIDGE_CLASSIFIER_FIT' 5 12
PROGRESS_REPORT_ELAPSED_TOTAL 'CHOLESKY_SOLVER' 1 6
PROGRESS_REPORT_ELAPSED_TOTAL 'CHOLESKY_SOLVER' 2 6
PROGRESS_REPORT_ELAPSED_TOTAL 'CHOLESKY_SOLVER' 3 6
PROGRESS_REPORT_ELAPSED_TOTAL 'CHOLESKY_SOLVER' 4 6
PROGRESS_REPORT_ELAPSED_TOTAL 'CHOLESKY_SOLVER' 5 6
PROGRESS_REPORT_ELAPSED_TOTAL 'CHOLESKY_SOLVER' 6 6
PROGRESS_REPORT_ELAPSED_TOTAL 'RIDGE_CLASSIFIER_FIT' 6 12
PROGRESS_REPORT_ELAPSED_TOTAL 'CHOLESKY_SOLVER' 1 6
PROGRESS_REPORT_ELAPSED_TOTAL 'CHOLESKY_SOLVER' 2 6
PROGRESS_REPORT_ELAPSED_TOTAL 'CHOLESKY_SOLVER' 3 6
PROGRESS_REPORT_ELAPSED_TOTAL 'CHOLESKY_SOLVER' 4 6
PROGRESS_REPORT_ELAPSED_TOTAL 'CHOLESKY_SOLVER' 5 6
PROGRESS_REPORT_ELAPSED_TOTAL 'CHOLESKY_SOLVER' 6 6
PROGRESS_REPORT_ELAPSED_TOTAL 'RIDGE_CLASSIFIER_FIT' 7 12
PROGRESS_REPORT_ELAPSED_TOTAL 'CHOLESKY_SOLVER' 1 6
PROGRESS_REPORT_ELAPSED_TOTAL 'CHOLESKY_SOLVER' 2 6
PROGRESS_REPORT_ELAPSED_TOTAL 'CHOLESKY_SOLVER' 3 6
PROGRESS_REPORT_ELAPSED_TOTAL 'CHOLESKY_SOLVER' 4 6
PROGRESS_REPORT_ELAPSED_TOTAL 'CHOLESKY_SOLVER' 5 6
PROGRESS_REPORT_ELAPSED_TOTAL 'CHOLESKY_SOLVER' 6 6
PROGRESS_REPORT_ELAPSED_TOTAL 'RIDGE_CLASSIFIER_FIT' 8 12
PROGRESS_REPORT_ELAPSED_TOTAL 'CHOLESKY_SOLVER' 1 6
PROGRESS_REPORT_ELAPSED_TOTAL 'CHOLESKY_SOLVER' 2 6
PROGRESS_REPORT_ELAPSED_TOTAL 'CHOLESKY_SOLVER' 3 6
PROGRESS_REPORT_ELAPSED_TOTAL 'CHOLESKY_SOLVER' 4 6
PROGRESS_REPORT_ELAPSED_TOTAL 'CHOLESKY_SOLVER' 5 6
PROGRESS_REPORT_ELAPSED_TOTAL 'CHOLESKY_SOLVER' 6 6
PROGRESS_REPORT_ELAPSED_TOTAL 'RIDGE_CLASSIFIER_FIT' 9 12
PROGRESS_REPORT_ELAPSED_TOTAL 'CHOLESKY_SOLVER' 1 6
PROGRESS_REPORT_ELAPSED_TOTAL 'CHOLESKY_SOLVER' 2 6
PROGRESS_REPORT_ELAPSED_TOTAL 'CHOLESKY_SOLVER' 3 6
PROGRESS_REPORT_ELAPSED_TOTAL 'CHOLESKY_SOLVER' 4 6
PROGRESS_REPORT_ELAPSED_TOTAL 'CHOLESKY_SOLVER' 5 6
PROGRESS_REPORT_ELAPSED_TOTAL 'CHOLESKY_SOLVER' 6 6
PROGRESS_REPORT_ELAPSED_TOTAL 'RIDGE_CLASSIFIER_FIT' 10 12
PROGRESS_REPORT_ELAPSED_TOTAL 'CHOLESKY_SOLVER' 1 6
PROGRESS_REPORT_ELAPSED_TOTAL 'CHOLESKY_SOLVER' 2 6
PROGRESS_REPORT_ELAPSED_TOTAL 'CHOLESKY_SOLVER' 3 6
PROGRESS_REPORT_ELAPSED_TOTAL 'CHOLESKY_SOLVER' 4 6
PROGRESS_REPORT_ELAPSED_TOTAL 'CHOLESKY_SOLVER' 5 6
PROGRESS_REPORT_ELAPSED_TOTAL 'CHOLESKY_SOLVER' 6 6
PROGRESS_REPORT_ELAPSED_TOTAL 'RIDGE_CLASSIFIER_FIT' 11 12
PROGRESS_REPORT_ELAPSED_TOTAL 'CHOLESKY_SOLVER' 1 6
PROGRESS_REPORT_ELAPSED_TOTAL 'CHOLESKY_SOLVER' 2 6
PROGRESS_REPORT_ELAPSED_TOTAL 'CHOLESKY_SOLVER' 3 6
PROGRESS_REPORT_ELAPSED_TOTAL 'CHOLESKY_SOLVER' 4 6
PROGRESS_REPORT_ELAPSED_TOTAL 'CHOLESKY_SOLVER' 5 6
PROGRESS_REPORT_ELAPSED_TOTAL 'CHOLESKY_SOLVER' 6 6
PROGRESS_REPORT_ELAPSED_TOTAL 'RIDGE_CLASSIFIER_FIT' 12 12
MCU_DEPLOY_CLASSIFICATION_CODE MODEL_JSON_EXPORT_STEP
MODEL_JSON_DUMP_START
{
	"metadata" : { "model" : "Tikhonov_Ridge", "version" : "2024-W03"},
	"options" : { "alpha" : 0.0099999998, "random_state" : 1789 },
	"classes" : [ 0, 1, 2, 3, 4, 5, 6, 7, 8, 9 ],
	"equations" : {
		"class_0" : {
			"intercept" : 3.9236813,
			"coeffs" : [ 0, -5.8544526, 0.23163208, -0.62028903, 0.21481994, -0.25904956, 0.066948593, 3.4411116, -1.0105594, 0.28806049, -0.22701091, 0.064137921, -0.01631536, 0.053666852, -0.040296853, -18.061287, 0, 0.046168618, 0.37832731, -0.38858891, -0.13417551, -0.25151363, 0.55788851, 3.6490116, 0, -0.51576787, -0.29893795, 0.26143974, 0.20693325, -0.12182339, -0.049910791, 0, 0, 1.0288562, -0.010752129, -0.22289458, 0.076096326, -0.099193119, 0.1435757, 0, 0, -0.28397393, -0.023880193, 0.15747875, 0.026564905, 0.21463838, 0.056171063, 0, 7.0723472, -1.4483885, 0.26367193, 0.15059724, -0.13156247, 0.015015453, -0.022313613, 0.82430899, 0, 1.7970648, 0.22855616, 0.13050844, -0.51380402, 0.26322114, -0.34538227, 0.27727461 ]
		},
		"class_1" : {
			"intercept" : 5.6754379,
			"coeffs" : [ 0, -6.5445499, 0.5898152, -0.72035068, 0.22311774, -0.30500305, 0.15053156, 2.6060846, 0.30003518, 0.25777316, -0.54875088, 0.092898428, -0.0068704784, 0.049425893, -0.15093982, -15.103306, 0, 0.14093903, 0.45882449, -0.54132468, -0.16982327, -0.28432569, 0.74292618, 2.1030116, 0, -0.52060056, -0.39952031, 0.35654205, 0.28147307, -0.14541496, -0.14340639, 0, 0, 1.184534, 0.12068591, -0.28071705, 0.18290113, -0.071419805, 0.10190681, 0, 0, -0.55535889, -0.18654338, 0.31097844, -0.029112011, 0.29066965, 0.13781747, 0, 7.8902273, -1.5979021, 0.47334522, 0.064204007, -0.13388434, -0.028977059, -0.19151631, 1.1591263, 0, 1.7109504, 0.0016603768, 0.2221375, -0.63349402, 0.32753906, -0.35343301, 0.41992259 ]
		},
		"class_2" : {
			"intercept" : -1.1791923,
			"coeffs" : [ 0, 0.068746239, -0.170252, 0.12244026, 0.1566363, -0.080280125, 0.003807974, 2.8856521, 0.71679574, 0.18760179, 0.055143617, 0.053003229, 0.039515231, 0.048836119, -0.11452407, -11.922659, 0, -0.35137188, -0.089190409, 0.082901716, -0.076998502, 0.063126102, -0.22096156, 1.6685433, 0, 0.1110457, 0.17278068, 0.028937941, -0.11409657, 0.13766363, -0.037340734, 0, 0, -0.42422259, -0.075178027, -0.057751864, 0.069544435, -0.030818805, 0.0098163355, 0, 0, 0.042684026, 0.13358414, -0.14583491, 0.0019106728, -0.08973223, -0.15433754, 0, -5.4579043, 0.14801222, -0.10705882, -0.030834921, 0.002460862, 0.059385311, 0.18533061, 0.073679544, 0, 3.0675952, -0.0025811642, -0.075951412, -0.019369431, -0.03611169, -0.27291563, 0.29549503 ]
		},
		"class_3" : {
			"intercept" : -5.6675158,
			"coeffs" : [ 0, 7.3006277, -0.43746221, 0.76296484, -0.17905444, 0.30110672, -0.29072767, 1.8566396, -1.0781232, -0.31373885, 0.44552872, -0.067424886, 0.024488561, -0.10162187, 0.26011798, -9.0035429, 0, -0.047067482, -0.54601574, 0.47149056, 0.19642937, 0.21231903, -0.65482825, -2.8008883, 0, 0.46120566, 0.35205171, -0.34165698, -0.29390627, 0.20118795, 0.0076210489, 0, 0, -0.97441262, -0.065564983, 0.22806813, -0.13290507, -0.025854293, 0.0073734559, 0, 0, 0.30110905, 0.066715524, -0.26529002, 0.017064225, -0.19025481, -0.14080033, 0, -7.0533924, 1.6440926, -0.32432353, -0.15054511, 0.16154359, 0.020804718, 0.14725786, -1.0343118, 0, -2.0976248, -0.22315806, -0.15548779, 0.54154158, -0.29694155, 0.34302983, -0.26030684 ]
		},
		"class_4" : {
			"intercept" : 3.0395503,
			"coeffs" : [ 0, -3.127008, 0.50183606, -0.37178281, -0.042092588, -0.04400469, -0.028904581, 3.8083642, 0.11289126, 0.029926721, -0.32184097, 0.0061233174, -0.044547953, -0.0032854509, -0.0057899207, -21.112705, 0, 0.22604792, 0.25706178, -0.35807365, -0.0032571554, -0.20359364, 0.37878329, 0.93861127, 0, -0.20909688, -0.28546488, 0.12154365, 0.23387574, -0.15560929, 0.037213217, 0, 0, 0.63734531, 0.073689461, -0.11145253, 0.028240804, 0.030275462, 0.030682851, 0, 0, -0.07073319, -0.099715732, 0.21566848, 0.0059330817, 0.17524993, 0.049537841, 0, 7.3618102, -0.83705521, 0.24091819, 0.061632317, -0.017815422, -0.093255565, -0.11687745, 0.16913909, 0, -0.99464977, -0.16048567, 0.13343635, -0.16365463, 0.12614171, 0.057968788, -0.18183979 ]
		},
		"class_5" : {
			"intercept" : -6.4071555,
			"coeffs" : [ 0, 4.5075722, -0.15249521, 0.35381797, -0.15465677, 0.26409689, -0.01553772, 5.8416624, -0.40518966, -0.10326704, 0.52185607, -0.11198543, 0.0064936616, -0.10776799, -0.071031846, -26.956038, 0, -0.29537272, -0.39478156, 0.43399873, 0.1012696, 0.30491364, -0.41974989, -2.1098561, 0, 0.40320209, 0.45470259, -0.23175883, -0.2040198, 0.019786533, 0.049048193, 0, 0, -0.76584101, -0.11905745, 0.22409339, -0.10173564, 0.1318554, -0.019938627, 0, 0, 0.21244583, 0.13074037, -0.18089394, 0.037264012, -0.27447549, -0.069386683, 0, -1.2696934, 0.62040997, -0.29379627, -0.048120178, 0.065253623, 0.096519098, 0.011912383, -0.4857198, 0, -1.1982832, -0.19205336, -0.063504212, 0.35450518, -0.22636865, 0.29254636, -0.47289324 ]
		},
		"class_6" : {
			"intercept" : 4.7273455,
			"coeffs" : [ 0, -4.7292047, 0.36195123, -0.42410147, 0.23753482, -0.24100365, 0.13007243, 4.5723848, -0.20914763, 0.44537497, -0.35198605, 0.073572263, 0.0097190738, 0.08891125, -0.078679927, -20.959957, 0, -0.21193631, 0.32914692, -0.29901019, -0.18984315, -0.19260165, 0.16386308, 5.3961792, 0, -0.25130588, -0.18574445, 0.14729157, 0.22983874, -0.1089683, 0.007819674, 0, 0, 0.52810961, -0.032058802, -0.11606343, 0.012801831, -0.044659853, -0.052828263, 0, 0, -0.29837373, 0.06967897, 0.046649802, 0.069584012, 0.17667979, 0.12773933, 0, 1.8288314, -0.90652686, 0.1700677, 0.10877434, -0.13904189, 0.034729302, 0.060097501, 0.59444112, 0, 2.5715575, -0.10394125, 0.037715994, -0.43995407, 0.16274644, -0.32411361, 0.37308428 ]
		},
		"class_7" : {
			"intercept" : 1.2744639,
			"coeffs" : [ 0, -4.9604831, 0.11810995, -0.42755806, 0.070953831, -0.25822225, 0.25391868, -35.143505, 0.33848608, 0.23207197, -0.42156437, 0.11260803, -0.061924741, 0.18721312, -0.11845143, 174.21701, 0, 0.15926024, 0.40510389, -0.33691344, -0.057535157, -0.2448339, 0.50383925, -0.15000403, 0, -0.1993046, -0.42605636, 0.20832542, 0.17544025, -0.0941668, -0.010918679, 0, 0, 0.60951221, 0.15620075, -0.18850654, 0.15319398, 0.037287228, -0.022455078, 0, 0, -0.1124967, -0.10345791, 0.17460629, -0.045599386, 0.16363177, 0.10356669, 0, 5.9279866, -1.1199348, 0.17442653, 0.11422366, -0.1559214, -0.064810999, -0.085832946, 0.64483321, 0, 0.66332603, 0.42656201, 0.047288626, -0.29732719, 0.15850925, -0.19895798, 0.27663687 ]
		},
		"class_8" : {
			"intercept" : -11.390987,
			"coeffs" : [ 0, 11.255797, -0.67470407, 1.0133573, -0.54979849, 0.5701319, -0.23494731, 5.2030678, 1.1180212, -0.83697098, 0.77950394, -0.33102605, 0.0018331297, -0.20426033, 0.33352426, -27.083761, 0, 0.26885039, -0.65894467, 0.79723924, 0.36297405, 0.52421755, -0.69376373, -8.6357346, 0, 0.72860944, 0.45015031, -0.48024836, -0.42515922, 0.079393432, 0.067169391, 0, 0, -1.2991958, -0.01152216, 0.4918856, -0.24419314, 0.19695276, -0.20612621, 0, 0, 0.69167691, 0.033242732, -0.20431179, -0.070473924, -0.47885877, -0.06719856, 0, -7.7479749, 2.60971, -0.52406746, -0.1471011, 0.2917693, 0.050775331, -0.086803026, -1.7280666, 0, -6.2095251, -0.092607096, -0.12513006, 0.95701951, -0.42724246, 0.89936852, -0.89579707 ]
		},
		"class_9" : {
			"intercept" : -1.9955978,
			"coeffs" : [ 0, 2.0829418, -0.3684305, 0.3115015, 0.022539474, 0.05222765, -0.035161488, 4.9285369, 0.11678572, -0.18683286, 0.069121405, 0.10809307, 0.047608733, -0.011117609, -0.013928444, -24.013758, 0, 0.064482488, -0.1395317, 0.13827923, -0.029040113, 0.072292149, -0.35799709, -0.058872581, 0, -0.0079873577, 0.16603793, -0.070416883, -0.090378888, 0.18795191, 0.072704904, 0, 0, -0.52468497, -0.036442898, 0.033338606, -0.043945186, -0.12442529, 0.0079931291, 0, 0, 0.073019877, -0.020364586, -0.10905112, -0.01313567, 0.012452729, -0.043109834, 0, -8.5522299, 0.88758409, -0.073183432, -0.12283029, 0.057197835, -0.090185873, 0.098745212, -0.21742634, 0, 0.68958646, 0.11804631, -0.15101363, 0.21453796, -0.051493626, -0.098110691, 0.16842434 ]
		}
	}
}
MODEL_JSON_DUMP_END
MCU_DEPLOY_CLASSIFICATION_CODE MODEL_PREDICT_STEP
MLLITE_AUTO_DEPLOY_DIGITS_SMALL_APPLY_OUTPUT_CLASS  [ 2, 1, 1, 9, 8,  ... , 4, 5, 8, 8, 5 ]
MCU_DEPLOY_CLASSIFICATION_CODE MODEL_PREDICT_PROBA_STEP
MLLITE_AUTO_DEPLOY_DIGITS_SMALL_APPLY_OUTPUT_PROBA 0 [ 0.13235538, 0.14559519, 0.3283692, 0.015475885, 0.13561215, 0.021162031, 0.12016668, 0.019441584, 0.048262749, 0.033559177 ]
MLLITE_AUTO_DEPLOY_DIGITS_SMALL_APPLY_OUTPUT_PROBA 1 [ 0.084289588, 0.81853104, 0.011344281, 0.00077304151, 0.02024636, 0.0037476437, 0.050341848, 0.0046291701, 0.00020761721, 0.005889521 ]
MLLITE_AUTO_DEPLOY_DIGITS_SMALL_APPLY_OUTPUT_PROBA 2 [ 0.081412077, 0.81977397, 0.0038401589, 0.001523498, 0.042886507, 0.0026051104, 0.038647212, 0.0045119761, 0.0013740869, 0.0034255274 ]
MLLITE_AUTO_DEPLOY_DIGITS_SMALL_APPLY_OUTPUT_PROBA 3 [ 0.040309213, 0.019977534, 0.016709596, 0.045703065, 0.037192136, 0.010350443, 0.013275849, 0.007377645, 0.32112226, 0.48798242 ]
MLLITE_AUTO_DEPLOY_DIGITS_SMALL_APPLY_OUTPUT_PROBA 4 [ 0.0078593139, 0.0057398062, 0.013064741, 0.02673622, 0.014451424, 0.011627393, 0.0082100695, 0.0014958871, 0.85493022, 0.055884909 ]
...
MLLITE_AUTO_DEPLOY_DIGITS_SMALL_APPLY_OUTPUT_PROBA 59 [ 0.064608738, 0.14048383, 0.012380141, 0.006102934, 0.71073562, 0.012013258, 0.031015342, 0.0062326668, 0.0052939435, 0.011133571 ]
MLLITE_AUTO_DEPLOY_DIGITS_SMALL_APPLY_OUTPUT_PROBA 60 [ 0.080438644, 0.10096247, 0.061272878, 0.054219466, 0.06996461, 0.33812532, 0.16574855, 0.0076010861, 0.025523087, 0.096143886 ]
MLLITE_AUTO_DEPLOY_DIGITS_SMALL_APPLY_OUTPUT_PROBA 61 [ 0.01958338, 0.021088671, 0.017082794, 0.028801145, 0.025922123, 0.020792944, 0.030785816, 0.0021683152, 0.80631691, 0.027457966 ]
MLLITE_AUTO_DEPLOY_DIGITS_SMALL_APPLY_OUTPUT_PROBA 62 [ 0.094277933, 0.13137493, 0.09780813, 0.044293806, 0.075267874, 0.089041434, 0.12966295, 0.013535187, 0.22297859, 0.10175918 ]
MLLITE_AUTO_DEPLOY_DIGITS_SMALL_APPLY_OUTPUT_PROBA 63 [ 0.00068327226, 0.00056803279, 0.10451937, 0.18644249, 0.00028417638, 0.55567557, 0.0026947598, 4.1253694e-05, 0.069027439, 0.080063723 ]
MCU_DEPLOY_CLASSIFICATION_CODE MODEL_COMPUTE_PERF_STEP
MLLITE_AUTO_DEPLOY_DIGITS_SMALL_CLASS_PERFS { "count" : 64, "precision" : 0.625,  "AUC" : [ 0.98850572, 1, 0.77083331, 0.92896175, 0.97493732, 0.93535352, 0.90977442, 0.98850572, 0.83636361, 0.88839287 ] }
This will be printed
MCU_DEPLOY_CLASSIFICATION_CODE ALL_STEPS_OK
MCU_DEPLOY_CLASSIFICATION_CODE done
MLLITE_MCU_TIMER_OPERATION_ELAPSED_SECONDS 'MLLITE.MCU_DEPLOY.CLASSIFICATION.Tikhonov_Ridge.DIGITS_SMALL' 0
MLLITE_MCU_TIMER_OPERATION_END 'MLLITE.MCU_DEPLOY.CLASSIFICATION.Tikhonov_Ridge.DIGITS_SMALL' [ 'Thu Jan 25 12:03:12 2024' ]
MCU_DEPLOY_ON_TARGET_X86_64_END
EXECUTION_TIME_DETAIL = {'CMD':'timeout 180 ./x86_64/classification/x86_64_classification_ridge_digits_small.exe', 'ElapsedTimeSecs':(0.07, 0.00, 0.07), 'MAX_MEM_KB':1728, 'CPU_PRCNT':'100%', 'FILES_IN':0, 'FILES_OUT':32, 'EXIT_STATUS':0}
