MCU_DEPLOY_ON_TARGET_X86_64_START
MLLITE_MCU_TIMER_OPERATION_START 'MLLITE.MCU_DEPLOY.CLASSIFICATION.Tikhonov_Ridge.DIGITS_ORIGINAL' [ 'Thu Jan 25 12:03:12 2024' ]
MLLite starting
MCU_DEPLOY_CLASSIFICATION_CODE CREATE_DATASET_STEP
MCU_DEPLOY_CLASSIFICATION_CODE CREATE_MODEL_STEP
MCU_DEPLOY_CLASSIFICATION_MODEL_OPTIONS
{ "alpha" : 0.0099999998, "random_state" : 1789 }
MCU_DEPLOY_CLASSIFICATION_CODE FIT_MODEL_STEP
PROGRESS_REPORT_ELAPSED_TOTAL 'RIDGE_CLASSIFIER_FIT' 1 12
PROGRESS_REPORT_ELAPSED_TOTAL 'RIDGE_CLASSIFIER_FIT' 2 12
PROGRESS_REPORT_ELAPSED_TOTAL 'CHOLESKY_SOLVER' 1 6
PROGRESS_REPORT_ELAPSED_TOTAL 'CHOLESKY_SOLVER' 2 6
PROGRESS_REPORT_ELAPSED_TOTAL 'CHOLESKY_SOLVER' 3 6
PROGRESS_REPORT_ELAPSED_TOTAL 'CHOLESKY_SOLVER' 4 6
PROGRESS_REPORT_ELAPSED_TOTAL 'CHOLESKY_SOLVER' 5 6
PROGRESS_REPORT_ELAPSED_TOTAL 'CHOLESKY_SOLVER' 6 6
PROGRESS_REPORT_ELAPSED_TOTAL 'RIDGE_CLASSIFIER_FIT' 3 12
PROGRESS_REPORT_ELAPSED_TOTAL 'CHOLESKY_SOLVER' 1 6
PROGRESS_REPORT_ELAPSED_TOTAL 'CHOLESKY_SOLVER' 2 6
PROGRESS_REPORT_ELAPSED_TOTAL 'CHOLESKY_SOLVER' 3 6
PROGRESS_REPORT_ELAPSED_TOTAL 'CHOLESKY_SOLVER' 4 6
PROGRESS_REPORT_ELAPSED_TOTAL 'CHOLESKY_SOLVER' 5 6
PROGRESS_REPORT_ELAPSED_TOTAL 'CHOLESKY_SOLVER' 6 6
PROGRESS_REPORT_ELAPSED_TOTAL 'RIDGE_CLASSIFIER_FIT' 4 12
PROGRESS_REPORT_ELAPSED_TOTAL 'CHOLESKY_SOLVER' 1 6
PROGRESS_REPORT_ELAPSED_TOTAL 'CHOLESKY_SOLVER' 2 6
PROGRESS_REPORT_ELAPSED_TOTAL 'CHOLESKY_SOLVER' 3 6
PROGRESS_REPORT_ELAPSED_TOTAL 'CHOLESKY_SOLVER' 4 6
PROGRESS_REPORT_ELAPSED_TOTAL 'CHOLESKY_SOLVER' 5 6
PROGRESS_REPORT_ELAPSED_TOTAL 'CHOLESKY_SOLVER' 6 6
PROGRESS_REPORT_ELAPSED_TOTAL 'RIDGE_CLASSIFIER_FIT' 5 12
PROGRESS_REPORT_ELAPSED_TOTAL 'CHOLESKY_SOLVER' 1 6
PROGRESS_REPORT_ELAPSED_TOTAL 'CHOLESKY_SOLVER' 2 6
PROGRESS_REPORT_ELAPSED_TOTAL 'CHOLESKY_SOLVER' 3 6
PROGRESS_REPORT_ELAPSED_TOTAL 'CHOLESKY_SOLVER' 4 6
PROGRESS_REPORT_ELAPSED_TOTAL 'CHOLESKY_SOLVER' 5 6
PROGRESS_REPORT_ELAPSED_TOTAL 'CHOLESKY_SOLVER' 6 6
PROGRESS_REPORT_ELAPSED_TOTAL 'RIDGE_CLASSIFIER_FIT' 6 12
PROGRESS_REPORT_ELAPSED_TOTAL 'CHOLESKY_SOLVER' 1 6
PROGRESS_REPORT_ELAPSED_TOTAL 'CHOLESKY_SOLVER' 2 6
PROGRESS_REPORT_ELAPSED_TOTAL 'CHOLESKY_SOLVER' 3 6
PROGRESS_REPORT_ELAPSED_TOTAL 'CHOLESKY_SOLVER' 4 6
PROGRESS_REPORT_ELAPSED_TOTAL 'CHOLESKY_SOLVER' 5 6
PROGRESS_REPORT_ELAPSED_TOTAL 'CHOLESKY_SOLVER' 6 6
PROGRESS_REPORT_ELAPSED_TOTAL 'RIDGE_CLASSIFIER_FIT' 7 12
PROGRESS_REPORT_ELAPSED_TOTAL 'CHOLESKY_SOLVER' 1 6
PROGRESS_REPORT_ELAPSED_TOTAL 'CHOLESKY_SOLVER' 2 6
PROGRESS_REPORT_ELAPSED_TOTAL 'CHOLESKY_SOLVER' 3 6
PROGRESS_REPORT_ELAPSED_TOTAL 'CHOLESKY_SOLVER' 4 6
PROGRESS_REPORT_ELAPSED_TOTAL 'CHOLESKY_SOLVER' 5 6
PROGRESS_REPORT_ELAPSED_TOTAL 'CHOLESKY_SOLVER' 6 6
PROGRESS_REPORT_ELAPSED_TOTAL 'RIDGE_CLASSIFIER_FIT' 8 12
PROGRESS_REPORT_ELAPSED_TOTAL 'CHOLESKY_SOLVER' 1 6
PROGRESS_REPORT_ELAPSED_TOTAL 'CHOLESKY_SOLVER' 2 6
PROGRESS_REPORT_ELAPSED_TOTAL 'CHOLESKY_SOLVER' 3 6
PROGRESS_REPORT_ELAPSED_TOTAL 'CHOLESKY_SOLVER' 4 6
PROGRESS_REPORT_ELAPSED_TOTAL 'CHOLESKY_SOLVER' 5 6
PROGRESS_REPORT_ELAPSED_TOTAL 'CHOLESKY_SOLVER' 6 6
PROGRESS_REPORT_ELAPSED_TOTAL 'RIDGE_CLASSIFIER_FIT' 9 12
PROGRESS_REPORT_ELAPSED_TOTAL 'CHOLESKY_SOLVER' 1 6
PROGRESS_REPORT_ELAPSED_TOTAL 'CHOLESKY_SOLVER' 2 6
PROGRESS_REPORT_ELAPSED_TOTAL 'CHOLESKY_SOLVER' 3 6
PROGRESS_REPORT_ELAPSED_TOTAL 'CHOLESKY_SOLVER' 4 6
PROGRESS_REPORT_ELAPSED_TOTAL 'CHOLESKY_SOLVER' 5 6
PROGRESS_REPORT_ELAPSED_TOTAL 'CHOLESKY_SOLVER' 6 6
PROGRESS_REPORT_ELAPSED_TOTAL 'RIDGE_CLASSIFIER_FIT' 10 12
PROGRESS_REPORT_ELAPSED_TOTAL 'CHOLESKY_SOLVER' 1 6
PROGRESS_REPORT_ELAPSED_TOTAL 'CHOLESKY_SOLVER' 2 6
PROGRESS_REPORT_ELAPSED_TOTAL 'CHOLESKY_SOLVER' 3 6
PROGRESS_REPORT_ELAPSED_TOTAL 'CHOLESKY_SOLVER' 4 6
PROGRESS_REPORT_ELAPSED_TOTAL 'CHOLESKY_SOLVER' 5 6
PROGRESS_REPORT_ELAPSED_TOTAL 'CHOLESKY_SOLVER' 6 6
PROGRESS_REPORT_ELAPSED_TOTAL 'RIDGE_CLASSIFIER_FIT' 11 12
PROGRESS_REPORT_ELAPSED_TOTAL 'CHOLESKY_SOLVER' 1 6
PROGRESS_REPORT_ELAPSED_TOTAL 'CHOLESKY_SOLVER' 2 6
PROGRESS_REPORT_ELAPSED_TOTAL 'CHOLESKY_SOLVER' 3 6
PROGRESS_REPORT_ELAPSED_TOTAL 'CHOLESKY_SOLVER' 4 6
PROGRESS_REPORT_ELAPSED_TOTAL 'CHOLESKY_SOLVER' 5 6
PROGRESS_REPORT_ELAPSED_TOTAL 'CHOLESKY_SOLVER' 6 6
PROGRESS_REPORT_ELAPSED_TOTAL 'RIDGE_CLASSIFIER_FIT' 12 12
MCU_DEPLOY_CLASSIFICATION_CODE MODEL_JSON_EXPORT_STEP
MODEL_JSON_DUMP_START
{
	"metadata" : { "model" : "Tikhonov_Ridge", "version" : "2024-W03"},
	"options" : { "alpha" : 0.0099999998, "random_state" : 1789 },
	"classes" : [ 0, 1, 2, 3, 4, 5, 6, 7, 8, 9 ],
	"equations" : {
		"class_0" : {
			"intercept" : -0.38696983,
			"coeffs" : [ 0, -0.12189537, 0.0029762301, 0.01695469, -0.014203956, -0.0089540621, 0.0059386371, -0.0052027572, -0.018792298, 0.0042842659, -0.0040414925, -0.0049818913, 0.021466032, 0.017812019, -0.016299436, -0.020623848, -0.46526441, 0.0034259509, -0.0022032931, 0.0027835686, -0.0064865174, 0.010352097, 0.030202687, -0.084576875, 0, 0.025479892, -0.0036323396, -0.0048237322, -0.023923032, -0.014060781, 0.01904203, -79.259888, 0, 0.00085080962, 0.010926483, -0.023832964, 0.00074262149, -0.025388215, 0.051505897, 0, -0.095094956, -0.030231794, 0.025464933, -0.0209252, -0.020388035, 0.0044688778, -0.0022215014, -0.082557775, -0.15536545, 0.0008747516, 0.0064637908, 0.010051646, 0.018888948, 0.0011626291, -0.012563758, -0.0037249327, -19.877235, 0.043198541, -0.012633621, 0.004054619, -0.010805894, -0.0013545271, -0.0012134006, 0.0025816076 ]
		},
		"class_1" : {
			"intercept" : -0.62342715,
			"coeffs" : [ 0, -0.13786809, 0.01039469, 0.025635429, -0.03147126, 0.020975366, 0.00017501262, 0.003839321, -0.38791239, -0.0018278672, -0.043941632, -0.012574243, 0.0045788237, 0.020712072, -0.020931676, -0.0080683948, 1.4095426, 0.00087383331, 0.0014690266, 0.018839657, 0.02711663, -0.009987222, 0.0060720104, -0.0077729356, 0, 0.028915187, 0.0020139068, 0.0090244692, -0.0045215078, 0.0045565842, -0.011103597, -81.01239, 0, -0.0021171218, -0.0028521447, 0.0030944124, 0.00078671821, -0.0040898426, -0.015903316, 0, -0.032867525, -0.017027153, -0.0043066987, -0.0025750892, 0.0032598823, -0.014323879, 0.0073160948, -0.17280506, -0.0011411689, -0.027201425, 0.0041367556, 0.010907341, 0.018039061, -0.0072388789, -0.023039091, 0.097878717, -20.215214, 0.056573223, -0.022809753, -0.0056672059, 0.0065550823, 0.028173886, -0.03119712, 0.048807517 ]
		},
		"class_2" : {
			"intercept" : -0.79291409,
			"coeffs" : [ 0, 0.22474591, -0.01210833, -0.016621482, 0.00075125461, -0.0037228977, 0.0079762107, -0.006453428, -0.1290109, -0.0017606908, 0.021730212, -0.017358162, 0.014114972, -0.012642168, -0.0021924977, -0.0023654504, -0.18969095, -0.0049838657, -0.003703027, -0.0080697183, -0.00059652841, -0.00094886951, 0.0050850241, 0.054048032, 0, -0.0059457216, -0.0035085334, -0.02902743, 0.0098439055, 0.007798858, 0.002328526, -78.795265, 0, 0.024816718, -0.020295484, 0.0028591431, -0.0049060481, 0.00050366716, -0.028598785, 0, -0.37289071, 0.0040347292, 0.0018381038, 0.029123306, -0.032114726, -0.026774347, -0.043065574, 0.015070066, 0.052522391, 0.032273345, -0.0069262022, 0.011536926, 0.037146546, 0.021577172, 0.020811005, 0.046845019, 180.31436, -0.066397674, 0.012031673, 0.0078355819, 0.0049619228, 0.0086503457, 0.037941508, -0.0012220442 ]
		},
		"class_3" : {
			"intercept" : -0.82579923,
			"coeffs" : [ 0, 0.26702347, -0.022652164, 0.016953574, 0.015663806, 0.0016258119, -0.021704884, 0.017260382, -0.12852643, -0.0050230278, 0.013673671, 0.016867226, -0.013004426, 0.0077922889, 0.025687458, -0.029059965, 0.71133244, -0.0088496115, -0.035387944, -0.01201415, 0.02669969, 0.0018834068, -0.0037579702, 0.025253635, 0, -0.0042871414, -0.012022593, -0.00088751252, -0.0051602013, -0.023102952, -0.0090328343, -81.460999, 0, 0.034257896, -0.0087654693, -0.011424569, 0.011086211, 0.013622107, -0.035716176, 0, -0.10352238, -0.0015164473, -0.014616876, -0.012240124, 0.0016275004, 0.016502386, 0.043167267, 0.020007502, 0.052198514, 0.0062873238, -0.0033324736, -0.013767598, 0.0037215725, -0.0021704033, 0.005898261, -0.026466781, -20.340334, -0.10442741, 0.012663378, 0.0041552512, 0.014468866, -0.0069760368, -0.010732717, -0.011953302 ]
		},
		"class_4" : {
			"intercept" : -2.2649755,
			"coeffs" : [ 0, -0.19105624, 0.018311368, -0.03437081, 0.013855994, -0.027805272, -0.015722478, 0.030251976, -0.21192981, 0.035828914, -0.016186545, 0.0060443552, -0.025729056, -0.01436899, -0.0021688733, -0.045196746, 0.14210069, -0.0082801813, 0.0069711776, 0.0008530108, 0.0045678606, 0.006418867, -0.0024448168, 0.17158607, 0, -0.0042180065, 0.0068724668, -0.0063936836, 0.0087690819, -0.0033019844, 0.024662087, 719.41632, 0, 0.038246866, 0.0029278798, -0.0094551463, 0.0087041315, 0.011339813, 0.025765434, 0, 1.1369116, 0.016615935, -0.0068882126, 0.020618666, 0.01061709, 0.01058026, -0.011000898, -0.05518382, -0.015760364, 0.016802652, -0.009950038, -0.0089712162, 0.0061741685, -0.017793171, -0.011131655, -0.010583691, -20.135344, 0.073579684, 0.010733999, -0.0049214489, 0.015537802, -0.0065469681, -0.00092563592, -0.012602992 ]
		},
		"class_5" : {
			"intercept" : -0.72068888,
			"coeffs" : [ 0, 0.25196484, 0.015633252, -0.015092214, 0.016242856, 0.020013096, 0.030402429, -0.029850064, 0.19263518, -0.029514169, 0.0055999053, 0.002527934, 0.011965265, -0.0091893878, -0.013218426, -0.017078409, -0.67294604, 0.016269729, 0.0070178816, 0.0059104329, -0.036974717, -0.032477893, -0.037981406, 0.060209695, 0, 0.024068777, 0.0065137492, 0.0092605054, 0.013292984, 0.0057926741, -0.022729594, -81.011154, 0, -0.024709284, 0.023408063, -0.016534239, -0.0013456615, -0.0056752306, 0.0019997649, 0, -0.20935668, 0.019148724, -0.029501826, 0.0030022189, -0.0070958203, 0.0013791372, 0.0051462036, -0.07519801, 0.025908969, 0.00047404051, 0.0034500128, -0.018044906, 0.015432184, -0.0025283862, -0.019831412, 0.0036159046, -20.207012, -0.063930571, 0.0088798748, 0.032260764, -0.02346875, 0.011601376, -0.0055032838, -0.015858043 ]
		},
		"class_6" : {
			"intercept" : -0.36085469,
			"coeffs" : [ 0, -0.14720207, 0.0055866037, -0.0021774403, 0.0015152891, 0.0022522451, -0.0041559739, -0.0038091557, -0.0064319503, 0.017363347, -0.019053226, 0.0032123369, -0.01727202, -0.0078061027, 0.011716233, 0.015234399, -0.011333114, -0.02502978, 0.012532175, -0.0068129874, -0.0035021508, -0.012406007, -0.014723874, 0.012054607, 0, -0.0091513749, 0.0050126333, -0.0020569444, -0.013565683, -0.010368134, -0.015515803, -80.595795, 0, -0.013508948, 0.013324798, 0.0061378162, 0.0012921477, 0.017360566, -0.031482141, 0, -0.063132785, -0.025595771, 0.023475301, -0.0098088458, 0.014670714, -0.0030404408, 0.02923041, 0.55910987, 0.027274378, -0.015418377, -0.00094708742, 0.03042776, -0.032332297, 0.017979793, 0.015021803, -0.05416543, -20.214022, 0.04154475, -0.0016801007, -0.018207291, 0.010833404, -0.0094131082, 0.014006009, -0.016906336 ]
		},
		"class_7" : {
			"intercept" : -0.34623337,
			"coeffs" : [ 0, -0.0089377454, -0.016692353, 0.016073698, -0.0028965939, 0.0065301578, 0.02573782, 0.0082868254, 0.08661294, -0.0074037565, 0.01348778, 0.0074833855, 0.014467571, 0.0044735419, 0.0013248271, 0.08328978, 0.051256455, -0.00076873065, -0.018353824, -0.0060757874, -0.0064956364, -0.0093342597, -0.0093996888, -0.048051137, 0, -0.010791807, -0.011982981, -0.0083922241, -0.0015690681, 0.010178827, 0.020102719, -79.69767, 0, -0.033086926, 0.013534218, 0.0044379607, 0.011016889, 0.0077039241, 0.048668243, 0, -0.018369766, 0.0031806319, 0.0017330965, 0.0059027886, 0.0097036883, 0.0017399294, -0.026516799, -0.13155839, -0.0022014095, -0.012312027, -0.0047784355, 0.009093401, -0.030791573, -0.0087843053, 0.0015815846, -0.011283834, -19.962111, -0.074248396, 0.015341252, -0.0063860971, -0.042300917, 0.0094134863, -0.015596421, 0.020576879 ]
		},
		"class_8" : {
			"intercept" : -1.0615126,
			"coeffs" : [ 0, -0.086656027, 0.010190853, -0.024641439, 0.0086435955, -0.0013917788, -0.028136762, 0.00029467233, 0.70663577, -0.0051265387, 0.01582301, -0.0037404511, -0.010616225, 0.0039917878, 0.012923182, 0.018179866, -0.40873316, 0.020536393, 0.015738754, 0.00078927306, -0.0033042352, 0.014097141, 0.017759103, -0.059770383, 0, -0.010187887, -0.0061013447, 0.020794164, 0.0063405079, 0.013496152, -0.017708063, -77.484718, 0, -0.009458839, -0.021182148, 0.026432853, 0.0065371636, -0.016942743, -0.031776261, 0, -0.12767442, -0.0026341998, 0.044028066, -0.0083222352, 0.020189404, 0.0038927847, -0.0011241102, 0.015767042, 0.082713991, -0.0085884789, 0.01610161, -0.019075889, -0.023803284, 0.015349381, 0.0046330653, -0.020576145, -19.45562, 0.056706529, -0.021843106, 0.0074969931, 0.0065430598, -0.030384738, 0.0028085886, 0.018530324 ]
		},
		"class_9" : {
			"intercept" : -0.6164276,
			"coeffs" : [ 0, -0.050127331, -0.011641882, 0.01728517, -0.0081023099, -0.0095207645, -0.00051017903, -0.014614881, -0.10328951, -0.006819312, 0.012906994, 0.0025193794, 2.9087183e-05, -0.010775635, 0.0031563132, 0.0056904051, -0.56626368, 0.0068054358, 0.015919263, 0.0037966771, -0.0010236626, 0.03240383, 0.0091906516, -0.12299951, 0, -0.033883389, 0.016837973, 0.012500026, 0.010493861, 0.0090099098, 0.0099563897, -80.143234, 0, -0.015294531, -0.011027949, 0.018287178, -0.033914033, 0.0015645211, 0.015538021, 0, -0.11411466, 0.034031309, -0.041226253, -0.0047776117, -0.00047109602, 0.005576333, -0.00093026779, -0.092661485, -0.066176243, 0.0068084435, -0.0042192885, -0.012155057, -0.012475531, -0.017555054, 0.018619465, -0.021527762, -20.077648, 0.037409689, -0.00068100943, -0.02062133, 0.017678276, -0.0031648818, 0.010412947, -0.031959005 ]
		}
	}
}
MODEL_JSON_DUMP_END
MCU_DEPLOY_CLASSIFICATION_CODE MODEL_PREDICT_STEP
MLLITE_AUTO_DEPLOY_DIGITS_ORIGINAL_APPLY_OUTPUT_CLASS  [ 0, 1, 2, 3, 6,  ... , 9, 0, 8, 9, 8 ]
MCU_DEPLOY_CLASSIFICATION_CODE MODEL_PREDICT_PROBA_STEP
MLLITE_AUTO_DEPLOY_DIGITS_ORIGINAL_APPLY_OUTPUT_PROBA 0 [ 0.44581798, 0.039204981, 0.047738869, 0.083866604, 0.014618929, 0.057822198, 0.056944385, 0.071580485, 0.079434872, 0.10297076 ]
MLLITE_AUTO_DEPLOY_DIGITS_ORIGINAL_APPLY_OUTPUT_PROBA 1 [ 0.051664554, 0.48302367, 0.071557924, 0.081099533, 0.01453438, 0.064814024, 0.059679706, 0.053075422, 0.052912761, 0.067638062 ]
MLLITE_AUTO_DEPLOY_DIGITS_ORIGINAL_APPLY_OUTPUT_PROBA 2 [ 0.076496951, 0.14348195, 0.33076826, 0.036932968, 0.011723031, 0.056169566, 0.077439003, 0.079500996, 0.12648185, 0.06100532 ]
MLLITE_AUTO_DEPLOY_DIGITS_ORIGINAL_APPLY_OUTPUT_PROBA 3 [ 0.084696107, 0.10156232, 0.065577522, 0.30480757, 0.011096004, 0.093366586, 0.10557623, 0.077480167, 0.065593235, 0.090244256 ]
MLLITE_AUTO_DEPLOY_DIGITS_ORIGINAL_APPLY_OUTPUT_PROBA 4 [ 0.11243766, 0.11956049, 0.074897714, 0.079499133, 0.082322612, 0.068186723, 0.14803781, 0.10465562, 0.098440416, 0.11196187 ]
...
MLLITE_AUTO_DEPLOY_DIGITS_ORIGINAL_APPLY_OUTPUT_PROBA 1792 [ 0.10759739, 0.055711724, 0.053586155, 0.078386918, 0.012082092, 0.092204273, 0.049262274, 0.079966851, 0.12289109, 0.34831131 ]
MLLITE_AUTO_DEPLOY_DIGITS_ORIGINAL_APPLY_OUTPUT_PROBA 1793 [ 0.39949611, 0.070082307, 0.075034283, 0.068666339, 0.014030986, 0.083583333, 0.085039482, 0.077790447, 0.060502063, 0.065774672 ]
MLLITE_AUTO_DEPLOY_DIGITS_ORIGINAL_APPLY_OUTPUT_PROBA 1794 [ 0.072088815, 0.084244683, 0.067839824, 0.055792995, 0.017093867, 0.038156655, 0.11989722, 0.058819801, 0.40111318, 0.084952906 ]
MLLITE_AUTO_DEPLOY_DIGITS_ORIGINAL_APPLY_OUTPUT_PROBA 1795 [ 0.14948748, 0.096043468, 0.070939429, 0.070251927, 0.012169899, 0.072027534, 0.061764326, 0.098098703, 0.11067552, 0.25854176 ]
MLLITE_AUTO_DEPLOY_DIGITS_ORIGINAL_APPLY_OUTPUT_PROBA 1796 [ 0.063911706, 0.060110793, 0.073419891, 0.075280547, 0.017979961, 0.061875828, 0.16535656, 0.058623265, 0.28172567, 0.14171576 ]
MCU_DEPLOY_CLASSIFICATION_CODE MODEL_COMPUTE_PERF_STEP
MLLITE_AUTO_DEPLOY_DIGITS_ORIGINAL_CLASS_PERFS { "count" : 1797, "precision" : 0.86143571,  "AUC" : [ 0.99941009, 0.99412107, 0.99939317, 0.99305934, 0.99715549, 0.99839079, 0.99738461, 0.9971031, 0.98172462, 0.98936647 ] }
This will be printed
MCU_DEPLOY_CLASSIFICATION_CODE ALL_STEPS_OK
MCU_DEPLOY_CLASSIFICATION_CODE done
MLLITE_MCU_TIMER_OPERATION_ELAPSED_SECONDS 'MLLITE.MCU_DEPLOY.CLASSIFICATION.Tikhonov_Ridge.DIGITS_ORIGINAL' 2
MLLITE_MCU_TIMER_OPERATION_END 'MLLITE.MCU_DEPLOY.CLASSIFICATION.Tikhonov_Ridge.DIGITS_ORIGINAL' [ 'Thu Jan 25 12:03:14 2024' ]
MCU_DEPLOY_ON_TARGET_X86_64_END
EXECUTION_TIME_DETAIL = {'CMD':'timeout 180 ./x86_64/classification/x86_64_classification_ridge_digits_original.exe', 'ElapsedTimeSecs':(1.98, 0.00, 1.97), 'MAX_MEM_KB':1920, 'CPU_PRCNT':'99%', 'FILES_IN':0, 'FILES_OUT':32, 'EXIT_STATUS':0}
