MCU_DEPLOY_ON_TARGET_X86_64_START
MLLITE_MCU_TIMER_OPERATION_START 'MLLITE.MCU_DEPLOY.CLASSIFICATION.Rosenblatt_MLP.CENSUS_MEDIUM' [ 'Sat Feb  3 23:18:09 2024' ]
MLLite starting
MCU_DEPLOY_CLASSIFICATION_CODE CREATE_DATASET_STEP
MCU_DEPLOY_CLASSIFICATION_CODE CREATE_MODEL_STEP
MCU_DEPLOY_CLASSIFICATION_MODEL_OPTIONS
{  "hidden_layer_sizes" : [ 4, 6 ], "activation" : "relu", "solver" : "adam", "alpha" : 9.9999997e-05, "batch_size" : null, "learning_rate" : "constant", "learning_rate_init" : 0.001, "power_t" : 0.5, "max_iter" : 32, "shuffle" : 1, "random_state" : 1789, "tol" : 9.9999997e-05, "verbose" : 0, "warm_start" : 0, "momentum" : 0.89999998, "nesterovs_momentum" : 1, "early_stopping" : 0, "validation_fraction" : 0.1, "beta_1" : 0.89999998, "beta_2" : 0.99900001, "epsilon" : 9.9999999e-09, "n_iter_no_change" : 10, "max_fun" : 15000 }
MCU_DEPLOY_CLASSIFICATION_CODE FIT_MODEL_STEP
PROGRESS_REPORT_ELAPSED_TOTAL 'MLP_MODEL_FIT' 1 3
PROGRESS_REPORT_ELAPSED_TOTAL 'MLP_MODEL_FIT' 2 3
PROGRESS_REPORT_ELAPSED_TOTAL 'MLP_MODEL_FIT_BACK_PROP_ITERATION' 3 32
PROGRESS_REPORT_ELAPSED_TOTAL 'MLP_MODEL_FIT_BACK_PROP_ITERATION' 6 32
PROGRESS_REPORT_ELAPSED_TOTAL 'MLP_MODEL_FIT_BACK_PROP_ITERATION' 9 32
PROGRESS_REPORT_ELAPSED_TOTAL 'MLP_MODEL_FIT_BACK_PROP_ITERATION' 12 32
PROGRESS_REPORT_ELAPSED_TOTAL 'MLP_MODEL_FIT_BACK_PROP_ITERATION' 15 32
PROGRESS_REPORT_ELAPSED_TOTAL 'MLP_MODEL_FIT_BACK_PROP_ITERATION' 18 32
PROGRESS_REPORT_ELAPSED_TOTAL 'MLP_MODEL_FIT_BACK_PROP_ITERATION' 21 32
PROGRESS_REPORT_ELAPSED_TOTAL 'MLP_MODEL_FIT_BACK_PROP_ITERATION' 24 32
PROGRESS_REPORT_ELAPSED_TOTAL 'MLP_MODEL_FIT_BACK_PROP_ITERATION' 27 32
PROGRESS_REPORT_ELAPSED_TOTAL 'MLP_MODEL_FIT_BACK_PROP_ITERATION' 30 32
PROGRESS_REPORT_ELAPSED_TOTAL 'MLP_MODEL_FIT_BACK_PROP_ITERATION' 32 32
PROGRESS_REPORT_ELAPSED_TOTAL 'MLP_MODEL_FIT' 3 3
MCU_DEPLOY_CLASSIFICATION_CODE MODEL_JSON_EXPORT_STEP
MODEL_JSON_DUMP_START
{
	"metadata" : { "model" : "Rosenblatt_MLP", "version" : "2024-W04"},
	"options" : {  "hidden_layer_sizes" : [ 4, 6 ], "activation" : "relu", "solver" : "adam", "alpha" : 9.9999997e-05, "batch_size" : null, "learning_rate" : "constant", "learning_rate_init" : 0.001, "power_t" : 0.5, "max_iter" : 32, "shuffle" : 1, "random_state" : 1789, "tol" : 9.9999997e-05, "verbose" : 0, "warm_start" : 0, "momentum" : 0.89999998, "nesterovs_momentum" : 1, "early_stopping" : 0, "validation_fraction" : 0.1, "beta_1" : 0.89999998, "beta_2" : 0.99900001, "epsilon" : 9.9999999e-09, "n_iter_no_change" : 10, "max_fun" : 15000 },
	"dataset" : { "dataset_rows" : 512, "dataset_features" : 14 },
	"classes" : [ "<=50K", ">50K" ],
	"layers" : {
		"sizes" : [ 14, 4, 6, 1 ],
		"Layer_0" : {
			"name" : "Input_Layer",
			"NbInputs" : 0,
			"NbOutputs" : 14 
		},
		"Layer_1" : {
			"name" : "Hidden_Layer_1",
			"NbInputs" : 14,
			"NbOutputs" : 4 ,
			"coeffs_00" : [ -0.10122313, 0.24781549, -0.18031611, -0.017393831 ],
			"coeffs_01" : [ 0.06080066, -0.33192998, 0.11126608, 0.0058363434 ],
			"coeffs_02" : [ 0.45326188, 0.083449118, 0.52119899, -0.0489108 ],
			"coeffs_03" : [ 0.49602404, -0.43405217, -0.17788875, 0.15325643 ],
			"coeffs_04" : [ 0.2547093, -0.32378736, -0.24372289, -0.37336713 ],
			"coeffs_05" : [ 0.18548194, -0.49208635, -0.05007026, 0.0094847921 ],
			"coeffs_06" : [ -0.067459919, -0.4476853, -0.22778618, 0.39687151 ],
			"coeffs_07" : [ -0.017358948, 0.0012202618, -0.44033021, 0.012353477 ],
			"coeffs_08" : [ -0.11910363, 0.15167473, -0.068628006, 0.18026081 ],
			"coeffs_09" : [ -0.31190959, 0.429299, -0.34892431, 0.24156511 ],
			"coeffs_10" : [ -0.48969606, 0.24160825, 0.22327097, 0.44762456 ],
			"coeffs_11" : [ -0.4280206, -0.51121783, 0.26687038, 0.14732154 ],
			"coeffs_12" : [ 0.3402077, 0.44696596, 0.49073368, -0.30311874 ],
			"coeffs_13" : [ 0.27462894, 0.39516637, -0.27789837, 0.19263282 ],
			"intercepts" : [ 0.12948668, 0.0017307028, 0.11711771, 0.32977372 ]
		},
		"Layer_2" : {
			"name" : "Hidden_Layer_2",
			"NbInputs" : 4,
			"NbOutputs" : 6 ,
			"coeffs_0" : [ -0.58461791, 0.13734525, 0.24817777, 0.40671134, -0.58153391, 0.4975647 ],
			"coeffs_1" : [ -0.35712659, -0.67736828, 0.68308192, 0.7010951, -0.057644721, -0.66859889 ],
			"coeffs_2" : [ -0.0099431174, 0.78065127, -0.48126784, 0.26602075, 0.27805254, 0.41780251 ],
			"coeffs_3" : [ 0.60251737, -0.31860363, 0.25638694, 0.46780404, 0.48963976, -0.034014162 ],
			"intercepts" : [ -0.68768239, 0.42947686, 0.0085900426, -0.18840793, -0.5688529, -0.7749756 ]
		},
		"Layer_3" : {
			"name" : "Output_Layer",
			"NbInputs" : 6,
			"NbOutputs" : 1 ,
			"coeffs_0" : [ -0.26839396 ],
			"coeffs_1" : [ 0.87514806 ],
			"coeffs_2" : [ 0.015245914 ],
			"coeffs_3" : [ -0.14954339 ],
			"coeffs_4" : [ -0.15290339 ],
			"coeffs_5" : [ -0.78974968 ],
			"intercepts" : [ 0.35074615 ]
		}
	}
}
MODEL_JSON_DUMP_END
MCU_DEPLOY_CLASSIFICATION_CODE MODEL_PREDICT_STEP
MLLITE_AUTO_DEPLOY_CENSUS_MEDIUM_APPLY_OUTPUT_CLASS  [ "<=50K", "<=50K", "<=50K", "<=50K", "<=50K",  ... , "<=50K", "<=50K", "<=50K", "<=50K", "<=50K" ]
MCU_DEPLOY_CLASSIFICATION_CODE MODEL_PREDICT_PROBA_STEP
MLLITE_AUTO_DEPLOY_CENSUS_MEDIUM_APPLY_OUTPUT_PROBA 0 [ 1, 0 ]
MLLITE_AUTO_DEPLOY_CENSUS_MEDIUM_APPLY_OUTPUT_PROBA 1 [ 1, 0 ]
MLLITE_AUTO_DEPLOY_CENSUS_MEDIUM_APPLY_OUTPUT_PROBA 2 [ 1, 0 ]
MLLITE_AUTO_DEPLOY_CENSUS_MEDIUM_APPLY_OUTPUT_PROBA 3 [ 1, 0 ]
MLLITE_AUTO_DEPLOY_CENSUS_MEDIUM_APPLY_OUTPUT_PROBA 4 [ 1, 0 ]
...
MLLITE_AUTO_DEPLOY_CENSUS_MEDIUM_APPLY_OUTPUT_PROBA 507 [ 1, 0 ]
MLLITE_AUTO_DEPLOY_CENSUS_MEDIUM_APPLY_OUTPUT_PROBA 508 [ 1, 0 ]
MLLITE_AUTO_DEPLOY_CENSUS_MEDIUM_APPLY_OUTPUT_PROBA 509 [ 1, 0 ]
MLLITE_AUTO_DEPLOY_CENSUS_MEDIUM_APPLY_OUTPUT_PROBA 510 [ 1, 0 ]
MLLITE_AUTO_DEPLOY_CENSUS_MEDIUM_APPLY_OUTPUT_PROBA 511 [ 1, 0 ]
MCU_DEPLOY_CLASSIFICATION_CODE MODEL_COMPUTE_PERF_STEP
MLLITE_AUTO_DEPLOY_CENSUS_MEDIUM_CLASS_PERFS { "count" : 512, "precision" : 0.77929688,  "AUC" : [ 1, 0.94872135 ] }
This will be printed
MCU_DEPLOY_CLASSIFICATION_CODE ALL_STEPS_OK
MCU_DEPLOY_CLASSIFICATION_CODE done
MLLITE_MCU_TIMER_OPERATION_ELAPSED_SECONDS 'MLLITE.MCU_DEPLOY.CLASSIFICATION.Rosenblatt_MLP.CENSUS_MEDIUM' 0
MLLITE_MCU_TIMER_OPERATION_END 'MLLITE.MCU_DEPLOY.CLASSIFICATION.Rosenblatt_MLP.CENSUS_MEDIUM' [ 'Sat Feb  3 23:18:09 2024' ]
MCU_DEPLOY_ON_TARGET_X86_64_END
EXECUTION_TIME_DETAIL = {'CMD':'timeout 180 ./x86_64/classification/x86_64_classification_mlp_census_medium.exe', 'ElapsedTimeSecs':(0.28, 0.00, 0.27), 'MAX_MEM_KB':1728, 'CPU_PRCNT':'99%', 'FILES_IN':0, 'FILES_OUT':16, 'EXIT_STATUS':0}
