MCU_DEPLOY_ON_TARGET_X86_64_START
MLLITE_MCU_TIMER_OPERATION_START 'MLLITE.MCU_DEPLOY.CLASSIFICATION.Ho_RandomForest.IRIS' [ 'Sat Feb  3 23:18:11 2024' ]
MLLite starting
MCU_DEPLOY_CLASSIFICATION_CODE CREATE_DATASET_STEP
MCU_DEPLOY_CLASSIFICATION_CODE CREATE_MODEL_STEP
MCU_DEPLOY_CLASSIFICATION_MODEL_OPTIONS
{ "n_estimators" : 32, "max_samples" : 32, "random_state" : 1789,  "ccp_alpha" : 0, "criterion" : "", "max_depth" : 6, "max_features" : null, "max_leaf_nodes" : 32, "min_impurity_decrease" : 0, "min_samples_leaf" : 1, "min_samples_split" : 2, "min_weight_fraction_leaf" : 0.050000001, "random_state" : 1789, "splitter" : "best" }
MCU_DEPLOY_CLASSIFICATION_CODE FIT_MODEL_STEP
PROGRESS_REPORT_ELAPSED_TOTAL 'RANDOM_FOREST_CLASSIFIER_FIT' 0 32
PROGRESS_REPORT_ELAPSED_TOTAL 'DECISION_TREE_CLASSIFIER_FIT' 1 4
PROGRESS_REPORT_ELAPSED_TOTAL 'DECISION_TREE_BEST_FIRST_BUILDER' 0 6
PROGRESS_REPORT_ELAPSED_TOTAL 'DECISION_TREE_BEST_FIRST_BUILDER' 2 6
PROGRESS_REPORT_ELAPSED_TOTAL 'DECISION_TREE_BEST_FIRST_BUILDER' 6 6
PROGRESS_REPORT_ELAPSED_TOTAL 'DECISION_TREE_CLASSIFIER_FIT' 2 4
PROGRESS_REPORT_ELAPSED_TOTAL 'DECISION_TREE_CLASSIFIER_FIT' 3 4
PROGRESS_REPORT_ELAPSED_TOTAL 'DECISION_TREE_CLASSIFIER_FIT' 4 4
PROGRESS_REPORT_ELAPSED_TOTAL 'RANDOM_FOREST_CLASSIFIER_FIT' 1 32
PROGRESS_REPORT_ELAPSED_TOTAL 'DECISION_TREE_CLASSIFIER_FIT' 1 4
PROGRESS_REPORT_ELAPSED_TOTAL 'DECISION_TREE_BEST_FIRST_BUILDER' 0 6
PROGRESS_REPORT_ELAPSED_TOTAL 'DECISION_TREE_BEST_FIRST_BUILDER' 2 6
PROGRESS_REPORT_ELAPSED_TOTAL 'DECISION_TREE_BEST_FIRST_BUILDER' 3 6
PROGRESS_REPORT_ELAPSED_TOTAL 'DECISION_TREE_BEST_FIRST_BUILDER' 6 6
PROGRESS_REPORT_ELAPSED_TOTAL 'DECISION_TREE_CLASSIFIER_FIT' 2 4
PROGRESS_REPORT_ELAPSED_TOTAL 'DECISION_TREE_CLASSIFIER_FIT' 3 4
PROGRESS_REPORT_ELAPSED_TOTAL 'DECISION_TREE_CLASSIFIER_FIT' 4 4
PROGRESS_REPORT_ELAPSED_TOTAL 'RANDOM_FOREST_CLASSIFIER_FIT' 2 32
PROGRESS_REPORT_ELAPSED_TOTAL 'DECISION_TREE_CLASSIFIER_FIT' 1 4
PROGRESS_REPORT_ELAPSED_TOTAL 'DECISION_TREE_BEST_FIRST_BUILDER' 0 6
PROGRESS_REPORT_ELAPSED_TOTAL 'DECISION_TREE_BEST_FIRST_BUILDER' 2 6
PROGRESS_REPORT_ELAPSED_TOTAL 'DECISION_TREE_BEST_FIRST_BUILDER' 6 6
PROGRESS_REPORT_ELAPSED_TOTAL 'DECISION_TREE_CLASSIFIER_FIT' 2 4
PROGRESS_REPORT_ELAPSED_TOTAL 'DECISION_TREE_CLASSIFIER_FIT' 3 4
PROGRESS_REPORT_ELAPSED_TOTAL 'DECISION_TREE_CLASSIFIER_FIT' 4 4
PROGRESS_REPORT_ELAPSED_TOTAL 'RANDOM_FOREST_CLASSIFIER_FIT' 3 32
PROGRESS_REPORT_ELAPSED_TOTAL 'DECISION_TREE_CLASSIFIER_FIT' 1 4
PROGRESS_REPORT_ELAPSED_TOTAL 'DECISION_TREE_BEST_FIRST_BUILDER' 0 6
PROGRESS_REPORT_ELAPSED_TOTAL 'DECISION_TREE_BEST_FIRST_BUILDER' 2 6
PROGRESS_REPORT_ELAPSED_TOTAL 'DECISION_TREE_BEST_FIRST_BUILDER' 3 6
PROGRESS_REPORT_ELAPSED_TOTAL 'DECISION_TREE_BEST_FIRST_BUILDER' 6 6
PROGRESS_REPORT_ELAPSED_TOTAL 'DECISION_TREE_CLASSIFIER_FIT' 2 4
PROGRESS_REPORT_ELAPSED_TOTAL 'DECISION_TREE_CLASSIFIER_FIT' 3 4
PROGRESS_REPORT_ELAPSED_TOTAL 'DECISION_TREE_CLASSIFIER_FIT' 4 4
PROGRESS_REPORT_ELAPSED_TOTAL 'RANDOM_FOREST_CLASSIFIER_FIT' 4 32
PROGRESS_REPORT_ELAPSED_TOTAL 'DECISION_TREE_CLASSIFIER_FIT' 1 4
PROGRESS_REPORT_ELAPSED_TOTAL 'DECISION_TREE_BEST_FIRST_BUILDER' 0 6
PROGRESS_REPORT_ELAPSED_TOTAL 'DECISION_TREE_BEST_FIRST_BUILDER' 2 6
PROGRESS_REPORT_ELAPSED_TOTAL 'DECISION_TREE_BEST_FIRST_BUILDER' 3 6
PROGRESS_REPORT_ELAPSED_TOTAL 'DECISION_TREE_BEST_FIRST_BUILDER' 6 6
PROGRESS_REPORT_ELAPSED_TOTAL 'DECISION_TREE_CLASSIFIER_FIT' 2 4
PROGRESS_REPORT_ELAPSED_TOTAL 'DECISION_TREE_CLASSIFIER_FIT' 3 4
PROGRESS_REPORT_ELAPSED_TOTAL 'DECISION_TREE_CLASSIFIER_FIT' 4 4
PROGRESS_REPORT_ELAPSED_TOTAL 'RANDOM_FOREST_CLASSIFIER_FIT' 5 32
PROGRESS_REPORT_ELAPSED_TOTAL 'DECISION_TREE_CLASSIFIER_FIT' 1 4
PROGRESS_REPORT_ELAPSED_TOTAL 'DECISION_TREE_BEST_FIRST_BUILDER' 0 6
PROGRESS_REPORT_ELAPSED_TOTAL 'DECISION_TREE_BEST_FIRST_BUILDER' 2 6
PROGRESS_REPORT_ELAPSED_TOTAL 'DECISION_TREE_BEST_FIRST_BUILDER' 6 6
PROGRESS_REPORT_ELAPSED_TOTAL 'DECISION_TREE_CLASSIFIER_FIT' 2 4
PROGRESS_REPORT_ELAPSED_TOTAL 'DECISION_TREE_CLASSIFIER_FIT' 3 4
PROGRESS_REPORT_ELAPSED_TOTAL 'DECISION_TREE_CLASSIFIER_FIT' 4 4
PROGRESS_REPORT_ELAPSED_TOTAL 'RANDOM_FOREST_CLASSIFIER_FIT' 6 32
PROGRESS_REPORT_ELAPSED_TOTAL 'DECISION_TREE_CLASSIFIER_FIT' 1 4
PROGRESS_REPORT_ELAPSED_TOTAL 'DECISION_TREE_BEST_FIRST_BUILDER' 0 6
PROGRESS_REPORT_ELAPSED_TOTAL 'DECISION_TREE_BEST_FIRST_BUILDER' 2 6
PROGRESS_REPORT_ELAPSED_TOTAL 'DECISION_TREE_BEST_FIRST_BUILDER' 6 6
PROGRESS_REPORT_ELAPSED_TOTAL 'DECISION_TREE_CLASSIFIER_FIT' 2 4
PROGRESS_REPORT_ELAPSED_TOTAL 'DECISION_TREE_CLASSIFIER_FIT' 3 4
PROGRESS_REPORT_ELAPSED_TOTAL 'DECISION_TREE_CLASSIFIER_FIT' 4 4
PROGRESS_REPORT_ELAPSED_TOTAL 'RANDOM_FOREST_CLASSIFIER_FIT' 7 32
PROGRESS_REPORT_ELAPSED_TOTAL 'DECISION_TREE_CLASSIFIER_FIT' 1 4
PROGRESS_REPORT_ELAPSED_TOTAL 'DECISION_TREE_BEST_FIRST_BUILDER' 0 6
PROGRESS_REPORT_ELAPSED_TOTAL 'DECISION_TREE_BEST_FIRST_BUILDER' 2 6
PROGRESS_REPORT_ELAPSED_TOTAL 'DECISION_TREE_BEST_FIRST_BUILDER' 3 6
PROGRESS_REPORT_ELAPSED_TOTAL 'DECISION_TREE_BEST_FIRST_BUILDER' 4 6
PROGRESS_REPORT_ELAPSED_TOTAL 'DECISION_TREE_BEST_FIRST_BUILDER' 5 6
PROGRESS_REPORT_ELAPSED_TOTAL 'DECISION_TREE_BEST_FIRST_BUILDER' 6 6
PROGRESS_REPORT_ELAPSED_TOTAL 'DECISION_TREE_CLASSIFIER_FIT' 2 4
PROGRESS_REPORT_ELAPSED_TOTAL 'DECISION_TREE_CLASSIFIER_FIT' 3 4
PROGRESS_REPORT_ELAPSED_TOTAL 'DECISION_TREE_CLASSIFIER_FIT' 4 4
PROGRESS_REPORT_ELAPSED_TOTAL 'RANDOM_FOREST_CLASSIFIER_FIT' 8 32
PROGRESS_REPORT_ELAPSED_TOTAL 'DECISION_TREE_CLASSIFIER_FIT' 1 4
PROGRESS_REPORT_ELAPSED_TOTAL 'DECISION_TREE_BEST_FIRST_BUILDER' 0 6
PROGRESS_REPORT_ELAPSED_TOTAL 'DECISION_TREE_BEST_FIRST_BUILDER' 2 6
PROGRESS_REPORT_ELAPSED_TOTAL 'DECISION_TREE_BEST_FIRST_BUILDER' 3 6
PROGRESS_REPORT_ELAPSED_TOTAL 'DECISION_TREE_BEST_FIRST_BUILDER' 6 6
PROGRESS_REPORT_ELAPSED_TOTAL 'DECISION_TREE_CLASSIFIER_FIT' 2 4
PROGRESS_REPORT_ELAPSED_TOTAL 'DECISION_TREE_CLASSIFIER_FIT' 3 4
PROGRESS_REPORT_ELAPSED_TOTAL 'DECISION_TREE_CLASSIFIER_FIT' 4 4
PROGRESS_REPORT_ELAPSED_TOTAL 'RANDOM_FOREST_CLASSIFIER_FIT' 9 32
PROGRESS_REPORT_ELAPSED_TOTAL 'DECISION_TREE_CLASSIFIER_FIT' 1 4
PROGRESS_REPORT_ELAPSED_TOTAL 'DECISION_TREE_BEST_FIRST_BUILDER' 0 6
PROGRESS_REPORT_ELAPSED_TOTAL 'DECISION_TREE_BEST_FIRST_BUILDER' 2 6
PROGRESS_REPORT_ELAPSED_TOTAL 'DECISION_TREE_BEST_FIRST_BUILDER' 6 6
PROGRESS_REPORT_ELAPSED_TOTAL 'DECISION_TREE_CLASSIFIER_FIT' 2 4
PROGRESS_REPORT_ELAPSED_TOTAL 'DECISION_TREE_CLASSIFIER_FIT' 3 4
PROGRESS_REPORT_ELAPSED_TOTAL 'DECISION_TREE_CLASSIFIER_FIT' 4 4
PROGRESS_REPORT_ELAPSED_TOTAL 'RANDOM_FOREST_CLASSIFIER_FIT' 10 32
PROGRESS_REPORT_ELAPSED_TOTAL 'DECISION_TREE_CLASSIFIER_FIT' 1 4
PROGRESS_REPORT_ELAPSED_TOTAL 'DECISION_TREE_BEST_FIRST_BUILDER' 0 6
PROGRESS_REPORT_ELAPSED_TOTAL 'DECISION_TREE_BEST_FIRST_BUILDER' 2 6
PROGRESS_REPORT_ELAPSED_TOTAL 'DECISION_TREE_BEST_FIRST_BUILDER' 3 6
PROGRESS_REPORT_ELAPSED_TOTAL 'DECISION_TREE_BEST_FIRST_BUILDER' 4 6
PROGRESS_REPORT_ELAPSED_TOTAL 'DECISION_TREE_BEST_FIRST_BUILDER' 5 6
PROGRESS_REPORT_ELAPSED_TOTAL 'DECISION_TREE_BEST_FIRST_BUILDER' 6 6
PROGRESS_REPORT_ELAPSED_TOTAL 'DECISION_TREE_CLASSIFIER_FIT' 2 4
PROGRESS_REPORT_ELAPSED_TOTAL 'DECISION_TREE_CLASSIFIER_FIT' 3 4
PROGRESS_REPORT_ELAPSED_TOTAL 'DECISION_TREE_CLASSIFIER_FIT' 4 4
PROGRESS_REPORT_ELAPSED_TOTAL 'RANDOM_FOREST_CLASSIFIER_FIT' 11 32
PROGRESS_REPORT_ELAPSED_TOTAL 'DECISION_TREE_CLASSIFIER_FIT' 1 4
PROGRESS_REPORT_ELAPSED_TOTAL 'DECISION_TREE_BEST_FIRST_BUILDER' 0 6
PROGRESS_REPORT_ELAPSED_TOTAL 'DECISION_TREE_BEST_FIRST_BUILDER' 2 6
PROGRESS_REPORT_ELAPSED_TOTAL 'DECISION_TREE_BEST_FIRST_BUILDER' 3 6
PROGRESS_REPORT_ELAPSED_TOTAL 'DECISION_TREE_BEST_FIRST_BUILDER' 6 6
PROGRESS_REPORT_ELAPSED_TOTAL 'DECISION_TREE_CLASSIFIER_FIT' 2 4
PROGRESS_REPORT_ELAPSED_TOTAL 'DECISION_TREE_CLASSIFIER_FIT' 3 4
PROGRESS_REPORT_ELAPSED_TOTAL 'DECISION_TREE_CLASSIFIER_FIT' 4 4
PROGRESS_REPORT_ELAPSED_TOTAL 'RANDOM_FOREST_CLASSIFIER_FIT' 12 32
PROGRESS_REPORT_ELAPSED_TOTAL 'DECISION_TREE_CLASSIFIER_FIT' 1 4
PROGRESS_REPORT_ELAPSED_TOTAL 'DECISION_TREE_BEST_FIRST_BUILDER' 0 6
PROGRESS_REPORT_ELAPSED_TOTAL 'DECISION_TREE_BEST_FIRST_BUILDER' 2 6
PROGRESS_REPORT_ELAPSED_TOTAL 'DECISION_TREE_BEST_FIRST_BUILDER' 3 6
PROGRESS_REPORT_ELAPSED_TOTAL 'DECISION_TREE_BEST_FIRST_BUILDER' 6 6
PROGRESS_REPORT_ELAPSED_TOTAL 'DECISION_TREE_CLASSIFIER_FIT' 2 4
PROGRESS_REPORT_ELAPSED_TOTAL 'DECISION_TREE_CLASSIFIER_FIT' 3 4
PROGRESS_REPORT_ELAPSED_TOTAL 'DECISION_TREE_CLASSIFIER_FIT' 4 4
PROGRESS_REPORT_ELAPSED_TOTAL 'RANDOM_FOREST_CLASSIFIER_FIT' 13 32
PROGRESS_REPORT_ELAPSED_TOTAL 'DECISION_TREE_CLASSIFIER_FIT' 1 4
PROGRESS_REPORT_ELAPSED_TOTAL 'DECISION_TREE_BEST_FIRST_BUILDER' 0 6
PROGRESS_REPORT_ELAPSED_TOTAL 'DECISION_TREE_BEST_FIRST_BUILDER' 2 6
PROGRESS_REPORT_ELAPSED_TOTAL 'DECISION_TREE_BEST_FIRST_BUILDER' 3 6
PROGRESS_REPORT_ELAPSED_TOTAL 'DECISION_TREE_BEST_FIRST_BUILDER' 6 6
PROGRESS_REPORT_ELAPSED_TOTAL 'DECISION_TREE_CLASSIFIER_FIT' 2 4
PROGRESS_REPORT_ELAPSED_TOTAL 'DECISION_TREE_CLASSIFIER_FIT' 3 4
PROGRESS_REPORT_ELAPSED_TOTAL 'DECISION_TREE_CLASSIFIER_FIT' 4 4
PROGRESS_REPORT_ELAPSED_TOTAL 'RANDOM_FOREST_CLASSIFIER_FIT' 14 32
PROGRESS_REPORT_ELAPSED_TOTAL 'DECISION_TREE_CLASSIFIER_FIT' 1 4
PROGRESS_REPORT_ELAPSED_TOTAL 'DECISION_TREE_BEST_FIRST_BUILDER' 0 6
PROGRESS_REPORT_ELAPSED_TOTAL 'DECISION_TREE_BEST_FIRST_BUILDER' 2 6
PROGRESS_REPORT_ELAPSED_TOTAL 'DECISION_TREE_BEST_FIRST_BUILDER' 6 6
PROGRESS_REPORT_ELAPSED_TOTAL 'DECISION_TREE_CLASSIFIER_FIT' 2 4
PROGRESS_REPORT_ELAPSED_TOTAL 'DECISION_TREE_CLASSIFIER_FIT' 3 4
PROGRESS_REPORT_ELAPSED_TOTAL 'DECISION_TREE_CLASSIFIER_FIT' 4 4
PROGRESS_REPORT_ELAPSED_TOTAL 'RANDOM_FOREST_CLASSIFIER_FIT' 15 32
PROGRESS_REPORT_ELAPSED_TOTAL 'DECISION_TREE_CLASSIFIER_FIT' 1 4
PROGRESS_REPORT_ELAPSED_TOTAL 'DECISION_TREE_BEST_FIRST_BUILDER' 0 6
PROGRESS_REPORT_ELAPSED_TOTAL 'DECISION_TREE_BEST_FIRST_BUILDER' 2 6
PROGRESS_REPORT_ELAPSED_TOTAL 'DECISION_TREE_BEST_FIRST_BUILDER' 6 6
PROGRESS_REPORT_ELAPSED_TOTAL 'DECISION_TREE_CLASSIFIER_FIT' 2 4
PROGRESS_REPORT_ELAPSED_TOTAL 'DECISION_TREE_CLASSIFIER_FIT' 3 4
PROGRESS_REPORT_ELAPSED_TOTAL 'DECISION_TREE_CLASSIFIER_FIT' 4 4
PROGRESS_REPORT_ELAPSED_TOTAL 'RANDOM_FOREST_CLASSIFIER_FIT' 16 32
PROGRESS_REPORT_ELAPSED_TOTAL 'DECISION_TREE_CLASSIFIER_FIT' 1 4
PROGRESS_REPORT_ELAPSED_TOTAL 'DECISION_TREE_BEST_FIRST_BUILDER' 0 6
PROGRESS_REPORT_ELAPSED_TOTAL 'DECISION_TREE_BEST_FIRST_BUILDER' 2 6
PROGRESS_REPORT_ELAPSED_TOTAL 'DECISION_TREE_BEST_FIRST_BUILDER' 3 6
PROGRESS_REPORT_ELAPSED_TOTAL 'DECISION_TREE_BEST_FIRST_BUILDER' 6 6
PROGRESS_REPORT_ELAPSED_TOTAL 'DECISION_TREE_CLASSIFIER_FIT' 2 4
PROGRESS_REPORT_ELAPSED_TOTAL 'DECISION_TREE_CLASSIFIER_FIT' 3 4
PROGRESS_REPORT_ELAPSED_TOTAL 'DECISION_TREE_CLASSIFIER_FIT' 4 4
PROGRESS_REPORT_ELAPSED_TOTAL 'RANDOM_FOREST_CLASSIFIER_FIT' 17 32
PROGRESS_REPORT_ELAPSED_TOTAL 'DECISION_TREE_CLASSIFIER_FIT' 1 4
PROGRESS_REPORT_ELAPSED_TOTAL 'DECISION_TREE_BEST_FIRST_BUILDER' 0 6
PROGRESS_REPORT_ELAPSED_TOTAL 'DECISION_TREE_BEST_FIRST_BUILDER' 2 6
PROGRESS_REPORT_ELAPSED_TOTAL 'DECISION_TREE_BEST_FIRST_BUILDER' 3 6
PROGRESS_REPORT_ELAPSED_TOTAL 'DECISION_TREE_BEST_FIRST_BUILDER' 6 6
PROGRESS_REPORT_ELAPSED_TOTAL 'DECISION_TREE_CLASSIFIER_FIT' 2 4
PROGRESS_REPORT_ELAPSED_TOTAL 'DECISION_TREE_CLASSIFIER_FIT' 3 4
PROGRESS_REPORT_ELAPSED_TOTAL 'DECISION_TREE_CLASSIFIER_FIT' 4 4
PROGRESS_REPORT_ELAPSED_TOTAL 'RANDOM_FOREST_CLASSIFIER_FIT' 18 32
PROGRESS_REPORT_ELAPSED_TOTAL 'DECISION_TREE_CLASSIFIER_FIT' 1 4
PROGRESS_REPORT_ELAPSED_TOTAL 'DECISION_TREE_BEST_FIRST_BUILDER' 0 6
PROGRESS_REPORT_ELAPSED_TOTAL 'DECISION_TREE_BEST_FIRST_BUILDER' 2 6
PROGRESS_REPORT_ELAPSED_TOTAL 'DECISION_TREE_BEST_FIRST_BUILDER' 6 6
PROGRESS_REPORT_ELAPSED_TOTAL 'DECISION_TREE_CLASSIFIER_FIT' 2 4
PROGRESS_REPORT_ELAPSED_TOTAL 'DECISION_TREE_CLASSIFIER_FIT' 3 4
PROGRESS_REPORT_ELAPSED_TOTAL 'DECISION_TREE_CLASSIFIER_FIT' 4 4
PROGRESS_REPORT_ELAPSED_TOTAL 'RANDOM_FOREST_CLASSIFIER_FIT' 19 32
PROGRESS_REPORT_ELAPSED_TOTAL 'DECISION_TREE_CLASSIFIER_FIT' 1 4
PROGRESS_REPORT_ELAPSED_TOTAL 'DECISION_TREE_BEST_FIRST_BUILDER' 0 6
PROGRESS_REPORT_ELAPSED_TOTAL 'DECISION_TREE_BEST_FIRST_BUILDER' 2 6
PROGRESS_REPORT_ELAPSED_TOTAL 'DECISION_TREE_BEST_FIRST_BUILDER' 6 6
PROGRESS_REPORT_ELAPSED_TOTAL 'DECISION_TREE_CLASSIFIER_FIT' 2 4
PROGRESS_REPORT_ELAPSED_TOTAL 'DECISION_TREE_CLASSIFIER_FIT' 3 4
PROGRESS_REPORT_ELAPSED_TOTAL 'DECISION_TREE_CLASSIFIER_FIT' 4 4
PROGRESS_REPORT_ELAPSED_TOTAL 'RANDOM_FOREST_CLASSIFIER_FIT' 20 32
PROGRESS_REPORT_ELAPSED_TOTAL 'DECISION_TREE_CLASSIFIER_FIT' 1 4
PROGRESS_REPORT_ELAPSED_TOTAL 'DECISION_TREE_BEST_FIRST_BUILDER' 0 6
PROGRESS_REPORT_ELAPSED_TOTAL 'DECISION_TREE_BEST_FIRST_BUILDER' 2 6
PROGRESS_REPORT_ELAPSED_TOTAL 'DECISION_TREE_BEST_FIRST_BUILDER' 6 6
PROGRESS_REPORT_ELAPSED_TOTAL 'DECISION_TREE_CLASSIFIER_FIT' 2 4
PROGRESS_REPORT_ELAPSED_TOTAL 'DECISION_TREE_CLASSIFIER_FIT' 3 4
PROGRESS_REPORT_ELAPSED_TOTAL 'DECISION_TREE_CLASSIFIER_FIT' 4 4
PROGRESS_REPORT_ELAPSED_TOTAL 'RANDOM_FOREST_CLASSIFIER_FIT' 21 32
PROGRESS_REPORT_ELAPSED_TOTAL 'DECISION_TREE_CLASSIFIER_FIT' 1 4
PROGRESS_REPORT_ELAPSED_TOTAL 'DECISION_TREE_BEST_FIRST_BUILDER' 0 6
PROGRESS_REPORT_ELAPSED_TOTAL 'DECISION_TREE_BEST_FIRST_BUILDER' 2 6
PROGRESS_REPORT_ELAPSED_TOTAL 'DECISION_TREE_BEST_FIRST_BUILDER' 3 6
PROGRESS_REPORT_ELAPSED_TOTAL 'DECISION_TREE_BEST_FIRST_BUILDER' 4 6
PROGRESS_REPORT_ELAPSED_TOTAL 'DECISION_TREE_BEST_FIRST_BUILDER' 5 6
PROGRESS_REPORT_ELAPSED_TOTAL 'DECISION_TREE_BEST_FIRST_BUILDER' 6 6
PROGRESS_REPORT_ELAPSED_TOTAL 'DECISION_TREE_CLASSIFIER_FIT' 2 4
PROGRESS_REPORT_ELAPSED_TOTAL 'DECISION_TREE_CLASSIFIER_FIT' 3 4
PROGRESS_REPORT_ELAPSED_TOTAL 'DECISION_TREE_CLASSIFIER_FIT' 4 4
PROGRESS_REPORT_ELAPSED_TOTAL 'RANDOM_FOREST_CLASSIFIER_FIT' 22 32
PROGRESS_REPORT_ELAPSED_TOTAL 'DECISION_TREE_CLASSIFIER_FIT' 1 4
PROGRESS_REPORT_ELAPSED_TOTAL 'DECISION_TREE_BEST_FIRST_BUILDER' 0 6
PROGRESS_REPORT_ELAPSED_TOTAL 'DECISION_TREE_BEST_FIRST_BUILDER' 2 6
PROGRESS_REPORT_ELAPSED_TOTAL 'DECISION_TREE_BEST_FIRST_BUILDER' 6 6
PROGRESS_REPORT_ELAPSED_TOTAL 'DECISION_TREE_CLASSIFIER_FIT' 2 4
PROGRESS_REPORT_ELAPSED_TOTAL 'DECISION_TREE_CLASSIFIER_FIT' 3 4
PROGRESS_REPORT_ELAPSED_TOTAL 'DECISION_TREE_CLASSIFIER_FIT' 4 4
PROGRESS_REPORT_ELAPSED_TOTAL 'RANDOM_FOREST_CLASSIFIER_FIT' 23 32
PROGRESS_REPORT_ELAPSED_TOTAL 'DECISION_TREE_CLASSIFIER_FIT' 1 4
PROGRESS_REPORT_ELAPSED_TOTAL 'DECISION_TREE_BEST_FIRST_BUILDER' 0 6
PROGRESS_REPORT_ELAPSED_TOTAL 'DECISION_TREE_BEST_FIRST_BUILDER' 2 6
PROGRESS_REPORT_ELAPSED_TOTAL 'DECISION_TREE_BEST_FIRST_BUILDER' 3 6
PROGRESS_REPORT_ELAPSED_TOTAL 'DECISION_TREE_BEST_FIRST_BUILDER' 6 6
PROGRESS_REPORT_ELAPSED_TOTAL 'DECISION_TREE_CLASSIFIER_FIT' 2 4
PROGRESS_REPORT_ELAPSED_TOTAL 'DECISION_TREE_CLASSIFIER_FIT' 3 4
PROGRESS_REPORT_ELAPSED_TOTAL 'DECISION_TREE_CLASSIFIER_FIT' 4 4
PROGRESS_REPORT_ELAPSED_TOTAL 'RANDOM_FOREST_CLASSIFIER_FIT' 24 32
PROGRESS_REPORT_ELAPSED_TOTAL 'DECISION_TREE_CLASSIFIER_FIT' 1 4
PROGRESS_REPORT_ELAPSED_TOTAL 'DECISION_TREE_BEST_FIRST_BUILDER' 0 6
PROGRESS_REPORT_ELAPSED_TOTAL 'DECISION_TREE_BEST_FIRST_BUILDER' 2 6
PROGRESS_REPORT_ELAPSED_TOTAL 'DECISION_TREE_BEST_FIRST_BUILDER' 6 6
PROGRESS_REPORT_ELAPSED_TOTAL 'DECISION_TREE_CLASSIFIER_FIT' 2 4
PROGRESS_REPORT_ELAPSED_TOTAL 'DECISION_TREE_CLASSIFIER_FIT' 3 4
PROGRESS_REPORT_ELAPSED_TOTAL 'DECISION_TREE_CLASSIFIER_FIT' 4 4
PROGRESS_REPORT_ELAPSED_TOTAL 'RANDOM_FOREST_CLASSIFIER_FIT' 25 32
PROGRESS_REPORT_ELAPSED_TOTAL 'DECISION_TREE_CLASSIFIER_FIT' 1 4
PROGRESS_REPORT_ELAPSED_TOTAL 'DECISION_TREE_BEST_FIRST_BUILDER' 0 6
PROGRESS_REPORT_ELAPSED_TOTAL 'DECISION_TREE_BEST_FIRST_BUILDER' 2 6
PROGRESS_REPORT_ELAPSED_TOTAL 'DECISION_TREE_BEST_FIRST_BUILDER' 3 6
PROGRESS_REPORT_ELAPSED_TOTAL 'DECISION_TREE_BEST_FIRST_BUILDER' 6 6
PROGRESS_REPORT_ELAPSED_TOTAL 'DECISION_TREE_CLASSIFIER_FIT' 2 4
PROGRESS_REPORT_ELAPSED_TOTAL 'DECISION_TREE_CLASSIFIER_FIT' 3 4
PROGRESS_REPORT_ELAPSED_TOTAL 'DECISION_TREE_CLASSIFIER_FIT' 4 4
PROGRESS_REPORT_ELAPSED_TOTAL 'RANDOM_FOREST_CLASSIFIER_FIT' 26 32
PROGRESS_REPORT_ELAPSED_TOTAL 'DECISION_TREE_CLASSIFIER_FIT' 1 4
PROGRESS_REPORT_ELAPSED_TOTAL 'DECISION_TREE_BEST_FIRST_BUILDER' 0 6
PROGRESS_REPORT_ELAPSED_TOTAL 'DECISION_TREE_BEST_FIRST_BUILDER' 6 6
PROGRESS_REPORT_ELAPSED_TOTAL 'DECISION_TREE_CLASSIFIER_FIT' 2 4
PROGRESS_REPORT_ELAPSED_TOTAL 'DECISION_TREE_CLASSIFIER_FIT' 3 4
PROGRESS_REPORT_ELAPSED_TOTAL 'DECISION_TREE_CLASSIFIER_FIT' 4 4
PROGRESS_REPORT_ELAPSED_TOTAL 'RANDOM_FOREST_CLASSIFIER_FIT' 27 32
PROGRESS_REPORT_ELAPSED_TOTAL 'DECISION_TREE_CLASSIFIER_FIT' 1 4
PROGRESS_REPORT_ELAPSED_TOTAL 'DECISION_TREE_BEST_FIRST_BUILDER' 0 6
PROGRESS_REPORT_ELAPSED_TOTAL 'DECISION_TREE_BEST_FIRST_BUILDER' 2 6
PROGRESS_REPORT_ELAPSED_TOTAL 'DECISION_TREE_BEST_FIRST_BUILDER' 3 6
PROGRESS_REPORT_ELAPSED_TOTAL 'DECISION_TREE_BEST_FIRST_BUILDER' 6 6
PROGRESS_REPORT_ELAPSED_TOTAL 'DECISION_TREE_CLASSIFIER_FIT' 2 4
PROGRESS_REPORT_ELAPSED_TOTAL 'DECISION_TREE_CLASSIFIER_FIT' 3 4
PROGRESS_REPORT_ELAPSED_TOTAL 'DECISION_TREE_CLASSIFIER_FIT' 4 4
PROGRESS_REPORT_ELAPSED_TOTAL 'RANDOM_FOREST_CLASSIFIER_FIT' 28 32
PROGRESS_REPORT_ELAPSED_TOTAL 'DECISION_TREE_CLASSIFIER_FIT' 1 4
PROGRESS_REPORT_ELAPSED_TOTAL 'DECISION_TREE_BEST_FIRST_BUILDER' 0 6
PROGRESS_REPORT_ELAPSED_TOTAL 'DECISION_TREE_BEST_FIRST_BUILDER' 2 6
PROGRESS_REPORT_ELAPSED_TOTAL 'DECISION_TREE_BEST_FIRST_BUILDER' 3 6
PROGRESS_REPORT_ELAPSED_TOTAL 'DECISION_TREE_BEST_FIRST_BUILDER' 6 6
PROGRESS_REPORT_ELAPSED_TOTAL 'DECISION_TREE_CLASSIFIER_FIT' 2 4
PROGRESS_REPORT_ELAPSED_TOTAL 'DECISION_TREE_CLASSIFIER_FIT' 3 4
PROGRESS_REPORT_ELAPSED_TOTAL 'DECISION_TREE_CLASSIFIER_FIT' 4 4
PROGRESS_REPORT_ELAPSED_TOTAL 'RANDOM_FOREST_CLASSIFIER_FIT' 29 32
PROGRESS_REPORT_ELAPSED_TOTAL 'DECISION_TREE_CLASSIFIER_FIT' 1 4
PROGRESS_REPORT_ELAPSED_TOTAL 'DECISION_TREE_BEST_FIRST_BUILDER' 0 6
PROGRESS_REPORT_ELAPSED_TOTAL 'DECISION_TREE_BEST_FIRST_BUILDER' 2 6
PROGRESS_REPORT_ELAPSED_TOTAL 'DECISION_TREE_BEST_FIRST_BUILDER' 6 6
PROGRESS_REPORT_ELAPSED_TOTAL 'DECISION_TREE_CLASSIFIER_FIT' 2 4
PROGRESS_REPORT_ELAPSED_TOTAL 'DECISION_TREE_CLASSIFIER_FIT' 3 4
PROGRESS_REPORT_ELAPSED_TOTAL 'DECISION_TREE_CLASSIFIER_FIT' 4 4
PROGRESS_REPORT_ELAPSED_TOTAL 'RANDOM_FOREST_CLASSIFIER_FIT' 30 32
PROGRESS_REPORT_ELAPSED_TOTAL 'DECISION_TREE_CLASSIFIER_FIT' 1 4
PROGRESS_REPORT_ELAPSED_TOTAL 'DECISION_TREE_BEST_FIRST_BUILDER' 0 6
PROGRESS_REPORT_ELAPSED_TOTAL 'DECISION_TREE_BEST_FIRST_BUILDER' 2 6
PROGRESS_REPORT_ELAPSED_TOTAL 'DECISION_TREE_BEST_FIRST_BUILDER' 3 6
PROGRESS_REPORT_ELAPSED_TOTAL 'DECISION_TREE_BEST_FIRST_BUILDER' 4 6
PROGRESS_REPORT_ELAPSED_TOTAL 'DECISION_TREE_BEST_FIRST_BUILDER' 6 6
PROGRESS_REPORT_ELAPSED_TOTAL 'DECISION_TREE_CLASSIFIER_FIT' 2 4
PROGRESS_REPORT_ELAPSED_TOTAL 'DECISION_TREE_CLASSIFIER_FIT' 3 4
PROGRESS_REPORT_ELAPSED_TOTAL 'DECISION_TREE_CLASSIFIER_FIT' 4 4
PROGRESS_REPORT_ELAPSED_TOTAL 'RANDOM_FOREST_CLASSIFIER_FIT' 31 32
PROGRESS_REPORT_ELAPSED_TOTAL 'DECISION_TREE_CLASSIFIER_FIT' 1 4
PROGRESS_REPORT_ELAPSED_TOTAL 'DECISION_TREE_BEST_FIRST_BUILDER' 0 6
PROGRESS_REPORT_ELAPSED_TOTAL 'DECISION_TREE_BEST_FIRST_BUILDER' 2 6
PROGRESS_REPORT_ELAPSED_TOTAL 'DECISION_TREE_BEST_FIRST_BUILDER' 3 6
PROGRESS_REPORT_ELAPSED_TOTAL 'DECISION_TREE_BEST_FIRST_BUILDER' 6 6
PROGRESS_REPORT_ELAPSED_TOTAL 'DECISION_TREE_CLASSIFIER_FIT' 2 4
PROGRESS_REPORT_ELAPSED_TOTAL 'DECISION_TREE_CLASSIFIER_FIT' 3 4
PROGRESS_REPORT_ELAPSED_TOTAL 'DECISION_TREE_CLASSIFIER_FIT' 4 4
PROGRESS_REPORT_ELAPSED_TOTAL 'RANDOM_FOREST_CLASSIFIER_FIT' 32 32
MCU_DEPLOY_CLASSIFICATION_CODE MODEL_JSON_EXPORT_STEP
MODEL_JSON_DUMP_START
{
	"metadata" : { "model" : "Ho_RandomForest", "version" : "2024-W04"},
	"options" : { "n_estimators" : 32, "max_samples" : 32, "random_state" : 1789,  "ccp_alpha" : 0, "criterion" : "", "max_depth" : 6, "max_features" : null, "max_leaf_nodes" : 32, "min_impurity_decrease" : 0, "min_samples_leaf" : 1, "min_samples_split" : 2, "min_weight_fraction_leaf" : 0.050000001, "random_state" : 1789, "splitter" : "best" },
	"dataset" : { "dataset_rows" : 150, "dataset_features" : 4 },
	"classes" : [ 0, 1, 2 ],
	"forest" : {
		"Trees" : 32,
		"RF_Tree_00" : 		{
			"metadata" : { "model" : "Breiman_CART", "version" : "2024-W04"},
			"options" : { "ccp_alpha" : 0, "criterion" : "", "max_depth" : 6, "max_features" : 2, "max_leaf_nodes" : 32, "min_impurity_decrease" : 0, "min_samples_leaf" : 1, "min_samples_split" : 2, "min_weight_fraction_leaf" : 0.050000001, "random_state" : 1962315470, "splitter" : "best" },
			"dataset" : { "dataset_rows" : 150, "dataset_features" : 4 },
			"classes" : [ 0, 1, 2 ],
			"tree" : {
			"features" : 4,
			"outputs" : 3,
			"max_depth" : 2,
			"node_count" : 7,
			"nodes" : {
				"node_0" : {"left" : 1, "right" : 2, "feature" : 2, "threshold" : 2.45, "impurity" : 0.66337776, "n_samples" : 150, "w_samples" : 150, "value" : [0.35333332, 0.36000001, 0.28666666]},
				"node_1" : {"left" : null, "right" : null, "feature" : null, "threshold" : null, "impurity" : 0, "n_samples" : 53, "w_samples" : 53, "value" : [1, 0, 0]},
				"node_2" : {"left" : 3, "right" : 4, "feature" : 3, "threshold" : 1.75, "impurity" : 0.49356997, "n_samples" : 97, "w_samples" : 97, "value" : [0, 0.556701, 0.44329897]},
				"node_3" : {"left" : 5, "right" : 6, "feature" : 3, "threshold" : 1.45, "impurity" : 0.068877578, "n_samples" : 56, "w_samples" : 56, "value" : [0, 0.96428573, 0.035714287]},
				"node_4" : {"left" : null, "right" : null, "feature" : null, "threshold" : null, "impurity" : 0, "n_samples" : 41, "w_samples" : 41, "value" : [0, 0, 1]},
				"node_5" : {"left" : null, "right" : null, "feature" : null, "threshold" : null, "impurity" : 0, "n_samples" : 43, "w_samples" : 43, "value" : [0, 1, 0]},
				"node_6" : {"left" : null, "right" : null, "feature" : null, "threshold" : null, "impurity" : 0.26035506, "n_samples" : 13, "w_samples" : 13, "value" : [0, 0.84615386, 0.15384616]}
				}
			}
		},
		"RF_Tree_01" : 		{
			"metadata" : { "model" : "Breiman_CART", "version" : "2024-W04"},
			"options" : { "ccp_alpha" : 0, "criterion" : "", "max_depth" : 6, "max_features" : 2, "max_leaf_nodes" : 32, "min_impurity_decrease" : 0, "min_samples_leaf" : 1, "min_samples_split" : 2, "min_weight_fraction_leaf" : 0.050000001, "random_state" : 3261513707, "splitter" : "best" },
			"dataset" : { "dataset_rows" : 150, "dataset_features" : 4 },
			"classes" : [ 0, 1, 2 ],
			"tree" : {
			"features" : 4,
			"outputs" : 3,
			"max_depth" : 3,
			"node_count" : 11,
			"nodes" : {
				"node_00" : {"left" : 1, "right" : 2, "feature" : 3, "threshold" : 0.80000001, "impurity" : 0.6656, "n_samples" : 150, "w_samples" : 150, "value" : [0.36000001, 0.31999999, 0.31999999]},
				"node_01" : {"left" : null, "right" : null, "feature" : null, "threshold" : null, "impurity" : 0, "n_samples" : 54, "w_samples" : 54, "value" : [1, 0, 0]},
				"node_02" : {"left" : 3, "right" : 4, "feature" : 3, "threshold" : 1.6500001, "impurity" : 0.5, "n_samples" : 96, "w_samples" : 96, "value" : [0, 0.5, 0.5]},
				"node_03" : {"left" : 5, "right" : 6, "feature" : 3, "threshold" : 1.45, "impurity" : 0.17381656, "n_samples" : 52, "w_samples" : 52, "value" : [0, 0.90384614, 0.096153848]},
				"node_04" : {"left" : 9, "right" : 10, "feature" : 2, "threshold" : 5.0500002, "impurity" : 0.044421494, "n_samples" : 44, "w_samples" : 44, "value" : [0, 0.022727273, 0.97727275]},
				"node_05" : {"left" : null, "right" : null, "feature" : null, "threshold" : null, "impurity" : 0, "n_samples" : 34, "w_samples" : 34, "value" : [0, 1, 0]},
				"node_06" : {"left" : 7, "right" : 8, "feature" : 1, "threshold" : 3.05, "impurity" : 0.40123457, "n_samples" : 18, "w_samples" : 18, "value" : [0, 0.72222221, 0.27777779]},
				"node_07" : {"left" : null, "right" : null, "feature" : null, "threshold" : null, "impurity" : 0.46875, "n_samples" : 8, "w_samples" : 8, "value" : [0, 0.375, 0.625]},
				"node_08" : {"left" : null, "right" : null, "feature" : null, "threshold" : null, "impurity" : 0, "n_samples" : 10, "w_samples" : 10, "value" : [0, 1, 0]},
				"node_09" : {"left" : null, "right" : null, "feature" : null, "threshold" : null, "impurity" : 0.15277779, "n_samples" : 12, "w_samples" : 12, "value" : [0, 0.083333336, 0.91666669]},
				"node_10" : {"left" : null, "right" : null, "feature" : null, "threshold" : null, "impurity" : 0, "n_samples" : 32, "w_samples" : 32, "value" : [0, 0, 1]}
				}
			}
		},
		"RF_Tree_02" : 		{
			"metadata" : { "model" : "Breiman_CART", "version" : "2024-W04"},
			"options" : { "ccp_alpha" : 0, "criterion" : "", "max_depth" : 6, "max_features" : 2, "max_leaf_nodes" : 32, "min_impurity_decrease" : 0, "min_samples_leaf" : 1, "min_samples_split" : 2, "min_weight_fraction_leaf" : 0.050000001, "random_state" : 1270981430, "splitter" : "best" },
			"dataset" : { "dataset_rows" : 150, "dataset_features" : 4 },
			"classes" : [ 0, 1, 2 ],
			"tree" : {
			"features" : 4,
			"outputs" : 3,
			"max_depth" : 2,
			"node_count" : 9,
			"nodes" : {
				"node_0" : {"left" : 1, "right" : 2, "feature" : 3, "threshold" : 1.75, "impurity" : 0.6585778, "n_samples" : 150, "w_samples" : 150, "value" : [0.30000001, 0.29333332, 0.40666667]},
				"node_1" : {"left" : 3, "right" : 4, "feature" : 3, "threshold" : 0.80000001, "impurity" : 0.53109527, "n_samples" : 91, "w_samples" : 91, "value" : [0.49450549, 0.47252747, 0.032967035]},
				"node_2" : {"left" : 7, "right" : 8, "feature" : 2, "threshold" : 5, "impurity" : 0.033323765, "n_samples" : 59, "w_samples" : 59, "value" : [0, 0.016949153, 0.98305082]},
				"node_3" : {"left" : null, "right" : null, "feature" : null, "threshold" : null, "impurity" : 0, "n_samples" : 45, "w_samples" : 45, "value" : [1, 0, 0]},
				"node_4" : {"left" : 5, "right" : 6, "feature" : 2, "threshold" : 4.8500004, "impurity" : 0.12192816, "n_samples" : 46, "w_samples" : 46, "value" : [0, 0.93478262, 0.065217391]},
				"node_5" : {"left" : null, "right" : null, "feature" : null, "threshold" : null, "impurity" : 0, "n_samples" : 38, "w_samples" : 38, "value" : [0, 1, 0]},
				"node_6" : {"left" : null, "right" : null, "feature" : null, "threshold" : null, "impurity" : 0.46875, "n_samples" : 8, "w_samples" : 8, "value" : [0, 0.625, 0.375]},
				"node_7" : {"left" : null, "right" : null, "feature" : null, "threshold" : null, "impurity" : 0.19753087, "n_samples" : 9, "w_samples" : 9, "value" : [0, 0.11111111, 0.8888889]},
				"node_8" : {"left" : null, "right" : null, "feature" : null, "threshold" : null, "impurity" : 0, "n_samples" : 50, "w_samples" : 50, "value" : [0, 0, 1]}
				}
			}
		},
		"RF_Tree_03" : 		{
			"metadata" : { "model" : "Breiman_CART", "version" : "2024-W04"},
			"options" : { "ccp_alpha" : 0, "criterion" : "", "max_depth" : 6, "max_features" : 2, "max_leaf_nodes" : 32, "min_impurity_decrease" : 0, "min_samples_leaf" : 1, "min_samples_split" : 2, "min_weight_fraction_leaf" : 0.050000001, "random_state" : 1989411589, "splitter" : "best" },
			"dataset" : { "dataset_rows" : 150, "dataset_features" : 4 },
			"classes" : [ 0, 1, 2 ],
			"tree" : {
			"features" : 4,
			"outputs" : 3,
			"max_depth" : 3,
			"node_count" : 11,
			"nodes" : {
				"node_00" : {"left" : 1, "right" : 2, "feature" : 3, "threshold" : 0.75, "impurity" : 0.66497779, "n_samples" : 150, "w_samples" : 150, "value" : [0.31999999, 0.36666667, 0.31333333]},
				"node_01" : {"left" : null, "right" : null, "feature" : null, "threshold" : null, "impurity" : 0, "n_samples" : 48, "w_samples" : 48, "value" : [1, 0, 0]},
				"node_02" : {"left" : 3, "right" : 4, "feature" : 3, "threshold" : 1.75, "impurity" : 0.49692428, "n_samples" : 102, "w_samples" : 102, "value" : [0, 0.53921568, 0.46078432]},
				"node_03" : {"left" : 7, "right" : 8, "feature" : 0, "threshold" : 6.0500002, "impurity" : 0.036351144, "n_samples" : 54, "w_samples" : 54, "value" : [0, 0.98148149, 0.018518519]},
				"node_04" : {"left" : 5, "right" : 6, "feature" : 3, "threshold" : 1.8499999, "impurity" : 0.079861104, "n_samples" : 48, "w_samples" : 48, "value" : [0, 0.041666668, 0.95833331]},
				"node_05" : {"left" : null, "right" : null, "feature" : null, "threshold" : null, "impurity" : 0.29752064, "n_samples" : 11, "w_samples" : 11, "value" : [0, 0.18181819, 0.81818181]},
				"node_06" : {"left" : null, "right" : null, "feature" : null, "threshold" : null, "impurity" : 0, "n_samples" : 37, "w_samples" : 37, "value" : [0, 0, 1]},
				"node_07" : {"left" : null, "right" : null, "feature" : null, "threshold" : null, "impurity" : 0, "n_samples" : 30, "w_samples" : 30, "value" : [0, 1, 0]},
				"node_08" : {"left" : 9, "right" : 10, "feature" : 0, "threshold" : 6.1499996, "impurity" : 0.079861104, "n_samples" : 24, "w_samples" : 24, "value" : [0, 0.95833331, 0.041666668]},
				"node_09" : {"left" : null, "right" : null, "feature" : null, "threshold" : null, "impurity" : 0.19753087, "n_samples" : 9, "w_samples" : 9, "value" : [0, 0.8888889, 0.11111111]},
				"node_10" : {"left" : null, "right" : null, "feature" : null, "threshold" : null, "impurity" : 0, "n_samples" : 15, "w_samples" : 15, "value" : [0, 1, 0]}
				}
			}
		},
		"RF_Tree_04" : 		{
			"metadata" : { "model" : "Breiman_CART", "version" : "2024-W04"},
			"options" : { "ccp_alpha" : 0, "criterion" : "", "max_depth" : 6, "max_features" : 2, "max_leaf_nodes" : 32, "min_impurity_decrease" : 0, "min_samples_leaf" : 1, "min_samples_split" : 2, "min_weight_fraction_leaf" : 0.050000001, "random_state" : 2542483397, "splitter" : "best" },
			"dataset" : { "dataset_rows" : 150, "dataset_features" : 4 },
			"classes" : [ 0, 1, 2 ],
			"tree" : {
			"features" : 4,
			"outputs" : 3,
			"max_depth" : 3,
			"node_count" : 11,
			"nodes" : {
				"node_00" : {"left" : 1, "right" : 2, "feature" : 2, "threshold" : 2.45, "impurity" : 0.66426671, "n_samples" : 150, "w_samples" : 150, "value" : [0.31333333, 0.37333333, 0.31333333]},
				"node_01" : {"left" : null, "right" : null, "feature" : null, "threshold" : null, "impurity" : 0, "n_samples" : 47, "w_samples" : 47, "value" : [1, 0, 0]},
				"node_02" : {"left" : 3, "right" : 4, "feature" : 2, "threshold" : 4.8000002, "impurity" : 0.4961825, "n_samples" : 103, "w_samples" : 103, "value" : [0, 0.54368931, 0.45631069]},
				"node_03" : {"left" : 7, "right" : 8, "feature" : 2, "threshold" : 4.4499998, "impurity" : 0.037023842, "n_samples" : 53, "w_samples" : 53, "value" : [0, 0.98113209, 0.018867925]},
				"node_04" : {"left" : 5, "right" : 6, "feature" : 3, "threshold" : 1.75, "impurity" : 0.14719999, "n_samples" : 50, "w_samples" : 50, "value" : [0, 0.079999998, 0.92000002]},
				"node_05" : {"left" : null, "right" : null, "feature" : null, "threshold" : null, "impurity" : 0.49382716, "n_samples" : 9, "w_samples" : 9, "value" : [0, 0.44444445, 0.55555558]},
				"node_06" : {"left" : null, "right" : null, "feature" : null, "threshold" : null, "impurity" : 0, "n_samples" : 41, "w_samples" : 41, "value" : [0, 0, 1]},
				"node_07" : {"left" : null, "right" : null, "feature" : null, "threshold" : null, "impurity" : 0, "n_samples" : 35, "w_samples" : 35, "value" : [0, 1, 0]},
				"node_08" : {"left" : 9, "right" : 10, "feature" : 1, "threshold" : 2.8499999, "impurity" : 0.10493827, "n_samples" : 18, "w_samples" : 18, "value" : [0, 0.94444442, 0.055555556]},
				"node_09" : {"left" : null, "right" : null, "feature" : null, "threshold" : null, "impurity" : 0.19753087, "n_samples" : 9, "w_samples" : 9, "value" : [0, 0.8888889, 0.11111111]},
				"node_10" : {"left" : null, "right" : null, "feature" : null, "threshold" : null, "impurity" : 0, "n_samples" : 9, "w_samples" : 9, "value" : [0, 1, 0]}
				}
			}
		},
		"RF_Tree_05" : 		{
			"metadata" : { "model" : "Breiman_CART", "version" : "2024-W04"},
			"options" : { "ccp_alpha" : 0, "criterion" : "", "max_depth" : 6, "max_features" : 2, "max_leaf_nodes" : 32, "min_impurity_decrease" : 0, "min_samples_leaf" : 1, "min_samples_split" : 2, "min_weight_fraction_leaf" : 0.050000001, "random_state" : 640771154, "splitter" : "best" },
			"dataset" : { "dataset_rows" : 150, "dataset_features" : 4 },
			"classes" : [ 0, 1, 2 ],
			"tree" : {
			"features" : 4,
			"outputs" : 3,
			"max_depth" : 2,
			"node_count" : 9,
			"nodes" : {
				"node_0" : {"left" : 1, "right" : 2, "feature" : 3, "threshold" : 0.69999999, "impurity" : 0.66417778, "n_samples" : 150, "w_samples" : 150, "value" : [0.31999999, 0.30666667, 0.37333333]},
				"node_1" : {"left" : null, "right" : null, "feature" : null, "threshold" : null, "impurity" : 0, "n_samples" : 48, "w_samples" : 48, "value" : [1, 0, 0]},
				"node_2" : {"left" : 3, "right" : 4, "feature" : 2, "threshold" : 4.8500004, "impurity" : 0.49519414, "n_samples" : 102, "w_samples" : 102, "value" : [0, 0.4509804, 0.54901963]},
				"node_3" : {"left" : 5, "right" : 6, "feature" : 3, "threshold" : 1.6500001, "impurity" : 0.19376183, "n_samples" : 46, "w_samples" : 46, "value" : [0, 0.89130437, 0.10869565]},
				"node_4" : {"left" : 7, "right" : 8, "feature" : 3, "threshold" : 1.75, "impurity" : 0.16262758, "n_samples" : 56, "w_samples" : 56, "value" : [0, 0.089285716, 0.91071427]},
				"node_5" : {"left" : null, "right" : null, "feature" : null, "threshold" : null, "impurity" : 0, "n_samples" : 39, "w_samples" : 39, "value" : [0, 1, 0]},
				"node_6" : {"left" : null, "right" : null, "feature" : null, "threshold" : null, "impurity" : 0.40816325, "n_samples" : 7, "w_samples" : 7, "value" : [0, 0.2857143, 0.71428573]},
				"node_7" : {"left" : null, "right" : null, "feature" : null, "threshold" : null, "impurity" : 0.49382716, "n_samples" : 9, "w_samples" : 9, "value" : [0, 0.55555558, 0.44444445]},
				"node_8" : {"left" : null, "right" : null, "feature" : null, "threshold" : null, "impurity" : 0, "n_samples" : 47, "w_samples" : 47, "value" : [0, 0, 1]}
				}
			}
		},
		"RF_Tree_06" : 		{
			"metadata" : { "model" : "Breiman_CART", "version" : "2024-W04"},
			"options" : { "ccp_alpha" : 0, "criterion" : "", "max_depth" : 6, "max_features" : 2, "max_leaf_nodes" : 32, "min_impurity_decrease" : 0, "min_samples_leaf" : 1, "min_samples_split" : 2, "min_weight_fraction_leaf" : 0.050000001, "random_state" : 2769939576, "splitter" : "best" },
			"dataset" : { "dataset_rows" : 150, "dataset_features" : 4 },
			"classes" : [ 0, 1, 2 ],
			"tree" : {
			"features" : 4,
			"outputs" : 3,
			"max_depth" : 2,
			"node_count" : 9,
			"nodes" : {
				"node_0" : {"left" : 1, "right" : 2, "feature" : 2, "threshold" : 2.45, "impurity" : 0.66426671, "n_samples" : 150, "w_samples" : 150, "value" : [0.37333333, 0.31333333, 0.31333333]},
				"node_1" : {"left" : null, "right" : null, "feature" : null, "threshold" : null, "impurity" : 0, "n_samples" : 56, "w_samples" : 56, "value" : [1, 0, 0]},
				"node_2" : {"left" : 3, "right" : 4, "feature" : 3, "threshold" : 1.55, "impurity" : 0.5, "n_samples" : 94, "w_samples" : 94, "value" : [0, 0.5, 0.5]},
				"node_3" : {"left" : 7, "right" : 8, "feature" : 3, "threshold" : 1.45, "impurity" : 0.043456793, "n_samples" : 45, "w_samples" : 45, "value" : [0, 0.97777778, 0.022222223]},
				"node_4" : {"left" : 5, "right" : 6, "feature" : 2, "threshold" : 5.0500002, "impurity" : 0.11495209, "n_samples" : 49, "w_samples" : 49, "value" : [0, 0.06122449, 0.93877554]},
				"node_5" : {"left" : null, "right" : null, "feature" : null, "threshold" : null, "impurity" : 0.39669424, "n_samples" : 11, "w_samples" : 11, "value" : [0, 0.27272728, 0.72727275]},
				"node_6" : {"left" : null, "right" : null, "feature" : null, "threshold" : null, "impurity" : 0, "n_samples" : 38, "w_samples" : 38, "value" : [0, 0, 1]},
				"node_7" : {"left" : null, "right" : null, "feature" : null, "threshold" : null, "impurity" : 0, "n_samples" : 38, "w_samples" : 38, "value" : [0, 1, 0]},
				"node_8" : {"left" : null, "right" : null, "feature" : null, "threshold" : null, "impurity" : 0.24489796, "n_samples" : 7, "w_samples" : 7, "value" : [0, 0.85714287, 0.14285715]}
				}
			}
		},
		"RF_Tree_07" : 		{
			"metadata" : { "model" : "Breiman_CART", "version" : "2024-W04"},
			"options" : { "ccp_alpha" : 0, "criterion" : "", "max_depth" : 6, "max_features" : 2, "max_leaf_nodes" : 32, "min_impurity_decrease" : 0, "min_samples_leaf" : 1, "min_samples_split" : 2, "min_weight_fraction_leaf" : 0.050000001, "random_state" : 2215876622, "splitter" : "best" },
			"dataset" : { "dataset_rows" : 150, "dataset_features" : 4 },
			"classes" : [ 0, 1, 2 ],
			"tree" : {
			"features" : 4,
			"outputs" : 3,
			"max_depth" : 5,
			"node_count" : 21,
			"nodes" : {
				"node_00" : {"left" : 1, "right" : 2, "feature" : 0, "threshold" : 5.4499998, "impurity" : 0.66337776, "n_samples" : 150, "w_samples" : 150, "value" : [0.28666666, 0.35333332, 0.36000001]},
				"node_01" : {"left" : 3, "right" : 4, "feature" : 3, "threshold" : 0.80000001, "impurity" : 0.26256227, "n_samples" : 47, "w_samples" : 47, "value" : [0.85106385, 0.10638298, 0.04255319]},
				"node_02" : {"left" : 5, "right" : 6, "feature" : 0, "threshold" : 6.1499996, "impurity" : 0.52709961, "n_samples" : 103, "w_samples" : 103, "value" : [0.029126214, 0.46601942, 0.50485438]},
				"node_03" : {"left" : null, "right" : null, "feature" : null, "threshold" : null, "impurity" : 0, "n_samples" : 40, "w_samples" : 40, "value" : [1, 0, 0]},
				"node_04" : {"left" : null, "right" : null, "feature" : null, "threshold" : null, "impurity" : 0.40816325, "n_samples" : 7, "w_samples" : 7, "value" : [0, 0.71428573, 0.2857143]},
				"node_05" : {"left" : 7, "right" : 8, "feature" : 2, "threshold" : 4.9000001, "impurity" : 0.43158466, "n_samples" : 43, "w_samples" : 43, "value" : [0.069767445, 0.72093022, 0.20930232]},
				"node_06" : {"left" : 9, "right" : 10, "feature" : 0, "threshold" : 7.0500002, "impurity" : 0.40611112, "n_samples" : 60, "w_samples" : 60, "value" : [0, 0.28333333, 0.71666664]},
				"node_07" : {"left" : 11, "right" : 12, "feature" : 2, "threshold" : 3.75, "impurity" : 0.16992188, "n_samples" : 32, "w_samples" : 32, "value" : [0.09375, 0.90625, 0]},
				"node_08" : {"left" : null, "right" : null, "feature" : null, "threshold" : null, "impurity" : 0.29752064, "n_samples" : 11, "w_samples" : 11, "value" : [0, 0.18181819, 0.81818181]},
				"node_09" : {"left" : 13, "right" : 14, "feature" : 1, "threshold" : 3.1500001, "impurity" : 0.47809625, "n_samples" : 43, "w_samples" : 43, "value" : [0, 0.39534885, 0.60465115]},
				"node_10" : {"left" : null, "right" : null, "feature" : null, "threshold" : null, "impurity" : 0, "n_samples" : 17, "w_samples" : 17, "value" : [0, 0, 1]},
				"node_11" : {"left" : null, "right" : null, "feature" : null, "threshold" : null, "impurity" : 0.48979592, "n_samples" : 7, "w_samples" : 7, "value" : [0.42857143, 0.5714286, 0]},
				"node_12" : {"left" : null, "right" : null, "feature" : null, "threshold" : null, "impurity" : 0, "n_samples" : 25, "w_samples" : 25, "value" : [0, 1, 0]},
				"node_13" : {"left" : 15, "right" : 16, "feature" : 3, "threshold" : 1.75, "impurity" : 0.4970414, "n_samples" : 26, "w_samples" : 26, "value" : [0, 0.53846157, 0.46153846]},
				"node_14" : {"left" : 19, "right" : 20, "feature" : 0, "threshold" : 6.75, "impurity" : 0.29065746, "n_samples" : 17, "w_samples" : 17, "value" : [0, 0.17647059, 0.82352942]},
				"node_15" : {"left" : 17, "right" : 18, "feature" : 2, "threshold" : 4.8500004, "impurity" : 0.21875, "n_samples" : 16, "w_samples" : 16, "value" : [0, 0.875, 0.125]},
				"node_16" : {"left" : null, "right" : null, "feature" : null, "threshold" : null, "impurity" : 0, "n_samples" : 10, "w_samples" : 10, "value" : [0, 0, 1]},
				"node_17" : {"left" : null, "right" : null, "feature" : null, "threshold" : null, "impurity" : 0, "n_samples" : 8, "w_samples" : 8, "value" : [0, 1, 0]},
				"node_18" : {"left" : null, "right" : null, "feature" : null, "threshold" : null, "impurity" : 0.375, "n_samples" : 8, "w_samples" : 8, "value" : [0, 0.75, 0.25]},
				"node_19" : {"left" : null, "right" : null, "feature" : null, "threshold" : null, "impurity" : 0.19753087, "n_samples" : 9, "w_samples" : 9, "value" : [0, 0.11111111, 0.8888889]},
				"node_20" : {"left" : null, "right" : null, "feature" : null, "threshold" : null, "impurity" : 0.375, "n_samples" : 8, "w_samples" : 8, "value" : [0, 0.25, 0.75]}
				}
			}
		},
		"RF_Tree_08" : 		{
			"metadata" : { "model" : "Breiman_CART", "version" : "2024-W04"},
			"options" : { "ccp_alpha" : 0, "criterion" : "", "max_depth" : 6, "max_features" : 2, "max_leaf_nodes" : 32, "min_impurity_decrease" : 0, "min_samples_leaf" : 1, "min_samples_split" : 2, "min_weight_fraction_leaf" : 0.050000001, "random_state" : 3978449530, "splitter" : "best" },
			"dataset" : { "dataset_rows" : 150, "dataset_features" : 4 },
			"classes" : [ 0, 1, 2 ],
			"tree" : {
			"features" : 4,
			"outputs" : 3,
			"max_depth" : 3,
			"node_count" : 11,
			"nodes" : {
				"node_00" : {"left" : 1, "right" : 2, "feature" : 3, "threshold" : 0.75, "impurity" : 0.66604447, "n_samples" : 150, "w_samples" : 150, "value" : [0.35333332, 0.31999999, 0.32666665]},
				"node_01" : {"left" : null, "right" : null, "feature" : null, "threshold" : null, "impurity" : 0, "n_samples" : 53, "w_samples" : 53, "value" : [1, 0, 0]},
				"node_02" : {"left" : 3, "right" : 4, "feature" : 3, "threshold" : 1.75, "impurity" : 0.49994683, "n_samples" : 97, "w_samples" : 97, "value" : [0, 0.49484536, 0.50515461]},
				"node_03" : {"left" : 5, "right" : 6, "feature" : 3, "threshold" : 1.3499999, "impurity" : 0.1445598, "n_samples" : 51, "w_samples" : 51, "value" : [0, 0.92156863, 0.078431375]},
				"node_04" : {"left" : 9, "right" : 10, "feature" : 2, "threshold" : 5.0500002, "impurity" : 0.0425331, "n_samples" : 46, "w_samples" : 46, "value" : [0, 0.021739131, 0.97826087]},
				"node_05" : {"left" : null, "right" : null, "feature" : null, "threshold" : null, "impurity" : 0, "n_samples" : 30, "w_samples" : 30, "value" : [0, 1, 0]},
				"node_06" : {"left" : 7, "right" : 8, "feature" : 0, "threshold" : 6.0500002, "impurity" : 0.30839002, "n_samples" : 21, "w_samples" : 21, "value" : [0, 0.80952382, 0.19047619]},
				"node_07" : {"left" : null, "right" : null, "feature" : null, "threshold" : null, "impurity" : 0.19753087, "n_samples" : 9, "w_samples" : 9, "value" : [0, 0.8888889, 0.11111111]},
				"node_08" : {"left" : null, "right" : null, "feature" : null, "threshold" : null, "impurity" : 0.375, "n_samples" : 12, "w_samples" : 12, "value" : [0, 0.75, 0.25]},
				"node_09" : {"left" : null, "right" : null, "feature" : null, "threshold" : null, "impurity" : 0.24489796, "n_samples" : 7, "w_samples" : 7, "value" : [0, 0.14285715, 0.85714287]},
				"node_10" : {"left" : null, "right" : null, "feature" : null, "threshold" : null, "impurity" : 0, "n_samples" : 39, "w_samples" : 39, "value" : [0, 0, 1]}
				}
			}
		},
		"RF_Tree_09" : 		{
			"metadata" : { "model" : "Breiman_CART", "version" : "2024-W04"},
			"options" : { "ccp_alpha" : 0, "criterion" : "", "max_depth" : 6, "max_features" : 2, "max_leaf_nodes" : 32, "min_impurity_decrease" : 0, "min_samples_leaf" : 1, "min_samples_split" : 2, "min_weight_fraction_leaf" : 0.050000001, "random_state" : 2603125635, "splitter" : "best" },
			"dataset" : { "dataset_rows" : 150, "dataset_features" : 4 },
			"classes" : [ 0, 1, 2 ],
			"tree" : {
			"features" : 4,
			"outputs" : 3,
			"max_depth" : 2,
			"node_count" : 7,
			"nodes" : {
				"node_0" : {"left" : 1, "right" : 2, "feature" : 2, "threshold" : 2.45, "impurity" : 0.66231108, "n_samples" : 150, "w_samples" : 150, "value" : [0.38666666, 0.31333333, 0.30000001]},
				"node_1" : {"left" : null, "right" : null, "feature" : null, "threshold" : null, "impurity" : 0, "n_samples" : 58, "w_samples" : 58, "value" : [1, 0, 0]},
				"node_2" : {"left" : 3, "right" : 4, "feature" : 3, "threshold" : 1.75, "impurity" : 0.49976373, "n_samples" : 92, "w_samples" : 92, "value" : [0, 0.51086956, 0.48913044]},
				"node_3" : {"left" : 5, "right" : 6, "feature" : 2, "threshold" : 4.8500004, "impurity" : 0.1128, "n_samples" : 50, "w_samples" : 50, "value" : [0, 0.94, 0.059999999]},
				"node_4" : {"left" : null, "right" : null, "feature" : null, "threshold" : null, "impurity" : 0, "n_samples" : 42, "w_samples" : 42, "value" : [0, 0, 1]},
				"node_5" : {"left" : null, "right" : null, "feature" : null, "threshold" : null, "impurity" : 0, "n_samples" : 43, "w_samples" : 43, "value" : [0, 1, 0]},
				"node_6" : {"left" : null, "right" : null, "feature" : null, "threshold" : null, "impurity" : 0.48979592, "n_samples" : 7, "w_samples" : 7, "value" : [0, 0.5714286, 0.42857143]}
				}
			}
		},
		"RF_Tree_10" : 		{
			"metadata" : { "model" : "Breiman_CART", "version" : "2024-W04"},
			"options" : { "ccp_alpha" : 0, "criterion" : "", "max_depth" : 6, "max_features" : 2, "max_leaf_nodes" : 32, "min_impurity_decrease" : 0, "min_samples_leaf" : 1, "min_samples_split" : 2, "min_weight_fraction_leaf" : 0.050000001, "random_state" : 3933019651, "splitter" : "best" },
			"dataset" : { "dataset_rows" : 150, "dataset_features" : 4 },
			"classes" : [ 0, 1, 2 ],
			"tree" : {
			"features" : 4,
			"outputs" : 3,
			"max_depth" : 5,
			"node_count" : 19,
			"nodes" : {
				"node_00" : {"left" : 1, "right" : 2, "feature" : 0, "threshold" : 5.3500004, "impurity" : 0.65991116, "n_samples" : 150, "w_samples" : 150, "value" : [0.30666667, 0.40000001, 0.29333332]},
				"node_01" : {"left" : 3, "right" : 4, "feature" : 3, "threshold" : 0.80000001, "impurity" : 0.29987508, "n_samples" : 49, "w_samples" : 49, "value" : [0.81632656, 0.18367347, 0]},
				"node_02" : {"left" : 5, "right" : 6, "feature" : 0, "threshold" : 6.1499996, "impurity" : 0.55171061, "n_samples" : 101, "w_samples" : 101, "value" : [0.059405942, 0.50495052, 0.43564355]},
				"node_03" : {"left" : null, "right" : null, "feature" : null, "threshold" : null, "impurity" : 0, "n_samples" : 40, "w_samples" : 40, "value" : [1, 0, 0]},
				"node_04" : {"left" : null, "right" : null, "feature" : null, "threshold" : null, "impurity" : 0, "n_samples" : 9, "w_samples" : 9, "value" : [0, 1, 0]},
				"node_05" : {"left" : 7, "right" : 8, "feature" : 2, "threshold" : 3.55, "impurity" : 0.41288626, "n_samples" : 39, "w_samples" : 39, "value" : [0.15384616, 0.74358976, 0.1025641]},
				"node_06" : {"left" : 11, "right" : 12, "feature" : 0, "threshold" : 7.0500002, "impurity" : 0.45785642, "n_samples" : 62, "w_samples" : 62, "value" : [0, 0.3548387, 0.64516127]},
				"node_07" : {"left" : null, "right" : null, "feature" : null, "threshold" : null, "impurity" : 0.24489796, "n_samples" : 7, "w_samples" : 7, "value" : [0.85714287, 0.14285715, 0]},
				"node_08" : {"left" : 9, "right" : 10, "feature" : 2, "threshold" : 4.6999998, "impurity" : 0.21875, "n_samples" : 32, "w_samples" : 32, "value" : [0, 0.875, 0.125]},
				"node_09" : {"left" : null, "right" : null, "feature" : null, "threshold" : null, "impurity" : 0, "n_samples" : 24, "w_samples" : 24, "value" : [0, 1, 0]},
				"node_10" : {"left" : null, "right" : null, "feature" : null, "threshold" : null, "impurity" : 0.5, "n_samples" : 8, "w_samples" : 8, "value" : [0, 0.5, 0.5]},
				"node_11" : {"left" : 13, "right" : 14, "feature" : 1, "threshold" : 3.1500001, "impurity" : 0.49905485, "n_samples" : 46, "w_samples" : 46, "value" : [0, 0.47826087, 0.52173913]},
				"node_12" : {"left" : null, "right" : null, "feature" : null, "threshold" : null, "impurity" : 0, "n_samples" : 16, "w_samples" : 16, "value" : [0, 0, 1]},
				"node_13" : {"left" : 15, "right" : 16, "feature" : 2, "threshold" : 5.0500002, "impurity" : 0.48852158, "n_samples" : 33, "w_samples" : 33, "value" : [0, 0.57575756, 0.42424244]},
				"node_14" : {"left" : null, "right" : null, "feature" : null, "threshold" : null, "impurity" : 0.35502958, "n_samples" : 13, "w_samples" : 13, "value" : [0, 0.23076923, 0.76923078]},
				"node_15" : {"left" : 17, "right" : 18, "feature" : 1, "threshold" : 2.8499999, "impurity" : 0.095000029, "n_samples" : 20, "w_samples" : 20, "value" : [0, 0.94999999, 0.050000001]},
				"node_16" : {"left" : null, "right" : null, "feature" : null, "threshold" : null, "impurity" : 0, "n_samples" : 13, "w_samples" : 13, "value" : [0, 0, 1]},
				"node_17" : {"left" : null, "right" : null, "feature" : null, "threshold" : null, "impurity" : 0.24489796, "n_samples" : 7, "w_samples" : 7, "value" : [0, 0.85714287, 0.14285715]},
				"node_18" : {"left" : null, "right" : null, "feature" : null, "threshold" : null, "impurity" : 0, "n_samples" : 13, "w_samples" : 13, "value" : [0, 1, 0]}
				}
			}
		},
		"RF_Tree_11" : 		{
			"metadata" : { "model" : "Breiman_CART", "version" : "2024-W04"},
			"options" : { "ccp_alpha" : 0, "criterion" : "", "max_depth" : 6, "max_features" : 2, "max_leaf_nodes" : 32, "min_impurity_decrease" : 0, "min_samples_leaf" : 1, "min_samples_split" : 2, "min_weight_fraction_leaf" : 0.050000001, "random_state" : 1810914472, "splitter" : "best" },
			"dataset" : { "dataset_rows" : 150, "dataset_features" : 4 },
			"classes" : [ 0, 1, 2 ],
			"tree" : {
			"features" : 4,
			"outputs" : 3,
			"max_depth" : 3,
			"node_count" : 13,
			"nodes" : {
				"node_00" : {"left" : 1, "right" : 2, "feature" : 3, "threshold" : 1.55, "impurity" : 0.66159999, "n_samples" : 150, "w_samples" : 150, "value" : [0.28666666, 0.32666665, 0.38666666]},
				"node_01" : {"left" : 3, "right" : 4, "feature" : 2, "threshold" : 2.45, "impurity" : 0.5107941, "n_samples" : 89, "w_samples" : 89, "value" : [0.48314607, 0.50561798, 0.011235955]},
				"node_02" : {"left" : 5, "right" : 6, "feature" : 2, "threshold" : 4.8500004, "impurity" : 0.12254769, "n_samples" : 61, "w_samples" : 61, "value" : [0, 0.065573767, 0.93442625]},
				"node_03" : {"left" : null, "right" : null, "feature" : null, "threshold" : null, "impurity" : 0, "n_samples" : 43, "w_samples" : 43, "value" : [1, 0, 0]},
				"node_04" : {"left" : 9, "right" : 10, "feature" : 3, "threshold" : 1.3499999, "impurity" : 0.0425331, "n_samples" : 46, "w_samples" : 46, "value" : [0, 0.97826087, 0.021739131]},
				"node_05" : {"left" : null, "right" : null, "feature" : null, "threshold" : null, "impurity" : 0.46875, "n_samples" : 8, "w_samples" : 8, "value" : [0, 0.375, 0.625]},
				"node_06" : {"left" : 7, "right" : 8, "feature" : 0, "threshold" : 6.1499996, "impurity" : 0.037023842, "n_samples" : 53, "w_samples" : 53, "value" : [0, 0.018867925, 0.98113209]},
				"node_07" : {"left" : null, "right" : null, "feature" : null, "threshold" : null, "impurity" : 0.24489796, "n_samples" : 7, "w_samples" : 7, "value" : [0, 0.14285715, 0.85714287]},
				"node_08" : {"left" : null, "right" : null, "feature" : null, "threshold" : null, "impurity" : 0, "n_samples" : 46, "w_samples" : 46, "value" : [0, 0, 1]},
				"node_09" : {"left" : null, "right" : null, "feature" : null, "threshold" : null, "impurity" : 0, "n_samples" : 28, "w_samples" : 28, "value" : [0, 1, 0]},
				"node_10" : {"left" : 11, "right" : 12, "feature" : 2, "threshold" : 4.6499996, "impurity" : 0.10493827, "n_samples" : 18, "w_samples" : 18, "value" : [0, 0.94444442, 0.055555556]},
				"node_11" : {"left" : null, "right" : null, "feature" : null, "threshold" : null, "impurity" : 0, "n_samples" : 10, "w_samples" : 10, "value" : [0, 1, 0]},
				"node_12" : {"left" : null, "right" : null, "feature" : null, "threshold" : null, "impurity" : 0.21875, "n_samples" : 8, "w_samples" : 8, "value" : [0, 0.875, 0.125]}
				}
			}
		},
		"RF_Tree_12" : 		{
			"metadata" : { "model" : "Breiman_CART", "version" : "2024-W04"},
			"options" : { "ccp_alpha" : 0, "criterion" : "", "max_depth" : 6, "max_features" : 2, "max_leaf_nodes" : 32, "min_impurity_decrease" : 0, "min_samples_leaf" : 1, "min_samples_split" : 2, "min_weight_fraction_leaf" : 0.050000001, "random_state" : 4282500002, "splitter" : "best" },
			"dataset" : { "dataset_rows" : 150, "dataset_features" : 4 },
			"classes" : [ 0, 1, 2 ],
			"tree" : {
			"features" : 4,
			"outputs" : 3,
			"max_depth" : 3,
			"node_count" : 9,
			"nodes" : {
				"node_0" : {"left" : 1, "right" : 2, "feature" : 2, "threshold" : 4.9000001, "impurity" : 0.66204441, "n_samples" : 150, "w_samples" : 150, "value" : [0.28, 0.37333333, 0.34666666]},
				"node_1" : {"left" : 3, "right" : 4, "feature" : 3, "threshold" : 0.80000001, "impurity" : 0.50960004, "n_samples" : 100, "w_samples" : 100, "value" : [0.41999999, 0.56, 0.02]},
				"node_2" : {"left" : null, "right" : null, "feature" : null, "threshold" : null, "impurity" : 0, "n_samples" : 50, "w_samples" : 50, "value" : [0, 0, 1]},
				"node_3" : {"left" : null, "right" : null, "feature" : null, "threshold" : null, "impurity" : 0, "n_samples" : 42, "w_samples" : 42, "value" : [1, 0, 0]},
				"node_4" : {"left" : 5, "right" : 6, "feature" : 3, "threshold" : 1.45, "impurity" : 0.066587389, "n_samples" : 58, "w_samples" : 58, "value" : [0, 0.96551722, 0.034482758]},
				"node_5" : {"left" : null, "right" : null, "feature" : null, "threshold" : null, "impurity" : 0, "n_samples" : 42, "w_samples" : 42, "value" : [0, 1, 0]},
				"node_6" : {"left" : 7, "right" : 8, "feature" : 0, "threshold" : 6.25, "impurity" : 0.21875, "n_samples" : 16, "w_samples" : 16, "value" : [0, 0.875, 0.125]},
				"node_7" : {"left" : null, "right" : null, "feature" : null, "threshold" : null, "impurity" : 0.375, "n_samples" : 8, "w_samples" : 8, "value" : [0, 0.75, 0.25]},
				"node_8" : {"left" : null, "right" : null, "feature" : null, "threshold" : null, "impurity" : 0, "n_samples" : 8, "w_samples" : 8, "value" : [0, 1, 0]}
				}
			}
		},
		"RF_Tree_13" : 		{
			"metadata" : { "model" : "Breiman_CART", "version" : "2024-W04"},
			"options" : { "ccp_alpha" : 0, "criterion" : "", "max_depth" : 6, "max_features" : 2, "max_leaf_nodes" : 32, "min_impurity_decrease" : 0, "min_samples_leaf" : 1, "min_samples_split" : 2, "min_weight_fraction_leaf" : 0.050000001, "random_state" : 248559215, "splitter" : "best" },
			"dataset" : { "dataset_rows" : 150, "dataset_features" : 4 },
			"classes" : [ 0, 1, 2 ],
			"tree" : {
			"features" : 4,
			"outputs" : 3,
			"max_depth" : 3,
			"node_count" : 9,
			"nodes" : {
				"node_0" : {"left" : 1, "right" : 2, "feature" : 2, "threshold" : 2.45, "impurity" : 0.66426671, "n_samples" : 150, "w_samples" : 150, "value" : [0.37333333, 0.31333333, 0.31333333]},
				"node_1" : {"left" : null, "right" : null, "feature" : null, "threshold" : null, "impurity" : 0, "n_samples" : 56, "w_samples" : 56, "value" : [1, 0, 0]},
				"node_2" : {"left" : 3, "right" : 4, "feature" : 2, "threshold" : 4.9499998, "impurity" : 0.5, "n_samples" : 94, "w_samples" : 94, "value" : [0, 0.5, 0.5]},
				"node_3" : {"left" : 5, "right" : 6, "feature" : 2, "threshold" : 4.75, "impurity" : 0.17381656, "n_samples" : 52, "w_samples" : 52, "value" : [0, 0.90384614, 0.096153848]},
				"node_4" : {"left" : null, "right" : null, "feature" : null, "threshold" : null, "impurity" : 0, "n_samples" : 42, "w_samples" : 42, "value" : [0, 0, 1]},
				"node_5" : {"left" : 7, "right" : 8, "feature" : 3, "threshold" : 1.45, "impurity" : 0.045429945, "n_samples" : 43, "w_samples" : 43, "value" : [0, 0.97674417, 0.023255814]},
				"node_6" : {"left" : null, "right" : null, "feature" : null, "threshold" : null, "impurity" : 0.49382716, "n_samples" : 9, "w_samples" : 9, "value" : [0, 0.55555558, 0.44444445]},
				"node_7" : {"left" : null, "right" : null, "feature" : null, "threshold" : null, "impurity" : 0, "n_samples" : 35, "w_samples" : 35, "value" : [0, 1, 0]},
				"node_8" : {"left" : null, "right" : null, "feature" : null, "threshold" : null, "impurity" : 0.21875, "n_samples" : 8, "w_samples" : 8, "value" : [0, 0.875, 0.125]}
				}
			}
		},
		"RF_Tree_14" : 		{
			"metadata" : { "model" : "Breiman_CART", "version" : "2024-W04"},
			"options" : { "ccp_alpha" : 0, "criterion" : "", "max_depth" : 6, "max_features" : 2, "max_leaf_nodes" : 32, "min_impurity_decrease" : 0, "min_samples_leaf" : 1, "min_samples_split" : 2, "min_weight_fraction_leaf" : 0.050000001, "random_state" : 1247846498, "splitter" : "best" },
			"dataset" : { "dataset_rows" : 150, "dataset_features" : 4 },
			"classes" : [ 0, 1, 2 ],
			"tree" : {
			"features" : 4,
			"outputs" : 3,
			"max_depth" : 2,
			"node_count" : 9,
			"nodes" : {
				"node_0" : {"left" : 1, "right" : 2, "feature" : 3, "threshold" : 0.80000001, "impurity" : 0.66417778, "n_samples" : 150, "w_samples" : 150, "value" : [0.37333333, 0.31999999, 0.30666667]},
				"node_1" : {"left" : null, "right" : null, "feature" : null, "threshold" : null, "impurity" : 0, "n_samples" : 56, "w_samples" : 56, "value" : [1, 0, 0]},
				"node_2" : {"left" : 3, "right" : 4, "feature" : 3, "threshold" : 1.75, "impurity" : 0.49977368, "n_samples" : 94, "w_samples" : 94, "value" : [0, 0.5106383, 0.4893617]},
				"node_3" : {"left" : 5, "right" : 6, "feature" : 3, "threshold" : 1.55, "impurity" : 0.040798604, "n_samples" : 48, "w_samples" : 48, "value" : [0, 0.97916669, 0.020833334]},
				"node_4" : {"left" : 7, "right" : 8, "feature" : 2, "threshold" : 4.9499998, "impurity" : 0.0425331, "n_samples" : 46, "w_samples" : 46, "value" : [0, 0.021739131, 0.97826087]},
				"node_5" : {"left" : null, "right" : null, "feature" : null, "threshold" : null, "impurity" : 0, "n_samples" : 41, "w_samples" : 41, "value" : [0, 1, 0]},
				"node_6" : {"left" : null, "right" : null, "feature" : null, "threshold" : null, "impurity" : 0.24489796, "n_samples" : 7, "w_samples" : 7, "value" : [0, 0.85714287, 0.14285715]},
				"node_7" : {"left" : null, "right" : null, "feature" : null, "threshold" : null, "impurity" : 0.15277779, "n_samples" : 12, "w_samples" : 12, "value" : [0, 0.083333336, 0.91666669]},
				"node_8" : {"left" : null, "right" : null, "feature" : null, "threshold" : null, "impurity" : 0, "n_samples" : 34, "w_samples" : 34, "value" : [0, 0, 1]}
				}
			}
		},
		"RF_Tree_15" : 		{
			"metadata" : { "model" : "Breiman_CART", "version" : "2024-W04"},
			"options" : { "ccp_alpha" : 0, "criterion" : "", "max_depth" : 6, "max_features" : 2, "max_leaf_nodes" : 32, "min_impurity_decrease" : 0, "min_samples_leaf" : 1, "min_samples_split" : 2, "min_weight_fraction_leaf" : 0.050000001, "random_state" : 2946430490, "splitter" : "best" },
			"dataset" : { "dataset_rows" : 150, "dataset_features" : 4 },
			"classes" : [ 0, 1, 2 ],
			"tree" : {
			"features" : 4,
			"outputs" : 3,
			"max_depth" : 2,
			"node_count" : 9,
			"nodes" : {
				"node_0" : {"left" : 1, "right" : 2, "feature" : 3, "threshold" : 1.6500001, "impurity" : 0.65271115, "n_samples" : 150, "w_samples" : 150, "value" : [0.24666667, 0.41333333, 0.34]},
				"node_1" : {"left" : 3, "right" : 4, "feature" : 3, "threshold" : 0.80000001, "impurity" : 0.50014704, "n_samples" : 101, "w_samples" : 101, "value" : [0.36633664, 0.60396039, 0.029702971]},
				"node_2" : {"left" : 7, "right" : 8, "feature" : 3, "threshold" : 1.8499999, "impurity" : 0.039983332, "n_samples" : 49, "w_samples" : 49, "value" : [0, 0.020408163, 0.97959185]},
				"node_3" : {"left" : null, "right" : null, "feature" : null, "threshold" : null, "impurity" : 0, "n_samples" : 37, "w_samples" : 37, "value" : [1, 0, 0]},
				"node_4" : {"left" : 5, "right" : 6, "feature" : 2, "threshold" : 4.75, "impurity" : 0.089355469, "n_samples" : 64, "w_samples" : 64, "value" : [0, 0.953125, 0.046875]},
				"node_5" : {"left" : null, "right" : null, "feature" : null, "threshold" : null, "impurity" : 0, "n_samples" : 57, "w_samples" : 57, "value" : [0, 1, 0]},
				"node_6" : {"left" : null, "right" : null, "feature" : null, "threshold" : null, "impurity" : 0.48979592, "n_samples" : 7, "w_samples" : 7, "value" : [0, 0.5714286, 0.42857143]},
				"node_7" : {"left" : null, "right" : null, "feature" : null, "threshold" : null, "impurity" : 0.13265306, "n_samples" : 14, "w_samples" : 14, "value" : [0, 0.071428575, 0.9285714]},
				"node_8" : {"left" : null, "right" : null, "feature" : null, "threshold" : null, "impurity" : 0, "n_samples" : 35, "w_samples" : 35, "value" : [0, 0, 1]}
				}
			}
		},
		"RF_Tree_16" : 		{
			"metadata" : { "model" : "Breiman_CART", "version" : "2024-W04"},
			"options" : { "ccp_alpha" : 0, "criterion" : "", "max_depth" : 6, "max_features" : 2, "max_leaf_nodes" : 32, "min_impurity_decrease" : 0, "min_samples_leaf" : 1, "min_samples_split" : 2, "min_weight_fraction_leaf" : 0.050000001, "random_state" : 3269833746, "splitter" : "best" },
			"dataset" : { "dataset_rows" : 150, "dataset_features" : 4 },
			"classes" : [ 0, 1, 2 ],
			"tree" : {
			"features" : 4,
			"outputs" : 3,
			"max_depth" : 3,
			"node_count" : 9,
			"nodes" : {
				"node_0" : {"left" : 1, "right" : 2, "feature" : 3, "threshold" : 0.80000001, "impurity" : 0.66586667, "n_samples" : 150, "w_samples" : 150, "value" : [0.31333333, 0.33333334, 0.35333332]},
				"node_1" : {"left" : null, "right" : null, "feature" : null, "threshold" : null, "impurity" : 0, "n_samples" : 47, "w_samples" : 47, "value" : [1, 0, 0]},
				"node_2" : {"left" : 3, "right" : 4, "feature" : 2, "threshold" : 4.75, "impurity" : 0.49957585, "n_samples" : 103, "w_samples" : 103, "value" : [0, 0.48543689, 0.51456308]},
				"node_3" : {"left" : null, "right" : null, "feature" : null, "threshold" : null, "impurity" : 0, "n_samples" : 43, "w_samples" : 43, "value" : [0, 1, 0]},
				"node_4" : {"left" : 5, "right" : 6, "feature" : 3, "threshold" : 1.7, "impurity" : 0.20611113, "n_samples" : 60, "w_samples" : 60, "value" : [0, 0.11666667, 0.88333333]},
				"node_5" : {"left" : null, "right" : null, "feature" : null, "threshold" : null, "impurity" : 0.5, "n_samples" : 12, "w_samples" : 12, "value" : [0, 0.5, 0.5]},
				"node_6" : {"left" : 7, "right" : 8, "feature" : 2, "threshold" : 4.9499998, "impurity" : 0.040798604, "n_samples" : 48, "w_samples" : 48, "value" : [0, 0.020833334, 0.97916669]},
				"node_7" : {"left" : null, "right" : null, "feature" : null, "threshold" : null, "impurity" : 0.19753087, "n_samples" : 9, "w_samples" : 9, "value" : [0, 0.11111111, 0.8888889]},
				"node_8" : {"left" : null, "right" : null, "feature" : null, "threshold" : null, "impurity" : 0, "n_samples" : 39, "w_samples" : 39, "value" : [0, 0, 1]}
				}
			}
		},
		"RF_Tree_17" : 		{
			"metadata" : { "model" : "Breiman_CART", "version" : "2024-W04"},
			"options" : { "ccp_alpha" : 0, "criterion" : "", "max_depth" : 6, "max_features" : 2, "max_leaf_nodes" : 32, "min_impurity_decrease" : 0, "min_samples_leaf" : 1, "min_samples_split" : 2, "min_weight_fraction_leaf" : 0.050000001, "random_state" : 1118676846, "splitter" : "best" },
			"dataset" : { "dataset_rows" : 150, "dataset_features" : 4 },
			"classes" : [ 0, 1, 2 ],
			"tree" : {
			"features" : 4,
			"outputs" : 3,
			"max_depth" : 3,
			"node_count" : 11,
			"nodes" : {
				"node_00" : {"left" : 1, "right" : 2, "feature" : 3, "threshold" : 1.75, "impurity" : 0.66551113, "n_samples" : 150, "w_samples" : 150, "value" : [0.30666667, 0.34, 0.35333332]},
				"node_01" : {"left" : 3, "right" : 4, "feature" : 3, "threshold" : 0.69999999, "impurity" : 0.50929964, "n_samples" : 97, "w_samples" : 97, "value" : [0.4742268, 0.51546389, 0.010309278]},
				"node_02" : {"left" : 5, "right" : 6, "feature" : 3, "threshold" : 1.8499999, "impurity" : 0.037023842, "n_samples" : 53, "w_samples" : 53, "value" : [0, 0.018867925, 0.98113209]},
				"node_03" : {"left" : null, "right" : null, "feature" : null, "threshold" : null, "impurity" : 0, "n_samples" : 46, "w_samples" : 46, "value" : [1, 0, 0]},
				"node_04" : {"left" : 7, "right" : 8, "feature" : 2, "threshold" : 4.6499996, "impurity" : 0.038446724, "n_samples" : 51, "w_samples" : 51, "value" : [0, 0.98039216, 0.019607844]},
				"node_05" : {"left" : null, "right" : null, "feature" : null, "threshold" : null, "impurity" : 0.16528928, "n_samples" : 11, "w_samples" : 11, "value" : [0, 0.090909094, 0.90909094]},
				"node_06" : {"left" : null, "right" : null, "feature" : null, "threshold" : null, "impurity" : 0, "n_samples" : 42, "w_samples" : 42, "value" : [0, 0, 1]},
				"node_07" : {"left" : null, "right" : null, "feature" : null, "threshold" : null, "impurity" : 0, "n_samples" : 37, "w_samples" : 37, "value" : [0, 1, 0]},
				"node_08" : {"left" : 9, "right" : 10, "feature" : 1, "threshold" : 3.05, "impurity" : 0.13265306, "n_samples" : 14, "w_samples" : 14, "value" : [0, 0.9285714, 0.071428575]},
				"node_09" : {"left" : null, "right" : null, "feature" : null, "threshold" : null, "impurity" : 0.24489796, "n_samples" : 7, "w_samples" : 7, "value" : [0, 0.85714287, 0.14285715]},
				"node_10" : {"left" : null, "right" : null, "feature" : null, "threshold" : null, "impurity" : 0, "n_samples" : 7, "w_samples" : 7, "value" : [0, 1, 0]}
				}
			}
		},
		"RF_Tree_18" : 		{
			"metadata" : { "model" : "Breiman_CART", "version" : "2024-W04"},
			"options" : { "ccp_alpha" : 0, "criterion" : "", "max_depth" : 6, "max_features" : 2, "max_leaf_nodes" : 32, "min_impurity_decrease" : 0, "min_samples_leaf" : 1, "min_samples_split" : 2, "min_weight_fraction_leaf" : 0.050000001, "random_state" : 1054605305, "splitter" : "best" },
			"dataset" : { "dataset_rows" : 150, "dataset_features" : 4 },
			"classes" : [ 0, 1, 2 ],
			"tree" : {
			"features" : 4,
			"outputs" : 3,
			"max_depth" : 2,
			"node_count" : 7,
			"nodes" : {
				"node_0" : {"left" : 1, "right" : 2, "feature" : 2, "threshold" : 2.45, "impurity" : 0.66071111, "n_samples" : 150, "w_samples" : 150, "value" : [0.38, 0.27333334, 0.34666666]},
				"node_1" : {"left" : null, "right" : null, "feature" : null, "threshold" : null, "impurity" : 0, "n_samples" : 57, "w_samples" : 57, "value" : [1, 0, 0]},
				"node_2" : {"left" : 3, "right" : 4, "feature" : 2, "threshold" : 4.8500004, "impurity" : 0.49300498, "n_samples" : 93, "w_samples" : 93, "value" : [0, 0.44086021, 0.55913979]},
				"node_3" : {"left" : 5, "right" : 6, "feature" : 2, "threshold" : 4.6499996, "impurity" : 0.088696599, "n_samples" : 43, "w_samples" : 43, "value" : [0, 0.95348835, 0.046511628]},
				"node_4" : {"left" : null, "right" : null, "feature" : null, "threshold" : null, "impurity" : 0, "n_samples" : 50, "w_samples" : 50, "value" : [0, 0, 1]},
				"node_5" : {"left" : null, "right" : null, "feature" : null, "threshold" : null, "impurity" : 0, "n_samples" : 34, "w_samples" : 34, "value" : [0, 1, 0]},
				"node_6" : {"left" : null, "right" : null, "feature" : null, "threshold" : null, "impurity" : 0.34567899, "n_samples" : 9, "w_samples" : 9, "value" : [0, 0.77777779, 0.22222222]}
				}
			}
		},
		"RF_Tree_19" : 		{
			"metadata" : { "model" : "Breiman_CART", "version" : "2024-W04"},
			"options" : { "ccp_alpha" : 0, "criterion" : "", "max_depth" : 6, "max_features" : 2, "max_leaf_nodes" : 32, "min_impurity_decrease" : 0, "min_samples_leaf" : 1, "min_samples_split" : 2, "min_weight_fraction_leaf" : 0.050000001, "random_state" : 481037980, "splitter" : "best" },
			"dataset" : { "dataset_rows" : 150, "dataset_features" : 4 },
			"classes" : [ 0, 1, 2 ],
			"tree" : {
			"features" : 4,
			"outputs" : 3,
			"max_depth" : 2,
			"node_count" : 9,
			"nodes" : {
				"node_0" : {"left" : 1, "right" : 2, "feature" : 3, "threshold" : 0.80000001, "impurity" : 0.6639111, "n_samples" : 150, "w_samples" : 150, "value" : [0.37333333, 0.30000001, 0.32666665]},
				"node_1" : {"left" : null, "right" : null, "feature" : null, "threshold" : null, "impurity" : 0, "n_samples" : 56, "w_samples" : 56, "value" : [1, 0, 0]},
				"node_2" : {"left" : 3, "right" : 4, "feature" : 2, "threshold" : 4.9499998, "impurity" : 0.49909461, "n_samples" : 94, "w_samples" : 94, "value" : [0, 0.47872341, 0.52127659]},
				"node_3" : {"left" : 5, "right" : 6, "feature" : 3, "threshold" : 1.55, "impurity" : 0.15277779, "n_samples" : 48, "w_samples" : 48, "value" : [0, 0.91666669, 0.083333336]},
				"node_4" : {"left" : 7, "right" : 8, "feature" : 0, "threshold" : 6.0999999, "impurity" : 0.0425331, "n_samples" : 46, "w_samples" : 46, "value" : [0, 0.021739131, 0.97826087]},
				"node_5" : {"left" : null, "right" : null, "feature" : null, "threshold" : null, "impurity" : 0, "n_samples" : 40, "w_samples" : 40, "value" : [0, 1, 0]},
				"node_6" : {"left" : null, "right" : null, "feature" : null, "threshold" : null, "impurity" : 0.5, "n_samples" : 8, "w_samples" : 8, "value" : [0, 0.5, 0.5]},
				"node_7" : {"left" : null, "right" : null, "feature" : null, "threshold" : null, "impurity" : 0.19753087, "n_samples" : 9, "w_samples" : 9, "value" : [0, 0.11111111, 0.8888889]},
				"node_8" : {"left" : null, "right" : null, "feature" : null, "threshold" : null, "impurity" : 0, "n_samples" : 37, "w_samples" : 37, "value" : [0, 0, 1]}
				}
			}
		},
		"RF_Tree_20" : 		{
			"metadata" : { "model" : "Breiman_CART", "version" : "2024-W04"},
			"options" : { "ccp_alpha" : 0, "criterion" : "", "max_depth" : 6, "max_features" : 2, "max_leaf_nodes" : 32, "min_impurity_decrease" : 0, "min_samples_leaf" : 1, "min_samples_split" : 2, "min_weight_fraction_leaf" : 0.050000001, "random_state" : 3077853413, "splitter" : "best" },
			"dataset" : { "dataset_rows" : 150, "dataset_features" : 4 },
			"classes" : [ 0, 1, 2 ],
			"tree" : {
			"features" : 4,
			"outputs" : 3,
			"max_depth" : 2,
			"node_count" : 9,
			"nodes" : {
				"node_0" : {"left" : 1, "right" : 2, "feature" : 3, "threshold" : 0.80000001, "impurity" : 0.66204441, "n_samples" : 150, "w_samples" : 150, "value" : [0.29333332, 0.38666666, 0.31999999]},
				"node_1" : {"left" : null, "right" : null, "feature" : null, "threshold" : null, "impurity" : 0, "n_samples" : 44, "w_samples" : 44, "value" : [1, 0, 0]},
				"node_2" : {"left" : 3, "right" : 4, "feature" : 2, "threshold" : 4.8500004, "impurity" : 0.49555004, "n_samples" : 106, "w_samples" : 106, "value" : [0, 0.5471698, 0.4528302]},
				"node_3" : {"left" : 5, "right" : 6, "feature" : 3, "threshold" : 1.55, "impurity" : 0.095000029, "n_samples" : 60, "w_samples" : 60, "value" : [0, 0.94999999, 0.050000001]},
				"node_4" : {"left" : 7, "right" : 8, "feature" : 2, "threshold" : 5.0500002, "impurity" : 0.0425331, "n_samples" : 46, "w_samples" : 46, "value" : [0, 0.021739131, 0.97826087]},
				"node_5" : {"left" : null, "right" : null, "feature" : null, "threshold" : null, "impurity" : 0, "n_samples" : 53, "w_samples" : 53, "value" : [0, 1, 0]},
				"node_6" : {"left" : null, "right" : null, "feature" : null, "threshold" : null, "impurity" : 0.48979592, "n_samples" : 7, "w_samples" : 7, "value" : [0, 0.5714286, 0.42857143]},
				"node_7" : {"left" : null, "right" : null, "feature" : null, "threshold" : null, "impurity" : 0.21875, "n_samples" : 8, "w_samples" : 8, "value" : [0, 0.125, 0.875]},
				"node_8" : {"left" : null, "right" : null, "feature" : null, "threshold" : null, "impurity" : 0, "n_samples" : 38, "w_samples" : 38, "value" : [0, 0, 1]}
				}
			}
		},
		"RF_Tree_21" : 		{
			"metadata" : { "model" : "Breiman_CART", "version" : "2024-W04"},
			"options" : { "ccp_alpha" : 0, "criterion" : "", "max_depth" : 6, "max_features" : 2, "max_leaf_nodes" : 32, "min_impurity_decrease" : 0, "min_samples_leaf" : 1, "min_samples_split" : 2, "min_weight_fraction_leaf" : 0.050000001, "random_state" : 27436215, "splitter" : "best" },
			"dataset" : { "dataset_rows" : 150, "dataset_features" : 4 },
			"classes" : [ 0, 1, 2 ],
			"tree" : {
			"features" : 4,
			"outputs" : 3,
			"max_depth" : 5,
			"node_count" : 21,
			"nodes" : {
				"node_00" : {"left" : 1, "right" : 2, "feature" : 0, "threshold" : 5.4499998, "impurity" : 0.66497779, "n_samples" : 150, "w_samples" : 150, "value" : [0.34666666, 0.30000001, 0.35333332]},
				"node_01" : {"left" : 3, "right" : 4, "feature" : 3, "threshold" : 0.80000001, "impurity" : 0.26659006, "n_samples" : 59, "w_samples" : 59, "value" : [0.84745765, 0.11864407, 0.033898305]},
				"node_02" : {"left" : 5, "right" : 6, "feature" : 0, "threshold" : 6.1999998, "impurity" : 0.51104939, "n_samples" : 91, "w_samples" : 91, "value" : [0.021978023, 0.41758242, 0.56043959]},
				"node_03" : {"left" : null, "right" : null, "feature" : null, "threshold" : null, "impurity" : 0, "n_samples" : 50, "w_samples" : 50, "value" : [1, 0, 0]},
				"node_04" : {"left" : null, "right" : null, "feature" : null, "threshold" : null, "impurity" : 0.34567899, "n_samples" : 9, "w_samples" : 9, "value" : [0, 0.77777779, 0.22222222]},
				"node_05" : {"left" : 7, "right" : 8, "feature" : 2, "threshold" : 4.8500004, "impurity" : 0.43628812, "n_samples" : 38, "w_samples" : 38, "value" : [0.052631579, 0.71052629, 0.23684211]},
				"node_06" : {"left" : 11, "right" : 12, "feature" : 1, "threshold" : 3.1500001, "impurity" : 0.32894266, "n_samples" : 53, "w_samples" : 53, "value" : [0, 0.20754717, 0.79245281]},
				"node_07" : {"left" : 9, "right" : 10, "feature" : 3, "threshold" : 1.1500001, "impurity" : 0.13265306, "n_samples" : 28, "w_samples" : 28, "value" : [0.071428575, 0.9285714, 0]},
				"node_08" : {"left" : null, "right" : null, "feature" : null, "threshold" : null, "impurity" : 0.18000001, "n_samples" : 10, "w_samples" : 10, "value" : [0, 0.1, 0.89999998]},
				"node_09" : {"left" : null, "right" : null, "feature" : null, "threshold" : null, "impurity" : 0.40816325, "n_samples" : 7, "w_samples" : 7, "value" : [0.2857143, 0.71428573, 0]},
				"node_10" : {"left" : null, "right" : null, "feature" : null, "threshold" : null, "impurity" : 0, "n_samples" : 21, "w_samples" : 21, "value" : [0, 1, 0]},
				"node_11" : {"left" : 13, "right" : 14, "feature" : 1, "threshold" : 2.8499999, "impurity" : 0.39875001, "n_samples" : 40, "w_samples" : 40, "value" : [0, 0.27500001, 0.72500002]},
				"node_12" : {"left" : null, "right" : null, "feature" : null, "threshold" : null, "impurity" : 0, "n_samples" : 13, "w_samples" : 13, "value" : [0, 0, 1]},
				"node_13" : {"left" : 19, "right" : 20, "feature" : 2, "threshold" : 5.4499998, "impurity" : 0.20761245, "n_samples" : 17, "w_samples" : 17, "value" : [0, 0.11764706, 0.88235295]},
				"node_14" : {"left" : 15, "right" : 16, "feature" : 0, "threshold" : 6.5500002, "impurity" : 0.47637051, "n_samples" : 23, "w_samples" : 23, "value" : [0, 0.39130434, 0.60869563]},
				"node_15" : {"left" : null, "right" : null, "feature" : null, "threshold" : null, "impurity" : 0.21875, "n_samples" : 8, "w_samples" : 8, "value" : [0, 0.125, 0.875]},
				"node_16" : {"left" : 17, "right" : 18, "feature" : 3, "threshold" : 1.75, "impurity" : 0.49777776, "n_samples" : 15, "w_samples" : 15, "value" : [0, 0.53333336, 0.46666667]},
				"node_17" : {"left" : null, "right" : null, "feature" : null, "threshold" : null, "impurity" : 0, "n_samples" : 8, "w_samples" : 8, "value" : [0, 1, 0]},
				"node_18" : {"left" : null, "right" : null, "feature" : null, "threshold" : null, "impurity" : 0, "n_samples" : 7, "w_samples" : 7, "value" : [0, 0, 1]},
				"node_19" : {"left" : null, "right" : null, "feature" : null, "threshold" : null, "impurity" : 0.40816325, "n_samples" : 7, "w_samples" : 7, "value" : [0, 0.2857143, 0.71428573]},
				"node_20" : {"left" : null, "right" : null, "feature" : null, "threshold" : null, "impurity" : 0, "n_samples" : 10, "w_samples" : 10, "value" : [0, 0, 1]}
				}
			}
		},
		"RF_Tree_22" : 		{
			"metadata" : { "model" : "Breiman_CART", "version" : "2024-W04"},
			"options" : { "ccp_alpha" : 0, "criterion" : "", "max_depth" : 6, "max_features" : 2, "max_leaf_nodes" : 32, "min_impurity_decrease" : 0, "min_samples_leaf" : 1, "min_samples_split" : 2, "min_weight_fraction_leaf" : 0.050000001, "random_state" : 1805084553, "splitter" : "best" },
			"dataset" : { "dataset_rows" : 150, "dataset_features" : 4 },
			"classes" : [ 0, 1, 2 ],
			"tree" : {
			"features" : 4,
			"outputs" : 3,
			"max_depth" : 2,
			"node_count" : 9,
			"nodes" : {
				"node_0" : {"left" : 1, "right" : 2, "feature" : 3, "threshold" : 0.80000001, "impurity" : 0.66337776, "n_samples" : 150, "w_samples" : 150, "value" : [0.30666667, 0.31333333, 0.38]},
				"node_1" : {"left" : null, "right" : null, "feature" : null, "threshold" : null, "impurity" : 0, "n_samples" : 46, "w_samples" : 46, "value" : [1, 0, 0]},
				"node_2" : {"left" : 3, "right" : 4, "feature" : 2, "threshold" : 4.8500004, "impurity" : 0.49537724, "n_samples" : 104, "w_samples" : 104, "value" : [0, 0.45192307, 0.54807693]},
				"node_3" : {"left" : 7, "right" : 8, "feature" : 3, "threshold" : 1.45, "impurity" : 0.043456793, "n_samples" : 45, "w_samples" : 45, "value" : [0, 0.97777778, 0.022222223]},
				"node_4" : {"left" : 5, "right" : 6, "feature" : 3, "threshold" : 1.75, "impurity" : 0.096524, "n_samples" : 59, "w_samples" : 59, "value" : [0, 0.050847456, 0.94915253]},
				"node_5" : {"left" : null, "right" : null, "feature" : null, "threshold" : null, "impurity" : 0.48979592, "n_samples" : 7, "w_samples" : 7, "value" : [0, 0.42857143, 0.5714286]},
				"node_6" : {"left" : null, "right" : null, "feature" : null, "threshold" : null, "impurity" : 0, "n_samples" : 52, "w_samples" : 52, "value" : [0, 0, 1]},
				"node_7" : {"left" : null, "right" : null, "feature" : null, "threshold" : null, "impurity" : 0, "n_samples" : 32, "w_samples" : 32, "value" : [0, 1, 0]},
				"node_8" : {"left" : null, "right" : null, "feature" : null, "threshold" : null, "impurity" : 0.14201182, "n_samples" : 13, "w_samples" : 13, "value" : [0, 0.92307693, 0.07692308]}
				}
			}
		},
		"RF_Tree_23" : 		{
			"metadata" : { "model" : "Breiman_CART", "version" : "2024-W04"},
			"options" : { "ccp_alpha" : 0, "criterion" : "", "max_depth" : 6, "max_features" : 2, "max_leaf_nodes" : 32, "min_impurity_decrease" : 0, "min_samples_leaf" : 1, "min_samples_split" : 2, "min_weight_fraction_leaf" : 0.050000001, "random_state" : 2247625797, "splitter" : "best" },
			"dataset" : { "dataset_rows" : 150, "dataset_features" : 4 },
			"classes" : [ 0, 1, 2 ],
			"tree" : {
			"features" : 4,
			"outputs" : 3,
			"max_depth" : 3,
			"node_count" : 11,
			"nodes" : {
				"node_00" : {"left" : 1, "right" : 2, "feature" : 2, "threshold" : 2.5999999, "impurity" : 0.6548444, "n_samples" : 150, "w_samples" : 150, "value" : [0.25999999, 0.32666665, 0.41333333]},
				"node_01" : {"left" : null, "right" : null, "feature" : null, "threshold" : null, "impurity" : 0, "n_samples" : 39, "w_samples" : 39, "value" : [1, 0, 0]},
				"node_02" : {"left" : 3, "right" : 4, "feature" : 3, "threshold" : 1.75, "impurity" : 0.49314177, "n_samples" : 111, "w_samples" : 111, "value" : [0, 0.44144145, 0.55855858]},
				"node_03" : {"left" : 5, "right" : 6, "feature" : 2, "threshold" : 4.8500004, "impurity" : 0.1445598, "n_samples" : 51, "w_samples" : 51, "value" : [0, 0.92156863, 0.078431375]},
				"node_04" : {"left" : 7, "right" : 8, "feature" : 2, "threshold" : 4.9499998, "impurity" : 0.064444423, "n_samples" : 60, "w_samples" : 60, "value" : [0, 0.033333335, 0.96666664]},
				"node_05" : {"left" : 9, "right" : 10, "feature" : 1, "threshold" : 2.55, "impurity" : 0.046485245, "n_samples" : 42, "w_samples" : 42, "value" : [0, 0.97619045, 0.023809524]},
				"node_06" : {"left" : null, "right" : null, "feature" : null, "threshold" : null, "impurity" : 0.44444442, "n_samples" : 9, "w_samples" : 9, "value" : [0, 0.66666669, 0.33333334]},
				"node_07" : {"left" : null, "right" : null, "feature" : null, "threshold" : null, "impurity" : 0.29752064, "n_samples" : 11, "w_samples" : 11, "value" : [0, 0.18181819, 0.81818181]},
				"node_08" : {"left" : null, "right" : null, "feature" : null, "threshold" : null, "impurity" : 0, "n_samples" : 49, "w_samples" : 49, "value" : [0, 0, 1]},
				"node_09" : {"left" : null, "right" : null, "feature" : null, "threshold" : null, "impurity" : 0.19753087, "n_samples" : 9, "w_samples" : 9, "value" : [0, 0.8888889, 0.11111111]},
				"node_10" : {"left" : null, "right" : null, "feature" : null, "threshold" : null, "impurity" : 0, "n_samples" : 33, "w_samples" : 33, "value" : [0, 1, 0]}
				}
			}
		},
		"RF_Tree_24" : 		{
			"metadata" : { "model" : "Breiman_CART", "version" : "2024-W04"},
			"options" : { "ccp_alpha" : 0, "criterion" : "", "max_depth" : 6, "max_features" : 2, "max_leaf_nodes" : 32, "min_impurity_decrease" : 0, "min_samples_leaf" : 1, "min_samples_split" : 2, "min_weight_fraction_leaf" : 0.050000001, "random_state" : 1720864835, "splitter" : "best" },
			"dataset" : { "dataset_rows" : 150, "dataset_features" : 4 },
			"classes" : [ 0, 1, 2 ],
			"tree" : {
			"features" : 4,
			"outputs" : 3,
			"max_depth" : 2,
			"node_count" : 7,
			"nodes" : {
				"node_0" : {"left" : 1, "right" : 2, "feature" : 2, "threshold" : 2.45, "impurity" : 0.66159999, "n_samples" : 150, "w_samples" : 150, "value" : [0.32666665, 0.38666666, 0.28666666]},
				"node_1" : {"left" : null, "right" : null, "feature" : null, "threshold" : null, "impurity" : 0, "n_samples" : 49, "w_samples" : 49, "value" : [1, 0, 0]},
				"node_2" : {"left" : 3, "right" : 4, "feature" : 3, "threshold" : 1.75, "impurity" : 0.48897165, "n_samples" : 101, "w_samples" : 101, "value" : [0, 0.57425743, 0.42574257]},
				"node_3" : {"left" : 5, "right" : 6, "feature" : 2, "threshold" : 4.5999999, "impurity" : 0.064444423, "n_samples" : 60, "w_samples" : 60, "value" : [0, 0.96666664, 0.033333335]},
				"node_4" : {"left" : null, "right" : null, "feature" : null, "threshold" : null, "impurity" : 0, "n_samples" : 41, "w_samples" : 41, "value" : [0, 0, 1]},
				"node_5" : {"left" : null, "right" : null, "feature" : null, "threshold" : null, "impurity" : 0, "n_samples" : 48, "w_samples" : 48, "value" : [0, 1, 0]},
				"node_6" : {"left" : null, "right" : null, "feature" : null, "threshold" : null, "impurity" : 0.27777779, "n_samples" : 12, "w_samples" : 12, "value" : [0, 0.83333331, 0.16666667]}
				}
			}
		},
		"RF_Tree_25" : 		{
			"metadata" : { "model" : "Breiman_CART", "version" : "2024-W04"},
			"options" : { "ccp_alpha" : 0, "criterion" : "", "max_depth" : 6, "max_features" : 2, "max_leaf_nodes" : 32, "min_impurity_decrease" : 0, "min_samples_leaf" : 1, "min_samples_split" : 2, "min_weight_fraction_leaf" : 0.050000001, "random_state" : 196522367, "splitter" : "best" },
			"dataset" : { "dataset_rows" : 150, "dataset_features" : 4 },
			"classes" : [ 0, 1, 2 ],
			"tree" : {
			"features" : 4,
			"outputs" : 3,
			"max_depth" : 3,
			"node_count" : 11,
			"nodes" : {
				"node_00" : {"left" : 1, "right" : 2, "feature" : 3, "threshold" : 0.80000001, "impurity" : 0.66337776, "n_samples" : 150, "w_samples" : 150, "value" : [0.30666667, 0.38, 0.31333333]},
				"node_01" : {"left" : null, "right" : null, "feature" : null, "threshold" : null, "impurity" : 0, "n_samples" : 46, "w_samples" : 46, "value" : [1, 0, 0]},
				"node_02" : {"left" : 3, "right" : 4, "feature" : 3, "threshold" : 1.6500001, "impurity" : 0.49537724, "n_samples" : 104, "w_samples" : 104, "value" : [0, 0.54807693, 0.45192307]},
				"node_03" : {"left" : 5, "right" : 6, "feature" : 3, "threshold" : 1.3499999, "impurity" : 0.096524, "n_samples" : 59, "w_samples" : 59, "value" : [0, 0.94915253, 0.050847456]},
				"node_04" : {"left" : 9, "right" : 10, "feature" : 2, "threshold" : 4.8500004, "impurity" : 0.043456793, "n_samples" : 45, "w_samples" : 45, "value" : [0, 0.022222223, 0.97777778]},
				"node_05" : {"left" : null, "right" : null, "feature" : null, "threshold" : null, "impurity" : 0, "n_samples" : 36, "w_samples" : 36, "value" : [0, 1, 0]},
				"node_06" : {"left" : 7, "right" : 8, "feature" : 0, "threshold" : 6.1999998, "impurity" : 0.22684312, "n_samples" : 23, "w_samples" : 23, "value" : [0, 0.86956519, 0.13043478]},
				"node_07" : {"left" : null, "right" : null, "feature" : null, "threshold" : null, "impurity" : 0.375, "n_samples" : 12, "w_samples" : 12, "value" : [0, 0.75, 0.25]},
				"node_08" : {"left" : null, "right" : null, "feature" : null, "threshold" : null, "impurity" : 0, "n_samples" : 11, "w_samples" : 11, "value" : [0, 1, 0]},
				"node_09" : {"left" : null, "right" : null, "feature" : null, "threshold" : null, "impurity" : 0.24489796, "n_samples" : 7, "w_samples" : 7, "value" : [0, 0.14285715, 0.85714287]},
				"node_10" : {"left" : null, "right" : null, "feature" : null, "threshold" : null, "impurity" : 0, "n_samples" : 38, "w_samples" : 38, "value" : [0, 0, 1]}
				}
			}
		},
		"RF_Tree_26" : 		{
			"metadata" : { "model" : "Breiman_CART", "version" : "2024-W04"},
			"options" : { "ccp_alpha" : 0, "criterion" : "", "max_depth" : 6, "max_features" : 2, "max_leaf_nodes" : 32, "min_impurity_decrease" : 0, "min_samples_leaf" : 1, "min_samples_split" : 2, "min_weight_fraction_leaf" : 0.050000001, "random_state" : 1047915562, "splitter" : "best" },
			"dataset" : { "dataset_rows" : 150, "dataset_features" : 4 },
			"classes" : [ 0, 1, 2 ],
			"tree" : {
			"features" : 4,
			"outputs" : 3,
			"max_depth" : 1,
			"node_count" : 7,
			"nodes" : {
				"node_0" : {"left" : 1, "right" : 2, "feature" : 2, "threshold" : 4.75, "impurity" : 0.66231108, "n_samples" : 150, "w_samples" : 150, "value" : [0.28, 0.36666667, 0.35333332]},
				"node_1" : {"left" : 3, "right" : 4, "feature" : 3, "threshold" : 0.69999999, "impurity" : 0.4953174, "n_samples" : 93, "w_samples" : 93, "value" : [0.45161289, 0.54838711, 0]},
				"node_2" : {"left" : 5, "right" : 6, "feature" : 3, "threshold" : 1.7, "impurity" : 0.13050169, "n_samples" : 57, "w_samples" : 57, "value" : [0, 0.070175439, 0.92982459]},
				"node_3" : {"left" : null, "right" : null, "feature" : null, "threshold" : null, "impurity" : 0, "n_samples" : 42, "w_samples" : 42, "value" : [1, 0, 0]},
				"node_4" : {"left" : null, "right" : null, "feature" : null, "threshold" : null, "impurity" : 0, "n_samples" : 51, "w_samples" : 51, "value" : [0, 1, 0]},
				"node_5" : {"left" : null, "right" : null, "feature" : null, "threshold" : null, "impurity" : 0.48979592, "n_samples" : 7, "w_samples" : 7, "value" : [0, 0.5714286, 0.42857143]},
				"node_6" : {"left" : null, "right" : null, "feature" : null, "threshold" : null, "impurity" : 0, "n_samples" : 50, "w_samples" : 50, "value" : [0, 0, 1]}
				}
			}
		},
		"RF_Tree_27" : 		{
			"metadata" : { "model" : "Breiman_CART", "version" : "2024-W04"},
			"options" : { "ccp_alpha" : 0, "criterion" : "", "max_depth" : 6, "max_features" : 2, "max_leaf_nodes" : 32, "min_impurity_decrease" : 0, "min_samples_leaf" : 1, "min_samples_split" : 2, "min_weight_fraction_leaf" : 0.050000001, "random_state" : 3904152939, "splitter" : "best" },
			"dataset" : { "dataset_rows" : 150, "dataset_features" : 4 },
			"classes" : [ 0, 1, 2 ],
			"tree" : {
			"features" : 4,
			"outputs" : 3,
			"max_depth" : 3,
			"node_count" : 9,
			"nodes" : {
				"node_0" : {"left" : 1, "right" : 2, "feature" : 3, "threshold" : 0.69999999, "impurity" : 0.66106665, "n_samples" : 150, "w_samples" : 150, "value" : [0.37333333, 0.35333332, 0.27333334]},
				"node_1" : {"left" : null, "right" : null, "feature" : null, "threshold" : null, "impurity" : 0, "n_samples" : 56, "w_samples" : 56, "value" : [1, 0, 0]},
				"node_2" : {"left" : 3, "right" : 4, "feature" : 2, "threshold" : 4.75, "impurity" : 0.49185151, "n_samples" : 94, "w_samples" : 94, "value" : [0, 0.56382978, 0.43617022]},
				"node_3" : {"left" : null, "right" : null, "feature" : null, "threshold" : null, "impurity" : 0, "n_samples" : 47, "w_samples" : 47, "value" : [0, 1, 0]},
				"node_4" : {"left" : 5, "right" : 6, "feature" : 3, "threshold" : 1.7, "impurity" : 0.22272521, "n_samples" : 47, "w_samples" : 47, "value" : [0, 0.12765957, 0.87234044]},
				"node_5" : {"left" : null, "right" : null, "feature" : null, "threshold" : null, "impurity" : 0.46875, "n_samples" : 8, "w_samples" : 8, "value" : [0, 0.625, 0.375]},
				"node_6" : {"left" : 7, "right" : 8, "feature" : 0, "threshold" : 6.1499996, "impurity" : 0.04996711, "n_samples" : 39, "w_samples" : 39, "value" : [0, 0.025641026, 0.97435898]},
				"node_7" : {"left" : null, "right" : null, "feature" : null, "threshold" : null, "impurity" : 0.21875, "n_samples" : 8, "w_samples" : 8, "value" : [0, 0.125, 0.875]},
				"node_8" : {"left" : null, "right" : null, "feature" : null, "threshold" : null, "impurity" : 0, "n_samples" : 31, "w_samples" : 31, "value" : [0, 0, 1]}
				}
			}
		},
		"RF_Tree_28" : 		{
			"metadata" : { "model" : "Breiman_CART", "version" : "2024-W04"},
			"options" : { "ccp_alpha" : 0, "criterion" : "", "max_depth" : 6, "max_features" : 2, "max_leaf_nodes" : 32, "min_impurity_decrease" : 0, "min_samples_leaf" : 1, "min_samples_split" : 2, "min_weight_fraction_leaf" : 0.050000001, "random_state" : 1989645768, "splitter" : "best" },
			"dataset" : { "dataset_rows" : 150, "dataset_features" : 4 },
			"classes" : [ 0, 1, 2 ],
			"tree" : {
			"features" : 4,
			"outputs" : 3,
			"max_depth" : 3,
			"node_count" : 9,
			"nodes" : {
				"node_0" : {"left" : 1, "right" : 2, "feature" : 3, "threshold" : 0.80000001, "impurity" : 0.66639996, "n_samples" : 150, "w_samples" : 150, "value" : [0.32666665, 0.32666665, 0.34666666]},
				"node_1" : {"left" : null, "right" : null, "feature" : null, "threshold" : null, "impurity" : 0, "n_samples" : 49, "w_samples" : 49, "value" : [1, 0, 0]},
				"node_2" : {"left" : 3, "right" : 4, "feature" : 2, "threshold" : 4.75, "impurity" : 0.49955887, "n_samples" : 101, "w_samples" : 101, "value" : [0, 0.48514852, 0.51485151]},
				"node_3" : {"left" : null, "right" : null, "feature" : null, "threshold" : null, "impurity" : 0, "n_samples" : 44, "w_samples" : 44, "value" : [0, 1, 0]},
				"node_4" : {"left" : 5, "right" : 6, "feature" : 2, "threshold" : 5.0500002, "impurity" : 0.16004926, "n_samples" : 57, "w_samples" : 57, "value" : [0, 0.087719299, 0.91228068]},
				"node_5" : {"left" : 7, "right" : 8, "feature" : 0, "threshold" : 6.1999998, "impurity" : 0.40123457, "n_samples" : 18, "w_samples" : 18, "value" : [0, 0.27777779, 0.72222221]},
				"node_6" : {"left" : null, "right" : null, "feature" : null, "threshold" : null, "impurity" : 0, "n_samples" : 39, "w_samples" : 39, "value" : [0, 0, 1]},
				"node_7" : {"left" : null, "right" : null, "feature" : null, "threshold" : null, "impurity" : 0, "n_samples" : 9, "w_samples" : 9, "value" : [0, 0, 1]},
				"node_8" : {"left" : null, "right" : null, "feature" : null, "threshold" : null, "impurity" : 0.49382716, "n_samples" : 9, "w_samples" : 9, "value" : [0, 0.55555558, 0.44444445]}
				}
			}
		},
		"RF_Tree_29" : 		{
			"metadata" : { "model" : "Breiman_CART", "version" : "2024-W04"},
			"options" : { "ccp_alpha" : 0, "criterion" : "", "max_depth" : 6, "max_features" : 2, "max_leaf_nodes" : 32, "min_impurity_decrease" : 0, "min_samples_leaf" : 1, "min_samples_split" : 2, "min_weight_fraction_leaf" : 0.050000001, "random_state" : 2165195869, "splitter" : "best" },
			"dataset" : { "dataset_rows" : 150, "dataset_features" : 4 },
			"classes" : [ 0, 1, 2 ],
			"tree" : {
			"features" : 4,
			"outputs" : 3,
			"max_depth" : 2,
			"node_count" : 9,
			"nodes" : {
				"node_0" : {"left" : 1, "right" : 2, "feature" : 3, "threshold" : 0.80000001, "impurity" : 0.66631114, "n_samples" : 150, "w_samples" : 150, "value" : [0.34666666, 0.31999999, 0.33333334]},
				"node_1" : {"left" : null, "right" : null, "feature" : null, "threshold" : null, "impurity" : 0, "n_samples" : 52, "w_samples" : 52, "value" : [1, 0, 0]},
				"node_2" : {"left" : 3, "right" : 4, "feature" : 2, "threshold" : 4.75, "impurity" : 0.49979174, "n_samples" : 98, "w_samples" : 98, "value" : [0, 0.48979592, 0.51020408]},
				"node_3" : {"left" : 7, "right" : 8, "feature" : 3, "threshold" : 1.45, "impurity" : 0.081484854, "n_samples" : 47, "w_samples" : 47, "value" : [0, 0.95744681, 0.04255319]},
				"node_4" : {"left" : 5, "right" : 6, "feature" : 3, "threshold" : 1.8499999, "impurity" : 0.11072665, "n_samples" : 51, "w_samples" : 51, "value" : [0, 0.05882353, 0.94117647]},
				"node_5" : {"left" : null, "right" : null, "feature" : null, "threshold" : null, "impurity" : 0.35502958, "n_samples" : 13, "w_samples" : 13, "value" : [0, 0.23076923, 0.76923078]},
				"node_6" : {"left" : null, "right" : null, "feature" : null, "threshold" : null, "impurity" : 0, "n_samples" : 38, "w_samples" : 38, "value" : [0, 0, 1]},
				"node_7" : {"left" : null, "right" : null, "feature" : null, "threshold" : null, "impurity" : 0, "n_samples" : 34, "w_samples" : 34, "value" : [0, 1, 0]},
				"node_8" : {"left" : null, "right" : null, "feature" : null, "threshold" : null, "impurity" : 0.26035506, "n_samples" : 13, "w_samples" : 13, "value" : [0, 0.84615386, 0.15384616]}
				}
			}
		},
		"RF_Tree_30" : 		{
			"metadata" : { "model" : "Breiman_CART", "version" : "2024-W04"},
			"options" : { "ccp_alpha" : 0, "criterion" : "", "max_depth" : 6, "max_features" : 2, "max_leaf_nodes" : 32, "min_impurity_decrease" : 0, "min_samples_leaf" : 1, "min_samples_split" : 2, "min_weight_fraction_leaf" : 0.050000001, "random_state" : 224589088, "splitter" : "best" },
			"dataset" : { "dataset_rows" : 150, "dataset_features" : 4 },
			"classes" : [ 0, 1, 2 ],
			"tree" : {
			"features" : 4,
			"outputs" : 3,
			"max_depth" : 4,
			"node_count" : 11,
			"nodes" : {
				"node_00" : {"left" : 1, "right" : 2, "feature" : 2, "threshold" : 2.45, "impurity" : 0.66106665, "n_samples" : 150, "w_samples" : 150, "value" : [0.31333333, 0.39333335, 0.29333332]},
				"node_01" : {"left" : null, "right" : null, "feature" : null, "threshold" : null, "impurity" : 0, "n_samples" : 47, "w_samples" : 47, "value" : [1, 0, 0]},
				"node_02" : {"left" : 3, "right" : 4, "feature" : 3, "threshold" : 1.75, "impurity" : 0.4893958, "n_samples" : 103, "w_samples" : 103, "value" : [0, 0.57281554, 0.42718446]},
				"node_03" : {"left" : 5, "right" : 6, "feature" : 2, "threshold" : 4.9499998, "impurity" : 0.16757399, "n_samples" : 65, "w_samples" : 65, "value" : [0, 0.90769231, 0.092307694]},
				"node_04" : {"left" : null, "right" : null, "feature" : null, "threshold" : null, "impurity" : 0, "n_samples" : 38, "w_samples" : 38, "value" : [0, 0, 1]},
				"node_05" : {"left" : 7, "right" : 8, "feature" : 1, "threshold" : 2.5999999, "impurity" : 0.067713141, "n_samples" : 57, "w_samples" : 57, "value" : [0, 0.9649123, 0.03508772]},
				"node_06" : {"left" : null, "right" : null, "feature" : null, "threshold" : null, "impurity" : 0.5, "n_samples" : 8, "w_samples" : 8, "value" : [0, 0.5, 0.5]},
				"node_07" : {"left" : 9, "right" : 10, "feature" : 3, "threshold" : 1.2, "impurity" : 0.21875, "n_samples" : 16, "w_samples" : 16, "value" : [0, 0.875, 0.125]},
				"node_08" : {"left" : null, "right" : null, "feature" : null, "threshold" : null, "impurity" : 0, "n_samples" : 41, "w_samples" : 41, "value" : [0, 1, 0]},
				"node_09" : {"left" : null, "right" : null, "feature" : null, "threshold" : null, "impurity" : 0, "n_samples" : 7, "w_samples" : 7, "value" : [0, 1, 0]},
				"node_10" : {"left" : null, "right" : null, "feature" : null, "threshold" : null, "impurity" : 0.34567899, "n_samples" : 9, "w_samples" : 9, "value" : [0, 0.77777779, 0.22222222]}
				}
			}
		},
		"RF_Tree_31" : 		{
			"metadata" : { "model" : "Breiman_CART", "version" : "2024-W04"},
			"options" : { "ccp_alpha" : 0, "criterion" : "", "max_depth" : 6, "max_features" : 2, "max_leaf_nodes" : 32, "min_impurity_decrease" : 0, "min_samples_leaf" : 1, "min_samples_split" : 2, "min_weight_fraction_leaf" : 0.050000001, "random_state" : 2269938635, "splitter" : "best" },
			"dataset" : { "dataset_rows" : 150, "dataset_features" : 4 },
			"classes" : [ 0, 1, 2 ],
			"tree" : {
			"features" : 4,
			"outputs" : 3,
			"max_depth" : 3,
			"node_count" : 11,
			"nodes" : {
				"node_00" : {"left" : 1, "right" : 2, "feature" : 3, "threshold" : 1.75, "impurity" : 0.6585778, "n_samples" : 150, "w_samples" : 150, "value" : [0.27333334, 0.32666665, 0.40000001]},
				"node_01" : {"left" : 3, "right" : 4, "feature" : 2, "threshold" : 2.3499999, "impurity" : 0.53740317, "n_samples" : 93, "w_samples" : 93, "value" : [0.44086021, 0.51612902, 0.043010753]},
				"node_02" : {"left" : 9, "right" : 10, "feature" : 2, "threshold" : 4.9499998, "impurity" : 0.034472167, "n_samples" : 57, "w_samples" : 57, "value" : [0, 0.01754386, 0.98245615]},
				"node_03" : {"left" : null, "right" : null, "feature" : null, "threshold" : null, "impurity" : 0, "n_samples" : 41, "w_samples" : 41, "value" : [1, 0, 0]},
				"node_04" : {"left" : 5, "right" : 6, "feature" : 3, "threshold" : 1.45, "impurity" : 0.14201182, "n_samples" : 52, "w_samples" : 52, "value" : [0, 0.92307693, 0.07692308]},
				"node_05" : {"left" : 7, "right" : 8, "feature" : 2, "threshold" : 4.6499996, "impurity" : 0.048749983, "n_samples" : 40, "w_samples" : 40, "value" : [0, 0.97500002, 0.025]},
				"node_06" : {"left" : null, "right" : null, "feature" : null, "threshold" : null, "impurity" : 0.375, "n_samples" : 12, "w_samples" : 12, "value" : [0, 0.75, 0.25]},
				"node_07" : {"left" : null, "right" : null, "feature" : null, "threshold" : null, "impurity" : 0, "n_samples" : 33, "w_samples" : 33, "value" : [0, 1, 0]},
				"node_08" : {"left" : null, "right" : null, "feature" : null, "threshold" : null, "impurity" : 0.24489796, "n_samples" : 7, "w_samples" : 7, "value" : [0, 0.85714287, 0.14285715]},
				"node_09" : {"left" : null, "right" : null, "feature" : null, "threshold" : null, "impurity" : 0.19753087, "n_samples" : 9, "w_samples" : 9, "value" : [0, 0.11111111, 0.8888889]},
				"node_10" : {"left" : null, "right" : null, "feature" : null, "threshold" : null, "impurity" : 0, "n_samples" : 48, "w_samples" : 48, "value" : [0, 0, 1]}
				}
			}
		}

	}
}
MODEL_JSON_DUMP_END
MCU_DEPLOY_CLASSIFICATION_CODE MODEL_PREDICT_STEP
MLLITE_AUTO_DEPLOY_IRIS_APPLY_OUTPUT_CLASS  [ 0, 0, 0, 0, 0,  ... , 2, 2, 2, 2, 2 ]
MCU_DEPLOY_CLASSIFICATION_CODE MODEL_PREDICT_PROBA_STEP
MLLITE_AUTO_DEPLOY_IRIS_APPLY_OUTPUT_PROBA 0 [ 1, 0, 0 ]
MLLITE_AUTO_DEPLOY_IRIS_APPLY_OUTPUT_PROBA 1 [ 1, 0, 0 ]
MLLITE_AUTO_DEPLOY_IRIS_APPLY_OUTPUT_PROBA 2 [ 1, 0, 0 ]
MLLITE_AUTO_DEPLOY_IRIS_APPLY_OUTPUT_PROBA 3 [ 1, 0, 0 ]
MLLITE_AUTO_DEPLOY_IRIS_APPLY_OUTPUT_PROBA 4 [ 1, 0, 0 ]
...
MLLITE_AUTO_DEPLOY_IRIS_APPLY_OUTPUT_PROBA 145 [ 0, 0, 1 ]
MLLITE_AUTO_DEPLOY_IRIS_APPLY_OUTPUT_PROBA 146 [ 0, 0.076045051, 0.92395496 ]
MLLITE_AUTO_DEPLOY_IRIS_APPLY_OUTPUT_PROBA 147 [ 0, 0.00390625, 0.99609375 ]
MLLITE_AUTO_DEPLOY_IRIS_APPLY_OUTPUT_PROBA 148 [ 0, 0.013808761, 0.98619121 ]
MLLITE_AUTO_DEPLOY_IRIS_APPLY_OUTPUT_PROBA 149 [ 0, 0.05424099, 0.945759 ]
MCU_DEPLOY_CLASSIFICATION_CODE MODEL_COMPUTE_PERF_STEP
MLLITE_AUTO_DEPLOY_IRIS_CLASS_PERFS { "count" : 150, "precision" : 0.95333332,  "AUC" : [ 1, 0.99680001, 0.99680001 ] }
This will be printed
MCU_DEPLOY_CLASSIFICATION_CODE ALL_STEPS_OK
MCU_DEPLOY_CLASSIFICATION_CODE done
MLLITE_MCU_TIMER_OPERATION_ELAPSED_SECONDS 'MLLITE.MCU_DEPLOY.CLASSIFICATION.Ho_RandomForest.IRIS' 0
MLLITE_MCU_TIMER_OPERATION_END 'MLLITE.MCU_DEPLOY.CLASSIFICATION.Ho_RandomForest.IRIS' [ 'Sat Feb  3 23:18:11 2024' ]
MCU_DEPLOY_ON_TARGET_X86_64_END
EXECUTION_TIME_DETAIL = {'CMD':'timeout 180 ./x86_64/classification/x86_64_classification_rf_iris.exe', 'ElapsedTimeSecs':(0.03, 0.00, 0.03), 'MAX_MEM_KB':1920, 'CPU_PRCNT':'100%', 'FILES_IN':0, 'FILES_OUT':200, 'EXIT_STATUS':0}
