MCU_DEPLOY_ON_TARGET_X86_64_START
MLLITE_MCU_TIMER_OPERATION_START 'MLLITE.MCU_DEPLOY.CLASSIFICATION.Friedman_XGB.BREASTCANCER_MEDIUM' [ 'Tue Jan 23 09:44:22 2024' ]
MLLite starting
MCU_DEPLOY_CLASSIFICATION_CODE step 1
MCU_DEPLOY_CLASSIFICATION_CODE step 2
MCU_DEPLOY_CLASSIFICATION_CODE step 3
MCU_DEPLOY_CLASSIFICATION_MODEL_OPTIONS
{ "base_score" : [ ], "early_stopping_rounds" : 0, "eval_metric" : "", "gamma" : 0, "grow_policy" : 0, "learning_rate" : 0.30000001, "max_bin" : 5, "max_depth" : 6, "max_leaves" : 0, "min_child_weight" : 1, "n_estimators" : 6, "objective" : "reg:squarederror", "reg_alpha" : 0, "reg_lambda" : 1, "tree_method" : "auto" }
MCU_DEPLOY_CLASSIFICATION_CODE step 4
PROGRESS_REPORT_ELAPSED_TOTAL 'XGB_CLASSIFIER_FIT' 1 3
PROGRESS_REPORT_ELAPSED_TOTAL 'XGB_CLASSIFIER_FIT' 2 3
PROGRESS_REPORT_ELAPSED_TOTAL 'XGB_MODEL_FIT' 1 8
PROGRESS_REPORT_ELAPSED_TOTAL 'XGB_MODEL_FIT' 2 8
PROGRESS_REPORT_ELAPSED_TOTAL 'XGB_MODEL_FIT' 3 8
PROGRESS_REPORT_ELAPSED_TOTAL 'XGB_MODEL_FIT' 4 8
PROGRESS_REPORT_ELAPSED_TOTAL 'XGB_MODEL_FIT' 5 8
PROGRESS_REPORT_ELAPSED_TOTAL 'XGB_MODEL_FIT' 6 8
PROGRESS_REPORT_ELAPSED_TOTAL 'XGB_MODEL_FIT' 7 8
PROGRESS_REPORT_ELAPSED_TOTAL 'XGB_MODEL_FIT' 8 8
PROGRESS_REPORT_ELAPSED_TOTAL 'XGB_CLASSIFIER_FIT' 3 3
MCU_DEPLOY_CLASSIFICATION_CODE step 5
TREE_JSON_DUMP_START
{
	"metadata" : { "model" : "Friedman_XGB", "version" : "2024-W03"},
	"options" : { "base_score" : [ ], "early_stopping_rounds" : 0, "eval_metric" : "", "gamma" : 0, "grow_policy" : 0, "learning_rate" : 0.30000001, "max_bin" : 5, "max_depth" : 6, "max_leaves" : 0, "min_child_weight" : 1, "n_estimators" : 6, "objective" : "reg:squarederror", "reg_alpha" : 0, "reg_lambda" : 1, "tree_method" : "auto" },
	"classes" : [ 0, 1 ],
	"booster" : {
		"BaseScore" : [ 0.38671875, 0.61328125 ],
		"Trees" : 6,
		"Tree_0" : {
			"Node_00" : { "leaf_value" : [ ], "parent" : null, "left" : 1, "right" : 2, "svalue" : 106.4, "sindex" : 22 },
			"Node_01" : { "leaf_value" : [ ], "parent" : 0, "left" : 3, "right" : 4, "svalue" : 0.1789, "sindex" : 27 },
			"Node_02" : { "leaf_value" : [ ], "parent" : 0, "left" : 5, "right" : 6, "svalue" : 0.051819999, "sindex" : 7 },
			"Node_03" : { "leaf_value" : [ ], "parent" : 1, "left" : 7, "right" : 8, "svalue" : 0.1252, "sindex" : 27 },
			"Node_04" : { "leaf_value" : [ 0.26224893, -0.26224804 ], "parent" : 1, "left" : null, "right" : null, "svalue" : 0, "sindex" : 0 },
			"Node_05" : { "leaf_value" : [ ], "parent" : 2, "left" : 9, "right" : 10, "svalue" : 26.440001, "sindex" : 21 },
			"Node_06" : { "leaf_value" : [ ], "parent" : 2, "left" : 11, "right" : 12, "svalue" : 19.9, "sindex" : 21 },
			"Node_07" : { "leaf_value" : [ ], "parent" : 3, "left" : 13, "right" : 14, "svalue" : 0.5539, "sindex" : 10 },
			"Node_08" : { "leaf_value" : [ ], "parent" : 3, "left" : 15, "right" : 16, "svalue" : 26.440001, "sindex" : 21 },
			"Node_09" : { "leaf_value" : [ ], "parent" : 5, "left" : 17, "right" : 18, "svalue" : 0.096139997, "sindex" : 29 },
			"Node_10" : { "leaf_value" : [ ], "parent" : 5, "left" : 19, "right" : 20, "svalue" : 0.016650001, "sindex" : 15 },
			"Node_11" : { "leaf_value" : [ ], "parent" : 6, "left" : 21, "right" : 22, "svalue" : 0.084810004, "sindex" : 7 },
			"Node_12" : { "leaf_value" : [ 0.32641277, -0.32641274 ], "parent" : 6, "left" : null, "right" : null, "svalue" : 0, "sindex" : 0 },
			"Node_13" : { "leaf_value" : [ -0.26306641, 0.26306641 ], "parent" : 7, "left" : null, "right" : null, "svalue" : 0, "sindex" : 0 },
			"Node_14" : { "leaf_value" : [ ], "parent" : 7, "left" : 23, "right" : 24, "svalue" : 0.059560001, "sindex" : 5 },
			"Node_15" : { "leaf_value" : [ ], "parent" : 8, "left" : 25, "right" : 26, "svalue" : 0.01226, "sindex" : 17 },
			"Node_16" : { "leaf_value" : [ ], "parent" : 8, "left" : 27, "right" : 28, "svalue" : 0.18610001, "sindex" : 8 },
			"Node_17" : { "leaf_value" : [ -0.23065287, 0.23065288 ], "parent" : 9, "left" : null, "right" : null, "svalue" : 0, "sindex" : 0 },
			"Node_18" : { "leaf_value" : [ 0.080921605, -0.080921598 ], "parent" : 9, "left" : null, "right" : null, "svalue" : 0, "sindex" : 0 },
			"Node_19" : { "leaf_value" : [ 0.28555414, -0.28555405 ], "parent" : 10, "left" : null, "right" : null, "svalue" : 0, "sindex" : 0 },
			"Node_20" : { "leaf_value" : [ -0.10535769, 0.10535774 ], "parent" : 10, "left" : null, "right" : null, "svalue" : 0, "sindex" : 0 },
			"Node_21" : { "leaf_value" : [ ], "parent" : 11, "left" : 29, "right" : 30, "svalue" : 0.099339999, "sindex" : 4 },
			"Node_22" : { "leaf_value" : [ 0.26224843, -0.2622484 ], "parent" : 11, "left" : null, "right" : null, "svalue" : 0, "sindex" : 0 },
			"Node_23" : { "leaf_value" : [ 0.080921635, -0.080921598 ], "parent" : 14, "left" : null, "right" : null, "svalue" : 0, "sindex" : 0 },
			"Node_24" : { "leaf_value" : [ -0.19185816, 0.19185816 ], "parent" : 14, "left" : null, "right" : null, "svalue" : 0, "sindex" : 0 },
			"Node_25" : { "leaf_value" : [ -0.078102656, 0.078102693 ], "parent" : 15, "left" : null, "right" : null, "svalue" : 0, "sindex" : 0 },
			"Node_26" : { "leaf_value" : [ -0.22766362, 0.22766361 ], "parent" : 15, "left" : null, "right" : null, "svalue" : 0, "sindex" : 0 },
			"Node_27" : { "leaf_value" : [ -0.018857267, 0.0188573 ], "parent" : 16, "left" : null, "right" : null, "svalue" : 0, "sindex" : 0 },
			"Node_28" : { "leaf_value" : [ 0.22446387, -0.22446381 ], "parent" : 16, "left" : null, "right" : null, "svalue" : 0, "sindex" : 0 },
			"Node_29" : { "leaf_value" : [ -0.040001526, 0.040001549 ], "parent" : 21, "left" : null, "right" : null, "svalue" : 0, "sindex" : 0 },
			"Node_30" : { "leaf_value" : [ -0.17895818, 0.17895819 ], "parent" : 21, "left" : null, "right" : null, "svalue" : 0, "sindex" : 0 }
		},
		"Tree_1" : {
			"Node_00" : { "leaf_value" : [ ], "parent" : null, "left" : 1, "right" : 2, "svalue" : 106.4, "sindex" : 22 },
			"Node_01" : { "leaf_value" : [ ], "parent" : 0, "left" : 3, "right" : 4, "svalue" : 0.1789, "sindex" : 27 },
			"Node_02" : { "leaf_value" : [ ], "parent" : 0, "left" : 5, "right" : 6, "svalue" : 0.088420004, "sindex" : 6 },
			"Node_03" : { "leaf_value" : [ ], "parent" : 1, "left" : 7, "right" : 8, "svalue" : 0.1252, "sindex" : 27 },
			"Node_04" : { "leaf_value" : [ 0.20226945, -0.20226945 ], "parent" : 1, "left" : null, "right" : null, "svalue" : 0, "sindex" : 0 },
			"Node_05" : { "leaf_value" : [ ], "parent" : 2, "left" : 9, "right" : 10, "svalue" : 19.9, "sindex" : 21 },
			"Node_06" : { "leaf_value" : [ ], "parent" : 2, "left" : 11, "right" : 12, "svalue" : 0.084009998, "sindex" : 4 },
			"Node_07" : { "leaf_value" : [ ], "parent" : 3, "left" : 13, "right" : 14, "svalue" : 3.8329999, "sindex" : 12 },
			"Node_08" : { "leaf_value" : [ ], "parent" : 3, "left" : 15, "right" : 16, "svalue" : 26.440001, "sindex" : 21 },
			"Node_09" : { "leaf_value" : [ -0.19414914, 0.19414912 ], "parent" : 5, "left" : null, "right" : null, "svalue" : 0, "sindex" : 0 },
			"Node_10" : { "leaf_value" : [ ], "parent" : 5, "left" : 17, "right" : 18, "svalue" : 0.016650001, "sindex" : 15 },
			"Node_11" : { "leaf_value" : [ ], "parent" : 6, "left" : 19, "right" : 20, "svalue" : 17.190001, "sindex" : 0 },
			"Node_12" : { "leaf_value" : [ ], "parent" : 6, "left" : 21, "right" : 22, "svalue" : 15.51, "sindex" : 1 },
			"Node_13" : { "leaf_value" : [ -0.21396606, 0.21396606 ], "parent" : 7, "left" : null, "right" : null, "svalue" : 0, "sindex" : 0 },
			"Node_14" : { "leaf_value" : [ ], "parent" : 7, "left" : 23, "right" : 24, "svalue" : 0.025739999, "sindex" : 18 },
			"Node_15" : { "leaf_value" : [ ], "parent" : 8, "left" : 25, "right" : 26, "svalue" : 23.219999, "sindex" : 21 },
			"Node_16" : { "leaf_value" : [ ], "parent" : 8, "left" : 27, "right" : 28, "svalue" : 21.57, "sindex" : 13 },
			"Node_17" : { "leaf_value" : [ 0.22585057, -0.22585057 ], "parent" : 10, "left" : null, "right" : null, "svalue" : 0, "sindex" : 0 },
			"Node_18" : { "leaf_value" : [ ], "parent" : 10, "left" : 29, "right" : 30, "svalue" : 0.1376, "sindex" : 24 },
			"Node_19" : { "leaf_value" : [ -0.17625023, 0.17625025 ], "parent" : 11, "left" : null, "right" : null, "svalue" : 0, "sindex" : 0 },
			"Node_20" : { "leaf_value" : [ 0.17479803, -0.17479803 ], "parent" : 11, "left" : null, "right" : null, "svalue" : 0, "sindex" : 0 },
			"Node_21" : { "leaf_value" : [ ], "parent" : 12, "left" : 31, "right" : 32, "svalue" : 0.1525, "sindex" : 6 },
			"Node_22" : { "leaf_value" : [ 0.24565376, -0.24565363 ], "parent" : 12, "left" : null, "right" : null, "svalue" : 0, "sindex" : 0 },
			"Node_23" : { "leaf_value" : [ 0.083133981, -0.083133996 ], "parent" : 14, "left" : null, "right" : null, "svalue" : 0, "sindex" : 0 },
			"Node_24" : { "leaf_value" : [ -0.16629311, 0.16629311 ], "parent" : 14, "left" : null, "right" : null, "svalue" : 0, "sindex" : 0 },
			"Node_25" : { "leaf_value" : [ -0.19466181, 0.19466181 ], "parent" : 15, "left" : null, "right" : null, "svalue" : 0, "sindex" : 0 },
			"Node_26" : { "leaf_value" : [ -0.043927159, 0.043927159 ], "parent" : 15, "left" : null, "right" : null, "svalue" : 0, "sindex" : 0 },
			"Node_27" : { "leaf_value" : [ -0.025375893, 0.02537589 ], "parent" : 16, "left" : null, "right" : null, "svalue" : 0, "sindex" : 0 },
			"Node_28" : { "leaf_value" : [ 0.19168618, -0.1916862 ], "parent" : 16, "left" : null, "right" : null, "svalue" : 0, "sindex" : 0 },
			"Node_29" : { "leaf_value" : [ ], "parent" : 18, "left" : 33, "right" : 34, "svalue" : 0.0048540002, "sindex" : 14 },
			"Node_30" : { "leaf_value" : [ 0.17288071, -0.17288071 ], "parent" : 18, "left" : null, "right" : null, "svalue" : 0, "sindex" : 0 },
			"Node_31" : { "leaf_value" : [ -0.052069627, 0.052069616 ], "parent" : 21, "left" : null, "right" : null, "svalue" : 0, "sindex" : 0 },
			"Node_32" : { "leaf_value" : [ 0.1833837, -0.1833837 ], "parent" : 21, "left" : null, "right" : null, "svalue" : 0, "sindex" : 0 },
			"Node_33" : { "leaf_value" : [ -0.19650331, 0.19650331 ], "parent" : 29, "left" : null, "right" : null, "svalue" : 0, "sindex" : 0 },
			"Node_34" : { "leaf_value" : [ -0.034706354, 0.034706354 ], "parent" : 29, "left" : null, "right" : null, "svalue" : 0, "sindex" : 0 }
		},
		"Tree_2" : {
			"Node_00" : { "leaf_value" : [ ], "parent" : null, "left" : 1, "right" : 2, "svalue" : 0.051819999, "sindex" : 7 },
			"Node_01" : { "leaf_value" : [ ], "parent" : 0, "left" : 3, "right" : 4, "svalue" : 106.4, "sindex" : 22 },
			"Node_02" : { "leaf_value" : [ ], "parent" : 0, "left" : 5, "right" : 6, "svalue" : 23.219999, "sindex" : 21 },
			"Node_03" : { "leaf_value" : [ ], "parent" : 1, "left" : 7, "right" : 8, "svalue" : 0.5539, "sindex" : 10 },
			"Node_04" : { "leaf_value" : [ ], "parent" : 1, "left" : 9, "right" : 10, "svalue" : 26.440001, "sindex" : 21 },
			"Node_05" : { "leaf_value" : [ ], "parent" : 2, "left" : 11, "right" : 12, "svalue" : 0.084810004, "sindex" : 7 },
			"Node_06" : { "leaf_value" : [ ], "parent" : 2, "left" : 13, "right" : 14, "svalue" : 91.760002, "sindex" : 22 },
			"Node_07" : { "leaf_value" : [ -0.18696363, 0.18696363 ], "parent" : 3, "left" : null, "right" : null, "svalue" : 0, "sindex" : 0 },
			"Node_08" : { "leaf_value" : [ ], "parent" : 3, "left" : 15, "right" : 16, "svalue" : 0.091590002, "sindex" : 4 },
			"Node_09" : { "leaf_value" : [ ], "parent" : 4, "left" : 17, "right" : 18, "svalue" : 0.096139997, "sindex" : 29 },
			"Node_10" : { "leaf_value" : [ ], "parent" : 4, "left" : 19, "right" : 20, "svalue" : 0.016650001, "sindex" : 15 },
			"Node_11" : { "leaf_value" : [ ], "parent" : 5, "left" : 21, "right" : 22, "svalue" : 17.190001, "sindex" : 0 },
			"Node_12" : { "leaf_value" : [ ], "parent" : 5, "left" : 23, "right" : 24, "svalue" : 0.1525, "sindex" : 6 },
			"Node_13" : { "leaf_value" : [ -0.012358156, 0.012358163 ], "parent" : 6, "left" : null, "right" : null, "svalue" : 0, "sindex" : 0 },
			"Node_14" : { "leaf_value" : [ ], "parent" : 6, "left" : 25, "right" : 26, "svalue" : 0.084009998, "sindex" : 4 },
			"Node_15" : { "leaf_value" : [ -0.13406353, 0.13406351 ], "parent" : 8, "left" : null, "right" : null, "svalue" : 0, "sindex" : 0 },
			"Node_16" : { "leaf_value" : [ 0.083586723, -0.083586745 ], "parent" : 8, "left" : null, "right" : null, "svalue" : 0, "sindex" : 0 },
			"Node_17" : { "leaf_value" : [ -0.16869977, 0.1686998 ], "parent" : 9, "left" : null, "right" : null, "svalue" : 0, "sindex" : 0 },
			"Node_18" : { "leaf_value" : [ 0.056504082, -0.056504082 ], "parent" : 9, "left" : null, "right" : null, "svalue" : 0, "sindex" : 0 },
			"Node_19" : { "leaf_value" : [ 0.17955309, -0.17955309 ], "parent" : 10, "left" : null, "right" : null, "svalue" : 0, "sindex" : 0 },
			"Node_20" : { "leaf_value" : [ -0.068427704, 0.068427704 ], "parent" : 10, "left" : null, "right" : null, "svalue" : 0, "sindex" : 0 },
			"Node_21" : { "leaf_value" : [ ], "parent" : 11, "left" : 27, "right" : 28, "svalue" : 0.062899999, "sindex" : 9 },
			"Node_22" : { "leaf_value" : [ 0.15547867, -0.15547861 ], "parent" : 11, "left" : null, "right" : null, "svalue" : 0, "sindex" : 0 },
			"Node_23" : { "leaf_value" : [ 0.046348661, -0.046348684 ], "parent" : 12, "left" : null, "right" : null, "svalue" : 0, "sindex" : 0 },
			"Node_24" : { "leaf_value" : [ 0.18563278, -0.18563278 ], "parent" : 12, "left" : null, "right" : null, "svalue" : 0, "sindex" : 0 },
			"Node_25" : { "leaf_value" : [ 0.069037676, -0.069037683 ], "parent" : 14, "left" : null, "right" : null, "svalue" : 0, "sindex" : 0 },
			"Node_26" : { "leaf_value" : [ ], "parent" : 14, "left" : 29, "right" : 30, "svalue" : 1.525, "sindex" : 12 },
			"Node_27" : { "leaf_value" : [ ], "parent" : 21, "left" : 31, "right" : 32, "svalue" : 0.024560001, "sindex" : 15 },
			"Node_28" : { "leaf_value" : [ -0.18535231, 0.18535234 ], "parent" : 21, "left" : null, "right" : null, "svalue" : 0, "sindex" : 0 },
			"Node_29" : { "leaf_value" : [ 0.055591132, -0.055591155 ], "parent" : 26, "left" : null, "right" : null, "svalue" : 0, "sindex" : 0 },
			"Node_30" : { "leaf_value" : [ ], "parent" : 26, "left" : 33, "right" : 34, "svalue" : 607.29999, "sindex" : 23 },
			"Node_31" : { "leaf_value" : [ -0.14328024, 0.14328024 ], "parent" : 27, "left" : null, "right" : null, "svalue" : 0, "sindex" : 0 },
			"Node_32" : { "leaf_value" : [ 0.046332508, -0.04633252 ], "parent" : 27, "left" : null, "right" : null, "svalue" : 0, "sindex" : 0 },
			"Node_33" : { "leaf_value" : [ 0.073565699, -0.073565662 ], "parent" : 30, "left" : null, "right" : null, "svalue" : 0, "sindex" : 0 },
			"Node_34" : { "leaf_value" : [ 0.20975034, -0.20975034 ], "parent" : 30, "left" : null, "right" : null, "svalue" : 0, "sindex" : 0 }
		},
		"Tree_3" : {
			"Node_00" : { "leaf_value" : [ ], "parent" : null, "left" : 1, "right" : 2, "svalue" : 0.051819999, "sindex" : 7 },
			"Node_01" : { "leaf_value" : [ ], "parent" : 0, "left" : 3, "right" : 4, "svalue" : 106.4, "sindex" : 22 },
			"Node_02" : { "leaf_value" : [ ], "parent" : 0, "left" : 5, "right" : 6, "svalue" : 16.209999, "sindex" : 20 },
			"Node_03" : { "leaf_value" : [ ], "parent" : 1, "left" : 7, "right" : 8, "svalue" : 0.5539, "sindex" : 10 },
			"Node_04" : { "leaf_value" : [ ], "parent" : 1, "left" : 9, "right" : 10, "svalue" : 0.0096429996, "sindex" : 17 },
			"Node_05" : { "leaf_value" : [ ], "parent" : 2, "left" : 11, "right" : 12, "svalue" : 26.440001, "sindex" : 21 },
			"Node_06" : { "leaf_value" : [ ], "parent" : 2, "left" : 13, "right" : 14, "svalue" : 19.9, "sindex" : 21 },
			"Node_07" : { "leaf_value" : [ ], "parent" : 3, "left" : 15, "right" : 16, "svalue" : 30.73, "sindex" : 21 },
			"Node_08" : { "leaf_value" : [ ], "parent" : 3, "left" : 17, "right" : 18, "svalue" : 0.02847, "sindex" : 7 },
			"Node_09" : { "leaf_value" : [ ], "parent" : 4, "left" : 19, "right" : 20, "svalue" : 15.51, "sindex" : 1 },
			"Node_10" : { "leaf_value" : [ ], "parent" : 4, "left" : 21, "right" : 22, "svalue" : 0.0058200001, "sindex" : 14 },
			"Node_11" : { "leaf_value" : [ ], "parent" : 5, "left" : 23, "right" : 24, "svalue" : 0.3274, "sindex" : 28 },
			"Node_12" : { "leaf_value" : [ ], "parent" : 5, "left" : 25, "right" : 26, "svalue" : 0.2191, "sindex" : 10 },
			"Node_13" : { "leaf_value" : [ ], "parent" : 6, "left" : 27, "right" : 28, "svalue" : 17.190001, "sindex" : 0 },
			"Node_14" : { "leaf_value" : [ 0.18477187, -0.18477187 ], "parent" : 6, "left" : null, "right" : null, "svalue" : 0, "sindex" : 0 },
			"Node_15" : { "leaf_value" : [ -0.17552443, 0.17552444 ], "parent" : 7, "left" : null, "right" : null, "svalue" : 0, "sindex" : 0 },
			"Node_16" : { "leaf_value" : [ ], "parent" : 7, "left" : 29, "right" : 30, "svalue" : 0.084109999, "sindex" : 27 },
			"Node_17" : { "leaf_value" : [ -0.12518471, 0.12518471 ], "parent" : 8, "left" : null, "right" : null, "svalue" : 0, "sindex" : 0 },
			"Node_18" : { "leaf_value" : [ 0.081801005, -0.081800997 ], "parent" : 8, "left" : null, "right" : null, "svalue" : 0, "sindex" : 0 },
			"Node_19" : { "leaf_value" : [ -0.10393921, 0.10393921 ], "parent" : 9, "left" : null, "right" : null, "svalue" : 0, "sindex" : 0 },
			"Node_20" : { "leaf_value" : [ ], "parent" : 9, "left" : 31, "right" : 32, "svalue" : 0.020479999, "sindex" : 16 },
			"Node_21" : { "leaf_value" : [ -0.15872478, 0.15872478 ], "parent" : 10, "left" : null, "right" : null, "svalue" : 0, "sindex" : 0 },
			"Node_22" : { "leaf_value" : [ 0.012353105, -0.012353127 ], "parent" : 10, "left" : null, "right" : null, "svalue" : 0, "sindex" : 0 },
			"Node_23" : { "leaf_value" : [ ], "parent" : 11, "left" : 33, "right" : 34, "svalue" : 0.2191, "sindex" : 10 },
			"Node_24" : { "leaf_value" : [ 0.04383735, -0.043837368 ], "parent" : 11, "left" : null, "right" : null, "svalue" : 0, "sindex" : 0 },
			"Node_25" : { "leaf_value" : [ 0.0077935853, -0.0077935816 ], "parent" : 12, "left" : null, "right" : null, "svalue" : 0, "sindex" : 0 },
			"Node_26" : { "leaf_value" : [ 0.17401679, -0.1740168 ], "parent" : 12, "left" : null, "right" : null, "svalue" : 0, "sindex" : 0 },
			"Node_27" : { "leaf_value" : [ ], "parent" : 13, "left" : 35, "right" : 36, "svalue" : 0.1442, "sindex" : 5 },
			"Node_28" : { "leaf_value" : [ 0.15987208, -0.15987208 ], "parent" : 13, "left" : null, "right" : null, "svalue" : 0, "sindex" : 0 },
			"Node_29" : { "leaf_value" : [ -0.15481555, 0.15481555 ], "parent" : 16, "left" : null, "right" : null, "svalue" : 0, "sindex" : 0 },
			"Node_30" : { "leaf_value" : [ 0.062597692, -0.06259767 ], "parent" : 16, "left" : null, "right" : null, "svalue" : 0, "sindex" : 0 },
			"Node_31" : { "leaf_value" : [ 0.16743053, -0.16743055 ], "parent" : 20, "left" : null, "right" : null, "svalue" : 0, "sindex" : 0 },
			"Node_32" : { "leaf_value" : [ 0.028702894, -0.028702892 ], "parent" : 20, "left" : null, "right" : null, "svalue" : 0, "sindex" : 0 },
			"Node_33" : { "leaf_value" : [ -0.033667296, 0.033667285 ], "parent" : 23, "left" : null, "right" : null, "svalue" : 0, "sindex" : 0 },
			"Node_34" : { "leaf_value" : [ -0.17639643, 0.17639641 ], "parent" : 23, "left" : null, "right" : null, "svalue" : 0, "sindex" : 0 },
			"Node_35" : { "leaf_value" : [ -0.12434275, 0.12434275 ], "parent" : 27, "left" : null, "right" : null, "svalue" : 0, "sindex" : 0 },
			"Node_36" : { "leaf_value" : [ 0.037077874, -0.037077848 ], "parent" : 27, "left" : null, "right" : null, "svalue" : 0, "sindex" : 0 }
		},
		"Tree_4" : {
			"Node_00" : { "leaf_value" : [ ], "parent" : null, "left" : 1, "right" : 2, "svalue" : 0.051819999, "sindex" : 7 },
			"Node_01" : { "leaf_value" : [ ], "parent" : 0, "left" : 3, "right" : 4, "svalue" : 106.4, "sindex" : 22 },
			"Node_02" : { "leaf_value" : [ ], "parent" : 0, "left" : 5, "right" : 6, "svalue" : 23.219999, "sindex" : 21 },
			"Node_03" : { "leaf_value" : [ ], "parent" : 1, "left" : 7, "right" : 8, "svalue" : 0.5539, "sindex" : 10 },
			"Node_04" : { "leaf_value" : [ ], "parent" : 1, "left" : 9, "right" : 10, "svalue" : 26.440001, "sindex" : 21 },
			"Node_05" : { "leaf_value" : [ ], "parent" : 2, "left" : 11, "right" : 12, "svalue" : 0.084810004, "sindex" : 7 },
			"Node_06" : { "leaf_value" : [ ], "parent" : 2, "left" : 13, "right" : 14, "svalue" : 16.209999, "sindex" : 20 },
			"Node_07" : { "leaf_value" : [ ], "parent" : 3, "left" : 15, "right" : 16, "svalue" : 30.73, "sindex" : 21 },
			"Node_08" : { "leaf_value" : [ ], "parent" : 3, "left" : 17, "right" : 18, "svalue" : 0.02847, "sindex" : 7 },
			"Node_09" : { "leaf_value" : [ ], "parent" : 4, "left" : 19, "right" : 20, "svalue" : 0.096139997, "sindex" : 29 },
			"Node_10" : { "leaf_value" : [ ], "parent" : 4, "left" : 21, "right" : 22, "svalue" : 0.016650001, "sindex" : 15 },
			"Node_11" : { "leaf_value" : [ ], "parent" : 5, "left" : 23, "right" : 24, "svalue" : 17.190001, "sindex" : 0 },
			"Node_12" : { "leaf_value" : [ ], "parent" : 5, "left" : 25, "right" : 26, "svalue" : 0.1525, "sindex" : 6 },
			"Node_13" : { "leaf_value" : [ ], "parent" : 6, "left" : 27, "right" : 28, "svalue" : 0.27180001, "sindex" : 28 },
			"Node_14" : { "leaf_value" : [ 0.17476344, -0.17476343 ], "parent" : 6, "left" : null, "right" : null, "svalue" : 0, "sindex" : 0 },
			"Node_15" : { "leaf_value" : [ -0.1643638, 0.1643638 ], "parent" : 7, "left" : null, "right" : null, "svalue" : 0, "sindex" : 0 },
			"Node_16" : { "leaf_value" : [ ], "parent" : 7, "left" : 29, "right" : 30, "svalue" : 0.084109999, "sindex" : 27 },
			"Node_17" : { "leaf_value" : [ -0.11107048, 0.11107048 ], "parent" : 8, "left" : null, "right" : null, "svalue" : 0, "sindex" : 0 },
			"Node_18" : { "leaf_value" : [ 0.067639753, -0.067639768 ], "parent" : 8, "left" : null, "right" : null, "svalue" : 0, "sindex" : 0 },
			"Node_19" : { "leaf_value" : [ -0.14220399, 0.14220399 ], "parent" : 9, "left" : null, "right" : null, "svalue" : 0, "sindex" : 0 },
			"Node_20" : { "leaf_value" : [ 0.038769335, -0.038769335 ], "parent" : 9, "left" : null, "right" : null, "svalue" : 0, "sindex" : 0 },
			"Node_21" : { "leaf_value" : [ 0.1453561, -0.1453561 ], "parent" : 10, "left" : null, "right" : null, "svalue" : 0, "sindex" : 0 },
			"Node_22" : { "leaf_value" : [ -0.043329954, 0.043329962 ], "parent" : 10, "left" : null, "right" : null, "svalue" : 0, "sindex" : 0 },
			"Node_23" : { "leaf_value" : [ ], "parent" : 11, "left" : 31, "right" : 32, "svalue" : 0.062899999, "sindex" : 9 },
			"Node_24" : { "leaf_value" : [ 0.11571854, -0.11571854 ], "parent" : 11, "left" : null, "right" : null, "svalue" : 0, "sindex" : 0 },
			"Node_25" : { "leaf_value" : [ 0.033369306, -0.033369318 ], "parent" : 12, "left" : null, "right" : null, "svalue" : 0, "sindex" : 0 },
			"Node_26" : { "leaf_value" : [ 0.1492018, -0.14920183 ], "parent" : 12, "left" : null, "right" : null, "svalue" : 0, "sindex" : 0 },
			"Node_27" : { "leaf_value" : [ -0.10207161, 0.10207159 ], "parent" : 13, "left" : null, "right" : null, "svalue" : 0, "sindex" : 0 },
			"Node_28" : { "leaf_value" : [ ], "parent" : 13, "left" : 33, "right" : 34, "svalue" : 0.06758, "sindex" : 9 },
			"Node_29" : { "leaf_value" : [ -0.14257863, 0.14257866 ], "parent" : 16, "left" : null, "right" : null, "svalue" : 0, "sindex" : 0 },
			"Node_30" : { "leaf_value" : [ 0.048864376, -0.048864424 ], "parent" : 16, "left" : null, "right" : null, "svalue" : 0, "sindex" : 0 },
			"Node_31" : { "leaf_value" : [ ], "parent" : 23, "left" : 35, "right" : 36, "svalue" : 15.51, "sindex" : 1 },
			"Node_32" : { "leaf_value" : [ -0.16288203, 0.16288202 ], "parent" : 23, "left" : null, "right" : null, "svalue" : 0, "sindex" : 0 },
			"Node_33" : { "leaf_value" : [ 0.034173366, -0.034173358 ], "parent" : 28, "left" : null, "right" : null, "svalue" : 0, "sindex" : 0 },
			"Node_34" : { "leaf_value" : [ 0.1710709, -0.1710709 ], "parent" : 28, "left" : null, "right" : null, "svalue" : 0, "sindex" : 0 },
			"Node_35" : { "leaf_value" : [ -0.10265631, 0.1026563 ], "parent" : 31, "left" : null, "right" : null, "svalue" : 0, "sindex" : 0 },
			"Node_36" : { "leaf_value" : [ 0.0053933859, -0.0053933621 ], "parent" : 31, "left" : null, "right" : null, "svalue" : 0, "sindex" : 0 }
		},
		"Tree_5" : {
			"Node_00" : { "leaf_value" : [ ], "parent" : null, "left" : 1, "right" : 2, "svalue" : 106.4, "sindex" : 22 },
			"Node_01" : { "leaf_value" : [ ], "parent" : 0, "left" : 3, "right" : 4, "svalue" : 0.3748, "sindex" : 25 },
			"Node_02" : { "leaf_value" : [ ], "parent" : 0, "left" : 5, "right" : 6, "svalue" : 0.088420004, "sindex" : 6 },
			"Node_03" : { "leaf_value" : [ ], "parent" : 1, "left" : 7, "right" : 8, "svalue" : 19.67, "sindex" : 1 },
			"Node_04" : { "leaf_value" : [ ], "parent" : 1, "left" : 9, "right" : 10, "svalue" : 0.051819999, "sindex" : 7 },
			"Node_05" : { "leaf_value" : [ ], "parent" : 2, "left" : 11, "right" : 12, "svalue" : 19.9, "sindex" : 21 },
			"Node_06" : { "leaf_value" : [ ], "parent" : 2, "left" : 13, "right" : 14, "svalue" : 0.084009998, "sindex" : 4 },
			"Node_07" : { "leaf_value" : [ ], "parent" : 3, "left" : 15, "right" : 16, "svalue" : 3.8329999, "sindex" : 12 },
			"Node_08" : { "leaf_value" : [ ], "parent" : 3, "left" : 17, "right" : 18, "svalue" : 0.056740001, "sindex" : 9 },
			"Node_09" : { "leaf_value" : [ ], "parent" : 4, "left" : 19, "right" : 20, "svalue" : 0.0087379999, "sindex" : 14 },
			"Node_10" : { "leaf_value" : [ 0.13541992, -0.13541992 ], "parent" : 4, "left" : null, "right" : null, "svalue" : 0, "sindex" : 0 },
			"Node_11" : { "leaf_value" : [ -0.12773503, 0.12773503 ], "parent" : 5, "left" : null, "right" : null, "svalue" : 0, "sindex" : 0 },
			"Node_12" : { "leaf_value" : [ ], "parent" : 5, "left" : 21, "right" : 22, "svalue" : 0.016650001, "sindex" : 15 },
			"Node_13" : { "leaf_value" : [ ], "parent" : 6, "left" : 23, "right" : 24, "svalue" : 17.190001, "sindex" : 0 },
			"Node_14" : { "leaf_value" : [ ], "parent" : 6, "left" : 25, "right" : 26, "svalue" : 15.51, "sindex" : 1 },
			"Node_15" : { "leaf_value" : [ -0.16458681, 0.16458681 ], "parent" : 7, "left" : null, "right" : null, "svalue" : 0, "sindex" : 0 },
			"Node_16" : { "leaf_value" : [ -0.029808326, 0.029808326 ], "parent" : 7, "left" : null, "right" : null, "svalue" : 0, "sindex" : 0 },
			"Node_17" : { "leaf_value" : [ ], "parent" : 8, "left" : 27, "right" : 28, "svalue" : 30.73, "sindex" : 21 },
			"Node_18" : { "leaf_value" : [ ], "parent" : 8, "left" : 29, "right" : 30, "svalue" : 0.1376, "sindex" : 24 },
			"Node_19" : { "leaf_value" : [ -0.10273603, 0.10273604 ], "parent" : 9, "left" : null, "right" : null, "svalue" : 0, "sindex" : 0 },
			"Node_20" : { "leaf_value" : [ 0.013118817, -0.013118817 ], "parent" : 9, "left" : null, "right" : null, "svalue" : 0, "sindex" : 0 },
			"Node_21" : { "leaf_value" : [ 0.14121941, -0.14121941 ], "parent" : 12, "left" : null, "right" : null, "svalue" : 0, "sindex" : 0 },
			"Node_22" : { "leaf_value" : [ ], "parent" : 12, "left" : 31, "right" : 32, "svalue" : 0.1376, "sindex" : 24 },
			"Node_23" : { "leaf_value" : [ -0.12524115, 0.12524115 ], "parent" : 13, "left" : null, "right" : null, "svalue" : 0, "sindex" : 0 },
			"Node_24" : { "leaf_value" : [ 0.1030589, -0.1030589 ], "parent" : 13, "left" : null, "right" : null, "svalue" : 0, "sindex" : 0 },
			"Node_25" : { "leaf_value" : [ ], "parent" : 14, "left" : 33, "right" : 34, "svalue" : 17.190001, "sindex" : 0 },
			"Node_26" : { "leaf_value" : [ 0.16773841, -0.16773823 ], "parent" : 14, "left" : null, "right" : null, "svalue" : 0, "sindex" : 0 },
			"Node_27" : { "leaf_value" : [ 0.13536915, -0.13536909 ], "parent" : 17, "left" : null, "right" : null, "svalue" : 0, "sindex" : 0 },
			"Node_28" : { "leaf_value" : [ -0.011193934, 0.011193903 ], "parent" : 17, "left" : null, "right" : null, "svalue" : 0, "sindex" : 0 },
			"Node_29" : { "leaf_value" : [ -0.15814935, 0.15814933 ], "parent" : 18, "left" : null, "right" : null, "svalue" : 0, "sindex" : 0 },
			"Node_30" : { "leaf_value" : [ ], "parent" : 18, "left" : 35, "right" : 36, "svalue" : 0.017130001, "sindex" : 18 },
			"Node_31" : { "leaf_value" : [ -0.12150128, 0.12150127 ], "parent" : 22, "left" : null, "right" : null, "svalue" : 0, "sindex" : 0 },
			"Node_32" : { "leaf_value" : [ 0.10772329, -0.10772329 ], "parent" : 22, "left" : null, "right" : null, "svalue" : 0, "sindex" : 0 },
			"Node_33" : { "leaf_value" : [ -0.020690393, 0.020690374 ], "parent" : 25, "left" : null, "right" : null, "svalue" : 0, "sindex" : 0 },
			"Node_34" : { "leaf_value" : [ 0.11296222, -0.11296219 ], "parent" : 25, "left" : null, "right" : null, "svalue" : 0, "sindex" : 0 },
			"Node_35" : { "leaf_value" : [ 0.10584427, -0.10584421 ], "parent" : 30, "left" : null, "right" : null, "svalue" : 0, "sindex" : 0 },
			"Node_36" : { "leaf_value" : [ -0.10740665, 0.10740665 ], "parent" : 30, "left" : null, "right" : null, "svalue" : 0, "sindex" : 0 }
		}
	}
}
TREE_JSON_DUMP_END
MCU_DEPLOY_CLASSIFICATION_CODE step 6
MCU_DEPLOY_CLASSIFICATION_CODE step 7
MLLITE_AUTO_DEPLOY_BREASTCANCER_MEDIUM_APPLY_OUTPUT_CLASS  [ 0, 0, 0, 0, 0,  ... , 1, 1, 0, 1, 1 ]
MLLITE_AUTO_DEPLOY_BREASTCANCER_MEDIUM_APPLY_OUTPUT_PROBA 0 [ 0.8676157, 0.13238434 ]
MLLITE_AUTO_DEPLOY_BREASTCANCER_MEDIUM_APPLY_OUTPUT_PROBA 1 [ 0.90879202, 0.091207944 ]
MLLITE_AUTO_DEPLOY_BREASTCANCER_MEDIUM_APPLY_OUTPUT_PROBA 2 [ 0.91618592, 0.08381407 ]
MLLITE_AUTO_DEPLOY_BREASTCANCER_MEDIUM_APPLY_OUTPUT_PROBA 3 [ 0.85943687, 0.14056322 ]
MLLITE_AUTO_DEPLOY_BREASTCANCER_MEDIUM_APPLY_OUTPUT_PROBA 4 [ 0.8676157, 0.13238434 ]
...
MLLITE_AUTO_DEPLOY_BREASTCANCER_MEDIUM_APPLY_OUTPUT_PROBA 507 [ 0.071524456, 0.92847556 ]
MLLITE_AUTO_DEPLOY_BREASTCANCER_MEDIUM_APPLY_OUTPUT_PROBA 508 [ 0.12689033, 0.87310964 ]
MLLITE_AUTO_DEPLOY_BREASTCANCER_MEDIUM_APPLY_OUTPUT_PROBA 509 [ 0.91618592, 0.08381407 ]
MLLITE_AUTO_DEPLOY_BREASTCANCER_MEDIUM_APPLY_OUTPUT_PROBA 510 [ 0.071524456, 0.92847556 ]
MLLITE_AUTO_DEPLOY_BREASTCANCER_MEDIUM_APPLY_OUTPUT_PROBA 511 [ 0.071524456, 0.92847556 ]
MLLITE_AUTO_DEPLOY_BREASTCANCER_MEDIUM_CLASS_PERFS { "count" : 512, "precision" : 0.99609375,  "AUC" : [ 0.99938881, 0.99938881 ] }
This will be printed
MCU_DEPLOY_CLASSIFICATION_CODE step 8
MCU_DEPLOY_CLASSIFICATION_CODE done
MLLITE_MCU_TIMER_OPERATION_ELAPSED_SECONDS 'MLLITE.MCU_DEPLOY.CLASSIFICATION.Friedman_XGB.BREASTCANCER_MEDIUM' 0
MLLITE_MCU_TIMER_OPERATION_END 'MLLITE.MCU_DEPLOY.CLASSIFICATION.Friedman_XGB.BREASTCANCER_MEDIUM' [ 'Tue Jan 23 09:44:22 2024' ]
MCU_DEPLOY_ON_TARGET_X86_64_END
