MCU_DEPLOY_ON_TARGET_X86_64_START
MLLITE_MCU_TIMER_OPERATION_START 'MLLITE.MCU_DEPLOY.CLASSIFICATION.Tikhonov_Ridge.FOURCLASS_10_ORIGINAL' [ 'Tue Jan 23 09:44:22 2024' ]
MLLite starting
MCU_DEPLOY_CLASSIFICATION_CODE step 1
MCU_DEPLOY_CLASSIFICATION_CODE step 2
MCU_DEPLOY_CLASSIFICATION_CODE step 3
MCU_DEPLOY_CLASSIFICATION_MODEL_OPTIONS
{ "alpha" : 0.0099999998, "random_state" : 1789 }
MCU_DEPLOY_CLASSIFICATION_CODE step 4
PROGRESS_REPORT_ELAPSED_TOTAL 'RIDGE_CLASSIFIER_FIT' 1 6
PROGRESS_REPORT_ELAPSED_TOTAL 'RIDGE_CLASSIFIER_FIT' 2 6
PROGRESS_REPORT_ELAPSED_TOTAL 'CHOLESKY_SOLVER' 1 6
PROGRESS_REPORT_ELAPSED_TOTAL 'CHOLESKY_SOLVER' 2 6
PROGRESS_REPORT_ELAPSED_TOTAL 'CHOLESKY_SOLVER' 3 6
PROGRESS_REPORT_ELAPSED_TOTAL 'CHOLESKY_SOLVER' 4 6
PROGRESS_REPORT_ELAPSED_TOTAL 'CHOLESKY_SOLVER' 5 6
PROGRESS_REPORT_ELAPSED_TOTAL 'CHOLESKY_SOLVER' 6 6
PROGRESS_REPORT_ELAPSED_TOTAL 'RIDGE_CLASSIFIER_FIT' 3 6
PROGRESS_REPORT_ELAPSED_TOTAL 'CHOLESKY_SOLVER' 1 6
PROGRESS_REPORT_ELAPSED_TOTAL 'CHOLESKY_SOLVER' 2 6
PROGRESS_REPORT_ELAPSED_TOTAL 'CHOLESKY_SOLVER' 3 6
PROGRESS_REPORT_ELAPSED_TOTAL 'CHOLESKY_SOLVER' 4 6
PROGRESS_REPORT_ELAPSED_TOTAL 'CHOLESKY_SOLVER' 5 6
PROGRESS_REPORT_ELAPSED_TOTAL 'CHOLESKY_SOLVER' 6 6
PROGRESS_REPORT_ELAPSED_TOTAL 'RIDGE_CLASSIFIER_FIT' 4 6
PROGRESS_REPORT_ELAPSED_TOTAL 'CHOLESKY_SOLVER' 1 6
PROGRESS_REPORT_ELAPSED_TOTAL 'CHOLESKY_SOLVER' 2 6
PROGRESS_REPORT_ELAPSED_TOTAL 'CHOLESKY_SOLVER' 3 6
PROGRESS_REPORT_ELAPSED_TOTAL 'CHOLESKY_SOLVER' 4 6
PROGRESS_REPORT_ELAPSED_TOTAL 'CHOLESKY_SOLVER' 5 6
PROGRESS_REPORT_ELAPSED_TOTAL 'CHOLESKY_SOLVER' 6 6
PROGRESS_REPORT_ELAPSED_TOTAL 'RIDGE_CLASSIFIER_FIT' 5 6
PROGRESS_REPORT_ELAPSED_TOTAL 'CHOLESKY_SOLVER' 1 6
PROGRESS_REPORT_ELAPSED_TOTAL 'CHOLESKY_SOLVER' 2 6
PROGRESS_REPORT_ELAPSED_TOTAL 'CHOLESKY_SOLVER' 3 6
PROGRESS_REPORT_ELAPSED_TOTAL 'CHOLESKY_SOLVER' 4 6
PROGRESS_REPORT_ELAPSED_TOTAL 'CHOLESKY_SOLVER' 5 6
PROGRESS_REPORT_ELAPSED_TOTAL 'CHOLESKY_SOLVER' 6 6
PROGRESS_REPORT_ELAPSED_TOTAL 'RIDGE_CLASSIFIER_FIT' 6 6
MCU_DEPLOY_CLASSIFICATION_CODE step 5
TREE_JSON_DUMP_START
{
	"metadata" : { "model" : "Tikhonov_Ridge", "version" : "2024-W03"},
	"options" : { "alpha" : 0.0099999998, "random_state" : 1789 },
	"classes" : [ 0, 1, 2, 3 ],
	"equations" : {
		"class_0" : {
			"intercept" : -0.47708207,
			"coeffs" : [ -0.09101025, -0.037008774, 0.01924389, 0.12277155, -0.02340357, -0.024324756, -0.019451628, -0.10546293, 0.0053084441, -0.034963422 ]
		},
		"class_1" : {
			"intercept" : -0.46915323,
			"coeffs" : [ 0.087669156, 0.03848514, 0.001356595, -0.06833595, 0.02763946, -0.010394116, 0.014026163, 0.22119969, 0.20644996, 0.040219363 ]
		},
		"class_2" : {
			"intercept" : -0.55051011,
			"coeffs" : [ 0.08985208, 0.040065851, -0.0099348966, -0.15723361, -0.036120426, -0.002811919, 0.040909082, 0.015769346, -0.19513769, -0.0089557366 ]
		},
		"class_3" : {
			"intercept" : -0.5044452,
			"coeffs" : [ -0.072596163, -0.018873379, -0.01066556, 0.11621048, 0.031884514, 0.03753078, -0.041663427, -0.13142982, -0.025409767, 0.0036998359 ]
		}
	}
}
TREE_JSON_DUMP_END
MCU_DEPLOY_CLASSIFICATION_CODE step 6
MCU_DEPLOY_CLASSIFICATION_CODE step 7
MLLITE_AUTO_DEPLOY_FOURCLASS_10_ORIGINAL_APPLY_OUTPUT_CLASS  [ 2, 3, 3, 3, 2,  ... , 2, 0, 0, 1, 2 ]
MLLITE_AUTO_DEPLOY_FOURCLASS_10_ORIGINAL_APPLY_OUTPUT_PROBA 0 [ 0.25011855, 0.18460733, 0.3419449, 0.22332932 ]
MLLITE_AUTO_DEPLOY_FOURCLASS_10_ORIGINAL_APPLY_OUTPUT_PROBA 1 [ 0.29995757, 0.13079207, 0.21108469, 0.35816559 ]
MLLITE_AUTO_DEPLOY_FOURCLASS_10_ORIGINAL_APPLY_OUTPUT_PROBA 2 [ 0.32051867, 0.24730483, 0.11094315, 0.32123333 ]
MLLITE_AUTO_DEPLOY_FOURCLASS_10_ORIGINAL_APPLY_OUTPUT_PROBA 3 [ 0.29169455, 0.17508902, 0.21782872, 0.31538764 ]
MLLITE_AUTO_DEPLOY_FOURCLASS_10_ORIGINAL_APPLY_OUTPUT_PROBA 4 [ 0.22479542, 0.18715057, 0.33500013, 0.25305381 ]
...
MLLITE_AUTO_DEPLOY_FOURCLASS_10_ORIGINAL_APPLY_OUTPUT_PROBA 1019 [ 0.18665478, 0.11502928, 0.49345216, 0.2048638 ]
MLLITE_AUTO_DEPLOY_FOURCLASS_10_ORIGINAL_APPLY_OUTPUT_PROBA 1020 [ 0.29763532, 0.2126423, 0.20850159, 0.28122076 ]
MLLITE_AUTO_DEPLOY_FOURCLASS_10_ORIGINAL_APPLY_OUTPUT_PROBA 1021 [ 0.331341, 0.26363558, 0.12351405, 0.2815094 ]
MLLITE_AUTO_DEPLOY_FOURCLASS_10_ORIGINAL_APPLY_OUTPUT_PROBA 1022 [ 0.2221493, 0.41960454, 0.13935648, 0.21888973 ]
MLLITE_AUTO_DEPLOY_FOURCLASS_10_ORIGINAL_APPLY_OUTPUT_PROBA 1023 [ 0.21190961, 0.17216098, 0.38022497, 0.23570439 ]
MLLITE_AUTO_DEPLOY_FOURCLASS_10_ORIGINAL_CLASS_PERFS { "count" : 1024, "precision" : 0.578125,  "AUC" : [ 0.7172699, 0.9112165, 0.83929402, 0.77955073 ] }
This will be printed
MCU_DEPLOY_CLASSIFICATION_CODE step 8
MCU_DEPLOY_CLASSIFICATION_CODE done
MLLITE_MCU_TIMER_OPERATION_ELAPSED_SECONDS 'MLLITE.MCU_DEPLOY.CLASSIFICATION.Tikhonov_Ridge.FOURCLASS_10_ORIGINAL' 0
MLLITE_MCU_TIMER_OPERATION_END 'MLLITE.MCU_DEPLOY.CLASSIFICATION.Tikhonov_Ridge.FOURCLASS_10_ORIGINAL' [ 'Tue Jan 23 09:44:22 2024' ]
MCU_DEPLOY_ON_TARGET_X86_64_END
