MCU_DEPLOY_ON_TARGET_X86_64_START
MLLITE_MCU_TIMER_OPERATION_START 'MLLITE.MCU_DEPLOY.CLASSIFICATION.Friedman_XGB.FOURCLASS_10_ORIGINAL' [ 'Tue Jan 23 09:44:22 2024' ]
MLLite starting
MCU_DEPLOY_CLASSIFICATION_CODE step 1
MCU_DEPLOY_CLASSIFICATION_CODE step 2
MCU_DEPLOY_CLASSIFICATION_CODE step 3
MCU_DEPLOY_CLASSIFICATION_MODEL_OPTIONS
{ "base_score" : [ ], "early_stopping_rounds" : 0, "eval_metric" : "", "gamma" : 0, "grow_policy" : 0, "learning_rate" : 0.30000001, "max_bin" : 5, "max_depth" : 6, "max_leaves" : 0, "min_child_weight" : 1, "n_estimators" : 6, "objective" : "reg:squarederror", "reg_alpha" : 0, "reg_lambda" : 1, "tree_method" : "auto" }
MCU_DEPLOY_CLASSIFICATION_CODE step 4
PROGRESS_REPORT_ELAPSED_TOTAL 'XGB_CLASSIFIER_FIT' 1 3
PROGRESS_REPORT_ELAPSED_TOTAL 'XGB_CLASSIFIER_FIT' 2 3
PROGRESS_REPORT_ELAPSED_TOTAL 'XGB_MODEL_FIT' 1 8
PROGRESS_REPORT_ELAPSED_TOTAL 'XGB_MODEL_FIT' 2 8
PROGRESS_REPORT_ELAPSED_TOTAL 'XGB_MODEL_FIT' 3 8
PROGRESS_REPORT_ELAPSED_TOTAL 'XGB_MODEL_FIT' 4 8
PROGRESS_REPORT_ELAPSED_TOTAL 'XGB_MODEL_FIT' 5 8
PROGRESS_REPORT_ELAPSED_TOTAL 'XGB_MODEL_FIT' 6 8
PROGRESS_REPORT_ELAPSED_TOTAL 'XGB_MODEL_FIT' 7 8
PROGRESS_REPORT_ELAPSED_TOTAL 'XGB_MODEL_FIT' 8 8
PROGRESS_REPORT_ELAPSED_TOTAL 'XGB_CLASSIFIER_FIT' 3 3
MCU_DEPLOY_CLASSIFICATION_CODE step 5
TREE_JSON_DUMP_START
{
	"metadata" : { "model" : "Friedman_XGB", "version" : "2024-W03"},
	"options" : { "base_score" : [ ], "early_stopping_rounds" : 0, "eval_metric" : "", "gamma" : 0, "grow_policy" : 0, "learning_rate" : 0.30000001, "max_bin" : 5, "max_depth" : 6, "max_leaves" : 0, "min_child_weight" : 1, "n_estimators" : 6, "objective" : "reg:squarederror", "reg_alpha" : 0, "reg_lambda" : 1, "tree_method" : "auto" },
	"classes" : [ 0, 1, 2, 3 ],
	"booster" : {
		"BaseScore" : [ 0.25, 0.24902344, 0.25195312, 0.24902344 ],
		"Trees" : 6,
		"Tree_0" : {
			"Node_000" : { "leaf_value" : [ ], "parent" : null, "left" : 1, "right" : 2, "svalue" : -0.039238248, "sindex" : 7 },
			"Node_001" : { "leaf_value" : [ ], "parent" : 0, "left" : 3, "right" : 4, "svalue" : -0.39365029, "sindex" : 8 },
			"Node_002" : { "leaf_value" : [ ], "parent" : 0, "left" : 5, "right" : 6, "svalue" : 0.48558784, "sindex" : 8 },
			"Node_003" : { "leaf_value" : [ ], "parent" : 1, "left" : 7, "right" : 8, "svalue" : -0.19077259, "sindex" : 3 },
			"Node_004" : { "leaf_value" : [ ], "parent" : 1, "left" : 9, "right" : 10, "svalue" : 0.83858293, "sindex" : 3 },
			"Node_005" : { "leaf_value" : [ ], "parent" : 2, "left" : 11, "right" : 12, "svalue" : -0.39365029, "sindex" : 8 },
			"Node_006" : { "leaf_value" : [ ], "parent" : 2, "left" : 13, "right" : 14, "svalue" : 1.1743932, "sindex" : 6 },
			"Node_007" : { "leaf_value" : [ ], "parent" : 3, "left" : 15, "right" : 16, "svalue" : -0.46624133, "sindex" : 0 },
			"Node_008" : { "leaf_value" : [ ], "parent" : 3, "left" : 17, "right" : 18, "svalue" : 0.41992474, "sindex" : 0 },
			"Node_009" : { "leaf_value" : [ ], "parent" : 4, "left" : 19, "right" : 20, "svalue" : 0.41992474, "sindex" : 0 },
			"Node_010" : { "leaf_value" : [ ], "parent" : 4, "left" : 21, "right" : 22, "svalue" : -0.29673144, "sindex" : 1 },
			"Node_011" : { "leaf_value" : [ ], "parent" : 5, "left" : 23, "right" : 24, "svalue" : 0.83858293, "sindex" : 3 },
			"Node_012" : { "leaf_value" : [ ], "parent" : 5, "left" : 25, "right" : 26, "svalue" : -1.2301323, "sindex" : 1 },
			"Node_013" : { "leaf_value" : [ ], "parent" : 6, "left" : 27, "right" : 28, "svalue" : 1.0068529, "sindex" : 7 },
			"Node_014" : { "leaf_value" : [ ], "parent" : 6, "left" : 29, "right" : 30, "svalue" : -0.29673144, "sindex" : 1 },
			"Node_015" : { "leaf_value" : [ ], "parent" : 7, "left" : 31, "right" : 32, "svalue" : -1.6651212, "sindex" : 3 },
			"Node_016" : { "leaf_value" : [ ], "parent" : 7, "left" : 33, "right" : 34, "svalue" : -2.1880658, "sindex" : 6 },
			"Node_017" : { "leaf_value" : [ ], "parent" : 8, "left" : 35, "right" : 36, "svalue" : -1.3688399, "sindex" : 8 },
			"Node_018" : { "leaf_value" : [ ], "parent" : 8, "left" : 37, "right" : 38, "svalue" : 0.83858293, "sindex" : 3 },
			"Node_019" : { "leaf_value" : [ ], "parent" : 9, "left" : 39, "right" : 40, "svalue" : -0.84765804, "sindex" : 7 },
			"Node_020" : { "leaf_value" : [ ], "parent" : 9, "left" : 41, "right" : 42, "svalue" : 0.48558784, "sindex" : 8 },
			"Node_021" : { "leaf_value" : [ ], "parent" : 10, "left" : 43, "right" : 44, "svalue" : -0.82878411, "sindex" : 2 },
			"Node_022" : { "leaf_value" : [ -0.10588236, 0.17663488, -0.10601621, 0.035409726 ], "parent" : 10, "left" : null, "right" : null, "svalue" : 0, "sindex" : 0 },
			"Node_023" : { "leaf_value" : [ ], "parent" : 11, "left" : 45, "right" : 46, "svalue" : -1.3688399, "sindex" : 8 },
			"Node_024" : { "leaf_value" : [ ], "parent" : 11, "left" : 47, "right" : 48, "svalue" : -0.29673144, "sindex" : 1 },
			"Node_025" : { "leaf_value" : [ ], "parent" : 12, "left" : 49, "right" : 50, "svalue" : -0.22552405, "sindex" : 2 },
			"Node_026" : { "leaf_value" : [ ], "parent" : 12, "left" : 51, "right" : 52, "svalue" : -0.19077259, "sindex" : 3 },
			"Node_027" : { "leaf_value" : [ ], "parent" : 13, "left" : 53, "right" : 54, "svalue" : 1.4520441, "sindex" : 1 },
			"Node_028" : { "leaf_value" : [ -0.1844358, 0.56319052, -0.18458153, -0.19370727 ], "parent" : 13, "left" : null, "right" : null, "svalue" : 0, "sindex" : 0 },
			"Node_029" : { "leaf_value" : [ 0.41538486, -0.13838874, -0.13860723, -0.13838874 ], "parent" : 14, "left" : null, "right" : null, "svalue" : 0, "sindex" : 0 },
			"Node_030" : { "leaf_value" : [ ], "parent" : 14, "left" : 55, "right" : 56, "svalue" : -1.3007679, "sindex" : 0 },
			"Node_031" : { "leaf_value" : [ ], "parent" : 15, "left" : 57, "right" : 58, "svalue" : 0.22448672, "sindex" : 4 },
			"Node_032" : { "leaf_value" : [ ], "parent" : 15, "left" : 59, "right" : 60, "svalue" : -0.80751151, "sindex" : 4 },
			"Node_033" : { "leaf_value" : [ ], "parent" : 16, "left" : 61, "right" : 62, "svalue" : -0.29673144, "sindex" : 1 },
			"Node_034" : { "leaf_value" : [ ], "parent" : 16, "left" : 63, "right" : 64, "svalue" : 0.41992474, "sindex" : 0 },
			"Node_035" : { "leaf_value" : [ ], "parent" : 17, "left" : 65, "right" : 66, "svalue" : -0.84765804, "sindex" : 7 },
			"Node_036" : { "leaf_value" : [ ], "parent" : 17, "left" : 67, "right" : 68, "svalue" : -1.3007679, "sindex" : 0 },
			"Node_037" : { "leaf_value" : [ ], "parent" : 18, "left" : 69, "right" : 70, "svalue" : 1.1743932, "sindex" : 6 },
			"Node_038" : { "leaf_value" : [ ], "parent" : 18, "left" : 71, "right" : 72, "svalue" : 1.2674719, "sindex" : 0 },
			"Node_039" : { "leaf_value" : [ ], "parent" : 19, "left" : 73, "right" : 74, "svalue" : -1.6651212, "sindex" : 3 },
			"Node_040" : { "leaf_value" : [ ], "parent" : 19, "left" : 75, "right" : 76, "svalue" : 1.4520441, "sindex" : 1 },
			"Node_041" : { "leaf_value" : [ ], "parent" : 20, "left" : 77, "right" : 78, "svalue" : -0.19077259, "sindex" : 3 },
			"Node_042" : { "leaf_value" : [ ], "parent" : 20, "left" : 79, "right" : 80, "svalue" : -0.84765804, "sindex" : 7 },
			"Node_043" : { "leaf_value" : [ ], "parent" : 21, "left" : 81, "right" : 82, "svalue" : -0.25247759, "sindex" : 5 },
			"Node_044" : { "leaf_value" : [ ], "parent" : 21, "left" : 83, "right" : 84, "svalue" : -1.2301323, "sindex" : 1 },
			"Node_045" : { "leaf_value" : [ ], "parent" : 23, "left" : 85, "right" : 86, "svalue" : 0.71663225, "sindex" : 1 },
			"Node_046" : { "leaf_value" : [ ], "parent" : 23, "left" : 87, "right" : 88, "svalue" : 0.41992474, "sindex" : 0 },
			"Node_047" : { "leaf_value" : [ ], "parent" : 24, "left" : 89, "right" : 90, "svalue" : 1.2674719, "sindex" : 0 },
			"Node_048" : { "leaf_value" : [ -0.13043469, -0.13036276, 0.39071766, -0.13036276 ], "parent" : 24, "left" : null, "right" : null, "svalue" : 0, "sindex" : 0 },
			"Node_049" : { "leaf_value" : [ -0.10588231, 0.17663495, 0.035063028, -0.10581543 ], "parent" : 25, "left" : null, "right" : null, "svalue" : 0, "sindex" : 0 },
			"Node_050" : { "leaf_value" : [ ], "parent" : 25, "left" : 91, "right" : 92, "svalue" : -0.20497112, "sindex" : 9 },
			"Node_051" : { "leaf_value" : [ ], "parent" : 26, "left" : 93, "right" : 94, "svalue" : 1.0068529, "sindex" : 7 },
			"Node_052" : { "leaf_value" : [ ], "parent" : 26, "left" : 95, "right" : 96, "svalue" : 1.0068529, "sindex" : 7 },
			"Node_053" : { "leaf_value" : [ ], "parent" : 27, "left" : 97, "right" : 98, "svalue" : -0.022231765, "sindex" : 6 },
			"Node_054" : { "leaf_value" : [ ], "parent" : 27, "left" : 99, "right" : 100, "svalue" : -0.92531294, "sindex" : 3 },
			"Node_055" : { "leaf_value" : [ -0.13043474, 0.39159817, -0.13057886, -0.13036278 ], "parent" : 30, "left" : null, "right" : null, "svalue" : 0, "sindex" : 0 },
			"Node_056" : { "leaf_value" : [ -0.11999996, 0.00011726197, 0.23957841, -0.11992968 ], "parent" : 30, "left" : null, "right" : null, "svalue" : 0, "sindex" : 0 },
			"Node_057" : { "leaf_value" : [ 0.12857161, -0.17135684, 0.21371229, -0.17135684 ], "parent" : 31, "left" : null, "right" : null, "svalue" : 0, "sindex" : 0 },
			"Node_058" : { "leaf_value" : [ -0.14999995, -0.14992677, 0.44926831, -0.14992677 ], "parent" : 31, "left" : null, "right" : null, "svalue" : 0, "sindex" : 0 },
			"Node_059" : { "leaf_value" : [ 0.13846169, -0.13838874, 0.13806653, -0.13838874 ], "parent" : 32, "left" : null, "right" : null, "svalue" : 0, "sindex" : 0 },
			"Node_060" : { "leaf_value" : [ 0.38761091, -0.18577167, -0.10112583, -0.10076444 ], "parent" : 32, "left" : null, "right" : null, "svalue" : 0, "sindex" : 0 },
			"Node_061" : { "leaf_value" : [ -0.11999995, -0.11992967, -0.12014069, 0.36025804 ], "parent" : 33, "left" : null, "right" : null, "svalue" : 0, "sindex" : 0 },
			"Node_062" : { "leaf_value" : [ -0.11999995, -0.11992967, 0.35948476, -0.11992967 ], "parent" : 33, "left" : null, "right" : null, "svalue" : 0, "sindex" : 0 },
			"Node_063" : { "leaf_value" : [ 0.070588395, -0.17639962, 0.21117726, -0.10577078 ], "parent" : 34, "left" : null, "right" : null, "svalue" : 0, "sindex" : 0 },
			"Node_064" : { "leaf_value" : [ -0.15428564, -0.18850307, 0.47904357, -0.13704287 ], "parent" : 34, "left" : null, "right" : null, "svalue" : 0, "sindex" : 0 },
			"Node_065" : { "leaf_value" : [ 0.41298726, -0.17915034, -0.11709677, -0.11677625 ], "parent" : 35, "left" : null, "right" : null, "svalue" : 0, "sindex" : 0 },
			"Node_066" : { "leaf_value" : [ 0.18620707, -0.14475444, -0.14497398, 0.10363865 ], "parent" : 35, "left" : null, "right" : null, "svalue" : 0, "sindex" : 0 },
			"Node_067" : { "leaf_value" : [ 8.5830713e-08, 0.12016419, -0.00023433506, -0.11992967 ], "parent" : 36, "left" : null, "right" : null, "svalue" : 0, "sindex" : 0 },
			"Node_068" : { "leaf_value" : [ -0.096774094, -0.17412221, -0.17433631, 0.44558433 ], "parent" : 36, "left" : null, "right" : null, "svalue" : 0, "sindex" : 0 },
			"Node_069" : { "leaf_value" : [ -0.18415835, -0.184089, 0.029307941, 0.33899716 ], "parent" : 37, "left" : null, "right" : null, "svalue" : 0, "sindex" : 0 },
			"Node_070" : { "leaf_value" : [ -0.14482759, -0.14475448, 0.43379095, -0.14475448 ], "parent" : 37, "left" : null, "right" : null, "svalue" : 0, "sindex" : 0 },
			"Node_071" : { "leaf_value" : [ -0.079245165, -0.16973937, -0.16995534, 0.41926572 ], "parent" : 38, "left" : null, "right" : null, "svalue" : 0, "sindex" : 0 },
			"Node_072" : { "leaf_value" : [ -0.16460174, -0.18577164, -0.14355245, 0.49428603 ], "parent" : 38, "left" : null, "right" : null, "svalue" : 0, "sindex" : 0 },
			"Node_073" : { "leaf_value" : [ 0.13846169, -0.13836443, -0.13865574, 0.13872524 ], "parent" : 39, "left" : null, "right" : null, "svalue" : 0, "sindex" : 0 },
			"Node_074" : { "leaf_value" : [ -0.081711918, -0.14698522, -0.17525496, 0.40433547 ], "parent" : 39, "left" : null, "right" : null, "svalue" : 0, "sindex" : 0 },
			"Node_075" : { "leaf_value" : [ -0.096183099, 0.16058698, -0.16962531, 0.10559152 ], "parent" : 40, "left" : null, "right" : null, "svalue" : 0, "sindex" : 0 },
			"Node_076" : { "leaf_value" : [ 0.042857297, -0.12847574, -0.08595337, 0.17169185 ], "parent" : 40, "left" : null, "right" : null, "svalue" : 0, "sindex" : 0 },
			"Node_077" : { "leaf_value" : [ -0.0084505631, -0.14357165, 0.19379558, -0.04210452 ], "parent" : 41, "left" : null, "right" : null, "svalue" : 0, "sindex" : 0 },
			"Node_078" : { "leaf_value" : [ -0.096774071, -0.1741222, 0.018992882, 0.251926 ], "parent" : 41, "left" : null, "right" : null, "svalue" : 0, "sindex" : 0 },
			"Node_079" : { "leaf_value" : [ 0.26017717, -0.058260825, -0.037485972, -0.16451986 ], "parent" : 42, "left" : null, "right" : null, "svalue" : 0, "sindex" : 0 },
			"Node_080" : { "leaf_value" : [ -0.033962149, 0.05680104, 0.14667587, -0.1697394 ], "parent" : 42, "left" : null, "right" : null, "svalue" : 0, "sindex" : 0 },
			"Node_081" : { "leaf_value" : [ 0.12000012, -0.11992967, 0.11967202, -0.11992967 ], "parent" : 43, "left" : null, "right" : null, "svalue" : 0, "sindex" : 0 },
			"Node_082" : { "leaf_value" : [ 0.37500021, -0.07489007, -0.15014656, -0.14992675 ], "parent" : 43, "left" : null, "right" : null, "svalue" : 0, "sindex" : 0 },
			"Node_083" : { "leaf_value" : [ 0.53949594, -0.18648571, -0.16654895, -0.18648571 ], "parent" : 44, "left" : null, "right" : null, "svalue" : 0, "sindex" : 0 },
			"Node_084" : { "leaf_value" : [ 0.39000019, -0.089876913, -0.1202109, -0.17992967 ], "parent" : 44, "left" : null, "right" : null, "svalue" : 0, "sindex" : 0 },
			"Node_085" : { "leaf_value" : [ 0.046153963, -0.13838871, 0.23029111, -0.13838871 ], "parent" : 45, "left" : null, "right" : null, "svalue" : 0, "sindex" : 0 },
			"Node_086" : { "leaf_value" : [ -0.15328458, -0.18825269, 0.51141387, -0.17072371 ], "parent" : 45, "left" : null, "right" : null, "svalue" : 0, "sindex" : 0 },
			"Node_087" : { "leaf_value" : [ -0.096774086, -0.050168309, 0.30505916, -0.15862243 ], "parent" : 46, "left" : null, "right" : null, "svalue" : 0, "sindex" : 0 },
			"Node_088" : { "leaf_value" : [ 0.10344836, 0.020840954, 0.020387409, -0.14475439 ], "parent" : 46, "left" : null, "right" : null, "svalue" : 0, "sindex" : 0 },
			"Node_089" : { "leaf_value" : [ -0.13548382, -0.17412224, -0.13567051, 0.44558436 ], "parent" : 47, "left" : null, "right" : null, "svalue" : 0, "sindex" : 0 },
			"Node_090" : { "leaf_value" : [ 0.12000014, -0.11992965, -0.00023433508, 0.00011723334 ], "parent" : 47, "left" : null, "right" : null, "svalue" : 0, "sindex" : 0 },
			"Node_091" : { "leaf_value" : [ 0.43448308, -0.14475442, -0.14497399, -0.14475442 ], "parent" : 50, "left" : null, "right" : null, "svalue" : 0, "sindex" : 0 },
			"Node_092" : { "leaf_value" : [ 0.17647071, -0.10581544, 0.035063021, -0.10581544 ], "parent" : 50, "left" : null, "right" : null, "svalue" : 0, "sindex" : 0 },
			"Node_093" : { "leaf_value" : [ -0.041860331, 0.12583289, 0.01358296, -0.0975549 ], "parent" : 51, "left" : null, "right" : null, "svalue" : 0, "sindex" : 0 },
			"Node_094" : { "leaf_value" : [ -0.14336273, 0.34552339, -0.016272705, -0.18577161 ], "parent" : 51, "left" : null, "right" : null, "svalue" : 0, "sindex" : 0 },
			"Node_095" : { "leaf_value" : [ -0.017142756, 0.051605221, -0.085929528, 0.051605221 ], "parent" : 52, "left" : null, "right" : null, "svalue" : 0, "sindex" : 0 },
			"Node_096" : { "leaf_value" : [ -0.13846147, -0.13838872, 0.41474026, -0.13838872 ], "parent" : 52, "left" : null, "right" : null, "svalue" : 0, "sindex" : 0 },
			"Node_097" : { "leaf_value" : [ -0.1590697, 0.4553574, -0.1592465, -0.13664182 ], "parent" : 53, "left" : null, "right" : null, "svalue" : 0, "sindex" : 0 },
			"Node_098" : { "leaf_value" : [ 0.051428728, 0.18881702, -0.08592955, -0.15421258 ], "parent" : 53, "left" : null, "right" : null, "svalue" : 0, "sindex" : 0 },
			"Node_099" : { "leaf_value" : [ 0.10344843, -0.061956733, -0.14497399, 0.10363866 ], "parent" : 54, "left" : null, "right" : null, "svalue" : 0, "sindex" : 0 },
			"Node_100" : { "leaf_value" : [ -0.13846147, 0.32335797, -0.13860722, -0.046039358 ], "parent" : 54, "left" : null, "right" : null, "svalue" : 0, "sindex" : 0 }
		},
		"Tree_1" : {
			"Node_000" : { "leaf_value" : [ ], "parent" : null, "left" : 1, "right" : 2, "svalue" : -0.039238248, "sindex" : 7 },
			"Node_001" : { "leaf_value" : [ ], "parent" : 0, "left" : 3, "right" : 4, "svalue" : -0.39365029, "sindex" : 8 },
			"Node_002" : { "leaf_value" : [ ], "parent" : 0, "left" : 5, "right" : 6, "svalue" : -0.39365029, "sindex" : 8 },
			"Node_003" : { "leaf_value" : [ ], "parent" : 1, "left" : 7, "right" : 8, "svalue" : -0.19077259, "sindex" : 3 },
			"Node_004" : { "leaf_value" : [ ], "parent" : 1, "left" : 9, "right" : 10, "svalue" : 0.83858293, "sindex" : 3 },
			"Node_005" : { "leaf_value" : [ ], "parent" : 2, "left" : 11, "right" : 12, "svalue" : 0.83858293, "sindex" : 3 },
			"Node_006" : { "leaf_value" : [ ], "parent" : 2, "left" : 13, "right" : 14, "svalue" : -1.2301323, "sindex" : 1 },
			"Node_007" : { "leaf_value" : [ ], "parent" : 3, "left" : 15, "right" : 16, "svalue" : 0.41992474, "sindex" : 0 },
			"Node_008" : { "leaf_value" : [ ], "parent" : 3, "left" : 17, "right" : 18, "svalue" : 0.41992474, "sindex" : 0 },
			"Node_009" : { "leaf_value" : [ ], "parent" : 4, "left" : 19, "right" : 20, "svalue" : 0.41992474, "sindex" : 0 },
			"Node_010" : { "leaf_value" : [ ], "parent" : 4, "left" : 21, "right" : 22, "svalue" : -0.29673144, "sindex" : 1 },
			"Node_011" : { "leaf_value" : [ ], "parent" : 5, "left" : 23, "right" : 24, "svalue" : -1.3688399, "sindex" : 8 },
			"Node_012" : { "leaf_value" : [ ], "parent" : 5, "left" : 25, "right" : 26, "svalue" : -0.29673144, "sindex" : 1 },
			"Node_013" : { "leaf_value" : [ ], "parent" : 6, "left" : 27, "right" : 28, "svalue" : 0.83858293, "sindex" : 3 },
			"Node_014" : { "leaf_value" : [ ], "parent" : 6, "left" : 29, "right" : 30, "svalue" : 0.48558784, "sindex" : 8 },
			"Node_015" : { "leaf_value" : [ ], "parent" : 7, "left" : 31, "right" : 32, "svalue" : -0.92531294, "sindex" : 3 },
			"Node_016" : { "leaf_value" : [ ], "parent" : 7, "left" : 33, "right" : 34, "svalue" : -2.1880658, "sindex" : 6 },
			"Node_017" : { "leaf_value" : [ ], "parent" : 8, "left" : 35, "right" : 36, "svalue" : -1.3688399, "sindex" : 8 },
			"Node_018" : { "leaf_value" : [ ], "parent" : 8, "left" : 37, "right" : 38, "svalue" : 0.83858293, "sindex" : 3 },
			"Node_019" : { "leaf_value" : [ ], "parent" : 9, "left" : 39, "right" : 40, "svalue" : -0.84765804, "sindex" : 7 },
			"Node_020" : { "leaf_value" : [ ], "parent" : 9, "left" : 41, "right" : 42, "svalue" : 0.48558784, "sindex" : 8 },
			"Node_021" : { "leaf_value" : [ ], "parent" : 10, "left" : 43, "right" : 44, "svalue" : 0.41992474, "sindex" : 0 },
			"Node_022" : { "leaf_value" : [ -0.098493919, 0.1482726, -0.098607987, 0.032029223 ], "parent" : 10, "left" : null, "right" : null, "svalue" : 0, "sindex" : 0 },
			"Node_023" : { "leaf_value" : [ ], "parent" : 11, "left" : 45, "right" : 46, "svalue" : 0.71663225, "sindex" : 1 },
			"Node_024" : { "leaf_value" : [ ], "parent" : 11, "left" : 47, "right" : 48, "svalue" : 1.0068529, "sindex" : 7 },
			"Node_025" : { "leaf_value" : [ ], "parent" : 12, "left" : 49, "right" : 50, "svalue" : 1.2674719, "sindex" : 0 },
			"Node_026" : { "leaf_value" : [ -0.11951058, -0.11945193, 0.29048273, -0.11945187 ], "parent" : 12, "left" : null, "right" : null, "svalue" : 0, "sindex" : 0 },
			"Node_027" : { "leaf_value" : [ ], "parent" : 13, "left" : 51, "right" : 52, "svalue" : -0.23047043, "sindex" : 4 },
			"Node_028" : { "leaf_value" : [ ], "parent" : 13, "left" : 53, "right" : 54, "svalue" : -0.80751151, "sindex" : 4 },
			"Node_029" : { "leaf_value" : [ ], "parent" : 14, "left" : 55, "right" : 56, "svalue" : -0.19077259, "sindex" : 3 },
			"Node_030" : { "leaf_value" : [ ], "parent" : 14, "left" : 57, "right" : 58, "svalue" : 1.1743932, "sindex" : 6 },
			"Node_031" : { "leaf_value" : [ ], "parent" : 15, "left" : 59, "right" : 60, "svalue" : -0.82879567, "sindex" : 5 },
			"Node_032" : { "leaf_value" : [ ], "parent" : 15, "left" : 61, "right" : 62, "svalue" : -1.3688399, "sindex" : 8 },
			"Node_033" : { "leaf_value" : [ -0.12048594, -0.12042647, -0.023310881, 0.22642477 ], "parent" : 16, "left" : null, "right" : null, "svalue" : 0, "sindex" : 0 },
			"Node_034" : { "leaf_value" : [ ], "parent" : 16, "left" : 63, "right" : 64, "svalue" : -1.2301323, "sindex" : 1 },
			"Node_035" : { "leaf_value" : [ ], "parent" : 17, "left" : 65, "right" : 66, "svalue" : -0.84765804, "sindex" : 7 },
			"Node_036" : { "leaf_value" : [ ], "parent" : 17, "left" : 67, "right" : 68, "svalue" : -1.3007679, "sindex" : 0 },
			"Node_037" : { "leaf_value" : [ ], "parent" : 18, "left" : 69, "right" : 70, "svalue" : 1.1743932, "sindex" : 6 },
			"Node_038" : { "leaf_value" : [ ], "parent" : 18, "left" : 71, "right" : 72, "svalue" : 1.2674719, "sindex" : 0 },
			"Node_039" : { "leaf_value" : [ ], "parent" : 19, "left" : 73, "right" : 74, "svalue" : 1.3620313, "sindex" : 8 },
			"Node_040" : { "leaf_value" : [ ], "parent" : 19, "left" : 75, "right" : 76, "svalue" : 1.4520441, "sindex" : 1 },
			"Node_041" : { "leaf_value" : [ ], "parent" : 20, "left" : 77, "right" : 78, "svalue" : 0.86836809, "sindex" : 4 },
			"Node_042" : { "leaf_value" : [ ], "parent" : 20, "left" : 79, "right" : 80, "svalue" : 1.2674719, "sindex" : 0 },
			"Node_043" : { "leaf_value" : [ ], "parent" : 21, "left" : 81, "right" : 82, "svalue" : 0.25261217, "sindex" : 5 },
			"Node_044" : { "leaf_value" : [ ], "parent" : 21, "left" : 83, "right" : 84, "svalue" : -1.2301323, "sindex" : 1 },
			"Node_045" : { "leaf_value" : [ ], "parent" : 23, "left" : 85, "right" : 86, "svalue" : -0.19077259, "sindex" : 3 },
			"Node_046" : { "leaf_value" : [ ], "parent" : 23, "left" : 87, "right" : 88, "svalue" : -0.19077259, "sindex" : 3 },
			"Node_047" : { "leaf_value" : [ ], "parent" : 24, "left" : 89, "right" : 90, "svalue" : -0.92531294, "sindex" : 3 },
			"Node_048" : { "leaf_value" : [ ], "parent" : 24, "left" : 91, "right" : 92, "svalue" : 0.86836809, "sindex" : 4 },
			"Node_049" : { "leaf_value" : [ ], "parent" : 25, "left" : 93, "right" : 94, "svalue" : -0.23047043, "sindex" : 4 },
			"Node_050" : { "leaf_value" : [ 0.10053108, -0.11147679, 0.00022716563, 0.00053631392 ], "parent" : 25, "left" : null, "right" : null, "svalue" : 0, "sindex" : 0 },
			"Node_051" : { "leaf_value" : [ -0.095967881, 0.12868759, 0.041579846, -0.095746428 ], "parent" : 27, "left" : null, "right" : null, "svalue" : 0, "sindex" : 0 },
			"Node_052" : { "leaf_value" : [ -0.11760149, 0.2853955, -0.11996706, -0.11828808 ], "parent" : 27, "left" : null, "right" : null, "svalue" : 0, "sindex" : 0 },
			"Node_053" : { "leaf_value" : [ 0.12306616, -0.095935456, 0.047142129, -0.095935456 ], "parent" : 28, "left" : null, "right" : null, "svalue" : 0, "sindex" : 0 },
			"Node_054" : { "leaf_value" : [ 0.36779124, -0.1570935, -0.15697241, -0.15471271 ], "parent" : 28, "left" : null, "right" : null, "svalue" : 0, "sindex" : 0 },
			"Node_055" : { "leaf_value" : [ ], "parent" : 29, "left" : 95, "right" : 96, "svalue" : 0.86836809, "sindex" : 4 },
			"Node_056" : { "leaf_value" : [ ], "parent" : 29, "left" : 97, "right" : 98, "svalue" : 1.0068529, "sindex" : 7 },
			"Node_057" : { "leaf_value" : [ ], "parent" : 30, "left" : 99, "right" : 100, "svalue" : 1.0068529, "sindex" : 7 },
			"Node_058" : { "leaf_value" : [ ], "parent" : 30, "left" : 101, "right" : 102, "svalue" : -0.46624133, "sindex" : 0 },
			"Node_059" : { "leaf_value" : [ 0.33958873, -0.14447208, -0.10360616, -0.14810334 ], "parent" : 31, "left" : null, "right" : null, "svalue" : 0, "sindex" : 0 },
			"Node_060" : { "leaf_value" : [ 0.035732597, -0.17841396, 0.25832775, -0.18049365 ], "parent" : 31, "left" : null, "right" : null, "svalue" : 0, "sindex" : 0 },
			"Node_061" : { "leaf_value" : [ 0.30702686, -0.1561721, -0.072398767, -0.16094343 ], "parent" : 32, "left" : null, "right" : null, "svalue" : 0, "sindex" : 0 },
			"Node_062" : { "leaf_value" : [ 0.065013565, -0.15063679, -0.1167017, 0.196987 ], "parent" : 32, "left" : null, "right" : null, "svalue" : 0, "sindex" : 0 },
			"Node_063" : { "leaf_value" : [ -0.074134625, -0.14232494, 0.16304235, -0.0060882214 ], "parent" : 34, "left" : null, "right" : null, "svalue" : 0, "sindex" : 0 },
			"Node_064" : { "leaf_value" : [ -0.14836188, -0.1712504, 0.32938167, -0.1495429 ], "parent" : 34, "left" : null, "right" : null, "svalue" : 0, "sindex" : 0 },
			"Node_065" : { "leaf_value" : [ 0.27172992, -0.16573998, -0.10128526, -0.10101261 ], "parent" : 35, "left" : null, "right" : null, "svalue" : 0, "sindex" : 0 },
			"Node_066" : { "leaf_value" : [ 0.14623006, -0.13387875, -0.13405643, 0.085746497 ], "parent" : 35, "left" : null, "right" : null, "svalue" : 0, "sindex" : 0 },
			"Node_067" : { "leaf_value" : [ 0.0004316057, 0.10066414, 0.00022547506, -0.11147777 ], "parent" : 36, "left" : null, "right" : null, "svalue" : 0, "sindex" : 0 },
			"Node_068" : { "leaf_value" : [ -0.081297368, -0.16043293, -0.16059142, 0.29319355 ], "parent" : 36, "left" : null, "right" : null, "svalue" : 0, "sindex" : 0 },
			"Node_069" : { "leaf_value" : [ -0.1711548, -0.17110476, 0.028216185, 0.22844739 ], "parent" : 37, "left" : null, "right" : null, "svalue" : 0, "sindex" : 0 },
			"Node_070" : { "leaf_value" : [ -0.13241194, -0.13235378, 0.30772087, -0.13235383 ], "parent" : 37, "left" : null, "right" : null, "svalue" : 0, "sindex" : 0 },
			"Node_071" : { "leaf_value" : [ -0.065429509, -0.1563634, -0.15652606, 0.28151619 ], "parent" : 38, "left" : null, "right" : null, "svalue" : 0, "sindex" : 0 },
			"Node_072" : { "leaf_value" : [ -0.14850914, -0.17167872, -0.12617576, 0.31057894 ], "parent" : 38, "left" : null, "right" : null, "svalue" : 0, "sindex" : 0 },
			"Node_073" : { "leaf_value" : [ 0.038570538, -0.095715441, -0.14366288, 0.14629295 ], "parent" : 39, "left" : null, "right" : null, "svalue" : 0, "sindex" : 0 },
			"Node_074" : { "leaf_value" : [ -0.08590398, -0.17834496, -0.15858871, 0.32864097 ], "parent" : 39, "left" : null, "right" : null, "svalue" : 0, "sindex" : 0 },
			"Node_075" : { "leaf_value" : [ -0.082837835, 0.11876014, -0.15614802, 0.081698522 ], "parent" : 40, "left" : null, "right" : null, "svalue" : 0, "sindex" : 0 },
			"Node_076" : { "leaf_value" : [ 0.035856932, -0.1156776, -0.074680589, 0.12898071 ], "parent" : 40, "left" : null, "right" : null, "svalue" : 0, "sindex" : 0 },
			"Node_077" : { "leaf_value" : [ -0.12860163, -0.1454806, 0.13169689, 0.10857428 ], "parent" : 41, "left" : null, "right" : null, "svalue" : 0, "sindex" : 0 },
			"Node_078" : { "leaf_value" : [ 0.20046391, -0.14290312, -0.036448523, -0.025276896 ], "parent" : 41, "left" : null, "right" : null, "svalue" : 0, "sindex" : 0 },
			"Node_079" : { "leaf_value" : [ 0.19211955, -0.048156668, -0.032741878, -0.14970079 ], "parent" : 42, "left" : null, "right" : null, "svalue" : 0, "sindex" : 0 },
			"Node_080" : { "leaf_value" : [ -0.022530276, 0.046312463, 0.11936767, -0.15955138 ], "parent" : 42, "left" : null, "right" : null, "svalue" : 0, "sindex" : 0 },
			"Node_081" : { "leaf_value" : [ 0.29400977, -0.11155472, -0.11361693, -0.15646872 ], "parent" : 43, "left" : null, "right" : null, "svalue" : 0, "sindex" : 0 },
			"Node_082" : { "leaf_value" : [ 0.17710577, -0.13656545, 0.044040281, -0.13082722 ], "parent" : 43, "left" : null, "right" : null, "svalue" : 0, "sindex" : 0 },
			"Node_083" : { "leaf_value" : [ 0.32525983, -0.15600199, -0.13788244, -0.174992 ], "parent" : 44, "left" : null, "right" : null, "svalue" : 0, "sindex" : 0 },
			"Node_084" : { "leaf_value" : [ 0.176671, 0.039138522, -0.13456938, -0.13052979 ], "parent" : 44, "left" : null, "right" : null, "svalue" : 0, "sindex" : 0 },
			"Node_085" : { "leaf_value" : [ 0.1707426, -0.096105888, 0.0085604778, -0.096105888 ], "parent" : 45, "left" : null, "right" : null, "svalue" : 0, "sindex" : 0 },
			"Node_086" : { "leaf_value" : [ -0.1082533, -0.096105888, 0.27091426, -0.096105888 ], "parent" : 45, "left" : null, "right" : null, "svalue" : 0, "sindex" : 0 },
			"Node_087" : { "leaf_value" : [ -0.12947991, -0.17248477, 0.32605895, -0.17341115 ], "parent" : 46, "left" : null, "right" : null, "svalue" : 0, "sindex" : 0 },
			"Node_088" : { "leaf_value" : [ -0.11672337, -0.114485, 0.17758283, -0.00034405955 ], "parent" : 46, "left" : null, "right" : null, "svalue" : 0, "sindex" : 0 },
			"Node_089" : { "leaf_value" : [ -0.0062905173, -0.11322046, 0.22094746, -0.15608253 ], "parent" : 47, "left" : null, "right" : null, "svalue" : 0, "sindex" : 0 },
			"Node_090" : { "leaf_value" : [ 0.079642162, -0.038849108, -0.018993823, -0.021022715 ], "parent" : 47, "left" : null, "right" : null, "svalue" : 0, "sindex" : 0 },
			"Node_091" : { "leaf_value" : [ -0.10695014, -0.045634635, 0.25607264, -0.16786951 ], "parent" : 48, "left" : null, "right" : null, "svalue" : 0, "sindex" : 0 },
			"Node_092" : { "leaf_value" : [ -0.14408116, 0.16309519, 0.093945593, -0.1379763 ], "parent" : 48, "left" : null, "right" : null, "svalue" : 0, "sindex" : 0 },
			"Node_093" : { "leaf_value" : [ -0.0059525636, -0.11612444, -0.11875192, 0.18999842 ], "parent" : 49, "left" : null, "right" : null, "svalue" : 0, "sindex" : 0 },
			"Node_094" : { "leaf_value" : [ -0.1543061, -0.15187511, -0.098104939, 0.30040595 ], "parent" : 49, "left" : null, "right" : null, "svalue" : 0, "sindex" : 0 },
			"Node_095" : { "leaf_value" : [ -0.084453017, 0.19997913, -0.035276521, -0.12902981 ], "parent" : 55, "left" : null, "right" : null, "svalue" : 0, "sindex" : 0 },
			"Node_096" : { "leaf_value" : [ -0.091147311, 0.079476625, 0.13511546, -0.15008576 ], "parent" : 55, "left" : null, "right" : null, "svalue" : 0, "sindex" : 0 },
			"Node_097" : { "leaf_value" : [ -0.014420062, 0.04259856, -0.076417901, 0.042598549 ], "parent" : 56, "left" : null, "right" : null, "svalue" : 0, "sindex" : 0 },
			"Node_098" : { "leaf_value" : [ -0.12668051, -0.12662193, 0.30043209, -0.12662193 ], "parent" : 56, "left" : null, "right" : null, "svalue" : 0, "sindex" : 0 },
			"Node_099" : { "leaf_value" : [ -0.10694975, 0.25787008, -0.14301895, -0.097127944 ], "parent" : 57, "left" : null, "right" : null, "svalue" : 0, "sindex" : 0 },
			"Node_100" : { "leaf_value" : [ -0.1682317, 0.33878812, -0.16833495, -0.17904164 ], "parent" : 57, "left" : null, "right" : null, "svalue" : 0, "sindex" : 0 },
			"Node_101" : { "leaf_value" : [ -0.13429935, 0.27498361, -0.059146672, -0.13423982 ], "parent" : 58, "left" : null, "right" : null, "svalue" : 0, "sindex" : 0 },
			"Node_102" : { "leaf_value" : [ 0.027138418, -0.10181118, 0.15835404, -0.096512206 ], "parent" : 58, "left" : null, "right" : null, "svalue" : 0, "sindex" : 0 }
		},
		"Tree_2" : {
			"Node_000" : { "leaf_value" : [ ], "parent" : null, "left" : 1, "right" : 2, "svalue" : -0.039238248, "sindex" : 7 },
			"Node_001" : { "leaf_value" : [ ], "parent" : 0, "left" : 3, "right" : 4, "svalue" : -0.39365029, "sindex" : 8 },
			"Node_002" : { "leaf_value" : [ ], "parent" : 0, "left" : 5, "right" : 6, "svalue" : -0.39365029, "sindex" : 8 },
			"Node_003" : { "leaf_value" : [ ], "parent" : 1, "left" : 7, "right" : 8, "svalue" : -0.19077259, "sindex" : 3 },
			"Node_004" : { "leaf_value" : [ ], "parent" : 1, "left" : 9, "right" : 10, "svalue" : -0.46624133, "sindex" : 0 },
			"Node_005" : { "leaf_value" : [ ], "parent" : 2, "left" : 11, "right" : 12, "svalue" : 0.83858293, "sindex" : 3 },
			"Node_006" : { "leaf_value" : [ ], "parent" : 2, "left" : 13, "right" : 14, "svalue" : 0.83858293, "sindex" : 3 },
			"Node_007" : { "leaf_value" : [ ], "parent" : 3, "left" : 15, "right" : 16, "svalue" : 0.41992474, "sindex" : 0 },
			"Node_008" : { "leaf_value" : [ ], "parent" : 3, "left" : 17, "right" : 18, "svalue" : 0.41992474, "sindex" : 0 },
			"Node_009" : { "leaf_value" : [ ], "parent" : 4, "left" : 19, "right" : 20, "svalue" : -1.6651212, "sindex" : 3 },
			"Node_010" : { "leaf_value" : [ ], "parent" : 4, "left" : 21, "right" : 22, "svalue" : 0.83858293, "sindex" : 3 },
			"Node_011" : { "leaf_value" : [ ], "parent" : 5, "left" : 23, "right" : 24, "svalue" : -1.3688399, "sindex" : 8 },
			"Node_012" : { "leaf_value" : [ ], "parent" : 5, "left" : 25, "right" : 26, "svalue" : -0.29673144, "sindex" : 1 },
			"Node_013" : { "leaf_value" : [ ], "parent" : 6, "left" : 27, "right" : 28, "svalue" : 0.48558784, "sindex" : 8 },
			"Node_014" : { "leaf_value" : [ ], "parent" : 6, "left" : 29, "right" : 30, "svalue" : -0.46624133, "sindex" : 0 },
			"Node_015" : { "leaf_value" : [ ], "parent" : 7, "left" : 31, "right" : 32, "svalue" : -0.92531294, "sindex" : 3 },
			"Node_016" : { "leaf_value" : [ ], "parent" : 7, "left" : 33, "right" : 34, "svalue" : -2.1880658, "sindex" : 6 },
			"Node_017" : { "leaf_value" : [ ], "parent" : 8, "left" : 35, "right" : 36, "svalue" : -1.3688399, "sindex" : 8 },
			"Node_018" : { "leaf_value" : [ ], "parent" : 8, "left" : 37, "right" : 38, "svalue" : 0.83858293, "sindex" : 3 },
			"Node_019" : { "leaf_value" : [ ], "parent" : 9, "left" : 39, "right" : 40, "svalue" : 1.3620313, "sindex" : 8 },
			"Node_020" : { "leaf_value" : [ ], "parent" : 9, "left" : 41, "right" : 42, "svalue" : -1.3007679, "sindex" : 0 },
			"Node_021" : { "leaf_value" : [ ], "parent" : 10, "left" : 43, "right" : 44, "svalue" : 0.48558784, "sindex" : 8 },
			"Node_022" : { "leaf_value" : [ ], "parent" : 10, "left" : 45, "right" : 46, "svalue" : -1.0622915, "sindex" : 6 },
			"Node_023" : { "leaf_value" : [ ], "parent" : 11, "left" : 47, "right" : 48, "svalue" : 0.71663225, "sindex" : 1 },
			"Node_024" : { "leaf_value" : [ ], "parent" : 11, "left" : 49, "right" : 50, "svalue" : 0.22448672, "sindex" : 4 },
			"Node_025" : { "leaf_value" : [ ], "parent" : 12, "left" : 51, "right" : 52, "svalue" : 0.86836809, "sindex" : 4 },
			"Node_026" : { "leaf_value" : [ -0.10920326, -0.10915386, 0.23304607, -0.10915391 ], "parent" : 12, "left" : null, "right" : null, "svalue" : 0, "sindex" : 0 },
			"Node_027" : { "leaf_value" : [ ], "parent" : 13, "left" : 53, "right" : 54, "svalue" : -0.22552405, "sindex" : 2 },
			"Node_028" : { "leaf_value" : [ ], "parent" : 13, "left" : 55, "right" : 56, "svalue" : 1.1743932, "sindex" : 6 },
			"Node_029" : { "leaf_value" : [ ], "parent" : 14, "left" : 57, "right" : 58, "svalue" : 1.1743932, "sindex" : 6 },
			"Node_030" : { "leaf_value" : [ ], "parent" : 14, "left" : 59, "right" : 60, "svalue" : 0.81045109, "sindex" : 9 },
			"Node_031" : { "leaf_value" : [ ], "parent" : 15, "left" : 61, "right" : 62, "svalue" : -0.82879567, "sindex" : 5 },
			"Node_032" : { "leaf_value" : [ ], "parent" : 15, "left" : 63, "right" : 64, "svalue" : -1.3688399, "sindex" : 8 },
			"Node_033" : { "leaf_value" : [ -0.11129074, -0.11124028, -0.017745106, 0.1819645 ], "parent" : 16, "left" : null, "right" : null, "svalue" : 0, "sindex" : 0 },
			"Node_034" : { "leaf_value" : [ ], "parent" : 16, "left" : 65, "right" : 66, "svalue" : -1.2301323, "sindex" : 1 },
			"Node_035" : { "leaf_value" : [ ], "parent" : 17, "left" : 67, "right" : 68, "svalue" : 0.28293744, "sindex" : 2 },
			"Node_036" : { "leaf_value" : [ ], "parent" : 17, "left" : 69, "right" : 70, "svalue" : 0.81045109, "sindex" : 9 },
			"Node_037" : { "leaf_value" : [ ], "parent" : 18, "left" : 71, "right" : 72, "svalue" : 1.1743932, "sindex" : 6 },
			"Node_038" : { "leaf_value" : [ ], "parent" : 18, "left" : 73, "right" : 74, "svalue" : -1.4572108, "sindex" : 7 },
			"Node_039" : { "leaf_value" : [ ], "parent" : 19, "left" : 75, "right" : 76, "svalue" : -1.3007679, "sindex" : 0 },
			"Node_040" : { "leaf_value" : [ ], "parent" : 19, "left" : 77, "right" : 78, "svalue" : -1.3007679, "sindex" : 0 },
			"Node_041" : { "leaf_value" : [ ], "parent" : 20, "left" : 79, "right" : 80, "svalue" : 0.48558784, "sindex" : 8 },
			"Node_042" : { "leaf_value" : [ ], "parent" : 20, "left" : 81, "right" : 82, "svalue" : 0.81045109, "sindex" : 9 },
			"Node_043" : { "leaf_value" : [ ], "parent" : 21, "left" : 83, "right" : 84, "svalue" : -0.92531294, "sindex" : 3 },
			"Node_044" : { "leaf_value" : [ ], "parent" : 21, "left" : 85, "right" : 86, "svalue" : 0.71663225, "sindex" : 1 },
			"Node_045" : { "leaf_value" : [ ], "parent" : 22, "left" : 87, "right" : 88, "svalue" : 1.3620313, "sindex" : 8 },
			"Node_046" : { "leaf_value" : [ ], "parent" : 22, "left" : 89, "right" : 90, "svalue" : 0.83106244, "sindex" : 5 },
			"Node_047" : { "leaf_value" : [ 0.037513219, -0.12049919, 0.15153255, -0.12049919 ], "parent" : 23, "left" : null, "right" : null, "svalue" : 0, "sindex" : 0 },
			"Node_048" : { "leaf_value" : [ ], "parent" : 23, "left" : 91, "right" : 92, "svalue" : -0.19077259, "sindex" : 3 },
			"Node_049" : { "leaf_value" : [ ], "parent" : 24, "left" : 93, "right" : 94, "svalue" : -0.20497112, "sindex" : 9 },
			"Node_050" : { "leaf_value" : [ ], "parent" : 24, "left" : 95, "right" : 96, "svalue" : 1.4520441, "sindex" : 1 },
			"Node_051" : { "leaf_value" : [ ], "parent" : 25, "left" : 97, "right" : 98, "svalue" : 0.25261217, "sindex" : 5 },
			"Node_052" : { "leaf_value" : [ -0.12279593, -0.11376458, 0.088619381, 0.10405007 ], "parent" : 25, "left" : null, "right" : null, "svalue" : 0, "sindex" : 0 },
			"Node_053" : { "leaf_value" : [ ], "parent" : 27, "left" : 99, "right" : 100, "svalue" : -1.3007679, "sindex" : 0 },
			"Node_054" : { "leaf_value" : [ ], "parent" : 27, "left" : 101, "right" : 102, "svalue" : -1.3007679, "sindex" : 0 },
			"Node_055" : { "leaf_value" : [ ], "parent" : 28, "left" : 103, "right" : 104, "svalue" : 0.41992474, "sindex" : 0 },
			"Node_056" : { "leaf_value" : [ -0.12247363, 0.085372075, 0.11535531, -0.11955649 ], "parent" : 28, "left" : null, "right" : null, "svalue" : 0, "sindex" : 0 },
			"Node_057" : { "leaf_value" : [ -0.14361584, 0.28017831, -0.13838977, -0.13890995 ], "parent" : 29, "left" : null, "right" : null, "svalue" : 0, "sindex" : 0 },
			"Node_058" : { "leaf_value" : [ -0.10366841, 0.14275533, 0.027907729, -0.10644526 ], "parent" : 29, "left" : null, "right" : null, "svalue" : 0, "sindex" : 0 },
			"Node_059" : { "leaf_value" : [ ], "parent" : 30, "left" : 105, "right" : 106, "svalue" : 0.41992474, "sindex" : 0 },
			"Node_060" : { "leaf_value" : [ 0.055490468, -0.10792254, 0.01770507, 0.022425903 ], "parent" : 30, "left" : null, "right" : null, "svalue" : 0, "sindex" : 0 },
			"Node_061" : { "leaf_value" : [ 0.25122806, -0.13372888, -0.088529468, -0.13664405 ], "parent" : 31, "left" : null, "right" : null, "svalue" : 0, "sindex" : 0 },
			"Node_062" : { "leaf_value" : [ 0.033507463, -0.16850896, 0.1846886, -0.17010453 ], "parent" : 31, "left" : null, "right" : null, "svalue" : 0, "sindex" : 0 },
			"Node_063" : { "leaf_value" : [ 0.22793724, -0.14519565, -0.058424134, -0.14899403 ], "parent" : 32, "left" : null, "right" : null, "svalue" : 0, "sindex" : 0 },
			"Node_064" : { "leaf_value" : [ 0.053615443, -0.14129931, -0.10342693, 0.1489666 ], "parent" : 32, "left" : null, "right" : null, "svalue" : 0, "sindex" : 0 },
			"Node_065" : { "leaf_value" : [ -0.063933663, -0.13263756, 0.12904955, -0.0015118092 ], "parent" : 34, "left" : null, "right" : null, "svalue" : 0, "sindex" : 0 },
			"Node_066" : { "leaf_value" : [ -0.13401708, -0.16019697, 0.24604429, -0.13501172 ], "parent" : 34, "left" : null, "right" : null, "svalue" : 0, "sindex" : 0 },
			"Node_067" : { "leaf_value" : [ 0.20826623, -0.15416367, -0.078113109, -0.090108313 ], "parent" : 35, "left" : null, "right" : null, "svalue" : 0, "sindex" : 0 },
			"Node_068" : { "leaf_value" : [ 0.12483151, -0.13003217, -0.13489385, 0.073666826 ], "parent" : 35, "left" : null, "right" : null, "svalue" : 0, "sindex" : 0 },
			"Node_069" : { "leaf_value" : [ -0.15404728, -0.091398589, -0.1465441, 0.25609419 ], "parent" : 36, "left" : null, "right" : null, "svalue" : 0, "sindex" : 0 },
			"Node_070" : { "leaf_value" : [ 0.13304821, -0.051614862, -0.037428588, -0.038587172 ], "parent" : 36, "left" : null, "right" : null, "svalue" : 0, "sindex" : 0 },
			"Node_071" : { "leaf_value" : [ -0.16106728, -0.16102833, 0.02872376, 0.16928793 ], "parent" : 37, "left" : null, "right" : null, "svalue" : 0, "sindex" : 0 },
			"Node_072" : { "leaf_value" : [ -0.12104746, -0.12099908, 0.2426343, -0.12099908 ], "parent" : 37, "left" : null, "right" : null, "svalue" : 0, "sindex" : 0 },
			"Node_073" : { "leaf_value" : [ -0.032838505, -0.12151728, -0.034433663, 0.12025813 ], "parent" : 38, "left" : null, "right" : null, "svalue" : 0, "sindex" : 0 },
			"Node_074" : { "leaf_value" : [ -0.12327664, -0.16426589, -0.1436512, 0.25068453 ], "parent" : 38, "left" : null, "right" : null, "svalue" : 0, "sindex" : 0 },
			"Node_075" : { "leaf_value" : [ 0.38979733, -0.14937267, -0.14804006, -0.145235 ], "parent" : 39, "left" : null, "right" : null, "svalue" : 0, "sindex" : 0 },
			"Node_076" : { "leaf_value" : [ 0.13441363, 0.026851917, 0.036308758, -0.17310168 ], "parent" : 39, "left" : null, "right" : null, "svalue" : 0, "sindex" : 0 },
			"Node_077" : { "leaf_value" : [ 0.026205437, -0.13660337, -0.13876921, 0.17111775 ], "parent" : 40, "left" : null, "right" : null, "svalue" : 0, "sindex" : 0 },
			"Node_078" : { "leaf_value" : [ -0.15290278, -0.12936865, -0.13231833, 0.32345891 ], "parent" : 40, "left" : null, "right" : null, "svalue" : 0, "sindex" : 0 },
			"Node_079" : { "leaf_value" : [ -0.12121705, -0.16702248, -0.049883801, 0.25163481 ], "parent" : 41, "left" : null, "right" : null, "svalue" : 0, "sindex" : 0 },
			"Node_080" : { "leaf_value" : [ -0.17156611, -0.1268207, -0.15985167, 0.30529776 ], "parent" : 41, "left" : null, "right" : null, "svalue" : 0, "sindex" : 0 },
			"Node_081" : { "leaf_value" : [ -0.039152149, -0.024331618, -0.16527829, 0.15176491 ], "parent" : 42, "left" : null, "right" : null, "svalue" : 0, "sindex" : 0 },
			"Node_082" : { "leaf_value" : [ -0.039329879, 0.18036978, -0.12209953, -0.037289344 ], "parent" : 42, "left" : null, "right" : null, "svalue" : 0, "sindex" : 0 },
			"Node_083" : { "leaf_value" : [ -0.13308106, -0.07680469, 0.15450421, 0.027094275 ], "parent" : 43, "left" : null, "right" : null, "svalue" : 0, "sindex" : 0 },
			"Node_084" : { "leaf_value" : [ 0.0041647842, -0.15219903, -0.054210633, 0.1511274 ], "parent" : 43, "left" : null, "right" : null, "svalue" : 0, "sindex" : 0 },
			"Node_085" : { "leaf_value" : [ 0.10160241, 0.029251497, -0.010092515, -0.14395946 ], "parent" : 44, "left" : null, "right" : null, "svalue" : 0, "sindex" : 0 },
			"Node_086" : { "leaf_value" : [ -0.15944155, 0.065406397, -0.076106668, 0.13158064 ], "parent" : 44, "left" : null, "right" : null, "svalue" : 0, "sindex" : 0 },
			"Node_087" : { "leaf_value" : [ -0.093481824, 0.17451994, 0.042560279, -0.093157664 ], "parent" : 45, "left" : null, "right" : null, "svalue" : 0, "sindex" : 0 },
			"Node_088" : { "leaf_value" : [ 0.22156526, -0.095625021, -0.094187878, -0.15865472 ], "parent" : 45, "left" : null, "right" : null, "svalue" : 0, "sindex" : 0 },
			"Node_089" : { "leaf_value" : [ 0.26315159, -0.1419428, -0.14289491, -0.16346854 ], "parent" : 46, "left" : null, "right" : null, "svalue" : 0, "sindex" : 0 },
			"Node_090" : { "leaf_value" : [ 0.15595061, -0.11291613, -0.010157451, -0.11044426 ], "parent" : 46, "left" : null, "right" : null, "svalue" : 0, "sindex" : 0 },
			"Node_091" : { "leaf_value" : [ -0.1133927, -0.16149607, 0.24530144, -0.1621943 ], "parent" : 48, "left" : null, "right" : null, "svalue" : 0, "sindex" : 0 },
			"Node_092" : { "leaf_value" : [ -0.10772271, -0.10579915, 0.14641857, 0.0034864934 ], "parent" : 48, "left" : null, "right" : null, "svalue" : 0, "sindex" : 0 },
			"Node_093" : { "leaf_value" : [ -0.084660858, 0.12092982, 0.069266066, -0.13731374 ], "parent" : 49, "left" : null, "right" : null, "svalue" : 0, "sindex" : 0 },
			"Node_094" : { "leaf_value" : [ 0.077922575, -0.1335291, 0.12170858, -0.11954062 ], "parent" : 49, "left" : null, "right" : null, "svalue" : 0, "sindex" : 0 },
			"Node_095" : { "leaf_value" : [ -0.15855718, -0.11221246, 0.27294168, -0.089935109 ], "parent" : 50, "left" : null, "right" : null, "svalue" : 0, "sindex" : 0 },
			"Node_096" : { "leaf_value" : [ -0.0696031, 0.16790342, 0.0068196994, -0.1354063 ], "parent" : 50, "left" : null, "right" : null, "svalue" : 0, "sindex" : 0 },
			"Node_097" : { "leaf_value" : [ 0.10660083, -0.1270618, -0.13475654, 0.10754538 ], "parent" : 51, "left" : null, "right" : null, "svalue" : 0, "sindex" : 0 },
			"Node_098" : { "leaf_value" : [ -0.13607797, -0.12614505, -0.13194552, 0.2785109 ], "parent" : 51, "left" : null, "right" : null, "svalue" : 0, "sindex" : 0 },
			"Node_099" : { "leaf_value" : [ 0.079884522, 0.14235643, -0.13392293, -0.12201895 ], "parent" : 53, "left" : null, "right" : null, "svalue" : 0, "sindex" : 0 },
			"Node_100" : { "leaf_value" : [ -0.12082428, 0.23331843, -0.02916079, -0.16039108 ], "parent" : 53, "left" : null, "right" : null, "svalue" : 0, "sindex" : 0 },
			"Node_101" : { "leaf_value" : [ -0.11762003, 0.17545503, -0.051095296, -0.066694282 ], "parent" : 54, "left" : null, "right" : null, "svalue" : 0, "sindex" : 0 },
			"Node_102" : { "leaf_value" : [ -0.043164983, -0.0047243251, 0.11377428, -0.087481 ], "parent" : 54, "left" : null, "right" : null, "svalue" : 0, "sindex" : 0 },
			"Node_103" : { "leaf_value" : [ -0.10811959, 0.18200856, -0.11474049, -0.086490773 ], "parent" : 55, "left" : null, "right" : null, "svalue" : 0, "sindex" : 0 },
			"Node_104" : { "leaf_value" : [ -0.1560196, 0.27063629, -0.17026284, -0.15624644 ], "parent" : 55, "left" : null, "right" : null, "svalue" : 0, "sindex" : 0 },
			"Node_105" : { "leaf_value" : [ 0.24099651, -0.13343124, -0.012922734, -0.10119823 ], "parent" : 59, "left" : null, "right" : null, "svalue" : 0, "sindex" : 0 },
			"Node_106" : { "leaf_value" : [ 0.27889013, -0.14488193, -0.14552364, -0.14286557 ], "parent" : 59, "left" : null, "right" : null, "svalue" : 0, "sindex" : 0 }
		},
		"Tree_3" : {
			"Node_000" : { "leaf_value" : [ ], "parent" : null, "left" : 1, "right" : 2, "svalue" : -0.039238248, "sindex" : 7 },
			"Node_001" : { "leaf_value" : [ ], "parent" : 0, "left" : 3, "right" : 4, "svalue" : 0.48558784, "sindex" : 8 },
			"Node_002" : { "leaf_value" : [ ], "parent" : 0, "left" : 5, "right" : 6, "svalue" : -0.39365029, "sindex" : 8 },
			"Node_003" : { "leaf_value" : [ ], "parent" : 1, "left" : 7, "right" : 8, "svalue" : -0.92531294, "sindex" : 3 },
			"Node_004" : { "leaf_value" : [ ], "parent" : 1, "left" : 9, "right" : 10, "svalue" : 0.71663225, "sindex" : 1 },
			"Node_005" : { "leaf_value" : [ ], "parent" : 2, "left" : 11, "right" : 12, "svalue" : 0.83858293, "sindex" : 3 },
			"Node_006" : { "leaf_value" : [ ], "parent" : 2, "left" : 13, "right" : 14, "svalue" : 0.83858293, "sindex" : 3 },
			"Node_007" : { "leaf_value" : [ ], "parent" : 3, "left" : 15, "right" : 16, "svalue" : -0.46624133, "sindex" : 0 },
			"Node_008" : { "leaf_value" : [ ], "parent" : 3, "left" : 17, "right" : 18, "svalue" : 0.41992474, "sindex" : 0 },
			"Node_009" : { "leaf_value" : [ ], "parent" : 4, "left" : 19, "right" : 20, "svalue" : -0.29673144, "sindex" : 1 },
			"Node_010" : { "leaf_value" : [ ], "parent" : 4, "left" : 21, "right" : 22, "svalue" : 1.4520441, "sindex" : 1 },
			"Node_011" : { "leaf_value" : [ ], "parent" : 5, "left" : 23, "right" : 24, "svalue" : 1.0068529, "sindex" : 7 },
			"Node_012" : { "leaf_value" : [ ], "parent" : 5, "left" : 25, "right" : 26, "svalue" : -0.29673144, "sindex" : 1 },
			"Node_013" : { "leaf_value" : [ ], "parent" : 6, "left" : 27, "right" : 28, "svalue" : 1.1743932, "sindex" : 6 },
			"Node_014" : { "leaf_value" : [ ], "parent" : 6, "left" : 29, "right" : 30, "svalue" : -0.46624133, "sindex" : 0 },
			"Node_015" : { "leaf_value" : [ ], "parent" : 7, "left" : 31, "right" : 32, "svalue" : -1.3007679, "sindex" : 0 },
			"Node_016" : { "leaf_value" : [ ], "parent" : 7, "left" : 33, "right" : 34, "svalue" : -0.39365029, "sindex" : 8 },
			"Node_017" : { "leaf_value" : [ ], "parent" : 8, "left" : 35, "right" : 36, "svalue" : -1.3688399, "sindex" : 8 },
			"Node_018" : { "leaf_value" : [ ], "parent" : 8, "left" : 37, "right" : 38, "svalue" : 0.83858293, "sindex" : 3 },
			"Node_019" : { "leaf_value" : [ ], "parent" : 9, "left" : 39, "right" : 40, "svalue" : 1.2674719, "sindex" : 0 },
			"Node_020" : { "leaf_value" : [ ], "parent" : 9, "left" : 41, "right" : 42, "svalue" : 0.22448672, "sindex" : 4 },
			"Node_021" : { "leaf_value" : [ ], "parent" : 10, "left" : 43, "right" : 44, "svalue" : -0.80751151, "sindex" : 4 },
			"Node_022" : { "leaf_value" : [ ], "parent" : 10, "left" : 45, "right" : 46, "svalue" : 1.3620313, "sindex" : 8 },
			"Node_023" : { "leaf_value" : [ ], "parent" : 11, "left" : 47, "right" : 48, "svalue" : -0.92531294, "sindex" : 3 },
			"Node_024" : { "leaf_value" : [ ], "parent" : 11, "left" : 49, "right" : 50, "svalue" : -1.3688399, "sindex" : 8 },
			"Node_025" : { "leaf_value" : [ ], "parent" : 12, "left" : 51, "right" : 52, "svalue" : 0.86836809, "sindex" : 4 },
			"Node_026" : { "leaf_value" : [ -0.099613391, -0.099570721, 0.19643898, -0.099570721 ], "parent" : 12, "left" : null, "right" : null, "svalue" : 0, "sindex" : 0 },
			"Node_027" : { "leaf_value" : [ ], "parent" : 13, "left" : 53, "right" : 54, "svalue" : 0.48558784, "sindex" : 8 },
			"Node_028" : { "leaf_value" : [ ], "parent" : 13, "left" : 55, "right" : 56, "svalue" : -1.3007679, "sindex" : 0 },
			"Node_029" : { "leaf_value" : [ ], "parent" : 14, "left" : 57, "right" : 58, "svalue" : 1.1743932, "sindex" : 6 },
			"Node_030" : { "leaf_value" : [ ], "parent" : 14, "left" : 59, "right" : 60, "svalue" : -0.80751151, "sindex" : 4 },
			"Node_031" : { "leaf_value" : [ ], "parent" : 15, "left" : 61, "right" : 62, "svalue" : -1.3688399, "sindex" : 8 },
			"Node_032" : { "leaf_value" : [ ], "parent" : 15, "left" : 63, "right" : 64, "svalue" : -1.6651212, "sindex" : 3 },
			"Node_033" : { "leaf_value" : [ ], "parent" : 16, "left" : 65, "right" : 66, "svalue" : -1.4572108, "sindex" : 7 },
			"Node_034" : { "leaf_value" : [ ], "parent" : 16, "left" : 67, "right" : 68, "svalue" : 0.22448672, "sindex" : 4 },
			"Node_035" : { "leaf_value" : [ ], "parent" : 17, "left" : 69, "right" : 70, "svalue" : 1.1743932, "sindex" : 6 },
			"Node_036" : { "leaf_value" : [ ], "parent" : 17, "left" : 71, "right" : 72, "svalue" : 0.83106244, "sindex" : 5 },
			"Node_037" : { "leaf_value" : [ ], "parent" : 18, "left" : 73, "right" : 74, "svalue" : -1.4572108, "sindex" : 7 },
			"Node_038" : { "leaf_value" : [ ], "parent" : 18, "left" : 75, "right" : 76, "svalue" : -0.39365029, "sindex" : 8 },
			"Node_039" : { "leaf_value" : [ ], "parent" : 19, "left" : 77, "right" : 78, "svalue" : -0.83751428, "sindex" : 9 },
			"Node_040" : { "leaf_value" : [ ], "parent" : 19, "left" : 79, "right" : 80, "svalue" : 1.3620313, "sindex" : 8 },
			"Node_041" : { "leaf_value" : [ ], "parent" : 20, "left" : 81, "right" : 82, "svalue" : -0.22552405, "sindex" : 2 },
			"Node_042" : { "leaf_value" : [ ], "parent" : 20, "left" : 83, "right" : 84, "svalue" : 0.41992474, "sindex" : 0 },
			"Node_043" : { "leaf_value" : [ ], "parent" : 21, "left" : 85, "right" : 86, "svalue" : -0.22552405, "sindex" : 2 },
			"Node_044" : { "leaf_value" : [ ], "parent" : 21, "left" : 87, "right" : 88, "svalue" : 0.22448672, "sindex" : 4 },
			"Node_045" : { "leaf_value" : [ ], "parent" : 22, "left" : 89, "right" : 90, "svalue" : 0.25261217, "sindex" : 5 },
			"Node_046" : { "leaf_value" : [ ], "parent" : 22, "left" : 91, "right" : 92, "svalue" : -0.84765804, "sindex" : 7 },
			"Node_047" : { "leaf_value" : [ ], "parent" : 23, "left" : 93, "right" : 94, "svalue" : -0.46624133, "sindex" : 0 },
			"Node_048" : { "leaf_value" : [ ], "parent" : 23, "left" : 95, "right" : 96, "svalue" : -0.23047043, "sindex" : 4 },
			"Node_049" : { "leaf_value" : [ ], "parent" : 24, "left" : 97, "right" : 98, "svalue" : 0.83106244, "sindex" : 5 },
			"Node_050" : { "leaf_value" : [ ], "parent" : 24, "left" : 99, "right" : 100, "svalue" : -0.19077259, "sindex" : 3 },
			"Node_051" : { "leaf_value" : [ ], "parent" : 25, "left" : 101, "right" : 102, "svalue" : 0.25261217, "sindex" : 5 },
			"Node_052" : { "leaf_value" : [ -0.11414628, -0.10618833, 0.077967241, 0.087150708 ], "parent" : 25, "left" : null, "right" : null, "svalue" : 0, "sindex" : 0 },
			"Node_053" : { "leaf_value" : [ ], "parent" : 27, "left" : 103, "right" : 104, "svalue" : 0.8583374, "sindex" : 2 },
			"Node_054" : { "leaf_value" : [ ], "parent" : 27, "left" : 105, "right" : 106, "svalue" : -0.46624133, "sindex" : 0 },
			"Node_055" : { "leaf_value" : [ -0.11556163, 0.17997228, -0.12736514, -0.0030875539 ], "parent" : 28, "left" : null, "right" : null, "svalue" : 0, "sindex" : 0 },
			"Node_056" : { "leaf_value" : [ ], "parent" : 28, "left" : 107, "right" : 108, "svalue" : -0.82878411, "sindex" : 2 },
			"Node_057" : { "leaf_value" : [ -0.13190396, 0.22862029, -0.12743318, -0.12785867 ], "parent" : 29, "left" : null, "right" : null, "svalue" : 0, "sindex" : 0 },
			"Node_058" : { "leaf_value" : [ -0.096248128, 0.12071896, 0.02781513, -0.098709337 ], "parent" : 29, "left" : null, "right" : null, "svalue" : 0, "sindex" : 0 },
			"Node_059" : { "leaf_value" : [ 0.056399532, -0.11544743, 0.044000175, -0.012200007 ], "parent" : 30, "left" : null, "right" : null, "svalue" : 0, "sindex" : 0 },
			"Node_060" : { "leaf_value" : [ 0.25945777, -0.1500003, -0.14159793, -0.13909458 ], "parent" : 30, "left" : null, "right" : null, "svalue" : 0, "sindex" : 0 },
			"Node_061" : { "leaf_value" : [ 0.086232468, -0.13368407, 0.077561565, -0.13443357 ], "parent" : 31, "left" : null, "right" : null, "svalue" : 0, "sindex" : 0 },
			"Node_062" : { "leaf_value" : [ 0.29649663, -0.14862077, -0.16067679, -0.11033667 ], "parent" : 31, "left" : null, "right" : null, "svalue" : 0, "sindex" : 0 },
			"Node_063" : { "leaf_value" : [ -0.065491602, -0.093945242, 0.21704273, -0.15200576 ], "parent" : 32, "left" : null, "right" : null, "svalue" : 0, "sindex" : 0 },
			"Node_064" : { "leaf_value" : [ 0.19263272, -0.10060766, -0.025377199, -0.13542366 ], "parent" : 32, "left" : null, "right" : null, "svalue" : 0, "sindex" : 0 },
			"Node_065" : { "leaf_value" : [ -0.15285516, -0.13701341, 0.23779945, -0.10020404 ], "parent" : 33, "left" : null, "right" : null, "svalue" : 0, "sindex" : 0 },
			"Node_066" : { "leaf_value" : [ -0.0055572269, -0.13948427, 0.16128255, -0.14305937 ], "parent" : 33, "left" : null, "right" : null, "svalue" : 0, "sindex" : 0 },
			"Node_067" : { "leaf_value" : [ -0.14471588, -0.0088601736, 0.1790048, -0.062334228 ], "parent" : 34, "left" : null, "right" : null, "svalue" : 0, "sindex" : 0 },
			"Node_068" : { "leaf_value" : [ -0.058119699, -0.12473954, 0.015762519, 0.13252901 ], "parent" : 34, "left" : null, "right" : null, "svalue" : 0, "sindex" : 0 },
			"Node_069" : { "leaf_value" : [ 0.17348716, -0.14292592, -0.025527451, -0.14791939 ], "parent" : 35, "left" : null, "right" : null, "svalue" : 0, "sindex" : 0 },
			"Node_070" : { "leaf_value" : [ 0.15313543, -0.15039328, -0.11934195, -0.0029769654 ], "parent" : 35, "left" : null, "right" : null, "svalue" : 0, "sindex" : 0 },
			"Node_071" : { "leaf_value" : [ -0.097616211, -0.12365922, -0.097179197, 0.20646602 ], "parent" : 36, "left" : null, "right" : null, "svalue" : 0, "sindex" : 0 },
			"Node_072" : { "leaf_value" : [ 0.12737238, -0.064828195, -0.15089312, 0.04262951 ], "parent" : 36, "left" : null, "right" : null, "svalue" : 0, "sindex" : 0 },
			"Node_073" : { "leaf_value" : [ -0.10424256, -0.16145155, -0.0013994268, 0.16260503 ], "parent" : 37, "left" : null, "right" : null, "svalue" : 0, "sindex" : 0 },
			"Node_074" : { "leaf_value" : [ -0.053896543, -0.15921992, 0.16561279, -0.046807073 ], "parent" : 37, "left" : null, "right" : null, "svalue" : 0, "sindex" : 0 },
			"Node_075" : { "leaf_value" : [ -0.097075783, -0.15808514, -0.11594545, 0.18884097 ], "parent" : 38, "left" : null, "right" : null, "svalue" : 0, "sindex" : 0 },
			"Node_076" : { "leaf_value" : [ 0.20263539, -0.11791381, -0.11807439, -0.11369149 ], "parent" : 38, "left" : null, "right" : null, "svalue" : 0, "sindex" : 0 },
			"Node_077" : { "leaf_value" : [ 0.13153721, -0.097448349, 0.0061043133, -0.139064 ], "parent" : 39, "left" : null, "right" : null, "svalue" : 0, "sindex" : 0 },
			"Node_078" : { "leaf_value" : [ 0.22858791, -0.086610936, -0.13974816, -0.16743724 ], "parent" : 39, "left" : null, "right" : null, "svalue" : 0, "sindex" : 0 },
			"Node_079" : { "leaf_value" : [ 0.056876168, -0.090510286, 0.1248106, -0.14676084 ], "parent" : 40, "left" : null, "right" : null, "svalue" : 0, "sindex" : 0 },
			"Node_080" : { "leaf_value" : [ -0.089957036, 0.23994698, -0.05504993, -0.10560756 ], "parent" : 40, "left" : null, "right" : null, "svalue" : 0, "sindex" : 0 },
			"Node_081" : { "leaf_value" : [ 0.038698159, -0.094373308, -0.076885812, 0.11581505 ], "parent" : 41, "left" : null, "right" : null, "svalue" : 0, "sindex" : 0 },
			"Node_082" : { "leaf_value" : [ 0.06279885, 0.081892155, 0.024124755, -0.17337346 ], "parent" : 41, "left" : null, "right" : null, "svalue" : 0, "sindex" : 0 },
			"Node_083" : { "leaf_value" : [ -0.14022782, 0.29311183, -0.12507088, -0.091742665 ], "parent" : 42, "left" : null, "right" : null, "svalue" : 0, "sindex" : 0 },
			"Node_084" : { "leaf_value" : [ -0.092991509, 0.1001037, 0.10014115, -0.098785117 ], "parent" : 42, "left" : null, "right" : null, "svalue" : 0, "sindex" : 0 },
			"Node_085" : { "leaf_value" : [ -0.11387496, -0.12836291, -0.099077024, 0.25705814 ], "parent" : 43, "left" : null, "right" : null, "svalue" : 0, "sindex" : 0 },
			"Node_086" : { "leaf_value" : [ 0.013924288, -0.10488128, -0.095336236, 0.12214107 ], "parent" : 43, "left" : null, "right" : null, "svalue" : 0, "sindex" : 0 },
			"Node_087" : { "leaf_value" : [ -0.15468563, 0.24605314, -0.13589281, 0.0095727444 ], "parent" : 44, "left" : null, "right" : null, "svalue" : 0, "sindex" : 0 },
			"Node_088" : { "leaf_value" : [ -0.11037575, -0.0088593336, -0.090034664, 0.13412891 ], "parent" : 44, "left" : null, "right" : null, "svalue" : 0, "sindex" : 0 },
			"Node_089" : { "leaf_value" : [ 0.26027152, -0.11664872, -0.11826641, -0.07794743 ], "parent" : 45, "left" : null, "right" : null, "svalue" : 0, "sindex" : 0 },
			"Node_090" : { "leaf_value" : [ -0.12248889, -0.093151465, -0.094677828, 0.24041611 ], "parent" : 45, "left" : null, "right" : null, "svalue" : 0, "sindex" : 0 },
			"Node_091" : { "leaf_value" : [ -0.13382934, -0.15055409, -0.15032747, 0.24605089 ], "parent" : 46, "left" : null, "right" : null, "svalue" : 0, "sindex" : 0 },
			"Node_092" : { "leaf_value" : [ 0.031400468, -0.11803491, -0.1222992, 0.1374526 ], "parent" : 46, "left" : null, "right" : null, "svalue" : 0, "sindex" : 0 },
			"Node_093" : { "leaf_value" : [ -0.10100704, -0.098609298, 0.19765364, -0.14070295 ], "parent" : 47, "left" : null, "right" : null, "svalue" : 0, "sindex" : 0 },
			"Node_094" : { "leaf_value" : [ 0.074469961, -0.11455538, 0.090710223, -0.10709382 ], "parent" : 47, "left" : null, "right" : null, "svalue" : 0, "sindex" : 0 },
			"Node_095" : { "leaf_value" : [ 0.31850928, -0.11772718, -0.10845102, -0.11380029 ], "parent" : 48, "left" : null, "right" : null, "svalue" : 0, "sindex" : 0 },
			"Node_096" : { "leaf_value" : [ -0.060616553, -0.036831286, 0.052708734, 0.028989423 ], "parent" : 48, "left" : null, "right" : null, "svalue" : 0, "sindex" : 0 },
			"Node_097" : { "leaf_value" : [ -0.15215392, -0.14468513, 0.2353915, -0.14654455 ], "parent" : 49, "left" : null, "right" : null, "svalue" : 0, "sindex" : 0 },
			"Node_098" : { "leaf_value" : [ 0.020097891, -0.096408591, 0.10308859, -0.097200535 ], "parent" : 49, "left" : null, "right" : null, "svalue" : 0, "sindex" : 0 },
			"Node_099" : { "leaf_value" : [ -0.092386812, 0.072107673, 0.093377106, -0.15202701 ], "parent" : 50, "left" : null, "right" : null, "svalue" : 0, "sindex" : 0 },
			"Node_100" : { "leaf_value" : [ -0.11768556, -0.12875672, 0.23838943, -0.11325405 ], "parent" : 50, "left" : null, "right" : null, "svalue" : 0, "sindex" : 0 },
			"Node_101" : { "leaf_value" : [ 0.090393014, -0.11875313, -0.12540613, 0.088795148 ], "parent" : 51, "left" : null, "right" : null, "svalue" : 0, "sindex" : 0 },
			"Node_102" : { "leaf_value" : [ -0.12458105, -0.11581206, -0.12091084, 0.22791998 ], "parent" : 51, "left" : null, "right" : null, "svalue" : 0, "sindex" : 0 },
			"Node_103" : { "leaf_value" : [ -0.063265659, 0.12276648, 0.01371448, -0.14967586 ], "parent" : 53, "left" : null, "right" : null, "svalue" : 0, "sindex" : 0 },
			"Node_104" : { "leaf_value" : [ 0.016624834, 0.029853249, -0.075286813, 0.032005142 ], "parent" : 53, "left" : null, "right" : null, "svalue" : 0, "sindex" : 0 },
			"Node_105" : { "leaf_value" : [ -0.12645437, 0.17083864, -0.16302124, -0.032198139 ], "parent" : 54, "left" : null, "right" : null, "svalue" : 0, "sindex" : 0 },
			"Node_106" : { "leaf_value" : [ -0.10829435, 0.17903516, -0.10525079, -0.14444667 ], "parent" : 54, "left" : null, "right" : null, "svalue" : 0, "sindex" : 0 },
			"Node_107" : { "leaf_value" : [ -0.11500471, 0.065000549, 0.10525941, -0.10998763 ], "parent" : 56, "left" : null, "right" : null, "svalue" : 0, "sindex" : 0 },
			"Node_108" : { "leaf_value" : [ -0.11252062, -0.14020732, 0.26576596, -0.10960069 ], "parent" : 56, "left" : null, "right" : null, "svalue" : 0, "sindex" : 0 }
		},
		"Tree_4" : {
			"Node_000" : { "leaf_value" : [ ], "parent" : null, "left" : 1, "right" : 2, "svalue" : -0.039238248, "sindex" : 7 },
			"Node_001" : { "leaf_value" : [ ], "parent" : 0, "left" : 3, "right" : 4, "svalue" : 0.48558784, "sindex" : 8 },
			"Node_002" : { "leaf_value" : [ ], "parent" : 0, "left" : 5, "right" : 6, "svalue" : -0.39365029, "sindex" : 8 },
			"Node_003" : { "leaf_value" : [ ], "parent" : 1, "left" : 7, "right" : 8, "svalue" : -0.19077259, "sindex" : 3 },
			"Node_004" : { "leaf_value" : [ ], "parent" : 1, "left" : 9, "right" : 10, "svalue" : 0.71663225, "sindex" : 1 },
			"Node_005" : { "leaf_value" : [ ], "parent" : 2, "left" : 11, "right" : 12, "svalue" : 0.83858293, "sindex" : 3 },
			"Node_006" : { "leaf_value" : [ ], "parent" : 2, "left" : 13, "right" : 14, "svalue" : 0.83858293, "sindex" : 3 },
			"Node_007" : { "leaf_value" : [ ], "parent" : 3, "left" : 15, "right" : 16, "svalue" : -0.46624133, "sindex" : 0 },
			"Node_008" : { "leaf_value" : [ ], "parent" : 3, "left" : 17, "right" : 18, "svalue" : 1.2674719, "sindex" : 0 },
			"Node_009" : { "leaf_value" : [ ], "parent" : 4, "left" : 19, "right" : 20, "svalue" : -0.29673144, "sindex" : 1 },
			"Node_010" : { "leaf_value" : [ ], "parent" : 4, "left" : 21, "right" : 22, "svalue" : 1.4520441, "sindex" : 1 },
			"Node_011" : { "leaf_value" : [ ], "parent" : 5, "left" : 23, "right" : 24, "svalue" : -1.3688399, "sindex" : 8 },
			"Node_012" : { "leaf_value" : [ ], "parent" : 5, "left" : 25, "right" : 26, "svalue" : -0.29673144, "sindex" : 1 },
			"Node_013" : { "leaf_value" : [ ], "parent" : 6, "left" : 27, "right" : 28, "svalue" : 1.0068529, "sindex" : 7 },
			"Node_014" : { "leaf_value" : [ ], "parent" : 6, "left" : 29, "right" : 30, "svalue" : -0.46624133, "sindex" : 0 },
			"Node_015" : { "leaf_value" : [ ], "parent" : 7, "left" : 31, "right" : 32, "svalue" : -0.92531294, "sindex" : 3 },
			"Node_016" : { "leaf_value" : [ ], "parent" : 7, "left" : 33, "right" : 34, "svalue" : -1.4572108, "sindex" : 7 },
			"Node_017" : { "leaf_value" : [ ], "parent" : 8, "left" : 35, "right" : 36, "svalue" : -1.3688399, "sindex" : 8 },
			"Node_018" : { "leaf_value" : [ ], "parent" : 8, "left" : 37, "right" : 38, "svalue" : 0.83858293, "sindex" : 3 },
			"Node_019" : { "leaf_value" : [ ], "parent" : 9, "left" : 39, "right" : 40, "svalue" : 1.2674719, "sindex" : 0 },
			"Node_020" : { "leaf_value" : [ ], "parent" : 9, "left" : 41, "right" : 42, "svalue" : 0.22448672, "sindex" : 4 },
			"Node_021" : { "leaf_value" : [ ], "parent" : 10, "left" : 43, "right" : 44, "svalue" : -0.80751151, "sindex" : 4 },
			"Node_022" : { "leaf_value" : [ ], "parent" : 10, "left" : 45, "right" : 46, "svalue" : -1.6651212, "sindex" : 3 },
			"Node_023" : { "leaf_value" : [ ], "parent" : 11, "left" : 47, "right" : 48, "svalue" : -0.25247759, "sindex" : 5 },
			"Node_024" : { "leaf_value" : [ ], "parent" : 11, "left" : 49, "right" : 50, "svalue" : 1.1743932, "sindex" : 6 },
			"Node_025" : { "leaf_value" : [ ], "parent" : 12, "left" : 51, "right" : 52, "svalue" : 0.86836809, "sindex" : 4 },
			"Node_026" : { "leaf_value" : [ -0.09073434, -0.090696752, 0.17109826, -0.090696722 ], "parent" : 12, "left" : null, "right" : null, "svalue" : 0, "sindex" : 0 },
			"Node_027" : { "leaf_value" : [ ], "parent" : 13, "left" : 53, "right" : 54, "svalue" : -1.6651212, "sindex" : 3 },
			"Node_028" : { "leaf_value" : [ ], "parent" : 13, "left" : 55, "right" : 56, "svalue" : 1.1743932, "sindex" : 6 },
			"Node_029" : { "leaf_value" : [ ], "parent" : 14, "left" : 57, "right" : 58, "svalue" : 1.3620313, "sindex" : 8 },
			"Node_030" : { "leaf_value" : [ ], "parent" : 14, "left" : 59, "right" : 60, "svalue" : -0.80751151, "sindex" : 4 },
			"Node_031" : { "leaf_value" : [ ], "parent" : 15, "left" : 61, "right" : 62, "svalue" : -0.80751151, "sindex" : 4 },
			"Node_032" : { "leaf_value" : [ ], "parent" : 15, "left" : 63, "right" : 64, "svalue" : -1.3688399, "sindex" : 8 },
			"Node_033" : { "leaf_value" : [ ], "parent" : 16, "left" : 65, "right" : 66, "svalue" : -0.25247759, "sindex" : 5 },
			"Node_034" : { "leaf_value" : [ ], "parent" : 16, "left" : 67, "right" : 68, "svalue" : -2.1880658, "sindex" : 6 },
			"Node_035" : { "leaf_value" : [ ], "parent" : 17, "left" : 69, "right" : 70, "svalue" : -0.82879567, "sindex" : 5 },
			"Node_036" : { "leaf_value" : [ ], "parent" : 17, "left" : 71, "right" : 72, "svalue" : -0.82879567, "sindex" : 5 },
			"Node_037" : { "leaf_value" : [ ], "parent" : 18, "left" : 73, "right" : 74, "svalue" : -1.4572108, "sindex" : 7 },
			"Node_038" : { "leaf_value" : [ ], "parent" : 18, "left" : 75, "right" : 76, "svalue" : -0.39365029, "sindex" : 8 },
			"Node_039" : { "leaf_value" : [ ], "parent" : 19, "left" : 77, "right" : 78, "svalue" : -0.83751428, "sindex" : 9 },
			"Node_040" : { "leaf_value" : [ ], "parent" : 19, "left" : 79, "right" : 80, "svalue" : 1.3620313, "sindex" : 8 },
			"Node_041" : { "leaf_value" : [ ], "parent" : 20, "left" : 81, "right" : 82, "svalue" : -0.22552405, "sindex" : 2 },
			"Node_042" : { "leaf_value" : [ ], "parent" : 20, "left" : 83, "right" : 84, "svalue" : 0.8583374, "sindex" : 2 },
			"Node_043" : { "leaf_value" : [ ], "parent" : 21, "left" : 85, "right" : 86, "svalue" : -0.92531294, "sindex" : 3 },
			"Node_044" : { "leaf_value" : [ ], "parent" : 21, "left" : 87, "right" : 88, "svalue" : -1.4572108, "sindex" : 7 },
			"Node_045" : { "leaf_value" : [ ], "parent" : 22, "left" : 89, "right" : 90, "svalue" : 0.25261217, "sindex" : 5 },
			"Node_046" : { "leaf_value" : [ -0.14568757, -0.134838, -0.13404252, 0.21874535 ], "parent" : 22, "left" : null, "right" : null, "svalue" : 0, "sindex" : 0 },
			"Node_047" : { "leaf_value" : [ -0.13890488, -0.13104346, 0.21077536, -0.13279766 ], "parent" : 23, "left" : null, "right" : null, "svalue" : 0, "sindex" : 0 },
			"Node_048" : { "leaf_value" : [ ], "parent" : 23, "left" : 91, "right" : 92, "svalue" : 1.0068529, "sindex" : 7 },
			"Node_049" : { "leaf_value" : [ ], "parent" : 24, "left" : 93, "right" : 94, "svalue" : 0.86836809, "sindex" : 4 },
			"Node_050" : { "leaf_value" : [ ], "parent" : 24, "left" : 95, "right" : 96, "svalue" : 0.27010399, "sindex" : 9 },
			"Node_051" : { "leaf_value" : [ ], "parent" : 25, "left" : 97, "right" : 98, "svalue" : 0.25261217, "sindex" : 5 },
			"Node_052" : { "leaf_value" : [ -0.10646512, -0.099347264, 0.069382593, 0.073872462 ], "parent" : 25, "left" : null, "right" : null, "svalue" : 0, "sindex" : 0 },
			"Node_053" : { "leaf_value" : [ ], "parent" : 27, "left" : 99, "right" : 100, "svalue" : 1.3620313, "sindex" : 8 },
			"Node_054" : { "leaf_value" : [ ], "parent" : 27, "left" : 101, "right" : 102, "svalue" : 0.48558784, "sindex" : 8 },
			"Node_055" : { "leaf_value" : [ ], "parent" : 28, "left" : 103, "right" : 104, "svalue" : 0.48558784, "sindex" : 8 },
			"Node_056" : { "leaf_value" : [ ], "parent" : 28, "left" : 105, "right" : 106, "svalue" : -1.3007679, "sindex" : 0 },
			"Node_057" : { "leaf_value" : [ -0.09941911, 0.10886555, 0.037060943, -0.098911382 ], "parent" : 29, "left" : null, "right" : null, "svalue" : 0, "sindex" : 0 },
			"Node_058" : { "leaf_value" : [ -0.11655708, 0.19990157, -0.12158021, -0.11405268 ], "parent" : 29, "left" : null, "right" : null, "svalue" : 0, "sindex" : 0 },
			"Node_059" : { "leaf_value" : [ 0.047843419, -0.1083374, 0.038858514, -0.0096411295 ], "parent" : 30, "left" : null, "right" : null, "svalue" : 0, "sindex" : 0 },
			"Node_060" : { "leaf_value" : [ 0.21941935, -0.13886197, -0.13122045, -0.12893696 ], "parent" : 30, "left" : null, "right" : null, "svalue" : 0, "sindex" : 0 },
			"Node_061" : { "leaf_value" : [ 0.011048533, -0.12969652, 0.14778787, -0.13675822 ], "parent" : 31, "left" : null, "right" : null, "svalue" : 0, "sindex" : 0 },
			"Node_062" : { "leaf_value" : [ 0.14957811, -0.11889159, 0.0019535124, -0.12809649 ], "parent" : 31, "left" : null, "right" : null, "svalue" : 0, "sindex" : 0 },
			"Node_063" : { "leaf_value" : [ 0.21312772, -0.12125759, -0.13977823, -0.12480456 ], "parent" : 32, "left" : null, "right" : null, "svalue" : 0, "sindex" : 0 },
			"Node_064" : { "leaf_value" : [ -0.041745551, -0.1123965, -0.0050792894, 0.1007544 ], "parent" : 32, "left" : null, "right" : null, "svalue" : 0, "sindex" : 0 },
			"Node_065" : { "leaf_value" : [ -0.15213948, -0.13596036, 0.047600787, 0.15991828 ], "parent" : 33, "left" : null, "right" : null, "svalue" : 0, "sindex" : 0 },
			"Node_066" : { "leaf_value" : [ 0.002051153, -0.14391351, 0.11324209, -0.052654568 ], "parent" : 33, "left" : null, "right" : null, "svalue" : 0, "sindex" : 0 },
			"Node_067" : { "leaf_value" : [ -0.10886502, 0.1454805, 0.099559747, -0.13787635 ], "parent" : 34, "left" : null, "right" : null, "svalue" : 0, "sindex" : 0 },
			"Node_068" : { "leaf_value" : [ 0.0061827949, -0.15974739, 0.13253053, -0.088223733 ], "parent" : 34, "left" : null, "right" : null, "svalue" : 0, "sindex" : 0 },
			"Node_069" : { "leaf_value" : [ 0.045632586, -0.10839719, -0.12102889, 0.11184063 ], "parent" : 35, "left" : null, "right" : null, "svalue" : 0, "sindex" : 0 },
			"Node_070" : { "leaf_value" : [ 0.11803968, -0.14753297, -0.021647455, -0.037518729 ], "parent" : 35, "left" : null, "right" : null, "svalue" : 0, "sindex" : 0 },
			"Node_071" : { "leaf_value" : [ 0.046867035, -0.13651562, -0.15527181, 0.15343991 ], "parent" : 36, "left" : null, "right" : null, "svalue" : 0, "sindex" : 0 },
			"Node_072" : { "leaf_value" : [ -0.10446966, -0.081147462, -0.13109238, 0.18403029 ], "parent" : 36, "left" : null, "right" : null, "svalue" : 0, "sindex" : 0 },
			"Node_073" : { "leaf_value" : [ -0.14920099, -0.14322352, 0.013701809, 0.1329225 ], "parent" : 37, "left" : null, "right" : null, "svalue" : 0, "sindex" : 0 },
			"Node_074" : { "leaf_value" : [ -0.062554382, -0.11982748, 0.26867509, -0.1518473 ], "parent" : 37, "left" : null, "right" : null, "svalue" : 0, "sindex" : 0 },
			"Node_075" : { "leaf_value" : [ -0.11309681, -0.14396501, -0.077696741, 0.15859775 ], "parent" : 38, "left" : null, "right" : null, "svalue" : 0, "sindex" : 0 },
			"Node_076" : { "leaf_value" : [ 0.16966517, -0.10054387, -0.10247443, -0.098462723 ], "parent" : 38, "left" : null, "right" : null, "svalue" : 0, "sindex" : 0 },
			"Node_077" : { "leaf_value" : [ 0.10663708, -0.085875653, 0.010969189, -0.13123935 ], "parent" : 39, "left" : null, "right" : null, "svalue" : 0, "sindex" : 0 },
			"Node_078" : { "leaf_value" : [ 0.18263836, -0.070814565, -0.12617232, -0.15984082 ], "parent" : 39, "left" : null, "right" : null, "svalue" : 0, "sindex" : 0 },
			"Node_079" : { "leaf_value" : [ 0.046615962, -0.078774177, 0.098438479, -0.13976826 ], "parent" : 40, "left" : null, "right" : null, "svalue" : 0, "sindex" : 0 },
			"Node_080" : { "leaf_value" : [ -0.077524021, 0.18554619, -0.04688542, -0.099652484 ], "parent" : 40, "left" : null, "right" : null, "svalue" : 0, "sindex" : 0 },
			"Node_081" : { "leaf_value" : [ 0.032521468, -0.083872221, -0.06848868, 0.093421236 ], "parent" : 41, "left" : null, "right" : null, "svalue" : 0, "sindex" : 0 },
			"Node_082" : { "leaf_value" : [ 0.051067423, 0.06581115, 0.02123376, -0.16038817 ], "parent" : 41, "left" : null, "right" : null, "svalue" : 0, "sindex" : 0 },
			"Node_083" : { "leaf_value" : [ -0.1565598, 0.26210102, -0.040410168, -0.13345103 ], "parent" : 42, "left" : null, "right" : null, "svalue" : 0, "sindex" : 0 },
			"Node_084" : { "leaf_value" : [ -0.034203917, 0.039266281, 0.01020678, -0.018184317 ], "parent" : 42, "left" : null, "right" : null, "svalue" : 0, "sindex" : 0 },
			"Node_085" : { "leaf_value" : [ 0.025266703, -0.10735492, -0.090568036, 0.11253282 ], "parent" : 43, "left" : null, "right" : null, "svalue" : 0, "sindex" : 0 },
			"Node_086" : { "leaf_value" : [ -0.10783132, -0.10726814, -0.089096159, 0.20413454 ], "parent" : 43, "left" : null, "right" : null, "svalue" : 0, "sindex" : 0 },
			"Node_087" : { "leaf_value" : [ -0.10993192, -0.11576151, -0.095471792, 0.20650071 ], "parent" : 44, "left" : null, "right" : null, "svalue" : 0, "sindex" : 0 },
			"Node_088" : { "leaf_value" : [ -0.12119832, 0.1336503, -0.10256366, 0.022631247 ], "parent" : 44, "left" : null, "right" : null, "svalue" : 0, "sindex" : 0 },
			"Node_089" : { "leaf_value" : [ 0.12496624, -0.13997708, -0.14183658, 0.056089509 ], "parent" : 45, "left" : null, "right" : null, "svalue" : 0, "sindex" : 0 },
			"Node_090" : { "leaf_value" : [ -0.13515414, -0.10017048, -0.10300318, 0.23118851 ], "parent" : 45, "left" : null, "right" : null, "svalue" : 0, "sindex" : 0 },
			"Node_091" : { "leaf_value" : [ 0.059956919, -0.12502444, 0.059597362, -0.05334438 ], "parent" : 48, "left" : null, "right" : null, "svalue" : 0, "sindex" : 0 },
			"Node_092" : { "leaf_value" : [ -0.077837214, -0.12887341, 0.17030217, -0.13018119 ], "parent" : 48, "left" : null, "right" : null, "svalue" : 0, "sindex" : 0 },
			"Node_093" : { "leaf_value" : [ 0.075686455, -0.09622293, 0.088403568, -0.14910188 ], "parent" : 49, "left" : null, "right" : null, "svalue" : 0, "sindex" : 0 },
			"Node_094" : { "leaf_value" : [ -0.12467956, 0.038423583, 0.060755443, -0.0040615094 ], "parent" : 49, "left" : null, "right" : null, "svalue" : 0, "sindex" : 0 },
			"Node_095" : { "leaf_value" : [ -0.053990602, 0.11639547, -0.043681562, -0.024629077 ], "parent" : 50, "left" : null, "right" : null, "svalue" : 0, "sindex" : 0 },
			"Node_096" : { "leaf_value" : [ -0.14172198, -0.0014951651, 0.15532176, -0.13371862 ], "parent" : 50, "left" : null, "right" : null, "svalue" : 0, "sindex" : 0 },
			"Node_097" : { "leaf_value" : [ 0.077902429, -0.11129139, -0.11719406, 0.074421197 ], "parent" : 51, "left" : null, "right" : null, "svalue" : 0, "sindex" : 0 },
			"Node_098" : { "leaf_value" : [ -0.1140293, -0.10612116, -0.11072173, 0.19560073 ], "parent" : 51, "left" : null, "right" : null, "svalue" : 0, "sindex" : 0 },
			"Node_099" : { "leaf_value" : [ 0.0015722534, 0.13790053, -0.076095194, -0.14355639 ], "parent" : 53, "left" : null, "right" : null, "svalue" : 0, "sindex" : 0 },
			"Node_100" : { "leaf_value" : [ 0.24102032, -0.12721843, -0.010159418, -0.041099396 ], "parent" : 53, "left" : null, "right" : null, "svalue" : 0, "sindex" : 0 },
			"Node_101" : { "leaf_value" : [ -0.011232503, -0.039859422, 0.02400445, 0.043884847 ], "parent" : 54, "left" : null, "right" : null, "svalue" : 0, "sindex" : 0 },
			"Node_102" : { "leaf_value" : [ -0.12547801, 0.12168585, -0.10168302, -0.024669576 ], "parent" : 54, "left" : null, "right" : null, "svalue" : 0, "sindex" : 0 },
			"Node_103" : { "leaf_value" : [ -0.094150387, 0.13343936, -0.0019838552, -0.1519607 ], "parent" : 55, "left" : null, "right" : null, "svalue" : 0, "sindex" : 0 },
			"Node_104" : { "leaf_value" : [ -0.13741536, 0.19359975, -0.13667396, -0.15682043 ], "parent" : 55, "left" : null, "right" : null, "svalue" : 0, "sindex" : 0 },
			"Node_105" : { "leaf_value" : [ -0.096149921, 0.20202145, -0.10938185, -0.097787544 ], "parent" : 56, "left" : null, "right" : null, "svalue" : 0, "sindex" : 0 },
			"Node_106" : { "leaf_value" : [ -0.13171612, -0.026922569, 0.1823498, -0.12834366 ], "parent" : 56, "left" : null, "right" : null, "svalue" : 0, "sindex" : 0 }
		},
		"Tree_5" : {
			"Node_000" : { "leaf_value" : [ ], "parent" : null, "left" : 1, "right" : 2, "svalue" : -0.39365029, "sindex" : 8 },
			"Node_001" : { "leaf_value" : [ ], "parent" : 0, "left" : 3, "right" : 4, "svalue" : -0.29673144, "sindex" : 1 },
			"Node_002" : { "leaf_value" : [ ], "parent" : 0, "left" : 5, "right" : 6, "svalue" : -0.039238248, "sindex" : 7 },
			"Node_003" : { "leaf_value" : [ ], "parent" : 1, "left" : 7, "right" : 8, "svalue" : 0.83858293, "sindex" : 3 },
			"Node_004" : { "leaf_value" : [ ], "parent" : 1, "left" : 9, "right" : 10, "svalue" : 1.0068529, "sindex" : 7 },
			"Node_005" : { "leaf_value" : [ ], "parent" : 2, "left" : 11, "right" : 12, "svalue" : 0.41992474, "sindex" : 0 },
			"Node_006" : { "leaf_value" : [ ], "parent" : 2, "left" : 13, "right" : 14, "svalue" : 0.48558784, "sindex" : 8 },
			"Node_007" : { "leaf_value" : [ ], "parent" : 3, "left" : 15, "right" : 16, "svalue" : -0.23047043, "sindex" : 4 },
			"Node_008" : { "leaf_value" : [ ], "parent" : 3, "left" : 17, "right" : 18, "svalue" : 0.25261217, "sindex" : 5 },
			"Node_009" : { "leaf_value" : [ ], "parent" : 4, "left" : 19, "right" : 20, "svalue" : -0.92531294, "sindex" : 3 },
			"Node_010" : { "leaf_value" : [ ], "parent" : 4, "left" : 21, "right" : 22, "svalue" : -0.82879567, "sindex" : 5 },
			"Node_011" : { "leaf_value" : [ ], "parent" : 5, "left" : 23, "right" : 24, "svalue" : -1.3007679, "sindex" : 0 },
			"Node_012" : { "leaf_value" : [ ], "parent" : 5, "left" : 25, "right" : 26, "svalue" : -0.92531294, "sindex" : 3 },
			"Node_013" : { "leaf_value" : [ ], "parent" : 6, "left" : 27, "right" : 28, "svalue" : 0.25261217, "sindex" : 5 },
			"Node_014" : { "leaf_value" : [ ], "parent" : 6, "left" : 29, "right" : 30, "svalue" : 0.83858293, "sindex" : 3 },
			"Node_015" : { "leaf_value" : [ ], "parent" : 7, "left" : 31, "right" : 32, "svalue" : -0.80751151, "sindex" : 4 },
			"Node_016" : { "leaf_value" : [ ], "parent" : 7, "left" : 33, "right" : 34, "svalue" : -0.84765804, "sindex" : 7 },
			"Node_017" : { "leaf_value" : [ ], "parent" : 8, "left" : 35, "right" : 36, "svalue" : 0.22448672, "sindex" : 4 },
			"Node_018" : { "leaf_value" : [ ], "parent" : 8, "left" : 37, "right" : 38, "svalue" : 0.83106244, "sindex" : 5 },
			"Node_019" : { "leaf_value" : [ ], "parent" : 9, "left" : 39, "right" : 40, "svalue" : -1.4572108, "sindex" : 7 },
			"Node_020" : { "leaf_value" : [ ], "parent" : 9, "left" : 41, "right" : 42, "svalue" : -0.82879567, "sindex" : 5 },
			"Node_021" : { "leaf_value" : [ ], "parent" : 10, "left" : 43, "right" : 44, "svalue" : -0.19077259, "sindex" : 3 },
			"Node_022" : { "leaf_value" : [ ], "parent" : 10, "left" : 45, "right" : 46, "svalue" : 0.8583374, "sindex" : 2 },
			"Node_023" : { "leaf_value" : [ ], "parent" : 11, "left" : 47, "right" : 48, "svalue" : -1.6651212, "sindex" : 3 },
			"Node_024" : { "leaf_value" : [ ], "parent" : 11, "left" : 49, "right" : 50, "svalue" : 0.83858293, "sindex" : 3 },
			"Node_025" : { "leaf_value" : [ ], "parent" : 12, "left" : 51, "right" : 52, "svalue" : -1.6651212, "sindex" : 3 },
			"Node_026" : { "leaf_value" : [ ], "parent" : 12, "left" : 53, "right" : 54, "svalue" : 0.48558784, "sindex" : 8 },
			"Node_027" : { "leaf_value" : [ ], "parent" : 13, "left" : 55, "right" : 56, "svalue" : -0.29673144, "sindex" : 1 },
			"Node_028" : { "leaf_value" : [ ], "parent" : 13, "left" : 57, "right" : 58, "svalue" : 0.8583374, "sindex" : 2 },
			"Node_029" : { "leaf_value" : [ ], "parent" : 14, "left" : 59, "right" : 60, "svalue" : 0.41992474, "sindex" : 0 },
			"Node_030" : { "leaf_value" : [ ], "parent" : 14, "left" : 61, "right" : 62, "svalue" : -0.46624133, "sindex" : 0 },
			"Node_031" : { "leaf_value" : [ ], "parent" : 15, "left" : 63, "right" : 64, "svalue" : -1.3688399, "sindex" : 8 },
			"Node_032" : { "leaf_value" : [ ], "parent" : 15, "left" : 65, "right" : 66, "svalue" : 0.83106244, "sindex" : 5 },
			"Node_033" : { "leaf_value" : [ ], "parent" : 16, "left" : 67, "right" : 68, "svalue" : -1.0622915, "sindex" : 6 },
			"Node_034" : { "leaf_value" : [ ], "parent" : 16, "left" : 69, "right" : 70, "svalue" : -0.25247759, "sindex" : 5 },
			"Node_035" : { "leaf_value" : [ ], "parent" : 17, "left" : 71, "right" : 72, "svalue" : 0.81045109, "sindex" : 9 },
			"Node_036" : { "leaf_value" : [ ], "parent" : 17, "left" : 73, "right" : 74, "svalue" : 0.41992474, "sindex" : 0 },
			"Node_037" : { "leaf_value" : [ ], "parent" : 18, "left" : 75, "right" : 76, "svalue" : 0.22448672, "sindex" : 4 },
			"Node_038" : { "leaf_value" : [ ], "parent" : 18, "left" : 77, "right" : 78, "svalue" : -0.23047043, "sindex" : 4 },
			"Node_039" : { "leaf_value" : [ ], "parent" : 19, "left" : 79, "right" : 80, "svalue" : -1.6651212, "sindex" : 3 },
			"Node_040" : { "leaf_value" : [ ], "parent" : 19, "left" : 81, "right" : 82, "svalue" : 0.8583374, "sindex" : 2 },
			"Node_041" : { "leaf_value" : [ 0.25491083, -0.11681067, -0.14007147, -0.11075079 ], "parent" : 20, "left" : null, "right" : null, "svalue" : 0, "sindex" : 0 },
			"Node_042" : { "leaf_value" : [ ], "parent" : 20, "left" : 83, "right" : 84, "svalue" : -1.3688399, "sindex" : 8 },
			"Node_043" : { "leaf_value" : [ ], "parent" : 21, "left" : 85, "right" : 86, "svalue" : -0.23047043, "sindex" : 4 },
			"Node_044" : { "leaf_value" : [ -0.09120699, -0.10125096, 0.16981973, -0.089698523 ], "parent" : 21, "left" : null, "right" : null, "svalue" : 0, "sindex" : 0 },
			"Node_045" : { "leaf_value" : [ ], "parent" : 22, "left" : 87, "right" : 88, "svalue" : -1.3007679, "sindex" : 0 },
			"Node_046" : { "leaf_value" : [ 0.098247819, -0.030918473, 0.013950098, -0.099692419 ], "parent" : 22, "left" : null, "right" : null, "svalue" : 0, "sindex" : 0 },
			"Node_047" : { "leaf_value" : [ ], "parent" : 23, "left" : 89, "right" : 90, "svalue" : 0.48558784, "sindex" : 8 },
			"Node_048" : { "leaf_value" : [ ], "parent" : 23, "left" : 91, "right" : 92, "svalue" : -0.20497112, "sindex" : 9 },
			"Node_049" : { "leaf_value" : [ ], "parent" : 24, "left" : 93, "right" : 94, "svalue" : -1.4572108, "sindex" : 7 },
			"Node_050" : { "leaf_value" : [ ], "parent" : 24, "left" : 95, "right" : 96, "svalue" : -0.84765804, "sindex" : 7 },
			"Node_051" : { "leaf_value" : [ ], "parent" : 25, "left" : 97, "right" : 98, "svalue" : 1.2674719, "sindex" : 0 },
			"Node_052" : { "leaf_value" : [ ], "parent" : 25, "left" : 99, "right" : 100, "svalue" : -1.4572108, "sindex" : 7 },
			"Node_053" : { "leaf_value" : [ ], "parent" : 26, "left" : 101, "right" : 102, "svalue" : -0.84765804, "sindex" : 7 },
			"Node_054" : { "leaf_value" : [ ], "parent" : 26, "left" : 103, "right" : 104, "svalue" : -0.82879567, "sindex" : 5 },
			"Node_055" : { "leaf_value" : [ ], "parent" : 27, "left" : 105, "right" : 106, "svalue" : 0.83858293, "sindex" : 3 },
			"Node_056" : { "leaf_value" : [ ], "parent" : 27, "left" : 107, "right" : 108, "svalue" : -0.23047043, "sindex" : 4 },
			"Node_057" : { "leaf_value" : [ ], "parent" : 28, "left" : 109, "right" : 110, "svalue" : -0.23047043, "sindex" : 4 },
			"Node_058" : { "leaf_value" : [ ], "parent" : 28, "left" : 111, "right" : 112, "svalue" : -0.92531294, "sindex" : 3 },
			"Node_059" : { "leaf_value" : [ ], "parent" : 29, "left" : 113, "right" : 114, "svalue" : -0.46624133, "sindex" : 0 },
			"Node_060" : { "leaf_value" : [ ], "parent" : 29, "left" : 115, "right" : 116, "svalue" : -0.80751151, "sindex" : 4 },
			"Node_061" : { "leaf_value" : [ -0.12177405, 0.19157045, -0.12520905, -0.11924406 ], "parent" : 30, "left" : null, "right" : null, "svalue" : 0, "sindex" : 0 },
			"Node_062" : { "leaf_value" : [ 0.2048652, -0.11997889, -0.11764767, -0.1090127 ], "parent" : 30, "left" : null, "right" : null, "svalue" : 0, "sindex" : 0 },
			"Node_063" : { "leaf_value" : [ -0.031857595, -0.11002591, 0.14864926, -0.095770963 ], "parent" : 31, "left" : null, "right" : null, "svalue" : 0, "sindex" : 0 },
			"Node_064" : { "leaf_value" : [ -0.12106099, -0.11271533, 0.017000001, 0.12123798 ], "parent" : 31, "left" : null, "right" : null, "svalue" : 0, "sindex" : 0 },
			"Node_065" : { "leaf_value" : [ -0.063701302, -0.10671454, 0.25207764, -0.18885009 ], "parent" : 32, "left" : null, "right" : null, "svalue" : 0, "sindex" : 0 },
			"Node_066" : { "leaf_value" : [ 0.150906, -0.087963268, 0.024814472, -0.12266061 ], "parent" : 32, "left" : null, "right" : null, "svalue" : 0, "sindex" : 0 },
			"Node_067" : { "leaf_value" : [ -0.12287, -0.11056998, -0.11265285, 0.24279028 ], "parent" : 33, "left" : null, "right" : null, "svalue" : 0, "sindex" : 0 },
			"Node_068" : { "leaf_value" : [ -0.1235337, -0.13940728, 0.035007309, 0.10958854 ], "parent" : 33, "left" : null, "right" : null, "svalue" : 0, "sindex" : 0 },
			"Node_069" : { "leaf_value" : [ -0.13189542, -0.038056005, 0.18025231, -0.1198375 ], "parent" : 34, "left" : null, "right" : null, "svalue" : 0, "sindex" : 0 },
			"Node_070" : { "leaf_value" : [ 0.19266059, -0.10547171, -0.0080439653, -0.10316803 ], "parent" : 34, "left" : null, "right" : null, "svalue" : 0, "sindex" : 0 },
			"Node_071" : { "leaf_value" : [ 0.11714194, -0.13241082, -0.13930683, 0.0523507 ], "parent" : 35, "left" : null, "right" : null, "svalue" : 0, "sindex" : 0 },
			"Node_072" : { "leaf_value" : [ -0.095905118, -0.08455275, 0.040534541, 0.079239294 ], "parent" : 35, "left" : null, "right" : null, "svalue" : 0, "sindex" : 0 },
			"Node_073" : { "leaf_value" : [ 0.025724327, -0.099498495, -0.10982132, 0.10547557 ], "parent" : 36, "left" : null, "right" : null, "svalue" : 0, "sindex" : 0 },
			"Node_074" : { "leaf_value" : [ -0.13388185, -0.11799566, -0.060585417, 0.16651785 ], "parent" : 36, "left" : null, "right" : null, "svalue" : 0, "sindex" : 0 },
			"Node_075" : { "leaf_value" : [ -0.11145677, -0.094249763, -0.099716425, 0.18225713 ], "parent" : 37, "left" : null, "right" : null, "svalue" : 0, "sindex" : 0 },
			"Node_076" : { "leaf_value" : [ -0.072795257, -0.10379443, 0.1710719, 0.0073884982 ], "parent" : 37, "left" : null, "right" : null, "svalue" : 0, "sindex" : 0 },
			"Node_077" : { "leaf_value" : [ -0.027865913, -0.085021675, -0.095427312, 0.12739681 ], "parent" : 38, "left" : null, "right" : null, "svalue" : 0, "sindex" : 0 },
			"Node_078" : { "leaf_value" : [ -0.11177271, -0.10504596, -0.12002302, 0.18118259 ], "parent" : 38, "left" : null, "right" : null, "svalue" : 0, "sindex" : 0 },
			"Node_079" : { "leaf_value" : [ -0.15505525, -0.1113579, 0.23195292, -0.12254953 ], "parent" : 39, "left" : null, "right" : null, "svalue" : 0, "sindex" : 0 },
			"Node_080" : { "leaf_value" : [ 0.028715188, -0.10449016, 0.097435631, -0.11058233 ], "parent" : 39, "left" : null, "right" : null, "svalue" : 0, "sindex" : 0 },
			"Node_081" : { "leaf_value" : [ 0.07808923, -0.13239537, 0.062060673, -0.15365316 ], "parent" : 40, "left" : null, "right" : null, "svalue" : 0, "sindex" : 0 },
			"Node_082" : { "leaf_value" : [ -0.10030869, -0.10854799, 0.19075829, -0.10372864 ], "parent" : 40, "left" : null, "right" : null, "svalue" : 0, "sindex" : 0 },
			"Node_083" : { "leaf_value" : [ 0.13617392, -0.13818146, -0.039777998, -0.067470014 ], "parent" : 42, "left" : null, "right" : null, "svalue" : 0, "sindex" : 0 },
			"Node_084" : { "leaf_value" : [ -0.034019869, -0.029105162, -0.044934303, 0.082237847 ], "parent" : 42, "left" : null, "right" : null, "svalue" : 0, "sindex" : 0 },
			"Node_085" : { "leaf_value" : [ -0.10725833, -0.0093093598, 0.12445609, -0.091815531 ], "parent" : 43, "left" : null, "right" : null, "svalue" : 0, "sindex" : 0 },
			"Node_086" : { "leaf_value" : [ -0.10208982, 0.23535922, -0.079774469, -0.090371475 ], "parent" : 43, "left" : null, "right" : null, "svalue" : 0, "sindex" : 0 },
			"Node_087" : { "leaf_value" : [ -0.068726555, -0.14366251, 0.17679062, -0.12553462 ], "parent" : 45, "left" : null, "right" : null, "svalue" : 0, "sindex" : 0 },
			"Node_088" : { "leaf_value" : [ -0.14121619, -0.039457675, 0.16058797, -0.12806667 ], "parent" : 45, "left" : null, "right" : null, "svalue" : 0, "sindex" : 0 },
			"Node_089" : { "leaf_value" : [ 0.21765061, -0.11206017, -0.11687477, -0.14078102 ], "parent" : 47, "left" : null, "right" : null, "svalue" : 0, "sindex" : 0 },
			"Node_090" : { "leaf_value" : [ 0.070171811, -0.1207546, -0.12241981, 0.064098738 ], "parent" : 47, "left" : null, "right" : null, "svalue" : 0, "sindex" : 0 },
			"Node_091" : { "leaf_value" : [ -0.14449324, -0.091172084, -0.0067642373, 0.13650313 ], "parent" : 48, "left" : null, "right" : null, "svalue" : 0, "sindex" : 0 },
			"Node_092" : { "leaf_value" : [ -0.1093554, -0.13806657, -0.13599461, 0.19833216 ], "parent" : 48, "left" : null, "right" : null, "svalue" : 0, "sindex" : 0 },
			"Node_093" : { "leaf_value" : [ 0.014905137, -0.14345507, -0.13917731, 0.14377707 ], "parent" : 49, "left" : null, "right" : null, "svalue" : 0, "sindex" : 0 },
			"Node_094" : { "leaf_value" : [ -0.022421777, 0.046021674, -0.10467172, 0.039271109 ], "parent" : 49, "left" : null, "right" : null, "svalue" : 0, "sindex" : 0 },
			"Node_095" : { "leaf_value" : [ 0.017888002, -0.01441339, 0.081281282, -0.11823849 ], "parent" : 50, "left" : null, "right" : null, "svalue" : 0, "sindex" : 0 },
			"Node_096" : { "leaf_value" : [ 0.1433742, -0.035956204, -0.11572625, -0.10398056 ], "parent" : 50, "left" : null, "right" : null, "svalue" : 0, "sindex" : 0 },
			"Node_097" : { "leaf_value" : [ -0.10284138, 0.057856183, 0.090456508, -0.052594937 ], "parent" : 51, "left" : null, "right" : null, "svalue" : 0, "sindex" : 0 },
			"Node_098" : { "leaf_value" : [ 0.13879272, 0.053531967, -0.16766755, 0.021722848 ], "parent" : 51, "left" : null, "right" : null, "svalue" : 0, "sindex" : 0 },
			"Node_099" : { "leaf_value" : [ -0.036896706, -0.096756928, -0.021370443, 0.15775192 ], "parent" : 52, "left" : null, "right" : null, "svalue" : 0, "sindex" : 0 },
			"Node_100" : { "leaf_value" : [ -0.073224835, -0.14956272, 0.2773481, -0.14848159 ], "parent" : 52, "left" : null, "right" : null, "svalue" : 0, "sindex" : 0 },
			"Node_101" : { "leaf_value" : [ 0.013714043, -0.13445999, -0.061966613, 0.10990954 ], "parent" : 53, "left" : null, "right" : null, "svalue" : 0, "sindex" : 0 },
			"Node_102" : { "leaf_value" : [ 0.1706953, -0.11994113, 0.027587667, -0.16294357 ], "parent" : 53, "left" : null, "right" : null, "svalue" : 0, "sindex" : 0 },
			"Node_103" : { "leaf_value" : [ -0.038936865, 0.030855937, 0.10581327, -0.12161561 ], "parent" : 54, "left" : null, "right" : null, "svalue" : 0, "sindex" : 0 },
			"Node_104" : { "leaf_value" : [ 0.14743868, -0.033179775, -0.10569891, -0.15200353 ], "parent" : 54, "left" : null, "right" : null, "svalue" : 0, "sindex" : 0 },
			"Node_105" : { "leaf_value" : [ 0.098449416, 0.12290221, -0.13649209, -0.11469436 ], "parent" : 55, "left" : null, "right" : null, "svalue" : 0, "sindex" : 0 },
			"Node_106" : { "leaf_value" : [ 0.11798646, -0.096827008, -0.0045021768, -0.10382894 ], "parent" : 55, "left" : null, "right" : null, "svalue" : 0, "sindex" : 0 },
			"Node_107" : { "leaf_value" : [ -0.01641619, -0.015146158, 0.11864918, -0.14075272 ], "parent" : 56, "left" : null, "right" : null, "svalue" : 0, "sindex" : 0 },
			"Node_108" : { "leaf_value" : [ -0.15185528, 0.14254169, 0.029575611, -0.1415876 ], "parent" : 56, "left" : null, "right" : null, "svalue" : 0, "sindex" : 0 },
			"Node_109" : { "leaf_value" : [ -0.069463804, 0.15641847, -0.097909376, -0.059969727 ], "parent" : 57, "left" : null, "right" : null, "svalue" : 0, "sindex" : 0 },
			"Node_110" : { "leaf_value" : [ -0.0035570168, -0.038673922, 0.053834286, -0.0079169627 ], "parent" : 57, "left" : null, "right" : null, "svalue" : 0, "sindex" : 0 },
			"Node_111" : { "leaf_value" : [ 0.10341098, -0.041896809, 0.048100036, -0.10758997 ], "parent" : 58, "left" : null, "right" : null, "svalue" : 0, "sindex" : 0 },
			"Node_112" : { "leaf_value" : [ -0.077545986, -0.16121948, -0.020415025, 0.29123381 ], "parent" : 58, "left" : null, "right" : null, "svalue" : 0, "sindex" : 0 },
			"Node_113" : { "leaf_value" : [ -0.10890602, 0.11914554, -0.13706253, -0.0099296998 ], "parent" : 59, "left" : null, "right" : null, "svalue" : 0, "sindex" : 0 },
			"Node_114" : { "leaf_value" : [ -0.006401178, 0.012692722, 0.091332585, -0.11211179 ], "parent" : 59, "left" : null, "right" : null, "svalue" : 0, "sindex" : 0 },
			"Node_115" : { "leaf_value" : [ -0.019973174, 0.1247277, -0.11321078, -0.11343779 ], "parent" : 60, "left" : null, "right" : null, "svalue" : 0, "sindex" : 0 },
			"Node_116" : { "leaf_value" : [ -0.14858845, 0.18305035, -0.1478819, -0.11910488 ], "parent" : 60, "left" : null, "right" : null, "svalue" : 0, "sindex" : 0 }
		}
	}
}
TREE_JSON_DUMP_END
MCU_DEPLOY_CLASSIFICATION_CODE step 6
MCU_DEPLOY_CLASSIFICATION_CODE step 7
MLLITE_AUTO_DEPLOY_FOURCLASS_10_ORIGINAL_APPLY_OUTPUT_CLASS  [ 2, 3, 1, 3, 2,  ... , 2, 3, 3, 3, 2 ]
MLLITE_AUTO_DEPLOY_FOURCLASS_10_ORIGINAL_APPLY_OUTPUT_PROBA 0 [ 0.23878932, 0.085880399, 0.57432449, 0.10100583 ]
MLLITE_AUTO_DEPLOY_FOURCLASS_10_ORIGINAL_APPLY_OUTPUT_PROBA 1 [ 0.19506767, 0.1144179, 0.33608612, 0.3544282 ]
MLLITE_AUTO_DEPLOY_FOURCLASS_10_ORIGINAL_APPLY_OUTPUT_PROBA 2 [ 0.085743405, 0.722682, 0.095568106, 0.096006446 ]
MLLITE_AUTO_DEPLOY_FOURCLASS_10_ORIGINAL_APPLY_OUTPUT_PROBA 3 [ 0.14924048, 0.13236541, 0.089763097, 0.628631 ]
MLLITE_AUTO_DEPLOY_FOURCLASS_10_ORIGINAL_APPLY_OUTPUT_PROBA 4 [ 0.17244153, 0.093309969, 0.54645026, 0.18779819 ]
...
MLLITE_AUTO_DEPLOY_FOURCLASS_10_ORIGINAL_APPLY_OUTPUT_PROBA 1019 [ 0.097740553, 0.067544386, 0.764979, 0.069736056 ]
MLLITE_AUTO_DEPLOY_FOURCLASS_10_ORIGINAL_APPLY_OUTPUT_PROBA 1020 [ 0.17004524, 0.31018323, 0.1731784, 0.34659314 ]
MLLITE_AUTO_DEPLOY_FOURCLASS_10_ORIGINAL_APPLY_OUTPUT_PROBA 1021 [ 0.071637914, 0.067028977, 0.070241563, 0.7910915 ]
MLLITE_AUTO_DEPLOY_FOURCLASS_10_ORIGINAL_APPLY_OUTPUT_PROBA 1022 [ 0.17270969, 0.12215536, 0.11340922, 0.59172571 ]
MLLITE_AUTO_DEPLOY_FOURCLASS_10_ORIGINAL_APPLY_OUTPUT_PROBA 1023 [ 0.24248154, 0.087242804, 0.58861494, 0.081660755 ]
MLLITE_AUTO_DEPLOY_FOURCLASS_10_ORIGINAL_CLASS_PERFS { "count" : 1024, "precision" : 0.80859375,  "AUC" : [ 0.94692993, 0.97250313, 0.94970852, 0.96821946 ] }
This will be printed
MCU_DEPLOY_CLASSIFICATION_CODE step 8
MCU_DEPLOY_CLASSIFICATION_CODE done
MLLITE_MCU_TIMER_OPERATION_ELAPSED_SECONDS 'MLLITE.MCU_DEPLOY.CLASSIFICATION.Friedman_XGB.FOURCLASS_10_ORIGINAL' 0
MLLITE_MCU_TIMER_OPERATION_END 'MLLITE.MCU_DEPLOY.CLASSIFICATION.Friedman_XGB.FOURCLASS_10_ORIGINAL' [ 'Tue Jan 23 09:44:22 2024' ]
MCU_DEPLOY_ON_TARGET_X86_64_END
