MCU_DEPLOY_ON_TARGET_X86_64_START
MLLITE_MCU_TIMER_OPERATION_START 'MLLITE.MCU_DEPLOY.CLASSIFICATION.Vapnik_SVC_RBF.CENSUS_ORIGINAL' [ 'Sat Feb  3 23:18:09 2024' ]
MLLite starting
MCU_DEPLOY_CLASSIFICATION_CODE CREATE_DATASET_STEP
MCU_DEPLOY_CLASSIFICATION_CODE CREATE_MODEL_STEP
MCU_DEPLOY_CLASSIFICATION_MODEL_OPTIONS
{"svm_type" : "c_svc", "kernel" : "rbf", "degree" : 3, "gamma" : 0, "coef0" : 0, "cache_size" : 10240, "tol" : 0.001, "nu" : 0.5, "epsilon" : 0, "shrinking" : 0, "probability" : 1, "C" : 1, "max_iter" : 30, "random_state" : 1789 }
MCU_DEPLOY_CLASSIFICATION_CODE FIT_MODEL_STEP
PROGRESS_REPORT_ELAPSED_TOTAL 'SVM_CLASSIFIER_FIT' 1 5
PROGRESS_REPORT_ELAPSED_TOTAL 'SVM_CLASSIFIER_FIT' 2 5
PROGRESS_REPORT_ELAPSED_TOTAL 'SVM_CLASSIFIER_FIT' 3 5
PROGRESS_REPORT_ELAPSED_TOTAL 'SVM_CLASSIFIER_FIT' 4 5
PROGRESS_REPORT_ELAPSED_TOTAL 'SVM_TRAIN_CLASS_PROBA_CROSS_VALIDATION' 1 5
PROGRESS_REPORT_ELAPSED_TOTAL 'SVM_SOLVER_ITERATION:SVC_Global_CV_FOLD_1' 3 30
PROGRESS_REPORT_ELAPSED_TOTAL 'SVM_SOLVER_ITERATION:SVC_Global_CV_FOLD_1' 6 30
PROGRESS_REPORT_ELAPSED_TOTAL 'SVM_SOLVER_ITERATION:SVC_Global_CV_FOLD_1' 9 30
PROGRESS_REPORT_ELAPSED_TOTAL 'SVM_SOLVER_ITERATION:SVC_Global_CV_FOLD_1' 12 30
PROGRESS_REPORT_ELAPSED_TOTAL 'SVM_SOLVER_ITERATION:SVC_Global_CV_FOLD_1' 15 30
PROGRESS_REPORT_ELAPSED_TOTAL 'SVM_SOLVER_ITERATION:SVC_Global_CV_FOLD_1' 18 30
PROGRESS_REPORT_ELAPSED_TOTAL 'SVM_SOLVER_ITERATION:SVC_Global_CV_FOLD_1' 21 30
PROGRESS_REPORT_ELAPSED_TOTAL 'SVM_SOLVER_ITERATION:SVC_Global_CV_FOLD_1' 24 30
PROGRESS_REPORT_ELAPSED_TOTAL 'SVM_SOLVER_ITERATION:SVC_Global_CV_FOLD_1' 27 30
PROGRESS_REPORT_ELAPSED_TOTAL 'SVM_SOLVER_ITERATION:SVC_Global_CV_FOLD_1' 30 30
PROGRESS_REPORT_ELAPSED_TOTAL 'SVM_TRAIN_CLASS_PROBA_CROSS_VALIDATION' 2 5
PROGRESS_REPORT_ELAPSED_TOTAL 'SVM_SOLVER_ITERATION:SVC_Global_CV_FOLD_2' 3 30
PROGRESS_REPORT_ELAPSED_TOTAL 'SVM_SOLVER_ITERATION:SVC_Global_CV_FOLD_2' 6 30
PROGRESS_REPORT_ELAPSED_TOTAL 'SVM_SOLVER_ITERATION:SVC_Global_CV_FOLD_2' 9 30
PROGRESS_REPORT_ELAPSED_TOTAL 'SVM_SOLVER_ITERATION:SVC_Global_CV_FOLD_2' 12 30
PROGRESS_REPORT_ELAPSED_TOTAL 'SVM_SOLVER_ITERATION:SVC_Global_CV_FOLD_2' 15 30
PROGRESS_REPORT_ELAPSED_TOTAL 'SVM_SOLVER_ITERATION:SVC_Global_CV_FOLD_2' 18 30
PROGRESS_REPORT_ELAPSED_TOTAL 'SVM_SOLVER_ITERATION:SVC_Global_CV_FOLD_2' 21 30
PROGRESS_REPORT_ELAPSED_TOTAL 'SVM_SOLVER_ITERATION:SVC_Global_CV_FOLD_2' 24 30
PROGRESS_REPORT_ELAPSED_TOTAL 'SVM_SOLVER_ITERATION:SVC_Global_CV_FOLD_2' 27 30
PROGRESS_REPORT_ELAPSED_TOTAL 'SVM_SOLVER_ITERATION:SVC_Global_CV_FOLD_2' 30 30
PROGRESS_REPORT_ELAPSED_TOTAL 'SVM_TRAIN_CLASS_PROBA_CROSS_VALIDATION' 3 5
PROGRESS_REPORT_ELAPSED_TOTAL 'SVM_SOLVER_ITERATION:SVC_Global_CV_FOLD_3' 3 30
PROGRESS_REPORT_ELAPSED_TOTAL 'SVM_SOLVER_ITERATION:SVC_Global_CV_FOLD_3' 6 30
PROGRESS_REPORT_ELAPSED_TOTAL 'SVM_SOLVER_ITERATION:SVC_Global_CV_FOLD_3' 9 30
PROGRESS_REPORT_ELAPSED_TOTAL 'SVM_SOLVER_ITERATION:SVC_Global_CV_FOLD_3' 12 30
PROGRESS_REPORT_ELAPSED_TOTAL 'SVM_SOLVER_ITERATION:SVC_Global_CV_FOLD_3' 15 30
PROGRESS_REPORT_ELAPSED_TOTAL 'SVM_SOLVER_ITERATION:SVC_Global_CV_FOLD_3' 18 30
PROGRESS_REPORT_ELAPSED_TOTAL 'SVM_SOLVER_ITERATION:SVC_Global_CV_FOLD_3' 21 30
PROGRESS_REPORT_ELAPSED_TOTAL 'SVM_SOLVER_ITERATION:SVC_Global_CV_FOLD_3' 24 30
PROGRESS_REPORT_ELAPSED_TOTAL 'SVM_SOLVER_ITERATION:SVC_Global_CV_FOLD_3' 27 30
PROGRESS_REPORT_ELAPSED_TOTAL 'SVM_SOLVER_ITERATION:SVC_Global_CV_FOLD_3' 30 30
PROGRESS_REPORT_ELAPSED_TOTAL 'SVM_TRAIN_CLASS_PROBA_CROSS_VALIDATION' 4 5
PROGRESS_REPORT_ELAPSED_TOTAL 'SVM_SOLVER_ITERATION:SVC_Global_CV_FOLD_4' 3 30
PROGRESS_REPORT_ELAPSED_TOTAL 'SVM_SOLVER_ITERATION:SVC_Global_CV_FOLD_4' 6 30
PROGRESS_REPORT_ELAPSED_TOTAL 'SVM_SOLVER_ITERATION:SVC_Global_CV_FOLD_4' 9 30
PROGRESS_REPORT_ELAPSED_TOTAL 'SVM_SOLVER_ITERATION:SVC_Global_CV_FOLD_4' 12 30
PROGRESS_REPORT_ELAPSED_TOTAL 'SVM_SOLVER_ITERATION:SVC_Global_CV_FOLD_4' 15 30
PROGRESS_REPORT_ELAPSED_TOTAL 'SVM_SOLVER_ITERATION:SVC_Global_CV_FOLD_4' 18 30
PROGRESS_REPORT_ELAPSED_TOTAL 'SVM_SOLVER_ITERATION:SVC_Global_CV_FOLD_4' 21 30
PROGRESS_REPORT_ELAPSED_TOTAL 'SVM_SOLVER_ITERATION:SVC_Global_CV_FOLD_4' 24 30
PROGRESS_REPORT_ELAPSED_TOTAL 'SVM_SOLVER_ITERATION:SVC_Global_CV_FOLD_4' 27 30
PROGRESS_REPORT_ELAPSED_TOTAL 'SVM_SOLVER_ITERATION:SVC_Global_CV_FOLD_4' 30 30
PROGRESS_REPORT_ELAPSED_TOTAL 'SVM_TRAIN_CLASS_PROBA_CROSS_VALIDATION' 5 5
PROGRESS_REPORT_ELAPSED_TOTAL 'SVM_SOLVER_ITERATION:SVC_Global_CV_FOLD_5' 3 30
PROGRESS_REPORT_ELAPSED_TOTAL 'SVM_SOLVER_ITERATION:SVC_Global_CV_FOLD_5' 6 30
PROGRESS_REPORT_ELAPSED_TOTAL 'SVM_SOLVER_ITERATION:SVC_Global_CV_FOLD_5' 9 30
PROGRESS_REPORT_ELAPSED_TOTAL 'SVM_SOLVER_ITERATION:SVC_Global_CV_FOLD_5' 12 30
PROGRESS_REPORT_ELAPSED_TOTAL 'SVM_SOLVER_ITERATION:SVC_Global_CV_FOLD_5' 15 30
PROGRESS_REPORT_ELAPSED_TOTAL 'SVM_SOLVER_ITERATION:SVC_Global_CV_FOLD_5' 18 30
PROGRESS_REPORT_ELAPSED_TOTAL 'SVM_SOLVER_ITERATION:SVC_Global_CV_FOLD_5' 21 30
PROGRESS_REPORT_ELAPSED_TOTAL 'SVM_SOLVER_ITERATION:SVC_Global_CV_FOLD_5' 24 30
PROGRESS_REPORT_ELAPSED_TOTAL 'SVM_SOLVER_ITERATION:SVC_Global_CV_FOLD_5' 27 30
PROGRESS_REPORT_ELAPSED_TOTAL 'SVM_SOLVER_ITERATION:SVC_Global_CV_FOLD_5' 30 30
PROGRESS_REPORT_ELAPSED_TOTAL 'SVM_SOLVER_ITERATION:SVC_Global' 3 30
PROGRESS_REPORT_ELAPSED_TOTAL 'SVM_SOLVER_ITERATION:SVC_Global' 6 30
PROGRESS_REPORT_ELAPSED_TOTAL 'SVM_SOLVER_ITERATION:SVC_Global' 9 30
PROGRESS_REPORT_ELAPSED_TOTAL 'SVM_SOLVER_ITERATION:SVC_Global' 12 30
PROGRESS_REPORT_ELAPSED_TOTAL 'SVM_SOLVER_ITERATION:SVC_Global' 15 30
PROGRESS_REPORT_ELAPSED_TOTAL 'SVM_SOLVER_ITERATION:SVC_Global' 18 30
PROGRESS_REPORT_ELAPSED_TOTAL 'SVM_SOLVER_ITERATION:SVC_Global' 21 30
PROGRESS_REPORT_ELAPSED_TOTAL 'SVM_SOLVER_ITERATION:SVC_Global' 24 30
PROGRESS_REPORT_ELAPSED_TOTAL 'SVM_SOLVER_ITERATION:SVC_Global' 27 30
PROGRESS_REPORT_ELAPSED_TOTAL 'SVM_SOLVER_ITERATION:SVC_Global' 30 30
PROGRESS_REPORT_ELAPSED_TOTAL 'SVM_CLASSIFIER_FIT' 5 5
MCU_DEPLOY_CLASSIFICATION_CODE MODEL_JSON_EXPORT_STEP
MODEL_JSON_DUMP_START
{
	"metadata" : { "model" : "Vapnik_SVC_RBF", "version" : "2024-W04"},
	"options" : {"svm_type" : "c_svc", "kernel" : "rbf", "degree" : 3, "gamma" : 2.2444361e-11, "coef0" : 0, "cache_size" : 10240, "tol" : 0.001, "nu" : 0.5, "epsilon" : 0, "shrinking" : 0, "probability" : 1, "C" : 1, "max_iter" : 30, "random_state" : 1789 },
	"dataset" : { "dataset_rows" : 48842, "dataset_features" : 14 },
	"classes" : [ "<=50K", ">50K" ],
	"svm_model" : {
	"classes" : 2,
	"L" : 60,
	"SupportVectors" : {
		"SV_00" : [ 3, 0, 328610, 0, 9, 0, 0, 0, 0, 0, 0, 0, 2, 0 ],
		"SV_01" : [ 2, 0, 202466, 0, 10, 0, 0, 0, 0, 0, 0, 0, 3, 0 ],
		"SV_02" : [ 1, 0, 274690, 0, 13, 0, 0, 0, 0, 0, 0, 0, 2, 0 ],
		"SV_03" : [ 0, 0, 229456, 0, 9, 0, 0, 0, 0, 0, 0, 0, 2, 0 ],
		"SV_04" : [ 1, 0, 314240, 0, 12, 0, 0, 0, 0, 0, 1, 0, 2, 0 ],
		"SV_05" : [ 3, 0, 327769, 0, 10, 0, 0, 0, 0, 0, 0, 0, 2, 0 ],
		"SV_06" : [ 0, 0, 197552, 0, 10, 0, 0, 0, 0, 0, 0, 0, 1, 0 ],
		"SV_07" : [ 0, 0, 231439, 0, 7, 0, 0, 0, 0, 0, 0, 0, 1, 0 ],
		"SV_08" : [ 0, 0, 229456, 0, 10, 0, 0, 0, 0, 0, 0, 0, 1, 0 ],
		"SV_09" : [ 0, 0, 386864, 0, 6, 0, 0, 0, 0, 0, 0, 0, 1, 0 ],
		"SV_10" : [ 3, 0, 278329, 0, 9, 0, 0, 0, 0, 0, 0, 0, 2, 0 ],
		"SV_11" : [ 0, 0, 372728, 0, 13, 0, 0, 0, 0, 0, 0, 0, 1, 0 ],
		"SV_12" : [ 0, 0, 332931, 0, 10, 0, 0, 0, 0, 0, 0, 0, 2, 0 ],
		"SV_13" : [ 3, 0, 344621, 0, 9, 0, 0, 0, 0, 0, 0, 0, 2, 0 ],
		"SV_14" : [ 0, 0, 216672, 0, 10, 0, 0, 0, 0, 0, 0, 0, 1, 0 ],
		"SV_15" : [ 2, 0, 202466, 0, 9, 0, 0, 0, 0, 0, 0, 0, 3, 0 ],
		"SV_16" : [ 0, 0, 333304, 0, 9, 0, 0, 0, 0, 0, 0, 0, 2, 0 ],
		"SV_17" : [ 0, 0, 318612, 0, 10, 0, 0, 0, 0, 0, 0, 1, 2, 0 ],
		"SV_18" : [ 0, 0, 233740, 0, 7, 0, 0, 0, 0, 0, 0, 0, 0, 0 ],
		"SV_19" : [ 1, 0, 212286, 0, 13, 0, 0, 0, 0, 0, 0, 0, 2, 0 ],
		"SV_20" : [ 0, 0, 250770, 0, 9, 0, 0, 0, 0, 0, 0, 0, 2, 0 ],
		"SV_21" : [ 4, 0, 298546, 0, 9, 0, 0, 0, 0, 0, 0, 0, 4, 0 ],
		"SV_22" : [ 0, 0, 336523, 0, 8, 0, 0, 0, 0, 0, 0, 0, 0, 0 ],
		"SV_23" : [ 4, 0, 322789, 0, 6, 0, 0, 0, 0, 0, 0, 1, 2, 0 ],
		"SV_24" : [ 0, 0, 195767, 0, 13, 0, 0, 0, 0, 0, 0, 0, 1, 0 ],
		"SV_25" : [ 1, 0, 290429, 0, 4, 0, 0, 0, 0, 0, 0, 0, 3, 0 ],
		"SV_26" : [ 0, 0, 352849, 0, 9, 0, 0, 0, 0, 0, 0, 2, 1, 0 ],
		"SV_27" : [ 1, 0, 238073, 0, 10, 0, 0, 0, 0, 0, 0, 0, 2, 0 ],
		"SV_28" : [ 3, 0, 182677, 0, 13, 0, 0, 0, 0, 0, 0, 0, 3, 0 ],
		"SV_29" : [ 2, 0, 83891, 0, 13, 0, 0, 0, 0, 0, 2, 0, 2, 0 ],
		"SV_30" : [ 2, 0, 237993, 0, 10, 0, 0, 0, 0, 0, 0, 0, 2, 0 ],
		"SV_31" : [ 4, 0, 195733, 0, 10, 0, 0, 0, 0, 0, 0, 0, 1, 0 ],
		"SV_32" : [ 1, 0, 202450, 0, 9, 0, 0, 0, 0, 0, 0, 0, 4, 0 ],
		"SV_33" : [ 2, 0, 336513, 0, 13, 0, 0, 0, 0, 0, 4, 0, 3, 0 ],
		"SV_34" : [ 2, 0, 352882, 0, 9, 0, 0, 0, 0, 0, 0, 0, 4, 0 ],
		"SV_35" : [ 1, 0, 318641, 0, 13, 0, 0, 0, 0, 0, 0, 0, 2, 0 ],
		"SV_36" : [ 2, 0, 274731, 0, 13, 0, 0, 0, 0, 0, 0, 0, 2, 0 ],
		"SV_37" : [ 2, 0, 372682, 0, 10, 0, 0, 0, 0, 0, 0, 0, 2, 0 ],
		"SV_38" : [ 4, 0, 83922, 0, 10, 0, 0, 0, 0, 0, 0, 0, 2, 0 ],
		"SV_39" : [ 3, 0, 229465, 0, 14, 0, 0, 0, 0, 0, 0, 0, 3, 0 ],
		"SV_40" : [ 2, 0, 333305, 0, 10, 0, 0, 0, 0, 0, 0, 0, 2, 0 ],
		"SV_41" : [ 3, 0, 216657, 0, 14, 0, 0, 0, 0, 0, 0, 0, 1, 0 ],
		"SV_42" : [ 3, 0, 386773, 0, 9, 0, 0, 0, 0, 0, 2, 0, 2, 0 ],
		"SV_43" : [ 2, 0, 344572, 0, 9, 0, 0, 0, 0, 0, 0, 0, 2, 0 ],
		"SV_44" : [ 3, 0, 290290, 0, 13, 0, 0, 0, 0, 0, 0, 0, 2, 0 ],
		"SV_45" : [ 3, 0, 229465, 0, 16, 0, 0, 0, 0, 0, 0, 0, 3, 0 ],
		"SV_46" : [ 2, 0, 212252, 0, 15, 0, 0, 0, 0, 0, 0, 0, 3, 0 ],
		"SV_47" : [ 3, 0, 182655, 0, 11, 0, 0, 0, 0, 0, 0, 0, 3, 0 ],
		"SV_48" : [ 1, 0, 250804, 0, 9, 0, 0, 0, 0, 0, 0, 0, 2, 0 ],
		"SV_49" : [ 3, 0, 231472, 0, 14, 0, 0, 0, 0, 0, 4, 0, 3, 0 ],
		"SV_50" : [ 3, 0, 322840, 0, 11, 0, 0, 0, 0, 0, 0, 0, 2, 0 ],
		"SV_51" : [ 2, 0, 328581, 0, 13, 0, 0, 0, 0, 0, 0, 0, 3, 0 ],
		"SV_52" : [ 1, 0, 233727, 0, 13, 0, 0, 0, 0, 0, 0, 0, 3, 0 ],
		"SV_53" : [ 3, 0, 314164, 0, 15, 0, 0, 0, 0, 0, 0, 0, 2, 0 ],
		"SV_54" : [ 2, 0, 202508, 0, 15, 0, 0, 0, 0, 0, 3, 0, 3, 0 ],
		"SV_55" : [ 1, 0, 197565, 0, 9, 0, 0, 0, 0, 0, 0, 3, 1, 0 ],
		"SV_56" : [ 2, 0, 298635, 0, 13, 0, 0, 0, 0, 0, 0, 0, 2, 0 ],
		"SV_57" : [ 1, 0, 327766, 0, 10, 0, 0, 0, 0, 0, 0, 0, 3, 0 ],
		"SV_58" : [ 3, 0, 332884, 0, 13, 0, 0, 0, 0, 0, 0, 0, 2, 0 ],
		"SV_59" : [ 3, 0, 278322, 0, 13, 0, 0, 0, 0, 0, 0, 0, 2, 0 ]
	},
	"SupportVectorsCoefs" : {
		"SV_coef_0" : [ 1, 1, 1, 1, 1, 1, 1, 1, 1, 1, 1, 1, 1, 1, 1, 1, 1, 1, 1, 1, 1, 1, 1, 1, 1, 1, 1, 1, 1, 1, -1, -1, -1, -1, -1, -1, -1, -1, -1, -1, -1, -1, -1, -1, -1, -1, -1, -1, -1, -1, -1, -1, -1, -1, -1, -1, -1, -1, -1, -1 ]
	},
	"rho" : [ -2.3841858e-05 ],
	"nSV" : [ 30, 30 ],
	"probA" : [ -0.016186327 ],
	"probB" : [ -1.1565731 ],
	"n_iter" : [ 30 ],
	"sv_ind" : [ 3142, 9315, 9614, 16952, 17125, 20347, 21552, 24009, 24962, 27186, 28005, 29625, 30193, 31638, 36555, 37558, 38081, 38286, 41632, 41909, 42230, 43267, 43972, 45057, 46818, 47144, 48028, 48259, 48368, 48840, 55, 580, 12488, 13463, 14401, 16920, 17364, 17938, 22266, 23553, 24919, 25661, 26889, 29398, 31288, 31966, 34624, 35091, 35594, 39786, 41265, 42478, 43681, 43722, 44309, 45024, 45305, 46439, 46617, 47773 ]
}
}
MODEL_JSON_DUMP_END
MCU_DEPLOY_CLASSIFICATION_CODE MODEL_PREDICT_STEP
MLLITE_AUTO_DEPLOY_CENSUS_ORIGINAL_APPLY_OUTPUT_CLASS  [ ">50K", ">50K", ">50K", ">50K", "<=50K",  ... , ">50K", ">50K", "<=50K", ">50K", ">50K" ]
MCU_DEPLOY_CLASSIFICATION_CODE MODEL_PREDICT_PROBA_STEP
MLLITE_AUTO_DEPLOY_CENSUS_ORIGINAL_APPLY_OUTPUT_PROBA 0 [ 0.7607069, 0.2392932 ]
MLLITE_AUTO_DEPLOY_CENSUS_ORIGINAL_APPLY_OUTPUT_PROBA 1 [ 0.76070672, 0.23929323 ]
MLLITE_AUTO_DEPLOY_CENSUS_ORIGINAL_APPLY_OUTPUT_PROBA 2 [ 0.76070625, 0.23929371 ]
MLLITE_AUTO_DEPLOY_CENSUS_ORIGINAL_APPLY_OUTPUT_PROBA 3 [ 0.76070654, 0.2392934 ]
MLLITE_AUTO_DEPLOY_CENSUS_ORIGINAL_APPLY_OUTPUT_PROBA 4 [ 0.76070952, 0.23929049 ]
...
MLLITE_AUTO_DEPLOY_CENSUS_ORIGINAL_APPLY_OUTPUT_PROBA 48837 [ 0.76070625, 0.23929371 ]
MLLITE_AUTO_DEPLOY_CENSUS_ORIGINAL_APPLY_OUTPUT_PROBA 48838 [ 0.76070899, 0.23929103 ]
MLLITE_AUTO_DEPLOY_CENSUS_ORIGINAL_APPLY_OUTPUT_PROBA 48839 [ 0.76071072, 0.2392893 ]
MLLITE_AUTO_DEPLOY_CENSUS_ORIGINAL_APPLY_OUTPUT_PROBA 48840 [ 0.76070672, 0.23929323 ]
MLLITE_AUTO_DEPLOY_CENSUS_ORIGINAL_APPLY_OUTPUT_PROBA 48841 [ 0.76070601, 0.23929398 ]
MCU_DEPLOY_CLASSIFICATION_CODE MODEL_COMPUTE_PERF_STEP
MLLITE_AUTO_DEPLOY_CENSUS_ORIGINAL_CLASS_PERFS { "count" : 48842, "precision" : 0.76071823,  "AUC" : [ 0.038636658, 0.038636658 ] }
This will be printed
MCU_DEPLOY_CLASSIFICATION_CODE ALL_STEPS_OK
MCU_DEPLOY_CLASSIFICATION_CODE done
MLLITE_MCU_TIMER_OPERATION_ELAPSED_SECONDS 'MLLITE.MCU_DEPLOY.CLASSIFICATION.Vapnik_SVC_RBF.CENSUS_ORIGINAL' 81
MLLITE_MCU_TIMER_OPERATION_END 'MLLITE.MCU_DEPLOY.CLASSIFICATION.Vapnik_SVC_RBF.CENSUS_ORIGINAL' [ 'Sat Feb  3 23:19:30 2024' ]
MCU_DEPLOY_ON_TARGET_X86_64_END
EXECUTION_TIME_DETAIL = {'CMD':'timeout 180 ./x86_64/classification/x86_64_classification_svm_census_original.exe', 'ElapsedTimeSecs':(81.37, 0.05, 81.31), 'MAX_MEM_KB':30420, 'CPU_PRCNT':'99%', 'FILES_IN':0, 'FILES_OUT':40, 'EXIT_STATUS':0}
