MCU_DEPLOY_ON_TARGET_X86_64_START
MLLITE_MCU_TIMER_OPERATION_START 'MLLITE.MCU_DEPLOY.CLASSIFICATION.Rosenblatt_MLP.DIGITS_MEDIUM' [ 'Thu Jan 25 12:03:14 2024' ]
MLLite starting
MCU_DEPLOY_CLASSIFICATION_CODE CREATE_DATASET_STEP
MCU_DEPLOY_CLASSIFICATION_CODE CREATE_MODEL_STEP
MCU_DEPLOY_CLASSIFICATION_MODEL_OPTIONS
{  "hidden_layer_sizes" : [ 4, 6 ], "activation" : "relu", "solver" : "adam", "alpha" : 9.9999997e-05, "batch_size" : null, "learning_rate" : "constant", "learning_rate_init" : 0.001, "power_t" : 0.5, "max_iter" : 32, "shuffle" : 1, "random_state" : 1789, "tol" : 9.9999997e-05, "verbose" : 0, "warm_start" : 0, "momentum" : 0.89999998, "nesterovs_momentum" : 1, "early_stopping" : 0, "validation_fraction" : 0.1, "beta_1" : 0.89999998, "beta_2" : 0.99900001, "epsilon" : 9.9999999e-09, "n_iter_no_change" : 10, "max_fun" : 15000 }
MCU_DEPLOY_CLASSIFICATION_CODE FIT_MODEL_STEP
PROGRESS_REPORT_ELAPSED_TOTAL 'MLP_MODEL_FIT' 1 3
PROGRESS_REPORT_ELAPSED_TOTAL 'MLP_MODEL_FIT' 2 3
PROGRESS_REPORT_ELAPSED_TOTAL 'MLP_MODEL_FIT_BACK_PROP_ITERATION' 3 32
PROGRESS_REPORT_ELAPSED_TOTAL 'MLP_MODEL_FIT_BACK_PROP_ITERATION' 6 32
PROGRESS_REPORT_ELAPSED_TOTAL 'MLP_MODEL_FIT_BACK_PROP_ITERATION' 9 32
PROGRESS_REPORT_ELAPSED_TOTAL 'MLP_MODEL_FIT_BACK_PROP_ITERATION' 12 32
PROGRESS_REPORT_ELAPSED_TOTAL 'MLP_MODEL_FIT_BACK_PROP_ITERATION' 15 32
PROGRESS_REPORT_ELAPSED_TOTAL 'MLP_MODEL_FIT_BACK_PROP_ITERATION' 18 32
PROGRESS_REPORT_ELAPSED_TOTAL 'MLP_MODEL_FIT_BACK_PROP_ITERATION' 21 32
PROGRESS_REPORT_ELAPSED_TOTAL 'MLP_MODEL_FIT_BACK_PROP_ITERATION' 24 32
PROGRESS_REPORT_ELAPSED_TOTAL 'MLP_MODEL_FIT_BACK_PROP_ITERATION' 27 32
PROGRESS_REPORT_ELAPSED_TOTAL 'MLP_MODEL_FIT_BACK_PROP_ITERATION' 30 32
PROGRESS_REPORT_ELAPSED_TOTAL 'MLP_MODEL_FIT_BACK_PROP_ITERATION' 32 32
PROGRESS_REPORT_ELAPSED_TOTAL 'MLP_MODEL_FIT' 3 3
MCU_DEPLOY_CLASSIFICATION_CODE MODEL_JSON_EXPORT_STEP
MODEL_JSON_DUMP_START
{
	"metadata" : { "model" : "Rosenblatt_MLP", "version" : "2024-W03"},
	"options" : {  "hidden_layer_sizes" : [ 4, 6 ], "activation" : "relu", "solver" : "adam", "alpha" : 9.9999997e-05, "batch_size" : null, "learning_rate" : "constant", "learning_rate_init" : 0.001, "power_t" : 0.5, "max_iter" : 32, "shuffle" : 1, "random_state" : 1789, "tol" : 9.9999997e-05, "verbose" : 0, "warm_start" : 0, "momentum" : 0.89999998, "nesterovs_momentum" : 1, "early_stopping" : 0, "validation_fraction" : 0.1, "beta_1" : 0.89999998, "beta_2" : 0.99900001, "epsilon" : 9.9999999e-09, "n_iter_no_change" : 10, "max_fun" : 15000 },
	"classes" : [ 0, 1, 2, 3, 4, 5, 6, 7, 8, 9 ],
	"layers" : {
		"sizes" : [ 64, 4, 6, 10 ],
		"Layer_0" : {
			"name" : "Input_Layer",
			"NbInputs" : 0,
			"NbOutputs" : 64 
		},
		"Layer_1" : {
			"name" : "Hidden_Layer_1",
			"NbInputs" : 64,
			"NbOutputs" : 4 ,
			"coeffs_00" : [ -0.015912311, 0.12103086, -0.091968477, -0.013397278 ],
			"coeffs_01" : [ 0.0052419924, -0.25266582, 0.051428474, -0.030667687 ],
			"coeffs_02" : [ 0.20617311, 0.016938316, 0.20845555, -0.086149037 ],
			"coeffs_03" : [ 0.2521238, -0.30808598, -0.15971769, 0.071871407 ],
			"coeffs_04" : [ 0.11376109, -0.18616879, -0.15929806, -0.26833719 ],
			"coeffs_05" : [ 0.086376823, -0.33577645, -0.0051443619, -0.027092192 ],
			"coeffs_06" : [ -0.099878438, -0.3112804, -0.10548992, 0.19794554 ],
			"coeffs_07" : [ -0.042885259, -0.038590007, -0.22458805, -0.016809119 ],
			"coeffs_08" : [ -0.12650973, 0.075171717, -0.040938042, 0.11072239 ],
			"coeffs_09" : [ -0.24212016, 0.21340966, -0.25121939, 0.12128405 ],
			"coeffs_10" : [ -0.25603229, 0.11661892, 0.033760004, 0.2301058 ],
			"coeffs_11" : [ -0.22742966, -0.27464601, 0.058717009, 0.069270283 ],
			"coeffs_12" : [ 0.15824847, 0.20981582, 0.21869409, -0.22843246 ],
			"coeffs_13" : [ 0.13491614, 0.19690466, -0.13864884, 0.093886212 ],
			"coeffs_14" : [ 0.045019433, -0.019355284, 0.085348941, 0.12301578 ],
			"coeffs_15" : [ -0.28230086, -0.0022855084, 0.092345394, 0.13818434 ],
			"coeffs_16" : [ -0.21284756, 0.16831185, -0.1311886, -0.23283972 ],
			"coeffs_17" : [ 0.25295109, 0.23623696, -0.062901869, -0.27765888 ],
			"coeffs_18" : [ -0.051330809, 0.23571248, -0.25464326, 0.077222705 ],
			"coeffs_19" : [ 0.096052371, 0.13085468, 0.25636858, -0.18464157 ],
			"coeffs_20" : [ 0.083357848, 0.16626042, 0.21608801, -0.062215298 ],
			"coeffs_21" : [ -0.30320394, 0.10326837, 0.029692527, -0.094617456 ],
			"coeffs_22" : [ -0.25520483, -0.32418779, -0.065943047, 0.22604509 ],
			"coeffs_23" : [ 0.00093759637, -0.080999598, -0.086376786, -0.28508666 ],
			"coeffs_24" : [ 0.073640391, -0.102708, -0.086802237, -0.078435518 ],
			"coeffs_25" : [ 0.083791398, -0.25769401, -0.073935315, 0.13620666 ],
			"coeffs_26" : [ 0.15616959, 0.20482084, 0.21756606, 0.12983727 ],
			"coeffs_27" : [ -0.16618577, -0.015478451, 0.083875969, 0.16265886 ],
			"coeffs_28" : [ 0.10389022, -0.042217616, 0.1680755, 0.16753548 ],
			"coeffs_29" : [ 0.0098363822, -0.14656344, -0.068764977, -0.18385062 ],
			"coeffs_30" : [ 0.12411192, 0.11932679, -0.22625683, 0.065269791 ],
			"coeffs_31" : [ -0.15300876, -0.0004369517, 0.037861243, -0.090479314 ],
			"coeffs_32" : [ 0.10466558, -0.23857056, -0.22560418, 0.18277153 ],
			"coeffs_33" : [ 0.24479535, -0.24372405, -0.1473683, -0.25015238 ],
			"coeffs_34" : [ -0.25806817, -0.27404261, -0.11694029, -0.1025615 ],
			"coeffs_35" : [ -0.23067856, -0.25583151, -0.2671943, 0.019364674 ],
			"coeffs_36" : [ -0.23667237, -0.27538234, 0.061438702, 0.064309642 ],
			"coeffs_37" : [ -0.088364348, 0.034900595, 0.0068371147, -0.23202626 ],
			"coeffs_38" : [ -0.08259017, 0.19825841, 0.23541558, -0.077362806 ],
			"coeffs_39" : [ -0.21201873, -0.11230506, 0.094223328, -0.20570534 ],
			"coeffs_40" : [ 0.07584513, -0.1240555, 0.2317398, 0.2431002 ],
			"coeffs_41" : [ -0.15478472, 0.10723735, -0.20584513, 0.18649788 ],
			"coeffs_42" : [ -0.27797145, 0.13128436, 0.013855482, -0.20149726 ],
			"coeffs_43" : [ 0.10280258, 0.095597297, -0.015073481, -0.16505219 ],
			"coeffs_44" : [ 0.20742242, 0.2108853, -0.1080719, -0.0060728262 ],
			"coeffs_45" : [ 0.11838377, -0.010452133, -0.025491448, 0.23427016 ],
			"coeffs_46" : [ 0.063730575, 0.074184068, -0.25981033, -0.071645737 ],
			"coeffs_47" : [ 0.26240432, 0.1891569, -0.062117666, -0.057708923 ],
			"coeffs_48" : [ 0.17088638, -0.12099883, 0.025127934, 0.20241708 ],
			"coeffs_49" : [ -0.31129479, -0.2071152, -0.21081215, -0.19214813 ],
			"coeffs_50" : [ -0.15909995, -0.051449843, -0.27526218, 0.144903 ],
			"coeffs_51" : [ 0.2380355, 0.0052314494, -0.00242291, 0.078077085 ],
			"coeffs_52" : [ -0.012129486, 0.098158143, 0.023271531, 0.13856034 ],
			"coeffs_53" : [ 0.092533663, -0.17002161, -0.073612422, -0.29148614 ],
			"coeffs_54" : [ -0.20240583, -0.220375, 0.045264475, -0.076361068 ],
			"coeffs_55" : [ -0.17094329, -0.27975449, 0.2160272, -0.15201892 ],
			"coeffs_56" : [ -0.049620565, 0.076361895, 0.10647192, 0.098999463 ],
			"coeffs_57" : [ -0.31640124, 0.1774804, 0.22357567, 0.18134286 ],
			"coeffs_58" : [ -0.030370738, 0.25020978, 0.14634426, 0.040634919 ],
			"coeffs_59" : [ -0.1442041, 0.21719667, -0.32934597, -0.31497547 ],
			"coeffs_60" : [ -0.07047382, -0.06018693, 0.10272349, 0.20698792 ],
			"coeffs_61" : [ 0.017034102, -0.08866965, -0.15459225, -0.20767435 ],
			"coeffs_62" : [ 0.038395628, 0.073714778, -0.27088049, -0.068838201 ],
			"coeffs_63" : [ 0.14055634, -0.14826037, -0.042582542, -0.1018947 ],
			"intercepts" : [ 0.063553192, -0.19605376, -0.014090681, 0.1635838 ]
		},
		"Layer_2" : {
			"name" : "Hidden_Layer_2",
			"NbInputs" : 4,
			"NbOutputs" : 6 ,
			"coeffs_0" : [ 0.26686785, 0.47508925, 0.50806999, 0.50246722, 0.22140187, -0.55525059 ],
			"coeffs_1" : [ -0.025613345, -0.51872426, 0.26267719, 0.13710371, 0.71799934, 0.36784381 ],
			"coeffs_2" : [ 0.73173535, -0.44534642, 0.17363353, 0.42291486, 0.24770863, 0.67160511 ],
			"coeffs_3" : [ -0.36659887, 0.54796332, 0.3257235, 0.73614949, -0.059690215, 0.2796298 ],
			"intercepts" : [ 0.48373279, 0.32938239, 0.42835912, -0.80320668, 0.24027975, 0.62315702 ]
		},
		"Layer_3" : {
			"name" : "Output_Layer",
			"NbInputs" : 6,
			"NbOutputs" : 10 ,
			"coeffs_0" : [ 0.10310891, 0.48756823, -0.15386459, 0.25273108, -0.37741205, 0.11445307, -0.62081647, 0.39101732, 0.076264322, 0.047280263 ],
			"coeffs_1" : [ 0.22861396, -0.51262766, -0.38675353, -0.13190776, -0.41434604, 0.28457287, -0.074692592, -0.15030192, -0.1046525, 0.40805057 ],
			"coeffs_2" : [ 0.36073279, -0.24342145, 0.35945371, -0.4808864, 0.54101384, -0.10278931, 0.11534379, -0.34222683, -0.32095265, 0.17165284 ],
			"coeffs_3" : [ -0.17237622, 0.55717796, -0.52210325, -0.27148727, 0.30024698, 0.081233636, 0.38564491, 0.41187418, -0.33447719, -0.38099742 ],
			"coeffs_4" : [ -0.46481487, 0.14958556, 0.20541193, 0.30231196, -0.14194798, 0.070773333, 0.54008842, -0.41467422, -0.1309244, -0.14777149 ],
			"coeffs_5" : [ 0.058370341, -0.22332631, -0.15019549, -0.17400274, -0.076757155, 0.33176309, 0.039935894, -0.23575549, -0.1445034, 0.082456671 ],
			"intercepts" : [ 0.53719944, 0.057234854, -0.42558372, -0.23634835, -0.45198396, 0.30489442, -0.3344065, -0.0619758, -0.39494705, 0.12168287 ]
		}
	}
}
MODEL_JSON_DUMP_END
MCU_DEPLOY_CLASSIFICATION_CODE MODEL_PREDICT_STEP
MLLITE_AUTO_DEPLOY_DIGITS_MEDIUM_APPLY_OUTPUT_CLASS  [ 5, 1, 0, 0, 0,  ... , 5, 6, 5, 5, 5 ]
MCU_DEPLOY_CLASSIFICATION_CODE MODEL_PREDICT_PROBA_STEP
MLLITE_AUTO_DEPLOY_DIGITS_MEDIUM_APPLY_OUTPUT_PROBA 0 [ 0.089136526, 0.082855999, 0.10643955, 0.066039525, 0.058293112, 0.23382981, 0.22196355, 0.015865458, 0.023735574, 0.10184095 ]
MLLITE_AUTO_DEPLOY_DIGITS_MEDIUM_APPLY_OUTPUT_PROBA 1 [ 0.1541948, 0.44905034, 0.0041620657, 0.0042167851, 0.04528369, 0.19527522, 0.04749535, 0.050871003, 0.00089480419, 0.048555858 ]
MLLITE_AUTO_DEPLOY_DIGITS_MEDIUM_APPLY_OUTPUT_PROBA 2 [ 0.20912629, 0.091660284, 0.059363656, 0.066821367, 0.053523947, 0.18773967, 0.063186951, 0.072665565, 0.051926684, 0.14398561 ]
MLLITE_AUTO_DEPLOY_DIGITS_MEDIUM_APPLY_OUTPUT_PROBA 3 [ 0.2086204, 0.092727259, 0.05941762, 0.066974148, 0.05332331, 0.1885131, 0.062658124, 0.072646059, 0.051734529, 0.14338544 ]
MLLITE_AUTO_DEPLOY_DIGITS_MEDIUM_APPLY_OUTPUT_PROBA 4 [ 0.20912629, 0.091660284, 0.059363656, 0.066821367, 0.053523947, 0.18773967, 0.063186951, 0.072665565, 0.051926684, 0.14398561 ]
...
MLLITE_AUTO_DEPLOY_DIGITS_MEDIUM_APPLY_OUTPUT_PROBA 507 [ 0.19729276, 0.11704507, 0.060188059, 0.069794491, 0.049059328, 0.20399928, 0.052375842, 0.071822532, 0.047644902, 0.13077791 ]
MLLITE_AUTO_DEPLOY_DIGITS_MEDIUM_APPLY_OUTPUT_PROBA 508 [ 0.081071891, 0.070472933, 0.040937599, 0.016160505, 0.1099105, 0.22932009, 0.37325644, 0.012813726, 0.0073334589, 0.058722906 ]
MLLITE_AUTO_DEPLOY_DIGITS_MEDIUM_APPLY_OUTPUT_PROBA 509 [ 0.28010499, 0.031834956, 0.013090021, 0.011169783, 0.061342761, 0.29041308, 0.10536069, 0.039536774, 0.011839943, 0.15530719 ]
MLLITE_AUTO_DEPLOY_DIGITS_MEDIUM_APPLY_OUTPUT_PROBA 510 [ 0.14214444, 0.2227131, 0.021376455, 0.04715341, 0.019162593, 0.3628903, 0.021152785, 0.06024671, 0.017558908, 0.085601427 ]
MLLITE_AUTO_DEPLOY_DIGITS_MEDIUM_APPLY_OUTPUT_PROBA 511 [ 0.28042775, 0.031134134, 0.011982931, 0.010275357, 0.061391775, 0.29493883, 0.10684607, 0.039116256, 0.010969139, 0.15291756 ]
MCU_DEPLOY_CLASSIFICATION_CODE MODEL_COMPUTE_PERF_STEP
MLLITE_AUTO_DEPLOY_DIGITS_MEDIUM_CLASS_PERFS { "count" : 512, "precision" : 0.140625,  "AUC" : [ 0.32176429, 0.89247489, 0.83787626, 0.59320921, 0.37395263, 0.63331938, 0.53477097, 0.79447919, 0.74249572, 0.47554111 ] }
This will be printed
MCU_DEPLOY_CLASSIFICATION_CODE ALL_STEPS_OK
MCU_DEPLOY_CLASSIFICATION_CODE done
MLLITE_MCU_TIMER_OPERATION_ELAPSED_SECONDS 'MLLITE.MCU_DEPLOY.CLASSIFICATION.Rosenblatt_MLP.DIGITS_MEDIUM' 1
MLLITE_MCU_TIMER_OPERATION_END 'MLLITE.MCU_DEPLOY.CLASSIFICATION.Rosenblatt_MLP.DIGITS_MEDIUM' [ 'Thu Jan 25 12:03:15 2024' ]
MCU_DEPLOY_ON_TARGET_X86_64_END
EXECUTION_TIME_DETAIL = {'CMD':'timeout 180 ./x86_64/classification/x86_64_classification_mlp_digits_medium.exe', 'ElapsedTimeSecs':(0.56, 0.00, 0.55), 'MAX_MEM_KB':1728, 'CPU_PRCNT':'99%', 'FILES_IN':0, 'FILES_OUT':24, 'EXIT_STATUS':0}
