MCU_DEPLOY_ON_TARGET_X86_64_START
MLLITE_MCU_TIMER_OPERATION_START 'MLLITE.MCU_DEPLOY.CLASSIFICATION.Breiman_DFS_BestSplit_GINI.DIGITS_MEDIUM' [ 'Thu Jan 25 12:03:12 2024' ]
MLLite starting
MCU_DEPLOY_CLASSIFICATION_CODE CREATE_DATASET_STEP
MCU_DEPLOY_CLASSIFICATION_CODE CREATE_MODEL_STEP
MCU_DEPLOY_CLASSIFICATION_MODEL_OPTIONS
{ "ccp_alpha" : 0, "criterion" : "", "max_depth" : 6, "max_features" : null, "max_leaf_nodes" : 64, "min_impurity_decrease" : 0, "min_samples_leaf" : 1, "min_samples_split" : 2, "min_weight_fraction_leaf" : 0.050000001, "random_state" : 1789, "splitter" : "best" }
MCU_DEPLOY_CLASSIFICATION_CODE FIT_MODEL_STEP
PROGRESS_REPORT_ELAPSED_TOTAL 'DECISION_TREE_CLASSIFIER_FIT' 1 4
PROGRESS_REPORT_ELAPSED_TOTAL 'DECISION_TREE_DEPTH_FIRST_BUILDER' 0 6
PROGRESS_REPORT_ELAPSED_TOTAL 'DECISION_TREE_DEPTH_FIRST_BUILDER' 2 6
PROGRESS_REPORT_ELAPSED_TOTAL 'DECISION_TREE_DEPTH_FIRST_BUILDER' 3 6
PROGRESS_REPORT_ELAPSED_TOTAL 'DECISION_TREE_DEPTH_FIRST_BUILDER' 4 6
PROGRESS_REPORT_ELAPSED_TOTAL 'DECISION_TREE_DEPTH_FIRST_BUILDER' 5 6
PROGRESS_REPORT_ELAPSED_TOTAL 'DECISION_TREE_DEPTH_FIRST_BUILDER' 6 6
PROGRESS_REPORT_ELAPSED_TOTAL 'DECISION_TREE_DEPTH_FIRST_BUILDER' 6 6
PROGRESS_REPORT_ELAPSED_TOTAL 'DECISION_TREE_CLASSIFIER_FIT' 2 4
PROGRESS_REPORT_ELAPSED_TOTAL 'DECISION_TREE_CLASSIFIER_FIT' 3 4
PROGRESS_REPORT_ELAPSED_TOTAL 'DECISION_TREE_CLASSIFIER_FIT' 4 4
MCU_DEPLOY_CLASSIFICATION_CODE MODEL_JSON_EXPORT_STEP
MODEL_JSON_DUMP_START
{
	"metadata" : { "model" : "Breiman_DFS_BestSplit_GINI", "version" : "2024-W03"},
	"options" : { "ccp_alpha" : 0, "criterion" : "", "max_depth" : 6, "max_features" : null, "max_leaf_nodes" : 64, "min_impurity_decrease" : 0, "min_samples_leaf" : 1, "min_samples_split" : 2, "min_weight_fraction_leaf" : 0.050000001, "random_state" : 1789, "splitter" : "best" },
	"classes" : [ 0, 1, 2, 3, 4, 5, 6, 7, 8, 9 ],
	"tree" : {
	"features" : 64,
	"outputs" : 10,
	"max_depth" : 6,
	"node_count" : 29,
	"nodes" : {
		"node_00" : {"left" : 1, "right" : 4, "feature" : 36, "threshold" : 0.5, "impurity" : 0.89995575, "n_samples" : 512, "w_samples" : 512, "value" : [0.099609375, 0.1015625, 0.1015625, 0.10351562, 0.099609375, 0.1015625, 0.099609375, 0.099609375, 0.095703125, 0.09765625]},
		"node_01" : {"left" : 2, "right" : 3, "feature" : 27, "threshold" : 4.5, "impurity" : 0.41262978, "n_samples" : 68, "w_samples" : 68, "value" : [0.75, 0, 0, 0, 0.014705882, 0.044117648, 0.014705882, 0, 0.029411765, 0.14705883]},
		"node_02" : {"left" : null, "right" : null, "feature" : null, "threshold" : null, "impurity" : 0.046485245, "n_samples" : 42, "w_samples" : 42, "value" : [0.97619045, 0, 0, 0, 0, 0.023809524, 0, 0, 0, 0]},
		"node_03" : {"left" : null, "right" : null, "feature" : null, "threshold" : null, "impurity" : 0.68934911, "n_samples" : 26, "w_samples" : 26, "value" : [0.38461539, 0, 0, 0, 0.03846154, 0.07692308, 0.03846154, 0, 0.07692308, 0.38461539]},
		"node_04" : {"left" : 5, "right" : 10, "feature" : 10, "threshold" : 3.5, "impurity" : 0.88825989, "n_samples" : 444, "w_samples" : 444, "value" : [0, 0.11711711, 0.11711711, 0.11936937, 0.11261261, 0.11036036, 0.11261261, 0.11486486, 0.10585585, 0.090090089]},
		"node_05" : {"left" : 6, "right" : 7, "feature" : 13, "threshold" : 4.5, "impurity" : 0.65091658, "n_samples" : 101, "w_samples" : 101, "value" : [0, 0.45544556, 0.07920792, 0, 0.35643566, 0, 0.089108914, 0.01980198, 0, 0]},
		"node_06" : {"left" : null, "right" : null, "feature" : null, "threshold" : null, "impurity" : 0.40759677, "n_samples" : 37, "w_samples" : 37, "value" : [0, 0, 0, 0, 0.72972971, 0, 0.24324325, 0.027027028, 0, 0]},
		"node_07" : {"left" : 8, "right" : 9, "feature" : 41, "threshold" : 0.5, "impurity" : 0.44775391, "n_samples" : 64, "w_samples" : 64, "value" : [0, 0.71875, 0.125, 0, 0.140625, 0, 0, 0.015625, 0, 0]},
		"node_08" : {"left" : null, "right" : null, "feature" : null, "threshold" : null, "impurity" : 0.054012358, "n_samples" : 36, "w_samples" : 36, "value" : [0, 0.97222221, 0, 0, 0, 0, 0, 0.027777778, 0, 0]},
		"node_09" : {"left" : null, "right" : null, "feature" : null, "threshold" : null, "impurity" : 0.66071427, "n_samples" : 28, "w_samples" : 28, "value" : [0, 0.39285713, 0.2857143, 0, 0.32142857, 0, 0, 0, 0, 0]},
		"node_10" : {"left" : 11, "right" : 18, "feature" : 43, "threshold" : 1.5, "impurity" : 0.87021565, "n_samples" : 343, "w_samples" : 343, "value" : [0, 0.017492712, 0.12827988, 0.15451895, 0.040816326, 0.14285715, 0.11953353, 0.14285715, 0.13702624, 0.11661807]},
		"node_11" : {"left" : 12, "right" : 15, "feature" : 26, "threshold" : 4.5, "impurity" : 0.69062752, "n_samples" : 117, "w_samples" : 117, "value" : [0, 0, 0, 0.42735043, 0, 0.23076923, 0, 0.025641026, 0.051282052, 0.26495728]},
		"node_12" : {"left" : 13, "right" : 14, "feature" : 19, "threshold" : 3.5, "impurity" : 0.24869192, "n_samples" : 57, "w_samples" : 57, "value" : [0, 0, 0, 0.85964912, 0, 0, 0, 0, 0.03508772, 0.10526316]},
		"node_13" : {"left" : null, "right" : null, "feature" : null, "threshold" : null, "impurity" : 0, "n_samples" : 28, "w_samples" : 28, "value" : [0, 0, 0, 1, 0, 0, 0, 0, 0, 0]},
		"node_14" : {"left" : null, "right" : null, "feature" : null, "threshold" : null, "impurity" : 0.42806184, "n_samples" : 29, "w_samples" : 29, "value" : [0, 0, 0, 0.7241379, 0, 0, 0, 0, 0.068965517, 0.20689656]},
		"node_15" : {"left" : 16, "right" : 17, "feature" : 29, "threshold" : 9.5, "impurity" : 0.61666667, "n_samples" : 60, "w_samples" : 60, "value" : [0, 0, 0, 0.016666668, 0, 0.44999999, 0, 0.050000001, 0.06666667, 0.41666666]},
		"node_16" : {"left" : null, "right" : null, "feature" : null, "threshold" : null, "impurity" : 0.24494648, "n_samples" : 29, "w_samples" : 29, "value" : [0, 0, 0, 0, 0, 0.86206895, 0, 0, 0.10344828, 0.034482758]},
		"node_17" : {"left" : null, "right" : null, "feature" : null, "threshold" : null, "impurity" : 0.38501561, "n_samples" : 31, "w_samples" : 31, "value" : [0, 0, 0, 0.032258064, 0, 0.064516127, 0, 0.096774191, 0.032258064, 0.77419353]},
		"node_18" : {"left" : 19, "right" : 24, "feature" : 61, "threshold" : 0.5, "impurity" : 0.83906335, "n_samples" : 226, "w_samples" : 226, "value" : [0, 0.026548672, 0.19469027, 0.013274336, 0.061946902, 0.097345136, 0.18141593, 0.20353982, 0.18141593, 0.039823011]},
		"node_19" : {"left" : 20, "right" : 21, "feature" : 29, "threshold" : 5.5, "impurity" : 0.66304755, "n_samples" : 89, "w_samples" : 89, "value" : [0, 0.011235955, 0, 0.011235955, 0.13483146, 0.21348314, 0.011235955, 0.51685393, 0.033707865, 0.067415729]},
		"node_20" : {"left" : null, "right" : null, "feature" : null, "threshold" : null, "impurity" : 0.48559672, "n_samples" : 27, "w_samples" : 27, "value" : [0, 0.037037037, 0, 0.037037037, 0, 0.7037037, 0.037037037, 0.037037037, 0.11111111, 0.037037037]},
		"node_21" : {"left" : 22, "right" : 23, "feature" : 25, "threshold" : 0.5, "impurity" : 0.42924035, "n_samples" : 62, "w_samples" : 62, "value" : [0, 0, 0, 0, 0.19354838, 0, 0, 0.72580647, 0, 0.080645159]},
		"node_22" : {"left" : null, "right" : null, "feature" : null, "threshold" : null, "impurity" : 0, "n_samples" : 36, "w_samples" : 36, "value" : [0, 0, 0, 0, 0, 0, 0, 1, 0, 0]},
		"node_23" : {"left" : null, "right" : null, "feature" : null, "threshold" : null, "impurity" : 0.6301775, "n_samples" : 26, "w_samples" : 26, "value" : [0, 0, 0, 0, 0.46153846, 0, 0, 0.34615386, 0, 0.1923077]},
		"node_24" : {"left" : 25, "right" : 28, "feature" : 46, "threshold" : 5.5, "impurity" : 0.73195159, "n_samples" : 137, "w_samples" : 137, "value" : [0, 0.036496349, 0.32116789, 0.01459854, 0.01459854, 0.02189781, 0.29197079, 0, 0.27737227, 0.02189781]},
		"node_25" : {"left" : 26, "right" : 27, "feature" : 21, "threshold" : 8.5, "impurity" : 0.620983, "n_samples" : 92, "w_samples" : 92, "value" : [0, 0.054347824, 0.47826087, 0, 0.021739131, 0.032608695, 0.032608695, 0, 0.38043478, 0]},
		"node_26" : {"left" : null, "right" : null, "feature" : null, "threshold" : null, "impurity" : 0.47735536, "n_samples" : 55, "w_samples" : 55, "value" : [0, 0.090909094, 0.70909089, 0, 0.018181818, 0.054545455, 0.054545455, 0, 0.07272727, 0]},
		"node_27" : {"left" : null, "right" : null, "feature" : null, "threshold" : null, "impurity" : 0.27903581, "n_samples" : 37, "w_samples" : 37, "value" : [0, 0, 0.13513513, 0, 0.027027028, 0, 0, 0, 0.83783782, 0]},
		"node_28" : {"left" : null, "right" : null, "feature" : null, "threshold" : null, "impurity" : 0.31308639, "n_samples" : 45, "w_samples" : 45, "value" : [0, 0, 0, 0.044444446, 0, 0, 0.82222223, 0, 0.06666667, 0.06666667]}
		}
	}
}

MODEL_JSON_DUMP_END
MCU_DEPLOY_CLASSIFICATION_CODE MODEL_PREDICT_STEP
MLLITE_AUTO_DEPLOY_DIGITS_MEDIUM_APPLY_OUTPUT_CLASS  [ 0, 1, 1, 3, 0,  ... , 4, 5, 8, 4, 9 ]
MCU_DEPLOY_CLASSIFICATION_CODE MODEL_PREDICT_PROBA_STEP
MLLITE_AUTO_DEPLOY_DIGITS_MEDIUM_APPLY_OUTPUT_PROBA 0 [ 0.97619045, 0, 0, 0, 0, 0.023809524, 0, 0, 0, 0 ]
MLLITE_AUTO_DEPLOY_DIGITS_MEDIUM_APPLY_OUTPUT_PROBA 1 [ 0, 0.97222221, 0, 0, 0, 0, 0, 0.027777778, 0, 0 ]
MLLITE_AUTO_DEPLOY_DIGITS_MEDIUM_APPLY_OUTPUT_PROBA 2 [ 0, 0.39285713, 0.2857143, 0, 0.32142857, 0, 0, 0, 0, 0 ]
MLLITE_AUTO_DEPLOY_DIGITS_MEDIUM_APPLY_OUTPUT_PROBA 3 [ 0, 0, 0, 0.7241379, 0, 0, 0, 0, 0.068965517, 0.20689656 ]
MLLITE_AUTO_DEPLOY_DIGITS_MEDIUM_APPLY_OUTPUT_PROBA 4 [ 0.38461539, 0, 0, 0, 0.03846154, 0.07692308, 0.03846154, 0, 0.07692308, 0.38461539 ]
...
MLLITE_AUTO_DEPLOY_DIGITS_MEDIUM_APPLY_OUTPUT_PROBA 507 [ 0, 0, 0, 0, 0.72972971, 0, 0.24324325, 0.027027028, 0, 0 ]
MLLITE_AUTO_DEPLOY_DIGITS_MEDIUM_APPLY_OUTPUT_PROBA 508 [ 0, 0, 0, 0, 0, 0.86206895, 0, 0, 0.10344828, 0.034482758 ]
MLLITE_AUTO_DEPLOY_DIGITS_MEDIUM_APPLY_OUTPUT_PROBA 509 [ 0, 0, 0.13513513, 0, 0.027027028, 0, 0, 0, 0.83783782, 0 ]
MLLITE_AUTO_DEPLOY_DIGITS_MEDIUM_APPLY_OUTPUT_PROBA 510 [ 0, 0, 0, 0, 0.72972971, 0, 0.24324325, 0.027027028, 0, 0 ]
MLLITE_AUTO_DEPLOY_DIGITS_MEDIUM_APPLY_OUTPUT_PROBA 511 [ 0, 0, 0, 0.032258064, 0, 0.064516127, 0, 0.096774191, 0.032258064, 0.77419353 ]
MCU_DEPLOY_CLASSIFICATION_CODE MODEL_COMPUTE_PERF_STEP
MLLITE_AUTO_DEPLOY_DIGITS_MEDIUM_CLASS_PERFS { "count" : 512, "precision" : 0.7734375,  "AUC" : [ 0.99957466, 0.99293476, 0.98712373, 0.99408066, 0.97656417, 0.97976589, 0.98379481, 0.98838842, 0.9349407, 0.96177489 ] }
This will be printed
MCU_DEPLOY_CLASSIFICATION_CODE ALL_STEPS_OK
MCU_DEPLOY_CLASSIFICATION_CODE done
MLLITE_MCU_TIMER_OPERATION_ELAPSED_SECONDS 'MLLITE.MCU_DEPLOY.CLASSIFICATION.Breiman_DFS_BestSplit_GINI.DIGITS_MEDIUM' 0
MLLITE_MCU_TIMER_OPERATION_END 'MLLITE.MCU_DEPLOY.CLASSIFICATION.Breiman_DFS_BestSplit_GINI.DIGITS_MEDIUM' [ 'Thu Jan 25 12:03:12 2024' ]
MCU_DEPLOY_ON_TARGET_X86_64_END
EXECUTION_TIME_DETAIL = {'CMD':'timeout 180 ./x86_64/classification/x86_64_classification_tree_digits_medium.exe', 'ElapsedTimeSecs':(0.05, 0.00, 0.05), 'MAX_MEM_KB':1728, 'CPU_PRCNT':'100%', 'FILES_IN':0, 'FILES_OUT':24, 'EXIT_STATUS':0}
