MCU_DEPLOY_ON_TARGET_X86_64_START
MLLITE_MCU_TIMER_OPERATION_START 'MLLITE.MCU_DEPLOY.CLASSIFICATION.Vapnik_SVC_RBF.BREASTCANCER_ORIGINAL' [ 'Tue Jan 23 09:44:22 2024' ]
MLLite starting
MCU_DEPLOY_CLASSIFICATION_CODE step 1
MCU_DEPLOY_CLASSIFICATION_CODE step 2
MCU_DEPLOY_CLASSIFICATION_CODE step 3
MCU_DEPLOY_CLASSIFICATION_MODEL_OPTIONS
{"svm_type" : "c_svc", "kernel" : "rbf", "degree" : 3, "gamma" : 0, "coef0" : 0, "cache_size" : 10240, "tol" : 0.001, "nu" : 0.5, "epsilon" : 0, "shrinking" : 0, "probability" : 1, "C" : 1 }
MCU_DEPLOY_CLASSIFICATION_CODE step 4
PROGRESS_REPORT_ELAPSED_TOTAL 'SVM_CLASSIFIER_FIT' 1 5
PROGRESS_REPORT_ELAPSED_TOTAL 'SVM_CLASSIFIER_FIT' 2 5
PROGRESS_REPORT_ELAPSED_TOTAL 'SVM_CLASSIFIER_FIT' 3 5
PROGRESS_REPORT_ELAPSED_TOTAL 'SVM_CLASSIFIER_FIT' 4 5
PROGRESS_REPORT_ELAPSED_TOTAL 'SVM_TRAIN_CLASS_PROBA_CROSS_VALIDATION' 1 5
PROGRESS_REPORT_ELAPSED_TOTAL 'SVM_TRAIN_CLASS_PROBA_CROSS_VALIDATION' 2 5
PROGRESS_REPORT_ELAPSED_TOTAL 'SVM_TRAIN_CLASS_PROBA_CROSS_VALIDATION' 3 5
PROGRESS_REPORT_ELAPSED_TOTAL 'SVM_TRAIN_CLASS_PROBA_CROSS_VALIDATION' 4 5
PROGRESS_REPORT_ELAPSED_TOTAL 'SVM_TRAIN_CLASS_PROBA_CROSS_VALIDATION' 5 5
PROGRESS_REPORT_ELAPSED_TOTAL 'SVM_CLASSIFIER_FIT' 5 5
MCU_DEPLOY_CLASSIFICATION_CODE step 5
TREE_JSON_DUMP_START
{
	"metadata" : { "model" : "Vapnik_SVC_RBF", "version" : "2024-W03"},
	"options" : {"svm_type" : "c_svc", "kernel" : "rbf", "degree" : 3, "gamma" : 6.3955338e-07, "coef0" : 0, "cache_size" : 10240, "tol" : 0.001, "nu" : 0.5, "epsilon" : 0, "shrinking" : 0, "probability" : 1, "C" : 1 },
	"classes" : [ 0, 1 ],
	"svm_model" : {
	"classes" : 2,
	"L" : 148,
	"SupportVectors" : {
		"SV_000" : [ 11.42, 20.379999, 77.580002, 386.10001, 0.1425, 0.28389999, 0.2414, 0.1052, 0.2597, 0.097439997, 0.49559999, 1.156, 3.4449999, 27.23, 0.00911, 0.074579999, 0.056609999, 0.01867, 0.059629999, 0.0092080003, 14.91, 26.5, 98.870003, 567.70001, 0.2098, 0.86629999, 0.68690002, 0.25749999, 0.6638, 0.17299999 ],
		"SV_001" : [ 12.45, 15.7, 82.57, 477.10001, 0.1278, 0.17, 0.1578, 0.08089, 0.2087, 0.076130003, 0.33450001, 0.89020002, 2.217, 27.190001, 0.0075099999, 0.03345, 0.03672, 0.01137, 0.02165, 0.005082, 15.47, 23.75, 103.4, 741.59998, 0.17910001, 0.52490002, 0.53549999, 0.1741, 0.3985, 0.1244 ],
		"SV_002" : [ 13.71, 20.83, 90.199997, 577.90002, 0.1189, 0.1645, 0.093659997, 0.05985, 0.21960001, 0.074510001, 0.58350003, 1.377, 3.8559999, 50.959999, 0.0088050002, 0.03029, 0.024879999, 0.01448, 0.01486, 0.0054120002, 17.059999, 28.139999, 110.6, 897, 0.1654, 0.3682, 0.2678, 0.1556, 0.31959999, 0.1151 ],
		"SV_003" : [ 13, 21.82, 87.5, 519.79999, 0.12729999, 0.19320001, 0.1859, 0.093529999, 0.235, 0.073890001, 0.30630001, 1.002, 2.4059999, 24.32, 0.0057310001, 0.035020001, 0.035530001, 0.01226, 0.021430001, 0.0037489999, 15.49, 30.73, 106.2, 739.29999, 0.17030001, 0.54009998, 0.53899997, 0.206, 0.43779999, 0.1072 ],
		"SV_004" : [ 12.46, 24.040001, 83.970001, 475.89999, 0.1186, 0.2396, 0.2273, 0.085430004, 0.20299999, 0.082429998, 0.2976, 1.599, 2.039, 23.940001, 0.0071490002, 0.072169997, 0.077430002, 0.01432, 0.017890001, 0.01008, 15.09, 40.68, 97.650002, 711.40002, 0.18529999, 1.058, 1.105, 0.221, 0.4366, 0.2075 ],
		"SV_005" : [ 15.85, 23.950001, 103.7, 782.70001, 0.084009998, 0.1002, 0.099380001, 0.053640001, 0.1847, 0.053380001, 0.40329999, 1.0779999, 2.9030001, 36.580002, 0.0097690001, 0.031259999, 0.05051, 0.019920001, 0.02981, 0.003002, 16.84, 27.66, 112, 876.5, 0.1131, 0.19239999, 0.2322, 0.1119, 0.2809, 0.062870003 ],
		"SV_006" : [ 13.73, 22.610001, 93.599998, 578.29999, 0.1131, 0.22930001, 0.2128, 0.080250002, 0.2069, 0.076820001, 0.2121, 1.169, 2.0610001, 19.209999, 0.0064289998, 0.059360001, 0.055009998, 0.016279999, 0.019610001, 0.0080930004, 15.03, 32.009998, 108.8, 697.70001, 0.16509999, 0.77249998, 0.6943, 0.2208, 0.35960001, 0.14309999 ],
		"SV_007" : [ 14.54, 27.540001, 96.730003, 658.79999, 0.1139, 0.1595, 0.1639, 0.073639996, 0.23029999, 0.070770003, 0.37, 1.033, 2.8789999, 32.549999, 0.0056070001, 0.042399999, 0.04741, 0.0109, 0.01857, 0.0054660002, 17.459999, 37.130001, 124.1, 943.20001, 0.16779999, 0.6577, 0.7026, 0.17120001, 0.42179999, 0.13410001 ],
		"SV_008" : [ 15.34, 14.26, 102.5, 704.40002, 0.1073, 0.21349999, 0.2077, 0.097560003, 0.25209999, 0.070320003, 0.43880001, 0.70959997, 3.3840001, 44.91, 0.0067889998, 0.05328, 0.064460002, 0.02252, 0.03672, 0.0043939999, 18.07, 19.08, 125.1, 980.90002, 0.139, 0.59539998, 0.63050002, 0.2393, 0.46669999, 0.099459998 ],
		"SV_009" : [ 14.58, 21.530001, 97.410004, 644.79999, 0.1054, 0.1868, 0.1425, 0.08783, 0.2252, 0.069239996, 0.2545, 0.98320001, 2.1099999, 21.049999, 0.0044519999, 0.030549999, 0.02681, 0.01352, 0.01454, 0.0037110001, 17.620001, 33.209999, 122.4, 896.90002, 0.1525, 0.66430002, 0.5539, 0.2701, 0.42640001, 0.1275 ],
		"SV_010" : [ 11.84, 18.700001, 77.93, 440.60001, 0.1109, 0.1516, 0.1218, 0.051819999, 0.23010001, 0.077990003, 0.48249999, 1.03, 3.4749999, 41, 0.0055510001, 0.034139998, 0.04205, 0.01044, 0.02273, 0.0056670001, 16.82, 28.120001, 119.4, 888.70001, 0.1637, 0.57749999, 0.69559997, 0.15459999, 0.4761, 0.1402 ],
		"SV_011" : [ 14.25, 21.719999, 93.629997, 633, 0.098229997, 0.1098, 0.1319, 0.055980001, 0.1885, 0.061250001, 0.28600001, 1.0190001, 2.6570001, 24.91, 0.0058780001, 0.02995, 0.048149999, 0.01161, 0.02028, 0.0040219999, 15.89, 30.360001, 116.2, 799.59998, 0.1446, 0.42379999, 0.51859999, 0.14470001, 0.35910001, 0.1014 ],
		"SV_012" : [ 14.99, 25.200001, 95.540001, 698.79999, 0.093869999, 0.051309999, 0.023979999, 0.02899, 0.1565, 0.055039998, 1.214, 2.188, 8.0769997, 106, 0.006883, 0.01094, 0.01818, 0.019169999, 0.0078819999, 0.001754, 14.99, 25.200001, 95.540001, 698.79999, 0.093869999, 0.051309999, 0.023979999, 0.02899, 0.1565, 0.055039998 ],
		"SV_013" : [ 13.48, 20.82, 88.400002, 559.20001, 0.1016, 0.12549999, 0.1063, 0.054389998, 0.17200001, 0.06419, 0.213, 0.59140003, 1.545, 18.52, 0.0053670001, 0.022390001, 0.03049, 0.01262, 0.01377, 0.0031870001, 15.53, 26.02, 107.3, 740.40002, 0.161, 0.42250001, 0.50300002, 0.22579999, 0.2807, 0.1071 ],
		"SV_014" : [ 13.44, 21.58, 86.18, 563, 0.08162, 0.060309999, 0.031099999, 0.02031, 0.17839999, 0.05587, 0.2385, 0.8265, 1.572, 20.530001, 0.0032800001, 0.01102, 0.0139, 0.006881, 0.0138, 0.001286, 15.93, 30.25, 102.5, 787.90002, 0.1094, 0.2043, 0.2085, 0.1112, 0.2994, 0.071460001 ],
		"SV_015" : [ 10.95, 21.35, 71.900002, 371.10001, 0.1227, 0.1218, 0.1044, 0.05669, 0.1895, 0.068700001, 0.2366, 1.428, 1.822, 16.969999, 0.0080639999, 0.01764, 0.02595, 0.01037, 0.01357, 0.0030400001, 12.84, 35.34, 87.220001, 514, 0.1909, 0.26980001, 0.4023, 0.1424, 0.29640001, 0.09606 ],
		"SV_016" : [ 13.28, 20.280001, 87.32, 545.20001, 0.1041, 0.1436, 0.098470002, 0.061579999, 0.1974, 0.067819998, 0.37040001, 0.82489997, 2.427, 31.33, 0.005072, 0.021469999, 0.021849999, 0.0095600002, 0.01719, 0.0033170001, 17.379999, 28, 113.1, 907.20001, 0.153, 0.37239999, 0.3664, 0.14920001, 0.3739, 0.1027 ],
		"SV_017" : [ 13.17, 21.809999, 85.419998, 531.5, 0.097139999, 0.1047, 0.082589999, 0.052519999, 0.17460001, 0.06177, 0.1938, 0.61229998, 1.334, 14.49, 0.0033499999, 0.01384, 0.01452, 0.0068529998, 0.01113, 0.0017199999, 16.23, 29.889999, 105.5, 740.70001, 0.1503, 0.39039999, 0.37279999, 0.16069999, 0.36930001, 0.096179999 ],
		"SV_018" : [ 13.17, 18.66, 85.980003, 534.59998, 0.1158, 0.1231, 0.1226, 0.073399998, 0.2128, 0.067769997, 0.28709999, 0.8937, 1.897, 24.25, 0.0065319999, 0.023360001, 0.02905, 0.01215, 0.01743, 0.003643, 15.67, 27.950001, 102.8, 759.40002, 0.1786, 0.41659999, 0.50059998, 0.2088, 0.38999999, 0.1179 ],
		"SV_019" : [ 15.1, 22.02, 97.260002, 712.79999, 0.090559997, 0.070809998, 0.052530002, 0.03334, 0.16159999, 0.056839999, 0.3105, 0.83389997, 2.0969999, 29.91, 0.004675, 0.0103, 0.016030001, 0.0092219999, 0.01095, 0.0016289999, 18.1, 31.690001, 117.7, 1030, 0.1389, 0.2057, 0.2712, 0.153, 0.26750001, 0.078730002 ],
		"SV_020" : [ 14.71, 21.59, 95.550003, 656.90002, 0.1137, 0.1365, 0.1293, 0.08123, 0.2027, 0.06758, 0.4226, 1.15, 2.7349999, 40.09, 0.0036589999, 0.028550001, 0.02572, 0.01272, 0.018169999, 0.0041080001, 17.870001, 30.700001, 115.7, 985.5, 0.13680001, 0.42899999, 0.35870001, 0.18340001, 0.3698, 0.1094 ],
		"SV_021" : [ 14.25, 22.15, 96.419998, 645.70001, 0.1049, 0.2008, 0.21349999, 0.08653, 0.19490001, 0.072920002, 0.70359999, 1.268, 5.3730001, 60.779999, 0.0094069997, 0.070560001, 0.06899, 0.018479999, 0.017000001, 0.0061130002, 17.67, 29.51, 119.1, 959.5, 0.164, 0.62470001, 0.69220001, 0.1785, 0.28439999, 0.1132 ],
		"SV_022" : [ 12.68, 23.84, 82.690002, 499, 0.1122, 0.12620001, 0.1128, 0.068729997, 0.19050001, 0.065899998, 0.42550001, 1.178, 2.927, 36.459999, 0.0077809999, 0.02648, 0.02973, 0.0129, 0.016349999, 0.0036009999, 17.09, 33.470001, 111.8, 888.29999, 0.1851, 0.4061, 0.40239999, 0.1716, 0.33829999, 0.1031 ],
		"SV_023" : [ 14.78, 23.940001, 97.400002, 668.29999, 0.1172, 0.1479, 0.1267, 0.090290003, 0.1953, 0.066540003, 0.35769999, 1.281, 2.45, 35.240002, 0.0067030001, 0.0231, 0.023150001, 0.01184, 0.018999999, 0.0032240001, 17.309999, 33.389999, 114.6, 925.09998, 0.1648, 0.3416, 0.30239999, 0.16140001, 0.3321, 0.089110002 ],
		"SV_024" : [ 13.8, 15.79, 90.43, 584.09998, 0.1007, 0.12800001, 0.077890001, 0.050689999, 0.1662, 0.06566, 0.27869999, 0.62050003, 1.957, 23.35, 0.0047169998, 0.020649999, 0.017589999, 0.0092059998, 0.0122, 0.0031300001, 16.57, 20.860001, 110.3, 812.40002, 0.1411, 0.35420001, 0.27790001, 0.1383, 0.25889999, 0.103 ],
		"SV_025" : [ 14.48, 21.459999, 94.25, 648.20001, 0.094439998, 0.099469997, 0.1204, 0.049380001, 0.2075, 0.056359999, 0.42039999, 2.22, 3.3010001, 38.869999, 0.0093689999, 0.029829999, 0.053709999, 0.01761, 0.024180001, 0.0032490001, 16.209999, 29.25, 108.4, 808.90002, 0.13060001, 0.19760001, 0.33489999, 0.1225, 0.30199999, 0.068460003 ],
		"SV_026" : [ 15.37, 22.76, 100.2, 728.20001, 0.092, 0.1036, 0.1122, 0.074830003, 0.1717, 0.060970001, 0.31290001, 0.84130001, 2.075, 29.440001, 0.0098820003, 0.02444, 0.045310002, 0.01763, 0.02471, 0.002142, 16.43, 25.84, 107.5, 830.90002, 0.1257, 0.1997, 0.28459999, 0.1476, 0.25560001, 0.068279997 ],
		"SV_027" : [ 15.06, 19.83, 100.3, 705.59998, 0.1039, 0.15530001, 0.17, 0.088150002, 0.1855, 0.06284, 0.47679999, 0.96439999, 3.7060001, 47.139999, 0.0092500001, 0.037149999, 0.048670001, 0.018510001, 0.01498, 0.00352, 18.23, 24.23, 123.5, 1025, 0.1551, 0.42030001, 0.52029997, 0.2115, 0.2834, 0.082340002 ],
		"SV_028" : [ 14.42, 19.77, 94.480003, 642.5, 0.097520001, 0.1141, 0.093879998, 0.058389999, 0.18790001, 0.063900001, 0.2895, 1.851, 2.3759999, 26.85, 0.0080049997, 0.02895, 0.033209998, 0.01424, 0.01462, 0.0044519999, 16.33, 30.860001, 109.5, 826.40002, 0.14309999, 0.3026, 0.31940001, 0.1565, 0.27180001, 0.093529999 ],
		"SV_029" : [ 13.61, 24.98, 88.050003, 582.70001, 0.09488, 0.085110001, 0.08625, 0.044890001, 0.1609, 0.058710001, 0.45649999, 1.29, 2.8610001, 43.139999, 0.005872, 0.01488, 0.02647, 0.0099210003, 0.01465, 0.002355, 16.99, 35.27, 108.6, 906.5, 0.1265, 0.1943, 0.31690001, 0.1184, 0.2651, 0.073969997 ],
		"SV_030" : [ 13.11, 15.56, 87.209999, 530.20001, 0.1398, 0.17649999, 0.2071, 0.09601, 0.1925, 0.076920003, 0.3908, 0.92379999, 2.4100001, 34.66, 0.0071620001, 0.02912, 0.054730002, 0.01388, 0.01547, 0.007098, 16.309999, 22.4, 106.4, 827.20001, 0.18619999, 0.40990001, 0.6376, 0.19859999, 0.31470001, 0.14049999 ],
		"SV_031" : [ 13.61, 24.690001, 87.760002, 572.59998, 0.092579998, 0.078620002, 0.052850001, 0.030850001, 0.1761, 0.061299998, 0.23100001, 1.005, 1.752, 19.83, 0.0040879999, 0.01174, 0.017960001, 0.0068799998, 0.01323, 0.001465, 16.889999, 35.639999, 113.2, 848.70001, 0.1471, 0.28839999, 0.37959999, 0.1329, 0.347, 0.079000004 ],
		"SV_032" : [ 12.77, 22.469999, 81.720001, 506.29999, 0.090549998, 0.057610001, 0.047109999, 0.027039999, 0.1585, 0.060649998, 0.2367, 1.38, 1.457, 19.870001, 0.0074990001, 0.01202, 0.023320001, 0.0089199999, 0.01647, 0.002629, 14.49, 33.369999, 92.040001, 653.59998, 0.1419, 0.1523, 0.2177, 0.093309999, 0.28290001, 0.080669999 ],
		"SV_033" : [ 14.95, 17.57, 96.849998, 678.09998, 0.1167, 0.1305, 0.1539, 0.086240001, 0.1957, 0.06216, 1.296, 1.452, 8.4189997, 101.9, 0.0099999998, 0.0348, 0.06577, 0.02801, 0.051679999, 0.0028870001, 18.549999, 21.43, 121.4, 971.40002, 0.1411, 0.2164, 0.3355, 0.16670001, 0.3414, 0.07147 ],
		"SV_034" : [ 11.8, 16.58, 78.989998, 432, 0.1091, 0.17, 0.16590001, 0.074150003, 0.2678, 0.073710002, 0.3197, 1.426, 2.2809999, 24.719999, 0.0054270001, 0.03633, 0.046489999, 0.01843, 0.056279998, 0.0046350001, 13.74, 26.379999, 91.93, 591.70001, 0.13850001, 0.40920001, 0.45039999, 0.1865, 0.57740003, 0.103 ],
		"SV_035" : [ 13.43, 19.629999, 85.839996, 565.40002, 0.09048, 0.062880002, 0.05858, 0.03438, 0.15979999, 0.056710001, 0.46970001, 1.147, 3.142, 43.400002, 0.0060029998, 0.01063, 0.021509999, 0.009443, 0.0152, 0.001868, 17.98, 29.870001, 116.6, 993.59998, 0.1401, 0.15459999, 0.26440001, 0.116, 0.28839999, 0.073710002 ],
		"SV_036" : [ 16.459999, 20.110001, 109.3, 832.90002, 0.098310001, 0.1556, 0.1793, 0.088660002, 0.1794, 0.06323, 0.3037, 1.284, 2.4820001, 31.59, 0.0066269999, 0.040940002, 0.053709999, 0.018130001, 0.01682, 0.004584, 17.790001, 28.450001, 123.5, 981.20001, 0.1415, 0.46669999, 0.5862, 0.2035, 0.30540001, 0.095190004 ],
		"SV_037" : [ 27.219999, 21.870001, 182.10001, 2250, 0.1094, 0.19140001, 0.28709999, 0.18780001, 0.18000001, 0.057700001, 0.83609998, 1.4809999, 5.8200002, 128.7, 0.0046310001, 0.02537, 0.031090001, 0.01241, 0.01575, 0.002747, 33.119999, 32.849998, 220.8, 3216, 0.1472, 0.4034, 0.53399998, 0.26879999, 0.28560001, 0.080820002 ],
		"SV_038" : [ 15.28, 22.41, 98.919998, 710.59998, 0.090570003, 0.1052, 0.053750001, 0.03263, 0.1727, 0.063170001, 0.2054, 0.49559999, 1.344, 19.530001, 0.0032899999, 0.01395, 0.01774, 0.0060089999, 0.01172, 0.002575, 17.799999, 28.030001, 113.8, 973.09998, 0.1301, 0.3299, 0.36300001, 0.1226, 0.3175, 0.097719997 ],
		"SV_039" : [ 14.22, 23.120001, 94.370003, 609.90002, 0.1075, 0.2413, 0.1981, 0.066179998, 0.2384, 0.07542, 0.28600001, 2.1099999, 2.112, 31.719999, 0.0079699997, 0.1354, 0.1166, 0.016659999, 0.051130001, 0.01172, 15.74, 37.18, 106.4, 762.40002, 0.1533, 0.93269998, 0.8488, 0.1772, 0.51660001, 0.1446 ],
		"SV_040" : [ 12.34, 26.860001, 81.150002, 477.39999, 0.1034, 0.1353, 0.1085, 0.045620002, 0.1943, 0.069370002, 0.40529999, 1.809, 2.642, 34.439999, 0.0090979999, 0.038449999, 0.037629999, 0.01321, 0.018780001, 0.0056719999, 15.65, 39.34, 101.7, 768.90002, 0.1785, 0.47060001, 0.4425, 0.1459, 0.3215, 0.1205 ],
		"SV_041" : [ 14.86, 23.209999, 100.4, 671.40002, 0.1044, 0.198, 0.1697, 0.088780001, 0.1737, 0.066720001, 0.27959999, 0.96219999, 3.5910001, 25.200001, 0.0080810003, 0.05122, 0.055509999, 0.018829999, 0.025450001, 0.0043119998, 16.08, 27.780001, 118.6, 784.70001, 0.13160001, 0.4648, 0.4589, 0.1727, 0.30000001, 0.087010004 ],
		"SV_042" : [ 13.77, 22.290001, 90.629997, 588.90002, 0.12, 0.1267, 0.13850001, 0.065260001, 0.18340001, 0.068769999, 0.61909997, 2.112, 4.9060001, 49.700001, 0.0138, 0.03348, 0.04665, 0.0206, 0.02689, 0.0043060002, 16.389999, 34.009998, 111.6, 806.90002, 0.1737, 0.31220001, 0.3809, 0.1673, 0.308, 0.093330003 ],
		"SV_043" : [ 14.45, 20.219999, 94.489998, 642.70001, 0.098719999, 0.1206, 0.118, 0.059799999, 0.19499999, 0.064659998, 0.20919999, 0.65090001, 1.446, 19.42, 0.0040440001, 0.015969999, 0.02, 0.007303, 0.01522, 0.0019759999, 18.33, 30.120001, 117.9, 1044, 0.1552, 0.40560001, 0.49669999, 0.1838, 0.47530001, 0.1013 ],
		"SV_044" : [ 15.12, 16.68, 98.779999, 716.59998, 0.088760003, 0.095880002, 0.075499997, 0.040789999, 0.1594, 0.059859999, 0.27110001, 0.36210001, 1.974, 26.440001, 0.0054720002, 0.01919, 0.02039, 0.0082599996, 0.01523, 0.0028810001, 17.77, 20.24, 117.7, 989.5, 0.14910001, 0.33309999, 0.33270001, 0.1252, 0.34150001, 0.097400002 ],
		"SV_045" : [ 28.110001, 18.469999, 188.5, 2499, 0.1142, 0.1516, 0.32010001, 0.1595, 0.1648, 0.05525, 2.8729999, 1.476, 21.98, 525.59998, 0.01345, 0.027720001, 0.063890003, 0.01407, 0.047830001, 0.0044760001, 28.110001, 18.469999, 188.5, 2499, 0.1142, 0.1516, 0.32010001, 0.1595, 0.1648, 0.05525 ],
		"SV_046" : [ 17.42, 25.559999, 114.5, 948, 0.1006, 0.1146, 0.1682, 0.065970004, 0.13079999, 0.058660001, 0.52960002, 1.6670001, 3.767, 58.529999, 0.031129999, 0.085550003, 0.14380001, 0.039269999, 0.021749999, 0.01256, 18.07, 28.07, 120.4, 1021, 0.1243, 0.1793, 0.28029999, 0.1099, 0.1603, 0.068180002 ],
		"SV_047" : [ 14.19, 23.809999, 92.870003, 610.70001, 0.094630003, 0.13060001, 0.1115, 0.064620003, 0.2235, 0.064329997, 0.42070001, 1.845, 3.5339999, 31, 0.01088, 0.037099998, 0.036880001, 0.01627, 0.044989999, 0.004768, 16.860001, 34.849998, 115, 811.29999, 0.1559, 0.4059, 0.37439999, 0.1772, 0.47240001, 0.1026 ],
		"SV_048" : [ 13.86, 16.93, 90.959999, 578.90002, 0.1026, 0.1517, 0.099009998, 0.056019999, 0.2106, 0.069159999, 0.2563, 1.194, 1.933, 22.690001, 0.0059600002, 0.03438, 0.03909, 0.01435, 0.01939, 0.0045599998, 15.75, 26.93, 104.4, 750.09998, 0.146, 0.43700001, 0.46360001, 0.1654, 0.36300001, 0.1059 ],
		"SV_049" : [ 15.75, 20.25, 102.6, 761.29999, 0.1025, 0.1204, 0.1147, 0.064620003, 0.1935, 0.063029997, 0.34729999, 0.92089999, 2.244, 32.189999, 0.004766, 0.023739999, 0.023840001, 0.0086369999, 0.017720001, 0.0031310001, 19.559999, 30.290001, 125.9, 1088, 0.1552, 0.44800001, 0.3976, 0.1479, 0.39930001, 0.1064 ],
		"SV_050" : [ 12.83, 22.33, 85.260002, 503.20001, 0.1088, 0.17990001, 0.16949999, 0.068609998, 0.2123, 0.07254, 0.30610001, 1.069, 2.257, 25.129999, 0.0069829999, 0.03858, 0.046829998, 0.01499, 0.016799999, 0.0056170002, 15.2, 30.15, 105.3, 706, 0.1777, 0.53430003, 0.62819999, 0.19769999, 0.3407, 0.1243 ],
		"SV_051" : [ 13.96, 17.049999, 91.43, 602.40002, 0.1096, 0.1279, 0.097889997, 0.05246, 0.1908, 0.061299998, 0.42500001, 0.80980003, 2.563, 35.740002, 0.0063510002, 0.02679, 0.03119, 0.01342, 0.02062, 0.002695, 16.389999, 22.07, 108.1, 826, 0.1512, 0.32620001, 0.32089999, 0.1374, 0.30680001, 0.079570003 ],
		"SV_052" : [ 15.32, 17.27, 103.2, 713.29999, 0.13349999, 0.22840001, 0.2448, 0.1242, 0.23980001, 0.075960003, 0.65920001, 1.059, 4.0609999, 59.459999, 0.01015, 0.045880001, 0.049830001, 0.021269999, 0.01884, 0.0086599998, 17.73, 22.66, 119.8, 928.79999, 0.17649999, 0.45030001, 0.4429, 0.2229, 0.3258, 0.1191 ],
		"SV_053" : [ 15.53, 33.560001, 103.7, 744.90002, 0.1063, 0.1639, 0.1751, 0.08399, 0.20909999, 0.066500001, 0.2419, 1.278, 1.903, 23.02, 0.005345, 0.025560001, 0.028890001, 0.01022, 0.0099470001, 0.003359, 18.49, 49.540001, 126.3, 1035, 0.1883, 0.5564, 0.57029998, 0.2014, 0.35120001, 0.1204 ],
		"SV_054" : [ 15.61, 19.379999, 100, 758.59998, 0.078400001, 0.056159999, 0.042089999, 0.02847, 0.1547, 0.05443, 0.2298, 0.99879998, 1.534, 22.18, 0.0028260001, 0.0091049997, 0.01311, 0.0051739998, 0.01013, 0.001345, 17.91, 31.67, 115.9, 988.59998, 0.1084, 0.1807, 0.226, 0.08568, 0.2683, 0.068290003 ],
		"SV_055" : [ 16.24, 18.77, 108.8, 805.09998, 0.1066, 0.1802, 0.1948, 0.090520002, 0.1876, 0.06684, 0.28729999, 0.91729999, 2.464, 28.09, 0.0045630001, 0.034809999, 0.038720001, 0.01209, 0.01388, 0.0040810001, 18.549999, 25.09, 126.9, 1031, 0.1365, 0.47060001, 0.50260001, 0.1732, 0.27700001, 0.1063 ],
		"SV_056" : [ 11.76, 18.139999, 75, 431.10001, 0.099679999, 0.05914, 0.02685, 0.035149999, 0.1619, 0.062870003, 0.64499998, 2.105, 4.138, 49.110001, 0.0055959998, 0.01005, 0.01272, 0.01432, 0.01575, 0.002758, 13.36, 23.389999, 85.099998, 553.59998, 0.1137, 0.079740003, 0.0612, 0.071599998, 0.1978, 0.069150001 ],
		"SV_057" : [ 16.26, 21.879999, 107.5, 826.79999, 0.1165, 0.1283, 0.17990001, 0.079810001, 0.1869, 0.06532, 0.57059997, 1.457, 2.961, 57.720001, 0.01056, 0.037560001, 0.058389999, 0.01186, 0.04022, 0.0061869998, 17.73, 25.209999, 113.7, 975.20001, 0.1426, 0.21160001, 0.3344, 0.1047, 0.27360001, 0.079530001 ],
		"SV_058" : [ 16.030001, 15.51, 105.8, 793.20001, 0.094910003, 0.1371, 0.1204, 0.070409998, 0.17820001, 0.059760001, 0.3371, 0.74760002, 2.6289999, 33.27, 0.005839, 0.032450002, 0.037149999, 0.01459, 0.01467, 0.003121, 18.76, 21.98, 124.3, 1070, 0.1435, 0.44780001, 0.49559999, 0.1981, 0.3019, 0.091240004 ],
		"SV_059" : [ 15.75, 19.219999, 107.1, 758.59998, 0.1243, 0.23639999, 0.29139999, 0.1242, 0.2375, 0.076030001, 0.52039999, 1.324, 3.477, 51.220001, 0.0093289996, 0.065590002, 0.099529997, 0.02283, 0.055429999, 0.0073299999, 17.360001, 24.17, 119.4, 915.29999, 0.155, 0.50459999, 0.68720001, 0.21349999, 0.42449999, 0.105 ],
		"SV_060" : [ 15.08, 25.74, 98, 716.59998, 0.1024, 0.097690001, 0.1235, 0.065530002, 0.1647, 0.06464, 0.6534, 1.506, 4.1739998, 63.369999, 0.01052, 0.02431, 0.049120001, 0.01746, 0.021199999, 0.004867, 18.51, 33.220001, 121.2, 1050, 0.16599999, 0.23559999, 0.40290001, 0.15260001, 0.26539999, 0.094379999 ],
		"SV_061" : [ 11.08, 18.83, 73.300003, 361.60001, 0.1216, 0.2154, 0.1689, 0.063670002, 0.21960001, 0.079499997, 0.2114, 1.027, 1.719, 13.99, 0.0074049998, 0.04549, 0.045880001, 0.01339, 0.017379999, 0.004435, 13.24, 32.82, 91.760002, 508.10001, 0.2184, 0.93790001, 0.84020001, 0.25240001, 0.4154, 0.14030001 ],
		"SV_062" : [ 14.6, 23.290001, 93.970001, 664.70001, 0.086819999, 0.066359997, 0.083899997, 0.05271, 0.1627, 0.054159999, 0.41569999, 1.627, 2.914, 33.009998, 0.008312, 0.017419999, 0.033890001, 0.015760001, 0.0174, 0.002871, 15.79, 31.709999, 102.2, 758.20001, 0.1312, 0.15809999, 0.26750001, 0.13590001, 0.24770001, 0.068360001 ],
		"SV_063" : [ 15.13, 29.809999, 96.709999, 719.5, 0.0832, 0.046050001, 0.046859998, 0.027389999, 0.18520001, 0.05294, 0.46810001, 1.627, 3.043, 45.380001, 0.0068310001, 0.01427, 0.02489, 0.009087, 0.031509999, 0.0017500001, 17.26, 36.91, 110.1, 931.40002, 0.1148, 0.09866, 0.1547, 0.065750003, 0.3233, 0.061650001 ],
		"SV_064" : [ 14.9, 22.530001, 102.1, 685, 0.099469997, 0.2225, 0.27329999, 0.097110003, 0.2041, 0.068980001, 0.25299999, 0.87489998, 3.4660001, 24.190001, 0.0069650002, 0.06213, 0.079259999, 0.02234, 0.01499, 0.0057839998, 16.35, 27.57, 125.4, 832.70001, 0.1419, 0.70899999, 0.90189999, 0.2475, 0.28659999, 0.1155 ],
		"SV_065" : [ 13.98, 19.620001, 91.120003, 599.5, 0.106, 0.1133, 0.1126, 0.064630002, 0.16689999, 0.065439999, 0.2208, 0.9533, 1.602, 18.85, 0.005314, 0.01791, 0.021849999, 0.009567, 0.01223, 0.002846, 17.040001, 30.799999, 113.9, 869.29999, 0.1613, 0.35679999, 0.40689999, 0.18269999, 0.3179, 0.1055 ],
		"SV_066" : [ 27.42, 26.27, 186.89999, 2501, 0.1084, 0.1988, 0.3635, 0.1689, 0.2061, 0.056230001, 2.5469999, 1.306, 18.65, 542.20001, 0.00765, 0.053739998, 0.08055, 0.025979999, 0.016969999, 0.0045579998, 36.040001, 31.370001, 251.2, 4254, 0.1357, 0.42559999, 0.68330002, 0.26249999, 0.26409999, 0.074270003 ],
		"SV_067" : [ 16.25, 19.51, 109.8, 815.79999, 0.1026, 0.1893, 0.2236, 0.091940001, 0.21510001, 0.065779999, 0.31470001, 0.98570001, 3.0699999, 33.119999, 0.0091970004, 0.054699998, 0.080789998, 0.022150001, 0.027729999, 0.0063550002, 17.389999, 23.049999, 122.1, 939.70001, 0.13770001, 0.44620001, 0.58969998, 0.17749999, 0.33180001, 0.091360003 ],
		"SV_068" : [ 16.690001, 20.200001, 107.1, 857.59998, 0.074969999, 0.071120001, 0.036490001, 0.02307, 0.1846, 0.05325, 0.2473, 0.5679, 1.775, 22.950001, 0.0026670001, 0.01446, 0.01423, 0.0052970001, 0.019610001, 0.0017, 19.18, 26.559999, 127.3, 1084, 0.1009, 0.292, 0.24770001, 0.087370001, 0.4677, 0.076229997 ],
		"SV_069" : [ 13.82, 24.49, 92.330002, 595.90002, 0.1162, 0.1681, 0.1357, 0.067589998, 0.22750001, 0.07237, 0.47510001, 1.528, 2.974, 39.049999, 0.0096800001, 0.038559999, 0.034759998, 0.01616, 0.02434, 0.0069949999, 16.01, 32.939999, 106, 788, 0.1794, 0.39660001, 0.33809999, 0.1521, 0.3651, 0.1183 ],
		"SV_070" : [ 15.46, 23.950001, 103.8, 731.29999, 0.1183, 0.18700001, 0.20299999, 0.085199997, 0.1807, 0.070830002, 0.33309999, 1.961, 2.937, 32.52, 0.0095380004, 0.049400002, 0.06019, 0.020409999, 0.021050001, 0.0060000001, 17.110001, 36.330002, 117.7, 909.40002, 0.1732, 0.49669999, 0.59109998, 0.2163, 0.30129999, 0.1067 ],
		"SV_071" : [ 13.4, 20.52, 88.639999, 556.70001, 0.1106, 0.1469, 0.1445, 0.081720002, 0.21160001, 0.073250003, 0.3906, 0.93059999, 3.0929999, 33.669998, 0.0054139998, 0.02265, 0.03452, 0.01334, 0.01705, 0.004005, 16.41, 29.66, 113.3, 844.40002, 0.1574, 0.3856, 0.51059997, 0.2051, 0.3585, 0.1109 ],
		"SV_072" : [ 15.05, 19.07, 97.260002, 701.90002, 0.092150003, 0.085969999, 0.074859999, 0.04335, 0.1561, 0.059149999, 0.38600001, 1.198, 2.6300001, 38.490002, 0.004952, 0.0163, 0.02967, 0.0094229998, 0.01152, 0.001718, 17.58, 28.059999, 113.8, 967, 0.1246, 0.2101, 0.28659999, 0.112, 0.2282, 0.069540001 ],
		"SV_073" : [ 14.27, 22.549999, 93.769997, 629.79999, 0.1038, 0.1154, 0.1463, 0.061390001, 0.1926, 0.05982, 0.2027, 1.851, 1.895, 18.540001, 0.0061130002, 0.025830001, 0.04645, 0.01276, 0.01451, 0.003756, 15.29, 34.27, 104.3, 728.29999, 0.138, 0.27329999, 0.42340001, 0.1362, 0.26980001, 0.083509997 ],
		"SV_074" : [ 15.22, 30.620001, 103.4, 716.90002, 0.1048, 0.2087, 0.255, 0.094290003, 0.2128, 0.071520001, 0.26019999, 1.205, 2.362, 22.65, 0.0046250001, 0.048439998, 0.073590003, 0.01608, 0.021369999, 0.0061420002, 17.52, 42.790001, 128.7, 915, 0.1417, 0.79170001, 1.17, 0.23559999, 0.40889999, 0.1409 ],
		"SV_075" : [ 13.54, 14.36, 87.459999, 566.29999, 0.097790003, 0.081289999, 0.066639997, 0.047809999, 0.1885, 0.057659999, 0.26989999, 0.78860003, 2.0580001, 23.559999, 0.0084619997, 0.0146, 0.023870001, 0.01315, 0.0198, 0.0023000001, 15.11, 19.26, 99.699997, 711.20001, 0.14399999, 0.17730001, 0.23899999, 0.1288, 0.29769999, 0.072590001 ],
		"SV_076" : [ 13.49, 22.299999, 86.910004, 561, 0.087520003, 0.076980002, 0.047510002, 0.033840001, 0.18089999, 0.057179999, 0.23379999, 1.353, 1.735, 20.200001, 0.0044550002, 0.01382, 0.020950001, 0.01184, 0.016410001, 0.001956, 15.15, 31.82, 99, 698.79999, 0.1162, 0.17110001, 0.2282, 0.12819999, 0.28709999, 0.069169998 ],
		"SV_077" : [ 14.64, 15.24, 95.769997, 651.90002, 0.1132, 0.1339, 0.099660002, 0.070639998, 0.21160001, 0.06346, 0.5115, 0.73720002, 3.8139999, 42.759998, 0.005508, 0.044119999, 0.044360001, 0.01623, 0.02427, 0.0048409998, 16.34, 18.24, 109.4, 803.59998, 0.1277, 0.3089, 0.2604, 0.1397, 0.31510001, 0.084729999 ],
		"SV_078" : [ 14.62, 24.02, 94.57, 662.70001, 0.089740001, 0.086060002, 0.031020001, 0.02957, 0.16850001, 0.058660001, 0.3721, 1.1109999, 2.279, 33.759998, 0.0048679998, 0.01818, 0.01121, 0.0086059999, 0.020850001, 0.0028929999, 16.110001, 29.110001, 102.9, 803.70001, 0.1115, 0.17659999, 0.09189, 0.069459997, 0.25220001, 0.072460003 ],
		"SV_079" : [ 13.27, 14.76, 84.739998, 551.70001, 0.073550001, 0.050549999, 0.032609999, 0.02648, 0.13860001, 0.053180002, 0.4057, 1.153, 2.701, 36.349998, 0.0044809999, 0.01038, 0.01358, 0.01082, 0.01069, 0.001435, 16.360001, 22.35, 104.5, 830.59998, 0.1006, 0.1238, 0.13500001, 0.1001, 0.2027, 0.062059999 ],
		"SV_080" : [ 13.45, 18.299999, 86.599998, 555.09998, 0.1022, 0.081649996, 0.03974, 0.027799999, 0.1638, 0.057100002, 0.29499999, 1.373, 2.099, 25.219999, 0.0058840001, 0.01491, 0.018719999, 0.0093660001, 0.01884, 0.001817, 15.1, 25.940001, 97.589996, 699.40002, 0.1339, 0.1751, 0.1381, 0.079109997, 0.2678, 0.066030003 ],
		"SV_081" : [ 14.5, 10.89, 94.279999, 640.70001, 0.1101, 0.1099, 0.088420004, 0.057780001, 0.1856, 0.06402, 0.2929, 0.85699999, 1.928, 24.190001, 0.003818, 0.01276, 0.028820001, 0.012, 0.019099999, 0.002808, 15.7, 15.98, 102.8, 745.5, 0.1313, 0.1788, 0.25600001, 0.1221, 0.28889999, 0.080059998 ],
		"SV_082" : [ 13.85, 17.209999, 88.440002, 588.70001, 0.087849997, 0.061360002, 0.0142, 0.01141, 0.16140001, 0.058899999, 0.2185, 0.85610002, 1.495, 17.91, 0.0045989999, 0.0091690002, 0.0091270003, 0.0048139999, 0.01247, 0.001708, 15.49, 23.58, 100.3, 725.90002, 0.1157, 0.13500001, 0.081150003, 0.051040001, 0.23639999, 0.071819998 ],
		"SV_083" : [ 15.1, 16.389999, 99.580002, 674.5, 0.115, 0.1807, 0.1138, 0.085340001, 0.2001, 0.064669997, 0.43090001, 1.068, 2.796, 39.84, 0.0090060001, 0.041850001, 0.03204, 0.02258, 0.023530001, 0.0049840002, 16.110001, 18.33, 105.9, 762.59998, 0.13860001, 0.28830001, 0.19599999, 0.14229999, 0.259, 0.07779 ],
		"SV_084" : [ 15.71, 13.93, 102, 761.70001, 0.094619997, 0.094619997, 0.071350001, 0.059330001, 0.1816, 0.057229999, 0.31169999, 0.81550002, 1.972, 27.940001, 0.0052169999, 0.01515, 0.01678, 0.01268, 0.016690001, 0.00233, 17.5, 19.25, 114.3, 922.79999, 0.1223, 0.19490001, 0.1709, 0.1374, 0.2723, 0.070710003 ],
		"SV_085" : [ 14.95, 18.77, 97.839996, 689.5, 0.081380002, 0.1167, 0.090499997, 0.03562, 0.1744, 0.064929999, 0.42199999, 1.909, 3.2709999, 39.43, 0.0057899999, 0.048769999, 0.053029999, 0.01527, 0.03356, 0.0093679996, 16.25, 25.469999, 107.1, 809.70001, 0.099699996, 0.25209999, 0.25, 0.08405, 0.2852, 0.092179999 ],
		"SV_086" : [ 14.44, 15.18, 93.970001, 640.09998, 0.099699996, 0.1021, 0.084870003, 0.055319998, 0.1724, 0.06081, 0.2406, 0.73940003, 2.1199999, 21.200001, 0.0057060001, 0.02297, 0.03114, 0.01493, 0.01454, 0.0025279999, 15.85, 19.85, 108.6, 766.90002, 0.13160001, 0.2735, 0.31029999, 0.15989999, 0.26910001, 0.07683 ],
		"SV_087" : [ 13.74, 17.91, 88.120003, 585, 0.079439998, 0.063759997, 0.02881, 0.01329, 0.1473, 0.055799998, 0.25, 0.75739998, 1.573, 21.469999, 0.002838, 0.01592, 0.0178, 0.0058280001, 0.01329, 0.0019759999, 15.34, 22.459999, 97.190002, 725.90002, 0.097110003, 0.1824, 0.1564, 0.06019, 0.235, 0.070139997 ],
		"SV_088" : [ 16.84, 19.459999, 108.4, 880.20001, 0.074450001, 0.072229996, 0.0515, 0.02771, 0.18440001, 0.052680001, 0.47889999, 2.0599999, 3.4790001, 46.610001, 0.0034429999, 0.02661, 0.03056, 0.0111, 0.0152, 0.001519, 18.219999, 28.07, 120.3, 1032, 0.087739997, 0.171, 0.1882, 0.084360003, 0.2527, 0.059719998 ],
		"SV_089" : [ 14.97, 19.76, 95.5, 690.20001, 0.084210001, 0.053520001, 0.019470001, 0.01939, 0.1515, 0.05266, 0.184, 1.0650001, 1.286, 16.639999, 0.003634, 0.007983, 0.0082679996, 0.0064320001, 0.019239999, 0.00152, 15.98, 25.82, 102.3, 782.09998, 0.1045, 0.099950001, 0.077500001, 0.057539999, 0.26460001, 0.060849998 ],
		"SV_090" : [ 14.97, 16.950001, 96.220001, 685.90002, 0.098549999, 0.078850001, 0.02602, 0.037810002, 0.178, 0.056499999, 0.27129999, 1.217, 1.893, 24.280001, 0.00508, 0.0137, 0.007276, 0.0090730004, 0.0135, 0.001706, 16.110001, 23, 104.6, 793.70001, 0.1216, 0.1637, 0.066480003, 0.084849998, 0.2404, 0.064280003 ],
		"SV_091" : [ 12.47, 18.6, 81.089996, 481.89999, 0.099650003, 0.1058, 0.080049999, 0.038210001, 0.1925, 0.063730001, 0.39610001, 1.044, 2.497, 30.290001, 0.0069530001, 0.01911, 0.027009999, 0.01037, 0.017820001, 0.0035860001, 14.97, 24.639999, 96.050003, 677.90002, 0.1426, 0.2378, 0.26710001, 0.1015, 0.30140001, 0.087499999 ],
		"SV_092" : [ 15.27, 12.91, 98.169998, 725.5, 0.081820004, 0.0623, 0.05892, 0.031569999, 0.13590001, 0.055259999, 0.21340001, 0.3628, 1.525, 20, 0.0042909998, 0.01236, 0.018409999, 0.007373, 0.0095389998, 0.001656, 17.379999, 15.92, 113.7, 932.70001, 0.1222, 0.2186, 0.29620001, 0.1035, 0.23199999, 0.07474 ],
		"SV_093" : [ 13.65, 13.16, 87.879997, 568.90002, 0.09646, 0.087109998, 0.038880002, 0.025629999, 0.13600001, 0.063440003, 0.2102, 0.43360001, 1.391, 17.4, 0.004133, 0.01695, 0.016519999, 0.0066590002, 0.01371, 0.0027350001, 15.34, 16.35, 99.709999, 706.20001, 0.1311, 0.2474, 0.1759, 0.080559999, 0.23800001, 0.087180004 ],
		"SV_094" : [ 13.27, 17.02, 84.550003, 546.40002, 0.084449999, 0.049940001, 0.03554, 0.024560001, 0.1496, 0.056740001, 0.29269999, 0.89069998, 2.0439999, 24.68, 0.0060319998, 0.01104, 0.02259, 0.0090570003, 0.01482, 0.0024959999, 15.14, 23.6, 98.839996, 708.79999, 0.1276, 0.1311, 0.1786, 0.096780002, 0.25060001, 0.076229997 ],
		"SV_095" : [ 14.34, 13.47, 92.510002, 641.20001, 0.099059999, 0.076240003, 0.057240002, 0.04603, 0.2075, 0.054480001, 0.52200001, 0.81209999, 3.763, 48.290001, 0.0070890002, 0.01428, 0.023600001, 0.01286, 0.02266, 0.001463, 16.77, 16.9, 110.4, 873.20001, 0.12970001, 0.1525, 0.16320001, 0.1087, 0.3062, 0.06072 ],
		"SV_096" : [ 15, 15.51, 97.449997, 684.5, 0.08371, 0.1096, 0.065049998, 0.037799999, 0.1881, 0.059069999, 0.2318, 0.4966, 2.276, 19.879999, 0.0041189999, 0.03207, 0.03644, 0.01155, 0.01391, 0.0032039999, 16.41, 19.309999, 114.2, 808.20001, 0.1136, 0.36269999, 0.34020001, 0.13789999, 0.29539999, 0.083619997 ],
		"SV_097" : [ 14.03, 21.25, 89.790001, 603.40002, 0.090700001, 0.069449998, 0.01462, 0.018959999, 0.1517, 0.058350001, 0.25889999, 1.503, 1.6670001, 22.07, 0.0073890002, 0.01383, 0.0073020002, 0.01004, 0.01263, 0.0029249999, 15.33, 30.280001, 98.269997, 715.5, 0.1287, 0.1513, 0.062309999, 0.079630002, 0.2226, 0.076169997 ],
		"SV_098" : [ 14.22, 27.85, 92.550003, 623.90002, 0.082230002, 0.1039, 0.1103, 0.04408, 0.13420001, 0.06129, 0.33539999, 2.3239999, 2.105, 29.959999, 0.0063069998, 0.028449999, 0.0385, 0.01011, 0.01185, 0.0035890001, 15.75, 40.540001, 102.5, 764, 0.1081, 0.24259999, 0.3064, 0.08219, 0.189, 0.077959999 ],
		"SV_099" : [ 13.75, 23.77, 88.540001, 590, 0.080430001, 0.068070002, 0.046969999, 0.02344, 0.17730001, 0.05429, 0.43470001, 1.057, 2.829, 39.93, 0.0043509998, 0.02667, 0.033709999, 0.01007, 0.025979999, 0.003087, 15.01, 26.34, 98, 706, 0.093680002, 0.1442, 0.13590001, 0.06106, 0.26629999, 0.063210003 ],
		"SV_100" : [ 13.59, 17.84, 86.239998, 572.29999, 0.07948, 0.040520001, 0.01997, 0.01238, 0.1573, 0.055199999, 0.25799999, 1.166, 1.683, 22.219999, 0.0037410001, 0.0052740001, 0.01065, 0.0050440002, 0.01344, 0.001126, 15.5, 26.1, 98.910004, 739.09998, 0.105, 0.076219998, 0.106, 0.051849999, 0.2335, 0.062629998 ],
		"SV_101" : [ 14.41, 19.73, 96.029999, 651, 0.087569997, 0.16760001, 0.1362, 0.066019997, 0.1714, 0.07192, 0.8811, 1.77, 4.3600001, 77.110001, 0.007762, 0.1064, 0.099600002, 0.02771, 0.040770002, 0.02286, 15.77, 22.129999, 101.7, 767.29999, 0.099830002, 0.2472, 0.222, 0.1021, 0.2272, 0.087990001 ],
		"SV_102" : [ 14.96, 19.1, 97.029999, 687.29999, 0.089919999, 0.098229997, 0.0594, 0.048190001, 0.18790001, 0.05852, 0.2877, 0.94800001, 2.171, 24.870001, 0.0053320001, 0.02115, 0.01536, 0.01187, 0.01522, 0.002815, 16.25, 26.190001, 109.1, 809.79999, 0.1313, 0.303, 0.1804, 0.1489, 0.29620001, 0.084720001 ],
		"SV_103" : [ 14.26, 18.17, 91.220001, 633.09998, 0.065760002, 0.052200001, 0.02475, 0.01374, 0.1635, 0.055860002, 0.23, 0.66900003, 1.661, 20.559999, 0.0031689999, 0.01377, 0.01079, 0.0052430001, 0.01103, 0.001957, 16.219999, 25.26, 105.8, 819.70001, 0.094449997, 0.2167, 0.1565, 0.075300001, 0.26359999, 0.076760001 ],
		"SV_104" : [ 14.61, 15.69, 92.68, 664.90002, 0.076180004, 0.035149999, 0.01447, 0.01877, 0.16320001, 0.052549999, 0.31600001, 0.91149998, 1.954, 28.9, 0.0050309999, 0.006021, 0.0053249998, 0.0063240002, 0.01494, 0.0008948, 16.459999, 21.75, 103.7, 840.79999, 0.1011, 0.070869997, 0.047460001, 0.05813, 0.25299999, 0.056949999 ],
		"SV_105" : [ 14.11, 12.88, 90.029999, 616.5, 0.093089998, 0.053059999, 0.017650001, 0.02733, 0.1373, 0.057, 0.25709999, 1.081, 1.558, 23.92, 0.0066920002, 0.01132, 0.005717, 0.0066269999, 0.01416, 0.002476, 15.53, 18, 98.400002, 749.90002, 0.12809999, 0.1109, 0.053070001, 0.058899999, 0.20999999, 0.070830002 ],
		"SV_106" : [ 14.42, 16.540001, 94.150002, 641.20001, 0.097510003, 0.1139, 0.080069996, 0.042229999, 0.1912, 0.064120002, 0.34909999, 0.77060002, 2.677, 32.139999, 0.0045770002, 0.03053, 0.038400002, 0.01243, 0.01873, 0.0033730001, 16.67, 21.51, 111.4, 862.09998, 0.1294, 0.3371, 0.37549999, 0.14139999, 0.3053, 0.087640002 ],
		"SV_107" : [ 14.76, 14.74, 94.870003, 668.70001, 0.088749997, 0.077799998, 0.046080001, 0.03528, 0.1521, 0.059119999, 0.34279999, 0.39809999, 2.5369999, 29.059999, 0.0047320002, 0.01506, 0.018549999, 0.01067, 0.02163, 0.002783, 17.27, 17.93, 114.2, 880.79999, 0.122, 0.2009, 0.21510001, 0.1251, 0.3109, 0.081869997 ],
		"SV_108" : [ 16.5, 18.290001, 106.6, 838.09998, 0.096859999, 0.084679998, 0.058619998, 0.048349999, 0.1495, 0.05593, 0.3389, 1.439, 2.3440001, 33.580002, 0.0072570001, 0.01805, 0.01832, 0.01033, 0.01694, 0.0020010001, 18.129999, 25.450001, 117.2, 1009, 0.1338, 0.1679, 0.1663, 0.091229998, 0.2394, 0.064690001 ],
		"SV_109" : [ 15.19, 13.21, 97.650002, 711.79999, 0.079630002, 0.069339998, 0.03393, 0.02657, 0.17209999, 0.055440001, 0.17829999, 0.41249999, 1.3380001, 17.719999, 0.005012, 0.01485, 0.01551, 0.0091549996, 0.01647, 0.001767, 16.200001, 15.73, 104.5, 819.09998, 0.1126, 0.1737, 0.1362, 0.081780002, 0.24869999, 0.067659996 ],
		"SV_110" : [ 16.17, 16.07, 106.3, 788.5, 0.098800004, 0.14380001, 0.066509999, 0.053970002, 0.199, 0.065719999, 0.1745, 0.48899999, 1.349, 14.91, 0.0045099999, 0.01812, 0.019509999, 0.01196, 0.019339999, 0.003696, 16.969999, 19.139999, 113.1, 861.5, 0.1235, 0.255, 0.2114, 0.1251, 0.31529999, 0.089599997 ],
		"SV_111" : [ 13.88, 16.16, 88.370003, 596.59998, 0.070260003, 0.04831, 0.02045, 0.0085070003, 0.16069999, 0.054740001, 0.25409999, 0.62180001, 1.709, 23.120001, 0.003728, 0.01415, 0.019880001, 0.0070159999, 0.01647, 0.0019700001, 15.51, 19.969999, 99.660004, 745.29999, 0.08484, 0.1233, 0.1091, 0.045370001, 0.25420001, 0.066229999 ],
		"SV_112" : [ 16.139999, 14.86, 104.3, 800, 0.094949998, 0.08501, 0.055, 0.045279998, 0.1735, 0.05875, 0.2387, 0.6372, 1.729, 21.83, 0.0039579999, 0.01246, 0.018309999, 0.0087470002, 0.015, 0.001621, 17.709999, 19.58, 115.9, 947.90002, 0.1206, 0.17219999, 0.23100001, 0.1129, 0.27779999, 0.070119999 ],
		"SV_113" : [ 14.99, 22.110001, 97.529999, 693.70001, 0.085150003, 0.1025, 0.06859, 0.038759999, 0.1944, 0.059130002, 0.3186, 1.336, 2.3099999, 28.51, 0.0044490001, 0.02808, 0.033119999, 0.01196, 0.019060001, 0.0040150001, 16.76, 31.549999, 110.2, 867.09998, 0.1077, 0.33450001, 0.3114, 0.13079999, 0.3163, 0.09251 ],
		"SV_114" : [ 14.69, 13.98, 98.220001, 656.09998, 0.1031, 0.18359999, 0.145, 0.063000001, 0.2086, 0.07406, 0.54619998, 1.511, 4.7950001, 49.450001, 0.0099759996, 0.052439999, 0.052779999, 0.015799999, 0.026529999, 0.005444, 16.459999, 18.34, 114.1, 809.20001, 0.1312, 0.3635, 0.32190001, 0.1108, 0.2827, 0.092079997 ],
		"SV_115" : [ 13.66, 19.129999, 89.459999, 575.29999, 0.090570003, 0.1147, 0.09657, 0.048119999, 0.1848, 0.061810002, 0.2244, 0.89499998, 1.804, 19.360001, 0.00398, 0.02809, 0.03669, 0.01274, 0.01581, 0.0039559999, 15.14, 25.5, 101.4, 708.79999, 0.1147, 0.31670001, 0.366, 0.1407, 0.2744, 0.08839 ],
		"SV_116" : [ 14.86, 16.940001, 94.889999, 673.70001, 0.08924, 0.070739999, 0.033459999, 0.02877, 0.1573, 0.05703, 0.3028, 0.66829997, 1.612, 23.92, 0.0057560001, 0.016650001, 0.01461, 0.008281, 0.01551, 0.002168, 16.309999, 20.540001, 102.3, 777.5, 0.1218, 0.155, 0.122, 0.079709999, 0.2525, 0.068269998 ],
		"SV_117" : [ 14.04, 15.98, 89.779999, 611.20001, 0.084579997, 0.05895, 0.03534, 0.029440001, 0.1714, 0.058979999, 0.3892, 1.046, 2.6440001, 32.740002, 0.0079760002, 0.01295, 0.01608, 0.0090460004, 0.02005, 0.0028299999, 15.66, 21.58, 101.2, 750, 0.1195, 0.1252, 0.1117, 0.074529998, 0.27250001, 0.072339997 ],
		"SV_118" : [ 13.85, 19.6, 88.68, 592.59998, 0.086839996, 0.063299999, 0.01342, 0.02293, 0.15549999, 0.056729998, 0.34189999, 1.678, 2.3310001, 29.629999, 0.0058360002, 0.01095, 0.005812, 0.0070389998, 0.02014, 0.002326, 15.63, 28.01, 100.9, 749.09998, 0.1118, 0.1141, 0.047529999, 0.058899999, 0.25130001, 0.069109999 ],
		"SV_119" : [ 13.78, 15.79, 88.370003, 585.90002, 0.088169999, 0.06718, 0.01055, 0.0099370005, 0.14049999, 0.058479998, 0.3563, 0.4833, 2.2349999, 29.34, 0.0064320001, 0.01156, 0.007741, 0.005657, 0.01227, 0.002564, 15.27, 17.5, 97.900002, 706.59998, 0.1072, 0.1071, 0.03517, 0.033119999, 0.1859, 0.068099998 ],
		"SV_120" : [ 14.8, 17.66, 95.879997, 674.79999, 0.091789998, 0.0889, 0.040690001, 0.022600001, 0.1893, 0.05886, 0.22040001, 0.6221, 1.482, 19.75, 0.0047960002, 0.01171, 0.017580001, 0.0068970001, 0.022539999, 0.0019710001, 16.43, 22.74, 105.9, 829.5, 0.1226, 0.1881, 0.206, 0.083080001, 0.36000001, 0.072849996 ],
		"SV_121" : [ 14.53, 19.34, 94.25, 659.70001, 0.08388, 0.078000002, 0.088169999, 0.02925, 0.1473, 0.057459999, 0.25350001, 1.354, 1.994, 23.040001, 0.0041470001, 0.020479999, 0.03379, 0.0088480003, 0.01394, 0.002327, 16.299999, 28.389999, 108.1, 830.5, 0.1089, 0.2649, 0.3779, 0.095940001, 0.2471, 0.07463 ],
		"SV_122" : [ 14.53, 13.98, 93.860001, 644.20001, 0.1099, 0.092419997, 0.068949997, 0.064949997, 0.16500001, 0.061209999, 0.30599999, 0.72130001, 2.1429999, 25.700001, 0.0061329999, 0.01251, 0.01615, 0.01136, 0.02207, 0.0035629999, 15.8, 16.93, 103.1, 749.90002, 0.1347, 0.1478, 0.1373, 0.1069, 0.2606, 0.078100003 ],
		"SV_123" : [ 13.38, 30.719999, 86.339996, 557.20001, 0.09245, 0.074259996, 0.02819, 0.032639999, 0.1375, 0.06016, 0.34079999, 1.924, 2.2869999, 28.93, 0.005841, 0.01246, 0.0079359999, 0.0091279997, 0.01564, 0.0029849999, 15.05, 41.610001, 96.690002, 705.59998, 0.1172, 0.14210001, 0.070029996, 0.077629998, 0.21960001, 0.076750003 ],
		"SV_124" : [ 14.4, 26.99, 92.25, 646.09998, 0.069949999, 0.05223, 0.034759998, 0.01737, 0.1707, 0.054329999, 0.2315, 0.91119999, 1.727, 20.52, 0.0053559998, 0.016790001, 0.019710001, 0.0063700001, 0.01414, 0.001892, 15.4, 31.98, 100.4, 734.59998, 0.1017, 0.146, 0.1472, 0.055629998, 0.23450001, 0.06464 ],
		"SV_125" : [ 13.24, 20.129999, 86.870003, 542.90002, 0.082840003, 0.1223, 0.101, 0.02833, 0.1601, 0.064319998, 0.28099999, 0.81349999, 3.369, 23.809999, 0.004929, 0.066569999, 0.07683, 0.01368, 0.01526, 0.0081329998, 15.44, 25.5, 115, 733.5, 0.1201, 0.56459999, 0.65560001, 0.1357, 0.2845, 0.1249 ],
		"SV_126" : [ 13.14, 20.74, 85.980003, 536.90002, 0.086750001, 0.1089, 0.1085, 0.035100002, 0.15620001, 0.060199998, 0.3152, 0.78839999, 2.312, 27.4, 0.0072949999, 0.031789999, 0.046149999, 0.01254, 0.01561, 0.0032299999, 14.8, 25.459999, 100.9, 689.09998, 0.13510001, 0.3549, 0.45039999, 0.1181, 0.2563, 0.081739999 ],
		"SV_127" : [ 14.92, 14.93, 96.449997, 686.90002, 0.080980003, 0.085490003, 0.05539, 0.03221, 0.16869999, 0.05669, 0.2446, 0.43340001, 1.826, 23.309999, 0.003271, 0.0177, 0.0231, 0.0083990004, 0.01148, 0.002379, 17.18, 18.219999, 112, 906.59998, 0.1065, 0.2791, 0.31510001, 0.1147, 0.26879999, 0.082730003 ],
		"SV_128" : [ 14.2, 20.530001, 92.410004, 618.40002, 0.089309998, 0.1108, 0.050629999, 0.030579999, 0.1506, 0.060090002, 0.34779999, 1.018, 2.7490001, 31.01, 0.0041069998, 0.032880001, 0.028209999, 0.0135, 0.016100001, 0.0027439999, 16.450001, 27.26, 112.1, 828.5, 0.1153, 0.34290001, 0.25119999, 0.1339, 0.2534, 0.07858 ],
		"SV_129" : [ 13.9, 16.620001, 88.970001, 599.40002, 0.068279997, 0.05319, 0.02224, 0.01339, 0.1813, 0.055360001, 0.15549999, 0.57620001, 1.392, 14.03, 0.003308, 0.01315, 0.009904, 0.004832, 0.01316, 0.0020949999, 15.14, 21.799999, 101.2, 718.90002, 0.093840003, 0.2006, 0.1384, 0.06222, 0.26789999, 0.076980002 ],
		"SV_130" : [ 13.9, 19.24, 88.730003, 602.90002, 0.079910003, 0.053259999, 0.02995, 0.0207, 0.15790001, 0.055939998, 0.33160001, 0.92640001, 2.056, 28.41, 0.003704, 0.01082, 0.0153, 0.0062750001, 0.01062, 0.0022169999, 16.41, 26.42, 104.4, 830.5, 0.1064, 0.1415, 0.1673, 0.081500001, 0.23559999, 0.076030001 ],
		"SV_131" : [ 15.73, 11.28, 102.8, 747.20001, 0.1043, 0.12989999, 0.1191, 0.062109999, 0.17839999, 0.062590003, 0.163, 0.38710001, 1.143, 13.87, 0.0060339998, 0.018200001, 0.033360001, 0.01067, 0.01175, 0.0022559999, 17.01, 14.2, 112.5, 854.29999, 0.1541, 0.29789999, 0.40040001, 0.1452, 0.25569999, 0.081809998 ],
		"SV_132" : [ 14.64, 16.85, 94.209999, 666, 0.086410001, 0.066979997, 0.05192, 0.02791, 0.1409, 0.053550001, 0.22040001, 1.006, 1.471, 19.98, 0.0035349999, 0.01393, 0.017999999, 0.0061440002, 0.01254, 0.001219, 16.459999, 25.440001, 106, 831, 0.1142, 0.207, 0.2437, 0.078280002, 0.2455, 0.065959997 ],
		"SV_133" : [ 17.85, 13.23, 114.6, 992.09998, 0.078380004, 0.062169999, 0.04445, 0.041779999, 0.122, 0.05243, 0.48339999, 1.046, 3.1630001, 50.950001, 0.004369, 0.0082740001, 0.01153, 0.0074370001, 0.01302, 0.001309, 19.82, 18.42, 127.1, 1210, 0.098619998, 0.099760003, 0.1048, 0.083410002, 0.17829999, 0.058710001 ],
		"SV_134" : [ 14.87, 20.209999, 96.120003, 680.90002, 0.095870003, 0.083449997, 0.068240002, 0.049509998, 0.1487, 0.05748, 0.2323, 1.636, 1.596, 21.84, 0.005415, 0.01371, 0.02153, 0.01183, 0.01959, 0.0018119999, 16.01, 28.48, 103.9, 783.59998, 0.1216, 0.1388, 0.17, 0.1017, 0.2369, 0.065990001 ],
		"SV_135" : [ 15.04, 16.74, 98.730003, 689.40002, 0.09883, 0.1364, 0.077210002, 0.061420001, 0.16680001, 0.068690002, 0.37200001, 0.8423, 2.3039999, 34.84, 0.004123, 0.01819, 0.019959999, 0.01004, 0.01055, 0.003237, 16.76, 20.43, 109.7, 856.90002, 0.1135, 0.2176, 0.1856, 0.1018, 0.2177, 0.085490003 ],
		"SV_136" : [ 16.299999, 15.7, 104.7, 819.79999, 0.094269998, 0.067120001, 0.055259999, 0.045630001, 0.17110001, 0.056570001, 0.2067, 0.47060001, 1.146, 20.67, 0.007394, 0.01203, 0.024700001, 0.01431, 0.01344, 0.002569, 17.32, 17.76, 109.8, 928.20001, 0.1354, 0.13609999, 0.1947, 0.1357, 0.23, 0.072300002 ],
		"SV_137" : [ 14.81, 14.7, 94.660004, 680.70001, 0.084720001, 0.050159998, 0.034159999, 0.02541, 0.16590001, 0.053479999, 0.2182, 0.6232, 1.677, 20.719999, 0.0067079999, 0.01197, 0.01482, 0.01056, 0.015799999, 0.001779, 15.61, 17.58, 101.7, 760.20001, 0.1139, 0.1011, 0.1101, 0.079549998, 0.2334, 0.061420001 ],
		"SV_138" : [ 14.58, 13.66, 94.290001, 658.79999, 0.09832, 0.08918, 0.082220003, 0.04349, 0.17389999, 0.056400001, 0.4165, 0.62370002, 2.5610001, 37.110001, 0.0049530002, 0.01812, 0.03035, 0.0086479997, 0.01539, 0.0022809999, 16.76, 17.24, 108.5, 862, 0.1223, 0.1928, 0.2492, 0.091859996, 0.2626, 0.070479997 ],
		"SV_139" : [ 12.88, 18.219999, 84.449997, 493.10001, 0.1218, 0.1661, 0.048250001, 0.053029999, 0.1709, 0.072530001, 0.44260001, 1.169, 3.1760001, 34.369999, 0.0052729999, 0.023290001, 0.01405, 0.01244, 0.01816, 0.003299, 15.05, 24.370001, 99.309998, 674.70001, 0.14560001, 0.29609999, 0.1246, 0.1096, 0.25819999, 0.088930003 ],
		"SV_140" : [ 13.71, 18.68, 88.730003, 571, 0.099160001, 0.107, 0.053849999, 0.037829999, 0.1714, 0.068429999, 0.31909999, 1.249, 2.2839999, 26.450001, 0.0067389999, 0.02251, 0.02086, 0.01352, 0.0187, 0.0037469999, 15.11, 25.629999, 99.43, 701.90002, 0.1425, 0.25659999, 0.1935, 0.1284, 0.28490001, 0.09031 ],
		"SV_141" : [ 13.46, 18.75, 87.440002, 551.09998, 0.1075, 0.1138, 0.042010002, 0.031520002, 0.1723, 0.063170001, 0.1998, 0.60680002, 1.443, 16.07, 0.0044129998, 0.01443, 0.01509, 0.007369, 0.01354, 0.001787, 15.35, 25.16, 101.9, 719.79999, 0.16240001, 0.31240001, 0.26539999, 0.1427, 0.35179999, 0.086649999 ],
		"SV_142" : [ 13.68, 16.33, 87.760002, 575.5, 0.092770003, 0.072549999, 0.017519999, 0.0188, 0.1631, 0.061549999, 0.20469999, 0.48010001, 1.373, 17.25, 0.003828, 0.0072280001, 0.0070779999, 0.0050769998, 0.01054, 0.001697, 15.85, 20.200001, 101.6, 773.40002, 0.12639999, 0.1564, 0.1206, 0.08704, 0.28060001, 0.077820003 ],
		"SV_143" : [ 14.47, 24.99, 95.809998, 656.40002, 0.088370003, 0.123, 0.1009, 0.038899999, 0.18719999, 0.063409999, 0.25420001, 1.079, 2.615, 23.110001, 0.0071379999, 0.046530001, 0.038290001, 0.01162, 0.020679999, 0.0061110002, 16.219999, 31.73, 113.5, 808.90002, 0.134, 0.42019999, 0.40400001, 0.1205, 0.31869999, 0.1023 ],
		"SV_144" : [ 14.74, 25.42, 94.699997, 668.59998, 0.08275, 0.072140001, 0.041049998, 0.030270001, 0.184, 0.0568, 0.30309999, 1.385, 2.177, 27.41, 0.0047749998, 0.01172, 0.019470001, 0.01269, 0.0187, 0.002626, 16.51, 32.290001, 107.4, 826.40002, 0.106, 0.1376, 0.1611, 0.1095, 0.27219999, 0.069559999 ],
		"SV_145" : [ 13.62, 23.23, 87.190002, 573.20001, 0.092459999, 0.067469999, 0.02974, 0.024429999, 0.1664, 0.058010001, 0.34599999, 1.336, 2.066, 31.24, 0.005868, 0.020989999, 0.02021, 0.0090640001, 0.02087, 0.0025830001, 15.35, 29.09, 97.580002, 729.79999, 0.1216, 0.1517, 0.1049, 0.071740001, 0.2642, 0.069530003 ],
		"SV_146" : [ 14.59, 22.68, 96.389999, 657.09998, 0.084729999, 0.133, 0.1029, 0.037360001, 0.1454, 0.061469998, 0.2254, 1.108, 2.224, 19.540001, 0.0042420002, 0.046390001, 0.065779999, 0.01606, 0.016380001, 0.004406, 15.48, 27.27, 105.9, 733.5, 0.1026, 0.31709999, 0.3662, 0.1105, 0.22579999, 0.08004 ],
		"SV_147" : [ 14.05, 27.15, 91.379997, 600.40002, 0.099289998, 0.1126, 0.04462, 0.04304, 0.15369999, 0.06171, 0.36449999, 1.492, 2.888, 29.84, 0.0072559998, 0.02678, 0.020710001, 0.01626, 0.0208, 0.0053039999, 15.3, 33.169998, 100.2, 706.70001, 0.1241, 0.2264, 0.13259999, 0.1048, 0.22499999, 0.083209999 ]
	},
	"SupportVectorsCoefs" : {
		"SV_coef_0" : [ 1, 1, 1, 1, 1, 1, 1, 1, 1, 1, 1, 1, 1, 1, 1, 1, 1, 1, 1, 1, 1, 1, 1, 1, 1, 1, 1, 1, 1, 1, 1, 1, 1, 1, 1, 1, 1, 0.072034165, 1, 1, 1, 1, 1, 1, 1, 0.026051452, 1, 1, 1, 0.97304028, 1, 1, 1, 1, 1, 1, 1, 1, 1, 1, 1, 1, 1, 1, 1, 1, 0.23374927, 1, 1, 1, 1, 1, 1, 1, 1, -1, -1, -1, -1, -1, -1, -1, -1, -1, -1, -1, -1, -1, -1, -1, -1, -1, -1, -1, -1, -1, -1, -1, -1, -1, -1, -1, -1, -1, -1, -1, -1, -1, -1, -1, -1, -1, -1, -1, -1, -1, -1, -1, -1, -1, -1, -1, -1, -1, -1, -1, -0.71168619, -1, -1, -1, -1, -1, -1, -1, -1, -1, -1, -1, -1, -1, -1, -1, -1, -1, -1, -1, -1, -0.59318894 ]
	},
	"rho" : [ -0.73006648 ],
	"nSV" : [ 75, 73 ],
	"probA" : [ -2.7521102 ],
	"probB" : [ -0.74174154 ],
	"n_iter" : [ 106 ],
	"sv_ind" : [ 3, 5, 7, 8, 9, 13, 14, 15, 22, 26, 31, 36, 38, 39, 40, 41, 43, 44, 47, 54, 57, 62, 64, 65, 73, 86, 91, 94, 99, 100, 105, 126, 135, 138, 146, 171, 177, 180, 184, 190, 193, 194, 196, 199, 205, 212, 213, 214, 215, 223, 229, 255, 257, 259, 263, 283, 297, 329, 330, 351, 353, 379, 385, 414, 430, 435, 461, 479, 489, 501, 509, 512, 514, 536, 562, 19, 49, 89, 90, 92, 93, 123, 125, 128, 133, 147, 148, 149, 157, 165, 169, 204, 209, 220, 224, 225, 227, 235, 238, 243, 278, 290, 291, 298, 311, 326, 340, 347, 363, 371, 375, 387, 406, 413, 421, 423, 434, 437, 438, 442, 447, 448, 453, 455, 462, 465, 466, 472, 476, 477, 481, 484, 486, 491, 495, 500, 508, 511, 513, 518, 523, 526, 532, 541, 542, 545, 558, 560 ]
}
}
TREE_JSON_DUMP_END
MCU_DEPLOY_CLASSIFICATION_CODE step 6
MCU_DEPLOY_CLASSIFICATION_CODE step 7
MLLITE_AUTO_DEPLOY_BREASTCANCER_ORIGINAL_APPLY_OUTPUT_CLASS  [ 0, 0, 0, 1, 0,  ... , 0, 0, 0, 0, 1 ]
MLLITE_AUTO_DEPLOY_BREASTCANCER_ORIGINAL_APPLY_OUTPUT_PROBA 0 [ 0.99990755, 9.2395734e-05 ]
MLLITE_AUTO_DEPLOY_BREASTCANCER_ORIGINAL_APPLY_OUTPUT_PROBA 1 [ 0.99968439, 0.00031564644 ]
MLLITE_AUTO_DEPLOY_BREASTCANCER_ORIGINAL_APPLY_OUTPUT_PROBA 2 [ 0.99976915, 0.00023090203 ]
MLLITE_AUTO_DEPLOY_BREASTCANCER_ORIGINAL_APPLY_OUTPUT_PROBA 3 [ 0.059549071, 0.94045091 ]
MLLITE_AUTO_DEPLOY_BREASTCANCER_ORIGINAL_APPLY_OUTPUT_PROBA 4 [ 0.99934679, 0.00065327488 ]
...
MLLITE_AUTO_DEPLOY_BREASTCANCER_ORIGINAL_APPLY_OUTPUT_PROBA 564 [ 0.99929941, 0.00070060487 ]
MLLITE_AUTO_DEPLOY_BREASTCANCER_ORIGINAL_APPLY_OUTPUT_PROBA 565 [ 0.99972332, 0.00027670161 ]
MLLITE_AUTO_DEPLOY_BREASTCANCER_ORIGINAL_APPLY_OUTPUT_PROBA 566 [ 0.97836792, 0.021632068 ]
MLLITE_AUTO_DEPLOY_BREASTCANCER_ORIGINAL_APPLY_OUTPUT_PROBA 567 [ 0.99976557, 0.00023448 ]
MLLITE_AUTO_DEPLOY_BREASTCANCER_ORIGINAL_APPLY_OUTPUT_PROBA 568 [ 0.023484122, 0.97651583 ]
MLLITE_AUTO_DEPLOY_BREASTCANCER_ORIGINAL_CLASS_PERFS { "count" : 569, "precision" : 0.91915643,  "AUC" : [ 0.97490883, 0.97490883 ] }
This will be printed
MCU_DEPLOY_CLASSIFICATION_CODE step 8
MCU_DEPLOY_CLASSIFICATION_CODE done
MLLITE_MCU_TIMER_OPERATION_ELAPSED_SECONDS 'MLLITE.MCU_DEPLOY.CLASSIFICATION.Vapnik_SVC_RBF.BREASTCANCER_ORIGINAL' 1
MLLITE_MCU_TIMER_OPERATION_END 'MLLITE.MCU_DEPLOY.CLASSIFICATION.Vapnik_SVC_RBF.BREASTCANCER_ORIGINAL' [ 'Tue Jan 23 09:44:23 2024' ]
MCU_DEPLOY_ON_TARGET_X86_64_END
