MCU_DEPLOY_ON_TARGET_X86_64_START
MLLITE_MCU_TIMER_OPERATION_START 'MLLITE.MCU_DEPLOY.CLASSIFICATION.Breiman_DFS_BestSplit_GINI.DIGITS_SMALL' [ 'Thu Jan 25 12:03:13 2024' ]
MLLite starting
MCU_DEPLOY_CLASSIFICATION_CODE CREATE_DATASET_STEP
MCU_DEPLOY_CLASSIFICATION_CODE CREATE_MODEL_STEP
MCU_DEPLOY_CLASSIFICATION_MODEL_OPTIONS
{ "ccp_alpha" : 0, "criterion" : "", "max_depth" : 6, "max_features" : null, "max_leaf_nodes" : 64, "min_impurity_decrease" : 0, "min_samples_leaf" : 1, "min_samples_split" : 2, "min_weight_fraction_leaf" : 0.050000001, "random_state" : 1789, "splitter" : "best" }
MCU_DEPLOY_CLASSIFICATION_CODE FIT_MODEL_STEP
PROGRESS_REPORT_ELAPSED_TOTAL 'DECISION_TREE_CLASSIFIER_FIT' 1 4
PROGRESS_REPORT_ELAPSED_TOTAL 'DECISION_TREE_DEPTH_FIRST_BUILDER' 0 6
PROGRESS_REPORT_ELAPSED_TOTAL 'DECISION_TREE_DEPTH_FIRST_BUILDER' 2 6
PROGRESS_REPORT_ELAPSED_TOTAL 'DECISION_TREE_DEPTH_FIRST_BUILDER' 3 6
PROGRESS_REPORT_ELAPSED_TOTAL 'DECISION_TREE_DEPTH_FIRST_BUILDER' 4 6
PROGRESS_REPORT_ELAPSED_TOTAL 'DECISION_TREE_DEPTH_FIRST_BUILDER' 5 6
PROGRESS_REPORT_ELAPSED_TOTAL 'DECISION_TREE_DEPTH_FIRST_BUILDER' 6 6
PROGRESS_REPORT_ELAPSED_TOTAL 'DECISION_TREE_DEPTH_FIRST_BUILDER' 6 6
PROGRESS_REPORT_ELAPSED_TOTAL 'DECISION_TREE_CLASSIFIER_FIT' 2 4
PROGRESS_REPORT_ELAPSED_TOTAL 'DECISION_TREE_CLASSIFIER_FIT' 3 4
PROGRESS_REPORT_ELAPSED_TOTAL 'DECISION_TREE_CLASSIFIER_FIT' 4 4
MCU_DEPLOY_CLASSIFICATION_CODE MODEL_JSON_EXPORT_STEP
MODEL_JSON_DUMP_START
{
	"metadata" : { "model" : "Breiman_DFS_BestSplit_GINI", "version" : "2024-W03"},
	"options" : { "ccp_alpha" : 0, "criterion" : "", "max_depth" : 6, "max_features" : null, "max_leaf_nodes" : 64, "min_impurity_decrease" : 0, "min_samples_leaf" : 1, "min_samples_split" : 2, "min_weight_fraction_leaf" : 0.050000001, "random_state" : 1789, "splitter" : "best" },
	"classes" : [ 0, 1, 2, 3, 4, 5, 6, 7, 8, 9 ],
	"tree" : {
	"features" : 64,
	"outputs" : 10,
	"max_depth" : 6,
	"node_count" : 23,
	"nodes" : {
		"node_00" : {"left" : 1, "right" : 6, "feature" : 36, "threshold" : 6, "impurity" : 0.89111328, "n_samples" : 64, "w_samples" : 64, "value" : [0.09375, 0.078125, 0.0625, 0.046875, 0.109375, 0.140625, 0.109375, 0.09375, 0.140625, 0.125]},
		"node_01" : {"left" : 2, "right" : 3, "feature" : 27, "threshold" : 6, "impurity" : 0.67283952, "n_samples" : 18, "w_samples" : 18, "value" : [0.33333334, 0, 0, 0, 0.055555556, 0.11111111, 0, 0, 0.055555556, 0.44444445]},
		"node_02" : {"left" : null, "right" : null, "feature" : null, "threshold" : null, "impurity" : 0, "n_samples" : 6, "w_samples" : 6, "value" : [1, 0, 0, 0, 0, 0, 0, 0, 0, 0]},
		"node_03" : {"left" : 4, "right" : 5, "feature" : 29, "threshold" : 9.5, "impurity" : 0.5138889, "n_samples" : 12, "w_samples" : 12, "value" : [0, 0, 0, 0, 0.083333336, 0.16666667, 0, 0, 0.083333336, 0.66666669]},
		"node_04" : {"left" : null, "right" : null, "feature" : null, "threshold" : null, "impurity" : 0.625, "n_samples" : 4, "w_samples" : 4, "value" : [0, 0, 0, 0, 0.25, 0.5, 0, 0, 0.25, 0]},
		"node_05" : {"left" : null, "right" : null, "feature" : null, "threshold" : null, "impurity" : 0, "n_samples" : 8, "w_samples" : 8, "value" : [0, 0, 0, 0, 0, 0, 0, 0, 0, 1]},
		"node_06" : {"left" : 7, "right" : 22, "feature" : 41, "threshold" : 6.5, "impurity" : 0.86578453, "n_samples" : 46, "w_samples" : 46, "value" : [0, 0.10869565, 0.086956523, 0.065217391, 0.13043478, 0.15217391, 0.15217391, 0.13043478, 0.17391305, 0]},
		"node_07" : {"left" : 8, "right" : 11, "feature" : 53, "threshold" : 0.5, "impurity" : 0.85714287, "n_samples" : 42, "w_samples" : 42, "value" : [0, 0.11904762, 0.095238097, 0.071428575, 0.047619049, 0.16666667, 0.16666667, 0.14285715, 0.19047619, 0]},
		"node_08" : {"left" : 9, "right" : 10, "feature" : 4, "threshold" : 15.5, "impurity" : 0.51851851, "n_samples" : 9, "w_samples" : 9, "value" : [0, 0.11111111, 0, 0, 0, 0.11111111, 0, 0.66666669, 0.11111111, 0]},
		"node_09" : {"left" : null, "right" : null, "feature" : null, "threshold" : null, "impurity" : 0.66666663, "n_samples" : 3, "w_samples" : 3, "value" : [0, 0.33333334, 0, 0, 0, 0.33333334, 0, 0, 0.33333334, 0]},
		"node_10" : {"left" : null, "right" : null, "feature" : null, "threshold" : null, "impurity" : 0, "n_samples" : 6, "w_samples" : 6, "value" : [0, 0, 0, 0, 0, 0, 0, 1, 0, 0]},
		"node_11" : {"left" : 12, "right" : 15, "feature" : 28, "threshold" : 5.5, "impurity" : 0.83562899, "n_samples" : 33, "w_samples" : 33, "value" : [0, 0.12121212, 0.12121212, 0.090909094, 0.060606062, 0.18181819, 0.21212122, 0, 0.21212122, 0]},
		"node_12" : {"left" : 13, "right" : 14, "feature" : 52, "threshold" : 14, "impurity" : 0.51851851, "n_samples" : 9, "w_samples" : 9, "value" : [0, 0, 0.11111111, 0, 0.11111111, 0.11111111, 0.66666669, 0, 0, 0]},
		"node_13" : {"left" : null, "right" : null, "feature" : null, "threshold" : null, "impurity" : 0, "n_samples" : 5, "w_samples" : 5, "value" : [0, 0, 0, 0, 0, 0, 1, 0, 0, 0]},
		"node_14" : {"left" : null, "right" : null, "feature" : null, "threshold" : null, "impurity" : 0.75, "n_samples" : 4, "w_samples" : 4, "value" : [0, 0, 0.25, 0, 0.25, 0.25, 0.25, 0, 0, 0]},
		"node_15" : {"left" : 16, "right" : 19, "feature" : 26, "threshold" : 15.5, "impurity" : 0.80902779, "n_samples" : 24, "w_samples" : 24, "value" : [0, 0.16666667, 0.125, 0.125, 0.041666668, 0.20833333, 0.041666668, 0, 0.29166666, 0]},
		"node_16" : {"left" : 17, "right" : 18, "feature" : 27, "threshold" : 7.5, "impurity" : 0.73356402, "n_samples" : 17, "w_samples" : 17, "value" : [0, 0.17647059, 0.17647059, 0.17647059, 0, 0, 0.05882353, 0, 0.41176471, 0]},
		"node_17" : {"left" : null, "right" : null, "feature" : null, "threshold" : null, "impurity" : 0, "n_samples" : 3, "w_samples" : 3, "value" : [0, 0, 1, 0, 0, 0, 0, 0, 0, 0]},
		"node_18" : {"left" : null, "right" : null, "feature" : null, "threshold" : null, "impurity" : 0.65306121, "n_samples" : 14, "w_samples" : 14, "value" : [0, 0.21428572, 0, 0.21428572, 0, 0, 0.071428575, 0, 0.5, 0]},
		"node_19" : {"left" : 20, "right" : 21, "feature" : 44, "threshold" : 12.5, "impurity" : 0.44897962, "n_samples" : 7, "w_samples" : 7, "value" : [0, 0.14285715, 0, 0, 0.14285715, 0.71428573, 0, 0, 0, 0]},
		"node_20" : {"left" : null, "right" : null, "feature" : null, "threshold" : null, "impurity" : 0, "n_samples" : 4, "w_samples" : 4, "value" : [0, 0, 0, 0, 0, 1, 0, 0, 0, 0]},
		"node_21" : {"left" : null, "right" : null, "feature" : null, "threshold" : null, "impurity" : 0.66666663, "n_samples" : 3, "w_samples" : 3, "value" : [0, 0.33333334, 0, 0, 0.33333334, 0.33333334, 0, 0, 0, 0]},
		"node_22" : {"left" : null, "right" : null, "feature" : null, "threshold" : null, "impurity" : 0, "n_samples" : 4, "w_samples" : 4, "value" : [0, 0, 0, 0, 1, 0, 0, 0, 0, 0]}
		}
	}
}

MODEL_JSON_DUMP_END
MCU_DEPLOY_CLASSIFICATION_CODE MODEL_PREDICT_STEP
MLLITE_AUTO_DEPLOY_DIGITS_SMALL_APPLY_OUTPUT_CLASS  [ 2, 8, 1, 9, 8,  ... , 4, 5, 8, 5, 1 ]
MCU_DEPLOY_CLASSIFICATION_CODE MODEL_PREDICT_PROBA_STEP
MLLITE_AUTO_DEPLOY_DIGITS_SMALL_APPLY_OUTPUT_PROBA 0 [ 0, 0, 0.25, 0, 0.25, 0.25, 0.25, 0, 0, 0 ]
MLLITE_AUTO_DEPLOY_DIGITS_SMALL_APPLY_OUTPUT_PROBA 1 [ 0, 0.21428572, 0, 0.21428572, 0, 0, 0.071428575, 0, 0.5, 0 ]
MLLITE_AUTO_DEPLOY_DIGITS_SMALL_APPLY_OUTPUT_PROBA 2 [ 0, 0.33333334, 0, 0, 0, 0.33333334, 0, 0, 0.33333334, 0 ]
MLLITE_AUTO_DEPLOY_DIGITS_SMALL_APPLY_OUTPUT_PROBA 3 [ 0, 0, 0, 0, 0, 0, 0, 0, 0, 1 ]
MLLITE_AUTO_DEPLOY_DIGITS_SMALL_APPLY_OUTPUT_PROBA 4 [ 0, 0.21428572, 0, 0.21428572, 0, 0, 0.071428575, 0, 0.5, 0 ]
...
MLLITE_AUTO_DEPLOY_DIGITS_SMALL_APPLY_OUTPUT_PROBA 59 [ 0, 0, 0, 0, 1, 0, 0, 0, 0, 0 ]
MLLITE_AUTO_DEPLOY_DIGITS_SMALL_APPLY_OUTPUT_PROBA 60 [ 0, 0, 0, 0, 0, 1, 0, 0, 0, 0 ]
MLLITE_AUTO_DEPLOY_DIGITS_SMALL_APPLY_OUTPUT_PROBA 61 [ 0, 0.21428572, 0, 0.21428572, 0, 0, 0.071428575, 0, 0.5, 0 ]
MLLITE_AUTO_DEPLOY_DIGITS_SMALL_APPLY_OUTPUT_PROBA 62 [ 0, 0, 0, 0, 0.25, 0.5, 0, 0, 0.25, 0 ]
MLLITE_AUTO_DEPLOY_DIGITS_SMALL_APPLY_OUTPUT_PROBA 63 [ 0, 0.33333334, 0, 0, 0.33333334, 0.33333334, 0, 0, 0, 0 ]
MCU_DEPLOY_CLASSIFICATION_CODE MODEL_COMPUTE_PERF_STEP
MLLITE_AUTO_DEPLOY_DIGITS_SMALL_CLASS_PERFS { "count" : 64, "precision" : 0.75,  "AUC" : [ 1, 0.95932204, 1, 1, 0.98997492, 0.97979796, 0.99248123, 1, 0.96767676, 1 ] }
This will be printed
MCU_DEPLOY_CLASSIFICATION_CODE ALL_STEPS_OK
MCU_DEPLOY_CLASSIFICATION_CODE done
MLLITE_MCU_TIMER_OPERATION_ELAPSED_SECONDS 'MLLITE.MCU_DEPLOY.CLASSIFICATION.Breiman_DFS_BestSplit_GINI.DIGITS_SMALL' 0
MLLITE_MCU_TIMER_OPERATION_END 'MLLITE.MCU_DEPLOY.CLASSIFICATION.Breiman_DFS_BestSplit_GINI.DIGITS_SMALL' [ 'Thu Jan 25 12:03:13 2024' ]
MCU_DEPLOY_ON_TARGET_X86_64_END
EXECUTION_TIME_DETAIL = {'CMD':'timeout 180 ./x86_64/classification/x86_64_classification_tree_digits_small.exe', 'ElapsedTimeSecs':(0.00, 0.00, 0.00), 'MAX_MEM_KB':1728, 'CPU_PRCNT':'100%', 'FILES_IN':0, 'FILES_OUT':24, 'EXIT_STATUS':0}
