MCU_DEPLOY_ON_TARGET_X86_64_START
MLLITE_MCU_TIMER_OPERATION_START 'MLLITE.MCU_DEPLOY.CLASSIFICATION.Tikhonov_Ridge.CENSUS_ORIGINAL' [ 'Tue Jan 23 09:44:22 2024' ]
MLLite starting
MCU_DEPLOY_CLASSIFICATION_CODE step 1
MCU_DEPLOY_CLASSIFICATION_CODE step 2
MCU_DEPLOY_CLASSIFICATION_CODE step 3
MCU_DEPLOY_CLASSIFICATION_MODEL_OPTIONS
{ "alpha" : 0.0099999998, "random_state" : 1789 }
MCU_DEPLOY_CLASSIFICATION_CODE step 4
PROGRESS_REPORT_ELAPSED_TOTAL 'RIDGE_CLASSIFIER_FIT' 1 4
PROGRESS_REPORT_ELAPSED_TOTAL 'RIDGE_CLASSIFIER_FIT' 3 4
PROGRESS_REPORT_ELAPSED_TOTAL 'CHOLESKY_SOLVER' 1 6
PROGRESS_REPORT_ELAPSED_TOTAL 'CHOLESKY_SOLVER' 2 6
PROGRESS_REPORT_ELAPSED_TOTAL 'CHOLESKY_SOLVER' 3 6
PROGRESS_REPORT_ELAPSED_TOTAL 'CHOLESKY_SOLVER' 4 6
PROGRESS_REPORT_ELAPSED_TOTAL 'CHOLESKY_SOLVER' 5 6
PROGRESS_REPORT_ELAPSED_TOTAL 'CHOLESKY_SOLVER' 6 6
PROGRESS_REPORT_ELAPSED_TOTAL 'RIDGE_CLASSIFIER_FIT' 4 4
MCU_DEPLOY_CLASSIFICATION_CODE step 5
TREE_JSON_DUMP_START
{
	"metadata" : { "model" : "Tikhonov_Ridge", "version" : "2024-W03"},
	"options" : { "alpha" : 0.0099999998, "random_state" : 1789 },
	"classes" : [ "<=50K", ">50K" ],
	"equations" : {
		"class_1" : {
			"intercept" : -1.9843093,
			"coeffs" : [ 0.12099047, 0, 1.686535e-07, 0, 0.085490614, 0, 0, 0, 0, 0, 0.30501103, 0.19655292, 0.13909277, 0 ]
		}
	}
}
TREE_JSON_DUMP_END
MCU_DEPLOY_CLASSIFICATION_CODE step 6
MCU_DEPLOY_CLASSIFICATION_CODE step 7
MLLITE_AUTO_DEPLOY_CENSUS_ORIGINAL_APPLY_OUTPUT_CLASS  [ "<=50K", "<=50K", "<=50K", "<=50K", "<=50K",  ... , "<=50K", "<=50K", "<=50K", ">50K", "<=50K" ]
MLLITE_AUTO_DEPLOY_CENSUS_ORIGINAL_APPLY_OUTPUT_PROBA 0 [ 0.51733333, 0.48266667 ]
MLLITE_AUTO_DEPLOY_CENSUS_ORIGINAL_APPLY_OUTPUT_PROBA 1 [ 0.72944695, 0.27055308 ]
MLLITE_AUTO_DEPLOY_CENSUS_ORIGINAL_APPLY_OUTPUT_PROBA 2 [ 0.78863478, 0.21136522 ]
MLLITE_AUTO_DEPLOY_CENSUS_ORIGINAL_APPLY_OUTPUT_PROBA 3 [ 0.80380738, 0.19619258 ]
MLLITE_AUTO_DEPLOY_CENSUS_ORIGINAL_APPLY_OUTPUT_PROBA 4 [ 0.69706553, 0.30293447 ]
...
MLLITE_AUTO_DEPLOY_CENSUS_ORIGINAL_APPLY_OUTPUT_PROBA 48837 [ 0.65313935, 0.34686065 ]
MLLITE_AUTO_DEPLOY_CENSUS_ORIGINAL_APPLY_OUTPUT_PROBA 48838 [ 0.68934977, 0.31065023 ]
MLLITE_AUTO_DEPLOY_CENSUS_ORIGINAL_APPLY_OUTPUT_PROBA 48839 [ 0.57465273, 0.42534727 ]
MLLITE_AUTO_DEPLOY_CENSUS_ORIGINAL_APPLY_OUTPUT_PROBA 48840 [ 0.36753386, 0.63246614 ]
MLLITE_AUTO_DEPLOY_CENSUS_ORIGINAL_APPLY_OUTPUT_PROBA 48841 [ 0.64745826, 0.35254174 ]
MLLITE_AUTO_DEPLOY_CENSUS_ORIGINAL_CLASS_PERFS { "count" : 48842, "precision" : 0.81315261,  "AUC" : [ 0.038636658, 0.038636658 ] }
This will be printed
MCU_DEPLOY_CLASSIFICATION_CODE step 8
MCU_DEPLOY_CLASSIFICATION_CODE done
MLLITE_MCU_TIMER_OPERATION_ELAPSED_SECONDS 'MLLITE.MCU_DEPLOY.CLASSIFICATION.Tikhonov_Ridge.CENSUS_ORIGINAL' 54
MLLITE_MCU_TIMER_OPERATION_END 'MLLITE.MCU_DEPLOY.CLASSIFICATION.Tikhonov_Ridge.CENSUS_ORIGINAL' [ 'Tue Jan 23 09:45:16 2024' ]
MCU_DEPLOY_ON_TARGET_X86_64_END
