MCU_DEPLOY_ON_TARGET_X86_64_START
MLLITE_MCU_TIMER_OPERATION_START 'MLLITE.MCU_DEPLOY.CLASSIFICATION.Rosenblatt_MLP.DIGITS_ORIGINAL' [ 'Sat Feb  3 23:18:10 2024' ]
MLLite starting
MCU_DEPLOY_CLASSIFICATION_CODE CREATE_DATASET_STEP
MCU_DEPLOY_CLASSIFICATION_CODE CREATE_MODEL_STEP
MCU_DEPLOY_CLASSIFICATION_MODEL_OPTIONS
{  "hidden_layer_sizes" : [ 4, 6 ], "activation" : "relu", "solver" : "adam", "alpha" : 9.9999997e-05, "batch_size" : null, "learning_rate" : "constant", "learning_rate_init" : 0.001, "power_t" : 0.5, "max_iter" : 32, "shuffle" : 1, "random_state" : 1789, "tol" : 9.9999997e-05, "verbose" : 0, "warm_start" : 0, "momentum" : 0.89999998, "nesterovs_momentum" : 1, "early_stopping" : 0, "validation_fraction" : 0.1, "beta_1" : 0.89999998, "beta_2" : 0.99900001, "epsilon" : 9.9999999e-09, "n_iter_no_change" : 10, "max_fun" : 15000 }
MCU_DEPLOY_CLASSIFICATION_CODE FIT_MODEL_STEP
PROGRESS_REPORT_ELAPSED_TOTAL 'MLP_MODEL_FIT' 1 3
PROGRESS_REPORT_ELAPSED_TOTAL 'MLP_MODEL_FIT' 2 3
PROGRESS_REPORT_ELAPSED_TOTAL 'MLP_MODEL_FIT_BACK_PROP_ITERATION' 3 32
PROGRESS_REPORT_ELAPSED_TOTAL 'MLP_MODEL_FIT_BACK_PROP_ITERATION' 6 32
PROGRESS_REPORT_ELAPSED_TOTAL 'MLP_MODEL_FIT_BACK_PROP_ITERATION' 9 32
PROGRESS_REPORT_ELAPSED_TOTAL 'MLP_MODEL_FIT_BACK_PROP_ITERATION' 12 32
PROGRESS_REPORT_ELAPSED_TOTAL 'MLP_MODEL_FIT_BACK_PROP_ITERATION' 15 32
PROGRESS_REPORT_ELAPSED_TOTAL 'MLP_MODEL_FIT_BACK_PROP_ITERATION' 18 32
PROGRESS_REPORT_ELAPSED_TOTAL 'MLP_MODEL_FIT_BACK_PROP_ITERATION' 21 32
PROGRESS_REPORT_ELAPSED_TOTAL 'MLP_MODEL_FIT_BACK_PROP_ITERATION' 24 32
PROGRESS_REPORT_ELAPSED_TOTAL 'MLP_MODEL_FIT_BACK_PROP_ITERATION' 27 32
PROGRESS_REPORT_ELAPSED_TOTAL 'MLP_MODEL_FIT_BACK_PROP_ITERATION' 30 32
PROGRESS_REPORT_ELAPSED_TOTAL 'MLP_MODEL_FIT_BACK_PROP_ITERATION' 32 32
PROGRESS_REPORT_ELAPSED_TOTAL 'MLP_MODEL_FIT' 3 3
MCU_DEPLOY_CLASSIFICATION_CODE MODEL_JSON_EXPORT_STEP
MODEL_JSON_DUMP_START
{
	"metadata" : { "model" : "Rosenblatt_MLP", "version" : "2024-W04"},
	"options" : {  "hidden_layer_sizes" : [ 4, 6 ], "activation" : "relu", "solver" : "adam", "alpha" : 9.9999997e-05, "batch_size" : null, "learning_rate" : "constant", "learning_rate_init" : 0.001, "power_t" : 0.5, "max_iter" : 32, "shuffle" : 1, "random_state" : 1789, "tol" : 9.9999997e-05, "verbose" : 0, "warm_start" : 0, "momentum" : 0.89999998, "nesterovs_momentum" : 1, "early_stopping" : 0, "validation_fraction" : 0.1, "beta_1" : 0.89999998, "beta_2" : 0.99900001, "epsilon" : 9.9999999e-09, "n_iter_no_change" : 10, "max_fun" : 15000 },
	"dataset" : { "dataset_rows" : 1797, "dataset_features" : 64 },
	"classes" : [ 0, 1, 2, 3, 4, 5, 6, 7, 8, 9 ],
	"layers" : {
		"sizes" : [ 64, 4, 6, 10 ],
		"Layer_0" : {
			"name" : "Input_Layer",
			"NbInputs" : 0,
			"NbOutputs" : 64 
		},
		"Layer_1" : {
			"name" : "Hidden_Layer_1",
			"NbInputs" : 64,
			"NbOutputs" : 4 ,
			"coeffs_00" : [ -0.00023846958, 0.027224395, -0.014884174, -0.00016497551 ],
			"coeffs_01" : [ -0.016116554, -0.25935513, -0.026043512, -0.023438681 ],
			"coeffs_02" : [ 0.18827745, -0.0023540091, 0.16149572, -0.089083955 ],
			"coeffs_03" : [ 0.23807718, -0.32589701, -0.12499011, 0.066666059 ],
			"coeffs_04" : [ 0.1014123, -0.20133515, -0.16328017, -0.27260542 ],
			"coeffs_05" : [ 0.077594697, -0.34779137, 0.050523628, -0.03087084 ],
			"coeffs_06" : [ -0.10372287, -0.31164938, -0.16669452, 0.18939564 ],
			"coeffs_07" : [ -0.044899154, -0.020498352, -0.35869095, -0.065926529 ],
			"coeffs_08" : [ -0.11557409, 0.053225938, -0.0021731278, 0.10871705 ],
			"coeffs_09" : [ -0.25563899, 0.19561617, -0.32480595, 0.11808437 ],
			"coeffs_10" : [ -0.26887897, 0.097048305, -0.0058597177, 0.22298861 ],
			"coeffs_11" : [ -0.23395196, -0.28949544, 0.087779544, 0.063970618 ],
			"coeffs_12" : [ 0.14665297, 0.19215076, 0.22791427, -0.23534329 ],
			"coeffs_13" : [ 0.12244312, 0.17399172, -0.063642815, 0.079926796 ],
			"coeffs_14" : [ 0.03495862, -0.034226984, 0.025784455, 0.081973098 ],
			"coeffs_15" : [ -0.27632782, 0.01325887, 0.048673689, 0.08242061 ],
			"coeffs_16" : [ -0.3283959, 0.18571258, -0.0026965383, -0.28619999 ],
			"coeffs_17" : [ 0.23648009, 0.21548545, -0.081685923, -0.27662417 ],
			"coeffs_18" : [ -0.057636291, 0.21260461, -0.23975284, 0.071034826 ],
			"coeffs_19" : [ 0.099851824, 0.10967574, 0.30361092, -0.19154263 ],
			"coeffs_20" : [ 0.070037432, 0.14957277, 0.22701417, -0.074141651 ],
			"coeffs_21" : [ -0.31391501, 0.078287929, 0.03043052, -0.11196386 ],
			"coeffs_22" : [ -0.2571016, -0.34533226, -0.1274467, 0.1974788 ],
			"coeffs_23" : [ -0.0044300053, -0.076520756, -0.11988883, -0.31094092 ],
			"coeffs_24" : [ 0.090616919, -0.10853066, 0.022119587, -0.073547319 ],
			"coeffs_25" : [ 0.075689018, -0.28022575, -0.09817598, 0.14663091 ],
			"coeffs_26" : [ 0.15090752, 0.17966668, 0.20709546, 0.12722006 ],
			"coeffs_27" : [ -0.16915131, -0.037302591, 0.15517066, 0.15479498 ],
			"coeffs_28" : [ 0.09305349, -0.054573178, 0.16033776, 0.15792444 ],
			"coeffs_29" : [ 0.0035080053, -0.16531271, -0.081335582, -0.19233699 ],
			"coeffs_30" : [ 0.11621352, 0.092730761, -0.29948187, 0.05213429 ],
			"coeffs_31" : [ -0.19162364, -0.013186674, 0.0017975515, -0.1180075 ],
			"coeffs_32" : [ 0.019868748, -0.10176432, -0.092192858, 0.062553816 ],
			"coeffs_33" : [ 0.24712792, -0.26795754, -0.22754681, -0.23826052 ],
			"coeffs_34" : [ -0.25640091, -0.29343164, -0.11131312, -0.10675033 ],
			"coeffs_35" : [ -0.23429748, -0.26736522, -0.20074636, 0.0064878557 ],
			"coeffs_36" : [ -0.24888335, -0.28129807, 0.084631167, 0.054307729 ],
			"coeffs_37" : [ -0.094638638, 0.018686235, -0.054507509, -0.23378466 ],
			"coeffs_38" : [ -0.089277893, 0.17307472, 0.1288089, -0.079010464 ],
			"coeffs_39" : [ -0.08244019, -0.023177935, 0.015720522, -0.078012414 ],
			"coeffs_40" : [ 0.10750407, -0.16510528, 0.26056764, 0.27884674 ],
			"coeffs_41" : [ -0.15577957, 0.088806435, -0.28342351, 0.17536549 ],
			"coeffs_42" : [ -0.27780712, 0.10904313, 0.011597205, -0.21682429 ],
			"coeffs_43" : [ 0.09535487, 0.088801712, 0.024080632, -0.17774338 ],
			"coeffs_44" : [ 0.19353352, 0.1972346, -0.066924907, -0.020708108 ],
			"coeffs_45" : [ 0.11096998, -0.030643426, -0.077299282, 0.23006248 ],
			"coeffs_46" : [ 0.057345755, 0.050521843, -0.35423356, -0.073578022 ],
			"coeffs_47" : [ 0.23578592, 0.16964966, -0.18121248, -0.076649651 ],
			"coeffs_48" : [ 0.20201045, -0.16627283, 0.00067323842, 0.23231825 ],
			"coeffs_49" : [ -0.31025526, -0.22014798, -0.2305273, -0.19357549 ],
			"coeffs_50" : [ -0.16585404, -0.073627904, -0.23198864, 0.13554697 ],
			"coeffs_51" : [ 0.22581141, -0.0065612122, 0.086125463, 0.075478539 ],
			"coeffs_52" : [ -0.02290378, 0.079897523, 0.038120184, 0.12986411 ],
			"coeffs_53" : [ 0.084223144, -0.18677855, -0.06152973, -0.29550618 ],
			"coeffs_54" : [ -0.21186228, -0.22163026, 0.029758239, -0.078528188 ],
			"coeffs_55" : [ -0.17920989, -0.24097463, 0.36107013, -0.14133167 ],
			"coeffs_56" : [ -0.078830041, 0.098107204, 0.02063084, 0.1204328 ],
			"coeffs_57" : [ -0.33387798, 0.17905694, 0.14696047, 0.19129539 ],
			"coeffs_58" : [ -0.048215844, 0.23161387, 0.097291037, 0.03749954 ],
			"coeffs_59" : [ -0.15718161, 0.19827476, -0.28710008, -0.32075924 ],
			"coeffs_60" : [ -0.07939899, -0.076614998, 0.11929425, 0.19943121 ],
			"coeffs_61" : [ 0.0089611085, -0.093736939, -0.059861034, -0.21219747 ],
			"coeffs_62" : [ 0.02349443, 0.10474715, -0.16600092, -0.068956032 ],
			"coeffs_63" : [ 0.1201913, -0.087312587, 0.079902939, -0.078442298 ],
			"intercepts" : [ 0.053363737, -0.21394677, -0.020172941, 0.15550098 ]
		},
		"Layer_2" : {
			"name" : "Hidden_Layer_2",
			"NbInputs" : 4,
			"NbOutputs" : 6 ,
			"coeffs_0" : [ 0.27436236, 0.46136239, 0.5019747, 0.49426383, 0.22290193, -0.56169772 ],
			"coeffs_1" : [ -0.011279199, -0.54360223, 0.27398038, 0.12727092, 0.70678347, 0.366281 ],
			"coeffs_2" : [ 0.73239309, -0.40979761, 0.22653568, 0.43902639, 0.26185772, 0.55907255 ],
			"coeffs_3" : [ -0.35737866, 0.60772848, 0.30933625, 0.7303524, -0.061044484, 0.28307727 ],
			"intercepts" : [ 0.3952288, 0.20440109, 0.4125405, -0.82400835, 0.27022105, 0.52626055 ]
		},
		"Layer_3" : {
			"name" : "Output_Layer",
			"NbInputs" : 6,
			"NbOutputs" : 10 ,
			"coeffs_0" : [ -0.10248397, 0.49561888, -0.042461455, 0.32170126, -0.2653406, -0.073612966, -0.62509269, 0.38062602, 0.27424881, 0.0061101522 ],
			"coeffs_1" : [ 0.13541664, -0.57060629, -0.32867029, -0.11433783, -0.41440436, 0.32038468, -0.075891845, -0.1321858, -0.064185962, 0.38062981 ],
			"coeffs_2" : [ 0.31649563, -0.25940475, 0.38559854, -0.46657538, 0.56349838, -0.11008131, 0.11027014, -0.33554825, -0.29030403, 0.18110819 ],
			"coeffs_3" : [ -0.21492925, 0.5629133, -0.51067972, -0.26824296, 0.31740382, 0.091008231, 0.38157347, 0.40785977, -0.32418269, -0.37111858 ],
			"coeffs_4" : [ -0.46598798, 0.13991724, 0.223511, 0.3107833, -0.12189401, 0.037226852, 0.53248698, -0.41613626, -0.10212877, -0.12029899 ],
			"coeffs_5" : [ -0.0058044, -0.24266428, -0.11249802, -0.11951361, 0.0097475555, 0.19086215, 0.029454501, -0.21900262, -0.089500681, 0.1223 ],
			"intercepts" : [ 0.33672014, -0.16007981, -0.28741425, -0.11599078, -0.29196674, 0.12616932, -0.31746995, 0.042794328, -0.24136174, -0.013738133 ]
		}
	}
}
MODEL_JSON_DUMP_END
MCU_DEPLOY_CLASSIFICATION_CODE MODEL_PREDICT_STEP
MLLITE_AUTO_DEPLOY_DIGITS_ORIGINAL_APPLY_OUTPUT_CLASS  [ 0, 1, 0, 9, 0,  ... , 0, 0, 0, 0, 0 ]
MCU_DEPLOY_CLASSIFICATION_CODE MODEL_PREDICT_PROBA_STEP
MLLITE_AUTO_DEPLOY_DIGITS_ORIGINAL_APPLY_OUTPUT_PROBA 0 [ 0.15044259, 0.08229854, 0.087969139, 0.090421446, 0.08236903, 0.13642102, 0.074659489, 0.088958956, 0.077288345, 0.12917146 ]
MLLITE_AUTO_DEPLOY_DIGITS_ORIGINAL_APPLY_OUTPUT_PROBA 1 [ 6.7860477e-05, 0.98474807, 0.00018495924, 0.00062279671, 0.0052070296, 0.0012471237, 0.00029390902, 0.0073231785, 0.00010885446, 0.00019588684 ]
MLLITE_AUTO_DEPLOY_DIGITS_ORIGINAL_APPLY_OUTPUT_PROBA 2 [ 0.15044259, 0.08229854, 0.087969139, 0.090421446, 0.08236903, 0.13642102, 0.074659489, 0.088958956, 0.077288345, 0.12917146 ]
MLLITE_AUTO_DEPLOY_DIGITS_ORIGINAL_APPLY_OUTPUT_PROBA 3 [ 0.11188118, 0.12727208, 0.098845586, 0.11446682, 0.072960667, 0.13090861, 0.044649869, 0.083326772, 0.08321026, 0.13247812 ]
MLLITE_AUTO_DEPLOY_DIGITS_ORIGINAL_APPLY_OUTPUT_PROBA 4 [ 0.15044259, 0.08229854, 0.087969139, 0.090421446, 0.08236903, 0.13642102, 0.074659489, 0.088958956, 0.077288345, 0.12917146 ]
...
MLLITE_AUTO_DEPLOY_DIGITS_ORIGINAL_APPLY_OUTPUT_PROBA 1792 [ 0.15044259, 0.08229854, 0.087969139, 0.090421446, 0.08236903, 0.13642102, 0.074659489, 0.088958956, 0.077288345, 0.12917146 ]
MLLITE_AUTO_DEPLOY_DIGITS_ORIGINAL_APPLY_OUTPUT_PROBA 1793 [ 0.15044259, 0.08229854, 0.087969139, 0.090421446, 0.08236903, 0.13642102, 0.074659489, 0.088958956, 0.077288345, 0.12917146 ]
MLLITE_AUTO_DEPLOY_DIGITS_ORIGINAL_APPLY_OUTPUT_PROBA 1794 [ 0.15044259, 0.08229854, 0.087969139, 0.090421446, 0.08236903, 0.13642102, 0.074659489, 0.088958956, 0.077288345, 0.12917146 ]
MLLITE_AUTO_DEPLOY_DIGITS_ORIGINAL_APPLY_OUTPUT_PROBA 1795 [ 0.15044259, 0.08229854, 0.087969139, 0.090421446, 0.08236903, 0.13642102, 0.074659489, 0.088958956, 0.077288345, 0.12917146 ]
MLLITE_AUTO_DEPLOY_DIGITS_ORIGINAL_APPLY_OUTPUT_PROBA 1796 [ 0.15044259, 0.08229854, 0.087969139, 0.090421446, 0.08236903, 0.13642102, 0.074659489, 0.088958956, 0.077288345, 0.12917146 ]
MCU_DEPLOY_CLASSIFICATION_CODE MODEL_COMPUTE_PERF_STEP
MLLITE_AUTO_DEPLOY_DIGITS_ORIGINAL_CLASS_PERFS { "count" : 1797, "precision" : 0.2198108,  "AUC" : [ 0.89178365, 0.97934884, 0.83405524, 0.82173401, 0.70845073, 0.87247306, 0.83273619, 0.80663073, 0.78763252, 0.68844223 ] }
This will be printed
MCU_DEPLOY_CLASSIFICATION_CODE ALL_STEPS_OK
MCU_DEPLOY_CLASSIFICATION_CODE done
MLLITE_MCU_TIMER_OPERATION_ELAPSED_SECONDS 'MLLITE.MCU_DEPLOY.CLASSIFICATION.Rosenblatt_MLP.DIGITS_ORIGINAL' 2
MLLITE_MCU_TIMER_OPERATION_END 'MLLITE.MCU_DEPLOY.CLASSIFICATION.Rosenblatt_MLP.DIGITS_ORIGINAL' [ 'Sat Feb  3 23:18:12 2024' ]
MCU_DEPLOY_ON_TARGET_X86_64_END
EXECUTION_TIME_DETAIL = {'CMD':'timeout 180 ./x86_64/classification/x86_64_classification_mlp_digits_original.exe', 'ElapsedTimeSecs':(1.76, 0.00, 1.76), 'MAX_MEM_KB':1920, 'CPU_PRCNT':'100%', 'FILES_IN':0, 'FILES_OUT':24, 'EXIT_STATUS':0}
