MCU_DEPLOY_ON_TARGET_X86_64_START
MLLITE_MCU_TIMER_OPERATION_START 'MLLITE.MCU_DEPLOY.CLASSIFICATION.Friedman_XGB.BREASTCANCER_ORIGINAL' [ 'Tue Jan 23 09:44:22 2024' ]
MLLite starting
MCU_DEPLOY_CLASSIFICATION_CODE step 1
MCU_DEPLOY_CLASSIFICATION_CODE step 2
MCU_DEPLOY_CLASSIFICATION_CODE step 3
MCU_DEPLOY_CLASSIFICATION_MODEL_OPTIONS
{ "base_score" : [ ], "early_stopping_rounds" : 0, "eval_metric" : "", "gamma" : 0, "grow_policy" : 0, "learning_rate" : 0.30000001, "max_bin" : 5, "max_depth" : 6, "max_leaves" : 0, "min_child_weight" : 1, "n_estimators" : 6, "objective" : "reg:squarederror", "reg_alpha" : 0, "reg_lambda" : 1, "tree_method" : "auto" }
MCU_DEPLOY_CLASSIFICATION_CODE step 4
PROGRESS_REPORT_ELAPSED_TOTAL 'XGB_CLASSIFIER_FIT' 1 3
PROGRESS_REPORT_ELAPSED_TOTAL 'XGB_CLASSIFIER_FIT' 2 3
PROGRESS_REPORT_ELAPSED_TOTAL 'XGB_MODEL_FIT' 1 8
PROGRESS_REPORT_ELAPSED_TOTAL 'XGB_MODEL_FIT' 2 8
PROGRESS_REPORT_ELAPSED_TOTAL 'XGB_MODEL_FIT' 3 8
PROGRESS_REPORT_ELAPSED_TOTAL 'XGB_MODEL_FIT' 4 8
PROGRESS_REPORT_ELAPSED_TOTAL 'XGB_MODEL_FIT' 5 8
PROGRESS_REPORT_ELAPSED_TOTAL 'XGB_MODEL_FIT' 6 8
PROGRESS_REPORT_ELAPSED_TOTAL 'XGB_MODEL_FIT' 7 8
PROGRESS_REPORT_ELAPSED_TOTAL 'XGB_MODEL_FIT' 8 8
PROGRESS_REPORT_ELAPSED_TOTAL 'XGB_CLASSIFIER_FIT' 3 3
MCU_DEPLOY_CLASSIFICATION_CODE step 5
TREE_JSON_DUMP_START
{
	"metadata" : { "model" : "Friedman_XGB", "version" : "2024-W03"},
	"options" : { "base_score" : [ ], "early_stopping_rounds" : 0, "eval_metric" : "", "gamma" : 0, "grow_policy" : 0, "learning_rate" : 0.30000001, "max_bin" : 5, "max_depth" : 6, "max_leaves" : 0, "min_child_weight" : 1, "n_estimators" : 6, "objective" : "reg:squarederror", "reg_alpha" : 0, "reg_lambda" : 1, "tree_method" : "auto" },
	"classes" : [ 0, 1 ],
	"booster" : {
		"BaseScore" : [ 0.37258348, 0.62741649 ],
		"Trees" : 6,
		"Tree_0" : {
			"Node_00" : { "leaf_value" : [ ], "parent" : null, "left" : 1, "right" : 2, "svalue" : 105.8, "sindex" : 22 },
			"Node_01" : { "leaf_value" : [ ], "parent" : 0, "left" : 3, "right" : 4, "svalue" : 0.17749999, "sindex" : 27 },
			"Node_02" : { "leaf_value" : [ ], "parent" : 0, "left" : 5, "right" : 6, "svalue" : 0.048349999, "sindex" : 7 },
			"Node_03" : { "leaf_value" : [ ], "parent" : 1, "left" : 7, "right" : 8, "svalue" : 0.1218, "sindex" : 27 },
			"Node_04" : { "leaf_value" : [ 0.25660539, -0.25660539 ], "parent" : 1, "left" : null, "right" : null, "svalue" : 0, "sindex" : 0 },
			"Node_05" : { "leaf_value" : [ ], "parent" : 2, "left" : 9, "right" : 10, "svalue" : 26.76, "sindex" : 21 },
			"Node_06" : { "leaf_value" : [ ], "parent" : 2, "left" : 11, "right" : 12, "svalue" : 20.200001, "sindex" : 21 },
			"Node_07" : { "leaf_value" : [ ], "parent" : 3, "left" : 13, "right" : 14, "svalue" : 0.54610002, "sindex" : 10 },
			"Node_08" : { "leaf_value" : [ ], "parent" : 3, "left" : 15, "right" : 16, "svalue" : 19.969999, "sindex" : 1 },
			"Node_09" : { "leaf_value" : [ ], "parent" : 5, "left" : 17, "right" : 18, "svalue" : 0.3251, "sindex" : 28 },
			"Node_10" : { "leaf_value" : [ ], "parent" : 5, "left" : 19, "right" : 20, "svalue" : 0.01701, "sindex" : 15 },
			"Node_11" : { "leaf_value" : [ ], "parent" : 6, "left" : 21, "right" : 22, "svalue" : 17.059999, "sindex" : 0 },
			"Node_12" : { "leaf_value" : [ ], "parent" : 6, "left" : 23, "right" : 24, "svalue" : 0.2437, "sindex" : 28 },
			"Node_13" : { "leaf_value" : [ -0.26036832, 0.26036838 ], "parent" : 7, "left" : null, "right" : null, "svalue" : 0, "sindex" : 0 },
			"Node_14" : { "leaf_value" : [ ], "parent" : 7, "left" : 25, "right" : 26, "svalue" : 0.059689999, "sindex" : 5 },
			"Node_15" : { "leaf_value" : [ ], "parent" : 8, "left" : 27, "right" : 28, "svalue" : 0.14129999, "sindex" : 5 },
			"Node_16" : { "leaf_value" : [ ], "parent" : 8, "left" : 29, "right" : 30, "svalue" : 0.01454, "sindex" : 18 },
			"Node_17" : { "leaf_value" : [ -0.23448227, 0.23448224 ], "parent" : 9, "left" : null, "right" : null, "svalue" : 0, "sindex" : 0 },
			"Node_18" : { "leaf_value" : [ 0.083617449, -0.083617479 ], "parent" : 9, "left" : null, "right" : null, "svalue" : 0, "sindex" : 0 },
			"Node_19" : { "leaf_value" : [ 0.25031981, -0.25031984 ], "parent" : 10, "left" : null, "right" : null, "svalue" : 0, "sindex" : 0 },
			"Node_20" : { "leaf_value" : [ -0.1988811, 0.19888109 ], "parent" : 10, "left" : null, "right" : null, "svalue" : 0, "sindex" : 0 },
			"Node_21" : { "leaf_value" : [ ], "parent" : 11, "left" : 31, "right" : 32, "svalue" : 0.08399, "sindex" : 7 },
			"Node_22" : { "leaf_value" : [ 0.25660557, -0.25660557 ], "parent" : 11, "left" : null, "right" : null, "svalue" : 0, "sindex" : 0 },
			"Node_23" : { "leaf_value" : [ ], "parent" : 12, "left" : 33, "right" : 34, "svalue" : 19.969999, "sindex" : 1 },
			"Node_24" : { "leaf_value" : [ 0.33927986, -0.33928004 ], "parent" : 12, "left" : null, "right" : null, "svalue" : 0, "sindex" : 0 },
			"Node_25" : { "leaf_value" : [ 0.083617434, -0.083617456 ], "parent" : 14, "left" : null, "right" : null, "svalue" : 0, "sindex" : 0 },
			"Node_26" : { "leaf_value" : [ -0.19888109, 0.1988811 ], "parent" : 14, "left" : null, "right" : null, "svalue" : 0, "sindex" : 0 },
			"Node_27" : { "leaf_value" : [ -0.23250042, 0.23250037 ], "parent" : 15, "left" : null, "right" : null, "svalue" : 0, "sindex" : 0 },
			"Node_28" : { "leaf_value" : [ ], "parent" : 15, "left" : 35, "right" : 36, "svalue" : 0.046379998, "sindex" : 16 },
			"Node_29" : { "leaf_value" : [ 0.20478508, -0.20478509 ], "parent" : 16, "left" : null, "right" : null, "svalue" : 0, "sindex" : 0 },
			"Node_30" : { "leaf_value" : [ -0.015882632, 0.015882591 ], "parent" : 16, "left" : null, "right" : null, "svalue" : 0, "sindex" : 0 },
			"Node_31" : { "leaf_value" : [ -0.1988811, 0.19888109 ], "parent" : 21, "left" : null, "right" : null, "svalue" : 0, "sindex" : 0 },
			"Node_32" : { "leaf_value" : [ 0.083617419, -0.083617464 ], "parent" : 21, "left" : null, "right" : null, "svalue" : 0, "sindex" : 0 },
			"Node_33" : { "leaf_value" : [ -0.15871784, 0.15871781 ], "parent" : 23, "left" : null, "right" : null, "svalue" : 0, "sindex" : 0 },
			"Node_34" : { "leaf_value" : [ 0.29377517, -0.2937752 ], "parent" : 23, "left" : null, "right" : null, "svalue" : 0, "sindex" : 0 },
			"Node_35" : { "leaf_value" : [ 0.083617434, -0.083617456 ], "parent" : 28, "left" : null, "right" : null, "svalue" : 0, "sindex" : 0 },
			"Node_36" : { "leaf_value" : [ -0.17654404, 0.17654401 ], "parent" : 28, "left" : null, "right" : null, "svalue" : 0, "sindex" : 0 }
		},
		"Tree_1" : {
			"Node_00" : { "leaf_value" : [ ], "parent" : null, "left" : 1, "right" : 2, "svalue" : 105.8, "sindex" : 22 },
			"Node_01" : { "leaf_value" : [ ], "parent" : 0, "left" : 3, "right" : 4, "svalue" : 0.17749999, "sindex" : 27 },
			"Node_02" : { "leaf_value" : [ ], "parent" : 0, "left" : 5, "right" : 6, "svalue" : 0.048349999, "sindex" : 7 },
			"Node_03" : { "leaf_value" : [ ], "parent" : 1, "left" : 7, "right" : 8, "svalue" : 0.1218, "sindex" : 27 },
			"Node_04" : { "leaf_value" : [ 0.19855118, -0.19855118 ], "parent" : 1, "left" : null, "right" : null, "svalue" : 0, "sindex" : 0 },
			"Node_05" : { "leaf_value" : [ ], "parent" : 2, "left" : 9, "right" : 10, "svalue" : 0.0096150003, "sindex" : 17 },
			"Node_06" : { "leaf_value" : [ ], "parent" : 2, "left" : 11, "right" : 12, "svalue" : 20.200001, "sindex" : 21 },
			"Node_07" : { "leaf_value" : [ ], "parent" : 3, "left" : 13, "right" : 14, "svalue" : 0.54610002, "sindex" : 10 },
			"Node_08" : { "leaf_value" : [ ], "parent" : 3, "left" : 15, "right" : 16, "svalue" : 19.969999, "sindex" : 1 },
			"Node_09" : { "leaf_value" : [ ], "parent" : 5, "left" : 17, "right" : 18, "svalue" : 17.91, "sindex" : 1 },
			"Node_10" : { "leaf_value" : [ ], "parent" : 5, "left" : 19, "right" : 20, "svalue" : 0.091789998, "sindex" : 4 },
			"Node_11" : { "leaf_value" : [ ], "parent" : 6, "left" : 21, "right" : 22, "svalue" : 0.14910001, "sindex" : 6 },
			"Node_12" : { "leaf_value" : [ ], "parent" : 6, "left" : 23, "right" : 24, "svalue" : 0.2437, "sindex" : 28 },
			"Node_13" : { "leaf_value" : [ ], "parent" : 7, "left" : 25, "right" : 26, "svalue" : 782.09998, "sindex" : 23 },
			"Node_14" : { "leaf_value" : [ ], "parent" : 7, "left" : 27, "right" : 28, "svalue" : 0.0069530001, "sindex" : 14 },
			"Node_15" : { "leaf_value" : [ ], "parent" : 8, "left" : 29, "right" : 30, "svalue" : 0.3251, "sindex" : 28 },
			"Node_16" : { "leaf_value" : [ ], "parent" : 8, "left" : 31, "right" : 32, "svalue" : 14, "sindex" : 20 },
			"Node_17" : { "leaf_value" : [ ], "parent" : 9, "left" : 33, "right" : 34, "svalue" : 0.01701, "sindex" : 15 },
			"Node_18" : { "leaf_value" : [ ], "parent" : 9, "left" : 35, "right" : 36, "svalue" : 0.1126, "sindex" : 24 },
			"Node_19" : { "leaf_value" : [ -0.19715972, 0.19715974 ], "parent" : 10, "left" : null, "right" : null, "svalue" : 0, "sindex" : 0 },
			"Node_20" : { "leaf_value" : [ -0.057696696, 0.057696715 ], "parent" : 10, "left" : null, "right" : null, "svalue" : 0, "sindex" : 0 },
			"Node_21" : { "leaf_value" : [ ], "parent" : 11, "left" : 37, "right" : 38, "svalue" : 0.54610002, "sindex" : 10 },
			"Node_22" : { "leaf_value" : [ 0.21085271, -0.21085273 ], "parent" : 11, "left" : null, "right" : null, "svalue" : 0, "sindex" : 0 },
			"Node_23" : { "leaf_value" : [ ], "parent" : 12, "left" : 39, "right" : 40, "svalue" : 19.969999, "sindex" : 1 },
			"Node_24" : { "leaf_value" : [ 0.24502738, -0.2450276 ], "parent" : 12, "left" : null, "right" : null, "svalue" : 0, "sindex" : 0 },
			"Node_25" : { "leaf_value" : [ -0.21492493, 0.21492489 ], "parent" : 13, "left" : null, "right" : null, "svalue" : 0, "sindex" : 0 },
			"Node_26" : { "leaf_value" : [ ], "parent" : 13, "left" : 41, "right" : 42, "svalue" : 14.06, "sindex" : 0 },
			"Node_27" : { "leaf_value" : [ 0.085937276, -0.085937284 ], "parent" : 14, "left" : null, "right" : null, "svalue" : 0, "sindex" : 0 },
			"Node_28" : { "leaf_value" : [ -0.17517941, 0.17517939 ], "parent" : 14, "left" : null, "right" : null, "svalue" : 0, "sindex" : 0 },
			"Node_29" : { "leaf_value" : [ -0.19375244, 0.19375247 ], "parent" : 15, "left" : null, "right" : null, "svalue" : 0, "sindex" : 0 },
			"Node_30" : { "leaf_value" : [ ], "parent" : 15, "left" : 43, "right" : 44, "svalue" : 16.639999, "sindex" : 13 },
			"Node_31" : { "leaf_value" : [ -0.047999885, 0.0479999 ], "parent" : 16, "left" : null, "right" : null, "svalue" : 0, "sindex" : 0 },
			"Node_32" : { "leaf_value" : [ 0.14172393, -0.1417239 ], "parent" : 16, "left" : null, "right" : null, "svalue" : 0, "sindex" : 0 },
			"Node_33" : { "leaf_value" : [ -0.1642849, 0.1642849 ], "parent" : 17, "left" : null, "right" : null, "svalue" : 0, "sindex" : 0 },
			"Node_34" : { "leaf_value" : [ -0.016550431, 0.016550444 ], "parent" : 17, "left" : null, "right" : null, "svalue" : 0, "sindex" : 0 },
			"Node_35" : { "leaf_value" : [ 0.030375443, -0.030375428 ], "parent" : 18, "left" : null, "right" : null, "svalue" : 0, "sindex" : 0 },
			"Node_36" : { "leaf_value" : [ 0.21810699, -0.21810697 ], "parent" : 18, "left" : null, "right" : null, "svalue" : 0, "sindex" : 0 },
			"Node_37" : { "leaf_value" : [ -0.17517939, 0.17517939 ], "parent" : 21, "left" : null, "right" : null, "svalue" : 0, "sindex" : 0 },
			"Node_38" : { "leaf_value" : [ 0.065220885, -0.065220878 ], "parent" : 21, "left" : null, "right" : null, "svalue" : 0, "sindex" : 0 },
			"Node_39" : { "leaf_value" : [ -0.13619851, 0.13619852 ], "parent" : 23, "left" : null, "right" : null, "svalue" : 0, "sindex" : 0 },
			"Node_40" : { "leaf_value" : [ 0.2198763, -0.21987629 ], "parent" : 23, "left" : null, "right" : null, "svalue" : 0, "sindex" : 0 },
			"Node_41" : { "leaf_value" : [ 0.0070806863, -0.0070807259 ], "parent" : 26, "left" : null, "right" : null, "svalue" : 0, "sindex" : 0 },
			"Node_42" : { "leaf_value" : [ -0.15805389, 0.15805382 ], "parent" : 26, "left" : null, "right" : null, "svalue" : 0, "sindex" : 0 },
			"Node_43" : { "leaf_value" : [ -0.15534228, 0.15534228 ], "parent" : 30, "left" : null, "right" : null, "svalue" : 0, "sindex" : 0 },
			"Node_44" : { "leaf_value" : [ 0.084483005, -0.084483013 ], "parent" : 30, "left" : null, "right" : null, "svalue" : 0, "sindex" : 0 }
		},
		"Tree_2" : {
			"Node_00" : { "leaf_value" : [ ], "parent" : null, "left" : 1, "right" : 2, "svalue" : 0.048349999, "sindex" : 7 },
			"Node_01" : { "leaf_value" : [ ], "parent" : 0, "left" : 3, "right" : 4, "svalue" : 782.09998, "sindex" : 23 },
			"Node_02" : { "leaf_value" : [ ], "parent" : 0, "left" : 5, "right" : 6, "svalue" : 782.09998, "sindex" : 23 },
			"Node_03" : { "leaf_value" : [ ], "parent" : 1, "left" : 7, "right" : 8, "svalue" : 3.767, "sindex" : 12 },
			"Node_04" : { "leaf_value" : [ ], "parent" : 1, "left" : 9, "right" : 10, "svalue" : 26.76, "sindex" : 21 },
			"Node_05" : { "leaf_value" : [ ], "parent" : 2, "left" : 11, "right" : 12, "svalue" : 23.58, "sindex" : 21 },
			"Node_06" : { "leaf_value" : [ ], "parent" : 2, "left" : 13, "right" : 14, "svalue" : 0.1769, "sindex" : 26 },
			"Node_07" : { "leaf_value" : [ ], "parent" : 3, "left" : 15, "right" : 16, "svalue" : 0.36629999, "sindex" : 25 },
			"Node_08" : { "leaf_value" : [ ], "parent" : 3, "left" : 17, "right" : 18, "svalue" : 0.01701, "sindex" : 15 },
			"Node_09" : { "leaf_value" : [ ], "parent" : 4, "left" : 19, "right" : 20, "svalue" : 0.3251, "sindex" : 28 },
			"Node_10" : { "leaf_value" : [ ], "parent" : 4, "left" : 21, "right" : 22, "svalue" : 0.01701, "sindex" : 15 },
			"Node_11" : { "leaf_value" : [ -0.18508337, 0.18508333 ], "parent" : 5, "left" : null, "right" : null, "svalue" : 0, "sindex" : 0 },
			"Node_12" : { "leaf_value" : [ ], "parent" : 5, "left" : 23, "right" : 24, "svalue" : 0.2694, "sindex" : 28 },
			"Node_13" : { "leaf_value" : [ -0.11238781, 0.11238781 ], "parent" : 6, "left" : null, "right" : null, "svalue" : 0, "sindex" : 0 },
			"Node_14" : { "leaf_value" : [ ], "parent" : 6, "left" : 25, "right" : 26, "svalue" : 1.517, "sindex" : 12 },
			"Node_15" : { "leaf_value" : [ -0.1912488, 0.1912488 ], "parent" : 7, "left" : null, "right" : null, "svalue" : 0, "sindex" : 0 },
			"Node_16" : { "leaf_value" : [ ], "parent" : 7, "left" : 27, "right" : 28, "svalue" : 19.969999, "sindex" : 1 },
			"Node_17" : { "leaf_value" : [ 0.086518288, -0.086518295 ], "parent" : 8, "left" : null, "right" : null, "svalue" : 0, "sindex" : 0 },
			"Node_18" : { "leaf_value" : [ -0.12952244, 0.12952243 ], "parent" : 8, "left" : null, "right" : null, "svalue" : 0, "sindex" : 0 },
			"Node_19" : { "leaf_value" : [ -0.18538244, 0.18538244 ], "parent" : 9, "left" : null, "right" : null, "svalue" : 0, "sindex" : 0 },
			"Node_20" : { "leaf_value" : [ 0.077440687, -0.077440627 ], "parent" : 9, "left" : null, "right" : null, "svalue" : 0, "sindex" : 0 },
			"Node_21" : { "leaf_value" : [ ], "parent" : 10, "left" : 29, "right" : 30, "svalue" : 0.1769, "sindex" : 26 },
			"Node_22" : { "leaf_value" : [ -0.14644827, 0.14644827 ], "parent" : 10, "left" : null, "right" : null, "svalue" : 0, "sindex" : 0 },
			"Node_23" : { "leaf_value" : [ ], "parent" : 12, "left" : 31, "right" : 32, "svalue" : 0.28659999, "sindex" : 26 },
			"Node_24" : { "leaf_value" : [ ], "parent" : 12, "left" : 33, "right" : 34, "svalue" : 0.41850001, "sindex" : 26 },
			"Node_25" : { "leaf_value" : [ -0.034252275, 0.03425226 ], "parent" : 14, "left" : null, "right" : null, "svalue" : 0, "sindex" : 0 },
			"Node_26" : { "leaf_value" : [ ], "parent" : 14, "left" : 35, "right" : 36, "svalue" : 0.1218, "sindex" : 27 },
			"Node_27" : { "leaf_value" : [ -0.13981642, 0.13981642 ], "parent" : 16, "left" : null, "right" : null, "svalue" : 0, "sindex" : 0 },
			"Node_28" : { "leaf_value" : [ 0.0032228322, -0.0032228483 ], "parent" : 16, "left" : null, "right" : null, "svalue" : 0, "sindex" : 0 },
			"Node_29" : { "leaf_value" : [ 0.057607923, -0.057607923 ], "parent" : 21, "left" : null, "right" : null, "svalue" : 0, "sindex" : 0 },
			"Node_30" : { "leaf_value" : [ 0.21118601, -0.21118601 ], "parent" : 21, "left" : null, "right" : null, "svalue" : 0, "sindex" : 0 },
			"Node_31" : { "leaf_value" : [ 0.005398849, -0.0053988504 ], "parent" : 23, "left" : null, "right" : null, "svalue" : 0, "sindex" : 0 },
			"Node_32" : { "leaf_value" : [ -0.11226901, 0.11226899 ], "parent" : 23, "left" : null, "right" : null, "svalue" : 0, "sindex" : 0 },
			"Node_33" : { "leaf_value" : [ 0.044217832, -0.044217825 ], "parent" : 24, "left" : null, "right" : null, "svalue" : 0, "sindex" : 0 },
			"Node_34" : { "leaf_value" : [ 0.20033556, -0.20033552 ], "parent" : 24, "left" : null, "right" : null, "svalue" : 0, "sindex" : 0 },
			"Node_35" : { "leaf_value" : [ ], "parent" : 26, "left" : 37, "right" : 38, "svalue" : 19.969999, "sindex" : 1 },
			"Node_36" : { "leaf_value" : [ 0.20708251, -0.20708251 ], "parent" : 26, "left" : null, "right" : null, "svalue" : 0, "sindex" : 0 },
			"Node_37" : { "leaf_value" : [ -0.050513789, 0.050513789 ], "parent" : 35, "left" : null, "right" : null, "svalue" : 0, "sindex" : 0 },
			"Node_38" : { "leaf_value" : [ 0.15234461, -0.15234461 ], "parent" : 35, "left" : null, "right" : null, "svalue" : 0, "sindex" : 0 }
		},
		"Tree_3" : {
			"Node_00" : { "leaf_value" : [ ], "parent" : null, "left" : 1, "right" : 2, "svalue" : 0.048349999, "sindex" : 7 },
			"Node_01" : { "leaf_value" : [ ], "parent" : 0, "left" : 3, "right" : 4, "svalue" : 782.09998, "sindex" : 23 },
			"Node_02" : { "leaf_value" : [ ], "parent" : 0, "left" : 5, "right" : 6, "svalue" : 782.09998, "sindex" : 23 },
			"Node_03" : { "leaf_value" : [ ], "parent" : 1, "left" : 7, "right" : 8, "svalue" : 0.54610002, "sindex" : 10 },
			"Node_04" : { "leaf_value" : [ ], "parent" : 1, "left" : 9, "right" : 10, "svalue" : 19.969999, "sindex" : 1 },
			"Node_05" : { "leaf_value" : [ ], "parent" : 2, "left" : 11, "right" : 12, "svalue" : 23.58, "sindex" : 21 },
			"Node_06" : { "leaf_value" : [ ], "parent" : 2, "left" : 13, "right" : 14, "svalue" : 0.1769, "sindex" : 26 },
			"Node_07" : { "leaf_value" : [ ], "parent" : 3, "left" : 15, "right" : 16, "svalue" : 22.440001, "sindex" : 1 },
			"Node_08" : { "leaf_value" : [ ], "parent" : 3, "left" : 17, "right" : 18, "svalue" : 0.091789998, "sindex" : 4 },
			"Node_09" : { "leaf_value" : [ ], "parent" : 4, "left" : 19, "right" : 20, "svalue" : 26.76, "sindex" : 21 },
			"Node_10" : { "leaf_value" : [ ], "parent" : 4, "left" : 21, "right" : 22, "svalue" : 0.01701, "sindex" : 15 },
			"Node_11" : { "leaf_value" : [ -0.16520561, 0.16520561 ], "parent" : 5, "left" : null, "right" : null, "svalue" : 0, "sindex" : 0 },
			"Node_12" : { "leaf_value" : [ ], "parent" : 5, "left" : 23, "right" : 24, "svalue" : 0.2694, "sindex" : 28 },
			"Node_13" : { "leaf_value" : [ -0.10078142, 0.1007814 ], "parent" : 6, "left" : null, "right" : null, "svalue" : 0, "sindex" : 0 },
			"Node_14" : { "leaf_value" : [ ], "parent" : 6, "left" : 25, "right" : 26, "svalue" : 20.200001, "sindex" : 21 },
			"Node_15" : { "leaf_value" : [ -0.17931336, 0.17931336 ], "parent" : 7, "left" : null, "right" : null, "svalue" : 0, "sindex" : 0 },
			"Node_16" : { "leaf_value" : [ ], "parent" : 7, "left" : 27, "right" : 28, "svalue" : 0.13770001, "sindex" : 24 },
			"Node_17" : { "leaf_value" : [ -0.12242698, 0.122427 ], "parent" : 8, "left" : null, "right" : null, "svalue" : 0, "sindex" : 0 },
			"Node_18" : { "leaf_value" : [ 0.083962552, -0.083962552 ], "parent" : 8, "left" : null, "right" : null, "svalue" : 0, "sindex" : 0 },
			"Node_19" : { "leaf_value" : [ ], "parent" : 9, "left" : 29, "right" : 30, "svalue" : 0.083209999, "sindex" : 29 },
			"Node_20" : { "leaf_value" : [ 0.03313189, -0.033131938 ], "parent" : 9, "left" : null, "right" : null, "svalue" : 0, "sindex" : 0 },
			"Node_21" : { "leaf_value" : [ ], "parent" : 10, "left" : 31, "right" : 32, "svalue" : 0.069689997, "sindex" : 29 },
			"Node_22" : { "leaf_value" : [ -0.10700259, 0.1070026 ], "parent" : 10, "left" : null, "right" : null, "svalue" : 0, "sindex" : 0 },
			"Node_23" : { "leaf_value" : [ ], "parent" : 12, "left" : 33, "right" : 34, "svalue" : 0.14129999, "sindex" : 5 },
			"Node_24" : { "leaf_value" : [ ], "parent" : 12, "left" : 35, "right" : 36, "svalue" : 0.15000001, "sindex" : 24 },
			"Node_25" : { "leaf_value" : [ ], "parent" : 14, "left" : 37, "right" : 38, "svalue" : 0.08399, "sindex" : 7 },
			"Node_26" : { "leaf_value" : [ 0.18475385, -0.18475384 ], "parent" : 14, "left" : null, "right" : null, "svalue" : 0, "sindex" : 0 },
			"Node_27" : { "leaf_value" : [ -0.16232058, 0.16232064 ], "parent" : 16, "left" : null, "right" : null, "svalue" : 0, "sindex" : 0 },
			"Node_28" : { "leaf_value" : [ ], "parent" : 16, "left" : 39, "right" : 40, "svalue" : 0.1088, "sindex" : 5 },
			"Node_29" : { "leaf_value" : [ -0.16879551, 0.16879553 ], "parent" : 19, "left" : null, "right" : null, "svalue" : 0, "sindex" : 0 },
			"Node_30" : { "leaf_value" : [ -0.031636506, 0.031636506 ], "parent" : 19, "left" : null, "right" : null, "svalue" : 0, "sindex" : 0 },
			"Node_31" : { "leaf_value" : [ 0.016494339, -0.016494343 ], "parent" : 21, "left" : null, "right" : null, "svalue" : 0, "sindex" : 0 },
			"Node_32" : { "leaf_value" : [ 0.18690556, -0.18690553 ], "parent" : 21, "left" : null, "right" : null, "svalue" : 0, "sindex" : 0 },
			"Node_33" : { "leaf_value" : [ 0.0077913236, -0.0077913194 ], "parent" : 23, "left" : null, "right" : null, "svalue" : 0, "sindex" : 0 },
			"Node_34" : { "leaf_value" : [ -0.10280065, 0.10280064 ], "parent" : 23, "left" : null, "right" : null, "svalue" : 0, "sindex" : 0 },
			"Node_35" : { "leaf_value" : [ 0.042444624, -0.042444631 ], "parent" : 24, "left" : null, "right" : null, "svalue" : 0, "sindex" : 0 },
			"Node_36" : { "leaf_value" : [ 0.17693514, -0.17693512 ], "parent" : 24, "left" : null, "right" : null, "svalue" : 0, "sindex" : 0 },
			"Node_37" : { "leaf_value" : [ -0.087730922, 0.087730937 ], "parent" : 25, "left" : null, "right" : null, "svalue" : 0, "sindex" : 0 },
			"Node_38" : { "leaf_value" : [ 0.15423629, -0.15423627 ], "parent" : 25, "left" : null, "right" : null, "svalue" : 0, "sindex" : 0 },
			"Node_39" : { "leaf_value" : [ 0.045314129, -0.045314088 ], "parent" : 28, "left" : null, "right" : null, "svalue" : 0, "sindex" : 0 },
			"Node_40" : { "leaf_value" : [ 0.0016194636, -0.0016194716 ], "parent" : 28, "left" : null, "right" : null, "svalue" : 0, "sindex" : 0 }
		},
		"Tree_4" : {
			"Node_00" : { "leaf_value" : [ ], "parent" : null, "left" : 1, "right" : 2, "svalue" : 0.048349999, "sindex" : 7 },
			"Node_01" : { "leaf_value" : [ ], "parent" : 0, "left" : 3, "right" : 4, "svalue" : 782.09998, "sindex" : 23 },
			"Node_02" : { "leaf_value" : [ ], "parent" : 0, "left" : 5, "right" : 6, "svalue" : 23.58, "sindex" : 21 },
			"Node_03" : { "leaf_value" : [ ], "parent" : 1, "left" : 7, "right" : 8, "svalue" : 3.767, "sindex" : 12 },
			"Node_04" : { "leaf_value" : [ ], "parent" : 1, "left" : 9, "right" : 10, "svalue" : 19.969999, "sindex" : 1 },
			"Node_05" : { "leaf_value" : [ ], "parent" : 2, "left" : 11, "right" : 12, "svalue" : 782.09998, "sindex" : 23 },
			"Node_06" : { "leaf_value" : [ ], "parent" : 2, "left" : 13, "right" : 14, "svalue" : 0.1218, "sindex" : 27 },
			"Node_07" : { "leaf_value" : [ ], "parent" : 3, "left" : 15, "right" : 16, "svalue" : 0.36629999, "sindex" : 25 },
			"Node_08" : { "leaf_value" : [ ], "parent" : 3, "left" : 17, "right" : 18, "svalue" : 0.01701, "sindex" : 15 },
			"Node_09" : { "leaf_value" : [ ], "parent" : 4, "left" : 19, "right" : 20, "svalue" : 26.76, "sindex" : 21 },
			"Node_10" : { "leaf_value" : [ ], "parent" : 4, "left" : 21, "right" : 22, "svalue" : 0.0096150003, "sindex" : 17 },
			"Node_11" : { "leaf_value" : [ -0.15054308, 0.15054308 ], "parent" : 5, "left" : null, "right" : null, "svalue" : 0, "sindex" : 0 },
			"Node_12" : { "leaf_value" : [ ], "parent" : 5, "left" : 23, "right" : 24, "svalue" : 0.08399, "sindex" : 7 },
			"Node_13" : { "leaf_value" : [ ], "parent" : 6, "left" : 25, "right" : 26, "svalue" : 54.040001, "sindex" : 13 },
			"Node_14" : { "leaf_value" : [ ], "parent" : 6, "left" : 27, "right" : 28, "svalue" : 599.5, "sindex" : 23 },
			"Node_15" : { "leaf_value" : [ -0.16534652, 0.16534646 ], "parent" : 7, "left" : null, "right" : null, "svalue" : 0, "sindex" : 0 },
			"Node_16" : { "leaf_value" : [ ], "parent" : 7, "left" : 29, "right" : 30, "svalue" : 1.5599999, "sindex" : 11 },
			"Node_17" : { "leaf_value" : [ 0.068852082, -0.068852074 ], "parent" : 8, "left" : null, "right" : null, "svalue" : 0, "sindex" : 0 },
			"Node_18" : { "leaf_value" : [ -0.10675794, 0.10675793 ], "parent" : 8, "left" : null, "right" : null, "svalue" : 0, "sindex" : 0 },
			"Node_19" : { "leaf_value" : [ ], "parent" : 9, "left" : 31, "right" : 32, "svalue" : 0.28659999, "sindex" : 26 },
			"Node_20" : { "leaf_value" : [ 0.0267104, -0.026710428 ], "parent" : 9, "left" : null, "right" : null, "svalue" : 0, "sindex" : 0 },
			"Node_21" : { "leaf_value" : [ 0.14703012, -0.14703009 ], "parent" : 10, "left" : null, "right" : null, "svalue" : 0, "sindex" : 0 },
			"Node_22" : { "leaf_value" : [ -0.080112189, 0.080112174 ], "parent" : 10, "left" : null, "right" : null, "svalue" : 0, "sindex" : 0 },
			"Node_23" : { "leaf_value" : [ ], "parent" : 12, "left" : 33, "right" : 34, "svalue" : 17.059999, "sindex" : 0 },
			"Node_24" : { "leaf_value" : [ 0.15343027, -0.15343028 ], "parent" : 12, "left" : null, "right" : null, "svalue" : 0, "sindex" : 0 },
			"Node_25" : { "leaf_value" : [ -0.0930034, 0.093003407 ], "parent" : 13, "left" : null, "right" : null, "svalue" : 0, "sindex" : 0 },
			"Node_26" : { "leaf_value" : [ 0.11959024, -0.11959024 ], "parent" : 13, "left" : null, "right" : null, "svalue" : 0, "sindex" : 0 },
			"Node_27" : { "leaf_value" : [ ], "parent" : 14, "left" : 35, "right" : 36, "svalue" : 0.00483, "sindex" : 19 },
			"Node_28" : { "leaf_value" : [ ], "parent" : 14, "left" : 37, "right" : 38, "svalue" : 0.1126, "sindex" : 24 },
			"Node_29" : { "leaf_value" : [ -0.10822053, 0.10822053 ], "parent" : 16, "left" : null, "right" : null, "svalue" : 0, "sindex" : 0 },
			"Node_30" : { "leaf_value" : [ 0.024210818, -0.024210824 ], "parent" : 16, "left" : null, "right" : null, "svalue" : 0, "sindex" : 0 },
			"Node_31" : { "leaf_value" : [ -0.15303299, 0.15303299 ], "parent" : 19, "left" : null, "right" : null, "svalue" : 0, "sindex" : 0 },
			"Node_32" : { "leaf_value" : [ -0.02464181, 0.02464181 ], "parent" : 19, "left" : null, "right" : null, "svalue" : 0, "sindex" : 0 },
			"Node_33" : { "leaf_value" : [ ], "parent" : 23, "left" : 39, "right" : 40, "svalue" : 0.13770001, "sindex" : 24 },
			"Node_34" : { "leaf_value" : [ 0.1088684, -0.10886839 ], "parent" : 23, "left" : null, "right" : null, "svalue" : 0, "sindex" : 0 },
			"Node_35" : { "leaf_value" : [ 0.11368861, -0.11368862 ], "parent" : 27, "left" : null, "right" : null, "svalue" : 0, "sindex" : 0 },
			"Node_36" : { "leaf_value" : [ -0.041270342, 0.041270345 ], "parent" : 27, "left" : null, "right" : null, "svalue" : 0, "sindex" : 0 },
			"Node_37" : { "leaf_value" : [ 0.034699734, -0.034699712 ], "parent" : 28, "left" : null, "right" : null, "svalue" : 0, "sindex" : 0 },
			"Node_38" : { "leaf_value" : [ ], "parent" : 28, "left" : 41, "right" : 42, "svalue" : 1.517, "sindex" : 12 },
			"Node_39" : { "leaf_value" : [ -0.14133179, 0.14133179 ], "parent" : 33, "left" : null, "right" : null, "svalue" : 0, "sindex" : 0 },
			"Node_40" : { "leaf_value" : [ 0.033937342, -0.033937309 ], "parent" : 33, "left" : null, "right" : null, "svalue" : 0, "sindex" : 0 },
			"Node_41" : { "leaf_value" : [ 0.044339962, -0.044339955 ], "parent" : 38, "left" : null, "right" : null, "svalue" : 0, "sindex" : 0 },
			"Node_42" : { "leaf_value" : [ 0.17651545, -0.17651531 ], "parent" : 38, "left" : null, "right" : null, "svalue" : 0, "sindex" : 0 }
		},
		"Tree_5" : {
			"Node_00" : { "leaf_value" : [ ], "parent" : null, "left" : 1, "right" : 2, "svalue" : 0.048349999, "sindex" : 7 },
			"Node_01" : { "leaf_value" : [ ], "parent" : 0, "left" : 3, "right" : 4, "svalue" : 782.09998, "sindex" : 23 },
			"Node_02" : { "leaf_value" : [ ], "parent" : 0, "left" : 5, "right" : 6, "svalue" : 782.09998, "sindex" : 23 },
			"Node_03" : { "leaf_value" : [ ], "parent" : 1, "left" : 7, "right" : 8, "svalue" : 0.54610002, "sindex" : 10 },
			"Node_04" : { "leaf_value" : [ ], "parent" : 1, "left" : 9, "right" : 10, "svalue" : 0.0096150003, "sindex" : 17 },
			"Node_05" : { "leaf_value" : [ ], "parent" : 2, "left" : 11, "right" : 12, "svalue" : 26.76, "sindex" : 21 },
			"Node_06" : { "leaf_value" : [ ], "parent" : 2, "left" : 13, "right" : 14, "svalue" : 0.08625, "sindex" : 6 },
			"Node_07" : { "leaf_value" : [ ], "parent" : 3, "left" : 15, "right" : 16, "svalue" : 22.440001, "sindex" : 1 },
			"Node_08" : { "leaf_value" : [ ], "parent" : 3, "left" : 17, "right" : 18, "svalue" : 0.059689999, "sindex" : 5 },
			"Node_09" : { "leaf_value" : [ ], "parent" : 4, "left" : 19, "right" : 20, "svalue" : 26.76, "sindex" : 21 },
			"Node_10" : { "leaf_value" : [ ], "parent" : 4, "left" : 21, "right" : 22, "svalue" : 0.005841, "sindex" : 14 },
			"Node_11" : { "leaf_value" : [ ], "parent" : 5, "left" : 23, "right" : 24, "svalue" : 0.3251, "sindex" : 28 },
			"Node_12" : { "leaf_value" : [ ], "parent" : 5, "left" : 25, "right" : 26, "svalue" : 1.517, "sindex" : 12 },
			"Node_13" : { "leaf_value" : [ ], "parent" : 6, "left" : 27, "right" : 28, "svalue" : 0.091789998, "sindex" : 4 },
			"Node_14" : { "leaf_value" : [ ], "parent" : 6, "left" : 29, "right" : 30, "svalue" : 15.66, "sindex" : 1 },
			"Node_15" : { "leaf_value" : [ -0.16263118, 0.16263106 ], "parent" : 7, "left" : null, "right" : null, "svalue" : 0, "sindex" : 0 },
			"Node_16" : { "leaf_value" : [ ], "parent" : 7, "left" : 31, "right" : 32, "svalue" : 0.13770001, "sindex" : 24 },
			"Node_17" : { "leaf_value" : [ 0.070526414, -0.070526421 ], "parent" : 8, "left" : null, "right" : null, "svalue" : 0, "sindex" : 0 },
			"Node_18" : { "leaf_value" : [ -0.10394987, 0.10394988 ], "parent" : 8, "left" : null, "right" : null, "svalue" : 0, "sindex" : 0 },
			"Node_19" : { "leaf_value" : [ ], "parent" : 9, "left" : 33, "right" : 34, "svalue" : 0.25150001, "sindex" : 25 },
			"Node_20" : { "leaf_value" : [ ], "parent" : 9, "left" : 35, "right" : 36, "svalue" : 0.0020600001, "sindex" : 19 },
			"Node_21" : { "leaf_value" : [ -0.14622247, 0.14622247 ], "parent" : 10, "left" : null, "right" : null, "svalue" : 0, "sindex" : 0 },
			"Node_22" : { "leaf_value" : [ -0.014758219, 0.014758219 ], "parent" : 10, "left" : null, "right" : null, "svalue" : 0, "sindex" : 0 },
			"Node_23" : { "leaf_value" : [ -0.13885134, 0.13885134 ], "parent" : 11, "left" : null, "right" : null, "svalue" : 0, "sindex" : 0 },
			"Node_24" : { "leaf_value" : [ 0.039316375, -0.039316375 ], "parent" : 11, "left" : null, "right" : null, "svalue" : 0, "sindex" : 0 },
			"Node_25" : { "leaf_value" : [ -0.025669349, 0.025669338 ], "parent" : 12, "left" : null, "right" : null, "svalue" : 0, "sindex" : 0 },
			"Node_26" : { "leaf_value" : [ 0.1522463, -0.15224633 ], "parent" : 12, "left" : null, "right" : null, "svalue" : 0, "sindex" : 0 },
			"Node_27" : { "leaf_value" : [ 0.089151084, -0.089151084 ], "parent" : 13, "left" : null, "right" : null, "svalue" : 0, "sindex" : 0 },
			"Node_28" : { "leaf_value" : [ -0.056164615, 0.056164622 ], "parent" : 13, "left" : null, "right" : null, "svalue" : 0, "sindex" : 0 },
			"Node_29" : { "leaf_value" : [ ], "parent" : 14, "left" : 37, "right" : 38, "svalue" : 0.14910001, "sindex" : 6 },
			"Node_30" : { "leaf_value" : [ 0.16587146, -0.16587146 ], "parent" : 14, "left" : null, "right" : null, "svalue" : 0, "sindex" : 0 },
			"Node_31" : { "leaf_value" : [ -0.14007854, 0.14007857 ], "parent" : 16, "left" : null, "right" : null, "svalue" : 0, "sindex" : 0 },
			"Node_32" : { "leaf_value" : [ 0.054306164, -0.054306164 ], "parent" : 16, "left" : null, "right" : null, "svalue" : 0, "sindex" : 0 },
			"Node_33" : { "leaf_value" : [ -0.13055339, 0.13055341 ], "parent" : 19, "left" : null, "right" : null, "svalue" : 0, "sindex" : 0 },
			"Node_34" : { "leaf_value" : [ 0.087738566, -0.087738544 ], "parent" : 19, "left" : null, "right" : null, "svalue" : 0, "sindex" : 0 },
			"Node_35" : { "leaf_value" : [ 0.15239628, -0.15239628 ], "parent" : 20, "left" : null, "right" : null, "svalue" : 0, "sindex" : 0 },
			"Node_36" : { "leaf_value" : [ -0.0061553908, 0.0061553633 ], "parent" : 20, "left" : null, "right" : null, "svalue" : 0, "sindex" : 0 },
			"Node_37" : { "leaf_value" : [ -0.032416616, 0.03241659 ], "parent" : 29, "left" : null, "right" : null, "svalue" : 0, "sindex" : 0 },
			"Node_38" : { "leaf_value" : [ 0.11034141, -0.11034144 ], "parent" : 29, "left" : null, "right" : null, "svalue" : 0, "sindex" : 0 }
		}
	}
}
TREE_JSON_DUMP_END
MCU_DEPLOY_CLASSIFICATION_CODE step 6
MCU_DEPLOY_CLASSIFICATION_CODE step 7
MLLITE_AUTO_DEPLOY_BREASTCANCER_ORIGINAL_APPLY_OUTPUT_CLASS  [ 0, 0, 0, 0, 0,  ... , 0, 0, 0, 0, 1 ]
MLLITE_AUTO_DEPLOY_BREASTCANCER_ORIGINAL_APPLY_OUTPUT_PROBA 0 [ 0.87327868, 0.12672129 ]
MLLITE_AUTO_DEPLOY_BREASTCANCER_ORIGINAL_APPLY_OUTPUT_PROBA 1 [ 0.90438575, 0.095614232 ]
MLLITE_AUTO_DEPLOY_BREASTCANCER_ORIGINAL_APPLY_OUTPUT_PROBA 2 [ 0.91546208, 0.084537961 ]
MLLITE_AUTO_DEPLOY_BREASTCANCER_ORIGINAL_APPLY_OUTPUT_PROBA 3 [ 0.80315226, 0.19684777 ]
MLLITE_AUTO_DEPLOY_BREASTCANCER_ORIGINAL_APPLY_OUTPUT_PROBA 4 [ 0.87327868, 0.12672129 ]
...
MLLITE_AUTO_DEPLOY_BREASTCANCER_ORIGINAL_APPLY_OUTPUT_PROBA 564 [ 0.90386409, 0.096135862 ]
MLLITE_AUTO_DEPLOY_BREASTCANCER_ORIGINAL_APPLY_OUTPUT_PROBA 565 [ 0.91546208, 0.084537961 ]
MLLITE_AUTO_DEPLOY_BREASTCANCER_ORIGINAL_APPLY_OUTPUT_PROBA 566 [ 0.90386409, 0.096135862 ]
MLLITE_AUTO_DEPLOY_BREASTCANCER_ORIGINAL_APPLY_OUTPUT_PROBA 567 [ 0.91546208, 0.084537961 ]
MLLITE_AUTO_DEPLOY_BREASTCANCER_ORIGINAL_APPLY_OUTPUT_PROBA 568 [ 0.074233361, 0.92576653 ]
MLLITE_AUTO_DEPLOY_BREASTCANCER_ORIGINAL_CLASS_PERFS { "count" : 569, "precision" : 0.99824256,  "AUC" : [ 0.99963003, 0.99963003 ] }
This will be printed
MCU_DEPLOY_CLASSIFICATION_CODE step 8
MCU_DEPLOY_CLASSIFICATION_CODE done
MLLITE_MCU_TIMER_OPERATION_ELAPSED_SECONDS 'MLLITE.MCU_DEPLOY.CLASSIFICATION.Friedman_XGB.BREASTCANCER_ORIGINAL' 0
MLLITE_MCU_TIMER_OPERATION_END 'MLLITE.MCU_DEPLOY.CLASSIFICATION.Friedman_XGB.BREASTCANCER_ORIGINAL' [ 'Tue Jan 23 09:44:22 2024' ]
MCU_DEPLOY_ON_TARGET_X86_64_END
