MCU_DEPLOY_ON_TARGET_X86_64_START
MLLITE_MCU_TIMER_OPERATION_START 'MLLITE.MCU_DEPLOY.CLASSIFICATION.Friedman_XGB.CENSUS_ORIGINAL' [ 'Tue Jan 23 09:44:22 2024' ]
MLLite starting
MCU_DEPLOY_CLASSIFICATION_CODE step 1
MCU_DEPLOY_CLASSIFICATION_CODE step 2
MCU_DEPLOY_CLASSIFICATION_CODE step 3
MCU_DEPLOY_CLASSIFICATION_MODEL_OPTIONS
{ "base_score" : [ ], "early_stopping_rounds" : 0, "eval_metric" : "", "gamma" : 0, "grow_policy" : 0, "learning_rate" : 0.30000001, "max_bin" : 5, "max_depth" : 6, "max_leaves" : 0, "min_child_weight" : 1, "n_estimators" : 6, "objective" : "reg:squarederror", "reg_alpha" : 0, "reg_lambda" : 1, "tree_method" : "auto" }
MCU_DEPLOY_CLASSIFICATION_CODE step 4
PROGRESS_REPORT_ELAPSED_TOTAL 'XGB_CLASSIFIER_FIT' 1 3
PROGRESS_REPORT_ELAPSED_TOTAL 'XGB_CLASSIFIER_FIT' 2 3
PROGRESS_REPORT_ELAPSED_TOTAL 'XGB_MODEL_FIT' 1 8
PROGRESS_REPORT_ELAPSED_TOTAL 'XGB_MODEL_FIT' 2 8
PROGRESS_REPORT_ELAPSED_TOTAL 'XGB_MODEL_FIT' 3 8
PROGRESS_REPORT_ELAPSED_TOTAL 'XGB_MODEL_FIT' 4 8
PROGRESS_REPORT_ELAPSED_TOTAL 'XGB_MODEL_FIT' 5 8
PROGRESS_REPORT_ELAPSED_TOTAL 'XGB_MODEL_FIT' 6 8
PROGRESS_REPORT_ELAPSED_TOTAL 'XGB_MODEL_FIT' 7 8
PROGRESS_REPORT_ELAPSED_TOTAL 'XGB_MODEL_FIT' 8 8
PROGRESS_REPORT_ELAPSED_TOTAL 'XGB_CLASSIFIER_FIT' 3 3
MCU_DEPLOY_CLASSIFICATION_CODE step 5
TREE_JSON_DUMP_START
{
	"metadata" : { "model" : "Friedman_XGB", "version" : "2024-W03"},
	"options" : { "base_score" : [ ], "early_stopping_rounds" : 0, "eval_metric" : "", "gamma" : 0, "grow_policy" : 0, "learning_rate" : 0.30000001, "max_bin" : 5, "max_depth" : 6, "max_leaves" : 0, "min_child_weight" : 1, "n_estimators" : 6, "objective" : "reg:squarederror", "reg_alpha" : 0, "reg_lambda" : 1, "tree_method" : "auto" },
	"classes" : [ "<=50K", ">50K" ],
	"booster" : {
		"BaseScore" : [ 0.76071823, 0.23928176 ],
		"Trees" : 6,
		"Tree_0" : {
			"Node_00" : { "leaf_value" : [ ], "parent" : null, "left" : 1, "right" : 2, "svalue" : 13, "sindex" : 4 },
			"Node_01" : { "leaf_value" : [ ], "parent" : 0, "left" : 3, "right" : 4, "svalue" : 2, "sindex" : 0 },
			"Node_02" : { "leaf_value" : [ ], "parent" : 0, "left" : 5, "right" : 6, "svalue" : 2, "sindex" : 0 },
			"Node_03" : { "leaf_value" : [ ], "parent" : 1, "left" : 7, "right" : 8, "svalue" : 1, "sindex" : 0 },
			"Node_04" : { "leaf_value" : [ ], "parent" : 1, "left" : 9, "right" : 10, "svalue" : 4, "sindex" : 10 },
			"Node_05" : { "leaf_value" : [ ], "parent" : 2, "left" : 11, "right" : 12, "svalue" : 1, "sindex" : 0 },
			"Node_06" : { "leaf_value" : [ ], "parent" : 2, "left" : 13, "right" : 14, "svalue" : 4, "sindex" : 10 },
			"Node_07" : { "leaf_value" : [ ], "parent" : 3, "left" : 15, "right" : 16, "svalue" : 4, "sindex" : 10 },
			"Node_08" : { "leaf_value" : [ ], "parent" : 3, "left" : 17, "right" : 18, "svalue" : 4, "sindex" : 10 },
			"Node_09" : { "leaf_value" : [ ], "parent" : 4, "left" : 19, "right" : 20, "svalue" : 2, "sindex" : 12 },
			"Node_10" : { "leaf_value" : [ -0.37749359, 0.37749359 ], "parent" : 4, "left" : null, "right" : null, "svalue" : 0, "sindex" : 0 },
			"Node_11" : { "leaf_value" : [ ], "parent" : 5, "left" : 21, "right" : 22, "svalue" : 4, "sindex" : 10 },
			"Node_12" : { "leaf_value" : [ ], "parent" : 5, "left" : 23, "right" : 24, "svalue" : 4, "sindex" : 10 },
			"Node_13" : { "leaf_value" : [ ], "parent" : 6, "left" : 25, "right" : 26, "svalue" : 2, "sindex" : 12 },
			"Node_14" : { "leaf_value" : [ -0.39942393, 0.39942393 ], "parent" : 6, "left" : null, "right" : null, "svalue" : 0, "sindex" : 0 },
			"Node_15" : { "leaf_value" : [ ], "parent" : 7, "left" : 27, "right" : 28, "svalue" : 3, "sindex" : 12 },
			"Node_16" : { "leaf_value" : [ ], "parent" : 7, "left" : 29, "right" : 30, "svalue" : 2, "sindex" : 12 },
			"Node_17" : { "leaf_value" : [ ], "parent" : 8, "left" : 31, "right" : 32, "svalue" : 3, "sindex" : 12 },
			"Node_18" : { "leaf_value" : [ ], "parent" : 8, "left" : 33, "right" : 34, "svalue" : 2, "sindex" : 12 },
			"Node_19" : { "leaf_value" : [ ], "parent" : 9, "left" : 35, "right" : 36, "svalue" : 10, "sindex" : 4 },
			"Node_20" : { "leaf_value" : [ ], "parent" : 9, "left" : 37, "right" : 38, "svalue" : 9, "sindex" : 4 },
			"Node_21" : { "leaf_value" : [ ], "parent" : 11, "left" : 39, "right" : 40, "svalue" : 4, "sindex" : 11 },
			"Node_22" : { "leaf_value" : [ -0.30841926, 0.30841926 ], "parent" : 11, "left" : null, "right" : null, "svalue" : 0, "sindex" : 0 },
			"Node_23" : { "leaf_value" : [ ], "parent" : 12, "left" : 41, "right" : 42, "svalue" : 3, "sindex" : 12 },
			"Node_24" : { "leaf_value" : [ -0.39512095, 0.39512095 ], "parent" : 12, "left" : null, "right" : null, "svalue" : 0, "sindex" : 0 },
			"Node_25" : { "leaf_value" : [ ], "parent" : 13, "left" : 43, "right" : 44, "svalue" : 4, "sindex" : 11 },
			"Node_26" : { "leaf_value" : [ ], "parent" : 13, "left" : 45, "right" : 46, "svalue" : 3, "sindex" : 12 },
			"Node_27" : { "leaf_value" : [ ], "parent" : 15, "left" : 47, "right" : 48, "svalue" : 4, "sindex" : 11 },
			"Node_28" : { "leaf_value" : [ 0.20674579, -0.20674579 ], "parent" : 15, "left" : null, "right" : null, "svalue" : 0, "sindex" : 0 },
			"Node_29" : { "leaf_value" : [ ], "parent" : 16, "left" : 49, "right" : 50, "svalue" : 260254, "sindex" : 2 },
			"Node_30" : { "leaf_value" : [ -0.34174857, 0.34174857 ], "parent" : 16, "left" : null, "right" : null, "svalue" : 0, "sindex" : 0 },
			"Node_31" : { "leaf_value" : [ ], "parent" : 17, "left" : 51, "right" : 52, "svalue" : 10, "sindex" : 4 },
			"Node_32" : { "leaf_value" : [ ], "parent" : 17, "left" : 53, "right" : 54, "svalue" : 9, "sindex" : 4 },
			"Node_33" : { "leaf_value" : [ -0.11019214, 0.11019214 ], "parent" : 18, "left" : null, "right" : null, "svalue" : 0, "sindex" : 0 },
			"Node_34" : { "leaf_value" : [ -0.38513842, 0.38513842 ], "parent" : 18, "left" : null, "right" : null, "svalue" : 0, "sindex" : 0 },
			"Node_35" : { "leaf_value" : [ ], "parent" : 19, "left" : 55, "right" : 56, "svalue" : 4, "sindex" : 11 },
			"Node_36" : { "leaf_value" : [ ], "parent" : 19, "left" : 57, "right" : 58, "svalue" : 4, "sindex" : 11 },
			"Node_37" : { "leaf_value" : [ ], "parent" : 20, "left" : 59, "right" : 60, "svalue" : 3, "sindex" : 12 },
			"Node_38" : { "leaf_value" : [ ], "parent" : 20, "left" : 61, "right" : 62, "svalue" : 3, "sindex" : 12 },
			"Node_39" : { "leaf_value" : [ ], "parent" : 21, "left" : 63, "right" : 64, "svalue" : 3, "sindex" : 12 },
			"Node_40" : { "leaf_value" : [ -0.10224025, 0.10224025 ], "parent" : 21, "left" : null, "right" : null, "svalue" : 0, "sindex" : 0 },
			"Node_41" : { "leaf_value" : [ ], "parent" : 23, "left" : 65, "right" : 66, "svalue" : 2, "sindex" : 12 },
			"Node_42" : { "leaf_value" : [ ], "parent" : 23, "left" : 67, "right" : 68, "svalue" : 106069, "sindex" : 2 },
			"Node_43" : { "leaf_value" : [ ], "parent" : 25, "left" : 69, "right" : 70, "svalue" : 4, "sindex" : 0 },
			"Node_44" : { "leaf_value" : [ -0.22241417, 0.22241417 ], "parent" : 25, "left" : null, "right" : null, "svalue" : 0, "sindex" : 0 },
			"Node_45" : { "leaf_value" : [ ], "parent" : 26, "left" : 71, "right" : 72, "svalue" : 16, "sindex" : 4 },
			"Node_46" : { "leaf_value" : [ ], "parent" : 26, "left" : 73, "right" : 74, "svalue" : 4, "sindex" : 11 },
			"Node_47" : { "leaf_value" : [ 0.2337151, -0.2337151 ], "parent" : 27, "left" : null, "right" : null, "svalue" : 0, "sindex" : 0 },
			"Node_48" : { "leaf_value" : [ 0.10472449, -0.10472449 ], "parent" : 27, "left" : null, "right" : null, "svalue" : 0, "sindex" : 0 },
			"Node_49" : { "leaf_value" : [ 0.014678434, -0.014678434 ], "parent" : 29, "left" : null, "right" : null, "svalue" : 0, "sindex" : 0 },
			"Node_50" : { "leaf_value" : [ 0.13954902, -0.13954902 ], "parent" : 29, "left" : null, "right" : null, "svalue" : 0, "sindex" : 0 },
			"Node_51" : { "leaf_value" : [ 0.1931778, -0.1931778 ], "parent" : 31, "left" : null, "right" : null, "svalue" : 0, "sindex" : 0 },
			"Node_52" : { "leaf_value" : [ 0.15229639, -0.15229639 ], "parent" : 31, "left" : null, "right" : null, "svalue" : 0, "sindex" : 0 },
			"Node_53" : { "leaf_value" : [ 0.19034652, -0.19034652 ], "parent" : 32, "left" : null, "right" : null, "svalue" : 0, "sindex" : 0 },
			"Node_54" : { "leaf_value" : [ 0.098837584, -0.098837584 ], "parent" : 32, "left" : null, "right" : null, "svalue" : 0, "sindex" : 0 },
			"Node_55" : { "leaf_value" : [ 0.20119782, -0.20119782 ], "parent" : 35, "left" : null, "right" : null, "svalue" : 0, "sindex" : 0 },
			"Node_56" : { "leaf_value" : [ 0.053609971, -0.053609971 ], "parent" : 35, "left" : null, "right" : null, "svalue" : 0, "sindex" : 0 },
			"Node_57" : { "leaf_value" : [ 0.14184424, -0.14184424 ], "parent" : 36, "left" : null, "right" : null, "svalue" : 0, "sindex" : 0 },
			"Node_58" : { "leaf_value" : [ -0.11019117, 0.11019117 ], "parent" : 36, "left" : null, "right" : null, "svalue" : 0, "sindex" : 0 },
			"Node_59" : { "leaf_value" : [ 0.18426153, -0.18426153 ], "parent" : 37, "left" : null, "right" : null, "svalue" : 0, "sindex" : 0 },
			"Node_60" : { "leaf_value" : [ 0.11564159, -0.11564159 ], "parent" : 37, "left" : null, "right" : null, "svalue" : 0, "sindex" : 0 },
			"Node_61" : { "leaf_value" : [ 0.070589997, -0.070589997 ], "parent" : 38, "left" : null, "right" : null, "svalue" : 0, "sindex" : 0 },
			"Node_62" : { "leaf_value" : [ -0.0044153421, 0.0044153421 ], "parent" : 38, "left" : null, "right" : null, "svalue" : 0, "sindex" : 0 },
			"Node_63" : { "leaf_value" : [ 0.21670972, -0.21670972 ], "parent" : 39, "left" : null, "right" : null, "svalue" : 0, "sindex" : 0 },
			"Node_64" : { "leaf_value" : [ 0.1843548, -0.1843548 ], "parent" : 39, "left" : null, "right" : null, "svalue" : 0, "sindex" : 0 },
			"Node_65" : { "leaf_value" : [ 0.13274206, -0.13274206 ], "parent" : 41, "left" : null, "right" : null, "svalue" : 0, "sindex" : 0 },
			"Node_66" : { "leaf_value" : [ 0.041206256, -0.041206256 ], "parent" : 41, "left" : null, "right" : null, "svalue" : 0, "sindex" : 0 },
			"Node_67" : { "leaf_value" : [ -0.024293208, 0.024293208 ], "parent" : 42, "left" : null, "right" : null, "svalue" : 0, "sindex" : 0 },
			"Node_68" : { "leaf_value" : [ -0.067157038, 0.067157038 ], "parent" : 42, "left" : null, "right" : null, "svalue" : 0, "sindex" : 0 },
			"Node_69" : { "leaf_value" : [ 0.0028026428, -0.0028026428 ], "parent" : 43, "left" : null, "right" : null, "svalue" : 0, "sindex" : 0 },
			"Node_70" : { "leaf_value" : [ 0.057192679, -0.057192679 ], "parent" : 43, "left" : null, "right" : null, "svalue" : 0, "sindex" : 0 },
			"Node_71" : { "leaf_value" : [ -0.10306941, 0.10306941 ], "parent" : 45, "left" : null, "right" : null, "svalue" : 0, "sindex" : 0 },
			"Node_72" : { "leaf_value" : [ -0.22117123, 0.22117123 ], "parent" : 45, "left" : null, "right" : null, "svalue" : 0, "sindex" : 0 },
			"Node_73" : { "leaf_value" : [ -0.18523808, 0.18523808 ], "parent" : 46, "left" : null, "right" : null, "svalue" : 0, "sindex" : 0 },
			"Node_74" : { "leaf_value" : [ -0.33549178, 0.33549178 ], "parent" : 46, "left" : null, "right" : null, "svalue" : 0, "sindex" : 0 }
		},
		"Tree_1" : {
			"Node_00" : { "leaf_value" : [ ], "parent" : null, "left" : 1, "right" : 2, "svalue" : 13, "sindex" : 4 },
			"Node_01" : { "leaf_value" : [ ], "parent" : 0, "left" : 3, "right" : 4, "svalue" : 2, "sindex" : 0 },
			"Node_02" : { "leaf_value" : [ ], "parent" : 0, "left" : 5, "right" : 6, "svalue" : 2, "sindex" : 0 },
			"Node_03" : { "leaf_value" : [ ], "parent" : 1, "left" : 7, "right" : 8, "svalue" : 1, "sindex" : 0 },
			"Node_04" : { "leaf_value" : [ ], "parent" : 1, "left" : 9, "right" : 10, "svalue" : 4, "sindex" : 10 },
			"Node_05" : { "leaf_value" : [ ], "parent" : 2, "left" : 11, "right" : 12, "svalue" : 1, "sindex" : 0 },
			"Node_06" : { "leaf_value" : [ ], "parent" : 2, "left" : 13, "right" : 14, "svalue" : 4, "sindex" : 10 },
			"Node_07" : { "leaf_value" : [ ], "parent" : 3, "left" : 15, "right" : 16, "svalue" : 4, "sindex" : 10 },
			"Node_08" : { "leaf_value" : [ ], "parent" : 3, "left" : 17, "right" : 18, "svalue" : 4, "sindex" : 10 },
			"Node_09" : { "leaf_value" : [ ], "parent" : 4, "left" : 19, "right" : 20, "svalue" : 10, "sindex" : 4 },
			"Node_10" : { "leaf_value" : [ ], "parent" : 4, "left" : 21, "right" : 22, "svalue" : 4, "sindex" : 0 },
			"Node_11" : { "leaf_value" : [ ], "parent" : 5, "left" : 23, "right" : 24, "svalue" : 4, "sindex" : 10 },
			"Node_12" : { "leaf_value" : [ ], "parent" : 5, "left" : 25, "right" : 26, "svalue" : 4, "sindex" : 10 },
			"Node_13" : { "leaf_value" : [ ], "parent" : 6, "left" : 27, "right" : 28, "svalue" : 2, "sindex" : 12 },
			"Node_14" : { "leaf_value" : [ -0.26100096, 0.26100102 ], "parent" : 6, "left" : null, "right" : null, "svalue" : 0, "sindex" : 0 },
			"Node_15" : { "leaf_value" : [ ], "parent" : 7, "left" : 29, "right" : 30, "svalue" : 3, "sindex" : 12 },
			"Node_16" : { "leaf_value" : [ ], "parent" : 7, "left" : 31, "right" : 32, "svalue" : 2, "sindex" : 12 },
			"Node_17" : { "leaf_value" : [ ], "parent" : 8, "left" : 33, "right" : 34, "svalue" : 3, "sindex" : 12 },
			"Node_18" : { "leaf_value" : [ ], "parent" : 8, "left" : 35, "right" : 36, "svalue" : 2, "sindex" : 12 },
			"Node_19" : { "leaf_value" : [ ], "parent" : 9, "left" : 37, "right" : 38, "svalue" : 2, "sindex" : 12 },
			"Node_20" : { "leaf_value" : [ ], "parent" : 9, "left" : 39, "right" : 40, "svalue" : 2, "sindex" : 12 },
			"Node_21" : { "leaf_value" : [ -0.259772, 0.259772 ], "parent" : 10, "left" : null, "right" : null, "svalue" : 0, "sindex" : 0 },
			"Node_22" : { "leaf_value" : [ -0.2118196, 0.2118196 ], "parent" : 10, "left" : null, "right" : null, "svalue" : 0, "sindex" : 0 },
			"Node_23" : { "leaf_value" : [ ], "parent" : 11, "left" : 41, "right" : 42, "svalue" : 4, "sindex" : 11 },
			"Node_24" : { "leaf_value" : [ -0.22260472, 0.22260472 ], "parent" : 11, "left" : null, "right" : null, "svalue" : 0, "sindex" : 0 },
			"Node_25" : { "leaf_value" : [ ], "parent" : 12, "left" : 43, "right" : 44, "svalue" : 3, "sindex" : 12 },
			"Node_26" : { "leaf_value" : [ -0.25991809, 0.25991818 ], "parent" : 12, "left" : null, "right" : null, "svalue" : 0, "sindex" : 0 },
			"Node_27" : { "leaf_value" : [ ], "parent" : 13, "left" : 45, "right" : 46, "svalue" : 4, "sindex" : 11 },
			"Node_28" : { "leaf_value" : [ ], "parent" : 13, "left" : 47, "right" : 48, "svalue" : 3, "sindex" : 12 },
			"Node_29" : { "leaf_value" : [ ], "parent" : 15, "left" : 49, "right" : 50, "svalue" : 4, "sindex" : 11 },
			"Node_30" : { "leaf_value" : [ ], "parent" : 15, "left" : 51, "right" : 52, "svalue" : 196308, "sindex" : 2 },
			"Node_31" : { "leaf_value" : [ ], "parent" : 16, "left" : 53, "right" : 54, "svalue" : 260254, "sindex" : 2 },
			"Node_32" : { "leaf_value" : [ -0.23768382, 0.23768382 ], "parent" : 16, "left" : null, "right" : null, "svalue" : 0, "sindex" : 0 },
			"Node_33" : { "leaf_value" : [ ], "parent" : 17, "left" : 55, "right" : 56, "svalue" : 9, "sindex" : 4 },
			"Node_34" : { "leaf_value" : [ ], "parent" : 17, "left" : 57, "right" : 58, "svalue" : 9, "sindex" : 4 },
			"Node_35" : { "leaf_value" : [ -0.088071376, 0.088071354 ], "parent" : 18, "left" : null, "right" : null, "svalue" : 0, "sindex" : 0 },
			"Node_36" : { "leaf_value" : [ -0.25589699, 0.25589696 ], "parent" : 18, "left" : null, "right" : null, "svalue" : 0, "sindex" : 0 },
			"Node_37" : { "leaf_value" : [ ], "parent" : 19, "left" : 59, "right" : 60, "svalue" : 1, "sindex" : 12 },
			"Node_38" : { "leaf_value" : [ ], "parent" : 19, "left" : 61, "right" : 62, "svalue" : 9, "sindex" : 4 },
			"Node_39" : { "leaf_value" : [ ], "parent" : 20, "left" : 63, "right" : 64, "svalue" : 260254, "sindex" : 2 },
			"Node_40" : { "leaf_value" : [ ], "parent" : 20, "left" : 65, "right" : 66, "svalue" : 3, "sindex" : 12 },
			"Node_41" : { "leaf_value" : [ ], "parent" : 23, "left" : 67, "right" : 68, "svalue" : 2, "sindex" : 12 },
			"Node_42" : { "leaf_value" : [ -0.077909738, 0.077909738 ], "parent" : 23, "left" : null, "right" : null, "svalue" : 0, "sindex" : 0 },
			"Node_43" : { "leaf_value" : [ ], "parent" : 25, "left" : 69, "right" : 70, "svalue" : 2, "sindex" : 12 },
			"Node_44" : { "leaf_value" : [ ], "parent" : 25, "left" : 71, "right" : 72, "svalue" : 16, "sindex" : 4 },
			"Node_45" : { "leaf_value" : [ ], "parent" : 27, "left" : 73, "right" : 74, "svalue" : 1, "sindex" : 12 },
			"Node_46" : { "leaf_value" : [ ], "parent" : 27, "left" : 75, "right" : 76, "svalue" : 16, "sindex" : 4 },
			"Node_47" : { "leaf_value" : [ ], "parent" : 28, "left" : 77, "right" : 78, "svalue" : 3, "sindex" : 0 },
			"Node_48" : { "leaf_value" : [ ], "parent" : 28, "left" : 79, "right" : 80, "svalue" : 4, "sindex" : 12 },
			"Node_49" : { "leaf_value" : [ 0.19947639, -0.19947639 ], "parent" : 29, "left" : null, "right" : null, "svalue" : 0, "sindex" : 0 },
			"Node_50" : { "leaf_value" : [ 0.082296811, -0.082296811 ], "parent" : 29, "left" : null, "right" : null, "svalue" : 0, "sindex" : 0 },
			"Node_51" : { "leaf_value" : [ 0.18356721, -0.18356721 ], "parent" : 30, "left" : null, "right" : null, "svalue" : 0, "sindex" : 0 },
			"Node_52" : { "leaf_value" : [ 0.15762395, -0.15762395 ], "parent" : 30, "left" : null, "right" : null, "svalue" : 0, "sindex" : 0 },
			"Node_53" : { "leaf_value" : [ 0.012171972, -0.012171979 ], "parent" : 31, "left" : null, "right" : null, "svalue" : 0, "sindex" : 0 },
			"Node_54" : { "leaf_value" : [ 0.12216207, -0.12216205 ], "parent" : 31, "left" : null, "right" : null, "svalue" : 0, "sindex" : 0 },
			"Node_55" : { "leaf_value" : [ 0.19141598, -0.19141598 ], "parent" : 33, "left" : null, "right" : null, "svalue" : 0, "sindex" : 0 },
			"Node_56" : { "leaf_value" : [ 0.13482851, -0.13482821 ], "parent" : 33, "left" : null, "right" : null, "svalue" : 0, "sindex" : 0 },
			"Node_57" : { "leaf_value" : [ 0.15581611, -0.15581608 ], "parent" : 34, "left" : null, "right" : null, "svalue" : 0, "sindex" : 0 },
			"Node_58" : { "leaf_value" : [ 0.074322112, -0.074322112 ], "parent" : 34, "left" : null, "right" : null, "svalue" : 0, "sindex" : 0 },
			"Node_59" : { "leaf_value" : [ 0.17994606, -0.17994606 ], "parent" : 37, "left" : null, "right" : null, "svalue" : 0, "sindex" : 0 },
			"Node_60" : { "leaf_value" : [ 0.1543466, -0.1543466 ], "parent" : 37, "left" : null, "right" : null, "svalue" : 0, "sindex" : 0 },
			"Node_61" : { "leaf_value" : [ 0.13624592, -0.13624592 ], "parent" : 38, "left" : null, "right" : null, "svalue" : 0, "sindex" : 0 },
			"Node_62" : { "leaf_value" : [ 0.064923421, -0.064923421 ], "parent" : 38, "left" : null, "right" : null, "svalue" : 0, "sindex" : 0 },
			"Node_63" : { "leaf_value" : [ 0.11729976, -0.11729976 ], "parent" : 39, "left" : null, "right" : null, "svalue" : 0, "sindex" : 0 },
			"Node_64" : { "leaf_value" : [ 0.075602509, -0.075602509 ], "parent" : 39, "left" : null, "right" : null, "svalue" : 0, "sindex" : 0 },
			"Node_65" : { "leaf_value" : [ 0.018922016, -0.018922012 ], "parent" : 40, "left" : null, "right" : null, "svalue" : 0, "sindex" : 0 },
			"Node_66" : { "leaf_value" : [ -0.034633651, 0.034633651 ], "parent" : 40, "left" : null, "right" : null, "svalue" : 0, "sindex" : 0 },
			"Node_67" : { "leaf_value" : [ 0.19489376, -0.19489424 ], "parent" : 41, "left" : null, "right" : null, "svalue" : 0, "sindex" : 0 },
			"Node_68" : { "leaf_value" : [ 0.16974786, -0.16974801 ], "parent" : 41, "left" : null, "right" : null, "svalue" : 0, "sindex" : 0 },
			"Node_69" : { "leaf_value" : [ 0.10286979, -0.10286979 ], "parent" : 43, "left" : null, "right" : null, "svalue" : 0, "sindex" : 0 },
			"Node_70" : { "leaf_value" : [ 0.029655164, -0.029655179 ], "parent" : 43, "left" : null, "right" : null, "svalue" : 0, "sindex" : 0 },
			"Node_71" : { "leaf_value" : [ -0.0367162, 0.0367162 ], "parent" : 44, "left" : null, "right" : null, "svalue" : 0, "sindex" : 0 },
			"Node_72" : { "leaf_value" : [ -0.10696366, 0.10696362 ], "parent" : 44, "left" : null, "right" : null, "svalue" : 0, "sindex" : 0 },
			"Node_73" : { "leaf_value" : [ 0.043651242, -0.043651246 ], "parent" : 45, "left" : null, "right" : null, "svalue" : 0, "sindex" : 0 },
			"Node_74" : { "leaf_value" : [ 0.0011299113, -0.0011299157 ], "parent" : 45, "left" : null, "right" : null, "svalue" : 0, "sindex" : 0 },
			"Node_75" : { "leaf_value" : [ -0.11053831, 0.1105383 ], "parent" : 46, "left" : null, "right" : null, "svalue" : 0, "sindex" : 0 },
			"Node_76" : { "leaf_value" : [ -0.2227229, 0.22272287 ], "parent" : 46, "left" : null, "right" : null, "svalue" : 0, "sindex" : 0 },
			"Node_77" : { "leaf_value" : [ -0.048438821, 0.04843881 ], "parent" : 47, "left" : null, "right" : null, "svalue" : 0, "sindex" : 0 },
			"Node_78" : { "leaf_value" : [ -0.097861834, 0.097861841 ], "parent" : 47, "left" : null, "right" : null, "svalue" : 0, "sindex" : 0 },
			"Node_79" : { "leaf_value" : [ -0.13188143, 0.13188143 ], "parent" : 48, "left" : null, "right" : null, "svalue" : 0, "sindex" : 0 },
			"Node_80" : { "leaf_value" : [ -0.060184572, 0.060184572 ], "parent" : 48, "left" : null, "right" : null, "svalue" : 0, "sindex" : 0 }
		},
		"Tree_2" : {
			"Node_00" : { "leaf_value" : [ ], "parent" : null, "left" : 1, "right" : 2, "svalue" : 13, "sindex" : 4 },
			"Node_01" : { "leaf_value" : [ ], "parent" : 0, "left" : 3, "right" : 4, "svalue" : 1, "sindex" : 0 },
			"Node_02" : { "leaf_value" : [ ], "parent" : 0, "left" : 5, "right" : 6, "svalue" : 1, "sindex" : 0 },
			"Node_03" : { "leaf_value" : [ ], "parent" : 1, "left" : 7, "right" : 8, "svalue" : 4, "sindex" : 10 },
			"Node_04" : { "leaf_value" : [ ], "parent" : 1, "left" : 9, "right" : 10, "svalue" : 4, "sindex" : 10 },
			"Node_05" : { "leaf_value" : [ ], "parent" : 2, "left" : 11, "right" : 12, "svalue" : 4, "sindex" : 10 },
			"Node_06" : { "leaf_value" : [ ], "parent" : 2, "left" : 13, "right" : 14, "svalue" : 4, "sindex" : 10 },
			"Node_07" : { "leaf_value" : [ ], "parent" : 3, "left" : 15, "right" : 16, "svalue" : 3, "sindex" : 12 },
			"Node_08" : { "leaf_value" : [ ], "parent" : 3, "left" : 17, "right" : 18, "svalue" : 2, "sindex" : 12 },
			"Node_09" : { "leaf_value" : [ ], "parent" : 4, "left" : 19, "right" : 20, "svalue" : 10, "sindex" : 4 },
			"Node_10" : { "leaf_value" : [ ], "parent" : 4, "left" : 21, "right" : 22, "svalue" : 4, "sindex" : 0 },
			"Node_11" : { "leaf_value" : [ ], "parent" : 5, "left" : 23, "right" : 24, "svalue" : 4, "sindex" : 11 },
			"Node_12" : { "leaf_value" : [ -0.1815922, 0.1815922 ], "parent" : 5, "left" : null, "right" : null, "svalue" : 0, "sindex" : 0 },
			"Node_13" : { "leaf_value" : [ ], "parent" : 6, "left" : 25, "right" : 26, "svalue" : 2, "sindex" : 0 },
			"Node_14" : { "leaf_value" : [ -0.21507764, 0.21507764 ], "parent" : 6, "left" : null, "right" : null, "svalue" : 0, "sindex" : 0 },
			"Node_15" : { "leaf_value" : [ ], "parent" : 7, "left" : 27, "right" : 28, "svalue" : 2, "sindex" : 12 },
			"Node_16" : { "leaf_value" : [ ], "parent" : 7, "left" : 29, "right" : 30, "svalue" : 196308, "sindex" : 2 },
			"Node_17" : { "leaf_value" : [ ], "parent" : 8, "left" : 31, "right" : 32, "svalue" : 260254, "sindex" : 2 },
			"Node_18" : { "leaf_value" : [ -0.19363441, 0.19363445 ], "parent" : 8, "left" : null, "right" : null, "svalue" : 0, "sindex" : 0 },
			"Node_19" : { "leaf_value" : [ ], "parent" : 9, "left" : 33, "right" : 34, "svalue" : 3, "sindex" : 12 },
			"Node_20" : { "leaf_value" : [ ], "parent" : 9, "left" : 35, "right" : 36, "svalue" : 2, "sindex" : 0 },
			"Node_21" : { "leaf_value" : [ -0.21147802, 0.21147802 ], "parent" : 10, "left" : null, "right" : null, "svalue" : 0, "sindex" : 0 },
			"Node_22" : { "leaf_value" : [ ], "parent" : 10, "left" : 37, "right" : 38, "svalue" : 3, "sindex" : 12 },
			"Node_23" : { "leaf_value" : [ ], "parent" : 11, "left" : 39, "right" : 40, "svalue" : 3, "sindex" : 12 },
			"Node_24" : { "leaf_value" : [ -0.060363177, 0.060363177 ], "parent" : 11, "left" : null, "right" : null, "svalue" : 0, "sindex" : 0 },
			"Node_25" : { "leaf_value" : [ ], "parent" : 13, "left" : 41, "right" : 42, "svalue" : 3, "sindex" : 12 },
			"Node_26" : { "leaf_value" : [ ], "parent" : 13, "left" : 43, "right" : 44, "svalue" : 2, "sindex" : 12 },
			"Node_27" : { "leaf_value" : [ 0.185211, -0.185211 ], "parent" : 15, "left" : null, "right" : null, "svalue" : 0, "sindex" : 0 },
			"Node_28" : { "leaf_value" : [ ], "parent" : 15, "left" : 45, "right" : 46, "svalue" : 4, "sindex" : 11 },
			"Node_29" : { "leaf_value" : [ 0.16048269, -0.16048296 ], "parent" : 16, "left" : null, "right" : null, "svalue" : 0, "sindex" : 0 },
			"Node_30" : { "leaf_value" : [ ], "parent" : 16, "left" : 47, "right" : 48, "svalue" : 10, "sindex" : 4 },
			"Node_31" : { "leaf_value" : [ 0.010093234, -0.010093241 ], "parent" : 17, "left" : null, "right" : null, "svalue" : 0, "sindex" : 0 },
			"Node_32" : { "leaf_value" : [ 0.10867317, -0.10867313 ], "parent" : 17, "left" : null, "right" : null, "svalue" : 0, "sindex" : 0 },
			"Node_33" : { "leaf_value" : [ ], "parent" : 19, "left" : 49, "right" : 50, "svalue" : 9, "sindex" : 4 },
			"Node_34" : { "leaf_value" : [ ], "parent" : 19, "left" : 51, "right" : 52, "svalue" : 2, "sindex" : 0 },
			"Node_35" : { "leaf_value" : [ ], "parent" : 20, "left" : 53, "right" : 54, "svalue" : 2, "sindex" : 12 },
			"Node_36" : { "leaf_value" : [ ], "parent" : 20, "left" : 55, "right" : 56, "svalue" : 2, "sindex" : 12 },
			"Node_37" : { "leaf_value" : [ ], "parent" : 22, "left" : 57, "right" : 58, "svalue" : 106069, "sindex" : 2 },
			"Node_38" : { "leaf_value" : [ -0.20683798, 0.20683804 ], "parent" : 22, "left" : null, "right" : null, "svalue" : 0, "sindex" : 0 },
			"Node_39" : { "leaf_value" : [ ], "parent" : 23, "left" : 59, "right" : 60, "svalue" : 260254, "sindex" : 2 },
			"Node_40" : { "leaf_value" : [ ], "parent" : 23, "left" : 61, "right" : 62, "svalue" : 157932, "sindex" : 2 },
			"Node_41" : { "leaf_value" : [ ], "parent" : 25, "left" : 63, "right" : 64, "svalue" : 1, "sindex" : 12 },
			"Node_42" : { "leaf_value" : [ ], "parent" : 25, "left" : 65, "right" : 66, "svalue" : 196308, "sindex" : 2 },
			"Node_43" : { "leaf_value" : [ ], "parent" : 26, "left" : 67, "right" : 68, "svalue" : 16, "sindex" : 4 },
			"Node_44" : { "leaf_value" : [ ], "parent" : 26, "left" : 69, "right" : 70, "svalue" : 4, "sindex" : 11 },
			"Node_45" : { "leaf_value" : [ 0.17375956, -0.17375955 ], "parent" : 28, "left" : null, "right" : null, "svalue" : 0, "sindex" : 0 },
			"Node_46" : { "leaf_value" : [ 0.024223374, -0.024223374 ], "parent" : 28, "left" : null, "right" : null, "svalue" : 0, "sindex" : 0 },
			"Node_47" : { "leaf_value" : [ 0.14728819, -0.14728817 ], "parent" : 30, "left" : null, "right" : null, "svalue" : 0, "sindex" : 0 },
			"Node_48" : { "leaf_value" : [ 0.10523577, -0.10523577 ], "parent" : 30, "left" : null, "right" : null, "svalue" : 0, "sindex" : 0 },
			"Node_49" : { "leaf_value" : [ 0.14475687, -0.14475685 ], "parent" : 33, "left" : null, "right" : null, "svalue" : 0, "sindex" : 0 },
			"Node_50" : { "leaf_value" : [ 0.08980339, -0.089803383 ], "parent" : 33, "left" : null, "right" : null, "svalue" : 0, "sindex" : 0 },
			"Node_51" : { "leaf_value" : [ 0.081926771, -0.081926771 ], "parent" : 34, "left" : null, "right" : null, "svalue" : 0, "sindex" : 0 },
			"Node_52" : { "leaf_value" : [ 0.01816673, -0.018166734 ], "parent" : 34, "left" : null, "right" : null, "svalue" : 0, "sindex" : 0 },
			"Node_53" : { "leaf_value" : [ 0.14105208, -0.14105205 ], "parent" : 35, "left" : null, "right" : null, "svalue" : 0, "sindex" : 0 },
			"Node_54" : { "leaf_value" : [ 0.069323406, -0.069323406 ], "parent" : 35, "left" : null, "right" : null, "svalue" : 0, "sindex" : 0 },
			"Node_55" : { "leaf_value" : [ 0.086182326, -0.086182326 ], "parent" : 36, "left" : null, "right" : null, "svalue" : 0, "sindex" : 0 },
			"Node_56" : { "leaf_value" : [ 0.0022149561, -0.0022149561 ], "parent" : 36, "left" : null, "right" : null, "svalue" : 0, "sindex" : 0 },
			"Node_57" : { "leaf_value" : [ -0.097287007, 0.097287014 ], "parent" : 37, "left" : null, "right" : null, "svalue" : 0, "sindex" : 0 },
			"Node_58" : { "leaf_value" : [ -0.15940796, 0.15940791 ], "parent" : 37, "left" : null, "right" : null, "svalue" : 0, "sindex" : 0 },
			"Node_59" : { "leaf_value" : [ 0.16453308, -0.16453303 ], "parent" : 39, "left" : null, "right" : null, "svalue" : 0, "sindex" : 0 },
			"Node_60" : { "leaf_value" : [ 0.13713716, -0.13713713 ], "parent" : 39, "left" : null, "right" : null, "svalue" : 0, "sindex" : 0 },
			"Node_61" : { "leaf_value" : [ 0.14712813, -0.14712819 ], "parent" : 40, "left" : null, "right" : null, "svalue" : 0, "sindex" : 0 },
			"Node_62" : { "leaf_value" : [ 0.098697141, -0.098697208 ], "parent" : 40, "left" : null, "right" : null, "svalue" : 0, "sindex" : 0 },
			"Node_63" : { "leaf_value" : [ 0.12182485, -0.12182489 ], "parent" : 41, "left" : null, "right" : null, "svalue" : 0, "sindex" : 0 },
			"Node_64" : { "leaf_value" : [ 0.024148203, -0.024148216 ], "parent" : 41, "left" : null, "right" : null, "svalue" : 0, "sindex" : 0 },
			"Node_65" : { "leaf_value" : [ -0.037079521, 0.037079524 ], "parent" : 42, "left" : null, "right" : null, "svalue" : 0, "sindex" : 0 },
			"Node_66" : { "leaf_value" : [ -0.014529976, 0.01452997 ], "parent" : 42, "left" : null, "right" : null, "svalue" : 0, "sindex" : 0 },
			"Node_67" : { "leaf_value" : [ 0.015057816, -0.015057814 ], "parent" : 43, "left" : null, "right" : null, "svalue" : 0, "sindex" : 0 },
			"Node_68" : { "leaf_value" : [ -0.076200791, 0.076200791 ], "parent" : 43, "left" : null, "right" : null, "svalue" : 0, "sindex" : 0 },
			"Node_69" : { "leaf_value" : [ -0.061291017, 0.061291017 ], "parent" : 44, "left" : null, "right" : null, "svalue" : 0, "sindex" : 0 },
			"Node_70" : { "leaf_value" : [ -0.20804243, 0.20804243 ], "parent" : 44, "left" : null, "right" : null, "svalue" : 0, "sindex" : 0 }
		},
		"Tree_3" : {
			"Node_00" : { "leaf_value" : [ ], "parent" : null, "left" : 1, "right" : 2, "svalue" : 1, "sindex" : 0 },
			"Node_01" : { "leaf_value" : [ ], "parent" : 0, "left" : 3, "right" : 4, "svalue" : 4, "sindex" : 10 },
			"Node_02" : { "leaf_value" : [ ], "parent" : 0, "left" : 5, "right" : 6, "svalue" : 13, "sindex" : 4 },
			"Node_03" : { "leaf_value" : [ ], "parent" : 1, "left" : 7, "right" : 8, "svalue" : 3, "sindex" : 12 },
			"Node_04" : { "leaf_value" : [ ], "parent" : 1, "left" : 9, "right" : 10, "svalue" : 2, "sindex" : 12 },
			"Node_05" : { "leaf_value" : [ ], "parent" : 2, "left" : 11, "right" : 12, "svalue" : 2, "sindex" : 12 },
			"Node_06" : { "leaf_value" : [ ], "parent" : 2, "left" : 13, "right" : 14, "svalue" : 4, "sindex" : 10 },
			"Node_07" : { "leaf_value" : [ ], "parent" : 3, "left" : 15, "right" : 16, "svalue" : 4, "sindex" : 11 },
			"Node_08" : { "leaf_value" : [ ], "parent" : 3, "left" : 17, "right" : 18, "svalue" : 10, "sindex" : 4 },
			"Node_09" : { "leaf_value" : [ ], "parent" : 4, "left" : 19, "right" : 20, "svalue" : 10, "sindex" : 4 },
			"Node_10" : { "leaf_value" : [ -0.18084942, 0.18084943 ], "parent" : 4, "left" : null, "right" : null, "svalue" : 0, "sindex" : 0 },
			"Node_11" : { "leaf_value" : [ ], "parent" : 5, "left" : 21, "right" : 22, "svalue" : 4, "sindex" : 10 },
			"Node_12" : { "leaf_value" : [ ], "parent" : 5, "left" : 23, "right" : 24, "svalue" : 2, "sindex" : 0 },
			"Node_13" : { "leaf_value" : [ ], "parent" : 6, "left" : 25, "right" : 26, "svalue" : 2, "sindex" : 0 },
			"Node_14" : { "leaf_value" : [ -0.19100915, 0.19100907 ], "parent" : 6, "left" : null, "right" : null, "svalue" : 0, "sindex" : 0 },
			"Node_15" : { "leaf_value" : [ ], "parent" : 7, "left" : 27, "right" : 28, "svalue" : 2, "sindex" : 12 },
			"Node_16" : { "leaf_value" : [ ], "parent" : 7, "left" : 29, "right" : 30, "svalue" : 10, "sindex" : 4 },
			"Node_17" : { "leaf_value" : [ 0.13679229, -0.13679227 ], "parent" : 8, "left" : null, "right" : null, "svalue" : 0, "sindex" : 0 },
			"Node_18" : { "leaf_value" : [ ], "parent" : 8, "left" : 31, "right" : 32, "svalue" : 196308, "sindex" : 2 },
			"Node_19" : { "leaf_value" : [ 0.13271533, -0.13271533 ], "parent" : 9, "left" : null, "right" : null, "svalue" : 0, "sindex" : 0 },
			"Node_20" : { "leaf_value" : [ -0.096582428, 0.09658245 ], "parent" : 9, "left" : null, "right" : null, "svalue" : 0, "sindex" : 0 },
			"Node_21" : { "leaf_value" : [ ], "parent" : 11, "left" : 33, "right" : 34, "svalue" : 10, "sindex" : 4 },
			"Node_22" : { "leaf_value" : [ ], "parent" : 11, "left" : 35, "right" : 36, "svalue" : 106069, "sindex" : 2 },
			"Node_23" : { "leaf_value" : [ ], "parent" : 12, "left" : 37, "right" : 38, "svalue" : 9, "sindex" : 4 },
			"Node_24" : { "leaf_value" : [ ], "parent" : 12, "left" : 39, "right" : 40, "svalue" : 9, "sindex" : 4 },
			"Node_25" : { "leaf_value" : [ ], "parent" : 13, "left" : 41, "right" : 42, "svalue" : 3, "sindex" : 12 },
			"Node_26" : { "leaf_value" : [ ], "parent" : 13, "left" : 43, "right" : 44, "svalue" : 3, "sindex" : 12 },
			"Node_27" : { "leaf_value" : [ 0.17203248, -0.17203248 ], "parent" : 15, "left" : null, "right" : null, "svalue" : 0, "sindex" : 0 },
			"Node_28" : { "leaf_value" : [ ], "parent" : 15, "left" : 45, "right" : 46, "svalue" : 13, "sindex" : 4 },
			"Node_29" : { "leaf_value" : [ 0.15386263, -0.15386263 ], "parent" : 16, "left" : null, "right" : null, "svalue" : 0, "sindex" : 0 },
			"Node_30" : { "leaf_value" : [ ], "parent" : 16, "left" : 47, "right" : 48, "svalue" : 2, "sindex" : 12 },
			"Node_31" : { "leaf_value" : [ ], "parent" : 18, "left" : 49, "right" : 50, "svalue" : 13, "sindex" : 4 },
			"Node_32" : { "leaf_value" : [ ], "parent" : 18, "left" : 51, "right" : 52, "svalue" : 4, "sindex" : 12 },
			"Node_33" : { "leaf_value" : [ ], "parent" : 21, "left" : 53, "right" : 54, "svalue" : 2, "sindex" : 0 },
			"Node_34" : { "leaf_value" : [ ], "parent" : 21, "left" : 55, "right" : 56, "svalue" : 2, "sindex" : 0 },
			"Node_35" : { "leaf_value" : [ -0.042670198, 0.04267025 ], "parent" : 22, "left" : null, "right" : null, "svalue" : 0, "sindex" : 0 },
			"Node_36" : { "leaf_value" : [ ], "parent" : 22, "left" : 57, "right" : 58, "svalue" : 196308, "sindex" : 2 },
			"Node_37" : { "leaf_value" : [ ], "parent" : 23, "left" : 59, "right" : 60, "svalue" : 3, "sindex" : 12 },
			"Node_38" : { "leaf_value" : [ ], "parent" : 23, "left" : 61, "right" : 62, "svalue" : 3, "sindex" : 12 },
			"Node_39" : { "leaf_value" : [ ], "parent" : 24, "left" : 63, "right" : 64, "svalue" : 3, "sindex" : 12 },
			"Node_40" : { "leaf_value" : [ ], "parent" : 24, "left" : 65, "right" : 66, "svalue" : 4, "sindex" : 10 },
			"Node_41" : { "leaf_value" : [ ], "parent" : 25, "left" : 67, "right" : 68, "svalue" : 16, "sindex" : 4 },
			"Node_42" : { "leaf_value" : [ ], "parent" : 25, "left" : 69, "right" : 70, "svalue" : 106069, "sindex" : 2 },
			"Node_43" : { "leaf_value" : [ ], "parent" : 26, "left" : 71, "right" : 72, "svalue" : 16, "sindex" : 4 },
			"Node_44" : { "leaf_value" : [ ], "parent" : 26, "left" : 73, "right" : 74, "svalue" : 16, "sindex" : 4 },
			"Node_45" : { "leaf_value" : [ 0.15928552, -0.15928552 ], "parent" : 28, "left" : null, "right" : null, "svalue" : 0, "sindex" : 0 },
			"Node_46" : { "leaf_value" : [ 0.13134789, -0.13134789 ], "parent" : 28, "left" : null, "right" : null, "svalue" : 0, "sindex" : 0 },
			"Node_47" : { "leaf_value" : [ 0.14305778, -0.14305776 ], "parent" : 30, "left" : null, "right" : null, "svalue" : 0, "sindex" : 0 },
			"Node_48" : { "leaf_value" : [ -0.15789738, 0.1578974 ], "parent" : 30, "left" : null, "right" : null, "svalue" : 0, "sindex" : 0 },
			"Node_49" : { "leaf_value" : [ 0.13744842, -0.13744844 ], "parent" : 31, "left" : null, "right" : null, "svalue" : 0, "sindex" : 0 },
			"Node_50" : { "leaf_value" : [ 0.10281361, -0.10281359 ], "parent" : 31, "left" : null, "right" : null, "svalue" : 0, "sindex" : 0 },
			"Node_51" : { "leaf_value" : [ 0.10020654, -0.10020653 ], "parent" : 32, "left" : null, "right" : null, "svalue" : 0, "sindex" : 0 },
			"Node_52" : { "leaf_value" : [ 0.031750273, -0.031750273 ], "parent" : 32, "left" : null, "right" : null, "svalue" : 0, "sindex" : 0 },
			"Node_53" : { "leaf_value" : [ 0.15758047, -0.15758045 ], "parent" : 33, "left" : null, "right" : null, "svalue" : 0, "sindex" : 0 },
			"Node_54" : { "leaf_value" : [ 0.12552746, -0.12552747 ], "parent" : 33, "left" : null, "right" : null, "svalue" : 0, "sindex" : 0 },
			"Node_55" : { "leaf_value" : [ 0.11895847, -0.11895848 ], "parent" : 34, "left" : null, "right" : null, "svalue" : 0, "sindex" : 0 },
			"Node_56" : { "leaf_value" : [ 0.067009903, -0.067009896 ], "parent" : 34, "left" : null, "right" : null, "svalue" : 0, "sindex" : 0 },
			"Node_57" : { "leaf_value" : [ -0.18543324, 0.18543322 ], "parent" : 36, "left" : null, "right" : null, "svalue" : 0, "sindex" : 0 },
			"Node_58" : { "leaf_value" : [ -0.083181888, 0.083181866 ], "parent" : 36, "left" : null, "right" : null, "svalue" : 0, "sindex" : 0 },
			"Node_59" : { "leaf_value" : [ 0.14881918, -0.14881918 ], "parent" : 37, "left" : null, "right" : null, "svalue" : 0, "sindex" : 0 },
			"Node_60" : { "leaf_value" : [ 0.11646649, -0.11646655 ], "parent" : 37, "left" : null, "right" : null, "svalue" : 0, "sindex" : 0 },
			"Node_61" : { "leaf_value" : [ 0.083270118, -0.08327011 ], "parent" : 38, "left" : null, "right" : null, "svalue" : 0, "sindex" : 0 },
			"Node_62" : { "leaf_value" : [ 0.033581331, -0.03358129 ], "parent" : 38, "left" : null, "right" : null, "svalue" : 0, "sindex" : 0 },
			"Node_63" : { "leaf_value" : [ 0.10045501, -0.10045501 ], "parent" : 39, "left" : null, "right" : null, "svalue" : 0, "sindex" : 0 },
			"Node_64" : { "leaf_value" : [ 0.049349409, -0.049349409 ], "parent" : 39, "left" : null, "right" : null, "svalue" : 0, "sindex" : 0 },
			"Node_65" : { "leaf_value" : [ 0.015776167, -0.015776169 ], "parent" : 40, "left" : null, "right" : null, "svalue" : 0, "sindex" : 0 },
			"Node_66" : { "leaf_value" : [ -0.17327835, 0.17327845 ], "parent" : 40, "left" : null, "right" : null, "svalue" : 0, "sindex" : 0 },
			"Node_67" : { "leaf_value" : [ 0.025024772, -0.02502477 ], "parent" : 41, "left" : null, "right" : null, "svalue" : 0, "sindex" : 0 },
			"Node_68" : { "leaf_value" : [ -0.11867155, 0.11867166 ], "parent" : 41, "left" : null, "right" : null, "svalue" : 0, "sindex" : 0 },
			"Node_69" : { "leaf_value" : [ 0.0060220179, -0.0060219988 ], "parent" : 42, "left" : null, "right" : null, "svalue" : 0, "sindex" : 0 },
			"Node_70" : { "leaf_value" : [ -0.024835508, 0.024835495 ], "parent" : 42, "left" : null, "right" : null, "svalue" : 0, "sindex" : 0 },
			"Node_71" : { "leaf_value" : [ -0.01929947, 0.019299487 ], "parent" : 43, "left" : null, "right" : null, "svalue" : 0, "sindex" : 0 },
			"Node_72" : { "leaf_value" : [ -0.092052452, 0.092052452 ], "parent" : 43, "left" : null, "right" : null, "svalue" : 0, "sindex" : 0 },
			"Node_73" : { "leaf_value" : [ -0.060934477, 0.060934477 ], "parent" : 44, "left" : null, "right" : null, "svalue" : 0, "sindex" : 0 },
			"Node_74" : { "leaf_value" : [ -0.14428791, 0.14428791 ], "parent" : 44, "left" : null, "right" : null, "svalue" : 0, "sindex" : 0 }
		},
		"Tree_4" : {
			"Node_00" : { "leaf_value" : [ ], "parent" : null, "left" : 1, "right" : 2, "svalue" : 1, "sindex" : 0 },
			"Node_01" : { "leaf_value" : [ ], "parent" : 0, "left" : 3, "right" : 4, "svalue" : 4, "sindex" : 10 },
			"Node_02" : { "leaf_value" : [ ], "parent" : 0, "left" : 5, "right" : 6, "svalue" : 10, "sindex" : 4 },
			"Node_03" : { "leaf_value" : [ ], "parent" : 1, "left" : 7, "right" : 8, "svalue" : 2, "sindex" : 12 },
			"Node_04" : { "leaf_value" : [ ], "parent" : 1, "left" : 9, "right" : 10, "svalue" : 2, "sindex" : 12 },
			"Node_05" : { "leaf_value" : [ ], "parent" : 2, "left" : 11, "right" : 12, "svalue" : 2, "sindex" : 12 },
			"Node_06" : { "leaf_value" : [ ], "parent" : 2, "left" : 13, "right" : 14, "svalue" : 4, "sindex" : 10 },
			"Node_07" : { "leaf_value" : [ 0.16336378, -0.16336378 ], "parent" : 3, "left" : null, "right" : null, "svalue" : 0, "sindex" : 0 },
			"Node_08" : { "leaf_value" : [ ], "parent" : 3, "left" : 15, "right" : 16, "svalue" : 3, "sindex" : 12 },
			"Node_09" : { "leaf_value" : [ ], "parent" : 4, "left" : 17, "right" : 18, "svalue" : 10, "sindex" : 4 },
			"Node_10" : { "leaf_value" : [ -0.16175798, 0.16175792 ], "parent" : 4, "left" : null, "right" : null, "svalue" : 0, "sindex" : 0 },
			"Node_11" : { "leaf_value" : [ ], "parent" : 5, "left" : 19, "right" : 20, "svalue" : 4, "sindex" : 10 },
			"Node_12" : { "leaf_value" : [ ], "parent" : 5, "left" : 21, "right" : 22, "svalue" : 3, "sindex" : 0 },
			"Node_13" : { "leaf_value" : [ ], "parent" : 6, "left" : 23, "right" : 24, "svalue" : 3, "sindex" : 12 },
			"Node_14" : { "leaf_value" : [ ], "parent" : 6, "left" : 25, "right" : 26, "svalue" : 4, "sindex" : 0 },
			"Node_15" : { "leaf_value" : [ ], "parent" : 8, "left" : 27, "right" : 28, "svalue" : 4, "sindex" : 11 },
			"Node_16" : { "leaf_value" : [ ], "parent" : 8, "left" : 29, "right" : 30, "svalue" : 157932, "sindex" : 2 },
			"Node_17" : { "leaf_value" : [ 0.11782011, -0.11782012 ], "parent" : 9, "left" : null, "right" : null, "svalue" : 0, "sindex" : 0 },
			"Node_18" : { "leaf_value" : [ -0.079681247, 0.079681233 ], "parent" : 9, "left" : null, "right" : null, "svalue" : 0, "sindex" : 0 },
			"Node_19" : { "leaf_value" : [ ], "parent" : 11, "left" : 31, "right" : 32, "svalue" : 4, "sindex" : 11 },
			"Node_20" : { "leaf_value" : [ ], "parent" : 11, "left" : 33, "right" : 34, "svalue" : 3, "sindex" : 0 },
			"Node_21" : { "leaf_value" : [ ], "parent" : 12, "left" : 35, "right" : 36, "svalue" : 4, "sindex" : 10 },
			"Node_22" : { "leaf_value" : [ ], "parent" : 12, "left" : 37, "right" : 38, "svalue" : 9, "sindex" : 4 },
			"Node_23" : { "leaf_value" : [ ], "parent" : 13, "left" : 39, "right" : 40, "svalue" : 13, "sindex" : 4 },
			"Node_24" : { "leaf_value" : [ ], "parent" : 13, "left" : 41, "right" : 42, "svalue" : 106069, "sindex" : 2 },
			"Node_25" : { "leaf_value" : [ -0.18074517, 0.18074518 ], "parent" : 14, "left" : null, "right" : null, "svalue" : 0, "sindex" : 0 },
			"Node_26" : { "leaf_value" : [ ], "parent" : 14, "left" : 43, "right" : 44, "svalue" : 260254, "sindex" : 2 },
			"Node_27" : { "leaf_value" : [ ], "parent" : 15, "left" : 45, "right" : 46, "svalue" : 13, "sindex" : 4 },
			"Node_28" : { "leaf_value" : [ ], "parent" : 15, "left" : 47, "right" : 48, "svalue" : 10, "sindex" : 4 },
			"Node_29" : { "leaf_value" : [ 0.12538026, -0.12538029 ], "parent" : 16, "left" : null, "right" : null, "svalue" : 0, "sindex" : 0 },
			"Node_30" : { "leaf_value" : [ ], "parent" : 16, "left" : 49, "right" : 50, "svalue" : 13, "sindex" : 4 },
			"Node_31" : { "leaf_value" : [ ], "parent" : 19, "left" : 51, "right" : 52, "svalue" : 2, "sindex" : 0 },
			"Node_32" : { "leaf_value" : [ ], "parent" : 19, "left" : 53, "right" : 54, "svalue" : 157932, "sindex" : 2 },
			"Node_33" : { "leaf_value" : [ -0.0090862112, 0.0090862056 ], "parent" : 20, "left" : null, "right" : null, "svalue" : 0, "sindex" : 0 },
			"Node_34" : { "leaf_value" : [ -0.15280759, 0.15280758 ], "parent" : 20, "left" : null, "right" : null, "svalue" : 0, "sindex" : 0 },
			"Node_35" : { "leaf_value" : [ ], "parent" : 21, "left" : 55, "right" : 56, "svalue" : 9, "sindex" : 4 },
			"Node_36" : { "leaf_value" : [ ], "parent" : 21, "left" : 57, "right" : 58, "svalue" : 4, "sindex" : 12 },
			"Node_37" : { "leaf_value" : [ ], "parent" : 22, "left" : 59, "right" : 60, "svalue" : 3, "sindex" : 12 },
			"Node_38" : { "leaf_value" : [ ], "parent" : 22, "left" : 61, "right" : 62, "svalue" : 4, "sindex" : 0 },
			"Node_39" : { "leaf_value" : [ ], "parent" : 23, "left" : 63, "right" : 64, "svalue" : 3, "sindex" : 0 },
			"Node_40" : { "leaf_value" : [ ], "parent" : 23, "left" : 65, "right" : 66, "svalue" : 1, "sindex" : 12 },
			"Node_41" : { "leaf_value" : [ ], "parent" : 24, "left" : 67, "right" : 68, "svalue" : 16, "sindex" : 4 },
			"Node_42" : { "leaf_value" : [ ], "parent" : 24, "left" : 69, "right" : 70, "svalue" : 2, "sindex" : 0 },
			"Node_43" : { "leaf_value" : [ -0.1625365, 0.16253647 ], "parent" : 26, "left" : null, "right" : null, "svalue" : 0, "sindex" : 0 },
			"Node_44" : { "leaf_value" : [ ], "parent" : 26, "left" : 71, "right" : 72, "svalue" : 13, "sindex" : 4 },
			"Node_45" : { "leaf_value" : [ 0.14754394, -0.14754361 ], "parent" : 27, "left" : null, "right" : null, "svalue" : 0, "sindex" : 0 },
			"Node_46" : { "leaf_value" : [ 0.11471725, -0.11471725 ], "parent" : 27, "left" : null, "right" : null, "svalue" : 0, "sindex" : 0 },
			"Node_47" : { "leaf_value" : [ 0.13652049, -0.1365205 ], "parent" : 28, "left" : null, "right" : null, "svalue" : 0, "sindex" : 0 },
			"Node_48" : { "leaf_value" : [ -0.11392948, 0.11392945 ], "parent" : 28, "left" : null, "right" : null, "svalue" : 0, "sindex" : 0 },
			"Node_49" : { "leaf_value" : [ 0.10346886, -0.10346884 ], "parent" : 30, "left" : null, "right" : null, "svalue" : 0, "sindex" : 0 },
			"Node_50" : { "leaf_value" : [ 0.061556567, -0.061556708 ], "parent" : 30, "left" : null, "right" : null, "svalue" : 0, "sindex" : 0 },
			"Node_51" : { "leaf_value" : [ 0.14251457, -0.14251457 ], "parent" : 31, "left" : null, "right" : null, "svalue" : 0, "sindex" : 0 },
			"Node_52" : { "leaf_value" : [ 0.10828026, -0.10828023 ], "parent" : 31, "left" : null, "right" : null, "svalue" : 0, "sindex" : 0 },
			"Node_53" : { "leaf_value" : [ 0.12614545, -0.12614547 ], "parent" : 32, "left" : null, "right" : null, "svalue" : 0, "sindex" : 0 },
			"Node_54" : { "leaf_value" : [ -0.2650454, 0.2650454 ], "parent" : 32, "left" : null, "right" : null, "svalue" : 0, "sindex" : 0 },
			"Node_55" : { "leaf_value" : [ 0.10663726, -0.10663726 ], "parent" : 35, "left" : null, "right" : null, "svalue" : 0, "sindex" : 0 },
			"Node_56" : { "leaf_value" : [ 0.059001487, -0.059001487 ], "parent" : 35, "left" : null, "right" : null, "svalue" : 0, "sindex" : 0 },
			"Node_57" : { "leaf_value" : [ -0.18177164, 0.18177159 ], "parent" : 36, "left" : null, "right" : null, "svalue" : 0, "sindex" : 0 },
			"Node_58" : { "leaf_value" : [ -0.022242796, 0.022242796 ], "parent" : 36, "left" : null, "right" : null, "svalue" : 0, "sindex" : 0 },
			"Node_59" : { "leaf_value" : [ 0.077528253, -0.077528253 ], "parent" : 37, "left" : null, "right" : null, "svalue" : 0, "sindex" : 0 },
			"Node_60" : { "leaf_value" : [ 0.022945974, -0.022945885 ], "parent" : 37, "left" : null, "right" : null, "svalue" : 0, "sindex" : 0 },
			"Node_61" : { "leaf_value" : [ -0.010174943, 0.010174947 ], "parent" : 38, "left" : null, "right" : null, "svalue" : 0, "sindex" : 0 },
			"Node_62" : { "leaf_value" : [ 0.028249359, -0.028249355 ], "parent" : 38, "left" : null, "right" : null, "svalue" : 0, "sindex" : 0 },
			"Node_63" : { "leaf_value" : [ 0.040818147, -0.040818147 ], "parent" : 39, "left" : null, "right" : null, "svalue" : 0, "sindex" : 0 },
			"Node_64" : { "leaf_value" : [ 0.00078019704, -0.00078021403 ], "parent" : 39, "left" : null, "right" : null, "svalue" : 0, "sindex" : 0 },
			"Node_65" : { "leaf_value" : [ 0.047255456, -0.047255278 ], "parent" : 40, "left" : null, "right" : null, "svalue" : 0, "sindex" : 0 },
			"Node_66" : { "leaf_value" : [ -0.011098024, 0.011098036 ], "parent" : 40, "left" : null, "right" : null, "svalue" : 0, "sindex" : 0 },
			"Node_67" : { "leaf_value" : [ 0.007929733, -0.007929747 ], "parent" : 41, "left" : null, "right" : null, "svalue" : 0, "sindex" : 0 },
			"Node_68" : { "leaf_value" : [ -0.11549412, 0.11549412 ], "parent" : 41, "left" : null, "right" : null, "svalue" : 0, "sindex" : 0 },
			"Node_69" : { "leaf_value" : [ -0.010800686, 0.010800682 ], "parent" : 42, "left" : null, "right" : null, "svalue" : 0, "sindex" : 0 },
			"Node_70" : { "leaf_value" : [ -0.051758144, 0.051758148 ], "parent" : 42, "left" : null, "right" : null, "svalue" : 0, "sindex" : 0 },
			"Node_71" : { "leaf_value" : [ -0.011464605, 0.011464597 ], "parent" : 44, "left" : null, "right" : null, "svalue" : 0, "sindex" : 0 },
			"Node_72" : { "leaf_value" : [ -0.11236151, 0.11236143 ], "parent" : 44, "left" : null, "right" : null, "svalue" : 0, "sindex" : 0 }
		},
		"Tree_5" : {
			"Node_00" : { "leaf_value" : [ ], "parent" : null, "left" : 1, "right" : 2, "svalue" : 1, "sindex" : 0 },
			"Node_01" : { "leaf_value" : [ ], "parent" : 0, "left" : 3, "right" : 4, "svalue" : 2, "sindex" : 12 },
			"Node_02" : { "leaf_value" : [ ], "parent" : 0, "left" : 5, "right" : 6, "svalue" : 4, "sindex" : 10 },
			"Node_03" : { "leaf_value" : [ ], "parent" : 1, "left" : 7, "right" : 8, "svalue" : 4, "sindex" : 10 },
			"Node_04" : { "leaf_value" : [ ], "parent" : 1, "left" : 9, "right" : 10, "svalue" : 4, "sindex" : 10 },
			"Node_05" : { "leaf_value" : [ ], "parent" : 2, "left" : 11, "right" : 12, "svalue" : 10, "sindex" : 4 },
			"Node_06" : { "leaf_value" : [ ], "parent" : 2, "left" : 13, "right" : 14, "svalue" : 4, "sindex" : 0 },
			"Node_07" : { "leaf_value" : [ ], "parent" : 3, "left" : 15, "right" : 16, "svalue" : 13, "sindex" : 4 },
			"Node_08" : { "leaf_value" : [ ], "parent" : 3, "left" : 17, "right" : 18, "svalue" : 10, "sindex" : 4 },
			"Node_09" : { "leaf_value" : [ ], "parent" : 4, "left" : 19, "right" : 20, "svalue" : 10, "sindex" : 4 },
			"Node_10" : { "leaf_value" : [ -0.14762224, 0.14761911 ], "parent" : 4, "left" : null, "right" : null, "svalue" : 0, "sindex" : 0 },
			"Node_11" : { "leaf_value" : [ ], "parent" : 5, "left" : 21, "right" : 22, "svalue" : 3, "sindex" : 12 },
			"Node_12" : { "leaf_value" : [ ], "parent" : 5, "left" : 23, "right" : 24, "svalue" : 4, "sindex" : 11 },
			"Node_13" : { "leaf_value" : [ -0.16850869, 0.1685088 ], "parent" : 6, "left" : null, "right" : null, "svalue" : 0, "sindex" : 0 },
			"Node_14" : { "leaf_value" : [ ], "parent" : 6, "left" : 25, "right" : 26, "svalue" : 13, "sindex" : 4 },
			"Node_15" : { "leaf_value" : [ 0.158409, -0.158409 ], "parent" : 7, "left" : null, "right" : null, "svalue" : 0, "sindex" : 0 },
			"Node_16" : { "leaf_value" : [ ], "parent" : 7, "left" : 27, "right" : 28, "svalue" : 106069, "sindex" : 2 },
			"Node_17" : { "leaf_value" : [ 0.10578213, -0.10578213 ], "parent" : 8, "left" : null, "right" : null, "svalue" : 0, "sindex" : 0 },
			"Node_18" : { "leaf_value" : [ -0.066080205, 0.066080198 ], "parent" : 8, "left" : null, "right" : null, "svalue" : 0, "sindex" : 0 },
			"Node_19" : { "leaf_value" : [ ], "parent" : 9, "left" : 29, "right" : 30, "svalue" : 3, "sindex" : 12 },
			"Node_20" : { "leaf_value" : [ ], "parent" : 9, "left" : 31, "right" : 32, "svalue" : 4, "sindex" : 11 },
			"Node_21" : { "leaf_value" : [ ], "parent" : 11, "left" : 33, "right" : 34, "svalue" : 2, "sindex" : 0 },
			"Node_22" : { "leaf_value" : [ ], "parent" : 11, "left" : 35, "right" : 36, "svalue" : 2, "sindex" : 0 },
			"Node_23" : { "leaf_value" : [ ], "parent" : 12, "left" : 37, "right" : 38, "svalue" : 2, "sindex" : 12 },
			"Node_24" : { "leaf_value" : [ ], "parent" : 12, "left" : 39, "right" : 40, "svalue" : 157932, "sindex" : 2 },
			"Node_25" : { "leaf_value" : [ ], "parent" : 14, "left" : 41, "right" : 42, "svalue" : 3, "sindex" : 12 },
			"Node_26" : { "leaf_value" : [ -0.15049797, 0.15049757 ], "parent" : 14, "left" : null, "right" : null, "svalue" : 0, "sindex" : 0 },
			"Node_27" : { "leaf_value" : [ 0.085063525, -0.085063353 ], "parent" : 16, "left" : null, "right" : null, "svalue" : 0, "sindex" : 0 },
			"Node_28" : { "leaf_value" : [ ], "parent" : 16, "left" : 43, "right" : 44, "svalue" : 260254, "sindex" : 2 },
			"Node_29" : { "leaf_value" : [ 0.14507, -0.14507 ], "parent" : 19, "left" : null, "right" : null, "svalue" : 0, "sindex" : 0 },
			"Node_30" : { "leaf_value" : [ ], "parent" : 19, "left" : 45, "right" : 46, "svalue" : 157932, "sindex" : 2 },
			"Node_31" : { "leaf_value" : [ ], "parent" : 20, "left" : 47, "right" : 48, "svalue" : 3, "sindex" : 12 },
			"Node_32" : { "leaf_value" : [ ], "parent" : 20, "left" : 49, "right" : 50, "svalue" : 106069, "sindex" : 2 },
			"Node_33" : { "leaf_value" : [ ], "parent" : 21, "left" : 51, "right" : 52, "svalue" : 9, "sindex" : 4 },
			"Node_34" : { "leaf_value" : [ ], "parent" : 21, "left" : 53, "right" : 54, "svalue" : 2, "sindex" : 12 },
			"Node_35" : { "leaf_value" : [ ], "parent" : 22, "left" : 55, "right" : 56, "svalue" : 9, "sindex" : 4 },
			"Node_36" : { "leaf_value" : [ ], "parent" : 22, "left" : 57, "right" : 58, "svalue" : 106069, "sindex" : 2 },
			"Node_37" : { "leaf_value" : [ ], "parent" : 23, "left" : 59, "right" : 60, "svalue" : 2, "sindex" : 0 },
			"Node_38" : { "leaf_value" : [ ], "parent" : 23, "left" : 61, "right" : 62, "svalue" : 3, "sindex" : 0 },
			"Node_39" : { "leaf_value" : [ ], "parent" : 24, "left" : 63, "right" : 64, "svalue" : 13, "sindex" : 4 },
			"Node_40" : { "leaf_value" : [ ], "parent" : 24, "left" : 65, "right" : 66, "svalue" : 196308, "sindex" : 2 },
			"Node_41" : { "leaf_value" : [ ], "parent" : 25, "left" : 67, "right" : 68, "svalue" : 106069, "sindex" : 2 },
			"Node_42" : { "leaf_value" : [ -0.15793468, 0.15793464 ], "parent" : 25, "left" : null, "right" : null, "svalue" : 0, "sindex" : 0 },
			"Node_43" : { "leaf_value" : [ 0.1510611, -0.15106098 ], "parent" : 28, "left" : null, "right" : null, "svalue" : 0, "sindex" : 0 },
			"Node_44" : { "leaf_value" : [ 0.10327798, -0.10327809 ], "parent" : 28, "left" : null, "right" : null, "svalue" : 0, "sindex" : 0 },
			"Node_45" : { "leaf_value" : [ 0.12631503, -0.12631495 ], "parent" : 30, "left" : null, "right" : null, "svalue" : 0, "sindex" : 0 },
			"Node_46" : { "leaf_value" : [ 0.095739327, -0.09573932 ], "parent" : 30, "left" : null, "right" : null, "svalue" : 0, "sindex" : 0 },
			"Node_47" : { "leaf_value" : [ 0.11646368, -0.11646368 ], "parent" : 31, "left" : null, "right" : null, "svalue" : 0, "sindex" : 0 },
			"Node_48" : { "leaf_value" : [ 0.076474331, -0.076474331 ], "parent" : 31, "left" : null, "right" : null, "svalue" : 0, "sindex" : 0 },
			"Node_49" : { "leaf_value" : [ -0.098377153, 0.098377146 ], "parent" : 32, "left" : null, "right" : null, "svalue" : 0, "sindex" : 0 },
			"Node_50" : { "leaf_value" : [ -0.03455019, 0.034550179 ], "parent" : 32, "left" : null, "right" : null, "svalue" : 0, "sindex" : 0 },
			"Node_51" : { "leaf_value" : [ 0.12807176, -0.12807176 ], "parent" : 33, "left" : null, "right" : null, "svalue" : 0, "sindex" : 0 },
			"Node_52" : { "leaf_value" : [ 0.080182672, -0.080182657 ], "parent" : 33, "left" : null, "right" : null, "svalue" : 0, "sindex" : 0 },
			"Node_53" : { "leaf_value" : [ 0.090436921, -0.090436921 ], "parent" : 34, "left" : null, "right" : null, "svalue" : 0, "sindex" : 0 },
			"Node_54" : { "leaf_value" : [ 0.034110203, -0.0341102 ], "parent" : 34, "left" : null, "right" : null, "svalue" : 0, "sindex" : 0 },
			"Node_55" : { "leaf_value" : [ 0.08128567, -0.081285752 ], "parent" : 35, "left" : null, "right" : null, "svalue" : 0, "sindex" : 0 },
			"Node_56" : { "leaf_value" : [ 0.028406734, -0.028406734 ], "parent" : 35, "left" : null, "right" : null, "svalue" : 0, "sindex" : 0 },
			"Node_57" : { "leaf_value" : [ 0.031137604, -0.031137601 ], "parent" : 36, "left" : null, "right" : null, "svalue" : 0, "sindex" : 0 },
			"Node_58" : { "leaf_value" : [ -0.014596114, 0.01459612 ], "parent" : 36, "left" : null, "right" : null, "svalue" : 0, "sindex" : 0 },
			"Node_59" : { "leaf_value" : [ 0.075422145, -0.075422145 ], "parent" : 37, "left" : null, "right" : null, "svalue" : 0, "sindex" : 0 },
			"Node_60" : { "leaf_value" : [ 0.028999796, -0.028999856 ], "parent" : 37, "left" : null, "right" : null, "svalue" : 0, "sindex" : 0 },
			"Node_61" : { "leaf_value" : [ 0.0052118967, -0.0052118981 ], "parent" : 38, "left" : null, "right" : null, "svalue" : 0, "sindex" : 0 },
			"Node_62" : { "leaf_value" : [ -0.027483923, 0.027483923 ], "parent" : 38, "left" : null, "right" : null, "svalue" : 0, "sindex" : 0 },
			"Node_63" : { "leaf_value" : [ -0.2480755, 0.24807547 ], "parent" : 39, "left" : null, "right" : null, "svalue" : 0, "sindex" : 0 },
			"Node_64" : { "leaf_value" : [ -0.14432736, 0.14432739 ], "parent" : 39, "left" : null, "right" : null, "svalue" : 0, "sindex" : 0 },
			"Node_65" : { "leaf_value" : [ -0.06306617, 0.063066177 ], "parent" : 40, "left" : null, "right" : null, "svalue" : 0, "sindex" : 0 },
			"Node_66" : { "leaf_value" : [ -0.14409371, 0.14409371 ], "parent" : 40, "left" : null, "right" : null, "svalue" : 0, "sindex" : 0 },
			"Node_67" : { "leaf_value" : [ -0.045301896, 0.045301899 ], "parent" : 41, "left" : null, "right" : null, "svalue" : 0, "sindex" : 0 },
			"Node_68" : { "leaf_value" : [ -0.097433783, 0.097433798 ], "parent" : 41, "left" : null, "right" : null, "svalue" : 0, "sindex" : 0 }
		}
	}
}
TREE_JSON_DUMP_END
MCU_DEPLOY_CLASSIFICATION_CODE step 6
MCU_DEPLOY_CLASSIFICATION_CODE step 7
MLLITE_AUTO_DEPLOY_CENSUS_ORIGINAL_APPLY_OUTPUT_CLASS  [ "<=50K", "<=50K", "<=50K", "<=50K", "<=50K",  ... , "<=50K", "<=50K", ">50K", "<=50K", "<=50K" ]
MLLITE_AUTO_DEPLOY_CENSUS_ORIGINAL_APPLY_OUTPUT_PROBA 0 [ 0.51136476, 0.4886353 ]
MLLITE_AUTO_DEPLOY_CENSUS_ORIGINAL_APPLY_OUTPUT_PROBA 1 [ 0.68100005, 0.31900001 ]
MLLITE_AUTO_DEPLOY_CENSUS_ORIGINAL_APPLY_OUTPUT_PROBA 2 [ 0.7667135, 0.23328653 ]
MLLITE_AUTO_DEPLOY_CENSUS_ORIGINAL_APPLY_OUTPUT_PROBA 3 [ 0.86716861, 0.1328315 ]
MLLITE_AUTO_DEPLOY_CENSUS_ORIGINAL_APPLY_OUTPUT_PROBA 4 [ 0.67912048, 0.32087949 ]
...
MLLITE_AUTO_DEPLOY_CENSUS_ORIGINAL_APPLY_OUTPUT_PROBA 48837 [ 0.51136476, 0.4886353 ]
MLLITE_AUTO_DEPLOY_CENSUS_ORIGINAL_APPLY_OUTPUT_PROBA 48838 [ 0.75553268, 0.24446729 ]
MLLITE_AUTO_DEPLOY_CENSUS_ORIGINAL_APPLY_OUTPUT_PROBA 48839 [ 0.3892785, 0.61072153 ]
MLLITE_AUTO_DEPLOY_CENSUS_ORIGINAL_APPLY_OUTPUT_PROBA 48840 [ 0.51136476, 0.4886353 ]
MLLITE_AUTO_DEPLOY_CENSUS_ORIGINAL_APPLY_OUTPUT_PROBA 48841 [ 0.54455209, 0.45544788 ]
MLLITE_AUTO_DEPLOY_CENSUS_ORIGINAL_CLASS_PERFS { "count" : 48842, "precision" : 0.80709225,  "AUC" : [ 0.038636658, 0.038636658 ] }
This will be printed
MCU_DEPLOY_CLASSIFICATION_CODE step 8
MCU_DEPLOY_CLASSIFICATION_CODE done
MLLITE_MCU_TIMER_OPERATION_ELAPSED_SECONDS 'MLLITE.MCU_DEPLOY.CLASSIFICATION.Friedman_XGB.CENSUS_ORIGINAL' 82
MLLITE_MCU_TIMER_OPERATION_END 'MLLITE.MCU_DEPLOY.CLASSIFICATION.Friedman_XGB.CENSUS_ORIGINAL' [ 'Tue Jan 23 09:45:44 2024' ]
MCU_DEPLOY_ON_TARGET_X86_64_END
