MCU_DEPLOY_ON_TARGET_X86_64_START
MLLITE_MCU_TIMER_OPERATION_START 'MLLITE.MCU_DEPLOY.CLASSIFICATION.Friedman_XGB.FOURCLASS_10_MEDIUM' [ 'Tue Jan 23 09:44:22 2024' ]
MLLite starting
MCU_DEPLOY_CLASSIFICATION_CODE step 1
MCU_DEPLOY_CLASSIFICATION_CODE step 2
MCU_DEPLOY_CLASSIFICATION_CODE step 3
MCU_DEPLOY_CLASSIFICATION_MODEL_OPTIONS
{ "base_score" : [ ], "early_stopping_rounds" : 0, "eval_metric" : "", "gamma" : 0, "grow_policy" : 0, "learning_rate" : 0.30000001, "max_bin" : 5, "max_depth" : 6, "max_leaves" : 0, "min_child_weight" : 1, "n_estimators" : 6, "objective" : "reg:squarederror", "reg_alpha" : 0, "reg_lambda" : 1, "tree_method" : "auto" }
MCU_DEPLOY_CLASSIFICATION_CODE step 4
PROGRESS_REPORT_ELAPSED_TOTAL 'XGB_CLASSIFIER_FIT' 1 3
PROGRESS_REPORT_ELAPSED_TOTAL 'XGB_CLASSIFIER_FIT' 2 3
PROGRESS_REPORT_ELAPSED_TOTAL 'XGB_MODEL_FIT' 1 8
PROGRESS_REPORT_ELAPSED_TOTAL 'XGB_MODEL_FIT' 2 8
PROGRESS_REPORT_ELAPSED_TOTAL 'XGB_MODEL_FIT' 3 8
PROGRESS_REPORT_ELAPSED_TOTAL 'XGB_MODEL_FIT' 4 8
PROGRESS_REPORT_ELAPSED_TOTAL 'XGB_MODEL_FIT' 5 8
PROGRESS_REPORT_ELAPSED_TOTAL 'XGB_MODEL_FIT' 6 8
PROGRESS_REPORT_ELAPSED_TOTAL 'XGB_MODEL_FIT' 7 8
PROGRESS_REPORT_ELAPSED_TOTAL 'XGB_MODEL_FIT' 8 8
PROGRESS_REPORT_ELAPSED_TOTAL 'XGB_CLASSIFIER_FIT' 3 3
MCU_DEPLOY_CLASSIFICATION_CODE step 5
TREE_JSON_DUMP_START
{
	"metadata" : { "model" : "Friedman_XGB", "version" : "2024-W03"},
	"options" : { "base_score" : [ ], "early_stopping_rounds" : 0, "eval_metric" : "", "gamma" : 0, "grow_policy" : 0, "learning_rate" : 0.30000001, "max_bin" : 5, "max_depth" : 6, "max_leaves" : 0, "min_child_weight" : 1, "n_estimators" : 6, "objective" : "reg:squarederror", "reg_alpha" : 0, "reg_lambda" : 1, "tree_method" : "auto" },
	"classes" : [ 0, 1, 2, 3 ],
	"booster" : {
		"BaseScore" : [ 0.25390625, 0.26757812, 0.23242188, 0.24609375 ],
		"Trees" : 6,
		"Tree_0" : {
			"Node_00" : { "leaf_value" : [ ], "parent" : null, "left" : 1, "right" : 2, "svalue" : -0.05970088, "sindex" : 7 },
			"Node_01" : { "leaf_value" : [ ], "parent" : 0, "left" : 3, "right" : 4, "svalue" : -0.34454748, "sindex" : 8 },
			"Node_02" : { "leaf_value" : [ ], "parent" : 0, "left" : 5, "right" : 6, "svalue" : -0.34454748, "sindex" : 8 },
			"Node_03" : { "leaf_value" : [ ], "parent" : 1, "left" : 7, "right" : 8, "svalue" : -0.26270461, "sindex" : 3 },
			"Node_04" : { "leaf_value" : [ ], "parent" : 1, "left" : 9, "right" : 10, "svalue" : 0.7267701, "sindex" : 3 },
			"Node_05" : { "leaf_value" : [ ], "parent" : 2, "left" : 11, "right" : 12, "svalue" : 0.7267701, "sindex" : 3 },
			"Node_06" : { "leaf_value" : [ ], "parent" : 2, "left" : 13, "right" : 14, "svalue" : 0.7267701, "sindex" : 3 },
			"Node_07" : { "leaf_value" : [ ], "parent" : 3, "left" : 15, "right" : 16, "svalue" : -0.58348125, "sindex" : 0 },
			"Node_08" : { "leaf_value" : [ ], "parent" : 3, "left" : 17, "right" : 18, "svalue" : -0.58348125, "sindex" : 0 },
			"Node_09" : { "leaf_value" : [ ], "parent" : 4, "left" : 19, "right" : 20, "svalue" : 0.36367744, "sindex" : 0 },
			"Node_10" : { "leaf_value" : [ ], "parent" : 4, "left" : 21, "right" : 22, "svalue" : -0.24942224, "sindex" : 1 },
			"Node_11" : { "leaf_value" : [ ], "parent" : 5, "left" : 23, "right" : 24, "svalue" : 0.98466164, "sindex" : 6 },
			"Node_12" : { "leaf_value" : [ ], "parent" : 5, "left" : 25, "right" : 26, "svalue" : -0.80774945, "sindex" : 9 },
			"Node_13" : { "leaf_value" : [ ], "parent" : 6, "left" : 27, "right" : 28, "svalue" : -2.2099195, "sindex" : 6 },
			"Node_14" : { "leaf_value" : [ ], "parent" : 6, "left" : 29, "right" : 30, "svalue" : -0.58348125, "sindex" : 0 },
			"Node_15" : { "leaf_value" : [ ], "parent" : 7, "left" : 31, "right" : 32, "svalue" : -1.7437985, "sindex" : 3 },
			"Node_16" : { "leaf_value" : [ ], "parent" : 7, "left" : 33, "right" : 34, "svalue" : 0.36367744, "sindex" : 0 },
			"Node_17" : { "leaf_value" : [ ], "parent" : 8, "left" : 35, "right" : 36, "svalue" : -0.8634733, "sindex" : 4 },
			"Node_18" : { "leaf_value" : [ ], "parent" : 8, "left" : 37, "right" : 38, "svalue" : 0.7267701, "sindex" : 3 },
			"Node_19" : { "leaf_value" : [ ], "parent" : 9, "left" : 39, "right" : 40, "svalue" : -1.7437985, "sindex" : 3 },
			"Node_20" : { "leaf_value" : [ ], "parent" : 9, "left" : 41, "right" : 42, "svalue" : 0.52183598, "sindex" : 8 },
			"Node_21" : { "leaf_value" : [ ], "parent" : 10, "left" : 43, "right" : 44, "svalue" : 0.36367744, "sindex" : 0 },
			"Node_22" : { "leaf_value" : [ -0.10614486, 0.17353019, -0.10468138, 0.035765734 ], "parent" : 10, "left" : null, "right" : null, "svalue" : 0, "sindex" : 0 },
			"Node_23" : { "leaf_value" : [ ], "parent" : 11, "left" : 45, "right" : 46, "svalue" : -1.2274505, "sindex" : 8 },
			"Node_24" : { "leaf_value" : [ ], "parent" : 11, "left" : 47, "right" : 48, "svalue" : -1.2274505, "sindex" : 8 },
			"Node_25" : { "leaf_value" : [ -0.10614485, -0.10709003, 0.17944226, 0.035765804 ], "parent" : 12, "left" : null, "right" : null, "svalue" : 0, "sindex" : 0 },
			"Node_26" : { "leaf_value" : [ ], "parent" : 12, "left" : 49, "right" : 50, "svalue" : -1.1773754, "sindex" : 1 },
			"Node_27" : { "leaf_value" : [ ], "parent" : 13, "left" : 51, "right" : 52, "svalue" : 0.36367744, "sindex" : 0 },
			"Node_28" : { "leaf_value" : [ ], "parent" : 13, "left" : 53, "right" : 54, "svalue" : 0.98466164, "sindex" : 6 },
			"Node_29" : { "leaf_value" : [ ], "parent" : 14, "left" : 55, "right" : 56, "svalue" : 0.82447571, "sindex" : 5 },
			"Node_30" : { "leaf_value" : [ ], "parent" : 14, "left" : 57, "right" : 58, "svalue" : 0.82447571, "sindex" : 5 },
			"Node_31" : { "leaf_value" : [ ], "parent" : 15, "left" : 59, "right" : 60, "svalue" : -1.2934062, "sindex" : 0 },
			"Node_32" : { "leaf_value" : [ ], "parent" : 15, "left" : 61, "right" : 62, "svalue" : 1.4919269, "sindex" : 1 },
			"Node_33" : { "leaf_value" : [ ], "parent" : 16, "left" : 63, "right" : 64, "svalue" : -1.0434253, "sindex" : 3 },
			"Node_34" : { "leaf_value" : [ ], "parent" : 16, "left" : 65, "right" : 66, "svalue" : 0.93269801, "sindex" : 9 },
			"Node_35" : { "leaf_value" : [ -0.10614485, 0.033220053, 0.037380457, 0.035765804 ], "parent" : 17, "left" : null, "right" : null, "svalue" : 0, "sindex" : 0 },
			"Node_36" : { "leaf_value" : [ ], "parent" : 17, "left" : 67, "right" : 68, "svalue" : 0.27053717, "sindex" : 4 },
			"Node_37" : { "leaf_value" : [ ], "parent" : 18, "left" : 69, "right" : 70, "svalue" : 0.98466164, "sindex" : 6 },
			"Node_38" : { "leaf_value" : [ ], "parent" : 18, "left" : 71, "right" : 72, "svalue" : -0.87563473, "sindex" : 2 },
			"Node_39" : { "leaf_value" : [ ], "parent" : 19, "left" : 73, "right" : 74, "svalue" : 1.4078186, "sindex" : 8 },
			"Node_40" : { "leaf_value" : [ ], "parent" : 19, "left" : 75, "right" : 76, "svalue" : -0.75524002, "sindex" : 7 },
			"Node_41" : { "leaf_value" : [ ], "parent" : 20, "left" : 77, "right" : 78, "svalue" : -0.80774945, "sindex" : 9 },
			"Node_42" : { "leaf_value" : [ ], "parent" : 20, "left" : 79, "right" : 80, "svalue" : -1.3937322, "sindex" : 7 },
			"Node_43" : { "leaf_value" : [ ], "parent" : 21, "left" : 81, "right" : 82, "svalue" : 0.32136342, "sindex" : 9 },
			"Node_44" : { "leaf_value" : [ ], "parent" : 21, "left" : 83, "right" : 84, "svalue" : -1.1773754, "sindex" : 1 },
			"Node_45" : { "leaf_value" : [ -0.12027587, -0.12126949, 0.36467618, -0.11971341 ], "parent" : 23, "left" : null, "right" : null, "svalue" : 0, "sindex" : 0 },
			"Node_46" : { "leaf_value" : [ ], "parent" : 23, "left" : 85, "right" : 86, "svalue" : 0.27053717, "sindex" : 4 },
			"Node_47" : { "leaf_value" : [ ], "parent" : 24, "left" : 87, "right" : 88, "svalue" : 0.18889479, "sindex" : 2 },
			"Node_48" : { "leaf_value" : [ ], "parent" : 24, "left" : 89, "right" : 90, "svalue" : 0.82399303, "sindex" : 2 },
			"Node_49" : { "leaf_value" : [ -0.000459189, -0.12126949, -0.11873814, 0.2408617 ], "parent" : 26, "left" : null, "right" : null, "svalue" : 0, "sindex" : 0 },
			"Node_50" : { "leaf_value" : [ -0.10614485, 0.033220053, -0.10468135, 0.17714122 ], "parent" : 26, "left" : null, "right" : null, "svalue" : 0, "sindex" : 0 },
			"Node_51" : { "leaf_value" : [ ], "parent" : 27, "left" : 91, "right" : 92, "svalue" : 1.4919269, "sindex" : 1 },
			"Node_52" : { "leaf_value" : [ -0.13071728, 0.38606539, -0.12914309, -0.13014135 ], "parent" : 27, "left" : null, "right" : null, "svalue" : 0, "sindex" : 0 },
			"Node_53" : { "leaf_value" : [ ], "parent" : 28, "left" : 93, "right" : 94, "svalue" : 0.97715688, "sindex" : 7 },
			"Node_54" : { "leaf_value" : [ ], "parent" : 28, "left" : 95, "right" : 96, "svalue" : -0.26270461, "sindex" : 3 },
			"Node_55" : { "leaf_value" : [ -0.13874725, 0.40963292, -0.13715565, -0.13816482 ], "parent" : 29, "left" : null, "right" : null, "svalue" : 0, "sindex" : 0 },
			"Node_56" : { "leaf_value" : [ -0.10614485, 0.17353013, 0.037380461, -0.10560963 ], "parent" : 29, "left" : null, "right" : null, "svalue" : 0, "sindex" : 0 },
			"Node_57" : { "leaf_value" : [ ], "parent" : 30, "left" : 97, "right" : 98, "svalue" : 1.313001, "sindex" : 0 },
			"Node_58" : { "leaf_value" : [ 0.034841284, -0.10709003, 0.037380464, 0.035765793 ], "parent" : 30, "left" : null, "right" : null, "svalue" : 0, "sindex" : 0 },
			"Node_59" : { "leaf_value" : [ 0.18180646, -0.13173504, 0.081167161, -0.13014135 ], "parent" : 31, "left" : null, "right" : null, "svalue" : 0, "sindex" : 0 },
			"Node_60" : { "leaf_value" : [ -0.14511466, -0.14614958, 0.44077513, -0.14452948 ], "parent" : 31, "left" : null, "right" : null, "svalue" : 0, "sindex" : 0 },
			"Node_61" : { "leaf_value" : [ 0.41136014, -0.18049768, -0.11495866, -0.11644731 ], "parent" : 32, "left" : null, "right" : null, "svalue" : 0, "sindex" : 0 },
			"Node_62" : { "leaf_value" : [ 0.034841292, -0.10709004, 0.17944226, -0.10560965 ], "parent" : 32, "left" : null, "right" : null, "svalue" : 0, "sindex" : 0 },
			"Node_63" : { "leaf_value" : [ -0.017699327, -0.15560892, 0.33142459, -0.15398753 ], "parent" : 33, "left" : null, "right" : null, "svalue" : 0, "sindex" : 0 },
			"Node_64" : { "leaf_value" : [ 0.13768783, -0.13977689, -0.044089515, 0.04679095 ], "parent" : 33, "left" : null, "right" : null, "svalue" : 0, "sindex" : 0 },
			"Node_65" : { "leaf_value" : [ -0.13257372, -0.17417684, 0.48593691, -0.17258996 ], "parent" : 34, "left" : null, "right" : null, "svalue" : 0, "sindex" : 0 },
			"Node_66" : { "leaf_value" : [ -0.10614482, -0.10709004, 0.17944226, 0.035765801 ], "parent" : 34, "left" : null, "right" : null, "svalue" : 0, "sindex" : 0 },
			"Node_67" : { "leaf_value" : [ 0.41412285, -0.13977687, -0.13715565, -0.13816482 ], "parent" : 36, "left" : null, "right" : null, "svalue" : 0, "sindex" : 0 },
			"Node_68" : { "leaf_value" : [ 0.034841288, 0.033220053, -0.10468134, 0.035765797 ], "parent" : 36, "left" : null, "right" : null, "svalue" : 0, "sindex" : 0 },
			"Node_69" : { "leaf_value" : [ -0.10198257, -0.17667332, -0.062187362, 0.34303603 ], "parent" : 37, "left" : null, "right" : null, "svalue" : 0, "sindex" : 0 },
			"Node_70" : { "leaf_value" : [ -0.062508583, -0.14614959, 0.27383482, -0.061611261 ], "parent" : 37, "left" : null, "right" : null, "svalue" : 0, "sindex" : 0 },
			"Node_71" : { "leaf_value" : [ -0.075430594, -0.15132394, -0.14868709, 0.37634724 ], "parent" : 38, "left" : null, "right" : null, "svalue" : 0, "sindex" : 0 },
			"Node_72" : { "leaf_value" : [ -0.17865567, -0.17965806, -0.17711554, 0.53711843 ], "parent" : 38, "left" : null, "right" : null, "svalue" : 0, "sindex" : 0 },
			"Node_73" : { "leaf_value" : [ 0.31069064, -0.074238047, -0.069748983, -0.16770595 ], "parent" : 39, "left" : null, "right" : null, "svalue" : 0, "sindex" : 0 },
			"Node_74" : { "leaf_value" : [ -0.044428173, -0.16229345, -0.1596707, 0.36728004 ], "parent" : 39, "left" : null, "right" : null, "svalue" : 0, "sindex" : 0 },
			"Node_75" : { "leaf_value" : [ -0.13322513, -0.13466428, -0.16803597, 0.43695217 ], "parent" : 40, "left" : null, "right" : null, "svalue" : 0, "sindex" : 0 },
			"Node_76" : { "leaf_value" : [ -0.12894657, 0.16673575, -0.17014466, 0.12954873 ], "parent" : 40, "left" : null, "right" : null, "svalue" : 0, "sindex" : 0 },
			"Node_77" : { "leaf_value" : [ -0.12027587, -0.12126949, 0.36467618, -0.11971341 ], "parent" : 41, "left" : null, "right" : null, "svalue" : 0, "sindex" : 0 },
			"Node_78" : { "leaf_value" : [ -0.013373681, -0.1672679, -0.0099582803, 0.19257455 ], "parent" : 41, "left" : null, "right" : null, "svalue" : 0, "sindex" : 0 },
			"Node_79" : { "leaf_value" : [ 0.32448468, -0.087648973, -0.083774395, -0.15398753 ], "parent" : 42, "left" : null, "right" : null, "svalue" : 0, "sindex" : 0 },
			"Node_80" : { "leaf_value" : [ 0.0085395351, 0.079171434, 0.049737237, -0.1380855 ], "parent" : 42, "left" : null, "right" : null, "svalue" : 0, "sindex" : 0 },
			"Node_81" : { "leaf_value" : [ 0.11935749, -0.12126949, 0.12296903, -0.11971341 ], "parent" : 43, "left" : null, "right" : null, "svalue" : 0, "sindex" : 0 },
			"Node_82" : { "leaf_value" : [ 0.39015558, -0.13173503, -0.12914309, -0.13014136 ], "parent" : 43, "left" : null, "right" : null, "svalue" : 0, "sindex" : 0 },
			"Node_83" : { "leaf_value" : [ 0.50814378, -0.15158591, -0.17874302, -0.17971362 ], "parent" : 44, "left" : null, "right" : null, "svalue" : 0, "sindex" : 0 },
			"Node_84" : { "leaf_value" : [ 0.17582744, 0.033220034, -0.10468131, -0.10560965 ], "parent" : 44, "left" : null, "right" : null, "svalue" : 0, "sindex" : 0 },
			"Node_85" : { "leaf_value" : [ 0.29885358, -0.076974325, -0.073019043, -0.14970155 ], "parent" : 46, "left" : null, "right" : null, "svalue" : 0, "sindex" : 0 },
			"Node_86" : { "leaf_value" : [ -0.046602204, -0.048208568, 0.14204279, -0.045686927 ], "parent" : 46, "left" : null, "right" : null, "svalue" : 0, "sindex" : 0 },
			"Node_87" : { "leaf_value" : [ -0.16828337, -0.16930664, 0.51200342, -0.16770592 ], "parent" : 47, "left" : null, "right" : null, "svalue" : 0, "sindex" : 0 },
			"Node_88" : { "leaf_value" : [ -0.00045920673, -0.12126943, 0.24382271, -0.11971341 ], "parent" : 47, "left" : null, "right" : null, "svalue" : 0, "sindex" : 0 },
			"Node_89" : { "leaf_value" : [ -0.16392148, 0.051168799, 0.27827168, -0.16334045 ], "parent" : 48, "left" : null, "right" : null, "svalue" : 0, "sindex" : 0 },
			"Node_90" : { "leaf_value" : [ -0.13071726, -0.13173504, 0.39663252, -0.13014133 ], "parent" : 48, "left" : null, "right" : null, "svalue" : 0, "sindex" : 0 },
			"Node_91" : { "leaf_value" : [ -0.026542697, 0.075385123, -0.023987964, -0.025612306 ], "parent" : 51, "left" : null, "right" : null, "svalue" : 0, "sindex" : 0 },
			"Node_92" : { "leaf_value" : [ 0.23917417, -0.12126949, -0.11873814, 0.00047829442 ], "parent" : 51, "left" : null, "right" : null, "svalue" : 0, "sindex" : 0 },
			"Node_93" : { "leaf_value" : [ -0.15559374, 0.3909637, -0.15364733, -0.087580331 ], "parent" : 53, "left" : null, "right" : null, "svalue" : 0, "sindex" : 0 },
			"Node_94" : { "leaf_value" : [ -0.16131347, 0.48878008, -0.14463086, -0.18996729 ], "parent" : 53, "left" : null, "right" : null, "svalue" : 0, "sindex" : 0 },
			"Node_95" : { "leaf_value" : [ -0.13874723, 0.13492803, 0.14204279, -0.13816482 ], "parent" : 54, "left" : null, "right" : null, "svalue" : 0, "sindex" : 0 },
			"Node_96" : { "leaf_value" : [ -0.10614487, 0.31384021, -0.10468135, -0.10560963 ], "parent" : 54, "left" : null, "right" : null, "svalue" : 0, "sindex" : 0 },
			"Node_97" : { "leaf_value" : [ 0.43312797, -0.14614958, -0.14351587, -0.14452948 ], "parent" : 57, "left" : null, "right" : null, "svalue" : 0, "sindex" : 0 },
			"Node_98" : { "leaf_value" : [ 0.17582743, -0.10709003, 0.037380461, -0.10560965 ], "parent" : 57, "left" : null, "right" : null, "svalue" : 0, "sindex" : 0 }
		},
		"Tree_1" : {
			"Node_00" : { "leaf_value" : [ ], "parent" : null, "left" : 1, "right" : 2, "svalue" : -0.05970088, "sindex" : 7 },
			"Node_01" : { "leaf_value" : [ ], "parent" : 0, "left" : 3, "right" : 4, "svalue" : -0.34454748, "sindex" : 8 },
			"Node_02" : { "leaf_value" : [ ], "parent" : 0, "left" : 5, "right" : 6, "svalue" : -0.34454748, "sindex" : 8 },
			"Node_03" : { "leaf_value" : [ ], "parent" : 1, "left" : 7, "right" : 8, "svalue" : -0.26270461, "sindex" : 3 },
			"Node_04" : { "leaf_value" : [ ], "parent" : 1, "left" : 9, "right" : 10, "svalue" : 0.7267701, "sindex" : 3 },
			"Node_05" : { "leaf_value" : [ ], "parent" : 2, "left" : 11, "right" : 12, "svalue" : 0.7267701, "sindex" : 3 },
			"Node_06" : { "leaf_value" : [ ], "parent" : 2, "left" : 13, "right" : 14, "svalue" : 0.7267701, "sindex" : 3 },
			"Node_07" : { "leaf_value" : [ ], "parent" : 3, "left" : 15, "right" : 16, "svalue" : 0.36367744, "sindex" : 0 },
			"Node_08" : { "leaf_value" : [ ], "parent" : 3, "left" : 17, "right" : 18, "svalue" : -0.58348125, "sindex" : 0 },
			"Node_09" : { "leaf_value" : [ ], "parent" : 4, "left" : 19, "right" : 20, "svalue" : 0.36367744, "sindex" : 0 },
			"Node_10" : { "leaf_value" : [ ], "parent" : 4, "left" : 21, "right" : 22, "svalue" : -0.24942224, "sindex" : 1 },
			"Node_11" : { "leaf_value" : [ ], "parent" : 5, "left" : 23, "right" : 24, "svalue" : 0.98466164, "sindex" : 6 },
			"Node_12" : { "leaf_value" : [ ], "parent" : 5, "left" : 25, "right" : 26, "svalue" : -0.80774945, "sindex" : 9 },
			"Node_13" : { "leaf_value" : [ ], "parent" : 6, "left" : 27, "right" : 28, "svalue" : -2.2099195, "sindex" : 6 },
			"Node_14" : { "leaf_value" : [ ], "parent" : 6, "left" : 29, "right" : 30, "svalue" : -0.58348125, "sindex" : 0 },
			"Node_15" : { "leaf_value" : [ ], "parent" : 7, "left" : 31, "right" : 32, "svalue" : -1.0434253, "sindex" : 3 },
			"Node_16" : { "leaf_value" : [ ], "parent" : 7, "left" : 33, "right" : 34, "svalue" : -1.1773754, "sindex" : 1 },
			"Node_17" : { "leaf_value" : [ ], "parent" : 8, "left" : 35, "right" : 36, "svalue" : -0.8634733, "sindex" : 4 },
			"Node_18" : { "leaf_value" : [ ], "parent" : 8, "left" : 37, "right" : 38, "svalue" : 0.7267701, "sindex" : 3 },
			"Node_19" : { "leaf_value" : [ ], "parent" : 9, "left" : 39, "right" : 40, "svalue" : -1.7437985, "sindex" : 3 },
			"Node_20" : { "leaf_value" : [ ], "parent" : 9, "left" : 41, "right" : 42, "svalue" : 0.52183598, "sindex" : 8 },
			"Node_21" : { "leaf_value" : [ ], "parent" : 10, "left" : 43, "right" : 44, "svalue" : 0.36367744, "sindex" : 0 },
			"Node_22" : { "leaf_value" : [ -0.098676652, 0.1458281, -0.09742783, 0.032421827 ], "parent" : 10, "left" : null, "right" : null, "svalue" : 0, "sindex" : 0 },
			"Node_23" : { "leaf_value" : [ ], "parent" : 11, "left" : 45, "right" : 46, "svalue" : 0.27053717, "sindex" : 4 },
			"Node_24" : { "leaf_value" : [ ], "parent" : 11, "left" : 47, "right" : 48, "svalue" : -1.2274505, "sindex" : 8 },
			"Node_25" : { "leaf_value" : [ -0.098761603, -0.09956596, 0.15046206, 0.032261528 ], "parent" : 12, "left" : null, "right" : null, "svalue" : 0, "sindex" : 0 },
			"Node_26" : { "leaf_value" : [ ], "parent" : 12, "left" : 49, "right" : 50, "svalue" : -0.83636838, "sindex" : 5 },
			"Node_27" : { "leaf_value" : [ ], "parent" : 13, "left" : 51, "right" : 52, "svalue" : 1.4919269, "sindex" : 1 },
			"Node_28" : { "leaf_value" : [ ], "parent" : 13, "left" : 53, "right" : 54, "svalue" : 0.98466164, "sindex" : 6 },
			"Node_29" : { "leaf_value" : [ ], "parent" : 14, "left" : 55, "right" : 56, "svalue" : 1.4078186, "sindex" : 8 },
			"Node_30" : { "leaf_value" : [ ], "parent" : 14, "left" : 57, "right" : 58, "svalue" : 0.93269801, "sindex" : 9 },
			"Node_31" : { "leaf_value" : [ ], "parent" : 15, "left" : 59, "right" : 60, "svalue" : -1.0864215, "sindex" : 6 },
			"Node_32" : { "leaf_value" : [ ], "parent" : 15, "left" : 61, "right" : 62, "svalue" : -1.2274505, "sindex" : 8 },
			"Node_33" : { "leaf_value" : [ -0.0075842245, -0.11833964, 0.10674059, -0.0068102344 ], "parent" : 16, "left" : null, "right" : null, "svalue" : 0, "sindex" : 0 },
			"Node_34" : { "leaf_value" : [ -0.15889794, -0.15756564, 0.35510623, -0.15792309 ], "parent" : 16, "left" : null, "right" : null, "svalue" : 0, "sindex" : 0 },
			"Node_35" : { "leaf_value" : [ -0.099043481, 0.029470395, 0.033162747, 0.031729233 ], "parent" : 17, "left" : null, "right" : null, "svalue" : 0, "sindex" : 0 },
			"Node_36" : { "leaf_value" : [ ], "parent" : 17, "left" : 63, "right" : 64, "svalue" : 0.27053717, "sindex" : 4 },
			"Node_37" : { "leaf_value" : [ ], "parent" : 18, "left" : 65, "right" : 66, "svalue" : -0.26216629, "sindex" : 5 },
			"Node_38" : { "leaf_value" : [ ], "parent" : 18, "left" : 67, "right" : 68, "svalue" : -0.87563473, "sindex" : 2 },
			"Node_39" : { "leaf_value" : [ ], "parent" : 19, "left" : 69, "right" : 70, "svalue" : 1.4078186, "sindex" : 8 },
			"Node_40" : { "leaf_value" : [ ], "parent" : 19, "left" : 71, "right" : 72, "svalue" : -0.75524002, "sindex" : 7 },
			"Node_41" : { "leaf_value" : [ ], "parent" : 20, "left" : 73, "right" : 74, "svalue" : 0.94601834, "sindex" : 4 },
			"Node_42" : { "leaf_value" : [ ], "parent" : 20, "left" : 75, "right" : 76, "svalue" : -1.1773754, "sindex" : 1 },
			"Node_43" : { "leaf_value" : [ ], "parent" : 21, "left" : 77, "right" : 78, "svalue" : 0.32136342, "sindex" : 9 },
			"Node_44" : { "leaf_value" : [ ], "parent" : 21, "left" : 79, "right" : 80, "svalue" : -0.21844044, "sindex" : 4 },
			"Node_45" : { "leaf_value" : [ ], "parent" : 23, "left" : 81, "right" : 82, "svalue" : -0.8634733, "sindex" : 4 },
			"Node_46" : { "leaf_value" : [ ], "parent" : 23, "left" : 83, "right" : 84, "svalue" : 1.4919269, "sindex" : 1 },
			"Node_47" : { "leaf_value" : [ ], "parent" : 24, "left" : 85, "right" : 86, "svalue" : -0.80774945, "sindex" : 9 },
			"Node_48" : { "leaf_value" : [ ], "parent" : 24, "left" : 87, "right" : 88, "svalue" : 0.94601834, "sindex" : 4 },
			"Node_49" : { "leaf_value" : [ -0.10097505, 0.036095578, -0.097086363, 0.1453792 ], "parent" : 26, "left" : null, "right" : null, "svalue" : 0, "sindex" : 0 },
			"Node_50" : { "leaf_value" : [ 0.0038532859, -0.11501696, -0.11028408, 0.19558983 ], "parent" : 26, "left" : null, "right" : null, "svalue" : 0, "sindex" : 0 },
			"Node_51" : { "leaf_value" : [ ], "parent" : 27, "left" : 89, "right" : 90, "svalue" : 0.36367744, "sindex" : 0 },
			"Node_52" : { "leaf_value" : [ 0.19135709, -0.11209434, -0.10997756, 0.0017755165 ], "parent" : 27, "left" : null, "right" : null, "svalue" : 0, "sindex" : 0 },
			"Node_53" : { "leaf_value" : [ ], "parent" : 28, "left" : 91, "right" : 92, "svalue" : 0.97715688, "sindex" : 7 },
			"Node_54" : { "leaf_value" : [ ], "parent" : 28, "left" : 93, "right" : 94, "svalue" : 0.32136342, "sindex" : 9 },
			"Node_55" : { "leaf_value" : [ -0.097530231, 0.13366464, 0.041208085, -0.097080983 ], "parent" : 29, "left" : null, "right" : null, "svalue" : 0, "sindex" : 0 },
			"Node_56" : { "leaf_value" : [ -0.12750953, 0.30719134, -0.12806693, -0.12703705 ], "parent" : 29, "left" : null, "right" : null, "svalue" : 0, "sindex" : 0 },
			"Node_57" : { "leaf_value" : [ ], "parent" : 30, "left" : 95, "right" : 96, "svalue" : 0.36367744, "sindex" : 0 },
			"Node_58" : { "leaf_value" : [ 0.0091811735, -0.09828756, 0.041244879, 0.045414302 ], "parent" : 30, "left" : null, "right" : null, "svalue" : 0, "sindex" : 0 },
			"Node_59" : { "leaf_value" : [ -0.034062847, -0.15888029, 0.28235087, -0.15816122 ], "parent" : 31, "left" : null, "right" : null, "svalue" : 0, "sindex" : 0 },
			"Node_60" : { "leaf_value" : [ 0.20598494, -0.16507116, 0.072321959, -0.16539031 ], "parent" : 31, "left" : null, "right" : null, "svalue" : 0, "sindex" : 0 },
			"Node_61" : { "leaf_value" : [ 0.28826272, -0.15424566, -0.10171802, -0.10613065 ], "parent" : 32, "left" : null, "right" : null, "svalue" : 0, "sindex" : 0 },
			"Node_62" : { "leaf_value" : [ -0.0033640449, -0.12659976, -0.031095881, 0.1559996 ], "parent" : 32, "left" : null, "right" : null, "svalue" : 0, "sindex" : 0 },
			"Node_63" : { "leaf_value" : [ 0.30011961, -0.12773022, -0.12562101, -0.12643607 ], "parent" : 36, "left" : null, "right" : null, "svalue" : 0, "sindex" : 0 },
			"Node_64" : { "leaf_value" : [ 0.030956674, 0.029518479, -0.097764134, 0.031777129 ], "parent" : 36, "left" : null, "right" : null, "svalue" : 0, "sindex" : 0 },
			"Node_65" : { "leaf_value" : [ -0.091882631, -0.14957586, 0.18178426, 0.036067497 ], "parent" : 37, "left" : null, "right" : null, "svalue" : 0, "sindex" : 0 },
			"Node_66" : { "leaf_value" : [ -0.065675862, -0.15822704, -0.076983452, 0.24808447 ], "parent" : 37, "left" : null, "right" : null, "svalue" : 0, "sindex" : 0 },
			"Node_67" : { "leaf_value" : [ -0.064222097, -0.13888505, -0.13679367, 0.26867399 ], "parent" : 38, "left" : null, "right" : null, "svalue" : 0, "sindex" : 0 },
			"Node_68" : { "leaf_value" : [ -0.16392267, -0.16463795, -0.16281398, 0.33916426 ], "parent" : 38, "left" : null, "right" : null, "svalue" : 0, "sindex" : 0 },
			"Node_69" : { "leaf_value" : [ 0.21901181, -0.062503122, -0.058632512, -0.15529175 ], "parent" : 39, "left" : null, "right" : null, "svalue" : 0, "sindex" : 0 },
			"Node_70" : { "leaf_value" : [ -0.034917764, -0.14933152, -0.14729646, 0.25673488 ], "parent" : 39, "left" : null, "right" : null, "svalue" : 0, "sindex" : 0 },
			"Node_71" : { "leaf_value" : [ -0.11627021, -0.11747421, -0.1531741, 0.2786907 ], "parent" : 40, "left" : null, "right" : null, "svalue" : 0, "sindex" : 0 },
			"Node_72" : { "leaf_value" : [ -0.11563645, 0.12679875, -0.15825617, 0.10134551 ], "parent" : 40, "left" : null, "right" : null, "svalue" : 0, "sindex" : 0 },
			"Node_73" : { "leaf_value" : [ -0.15824831, -0.15047906, 0.12326381, 0.1579929 ], "parent" : 41, "left" : null, "right" : null, "svalue" : 0, "sindex" : 0 },
			"Node_74" : { "leaf_value" : [ 0.15002295, -0.12817776, 0.030541217, -0.056331471 ], "parent" : 41, "left" : null, "right" : null, "svalue" : 0, "sindex" : 0 },
			"Node_75" : { "leaf_value" : [ -0.13685554, 0.068624131, 0.18265055, -0.11992423 ], "parent" : 42, "left" : null, "right" : null, "svalue" : 0, "sindex" : 0 },
			"Node_76" : { "leaf_value" : [ 0.1607462, 0.0016901183, -0.051552627, -0.13458458 ], "parent" : 42, "left" : null, "right" : null, "svalue" : 0, "sindex" : 0 },
			"Node_77" : { "leaf_value" : [ 0.10052893, -0.11239203, 0.1035094, -0.1110888 ], "parent" : 43, "left" : null, "right" : null, "svalue" : 0, "sindex" : 0 },
			"Node_78" : { "leaf_value" : [ 0.29017556, -0.12056255, -0.11844803, -0.11926517 ], "parent" : 43, "left" : null, "right" : null, "svalue" : 0, "sindex" : 0 },
			"Node_79" : { "leaf_value" : [ 0.23565121, -0.025149839, -0.14610983, -0.14688735 ], "parent" : 44, "left" : null, "right" : null, "svalue" : 0, "sindex" : 0 },
			"Node_80" : { "leaf_value" : [ 0.33963946, -0.16039154, -0.15609087, -0.15682925 ], "parent" : 44, "left" : null, "right" : null, "svalue" : 0, "sindex" : 0 },
			"Node_81" : { "leaf_value" : [ -0.024256213, 0.010508469, 0.11775824, -0.1089354 ], "parent" : 45, "left" : null, "right" : null, "svalue" : 0, "sindex" : 0 },
			"Node_82" : { "leaf_value" : [ 0.26269361, -0.13242705, -0.044039313, -0.12692338 ], "parent" : 45, "left" : null, "right" : null, "svalue" : 0, "sindex" : 0 },
			"Node_83" : { "leaf_value" : [ -0.10280693, -0.10360711, 0.15614577, 0.041493516 ], "parent" : 46, "left" : null, "right" : null, "svalue" : 0, "sindex" : 0 },
			"Node_84" : { "leaf_value" : [ -0.016420497, -0.017864391, 0.14048354, -0.124172 ], "parent" : 46, "left" : null, "right" : null, "svalue" : 0, "sindex" : 0 },
			"Node_85" : { "leaf_value" : [ 0.018475259, -0.10817739, 0.15915982, -0.10693421 ], "parent" : 47, "left" : null, "right" : null, "svalue" : 0, "sindex" : 0 },
			"Node_86" : { "leaf_value" : [ -0.1571904, -0.15596499, 0.34946448, -0.15474932 ], "parent" : 47, "left" : null, "right" : null, "svalue" : 0, "sindex" : 0 },
			"Node_87" : { "leaf_value" : [ -0.15444568, -0.063511699, 0.29829249, -0.15399471 ], "parent" : 48, "left" : null, "right" : null, "svalue" : 0, "sindex" : 0 },
			"Node_88" : { "leaf_value" : [ -0.1085082, 0.1189376, 0.074632943, -0.10805289 ], "parent" : 48, "left" : null, "right" : null, "svalue" : 0, "sindex" : 0 },
			"Node_89" : { "leaf_value" : [ -0.023242721, 0.063228831, -0.021004105, -0.022427876 ], "parent" : 51, "left" : null, "right" : null, "svalue" : 0, "sindex" : 0 },
			"Node_90" : { "leaf_value" : [ -0.11968666, 0.28795436, -0.11840034, -0.11921705 ], "parent" : 51, "left" : null, "right" : null, "svalue" : 0, "sindex" : 0 },
			"Node_91" : { "leaf_value" : [ -0.13975032, 0.25466785, -0.13817167, -0.072080158 ], "parent" : 53, "left" : null, "right" : null, "svalue" : 0, "sindex" : 0 },
			"Node_92" : { "leaf_value" : [ -0.14437284, 0.30598497, -0.12717895, -0.17602192 ], "parent" : 53, "left" : null, "right" : null, "svalue" : 0, "sindex" : 0 },
			"Node_93" : { "leaf_value" : [ -0.12859958, 0.10419633, 0.12337193, -0.12812138 ], "parent" : 54, "left" : null, "right" : null, "svalue" : 0, "sindex" : 0 },
			"Node_94" : { "leaf_value" : [ -0.097488046, 0.26339361, -0.10289219, -0.097039141 ], "parent" : 54, "left" : null, "right" : null, "svalue" : 0, "sindex" : 0 },
			"Node_95" : { "leaf_value" : [ 0.14849788, -0.098401695, 0.041025143, -0.10362183 ], "parent" : 57, "left" : null, "right" : null, "svalue" : 0, "sindex" : 0 },
			"Node_96" : { "leaf_value" : [ 0.32585257, -0.13476123, -0.13580126, -0.1334538 ], "parent" : 57, "left" : null, "right" : null, "svalue" : 0, "sindex" : 0 }
		},
		"Tree_2" : {
			"Node_00" : { "leaf_value" : [ ], "parent" : null, "left" : 1, "right" : 2, "svalue" : -0.05970088, "sindex" : 7 },
			"Node_01" : { "leaf_value" : [ ], "parent" : 0, "left" : 3, "right" : 4, "svalue" : 0.52183598, "sindex" : 8 },
			"Node_02" : { "leaf_value" : [ ], "parent" : 0, "left" : 5, "right" : 6, "svalue" : -0.34454748, "sindex" : 8 },
			"Node_03" : { "leaf_value" : [ ], "parent" : 1, "left" : 7, "right" : 8, "svalue" : -0.26270461, "sindex" : 3 },
			"Node_04" : { "leaf_value" : [ ], "parent" : 1, "left" : 9, "right" : 10, "svalue" : -0.24942224, "sindex" : 1 },
			"Node_05" : { "leaf_value" : [ ], "parent" : 2, "left" : 11, "right" : 12, "svalue" : 0.7267701, "sindex" : 3 },
			"Node_06" : { "leaf_value" : [ ], "parent" : 2, "left" : 13, "right" : 14, "svalue" : 0.7267701, "sindex" : 3 },
			"Node_07" : { "leaf_value" : [ ], "parent" : 3, "left" : 15, "right" : 16, "svalue" : -0.58348125, "sindex" : 0 },
			"Node_08" : { "leaf_value" : [ ], "parent" : 3, "left" : 17, "right" : 18, "svalue" : -0.26216629, "sindex" : 5 },
			"Node_09" : { "leaf_value" : [ ], "parent" : 4, "left" : 19, "right" : 20, "svalue" : 1.313001, "sindex" : 0 },
			"Node_10" : { "leaf_value" : [ ], "parent" : 4, "left" : 21, "right" : 22, "svalue" : -2.2099195, "sindex" : 6 },
			"Node_11" : { "leaf_value" : [ ], "parent" : 5, "left" : 23, "right" : 24, "svalue" : 0.98466164, "sindex" : 6 },
			"Node_12" : { "leaf_value" : [ ], "parent" : 5, "left" : 25, "right" : 26, "svalue" : -0.21072124, "sindex" : 9 },
			"Node_13" : { "leaf_value" : [ ], "parent" : 6, "left" : 27, "right" : 28, "svalue" : 0.97715688, "sindex" : 7 },
			"Node_14" : { "leaf_value" : [ ], "parent" : 6, "left" : 29, "right" : 30, "svalue" : -0.58348125, "sindex" : 0 },
			"Node_15" : { "leaf_value" : [ ], "parent" : 7, "left" : 31, "right" : 32, "svalue" : -0.8634733, "sindex" : 4 },
			"Node_16" : { "leaf_value" : [ ], "parent" : 7, "left" : 33, "right" : 34, "svalue" : -1.1773754, "sindex" : 1 },
			"Node_17" : { "leaf_value" : [ ], "parent" : 8, "left" : 35, "right" : 36, "svalue" : 0.7267701, "sindex" : 3 },
			"Node_18" : { "leaf_value" : [ ], "parent" : 8, "left" : 37, "right" : 38, "svalue" : -0.34454748, "sindex" : 8 },
			"Node_19" : { "leaf_value" : [ ], "parent" : 9, "left" : 39, "right" : 40, "svalue" : 0.7267701, "sindex" : 3 },
			"Node_20" : { "leaf_value" : [ ], "parent" : 9, "left" : 41, "right" : 42, "svalue" : -0.75524002, "sindex" : 7 },
			"Node_21" : { "leaf_value" : [ ], "parent" : 10, "left" : 43, "right" : 44, "svalue" : -0.58348125, "sindex" : 0 },
			"Node_22" : { "leaf_value" : [ ], "parent" : 10, "left" : 45, "right" : 46, "svalue" : 0.32136342, "sindex" : 9 },
			"Node_23" : { "leaf_value" : [ ], "parent" : 11, "left" : 47, "right" : 48, "svalue" : -1.2274505, "sindex" : 8 },
			"Node_24" : { "leaf_value" : [ ], "parent" : 11, "left" : 49, "right" : 50, "svalue" : -1.2274505, "sindex" : 8 },
			"Node_25" : { "leaf_value" : [ -0.10708546, -0.10822617, 0.090650521, 0.09879972 ], "parent" : 12, "left" : null, "right" : null, "svalue" : 0, "sindex" : 0 },
			"Node_26" : { "leaf_value" : [ -0.034167495, -0.033685464, -0.12085414, 0.14782636 ], "parent" : 12, "left" : null, "right" : null, "svalue" : 0, "sindex" : 0 },
			"Node_27" : { "leaf_value" : [ ], "parent" : 13, "left" : 51, "right" : 52, "svalue" : -0.11238197, "sindex" : 6 },
			"Node_28" : { "leaf_value" : [ ], "parent" : 13, "left" : 53, "right" : 54, "svalue" : -0.80774945, "sindex" : 9 },
			"Node_29" : { "leaf_value" : [ ], "parent" : 14, "left" : 55, "right" : 56, "svalue" : 0.98466164, "sindex" : 6 },
			"Node_30" : { "leaf_value" : [ ], "parent" : 14, "left" : 57, "right" : 58, "svalue" : -0.21072124, "sindex" : 9 },
			"Node_31" : { "leaf_value" : [ ], "parent" : 15, "left" : 59, "right" : 60, "svalue" : -0.21072124, "sindex" : 9 },
			"Node_32" : { "leaf_value" : [ ], "parent" : 15, "left" : 61, "right" : 62, "svalue" : -1.0434253, "sindex" : 3 },
			"Node_33" : { "leaf_value" : [ ], "parent" : 16, "left" : 63, "right" : 64, "svalue" : -2.2099195, "sindex" : 6 },
			"Node_34" : { "leaf_value" : [ ], "parent" : 16, "left" : 65, "right" : 66, "svalue" : -0.11238197, "sindex" : 6 },
			"Node_35" : { "leaf_value" : [ ], "parent" : 17, "left" : 67, "right" : 68, "svalue" : -1.1773754, "sindex" : 1 },
			"Node_36" : { "leaf_value" : [ ], "parent" : 17, "left" : 69, "right" : 70, "svalue" : -0.34454748, "sindex" : 8 },
			"Node_37" : { "leaf_value" : [ ], "parent" : 18, "left" : 71, "right" : 72, "svalue" : -0.24942224, "sindex" : 1 },
			"Node_38" : { "leaf_value" : [ ], "parent" : 18, "left" : 73, "right" : 74, "svalue" : 0.32136342, "sindex" : 9 },
			"Node_39" : { "leaf_value" : [ ], "parent" : 19, "left" : 75, "right" : 76, "svalue" : 0.25406665, "sindex" : 5 },
			"Node_40" : { "leaf_value" : [ ], "parent" : 19, "left" : 77, "right" : 78, "svalue" : 0.36367744, "sindex" : 0 },
			"Node_41" : { "leaf_value" : [ ], "parent" : 20, "left" : 79, "right" : 80, "svalue" : -0.26216629, "sindex" : 5 },
			"Node_42" : { "leaf_value" : [ -0.15413241, 0.21442971, 0.040140841, -0.11840329 ], "parent" : 20, "left" : null, "right" : null, "svalue" : 0, "sindex" : 0 },
			"Node_43" : { "leaf_value" : [ ], "parent" : 21, "left" : 81, "right" : 82, "svalue" : 0.18889479, "sindex" : 2 },
			"Node_44" : { "leaf_value" : [ ], "parent" : 21, "left" : 83, "right" : 84, "svalue" : 1.4078186, "sindex" : 8 },
			"Node_45" : { "leaf_value" : [ -0.10174753, 0.32194224, -0.095901676, -0.15013976 ], "parent" : 22, "left" : null, "right" : null, "svalue" : 0, "sindex" : 0 },
			"Node_46" : { "leaf_value" : [ -0.10167229, -0.0048587094, -0.097352274, 0.15944257 ], "parent" : 22, "left" : null, "right" : null, "svalue" : 0, "sindex" : 0 },
			"Node_47" : { "leaf_value" : [ -0.11403229, -0.10809726, 0.26203543, -0.10183498 ], "parent" : 23, "left" : null, "right" : null, "svalue" : 0, "sindex" : 0 },
			"Node_48" : { "leaf_value" : [ ], "parent" : 23, "left" : 85, "right" : 86, "svalue" : 0.25406665, "sindex" : 5 },
			"Node_49" : { "leaf_value" : [ ], "parent" : 24, "left" : 87, "right" : 88, "svalue" : -0.80774945, "sindex" : 9 },
			"Node_50" : { "leaf_value" : [ ], "parent" : 24, "left" : 89, "right" : 90, "svalue" : -0.21072124, "sindex" : 9 },
			"Node_51" : { "leaf_value" : [ ], "parent" : 27, "left" : 91, "right" : 92, "svalue" : -2.2099195, "sindex" : 6 },
			"Node_52" : { "leaf_value" : [ 0.13816984, -0.02347149, -0.10636995, 0.00069487508 ], "parent" : 27, "left" : null, "right" : null, "svalue" : 0, "sindex" : 0 },
			"Node_53" : { "leaf_value" : [ -0.1148693, 0.026162347, 0.17104724, -0.11233399 ], "parent" : 28, "left" : null, "right" : null, "svalue" : 0, "sindex" : 0 },
			"Node_54" : { "leaf_value" : [ ], "parent" : 28, "left" : 93, "right" : 94, "svalue" : -1.0864215, "sindex" : 6 },
			"Node_55" : { "leaf_value" : [ -0.11014315, 0.24622253, -0.1152478, -0.10974403 ], "parent" : 29, "left" : null, "right" : null, "svalue" : 0, "sindex" : 0 },
			"Node_56" : { "leaf_value" : [ -0.10108158, 0.13416024, 0.023143215, -0.10068564 ], "parent" : 29, "left" : null, "right" : null, "svalue" : 0, "sindex" : 0 },
			"Node_57" : { "leaf_value" : [ 0.26597741, -0.11889367, -0.12394464, -0.11950422 ], "parent" : 30, "left" : null, "right" : null, "svalue" : 0, "sindex" : 0 },
			"Node_58" : { "leaf_value" : [ 0.098271906, -0.12725516, 0.0397522, -0.042959951 ], "parent" : 30, "left" : null, "right" : null, "svalue" : 0, "sindex" : 0 },
			"Node_59" : { "leaf_value" : [ 0.059021991, -0.12530546, 0.031016683, 0.016752461 ], "parent" : 31, "left" : null, "right" : null, "svalue" : 0, "sindex" : 0 },
			"Node_60" : { "leaf_value" : [ -0.14336333, -0.10901595, 0.31199449, -0.11294735 ], "parent" : 31, "left" : null, "right" : null, "svalue" : 0, "sindex" : 0 },
			"Node_61" : { "leaf_value" : [ 0.21095964, -0.13295521, -0.0026210761, -0.16282009 ], "parent" : 32, "left" : null, "right" : null, "svalue" : 0, "sindex" : 0 },
			"Node_62" : { "leaf_value" : [ 0.16129856, -0.14728236, -0.095709838, 0.0086137801 ], "parent" : 32, "left" : null, "right" : null, "svalue" : 0, "sindex" : 0 },
			"Node_63" : { "leaf_value" : [ 0.00050374045, -0.10184623, -0.12661535, 0.20889209 ], "parent" : 33, "left" : null, "right" : null, "svalue" : 0, "sindex" : 0 },
			"Node_64" : { "leaf_value" : [ 0.023037802, -0.098749876, 0.13477057, -0.10411719 ], "parent" : 33, "left" : null, "right" : null, "svalue" : 0, "sindex" : 0 },
			"Node_65" : { "leaf_value" : [ -0.10661283, -0.13729121, 0.23524676, -0.080891296 ], "parent" : 34, "left" : null, "right" : null, "svalue" : 0, "sindex" : 0 },
			"Node_66" : { "leaf_value" : [ 0.090229362, -0.1331201, 0.07818149, -0.071682371 ], "parent" : 34, "left" : null, "right" : null, "svalue" : 0, "sindex" : 0 },
			"Node_67" : { "leaf_value" : [ -0.13969739, -0.13318525, 0.25712553, -0.044937879 ], "parent" : 35, "left" : null, "right" : null, "svalue" : 0, "sindex" : 0 },
			"Node_68" : { "leaf_value" : [ 0.033368967, -0.16167156, -0.079420649, 0.16708255 ], "parent" : 35, "left" : null, "right" : null, "svalue" : 0, "sindex" : 0 },
			"Node_69" : { "leaf_value" : [ -0.090890713, -0.14010206, -0.13851315, 0.23339595 ], "parent" : 36, "left" : null, "right" : null, "svalue" : 0, "sindex" : 0 },
			"Node_70" : { "leaf_value" : [ 0.14454451, -0.11615165, -0.096008681, 0.033785895 ], "parent" : 36, "left" : null, "right" : null, "svalue" : 0, "sindex" : 0 },
			"Node_71" : { "leaf_value" : [ -0.065741785, -0.16330491, -0.11460724, 0.21779145 ], "parent" : 37, "left" : null, "right" : null, "svalue" : 0, "sindex" : 0 },
			"Node_72" : { "leaf_value" : [ -0.041882455, 0.091400281, -0.11804172, 0.061525125 ], "parent" : 37, "left" : null, "right" : null, "svalue" : 0, "sindex" : 0 },
			"Node_73" : { "leaf_value" : [ 0.17822251, -0.077121757, -0.1312793, -0.008108275 ], "parent" : 38, "left" : null, "right" : null, "svalue" : 0, "sindex" : 0 },
			"Node_74" : { "leaf_value" : [ -0.069104135, -0.12858498, -0.13285452, 0.24428521 ], "parent" : 38, "left" : null, "right" : null, "svalue" : 0, "sindex" : 0 },
			"Node_75" : { "leaf_value" : [ 0.089037359, 0.15279362, -0.12720627, -0.13886896 ], "parent" : 39, "left" : null, "right" : null, "svalue" : 0, "sindex" : 0 },
			"Node_76" : { "leaf_value" : [ 0.23208739, -0.032549344, -0.12632793, -0.11107395 ], "parent" : 39, "left" : null, "right" : null, "svalue" : 0, "sindex" : 0 },
			"Node_77" : { "leaf_value" : [ 0.20123057, -0.1359601, -0.0070044552, -0.13485941 ], "parent" : 40, "left" : null, "right" : null, "svalue" : 0, "sindex" : 0 },
			"Node_78" : { "leaf_value" : [ 0.23839925, -0.096550025, -0.14412075, -0.14473318 ], "parent" : 40, "left" : null, "right" : null, "svalue" : 0, "sindex" : 0 },
			"Node_79" : { "leaf_value" : [ 0.1804262, -0.012268606, -0.11677331, -0.10799458 ], "parent" : 41, "left" : null, "right" : null, "svalue" : 0, "sindex" : 0 },
			"Node_80" : { "leaf_value" : [ 0.02154131, -0.12808013, 0.20486867, -0.10853396 ], "parent" : 41, "left" : null, "right" : null, "svalue" : 0, "sindex" : 0 },
			"Node_81" : { "leaf_value" : [ 0.065147638, -0.12419706, -0.15373917, 0.14565334 ], "parent" : 43, "left" : null, "right" : null, "svalue" : 0, "sindex" : 0 },
			"Node_82" : { "leaf_value" : [ -0.13892055, -0.13946351, -0.12897819, 0.28196764 ], "parent" : 43, "left" : null, "right" : null, "svalue" : 0, "sindex" : 0 },
			"Node_83" : { "leaf_value" : [ -0.027005879, 0.1700951, -0.0075036823, -0.14168476 ], "parent" : 44, "left" : null, "right" : null, "svalue" : 0, "sindex" : 0 },
			"Node_84" : { "leaf_value" : [ -0.10469744, -0.010480271, -0.08578115, 0.15926616 ], "parent" : 44, "left" : null, "right" : null, "svalue" : 0, "sindex" : 0 },
			"Node_85" : { "leaf_value" : [ 0.076530032, -0.07083308, 0.10509385, -0.14029627 ], "parent" : 48, "left" : null, "right" : null, "svalue" : 0, "sindex" : 0 },
			"Node_86" : { "leaf_value" : [ 0.13466279, -0.0086116362, -0.13562374, -1.1249847e-05 ], "parent" : 48, "left" : null, "right" : null, "svalue" : 0, "sindex" : 0 },
			"Node_87" : { "leaf_value" : [ 0.019203527, -0.10015531, 0.13298747, -0.099081777 ], "parent" : 49, "left" : null, "right" : null, "svalue" : 0, "sindex" : 0 },
			"Node_88" : { "leaf_value" : [ -0.14465804, -0.14361748, 0.26537362, -0.14264408 ], "parent" : 49, "left" : null, "right" : null, "svalue" : 0, "sindex" : 0 },
			"Node_89" : { "leaf_value" : [ -0.097084761, 0.13596366, 0.030160025, -0.096705012 ], "parent" : 50, "left" : null, "right" : null, "svalue" : 0, "sindex" : 0 },
			"Node_90" : { "leaf_value" : [ -0.14447439, -0.059392493, 0.23867126, -0.14410315 ], "parent" : 50, "left" : null, "right" : null, "svalue" : 0, "sindex" : 0 },
			"Node_91" : { "leaf_value" : [ 0.033722229, 0.033033751, -0.068583168, -0.0062634111 ], "parent" : 51, "left" : null, "right" : null, "svalue" : 0, "sindex" : 0 },
			"Node_92" : { "leaf_value" : [ -0.16731402, 0.21343504, -0.11804556, -0.064442731 ], "parent" : 51, "left" : null, "right" : null, "svalue" : 0, "sindex" : 0 },
			"Node_93" : { "leaf_value" : [ -0.026375443, 0.17585813, -0.10916703, -0.15239665 ], "parent" : 54, "left" : null, "right" : null, "svalue" : 0, "sindex" : 0 },
			"Node_94" : { "leaf_value" : [ -0.16635413, 0.27073339, -0.12501137, -0.16399468 ], "parent" : 54, "left" : null, "right" : null, "svalue" : 0, "sindex" : 0 }
		},
		"Tree_3" : {
			"Node_00" : { "leaf_value" : [ ], "parent" : null, "left" : 1, "right" : 2, "svalue" : -0.05970088, "sindex" : 7 },
			"Node_01" : { "leaf_value" : [ ], "parent" : 0, "left" : 3, "right" : 4, "svalue" : 0.52183598, "sindex" : 8 },
			"Node_02" : { "leaf_value" : [ ], "parent" : 0, "left" : 5, "right" : 6, "svalue" : -0.34454748, "sindex" : 8 },
			"Node_03" : { "leaf_value" : [ ], "parent" : 1, "left" : 7, "right" : 8, "svalue" : -1.0434253, "sindex" : 3 },
			"Node_04" : { "leaf_value" : [ ], "parent" : 1, "left" : 9, "right" : 10, "svalue" : -0.24942224, "sindex" : 1 },
			"Node_05" : { "leaf_value" : [ ], "parent" : 2, "left" : 11, "right" : 12, "svalue" : 0.7267701, "sindex" : 3 },
			"Node_06" : { "leaf_value" : [ ], "parent" : 2, "left" : 13, "right" : 14, "svalue" : -0.24942224, "sindex" : 1 },
			"Node_07" : { "leaf_value" : [ ], "parent" : 3, "left" : 15, "right" : 16, "svalue" : -0.58348125, "sindex" : 0 },
			"Node_08" : { "leaf_value" : [ ], "parent" : 3, "left" : 17, "right" : 18, "svalue" : 0.36367744, "sindex" : 0 },
			"Node_09" : { "leaf_value" : [ ], "parent" : 4, "left" : 19, "right" : 20, "svalue" : 1.313001, "sindex" : 0 },
			"Node_10" : { "leaf_value" : [ ], "parent" : 4, "left" : 21, "right" : 22, "svalue" : 1.4919269, "sindex" : 1 },
			"Node_11" : { "leaf_value" : [ ], "parent" : 5, "left" : 23, "right" : 24, "svalue" : 0.98466164, "sindex" : 6 },
			"Node_12" : { "leaf_value" : [ ], "parent" : 5, "left" : 25, "right" : 26, "svalue" : 0.18889479, "sindex" : 2 },
			"Node_13" : { "leaf_value" : [ ], "parent" : 6, "left" : 27, "right" : 28, "svalue" : -0.11238197, "sindex" : 6 },
			"Node_14" : { "leaf_value" : [ ], "parent" : 6, "left" : 29, "right" : 30, "svalue" : 1.4078186, "sindex" : 8 },
			"Node_15" : { "leaf_value" : [ ], "parent" : 7, "left" : 31, "right" : 32, "svalue" : 0.94601834, "sindex" : 4 },
			"Node_16" : { "leaf_value" : [ ], "parent" : 7, "left" : 33, "right" : 34, "svalue" : 1.313001, "sindex" : 0 },
			"Node_17" : { "leaf_value" : [ ], "parent" : 8, "left" : 35, "right" : 36, "svalue" : -1.2274505, "sindex" : 8 },
			"Node_18" : { "leaf_value" : [ ], "parent" : 8, "left" : 37, "right" : 38, "svalue" : 0.7267701, "sindex" : 3 },
			"Node_19" : { "leaf_value" : [ ], "parent" : 9, "left" : 39, "right" : 40, "svalue" : 0.7267701, "sindex" : 3 },
			"Node_20" : { "leaf_value" : [ ], "parent" : 9, "left" : 41, "right" : 42, "svalue" : -0.75524002, "sindex" : 7 },
			"Node_21" : { "leaf_value" : [ ], "parent" : 10, "left" : 43, "right" : 44, "svalue" : -0.8634733, "sindex" : 4 },
			"Node_22" : { "leaf_value" : [ ], "parent" : 10, "left" : 45, "right" : 46, "svalue" : -0.75524002, "sindex" : 7 },
			"Node_23" : { "leaf_value" : [ ], "parent" : 11, "left" : 47, "right" : 48, "svalue" : 0.18889479, "sindex" : 2 },
			"Node_24" : { "leaf_value" : [ ], "parent" : 11, "left" : 49, "right" : 50, "svalue" : -1.2274505, "sindex" : 8 },
			"Node_25" : { "leaf_value" : [ 0.0017449864, -0.0084359767, -0.12267632, 0.10298669 ], "parent" : 12, "left" : null, "right" : null, "svalue" : 0, "sindex" : 0 },
			"Node_26" : { "leaf_value" : [ -0.11712655, -0.11179203, 0.085531533, 0.1083779 ], "parent" : 12, "left" : null, "right" : null, "svalue" : 0, "sindex" : 0 },
			"Node_27" : { "leaf_value" : [ -0.14526193, 0.24136551, -0.14635161, -0.14673863 ], "parent" : 13, "left" : null, "right" : null, "svalue" : 0, "sindex" : 0 },
			"Node_28" : { "leaf_value" : [ ], "parent" : 13, "left" : 51, "right" : 52, "svalue" : -0.31381649, "sindex" : 2 },
			"Node_29" : { "leaf_value" : [ ], "parent" : 14, "left" : 53, "right" : 54, "svalue" : -0.58348125, "sindex" : 0 },
			"Node_30" : { "leaf_value" : [ ], "parent" : 14, "left" : 55, "right" : 56, "svalue" : -1.7437985, "sindex" : 3 },
			"Node_31" : { "leaf_value" : [ ], "parent" : 15, "left" : 57, "right" : 58, "svalue" : -1.2934062, "sindex" : 0 },
			"Node_32" : { "leaf_value" : [ 0.2525025, -0.11863587, -0.12334058, -0.11239741 ], "parent" : 15, "left" : null, "right" : null, "svalue" : 0, "sindex" : 0 },
			"Node_33" : { "leaf_value" : [ ], "parent" : 16, "left" : 59, "right" : 60, "svalue" : -0.34454748, "sindex" : 8 },
			"Node_34" : { "leaf_value" : [ 3.0113764e-05, -0.099000953, -0.0054049655, 0.088356808 ], "parent" : 16, "left" : null, "right" : null, "svalue" : 0, "sindex" : 0 },
			"Node_35" : { "leaf_value" : [ ], "parent" : 17, "left" : 61, "right" : 62, "svalue" : -0.24942224, "sindex" : 1 },
			"Node_36" : { "leaf_value" : [ ], "parent" : 17, "left" : 63, "right" : 64, "svalue" : -1.2934062, "sindex" : 0 },
			"Node_37" : { "leaf_value" : [ ], "parent" : 18, "left" : 65, "right" : 66, "svalue" : -0.75524002, "sindex" : 7 },
			"Node_38" : { "leaf_value" : [ ], "parent" : 18, "left" : 67, "right" : 68, "svalue" : -0.34454748, "sindex" : 8 },
			"Node_39" : { "leaf_value" : [ ], "parent" : 19, "left" : 69, "right" : 70, "svalue" : 0.32136342, "sindex" : 9 },
			"Node_40" : { "leaf_value" : [ ], "parent" : 19, "left" : 71, "right" : 72, "svalue" : 0.36367744, "sindex" : 0 },
			"Node_41" : { "leaf_value" : [ ], "parent" : 20, "left" : 73, "right" : 74, "svalue" : -0.26216629, "sindex" : 5 },
			"Node_42" : { "leaf_value" : [ -0.14082718, 0.16828017, 0.036392726, -0.11079337 ], "parent" : 20, "left" : null, "right" : null, "svalue" : 0, "sindex" : 0 },
			"Node_43" : { "leaf_value" : [ -0.12547763, -0.13746472, -0.1164721, 0.25239867 ], "parent" : 21, "left" : null, "right" : null, "svalue" : 0, "sindex" : 0 },
			"Node_44" : { "leaf_value" : [ ], "parent" : 21, "left" : 75, "right" : 76, "svalue" : 0.36367744, "sindex" : 0 },
			"Node_45" : { "leaf_value" : [ ], "parent" : 22, "left" : 77, "right" : 78, "svalue" : -0.26216629, "sindex" : 5 },
			"Node_46" : { "leaf_value" : [ 0.17585061, -0.12668213, -0.11419086, 0.018155977 ], "parent" : 22, "left" : null, "right" : null, "svalue" : 0, "sindex" : 0 },
			"Node_47" : { "leaf_value" : [ ], "parent" : 23, "left" : 79, "right" : 80, "svalue" : -1.2274505, "sindex" : 8 },
			"Node_48" : { "leaf_value" : [ -0.010980098, 0.074436679, -0.044814043, -0.013738048 ], "parent" : 23, "left" : null, "right" : null, "svalue" : 0, "sindex" : 0 },
			"Node_49" : { "leaf_value" : [ ], "parent" : 24, "left" : 81, "right" : 82, "svalue" : 0.18889479, "sindex" : 2 },
			"Node_50" : { "leaf_value" : [ ], "parent" : 24, "left" : 83, "right" : 84, "svalue" : 0.82399303, "sindex" : 2 },
			"Node_51" : { "leaf_value" : [ -0.10457867, 0.13352466, -0.10046353, 0.036908023 ], "parent" : 28, "left" : null, "right" : null, "svalue" : 0, "sindex" : 0 },
			"Node_52" : { "leaf_value" : [ ], "parent" : 28, "left" : 85, "right" : 86, "svalue" : 1.313001, "sindex" : 0 },
			"Node_53" : { "leaf_value" : [ ], "parent" : 29, "left" : 87, "right" : 88, "svalue" : 0.52183598, "sindex" : 8 },
			"Node_54" : { "leaf_value" : [ ], "parent" : 29, "left" : 89, "right" : 90, "svalue" : 0.36367744, "sindex" : 0 },
			"Node_55" : { "leaf_value" : [ ], "parent" : 30, "left" : 91, "right" : 92, "svalue" : 0.97715688, "sindex" : 7 },
			"Node_56" : { "leaf_value" : [ ], "parent" : 30, "left" : 93, "right" : 94, "svalue" : -1.0434253, "sindex" : 3 },
			"Node_57" : { "leaf_value" : [ 0.16543901, -0.14311361, 0.011284931, -0.13885246 ], "parent" : 31, "left" : null, "right" : null, "svalue" : 0, "sindex" : 0 },
			"Node_58" : { "leaf_value" : [ -0.011520954, -0.078494705, 0.15732209, -0.13984214 ], "parent" : 31, "left" : null, "right" : null, "svalue" : 0, "sindex" : 0 },
			"Node_59" : { "leaf_value" : [ -0.059998017, -0.14133103, 0.20052639, -0.14415397 ], "parent" : 33, "left" : null, "right" : null, "svalue" : 0, "sindex" : 0 },
			"Node_60" : { "leaf_value" : [ -0.1345332, 0.041592613, 0.18561763, -0.10888385 ], "parent" : 33, "left" : null, "right" : null, "svalue" : 0, "sindex" : 0 },
			"Node_61" : { "leaf_value" : [ 0.16389549, -0.11450747, -0.13534538, 0.043148749 ], "parent" : 35, "left" : null, "right" : null, "svalue" : 0, "sindex" : 0 },
			"Node_62" : { "leaf_value" : [ 0.22963022, -0.14532377, -0.097745679, -0.11045615 ], "parent" : 35, "left" : null, "right" : null, "svalue" : 0, "sindex" : 0 },
			"Node_63" : { "leaf_value" : [ -0.12799852, -0.057453223, 0.011194521, 0.13713442 ], "parent" : 36, "left" : null, "right" : null, "svalue" : 0, "sindex" : 0 },
			"Node_64" : { "leaf_value" : [ -0.029663641, -0.12570426, -0.1605714, 0.20425601 ], "parent" : 36, "left" : null, "right" : null, "svalue" : 0, "sindex" : 0 },
			"Node_65" : { "leaf_value" : [ -0.10962226, -0.15690744, 0.051708795, 0.132053 ], "parent" : 37, "left" : null, "right" : null, "svalue" : 0, "sindex" : 0 },
			"Node_66" : { "leaf_value" : [ -0.00032725191, -0.12939662, 0.23981397, -0.18009056 ], "parent" : 37, "left" : null, "right" : null, "svalue" : 0, "sindex" : 0 },
			"Node_67" : { "leaf_value" : [ -0.11300496, -0.14791755, -0.14786583, 0.21463129 ], "parent" : 38, "left" : null, "right" : null, "svalue" : 0, "sindex" : 0 },
			"Node_68" : { "leaf_value" : [ 0.21906331, -0.12051813, -0.11302218, -0.12242065 ], "parent" : 38, "left" : null, "right" : null, "svalue" : 0, "sindex" : 0 },
			"Node_69" : { "leaf_value" : [ 0.18554866, -0.030260039, -0.11426853, -0.10206312 ], "parent" : 39, "left" : null, "right" : null, "svalue" : 0, "sindex" : 0 },
			"Node_70" : { "leaf_value" : [ 0.075096682, 0.13065143, -0.12010354, -0.12946929 ], "parent" : 39, "left" : null, "right" : null, "svalue" : 0, "sindex" : 0 },
			"Node_71" : { "leaf_value" : [ 0.16051528, -0.12624921, -0.0012137131, -0.12530765 ], "parent" : 40, "left" : null, "right" : null, "svalue" : 0, "sindex" : 0 },
			"Node_72" : { "leaf_value" : [ 0.19453309, -0.082158923, -0.1340183, -0.13454363 ], "parent" : 40, "left" : null, "right" : null, "svalue" : 0, "sindex" : 0 },
			"Node_73" : { "leaf_value" : [ 0.14931525, -0.0071302969, -0.10781587, -0.10012881 ], "parent" : 41, "left" : null, "right" : null, "svalue" : 0, "sindex" : 0 },
			"Node_74" : { "leaf_value" : [ 0.019708913, -0.11839475, 0.16483942, -0.10171078 ], "parent" : 41, "left" : null, "right" : null, "svalue" : 0, "sindex" : 0 },
			"Node_75" : { "leaf_value" : [ -0.1154001, 0.17111352, -0.14984436, 0.024304086 ], "parent" : 44, "left" : null, "right" : null, "svalue" : 0, "sindex" : 0 },
			"Node_76" : { "leaf_value" : [ 0.021492314, -0.064085856, 0.06162576, -0.01558149 ], "parent" : 44, "left" : null, "right" : null, "svalue" : 0, "sindex" : 0 },
			"Node_77" : { "leaf_value" : [ -0.017836219, -0.10027574, -0.097575597, 0.15052582 ], "parent" : 45, "left" : null, "right" : null, "svalue" : 0, "sindex" : 0 },
			"Node_78" : { "leaf_value" : [ -0.12108495, -0.10820641, -0.10272339, 0.21873197 ], "parent" : 45, "left" : null, "right" : null, "svalue" : 0, "sindex" : 0 },
			"Node_79" : { "leaf_value" : [ -0.10390838, -0.098815113, 0.21580091, -0.093474284 ], "parent" : 47, "left" : null, "right" : null, "svalue" : 0, "sindex" : 0 },
			"Node_80" : { "leaf_value" : [ 0.16032641, -0.13503867, 0.047868494, -0.12823682 ], "parent" : 47, "left" : null, "right" : null, "svalue" : 0, "sindex" : 0 },
			"Node_81" : { "leaf_value" : [ -0.13606896, -0.13296397, 0.22378926, -0.1321336 ], "parent" : 49, "left" : null, "right" : null, "svalue" : 0, "sindex" : 0 },
			"Node_82" : { "leaf_value" : [ 0.032821115, -0.091924354, 0.10193526, -0.090981856 ], "parent" : 49, "left" : null, "right" : null, "svalue" : 0, "sindex" : 0 },
			"Node_83" : { "leaf_value" : [ -0.13277179, 0.061476719, 0.10690698, -0.13244949 ], "parent" : 50, "left" : null, "right" : null, "svalue" : 0, "sindex" : 0 },
			"Node_84" : { "leaf_value" : [ -0.09842895, -0.11285157, 0.20988186, -0.098089062 ], "parent" : 50, "left" : null, "right" : null, "svalue" : 0, "sindex" : 0 },
			"Node_85" : { "leaf_value" : [ 0.30018443, -0.15640122, -0.13495445, -0.13438194 ], "parent" : 52, "left" : null, "right" : null, "svalue" : 0, "sindex" : 0 },
			"Node_86" : { "leaf_value" : [ 0.061797868, -0.015185914, 0.031008318, -0.094807558 ], "parent" : 52, "left" : null, "right" : null, "svalue" : 0, "sindex" : 0 },
			"Node_87" : { "leaf_value" : [ -0.088952683, 0.13556446, 0.0013094046, -0.14724804 ], "parent" : 53, "left" : null, "right" : null, "svalue" : 0, "sindex" : 0 },
			"Node_88" : { "leaf_value" : [ -0.14479172, 0.19560267, -0.15216212, -0.036553346 ], "parent" : 53, "left" : null, "right" : null, "svalue" : 0, "sindex" : 0 },
			"Node_89" : { "leaf_value" : [ -0.10469382, 0.021136863, 0.16690004, -0.10366099 ], "parent" : 54, "left" : null, "right" : null, "svalue" : 0, "sindex" : 0 },
			"Node_90" : { "leaf_value" : [ -0.13329348, 0.15102807, -0.066581525, -0.070009269 ], "parent" : 54, "left" : null, "right" : null, "svalue" : 0, "sindex" : 0 },
			"Node_91" : { "leaf_value" : [ 0.17198946, -0.11364508, -0.1011983, 0.005910405 ], "parent" : 55, "left" : null, "right" : null, "svalue" : 0, "sindex" : 0 },
			"Node_92" : { "leaf_value" : [ -0.00067660061, 0.13578476, -0.099550687, -0.098837197 ], "parent" : 55, "left" : null, "right" : null, "svalue" : 0, "sindex" : 0 },
			"Node_93" : { "leaf_value" : [ -0.13747711, 0.12557282, -0.13752288, 0.079358898 ], "parent" : 56, "left" : null, "right" : null, "svalue" : 0, "sindex" : 0 },
			"Node_94" : { "leaf_value" : [ -0.13779566, 0.24202709, -0.14063191, -0.14219037 ], "parent" : 56, "left" : null, "right" : null, "svalue" : 0, "sindex" : 0 }
		},
		"Tree_4" : {
			"Node_00" : { "leaf_value" : [ ], "parent" : null, "left" : 1, "right" : 2, "svalue" : -0.05970088, "sindex" : 7 },
			"Node_01" : { "leaf_value" : [ ], "parent" : 0, "left" : 3, "right" : 4, "svalue" : 0.52183598, "sindex" : 8 },
			"Node_02" : { "leaf_value" : [ ], "parent" : 0, "left" : 5, "right" : 6, "svalue" : 0.52183598, "sindex" : 8 },
			"Node_03" : { "leaf_value" : [ ], "parent" : 1, "left" : 7, "right" : 8, "svalue" : -1.0434253, "sindex" : 3 },
			"Node_04" : { "leaf_value" : [ ], "parent" : 1, "left" : 9, "right" : 10, "svalue" : -0.24942224, "sindex" : 1 },
			"Node_05" : { "leaf_value" : [ ], "parent" : 2, "left" : 11, "right" : 12, "svalue" : 0.7267701, "sindex" : 3 },
			"Node_06" : { "leaf_value" : [ ], "parent" : 2, "left" : 13, "right" : 14, "svalue" : 0.97715688, "sindex" : 7 },
			"Node_07" : { "leaf_value" : [ ], "parent" : 3, "left" : 15, "right" : 16, "svalue" : -0.58348125, "sindex" : 0 },
			"Node_08" : { "leaf_value" : [ ], "parent" : 3, "left" : 17, "right" : 18, "svalue" : -0.8634733, "sindex" : 4 },
			"Node_09" : { "leaf_value" : [ ], "parent" : 4, "left" : 19, "right" : 20, "svalue" : -0.87563473, "sindex" : 2 },
			"Node_10" : { "leaf_value" : [ ], "parent" : 4, "left" : 21, "right" : 22, "svalue" : 1.4919269, "sindex" : 1 },
			"Node_11" : { "leaf_value" : [ ], "parent" : 5, "left" : 23, "right" : 24, "svalue" : -0.34454748, "sindex" : 8 },
			"Node_12" : { "leaf_value" : [ ], "parent" : 5, "left" : 25, "right" : 26, "svalue" : -0.26216629, "sindex" : 5 },
			"Node_13" : { "leaf_value" : [ ], "parent" : 6, "left" : 27, "right" : 28, "svalue" : -0.21072124, "sindex" : 9 },
			"Node_14" : { "leaf_value" : [ ], "parent" : 6, "left" : 29, "right" : 30, "svalue" : -0.26216629, "sindex" : 5 },
			"Node_15" : { "leaf_value" : [ ], "parent" : 7, "left" : 31, "right" : 32, "svalue" : -0.8634733, "sindex" : 4 },
			"Node_16" : { "leaf_value" : [ ], "parent" : 7, "left" : 33, "right" : 34, "svalue" : 1.313001, "sindex" : 0 },
			"Node_17" : { "leaf_value" : [ ], "parent" : 8, "left" : 35, "right" : 36, "svalue" : 0.7267701, "sindex" : 3 },
			"Node_18" : { "leaf_value" : [ ], "parent" : 8, "left" : 37, "right" : 38, "svalue" : -0.26270461, "sindex" : 3 },
			"Node_19" : { "leaf_value" : [ ], "parent" : 9, "left" : 39, "right" : 40, "svalue" : -0.21844044, "sindex" : 4 },
			"Node_20" : { "leaf_value" : [ ], "parent" : 9, "left" : 41, "right" : 42, "svalue" : 0.82447571, "sindex" : 5 },
			"Node_21" : { "leaf_value" : [ ], "parent" : 10, "left" : 43, "right" : 44, "svalue" : -2.2099195, "sindex" : 6 },
			"Node_22" : { "leaf_value" : [ ], "parent" : 10, "left" : 45, "right" : 46, "svalue" : -0.31381649, "sindex" : 2 },
			"Node_23" : { "leaf_value" : [ ], "parent" : 11, "left" : 47, "right" : 48, "svalue" : 0.98466164, "sindex" : 6 },
			"Node_24" : { "leaf_value" : [ ], "parent" : 11, "left" : 49, "right" : 50, "svalue" : 0.18889479, "sindex" : 2 },
			"Node_25" : { "leaf_value" : [ ], "parent" : 12, "left" : 51, "right" : 52, "svalue" : 1.313001, "sindex" : 0 },
			"Node_26" : { "leaf_value" : [ ], "parent" : 12, "left" : 53, "right" : 54, "svalue" : 0.36367744, "sindex" : 0 },
			"Node_27" : { "leaf_value" : [ ], "parent" : 13, "left" : 55, "right" : 56, "svalue" : 0.94601834, "sindex" : 4 },
			"Node_28" : { "leaf_value" : [ ], "parent" : 13, "left" : 57, "right" : 58, "svalue" : 0.93269801, "sindex" : 9 },
			"Node_29" : { "leaf_value" : [ ], "parent" : 14, "left" : 59, "right" : 60, "svalue" : -1.0864215, "sindex" : 6 },
			"Node_30" : { "leaf_value" : [ ], "parent" : 14, "left" : 61, "right" : 62, "svalue" : 0.27053717, "sindex" : 4 },
			"Node_31" : { "leaf_value" : [ -0.0009437679, -0.11873682, 0.15537629, -0.11856405 ], "parent" : 15, "left" : null, "right" : null, "svalue" : 0, "sindex" : 0 },
			"Node_32" : { "leaf_value" : [ ], "parent" : 15, "left" : 63, "right" : 64, "svalue" : -0.34454748, "sindex" : 8 },
			"Node_33" : { "leaf_value" : [ ], "parent" : 16, "left" : 65, "right" : 66, "svalue" : -0.21844044, "sindex" : 4 },
			"Node_34" : { "leaf_value" : [ 0.0008869766, -0.093484744, -0.0038095934, 0.075027443 ], "parent" : 16, "left" : null, "right" : null, "svalue" : 0, "sindex" : 0 },
			"Node_35" : { "leaf_value" : [ ], "parent" : 17, "left" : 67, "right" : 68, "svalue" : -0.34454748, "sindex" : 8 },
			"Node_36" : { "leaf_value" : [ 0.049907111, -0.11656851, -0.11258522, 0.1048804 ], "parent" : 17, "left" : null, "right" : null, "svalue" : 0, "sindex" : 0 },
			"Node_37" : { "leaf_value" : [ ], "parent" : 18, "left" : 69, "right" : 70, "svalue" : -0.80774945, "sindex" : 9 },
			"Node_38" : { "leaf_value" : [ ], "parent" : 18, "left" : 71, "right" : 72, "svalue" : 0.36367744, "sindex" : 0 },
			"Node_39" : { "leaf_value" : [ -0.022155223, 0.15564975, -0.026906407, -0.12092324 ], "parent" : 19, "left" : null, "right" : null, "svalue" : 0, "sindex" : 0 },
			"Node_40" : { "leaf_value" : [ 0.048098695, -0.13979273, 0.16604353, -0.1035538 ], "parent" : 19, "left" : null, "right" : null, "svalue" : 0, "sindex" : 0 },
			"Node_41" : { "leaf_value" : [ ], "parent" : 20, "left" : 73, "right" : 74, "svalue" : -0.21072124, "sindex" : 9 },
			"Node_42" : { "leaf_value" : [ 0.029868213, -0.041625835, 0.087644413, -0.11320657 ], "parent" : 20, "left" : null, "right" : null, "svalue" : 0, "sindex" : 0 },
			"Node_43" : { "leaf_value" : [ ], "parent" : 21, "left" : 75, "right" : 76, "svalue" : -0.8634733, "sindex" : 4 },
			"Node_44" : { "leaf_value" : [ -0.10433763, 0.21108679, -0.098490074, -0.084710173 ], "parent" : 21, "left" : null, "right" : null, "svalue" : 0, "sindex" : 0 },
			"Node_45" : { "leaf_value" : [ 0.1414215, -0.11403471, -0.11059741, 0.0182241 ], "parent" : 22, "left" : null, "right" : null, "svalue" : 0, "sindex" : 0 },
			"Node_46" : { "leaf_value" : [ ], "parent" : 22, "left" : 77, "right" : 78, "svalue" : 0.32136342, "sindex" : 9 },
			"Node_47" : { "leaf_value" : [ ], "parent" : 23, "left" : 79, "right" : 80, "svalue" : 0.27053717, "sindex" : 4 },
			"Node_48" : { "leaf_value" : [ ], "parent" : 23, "left" : 81, "right" : 82, "svalue" : -1.2274505, "sindex" : 8 },
			"Node_49" : { "leaf_value" : [ ], "parent" : 24, "left" : 83, "right" : 84, "svalue" : 0.27053717, "sindex" : 4 },
			"Node_50" : { "leaf_value" : [ ], "parent" : 24, "left" : 85, "right" : 86, "svalue" : -1.2934062, "sindex" : 0 },
			"Node_51" : { "leaf_value" : [ 0.041284718, -0.0011204907, -0.10208546, 0.037454527 ], "parent" : 25, "left" : null, "right" : null, "svalue" : 0, "sindex" : 0 },
			"Node_52" : { "leaf_value" : [ 0.088791147, -0.094742648, 0.12605618, -0.13350821 ], "parent" : 25, "left" : null, "right" : null, "svalue" : 0, "sindex" : 0 },
			"Node_53" : { "leaf_value" : [ -0.10388936, -0.12426059, 0.1092163, 0.099028043 ], "parent" : 26, "left" : null, "right" : null, "svalue" : 0, "sindex" : 0 },
			"Node_54" : { "leaf_value" : [ 0.039055564, -0.10201769, -0.11907732, 0.14696474 ], "parent" : 26, "left" : null, "right" : null, "svalue" : 0, "sindex" : 0 },
			"Node_55" : { "leaf_value" : [ ], "parent" : 27, "left" : 87, "right" : 88, "svalue" : -0.58348125, "sindex" : 0 },
			"Node_56" : { "leaf_value" : [ 0.096282303, 0.069204099, -0.089676075, -0.10308706 ], "parent" : 27, "left" : null, "right" : null, "svalue" : 0, "sindex" : 0 },
			"Node_57" : { "leaf_value" : [ ], "parent" : 28, "left" : 89, "right" : 90, "svalue" : -0.58348125, "sindex" : 0 },
			"Node_58" : { "leaf_value" : [ 0.064603262, 0.11574084, -0.11279018, -0.12044566 ], "parent" : 28, "left" : null, "right" : null, "svalue" : 0, "sindex" : 0 },
			"Node_59" : { "leaf_value" : [ 0.087092936, 0.077146173, -0.10955158, -0.10807709 ], "parent" : 29, "left" : null, "right" : null, "svalue" : 0, "sindex" : 0 },
			"Node_60" : { "leaf_value" : [ -0.11558022, 0.19973327, -0.12667407, -0.11674535 ], "parent" : 29, "left" : null, "right" : null, "svalue" : 0, "sindex" : 0 },
			"Node_61" : { "leaf_value" : [ -0.13903043, 0.21358311, -0.14068292, -0.13487124 ], "parent" : 30, "left" : null, "right" : null, "svalue" : 0, "sindex" : 0 },
			"Node_62" : { "leaf_value" : [ ], "parent" : 30, "left" : 91, "right" : 92, "svalue" : 0.94601834, "sindex" : 4 },
			"Node_63" : { "leaf_value" : [ 0.10116211, -0.1385058, 0.051571086, -0.13623874 ], "parent" : 32, "left" : null, "right" : null, "svalue" : 0, "sindex" : 0 },
			"Node_64" : { "leaf_value" : [ 0.17585675, -0.030378133, -0.13044511, -0.11352152 ], "parent" : 32, "left" : null, "right" : null, "svalue" : 0, "sindex" : 0 },
			"Node_65" : { "leaf_value" : [ 0.0088948756, -0.11723215, 0.12321892, -0.11623306 ], "parent" : 33, "left" : null, "right" : null, "svalue" : 0, "sindex" : 0 },
			"Node_66" : { "leaf_value" : [ -0.14225632, -0.040977266, 0.19564669, -0.13068213 ], "parent" : 33, "left" : null, "right" : null, "svalue" : 0, "sindex" : 0 },
			"Node_67" : { "leaf_value" : [ -0.14757727, -0.068327799, 0.17514786, -0.024404356 ], "parent" : 35, "left" : null, "right" : null, "svalue" : 0, "sindex" : 0 },
			"Node_68" : { "leaf_value" : [ -0.12766261, -0.1173815, 0.040498152, 0.12415379 ], "parent" : 35, "left" : null, "right" : null, "svalue" : 0, "sindex" : 0 },
			"Node_69" : { "leaf_value" : [ -0.0049643321, -0.11185949, 0.11905519, -0.01713001 ], "parent" : 37, "left" : null, "right" : null, "svalue" : 0, "sindex" : 0 },
			"Node_70" : { "leaf_value" : [ 0.16602626, -0.13999002, -0.11477831, 0.007588407 ], "parent" : 37, "left" : null, "right" : null, "svalue" : 0, "sindex" : 0 },
			"Node_71" : { "leaf_value" : [ 0.060049906, -0.1048452, -0.15843478, 0.10821605 ], "parent" : 38, "left" : null, "right" : null, "svalue" : 0, "sindex" : 0 },
			"Node_72" : { "leaf_value" : [ -0.057275996, -0.15301268, -0.017452935, 0.12355934 ], "parent" : 38, "left" : null, "right" : null, "svalue" : 0, "sindex" : 0 },
			"Node_73" : { "leaf_value" : [ 0.23621868, -0.13548924, -0.12621599, -0.11506295 ], "parent" : 41, "left" : null, "right" : null, "svalue" : 0, "sindex" : 0 },
			"Node_74" : { "leaf_value" : [ 0.13298954, 0.060906366, -0.15706478, -0.14094971 ], "parent" : 41, "left" : null, "right" : null, "svalue" : 0, "sindex" : 0 },
			"Node_75" : { "leaf_value" : [ -0.11489625, -0.12531394, -0.10694934, 0.21129586 ], "parent" : 43, "left" : null, "right" : null, "svalue" : 0, "sindex" : 0 },
			"Node_76" : { "leaf_value" : [ -0.048930079, 0.032647595, -0.065306574, 0.048645768 ], "parent" : 43, "left" : null, "right" : null, "svalue" : 0, "sindex" : 0 },
			"Node_77" : { "leaf_value" : [ -0.017197525, -0.091276802, -0.089514688, 0.13169211 ], "parent" : 46, "left" : null, "right" : null, "svalue" : 0, "sindex" : 0 },
			"Node_78" : { "leaf_value" : [ -0.11292887, -0.10502836, -0.089161612, 0.20906839 ], "parent" : 46, "left" : null, "right" : null, "svalue" : 0, "sindex" : 0 },
			"Node_79" : { "leaf_value" : [ 0.11673189, -0.062109705, 0.011677933, -0.12675248 ], "parent" : 47, "left" : null, "right" : null, "svalue" : 0, "sindex" : 0 },
			"Node_80" : { "leaf_value" : [ -0.071467564, -0.045066625, 0.11909186, -0.036922358 ], "parent" : 47, "left" : null, "right" : null, "svalue" : 0, "sindex" : 0 },
			"Node_81" : { "leaf_value" : [ -0.080757864, -0.13350642, 0.18057181, -0.13279146 ], "parent" : 48, "left" : null, "right" : null, "svalue" : 0, "sindex" : 0 },
			"Node_82" : { "leaf_value" : [ -0.13567407, 0.0092432396, 0.13067974, -0.13540623 ], "parent" : 48, "left" : null, "right" : null, "svalue" : 0, "sindex" : 0 },
			"Node_83" : { "leaf_value" : [ -0.12503891, 0.18031229, -0.070748687, -0.12935954 ], "parent" : 49, "left" : null, "right" : null, "svalue" : 0, "sindex" : 0 },
			"Node_84" : { "leaf_value" : [ 0.09951181, 0.067705631, -0.10802972, -0.10824361 ], "parent" : 49, "left" : null, "right" : null, "svalue" : 0, "sindex" : 0 },
			"Node_85" : { "leaf_value" : [ -0.10108449, 0.19632144, -0.10747935, -0.10335337 ], "parent" : 50, "left" : null, "right" : null, "svalue" : 0, "sindex" : 0 },
			"Node_86" : { "leaf_value" : [ -0.0012066056, -0.12731314, 0.28612757, -0.10834549 ], "parent" : 50, "left" : null, "right" : null, "svalue" : 0, "sindex" : 0 },
			"Node_87" : { "leaf_value" : [ -0.1168467, 0.12632123, -0.089201003, 0.023207873 ], "parent" : 55, "left" : null, "right" : null, "svalue" : 0, "sindex" : 0 },
			"Node_88" : { "leaf_value" : [ -0.084109515, 0.21533199, -0.13164176, -0.13351472 ], "parent" : 55, "left" : null, "right" : null, "svalue" : 0, "sindex" : 0 },
			"Node_89" : { "leaf_value" : [ -0.097262315, -0.11307528, -0.095534407, 0.32292196 ], "parent" : 57, "left" : null, "right" : null, "svalue" : 0, "sindex" : 0 },
			"Node_90" : { "leaf_value" : [ -0.060316071, -0.023085441, 0.04705831, 0.047563333 ], "parent" : 57, "left" : null, "right" : null, "svalue" : 0, "sindex" : 0 },
			"Node_91" : { "leaf_value" : [ -0.10299314, 0.058817506, 0.091285795, -0.099425808 ], "parent" : 62, "left" : null, "right" : null, "svalue" : 0, "sindex" : 0 },
			"Node_92" : { "leaf_value" : [ -0.10446177, 0.18318932, -0.10997181, -0.1040285 ], "parent" : 62, "left" : null, "right" : null, "svalue" : 0, "sindex" : 0 }
		},
		"Tree_5" : {
			"Node_00" : { "leaf_value" : [ ], "parent" : null, "left" : 1, "right" : 2, "svalue" : -0.05970088, "sindex" : 7 },
			"Node_01" : { "leaf_value" : [ ], "parent" : 0, "left" : 3, "right" : 4, "svalue" : 0.52183598, "sindex" : 8 },
			"Node_02" : { "leaf_value" : [ ], "parent" : 0, "left" : 5, "right" : 6, "svalue" : 0.52183598, "sindex" : 8 },
			"Node_03" : { "leaf_value" : [ ], "parent" : 1, "left" : 7, "right" : 8, "svalue" : -1.0434253, "sindex" : 3 },
			"Node_04" : { "leaf_value" : [ ], "parent" : 1, "left" : 9, "right" : 10, "svalue" : -0.24942224, "sindex" : 1 },
			"Node_05" : { "leaf_value" : [ ], "parent" : 2, "left" : 11, "right" : 12, "svalue" : 0.7267701, "sindex" : 3 },
			"Node_06" : { "leaf_value" : [ ], "parent" : 2, "left" : 13, "right" : 14, "svalue" : 0.97715688, "sindex" : 7 },
			"Node_07" : { "leaf_value" : [ ], "parent" : 3, "left" : 15, "right" : 16, "svalue" : -1.2934062, "sindex" : 0 },
			"Node_08" : { "leaf_value" : [ ], "parent" : 3, "left" : 17, "right" : 18, "svalue" : 0.7267701, "sindex" : 3 },
			"Node_09" : { "leaf_value" : [ ], "parent" : 4, "left" : 19, "right" : 20, "svalue" : 1.313001, "sindex" : 0 },
			"Node_10" : { "leaf_value" : [ ], "parent" : 4, "left" : 21, "right" : 22, "svalue" : 1.4919269, "sindex" : 1 },
			"Node_11" : { "leaf_value" : [ ], "parent" : 5, "left" : 23, "right" : 24, "svalue" : -0.34454748, "sindex" : 8 },
			"Node_12" : { "leaf_value" : [ ], "parent" : 5, "left" : 25, "right" : 26, "svalue" : -1.2274505, "sindex" : 8 },
			"Node_13" : { "leaf_value" : [ ], "parent" : 6, "left" : 27, "right" : 28, "svalue" : -0.21072124, "sindex" : 9 },
			"Node_14" : { "leaf_value" : [ ], "parent" : 6, "left" : 29, "right" : 30, "svalue" : -0.21844044, "sindex" : 4 },
			"Node_15" : { "leaf_value" : [ ], "parent" : 7, "left" : 31, "right" : 32, "svalue" : -1.2274505, "sindex" : 8 },
			"Node_16" : { "leaf_value" : [ ], "parent" : 7, "left" : 33, "right" : 34, "svalue" : -2.2099195, "sindex" : 6 },
			"Node_17" : { "leaf_value" : [ ], "parent" : 8, "left" : 35, "right" : 36, "svalue" : 0.36367744, "sindex" : 0 },
			"Node_18" : { "leaf_value" : [ ], "parent" : 8, "left" : 37, "right" : 38, "svalue" : -0.34454748, "sindex" : 8 },
			"Node_19" : { "leaf_value" : [ ], "parent" : 9, "left" : 39, "right" : 40, "svalue" : 0.82399303, "sindex" : 2 },
			"Node_20" : { "leaf_value" : [ ], "parent" : 9, "left" : 41, "right" : 42, "svalue" : -0.75524002, "sindex" : 7 },
			"Node_21" : { "leaf_value" : [ ], "parent" : 10, "left" : 43, "right" : 44, "svalue" : -0.8634733, "sindex" : 4 },
			"Node_22" : { "leaf_value" : [ ], "parent" : 10, "left" : 45, "right" : 46, "svalue" : -0.75524002, "sindex" : 7 },
			"Node_23" : { "leaf_value" : [ ], "parent" : 11, "left" : 47, "right" : 48, "svalue" : 0.98466164, "sindex" : 6 },
			"Node_24" : { "leaf_value" : [ ], "parent" : 11, "left" : 49, "right" : 50, "svalue" : 0.27053717, "sindex" : 4 },
			"Node_25" : { "leaf_value" : [ -0.11544617, -0.11266144, 0.037220135, 0.13037811 ], "parent" : 12, "left" : null, "right" : null, "svalue" : 0, "sindex" : 0 },
			"Node_26" : { "leaf_value" : [ ], "parent" : 12, "left" : 51, "right" : 52, "svalue" : 0.93269801, "sindex" : 9 },
			"Node_27" : { "leaf_value" : [ ], "parent" : 13, "left" : 53, "right" : 54, "svalue" : -1.0864215, "sindex" : 6 },
			"Node_28" : { "leaf_value" : [ ], "parent" : 13, "left" : 55, "right" : 56, "svalue" : 0.93269801, "sindex" : 9 },
			"Node_29" : { "leaf_value" : [ ], "parent" : 14, "left" : 57, "right" : 58, "svalue" : 0.36367744, "sindex" : 0 },
			"Node_30" : { "leaf_value" : [ ], "parent" : 14, "left" : 59, "right" : 60, "svalue" : 0.25406665, "sindex" : 5 },
			"Node_31" : { "leaf_value" : [ -0.009468195, -0.099315017, 0.12811548, -0.097561322 ], "parent" : 15, "left" : null, "right" : null, "svalue" : 0, "sindex" : 0 },
			"Node_32" : { "leaf_value" : [ 0.21880886, -0.11813547, -0.14276572, -0.10964359 ], "parent" : 15, "left" : null, "right" : null, "svalue" : 0, "sindex" : 0 },
			"Node_33" : { "leaf_value" : [ ], "parent" : 16, "left" : 61, "right" : 62, "svalue" : -0.26216629, "sindex" : 5 },
			"Node_34" : { "leaf_value" : [ ], "parent" : 16, "left" : 63, "right" : 64, "svalue" : 0.36367744, "sindex" : 0 },
			"Node_35" : { "leaf_value" : [ ], "parent" : 17, "left" : 65, "right" : 66, "svalue" : -1.2274505, "sindex" : 8 },
			"Node_36" : { "leaf_value" : [ ], "parent" : 17, "left" : 67, "right" : 68, "svalue" : -0.75524002, "sindex" : 7 },
			"Node_37" : { "leaf_value" : [ ], "parent" : 18, "left" : 69, "right" : 70, "svalue" : 0.36367744, "sindex" : 0 },
			"Node_38" : { "leaf_value" : [ 0.16110535, -0.11709119, -0.1082921, -0.047023498 ], "parent" : 18, "left" : null, "right" : null, "svalue" : 0, "sindex" : 0 },
			"Node_39" : { "leaf_value" : [ ], "parent" : 19, "left" : 71, "right" : 72, "svalue" : 1.4078186, "sindex" : 8 },
			"Node_40" : { "leaf_value" : [ ], "parent" : 19, "left" : 73, "right" : 74, "svalue" : 0.25406665, "sindex" : 5 },
			"Node_41" : { "leaf_value" : [ ], "parent" : 20, "left" : 75, "right" : 76, "svalue" : -0.26216629, "sindex" : 5 },
			"Node_42" : { "leaf_value" : [ -0.13295718, 0.13290462, 0.036597099, -0.097534657 ], "parent" : 20, "left" : null, "right" : null, "svalue" : 0, "sindex" : 0 },
			"Node_43" : { "leaf_value" : [ -0.10506457, -0.11429945, -0.097893648, 0.18379819 ], "parent" : 21, "left" : null, "right" : null, "svalue" : 0, "sindex" : 0 },
			"Node_44" : { "leaf_value" : [ ], "parent" : 21, "left" : 77, "right" : 78, "svalue" : -0.58348125, "sindex" : 0 },
			"Node_45" : { "leaf_value" : [ -0.077943027, -0.11613065, -0.11300144, 0.17398497 ], "parent" : 22, "left" : null, "right" : null, "svalue" : 0, "sindex" : 0 },
			"Node_46" : { "leaf_value" : [ 0.14088316, -0.11077555, -0.1006597, 0.0017231094 ], "parent" : 22, "left" : null, "right" : null, "svalue" : 0, "sindex" : 0 },
			"Node_47" : { "leaf_value" : [ ], "parent" : 23, "left" : 79, "right" : 80, "svalue" : 0.18889479, "sindex" : 2 },
			"Node_48" : { "leaf_value" : [ ], "parent" : 23, "left" : 81, "right" : 82, "svalue" : -1.2274505, "sindex" : 8 },
			"Node_49" : { "leaf_value" : [ ], "parent" : 24, "left" : 83, "right" : 84, "svalue" : -0.11238197, "sindex" : 6 },
			"Node_50" : { "leaf_value" : [ ], "parent" : 24, "left" : 85, "right" : 86, "svalue" : -0.21072124, "sindex" : 9 },
			"Node_51" : { "leaf_value" : [ 0.11991131, -0.023757381, -0.0096016079, -0.12838612 ], "parent" : 26, "left" : null, "right" : null, "svalue" : 0, "sindex" : 0 },
			"Node_52" : { "leaf_value" : [ 0.019854313, -0.11022188, -0.022879215, 0.08203017 ], "parent" : 26, "left" : null, "right" : null, "svalue" : 0, "sindex" : 0 },
			"Node_53" : { "leaf_value" : [ ], "parent" : 27, "left" : 87, "right" : 88, "svalue" : -2.2099195, "sindex" : 6 },
			"Node_54" : { "leaf_value" : [ 0.061468817, 0.078324795, -0.088301957, -0.091411039 ], "parent" : 27, "left" : null, "right" : null, "svalue" : 0, "sindex" : 0 },
			"Node_55" : { "leaf_value" : [ ], "parent" : 28, "left" : 89, "right" : 90, "svalue" : -1.0434253, "sindex" : 3 },
			"Node_56" : { "leaf_value" : [ 0.058559019, 0.098047823, -0.10518158, -0.1120501 ], "parent" : 28, "left" : null, "right" : null, "svalue" : 0, "sindex" : 0 },
			"Node_57" : { "leaf_value" : [ 0.096747585, 0.05816552, -0.10592475, -0.09820392 ], "parent" : 29, "left" : null, "right" : null, "svalue" : 0, "sindex" : 0 },
			"Node_58" : { "leaf_value" : [ -0.10825019, 0.16905011, -0.104022, -0.10122369 ], "parent" : 29, "left" : null, "right" : null, "svalue" : 0, "sindex" : 0 },
			"Node_59" : { "leaf_value" : [ -0.13109058, 0.19436488, -0.13532776, -0.12956604 ], "parent" : 30, "left" : null, "right" : null, "svalue" : 0, "sindex" : 0 },
			"Node_60" : { "leaf_value" : [ ], "parent" : 30, "left" : 91, "right" : 92, "svalue" : -0.58348125, "sindex" : 0 },
			"Node_61" : { "leaf_value" : [ -0.16037093, 0.11928384, 0.067889698, -0.0068668923 ], "parent" : 33, "left" : null, "right" : null, "svalue" : 0, "sindex" : 0 },
			"Node_62" : { "leaf_value" : [ -0.067158826, -0.099659689, 0.19869137, -0.10841941 ], "parent" : 33, "left" : null, "right" : null, "svalue" : 0, "sindex" : 0 },
			"Node_63" : { "leaf_value" : [ 0.12591071, -0.13737185, 0.030305561, -0.13498336 ], "parent" : 34, "left" : null, "right" : null, "svalue" : 0, "sindex" : 0 },
			"Node_64" : { "leaf_value" : [ -0.12334175, -0.1138791, 0.16393825, -0.052567795 ], "parent" : 34, "left" : null, "right" : null, "svalue" : 0, "sindex" : 0 },
			"Node_65" : { "leaf_value" : [ 0.17492774, -0.13798843, -0.10439715, -0.059364151 ], "parent" : 35, "left" : null, "right" : null, "svalue" : 0, "sindex" : 0 },
			"Node_66" : { "leaf_value" : [ -0.052329551, -0.096615814, -0.070341766, 0.12736519 ], "parent" : 35, "left" : null, "right" : null, "svalue" : 0, "sindex" : 0 },
			"Node_67" : { "leaf_value" : [ -0.090505011, -0.14418061, 0.041710492, 0.086639084 ], "parent" : 36, "left" : null, "right" : null, "svalue" : 0, "sindex" : 0 },
			"Node_68" : { "leaf_value" : [ 0.010595373, -0.11432448, 0.1896221, -0.17315228 ], "parent" : 36, "left" : null, "right" : null, "svalue" : 0, "sindex" : 0 },
			"Node_69" : { "leaf_value" : [ -0.0341678, 0.034819759, -0.086973168, 0.0557664 ], "parent" : 37, "left" : null, "right" : null, "svalue" : 0, "sindex" : 0 },
			"Node_70" : { "leaf_value" : [ -0.092407577, -0.13149828, -0.1351687, 0.16839311 ], "parent" : 37, "left" : null, "right" : null, "svalue" : 0, "sindex" : 0 },
			"Node_71" : { "leaf_value" : [ 0.023018494, 0.15466309, -0.11779155, -0.12124189 ], "parent" : 39, "left" : null, "right" : null, "svalue" : 0, "sindex" : 0 },
			"Node_72" : { "leaf_value" : [ 0.14212154, -0.07243336, -0.069700353, -0.12003877 ], "parent" : 39, "left" : null, "right" : null, "svalue" : 0, "sindex" : 0 },
			"Node_73" : { "leaf_value" : [ 0.17497827, -0.10096207, -0.10478441, -0.091199666 ], "parent" : 40, "left" : null, "right" : null, "svalue" : 0, "sindex" : 0 },
			"Node_74" : { "leaf_value" : [ 0.13872346, -0.12354643, 0.013664242, -0.085767359 ], "parent" : 40, "left" : null, "right" : null, "svalue" : 0, "sindex" : 0 },
			"Node_75" : { "leaf_value" : [ 0.10767453, 0.0043662498, -0.094369225, -0.084827118 ], "parent" : 41, "left" : null, "right" : null, "svalue" : 0, "sindex" : 0 },
			"Node_76" : { "leaf_value" : [ 0.01472107, -0.1121682, 0.13665882, -0.088658452 ], "parent" : 41, "left" : null, "right" : null, "svalue" : 0, "sindex" : 0 },
			"Node_77" : { "leaf_value" : [ -0.060543798, 0.010443471, -0.12159488, 0.088356607 ], "parent" : 44, "left" : null, "right" : null, "svalue" : 0, "sindex" : 0 },
			"Node_78" : { "leaf_value" : [ -0.050732005, 0.11655407, -0.026911616, -0.065180048 ], "parent" : 44, "left" : null, "right" : null, "svalue" : 0, "sindex" : 0 },
			"Node_79" : { "leaf_value" : [ 0.066141888, -0.13411202, 0.10566662, -0.12801777 ], "parent" : 47, "left" : null, "right" : null, "svalue" : 0, "sindex" : 0 },
			"Node_80" : { "leaf_value" : [ -0.019719103, 0.073105574, -0.045180194, -0.0010494563 ], "parent" : 47, "left" : null, "right" : null, "svalue" : 0, "sindex" : 0 },
			"Node_81" : { "leaf_value" : [ -0.067058377, -0.12466037, 0.15601063, -0.12400334 ], "parent" : 48, "left" : null, "right" : null, "svalue" : 0, "sindex" : 0 },
			"Node_82" : { "leaf_value" : [ -0.12805702, 0.014676061, 0.10640698, -0.12781318 ], "parent" : 48, "left" : null, "right" : null, "svalue" : 0, "sindex" : 0 },
			"Node_83" : { "leaf_value" : [ -0.10266474, 0.18136168, -0.11226293, -0.11019219 ], "parent" : 49, "left" : null, "right" : null, "svalue" : 0, "sindex" : 0 },
			"Node_84" : { "leaf_value" : [ -0.11924175, 0.036810543, 0.12428807, -0.11599422 ], "parent" : 49, "left" : null, "right" : null, "svalue" : 0, "sindex" : 0 },
			"Node_85" : { "leaf_value" : [ 0.026185161, 0.0052352156, 0.049310494, -0.088541798 ], "parent" : 50, "left" : null, "right" : null, "svalue" : 0, "sindex" : 0 },
			"Node_86" : { "leaf_value" : [ 0.094159767, 0.072093874, -0.11273039, -0.10506791 ], "parent" : 50, "left" : null, "right" : null, "svalue" : 0, "sindex" : 0 },
			"Node_87" : { "leaf_value" : [ -0.029545652, 0.079789527, -0.092559516, 0.026341366 ], "parent" : 53, "left" : null, "right" : null, "svalue" : 0, "sindex" : 0 },
			"Node_88" : { "leaf_value" : [ -0.11358341, 0.18855844, -0.11560335, -0.12452416 ], "parent" : 53, "left" : null, "right" : null, "svalue" : 0, "sindex" : 0 },
			"Node_89" : { "leaf_value" : [ -0.121626, -0.067579262, -0.04336175, 0.21727081 ], "parent" : 55, "left" : null, "right" : null, "svalue" : 0, "sindex" : 0 },
			"Node_90" : { "leaf_value" : [ -0.018915173, -0.021440381, 0.03723307, 0.012562499 ], "parent" : 55, "left" : null, "right" : null, "svalue" : 0, "sindex" : 0 },
			"Node_91" : { "leaf_value" : [ -0.10035381, 0.16979687, -0.10689744, -0.10052823 ], "parent" : 60, "left" : null, "right" : null, "svalue" : 0, "sindex" : 0 },
			"Node_92" : { "leaf_value" : [ -0.090469241, 0.023343649, 0.11073246, -0.084591486 ], "parent" : 60, "left" : null, "right" : null, "svalue" : 0, "sindex" : 0 }
		}
	}
}
TREE_JSON_DUMP_END
MCU_DEPLOY_CLASSIFICATION_CODE step 6
MCU_DEPLOY_CLASSIFICATION_CODE step 7
MLLITE_AUTO_DEPLOY_FOURCLASS_10_MEDIUM_APPLY_OUTPUT_CLASS  [ 2, 3, 1, 3, 2,  ... , 1, 1, 1, 0, 1 ]
MLLITE_AUTO_DEPLOY_FOURCLASS_10_MEDIUM_APPLY_OUTPUT_PROBA 0 [ 0.20385621, 0.11320145, 0.57145953, 0.11148297 ]
MLLITE_AUTO_DEPLOY_FOURCLASS_10_MEDIUM_APPLY_OUTPUT_PROBA 1 [ 0.23377323, 0.15138564, 0.22314255, 0.39169854 ]
MLLITE_AUTO_DEPLOY_FOURCLASS_10_MEDIUM_APPLY_OUTPUT_PROBA 2 [ 0.13468677, 0.65431249, 0.1065046, 0.10449615 ]
MLLITE_AUTO_DEPLOY_FOURCLASS_10_MEDIUM_APPLY_OUTPUT_PROBA 3 [ 0.18278463, 0.10550633, 0.084622741, 0.62708622 ]
MLLITE_AUTO_DEPLOY_FOURCLASS_10_MEDIUM_APPLY_OUTPUT_PROBA 4 [ 0.20367734, 0.1044894, 0.46982619, 0.22200698 ]
...
MLLITE_AUTO_DEPLOY_FOURCLASS_10_MEDIUM_APPLY_OUTPUT_PROBA 507 [ 0.13537911, 0.38509971, 0.36734104, 0.11218012 ]
MLLITE_AUTO_DEPLOY_FOURCLASS_10_MEDIUM_APPLY_OUTPUT_PROBA 508 [ 0.078099005, 0.74461418, 0.10411011, 0.073176786 ]
MLLITE_AUTO_DEPLOY_FOURCLASS_10_MEDIUM_APPLY_OUTPUT_PROBA 509 [ 0.084181018, 0.73353267, 0.098722577, 0.0835637 ]
MLLITE_AUTO_DEPLOY_FOURCLASS_10_MEDIUM_APPLY_OUTPUT_PROBA 510 [ 0.6678142, 0.15191767, 0.089297228, 0.090970963 ]
MLLITE_AUTO_DEPLOY_FOURCLASS_10_MEDIUM_APPLY_OUTPUT_PROBA 511 [ 0.14409429, 0.66603726, 0.090080671, 0.099787764 ]
MLLITE_AUTO_DEPLOY_FOURCLASS_10_MEDIUM_CLASS_PERFS { "count" : 512, "precision" : 0.83398438,  "AUC" : [ 0.96770036, 0.98037958, 0.97553831, 0.97849327 ] }
This will be printed
MCU_DEPLOY_CLASSIFICATION_CODE step 8
MCU_DEPLOY_CLASSIFICATION_CODE done
MLLITE_MCU_TIMER_OPERATION_ELAPSED_SECONDS 'MLLITE.MCU_DEPLOY.CLASSIFICATION.Friedman_XGB.FOURCLASS_10_MEDIUM' 0
MLLITE_MCU_TIMER_OPERATION_END 'MLLITE.MCU_DEPLOY.CLASSIFICATION.Friedman_XGB.FOURCLASS_10_MEDIUM' [ 'Tue Jan 23 09:44:22 2024' ]
MCU_DEPLOY_ON_TARGET_X86_64_END
