MCU_DEPLOY_ON_TARGET_X86_64_START
MLLITE_MCU_TIMER_OPERATION_START 'MLLITE.MCU_DEPLOY.REGRESSION.Tikhonov_Ridge.DIABETES_MEDIUM' [ 'Tue Jan 23 09:44:26 2024' ]
MLLite starting
MCU_DEPLOY_REGRESSION_CODE step 1
MCU_DEPLOY_REGRESSION_CODE step 2
MCU_DEPLOY_REGRESSION_CODE step 3
MCU_DEPLOY_REGRESSION_MODEL_OPTIONS
{ "alpha" : 0.0099999998, "random_state" : 1789 }
MCU_DEPLOY_REGRESSION_CODE step 4
PROGRESS_REPORT_ELAPSED_TOTAL 'RIDGE_REGRESSOR_FIT' 1 2
PROGRESS_REPORT_ELAPSED_TOTAL 'CHOLESKY_SOLVER' 1 6
PROGRESS_REPORT_ELAPSED_TOTAL 'CHOLESKY_SOLVER' 2 6
PROGRESS_REPORT_ELAPSED_TOTAL 'CHOLESKY_SOLVER' 3 6
PROGRESS_REPORT_ELAPSED_TOTAL 'CHOLESKY_SOLVER' 4 6
PROGRESS_REPORT_ELAPSED_TOTAL 'CHOLESKY_SOLVER' 5 6
PROGRESS_REPORT_ELAPSED_TOTAL 'CHOLESKY_SOLVER' 6 6
PROGRESS_REPORT_ELAPSED_TOTAL 'RIDGE_REGRESSOR_FIT' 2 2
MCU_DEPLOY_REGRESSION_CODE step 5
TREE_JSON_DUMP_START
{
	"metadata" : { "model" : "Tikhonov_Ridge", "version" : "2024-W03"},
	"options" : { "alpha" : 0.0099999998, "random_state" : 1789 },
	"equations : " : {
			"intercept" : 152.13348,
			"coeffs" : [ -7.1976013, -234.54886, 520.58838, 320.51691, -380.61481, 150.49033, -78.583481, 130.31557, 592.35284, 71.134338 ]
		}
}
TREE_JSON_DUMP_END
MCU_DEPLOY_REGRESSION_CODE step 6
MCU_DEPLOY_REGRESSION_CODE step 7
MLLITE_AUTO_DEPLOY_DIABETES_MEDIUM_APPLY_OUTPUT_REG  [ 204.30298, 69.684891, 175.22096, 164.65712, 128.24042,  ... , 192.01799, 102.61791, 123.19044, 209.99178, 50.042358 ]
MLLITE_AUTO_DEPLOY_DIABETES_MEDIUM_REG_PERFS { "count" : 442, "rmse" : 53.538223, "mape" : 0.38776776, "R2" : 0.51662815 }
This will be printed
MCU_DEPLOY_REGRESSION_CODE step 8
MCU_DEPLOY_REGRESSION_CODE done
MLLITE_MCU_TIMER_OPERATION_ELAPSED_SECONDS 'MLLITE.MCU_DEPLOY.REGRESSION.Tikhonov_Ridge.DIABETES_MEDIUM' 0
MLLITE_MCU_TIMER_OPERATION_END 'MLLITE.MCU_DEPLOY.REGRESSION.Tikhonov_Ridge.DIABETES_MEDIUM' [ 'Tue Jan 23 09:44:26 2024' ]
MCU_DEPLOY_ON_TARGET_X86_64_END
