MCU_DEPLOY_ON_TARGET_X86_64_START
MLLITE_MCU_TIMER_OPERATION_START 'MLLITE.MCU_DEPLOY.REGRESSION.Vapnik_SVR_RBF.DIABETES_MEDIUM' [ 'Thu Jan 25 12:03:15 2024' ]
MLLite starting
MCU_DEPLOY_REGRESSION_CODE CREATE_DATASET_STEP
MCU_DEPLOY_REGRESSION_CODE CREATE_MODEL_STEP
MCU_DEPLOY_REGRESSION_MODEL_OPTIONS
{"svm_type" : "c_svc", "kernel" : "rbf", "degree" : 3, "gamma" : 0, "coef0" : 0, "cache_size" : 10240, "tol" : 0.001, "nu" : 0.5, "epsilon" : 0, "shrinking" : 0, "probability" : 1, "C" : 1, "max_iter" : 30, "random_state" : 1789 }
MCU_DEPLOY_REGRESSION_CODE FIT_MODEL_STEP
PROGRESS_REPORT_ELAPSED_TOTAL 'SVM_REGRESSOR_FIT' 1 4
PROGRESS_REPORT_ELAPSED_TOTAL 'SVM_REGRESSOR_FIT' 2 4
PROGRESS_REPORT_ELAPSED_TOTAL 'SVM_REGRESSOR_FIT' 3 4
PROGRESS_REPORT_ELAPSED_TOTAL 'SVM_SOLVER_ITERATION:SVR_Global' 3 30
PROGRESS_REPORT_ELAPSED_TOTAL 'SVM_SOLVER_ITERATION:SVR_Global' 6 30
PROGRESS_REPORT_ELAPSED_TOTAL 'SVM_SOLVER_ITERATION:SVR_Global' 9 30
PROGRESS_REPORT_ELAPSED_TOTAL 'SVM_SOLVER_ITERATION:SVR_Global' 12 30
PROGRESS_REPORT_ELAPSED_TOTAL 'SVM_SOLVER_ITERATION:SVR_Global' 15 30
PROGRESS_REPORT_ELAPSED_TOTAL 'SVM_SOLVER_ITERATION:SVR_Global' 18 30
PROGRESS_REPORT_ELAPSED_TOTAL 'SVM_SOLVER_ITERATION:SVR_Global' 21 30
PROGRESS_REPORT_ELAPSED_TOTAL 'SVM_SOLVER_ITERATION:SVR_Global' 24 30
PROGRESS_REPORT_ELAPSED_TOTAL 'SVM_SOLVER_ITERATION:SVR_Global' 27 30
PROGRESS_REPORT_ELAPSED_TOTAL 'SVM_SOLVER_ITERATION:SVR_Global' 30 30
PROGRESS_REPORT_ELAPSED_TOTAL 'SVM_REGRESSOR_FIT' 4 4
MCU_DEPLOY_REGRESSION_CODE MODEL_JSON_EXPORT_STEP
MODEL_JSON_DUMP_START
{
	"metadata" : { "model" : "Vapnik_SVR_RBF", "version" : "2024-W03"},
	"options" : {"svm_type" : "epsilon_svr", "kernel" : "rbf", "degree" : 3, "gamma" : 44.200001, "coef0" : 0, "cache_size" : 10240, "tol" : 0.001, "nu" : 0.5, "epsilon" : 0.1, "shrinking" : 0, "probability" : 0, "C" : 1, "max_iter" : 30, "random_state" : 1789 },
	"svm_model" : {
	"classes" : 2,
	"L" : 60,
	"SupportVectors" : {
		"SV_00" : [ -0.070900247, -0.044641636, 0.039062154, -0.033213232, -0.012576583, -0.034507614, -0.024992656, -0.0025922621, 0.06773705, -0.013504018 ],
		"SV_01" : [ 0.067136213, 0.05068012, -0.0062059541, 0.063186601, -0.042847544, -0.095884711, 0.052321736, -0.076394506, 0.059423622, 0.052769691 ],
		"SV_02" : [ 0.034443367, 0.05068012, 0.12528712, 0.028758088, -0.05385517, -0.01290037, -0.10230705, 0.1081111, 0.00027247815, 0.027917052 ],
		"SV_03" : [ -0.0091470936, -0.044641636, 0.011039039, -0.057313185, -0.024960158, -0.042962622, 0.03023191, -0.039493382, 0.017036071, -0.0052198046 ],
		"SV_04" : [ 0.0053830603, 0.05068012, -0.008361578, 0.021872386, 0.054845106, 0.073215455, -0.024992656, 0.034308858, 0.012551195, 0.094190761 ],
		"SV_05" : [ -0.052737556, -0.044641636, -0.0094393902, -0.0056704222, 0.039709628, 0.044718947, 0.026550272, -0.0025922621, -0.018113693, -0.013504018 ],
		"SV_06" : [ -0.041839939, -0.044641636, 0.041217778, -0.026327528, -0.031839922, -0.030436683, -0.036037572, 0.0029429062, 0.033653814, -0.017646125 ],
		"SV_07" : [ -0.027309787, -0.044641636, -0.063329995, -0.050427485, -0.089629941, -0.10433972, 0.052321736, -0.076394506, -0.056153104, -0.067351408 ],
		"SV_08" : [ -0.0091470936, 0.05068012, -0.030995632, -0.026327528, -0.01120063, -0.0010007289, -0.021311019, -0.0025922621, 0.0062067355, 0.027917052 ],
		"SV_09" : [ 0.012648137, 0.05068012, -0.022373136, -0.02977038, 0.010814616, 0.028435227, -0.021311019, 0.034308858, -0.0060810968, -0.0010776975 ],
		"SV_10" : [ -0.020044709, -0.044641636, 0.0045721666, 0.097615108, 0.0053108046, -0.020729082, 0.063366652, -0.039493382, 0.012551195, 0.011348623 ],
		"SV_11" : [ -0.027309787, -0.044641636, 0.088641509, -0.025191387, 0.021822238, 0.042526908, -0.032355931, 0.034308858, 0.0028613093, 0.077622332 ],
		"SV_12" : [ -0.092695475, -0.044641636, 0.028284032, -0.015998974, 0.036957718, 0.024990594, 0.056003377, -0.039493382, -0.00514219, -0.0010776975 ],
		"SV_13" : [ 0.019913213, 0.05068012, 0.014272476, 0.063186601, 0.014942475, 0.020293366, -0.047082484, 0.034308858, 0.046661779, 0.090048656 ],
		"SV_14" : [ 0.059871137, -0.044641636, -0.021295324, 0.087286554, 0.045213439, 0.031566709, -0.047082484, 0.071209982, 0.079122439, 0.13561183 ],
		"SV_15" : [ 0.0053830603, -0.044641636, 0.049840275, 0.097615108, -0.015328488, -0.016345004, -0.0065844678, -0.0025922621, 0.017036071, -0.013504018 ],
		"SV_16" : [ 0.034443367, 0.05068012, 0.11127556, 0.076958001, -0.031839922, -0.033881318, -0.021311019, -0.0025922621, 0.028020373, 0.073480226 ],
		"SV_17" : [ 0.023545753, -0.044641636, 0.061696205, 0.052858043, -0.034591828, -0.048912443, -0.028674295, -0.0025922621, 0.054719973, -0.0052198046 ],
		"SV_18" : [ -0.027309787, -0.044641636, 0.047684651, -0.046984635, 0.034205813, 0.057244886, -0.080217227, 0.13025178, 0.04506655, 0.13146973 ],
		"SV_19" : [ -0.056370094, -0.044641636, 0.092952758, -0.019441826, 0.014942475, 0.023424851, -0.028674295, 0.02545259, 0.026060518, 0.04034337 ],
		"SV_20" : [ 0.023545753, -0.044641636, 0.070318706, 0.025315236, -0.034591828, -0.014466112, -0.032355931, -0.0025922621, -0.019198449, -0.0093619116 ],
		"SV_21" : [ 0.0017505219, -0.044641636, -0.0040503298, -0.0056704222, -0.0084487237, -0.023860566, 0.052321736, -0.039493382, -0.0089433957, -0.013504018 ],
		"SV_22" : [ -0.034574863, 0.05068012, -0.00081689376, 0.070072301, 0.039709628, 0.066952489, -0.065490671, 0.1081111, 0.026716841, 0.073480226 ],
		"SV_23" : [ -0.016412171, -0.044641636, -0.010517202, 0.0012152797, -0.037343733, -0.035760209, 0.011823721, -0.039493382, -0.021395309, -0.034214552 ],
		"SV_24" : [ 0.016280675, 0.05068012, 0.072474331, 0.076958001, -0.0084487237, 0.0055753887, -0.0065844678, -0.0025922621, -0.023646863, 0.061053906 ],
		"SV_25" : [ 0.041708443, 0.05068012, 0.071396515, 0.0081009818, 0.038333673, 0.015909288, -0.017629381, 0.034308858, 0.073406957, 0.08590655 ],
		"SV_26" : [ 0.0090155993, -0.044641636, -0.012672827, 0.028758088, -0.018080395, -0.0050716591, -0.047082484, 0.034308858, 0.023371415, -0.0052198046 ],
		"SV_27" : [ 0.027178291, 0.05068012, 0.025050595, 0.014986684, 0.025950097, 0.04847673, -0.039719209, 0.034308858, 0.007838428, 0.023774944 ],
		"SV_28" : [ 0.048973523, 0.05068012, 0.0034943544, 0.070072301, -0.0084487237, 0.0134041, -0.054445758, 0.034308858, 0.013316905, 0.036201265 ],
		"SV_29" : [ -0.030942325, -0.044641636, 0.046606839, 0.014986684, -0.016704442, -0.047033552, 0.00077880803, -0.0025922621, 0.063452721, -0.025930339 ],
		"SV_30" : [ 0.092563987, -0.044641636, 0.036906529, 0.021872386, -0.024960158, -0.016658152, 0.00077880803, -0.039493382, -0.022516528, -0.021788232 ],
		"SV_31" : [ 0.074401289, -0.044641636, 0.031517468, 0.10105796, 0.046589389, 0.036890235, 0.01550536, -0.0025922621, 0.033653814, 0.04448548 ],
		"SV_32" : [ 0.027178291, -0.044641636, 0.0067277909, 0.03564379, 0.079612255, 0.070710272, 0.01550536, 0.034308858, 0.040672828, 0.011348623 ],
		"SV_33" : [ 0.067136213, -0.044641636, 0.056307144, 0.073515147, -0.013952536, -0.03920484, -0.032355931, -0.0025922621, 0.075740553, 0.036201265 ],
		"SV_34" : [ 0.030810829, 0.05068012, 0.056307144, 0.076958001, 0.049341295, -0.012274073, -0.036037572, 0.071209982, 0.1200515, 0.090048656 ],
		"SV_35" : [ -0.049105015, -0.044641636, 0.16085492, -0.046984635, -0.029088017, -0.019789636, -0.047082484, 0.034308858, 0.028020373, 0.011348623 ],
		"SV_36" : [ 0.012648137, -0.044641636, -0.036384691, 0.04252949, -0.013952536, 0.012934377, -0.026833475, 0.0051569734, -0.043983772, 0.0072065163 ],
		"SV_37" : [ -0.016412171, 0.05068012, 0.12744275, 0.097615108, 0.016318427, 0.017475029, -0.021311019, 0.034308858, 0.034866191, 0.0030644094 ],
		"SV_38" : [ 0.016280675, -0.044641636, -0.024528759, 0.03564379, -0.0070727714, -0.0031927682, -0.013947743, -0.0025922621, 0.015568459, 0.01549073 ],
		"SV_39" : [ 0.012648137, -0.044641636, 0.026128408, 0.063186601, 0.1250187, 0.091691218, 0.063366652, -0.0025922621, 0.057573155, -0.021788232 ],
		"SV_40" : [ 0.059871137, 0.05068012, 0.076785572, 0.025315236, 0.0011829459, 0.016848734, -0.054445758, 0.034308858, 0.029934648, 0.04448548 ],
		"SV_41" : [ 0.0017505219, -0.044641636, -0.008361578, -0.064198889, -0.038719688, -0.024486864, 0.0044604456, -0.039493382, -0.064685307, -0.054925088 ],
		"SV_42" : [ 0.0090155993, 0.05068012, -0.0018947058, 0.021872386, -0.038719688, -0.024800012, -0.0065844678, -0.039493382, -0.039808828, -0.013504018 ],
		"SV_43" : [ -0.0055145551, -0.044641636, 0.064929642, 0.03564379, -0.0015689598, 0.014969843, -0.013947743, 0.0007288389, -0.018113693, 0.032059159 ],
		"SV_44" : [ -0.038207401, -0.044641636, 0.067085266, -0.060756039, -0.029088017, -0.023234271, -0.010266106, -0.0025922621, -0.0014959488, 0.019632837 ],
		"SV_45" : [ -0.020044709, -0.044641636, 0.085408069, -0.036656082, 0.091995835, 0.089499176, -0.061809033, 0.14501221, 0.080945559, 0.052769691 ],
		"SV_46" : [ 0.038075905, 0.05068012, 0.0056499788, 0.03220094, 0.0066867573, 0.017475029, -0.024992656, 0.034308858, 0.01482098, 0.061053906 ],
		"SV_47" : [ 0.016280675, -0.044641636, 0.020739349, 0.021872386, -0.013952536, -0.013213519, -0.0065844678, -0.0025922621, 0.013316905, 0.04034337 ],
		"SV_48" : [ 0.019913213, 0.05068012, 0.10480869, 0.070072301, -0.035967782, -0.026678903, -0.024992656, -0.0025922621, 0.0037090604, 0.04034337 ],
		"SV_49" : [ -0.016412171, 0.05068012, 0.0024165425, 0.014986684, 0.021822238, -0.010082034, -0.024992656, 0.034308858, 0.085530706, 0.081764437 ],
		"SV_50" : [ -0.0018820165, -0.044641636, 0.068163082, -0.0056704222, 0.11951489, 0.13020848, -0.024992656, 0.086708449, 0.046133075, -0.0010776975 ],
		"SV_51" : [ -0.0018820165, -0.044641636, -0.038540315, 0.021872386, -0.10889328, -0.11561307, 0.022868635, -0.076394506, -0.046882533, 0.023774944 ],
		"SV_52" : [ 0.016280675, -0.044641636, 0.026128408, 0.058607604, -0.060734931, -0.044215217, -0.013947743, -0.033958215, -0.051403873, -0.025930339 ],
		"SV_53" : [ 0.034443367, 0.05068012, -0.029917819, 0.0046581305, 0.093371786, 0.086993992, 0.033913549, -0.0025922621, 0.024055086, -0.038356658 ],
		"SV_54" : [ -0.016412171, -0.044641636, 0.054151524, 0.070072301, -0.033215877, -0.027931497, 0.0081420839, -0.039493382, -0.027129022, -0.0093619116 ],
		"SV_55" : [ 0.048973523, 0.05068012, 0.12313149, 0.083843701, -0.10476542, -0.10089509, -0.069172308, -0.0025922621, 0.036643732, -0.030072445 ],
		"SV_56" : [ 0.030810829, 0.05068012, -0.034229066, 0.043665633, 0.057597011, 0.068831377, -0.032355931, 0.057556566, 0.035458703, 0.08590655 ],
		"SV_57" : [ 0.048973523, 0.05068012, 0.088641509, 0.087286554, 0.035581768, 0.02154596, -0.024992656, 0.034308858, 0.066050664, 0.13146973 ],
		"SV_58" : [ 0.070768751, 0.05068012, -0.030995632, 0.021872386, -0.037343733, -0.047033552, 0.033913549, -0.039493382, -0.014959694, -0.0010776975 ],
		"SV_59" : [ 0.016280675, -0.044641636, 0.0013387303, 0.0081009818, 0.0053108046, 0.010898912, 0.03023191, -0.039493382, -0.045424037, 0.032059159 ]
	},
	"SupportVectorsCoefs" : {
		"SV_coef_0" : [ 1, 1, 1, 1, -1, -1, -1, -1, -1, -1, -1, 1, 1, 1, 1, 1, 1, 1, 1, -1, 1, -1, 1, -1, -1, 1, 1, -1, -1, -1, -1, 1, -1, 1, 1, 1, -1, 1, -1, 1, 1, -1, -1, -1, -1, 1, 1, 1, 1, -1, -1, -1, -1, -1, 1, 1, -1, 1, -1, -1 ]
	},
	"rho" : [ -158.77179 ],
	"nSV" : [ ],
	"probA" : [ ],
	"probB" : [ ],
	"n_iter" : [ 30 ],
	"sv_ind" : [ 9, 29, 32, 37, 40, 52, 56, 57, 75, 81, 92, 97, 102, 113, 117, 137, 138, 139, 141, 147, 150, 151, 152, 156, 163, 172, 190, 195, 197, 205, 211, 217, 236, 250, 254, 256, 259, 262, 274, 276, 290, 297, 306, 310, 328, 336, 359, 360, 362, 368, 376, 379, 380, 384, 404, 405, 426, 428, 431, 434 ]
}
}
MODEL_JSON_DUMP_END
MCU_DEPLOY_REGRESSION_CODE MODEL_PREDICT_STEP
MLLITE_AUTO_DEPLOY_DIABETES_MEDIUM_APPLY_OUTPUT_REG  [ 159.14812, 154.58554, 157.64688, 156.13222, 152.97711,  ... , 158.38254, 155.69705, 154.33073, 157.09633, 157.97566 ]
MCU_DEPLOY_REGRESSION_CODE MODEL_COMPUTE_PERF_STEP
MLLITE_AUTO_DEPLOY_DIABETES_MEDIUM_REG_PERFS { "count" : 442, "rmse" : 75.639519, "mape" : 0.63240701, "R2" : 0.035169542 }
This will be printed
MCU_DEPLOY_REGRESSION_CODE ALL_STEPS_OK
MCU_DEPLOY_REGRESSION_CODE done
MLLITE_MCU_TIMER_OPERATION_ELAPSED_SECONDS 'MLLITE.MCU_DEPLOY.REGRESSION.Vapnik_SVR_RBF.DIABETES_MEDIUM' 0
MLLITE_MCU_TIMER_OPERATION_END 'MLLITE.MCU_DEPLOY.REGRESSION.Vapnik_SVR_RBF.DIABETES_MEDIUM' [ 'Thu Jan 25 12:03:15 2024' ]
MCU_DEPLOY_ON_TARGET_X86_64_END
EXECUTION_TIME_DETAIL = {'CMD':'timeout 180 ./x86_64/regression/x86_64_regression_svm_diabetes_medium.exe', 'ElapsedTimeSecs':(0.02, 0.00, 0.02), 'MAX_MEM_KB':1728, 'CPU_PRCNT':'96%', 'FILES_IN':0, 'FILES_OUT':32, 'EXIT_STATUS':0}
