MCU_DEPLOY_ON_TARGET_X86_64_START
MLLITE_MCU_TIMER_OPERATION_START 'MLLITE.MCU_DEPLOY.REGRESSION.Breiman_DFS_BestSplit_MSE.RANDOMREG_10_MEDIUM' [ 'Tue Jan 23 09:44:27 2024' ]
MLLite starting
MCU_DEPLOY_REGRESSION_CODE step 1
MCU_DEPLOY_REGRESSION_CODE step 2
MCU_DEPLOY_REGRESSION_CODE step 3
MCU_DEPLOY_REGRESSION_MODEL_OPTIONS
{ "ccp_alpha" : 0, "criterion" : "", "max_depth" : 6, "max_features" : null, "max_leaf_nodes" : 32, "min_impurity_decrease" : 0, "min_samples_leaf" : 1, "min_samples_split" : 2, "min_weight_fraction_leaf" : 0, "random_state" : 1789, "splitter" : "best" }
MCU_DEPLOY_REGRESSION_CODE step 4
PROGRESS_REPORT_ELAPSED_TOTAL 'DECISION_TREE_REGRESSOR_FIT' 1 3
PROGRESS_REPORT_ELAPSED_TOTAL 'DECISION_TREE_DEPTH_FIRST_BUILDER' 0 6
PROGRESS_REPORT_ELAPSED_TOTAL 'DECISION_TREE_DEPTH_FIRST_BUILDER' 2 6
PROGRESS_REPORT_ELAPSED_TOTAL 'DECISION_TREE_DEPTH_FIRST_BUILDER' 3 6
PROGRESS_REPORT_ELAPSED_TOTAL 'DECISION_TREE_DEPTH_FIRST_BUILDER' 4 6
PROGRESS_REPORT_ELAPSED_TOTAL 'DECISION_TREE_DEPTH_FIRST_BUILDER' 5 6
PROGRESS_REPORT_ELAPSED_TOTAL 'DECISION_TREE_DEPTH_FIRST_BUILDER' 6 6
PROGRESS_REPORT_ELAPSED_TOTAL 'DECISION_TREE_DEPTH_FIRST_BUILDER' 6 6
PROGRESS_REPORT_ELAPSED_TOTAL 'DECISION_TREE_REGRESSOR_FIT' 2 3
PROGRESS_REPORT_ELAPSED_TOTAL 'DECISION_TREE_REGRESSOR_FIT' 3 3
MCU_DEPLOY_REGRESSION_CODE step 5
TREE_JSON_DUMP_START
{
	"metadata" : { "model" : "Breiman_DFS_BestSplit_MSE", "version" : "2024-W03"},
	"options" : { "ccp_alpha" : 0, "criterion" : "", "max_depth" : 6, "max_features" : null, "max_leaf_nodes" : 32, "min_impurity_decrease" : 0, "min_samples_leaf" : 1, "min_samples_split" : 2, "min_weight_fraction_leaf" : 0, "random_state" : 1789, "splitter" : "best" },
	"tree" : {
	"features" : 10,
	"outputs" : 1,
	"max_depth" : 6,
	"node_count" : 123,
	"nodes" : {
		"node_000" : {"left" : 1, "right" : 62, "feature" : 0, "threshold" : -0.19397742, "impurity" : 27415.293, "n_samples" : 512, "w_samples" : 512, "value" : [11.128699]},
		"node_001" : {"left" : 2, "right" : 31, "feature" : 6, "threshold" : -0.30268794, "impurity" : 20970.344, "n_samples" : 222, "w_samples" : 222, "value" : [-74.651703]},
		"node_002" : {"left" : 3, "right" : 18, "feature" : 2, "threshold" : 0.52350551, "impurity" : 14231.334, "n_samples" : 83, "w_samples" : 83, "value" : [-164.23111]},
		"node_003" : {"left" : 4, "right" : 11, "feature" : 6, "threshold" : -0.84209633, "impurity" : 10791.426, "n_samples" : 51, "w_samples" : 51, "value" : [-222.71851]},
		"node_004" : {"left" : 5, "right" : 8, "feature" : 0, "threshold" : -0.90354025, "impurity" : 8170.2812, "n_samples" : 26, "w_samples" : 26, "value" : [-286.97992]},
		"node_005" : {"left" : 6, "right" : 7, "feature" : 4, "threshold" : -1.3501874, "impurity" : 3030.8984, "n_samples" : 10, "w_samples" : 10, "value" : [-355.06537]},
		"node_006" : {"left" : null, "right" : null, "feature" : null, "threshold" : null, "impurity" : 673.25781, "n_samples" : 2, "w_samples" : 2, "value" : [-277.7662]},
		"node_007" : {"left" : null, "right" : null, "feature" : null, "threshold" : null, "impurity" : 1753.0938, "n_samples" : 8, "w_samples" : 8, "value" : [-374.39014]},
		"node_008" : {"left" : 9, "right" : 10, "feature" : 1, "threshold" : -1.7031593, "impurity" : 6674.3359, "n_samples" : 16, "w_samples" : 16, "value" : [-244.42653]},
		"node_009" : {"left" : null, "right" : null, "feature" : null, "threshold" : null, "impurity" : 3601.9375, "n_samples" : 2, "w_samples" : 2, "value" : [-381.52328]},
		"node_010" : {"left" : null, "right" : null, "feature" : null, "threshold" : null, "impurity" : 4044.6055, "n_samples" : 14, "w_samples" : 14, "value" : [-224.84129]},
		"node_011" : {"left" : 12, "right" : 15, "feature" : 8, "threshold" : 1.2854578, "impurity" : 4756.2148, "n_samples" : 25, "w_samples" : 25, "value" : [-155.8867]},
		"node_012" : {"left" : 13, "right" : 14, "feature" : 1, "threshold" : 0.5860334, "impurity" : 3177.709, "n_samples" : 23, "w_samples" : 23, "value" : [-168.5089]},
		"node_013" : {"left" : null, "right" : null, "feature" : null, "threshold" : null, "impurity" : 2644.7031, "n_samples" : 18, "w_samples" : 18, "value" : [-184.78302]},
		"node_014" : {"left" : null, "right" : null, "feature" : null, "threshold" : null, "impurity" : 710.68652, "n_samples" : 5, "w_samples" : 5, "value" : [-109.92202]},
		"node_015" : {"left" : 16, "right" : 17, "feature" : 5, "threshold" : -0.11356306, "impurity" : 6.4610825, "n_samples" : 2, "w_samples" : 2, "value" : [-10.731323]},
		"node_016" : {"left" : null, "right" : null, "feature" : null, "threshold" : null, "impurity" : 0, "n_samples" : 1, "w_samples" : 1, "value" : [-13.284761]},
		"node_017" : {"left" : null, "right" : null, "feature" : null, "threshold" : null, "impurity" : 1.5258789e-05, "n_samples" : 1, "w_samples" : 1, "value" : [-8.177886]},
		"node_018" : {"left" : 19, "right" : 24, "feature" : 1, "threshold" : -0.29824382, "impurity" : 5572.9165, "n_samples" : 32, "w_samples" : 32, "value" : [-71.0168]},
		"node_019" : {"left" : 20, "right" : 21, "feature" : 9, "threshold" : -1.9812403, "impurity" : 4823.3633, "n_samples" : 10, "w_samples" : 10, "value" : [-140.10042]},
		"node_020" : {"left" : null, "right" : null, "feature" : null, "threshold" : null, "impurity" : 0.0078125, "n_samples" : 1, "w_samples" : 1, "value" : [-293.94803]},
		"node_021" : {"left" : 22, "right" : 23, "feature" : 8, "threshold" : 1.0698274, "impurity" : 2437.1855, "n_samples" : 9, "w_samples" : 9, "value" : [-123.00624]},
		"node_022" : {"left" : null, "right" : null, "feature" : null, "threshold" : null, "impurity" : 973.4375, "n_samples" : 7, "w_samples" : 7, "value" : [-143.77357]},
		"node_023" : {"left" : null, "right" : null, "feature" : null, "threshold" : null, "impurity" : 767.61206, "n_samples" : 2, "w_samples" : 2, "value" : [-50.320625]},
		"node_024" : {"left" : 25, "right" : 28, "feature" : 8, "threshold" : 0.56878519, "impurity" : 2758.2122, "n_samples" : 22, "w_samples" : 22, "value" : [-39.615154]},
		"node_025" : {"left" : 26, "right" : 27, "feature" : 6, "threshold" : -0.57484877, "impurity" : 1907.457, "n_samples" : 18, "w_samples" : 18, "value" : [-54.231941]},
		"node_026" : {"left" : null, "right" : null, "feature" : null, "threshold" : null, "impurity" : 1169.7251, "n_samples" : 15, "w_samples" : 15, "value" : [-67.643532]},
		"node_027" : {"left" : null, "right" : null, "feature" : null, "threshold" : null, "impurity" : 199.99609, "n_samples" : 3, "w_samples" : 3, "value" : [12.82599]},
		"node_028" : {"left" : 29, "right" : 30, "feature" : 2, "threshold" : 1.4386649, "impurity" : 1298.7671, "n_samples" : 4, "w_samples" : 4, "value" : [26.160412]},
		"node_029" : {"left" : null, "right" : null, "feature" : null, "threshold" : null, "impurity" : 40.641472, "n_samples" : 2, "w_samples" : 2, "value" : [-8.8048458]},
		"node_030" : {"left" : null, "right" : null, "feature" : null, "threshold" : null, "impurity" : 111.75635, "n_samples" : 2, "w_samples" : 2, "value" : [61.125668]},
		"node_031" : {"left" : 32, "right" : 47, "feature" : 2, "threshold" : 0.014678541, "impurity" : 17341.602, "n_samples" : 139, "w_samples" : 139, "value" : [-21.161825]},
		"node_032" : {"left" : 33, "right" : 40, "feature" : 1, "threshold" : 0.3787995, "impurity" : 10595.185, "n_samples" : 66, "w_samples" : 66, "value" : [-93.955284]},
		"node_033" : {"left" : 34, "right" : 37, "feature" : 2, "threshold" : -0.94801056, "impurity" : 7256.7949, "n_samples" : 41, "w_samples" : 41, "value" : [-134.75116]},
		"node_034" : {"left" : 35, "right" : 36, "feature" : 0, "threshold" : -0.76928258, "impurity" : 5462.7891, "n_samples" : 12, "w_samples" : 12, "value" : [-221.25818]},
		"node_035" : {"left" : null, "right" : null, "feature" : null, "threshold" : null, "impurity" : 1327.5781, "n_samples" : 8, "w_samples" : 8, "value" : [-268.0517]},
		"node_036" : {"left" : null, "right" : null, "feature" : null, "threshold" : null, "impurity" : 595.43848, "n_samples" : 4, "w_samples" : 4, "value" : [-127.6712]},
		"node_037" : {"left" : 38, "right" : 39, "feature" : 0, "threshold" : -0.30681354, "impurity" : 3621.1797, "n_samples" : 29, "w_samples" : 29, "value" : [-98.955147]},
		"node_038" : {"left" : null, "right" : null, "feature" : null, "threshold" : null, "impurity" : 2423.8154, "n_samples" : 26, "w_samples" : 26, "value" : [-109.54288]},
		"node_039" : {"left" : null, "right" : null, "feature" : null, "threshold" : null, "impurity" : 4606.9009, "n_samples" : 3, "w_samples" : 3, "value" : [-7.1947289]},
		"node_040" : {"left" : 41, "right" : 44, "feature" : 0, "threshold" : -1.4419756, "impurity" : 8864.3848, "n_samples" : 25, "w_samples" : 25, "value" : [-27.05003]},
		"node_041" : {"left" : 42, "right" : 43, "feature" : 6, "threshold" : 0.68687868, "impurity" : 1982.2578, "n_samples" : 5, "w_samples" : 5, "value" : [-152.35564]},
		"node_042" : {"left" : null, "right" : null, "feature" : null, "threshold" : null, "impurity" : 378.82812, "n_samples" : 3, "w_samples" : 3, "value" : [-186.5511]},
		"node_043" : {"left" : null, "right" : null, "feature" : null, "threshold" : null, "impurity" : 2.4189453, "n_samples" : 2, "w_samples" : 2, "value" : [-101.06242]},
		"node_044" : {"left" : 45, "right" : 46, "feature" : 4, "threshold" : -0.68840802, "impurity" : 5678.2002, "n_samples" : 20, "w_samples" : 20, "value" : [4.2763705]},
		"node_045" : {"left" : null, "right" : null, "feature" : null, "threshold" : null, "impurity" : 3927.9424, "n_samples" : 5, "w_samples" : 5, "value" : [100.58347]},
		"node_046" : {"left" : null, "right" : null, "feature" : null, "threshold" : null, "impurity" : 2139.3723, "n_samples" : 15, "w_samples" : 15, "value" : [-27.825996]},
		"node_047" : {"left" : 48, "right" : 55, "feature" : 6, "threshold" : 1.2928522, "impurity" : 14318.952, "n_samples" : 73, "w_samples" : 73, "value" : [44.651421]},
		"node_048" : {"left" : 49, "right" : 52, "feature" : 0, "threshold" : -1.8630264, "impurity" : 10040.679, "n_samples" : 57, "w_samples" : 57, "value" : [12.022063]},
		"node_049" : {"left" : 50, "right" : 51, "feature" : 5, "threshold" : -0.34627855, "impurity" : 98.203125, "n_samples" : 4, "w_samples" : 4, "value" : [-173.09143]},
		"node_050" : {"left" : null, "right" : null, "feature" : null, "threshold" : null, "impurity" : 17.0625, "n_samples" : 2, "w_samples" : 2, "value" : [-181.7935]},
		"node_051" : {"left" : null, "right" : null, "feature" : null, "threshold" : null, "impurity" : 27.880859, "n_samples" : 2, "w_samples" : 2, "value" : [-164.38934]},
		"node_052" : {"left" : 53, "right" : 54, "feature" : 1, "threshold" : -0.80045456, "impurity" : 8009.6812, "n_samples" : 53, "w_samples" : 53, "value" : [25.992895]},
		"node_053" : {"left" : null, "right" : null, "feature" : null, "threshold" : null, "impurity" : 4377.624, "n_samples" : 11, "w_samples" : 11, "value" : [-62.568897]},
		"node_054" : {"left" : null, "right" : null, "feature" : null, "threshold" : null, "impurity" : 6368.7705, "n_samples" : 42, "w_samples" : 42, "value" : [49.187653]},
		"node_055" : {"left" : 56, "right" : 59, "feature" : 2, "threshold" : 1.6595948, "impurity" : 12255.205, "n_samples" : 16, "w_samples" : 16, "value" : [160.89349]},
		"node_056" : {"left" : 57, "right" : 58, "feature" : 9, "threshold" : 0.79831159, "impurity" : 3588.6289, "n_samples" : 14, "w_samples" : 14, "value" : [126.75332]},
		"node_057" : {"left" : null, "right" : null, "feature" : null, "threshold" : null, "impurity" : 2397.8242, "n_samples" : 12, "w_samples" : 12, "value" : [111.20157]},
		"node_058" : {"left" : null, "right" : null, "feature" : null, "threshold" : null, "impurity" : 575.48047, "n_samples" : 2, "w_samples" : 2, "value" : [220.06377]},
		"node_059" : {"left" : 60, "right" : 61, "feature" : 7, "threshold" : 1.3738778, "impurity" : 7650.5312, "n_samples" : 2, "w_samples" : 2, "value" : [399.87476]},
		"node_060" : {"left" : null, "right" : null, "feature" : null, "threshold" : null, "impurity" : 0, "n_samples" : 1, "w_samples" : 1, "value" : [487.34152]},
		"node_061" : {"left" : null, "right" : null, "feature" : null, "threshold" : null, "impurity" : 0.015625, "n_samples" : 1, "w_samples" : 1, "value" : [312.40802]},
		"node_062" : {"left" : 63, "right" : 92, "feature" : 6, "threshold" : 0.070064813, "impurity" : 22404.051, "n_samples" : 290, "w_samples" : 290, "value" : [76.79509]},
		"node_063" : {"left" : 64, "right" : 77, "feature" : 2, "threshold" : 0.021021184, "impurity" : 17064.74, "n_samples" : 139, "w_samples" : 139, "value" : [-1.5621665]},
		"node_064" : {"left" : 65, "right" : 72, "feature" : 0, "threshold" : 1.8208759, "impurity" : 12533.372, "n_samples" : 80, "w_samples" : 80, "value" : [-56.388344]},
		"node_065" : {"left" : 66, "right" : 69, "feature" : 6, "threshold" : -0.97002256, "impurity" : 9998.8203, "n_samples" : 73, "w_samples" : 73, "value" : [-74.08255]},
		"node_066" : {"left" : 67, "right" : 68, "feature" : 1, "threshold" : -0.84179634, "impurity" : 8504.8398, "n_samples" : 25, "w_samples" : 25, "value" : [-146.1653]},
		"node_067" : {"left" : null, "right" : null, "feature" : null, "threshold" : null, "impurity" : 3477.6289, "n_samples" : 8, "w_samples" : 8, "value" : [-228.89467]},
		"node_068" : {"left" : null, "right" : null, "feature" : null, "threshold" : null, "impurity" : 6134.1484, "n_samples" : 17, "w_samples" : 17, "value" : [-107.23382]},
		"node_069" : {"left" : 70, "right" : 71, "feature" : 7, "threshold" : -0.94941205, "impurity" : 6661.2402, "n_samples" : 48, "w_samples" : 48, "value" : [-36.539467]},
		"node_070" : {"left" : null, "right" : null, "feature" : null, "threshold" : null, "impurity" : 4177.3594, "n_samples" : 7, "w_samples" : 7, "value" : [-143.46671]},
		"node_071" : {"left" : null, "right" : null, "feature" : null, "threshold" : null, "impurity" : 4799.9927, "n_samples" : 41, "w_samples" : 41, "value" : [-18.283596]},
		"node_072" : {"left" : 73, "right" : 74, "feature" : 8, "threshold" : -0.56954092, "impurity" : 1650.5156, "n_samples" : 7, "w_samples" : 7, "value" : [128.13716]},
		"node_073" : {"left" : null, "right" : null, "feature" : null, "threshold" : null, "impurity" : 0, "n_samples" : 1, "w_samples" : 1, "value" : [45.693836]},
		"node_074" : {"left" : 75, "right" : 76, "feature" : 3, "threshold" : 1.3420869, "impurity" : 603.86523, "n_samples" : 6, "w_samples" : 6, "value" : [141.8777]},
		"node_075" : {"left" : null, "right" : null, "feature" : null, "threshold" : null, "impurity" : 177.53125, "n_samples" : 5, "w_samples" : 5, "value" : [132.32867]},
		"node_076" : {"left" : null, "right" : null, "feature" : null, "threshold" : null, "impurity" : -0.00390625, "n_samples" : 1, "w_samples" : 1, "value" : [189.62285]},
		"node_077" : {"left" : 78, "right" : 85, "feature" : 0, "threshold" : 0.67526102, "impurity" : 13606.635, "n_samples" : 59, "w_samples" : 59, "value" : [72.778397]},
		"node_078" : {"left" : 79, "right" : 82, "feature" : 2, "threshold" : 1.139086, "impurity" : 9279.6738, "n_samples" : 24, "w_samples" : 24, "value" : [-4.8965106]},
		"node_079" : {"left" : 80, "right" : 81, "feature" : 6, "threshold" : -1.6658938, "impurity" : 6267.3389, "n_samples" : 18, "w_samples" : 18, "value" : [-36.663895]},
		"node_080" : {"left" : null, "right" : null, "feature" : null, "threshold" : null, "impurity" : 1479.668, "n_samples" : 3, "w_samples" : 3, "value" : [-145.82544]},
		"node_081" : {"left" : null, "right" : null, "feature" : null, "threshold" : null, "impurity" : 4364.9746, "n_samples" : 15, "w_samples" : 15, "value" : [-14.831582]},
		"node_082" : {"left" : 83, "right" : 84, "feature" : 4, "threshold" : 0.37533256, "impurity" : 6206.6753, "n_samples" : 6, "w_samples" : 6, "value" : [90.40564]},
		"node_083" : {"left" : null, "right" : null, "feature" : null, "threshold" : null, "impurity" : 1321.9626, "n_samples" : 5, "w_samples" : 5, "value" : [58.452415]},
		"node_084" : {"left" : null, "right" : null, "feature" : null, "threshold" : null, "impurity" : -0.00390625, "n_samples" : 1, "w_samples" : 1, "value" : [250.17174]},
		"node_085" : {"left" : 86, "right" : 89, "feature" : 6, "threshold" : -0.88030845, "impurity" : 9599.6123, "n_samples" : 35, "w_samples" : 35, "value" : [126.0412]},
		"node_086" : {"left" : 87, "right" : 88, "feature" : 3, "threshold" : -0.25233948, "impurity" : 9566.1494, "n_samples" : 5, "w_samples" : 5, "value" : [2.0706558]},
		"node_087" : {"left" : null, "right" : null, "feature" : null, "threshold" : null, "impurity" : -0.001953125, "n_samples" : 1, "w_samples" : 1, "value" : [158.62732]},
		"node_088" : {"left" : null, "right" : null, "feature" : null, "threshold" : null, "impurity" : 4298.3159, "n_samples" : 4, "w_samples" : 4, "value" : [-37.068512]},
		"node_089" : {"left" : 90, "right" : 91, "feature" : 9, "threshold" : 0.2867384, "impurity" : 6616.832, "n_samples" : 30, "w_samples" : 30, "value" : [146.70296]},
		"node_090" : {"left" : null, "right" : null, "feature" : null, "threshold" : null, "impurity" : 5418.8193, "n_samples" : 19, "w_samples" : 19, "value" : [112.4114]},
		"node_091" : {"left" : null, "right" : null, "feature" : null, "threshold" : null, "impurity" : 3146.6953, "n_samples" : 11, "w_samples" : 11, "value" : [205.93382]},
		"node_092" : {"left" : 93, "right" : 108, "feature" : 2, "threshold" : 0.4724139, "impurity" : 16464.434, "n_samples" : 151, "w_samples" : 151, "value" : [148.92525]},
		"node_093" : {"left" : 94, "right" : 101, "feature" : 0, "threshold" : 1.2365072, "impurity" : 12161.812, "n_samples" : 100, "w_samples" : 100, "value" : [106.49194]},
		"node_094" : {"left" : 95, "right" : 98, "feature" : 2, "threshold" : -1.0140444, "impurity" : 8374.1396, "n_samples" : 79, "w_samples" : 79, "value" : [75.961395]},
		"node_095" : {"left" : 96, "right" : 97, "feature" : 8, "threshold" : 0.023890277, "impurity" : 6915.7363, "n_samples" : 15, "w_samples" : 15, "value" : [-21.587126]},
		"node_096" : {"left" : null, "right" : null, "feature" : null, "threshold" : null, "impurity" : 3058.981, "n_samples" : 9, "w_samples" : 9, "value" : [-66.940453]},
		"node_097" : {"left" : null, "right" : null, "feature" : null, "threshold" : null, "impurity" : 4987.4033, "n_samples" : 6, "w_samples" : 6, "value" : [46.44286]},
		"node_098" : {"left" : 99, "right" : 100, "feature" : 1, "threshold" : 0.12065201, "impurity" : 5962.9932, "n_samples" : 64, "w_samples" : 64, "value" : [98.824318]},
		"node_099" : {"left" : null, "right" : null, "feature" : null, "threshold" : null, "impurity" : 4212.5312, "n_samples" : 28, "w_samples" : 28, "value" : [53.903053]},
		"node_100" : {"left" : null, "right" : null, "feature" : null, "threshold" : null, "impurity" : 4534.2617, "n_samples" : 36, "w_samples" : 36, "value" : [133.76308]},
		"node_101" : {"left" : 102, "right" : 105, "feature" : 2, "threshold" : -0.79207194, "impurity" : 9712.9297, "n_samples" : 21, "w_samples" : 21, "value" : [221.34499]},
		"node_102" : {"left" : 103, "right" : 104, "feature" : 7, "threshold" : 0.50637698, "impurity" : 5656.7217, "n_samples" : 6, "w_samples" : 6, "value" : [118.97449]},
		"node_103" : {"left" : null, "right" : null, "feature" : null, "threshold" : null, "impurity" : 714.85992, "n_samples" : 2, "w_samples" : 2, "value" : [18.83783]},
		"node_104" : {"left" : null, "right" : null, "feature" : null, "threshold" : null, "impurity" : 607.14062, "n_samples" : 4, "w_samples" : 4, "value" : [169.04283]},
		"node_105" : {"left" : 106, "right" : 107, "feature" : 6, "threshold" : 0.80752814, "impurity" : 5466.7656, "n_samples" : 15, "w_samples" : 15, "value" : [262.29318]},
		"node_106" : {"left" : null, "right" : null, "feature" : null, "threshold" : null, "impurity" : 3013.1562, "n_samples" : 7, "w_samples" : 7, "value" : [207.66228]},
		"node_107" : {"left" : null, "right" : null, "feature" : null, "threshold" : null, "impurity" : 2717.1562, "n_samples" : 8, "w_samples" : 8, "value" : [310.09515]},
		"node_108" : {"left" : 109, "right" : 116, "feature" : 0, "threshold" : 0.68074572, "impurity" : 14447.688, "n_samples" : 51, "w_samples" : 51, "value" : [232.12785]},
		"node_109" : {"left" : 110, "right" : 113, "feature" : 2, "threshold" : 1.8877339, "impurity" : 9586.4531, "n_samples" : 33, "w_samples" : 33, "value" : [177.98798]},
		"node_110" : {"left" : 111, "right" : 112, "feature" : 7, "threshold" : -0.80115986, "impurity" : 5380.543, "n_samples" : 29, "w_samples" : 29, "value" : [153.11237]},
		"node_111" : {"left" : null, "right" : null, "feature" : null, "threshold" : null, "impurity" : 3245.7068, "n_samples" : 7, "w_samples" : 7, "value" : [63.785034]},
		"node_112" : {"left" : null, "right" : null, "feature" : null, "threshold" : null, "impurity" : 2713.0859, "n_samples" : 22, "w_samples" : 22, "value" : [181.53471]},
		"node_113" : {"left" : 114, "right" : 115, "feature" : 1, "threshold" : 2.0484869, "impurity" : 3067.6094, "n_samples" : 4, "w_samples" : 4, "value" : [358.33594]},
		"node_114" : {"left" : null, "right" : null, "feature" : null, "threshold" : null, "impurity" : 12.46875, "n_samples" : 2, "w_samples" : 2, "value" : [305.13092]},
		"node_115" : {"left" : null, "right" : null, "feature" : null, "threshold" : null, "impurity" : 461.45312, "n_samples" : 2, "w_samples" : 2, "value" : [411.54095]},
		"node_116" : {"left" : 117, "right" : 120, "feature" : 7, "threshold" : 0.45332783, "impurity" : 8134.3516, "n_samples" : 18, "w_samples" : 18, "value" : [331.38431]},
		"node_117" : {"left" : 118, "right" : 119, "feature" : 6, "threshold" : 2.225389, "impurity" : 4472.9453, "n_samples" : 11, "w_samples" : 11, "value" : [281.89929]},
		"node_118" : {"left" : null, "right" : null, "feature" : null, "threshold" : null, "impurity" : 2031.6562, "n_samples" : 10, "w_samples" : 10, "value" : [265.6944]},
		"node_119" : {"left" : null, "right" : null, "feature" : null, "threshold" : null, "impurity" : 0.015625, "n_samples" : 1, "w_samples" : 1, "value" : [443.94818]},
		"node_120" : {"left" : 121, "right" : 122, "feature" : 8, "threshold" : -0.088822812, "impurity" : 3992.9844, "n_samples" : 7, "w_samples" : 7, "value" : [409.14639]},
		"node_121" : {"left" : null, "right" : null, "feature" : null, "threshold" : null, "impurity" : 1441.5234, "n_samples" : 2, "w_samples" : 2, "value" : [317.08765]},
		"node_122" : {"left" : null, "right" : null, "feature" : null, "threshold" : null, "impurity" : 267.78125, "n_samples" : 5, "w_samples" : 5, "value" : [445.96991]}
		}
	}
}

TREE_JSON_DUMP_END
MCU_DEPLOY_REGRESSION_CODE step 6
MCU_DEPLOY_REGRESSION_CODE step 7
MLLITE_AUTO_DEPLOY_RANDOMREG_10_MEDIUM_APPLY_OUTPUT_REG  [ 49.187653, 53.903053, -14.831582, -8.8048458, -224.84129,  ... , 169.04283, 112.4114, 53.903053, -18.283596, -109.54288 ]
MLLITE_AUTO_DEPLOY_RANDOMREG_10_MEDIUM_REG_PERFS { "count" : 512, "rmse" : 58.112709, "mape" : 1.5644996, "R2" : 0.87681752 }
This will be printed
MCU_DEPLOY_REGRESSION_CODE step 8
MCU_DEPLOY_REGRESSION_CODE done
MLLITE_MCU_TIMER_OPERATION_ELAPSED_SECONDS 'MLLITE.MCU_DEPLOY.REGRESSION.Breiman_DFS_BestSplit_MSE.RANDOMREG_10_MEDIUM' 0
MLLITE_MCU_TIMER_OPERATION_END 'MLLITE.MCU_DEPLOY.REGRESSION.Breiman_DFS_BestSplit_MSE.RANDOMREG_10_MEDIUM' [ 'Tue Jan 23 09:44:27 2024' ]
MCU_DEPLOY_ON_TARGET_X86_64_END
