MCU_DEPLOY_ON_TARGET_X86_64_START
MLLITE_MCU_TIMER_OPERATION_START 'MLLITE.MCU_DEPLOY.REGRESSION.Breiman_DFS_BestSplit_MSE.RANDOMREG_10_ORIGINAL' [ 'Tue Jan 23 09:44:24 2024' ]
MLLite starting
MCU_DEPLOY_REGRESSION_CODE step 1
MCU_DEPLOY_REGRESSION_CODE step 2
MCU_DEPLOY_REGRESSION_CODE step 3
MCU_DEPLOY_REGRESSION_MODEL_OPTIONS
{ "ccp_alpha" : 0, "criterion" : "", "max_depth" : 6, "max_features" : null, "max_leaf_nodes" : 32, "min_impurity_decrease" : 0, "min_samples_leaf" : 1, "min_samples_split" : 2, "min_weight_fraction_leaf" : 0, "random_state" : 1789, "splitter" : "best" }
MCU_DEPLOY_REGRESSION_CODE step 4
PROGRESS_REPORT_ELAPSED_TOTAL 'DECISION_TREE_REGRESSOR_FIT' 1 3
PROGRESS_REPORT_ELAPSED_TOTAL 'DECISION_TREE_DEPTH_FIRST_BUILDER' 0 6
PROGRESS_REPORT_ELAPSED_TOTAL 'DECISION_TREE_DEPTH_FIRST_BUILDER' 2 6
PROGRESS_REPORT_ELAPSED_TOTAL 'DECISION_TREE_DEPTH_FIRST_BUILDER' 3 6
PROGRESS_REPORT_ELAPSED_TOTAL 'DECISION_TREE_DEPTH_FIRST_BUILDER' 4 6
PROGRESS_REPORT_ELAPSED_TOTAL 'DECISION_TREE_DEPTH_FIRST_BUILDER' 5 6
PROGRESS_REPORT_ELAPSED_TOTAL 'DECISION_TREE_DEPTH_FIRST_BUILDER' 6 6
PROGRESS_REPORT_ELAPSED_TOTAL 'DECISION_TREE_DEPTH_FIRST_BUILDER' 6 6
PROGRESS_REPORT_ELAPSED_TOTAL 'DECISION_TREE_REGRESSOR_FIT' 2 3
PROGRESS_REPORT_ELAPSED_TOTAL 'DECISION_TREE_REGRESSOR_FIT' 3 3
MCU_DEPLOY_REGRESSION_CODE step 5
TREE_JSON_DUMP_START
{
	"metadata" : { "model" : "Breiman_DFS_BestSplit_MSE", "version" : "2024-W03"},
	"options" : { "ccp_alpha" : 0, "criterion" : "", "max_depth" : 6, "max_features" : null, "max_leaf_nodes" : 32, "min_impurity_decrease" : 0, "min_samples_leaf" : 1, "min_samples_split" : 2, "min_weight_fraction_leaf" : 0, "random_state" : 1789, "splitter" : "best" },
	"tree" : {
	"features" : 10,
	"outputs" : 1,
	"max_depth" : 6,
	"node_count" : 127,
	"nodes" : {
		"node_000" : {"left" : 1, "right" : 64, "feature" : 0, "threshold" : 0.32512048, "impurity" : 24781.215, "n_samples" : 1024, "w_samples" : 1024, "value" : [4.2456484]},
		"node_001" : {"left" : 2, "right" : 33, "feature" : 6, "threshold" : 0.12147604, "impurity" : 19641.26, "n_samples" : 637, "w_samples" : 637, "value" : [-52.81982]},
		"node_002" : {"left" : 3, "right" : 18, "feature" : 0, "threshold" : -0.8496598, "impurity" : 14398.993, "n_samples" : 338, "w_samples" : 338, "value" : [-116.75378]},
		"node_003" : {"left" : 4, "right" : 11, "feature" : 2, "threshold" : 0.62452614, "impurity" : 14523.113, "n_samples" : 117, "w_samples" : 117, "value" : [-181.96465]},
		"node_004" : {"left" : 5, "right" : 8, "feature" : 6, "threshold" : -0.86479384, "impurity" : 10128.602, "n_samples" : 77, "w_samples" : 77, "value" : [-231.22691]},
		"node_005" : {"left" : 6, "right" : 7, "feature" : 4, "threshold" : 0.35962582, "impurity" : 5381.0938, "n_samples" : 23, "w_samples" : 23, "value" : [-328.52695]},
		"node_006" : {"left" : null, "right" : null, "feature" : null, "threshold" : null, "impurity" : 3055.3359, "n_samples" : 14, "w_samples" : 14, "value" : [-289.52765]},
		"node_007" : {"left" : null, "right" : null, "feature" : null, "threshold" : null, "impurity" : 2952.6562, "n_samples" : 9, "w_samples" : 9, "value" : [-389.19254]},
		"node_008" : {"left" : 9, "right" : 10, "feature" : 1, "threshold" : -0.54988271, "impurity" : 6400.8242, "n_samples" : 54, "w_samples" : 54, "value" : [-189.78429]},
		"node_009" : {"left" : null, "right" : null, "feature" : null, "threshold" : null, "impurity" : 4899.6328, "n_samples" : 19, "w_samples" : 19, "value" : [-246.96585]},
		"node_010" : {"left" : null, "right" : null, "feature" : null, "threshold" : null, "impurity" : 4477.2129, "n_samples" : 35, "w_samples" : 35, "value" : [-158.74284]},
		"node_011" : {"left" : 12, "right" : 15, "feature" : 1, "threshold" : -0.78546137, "impurity" : 9318.3252, "n_samples" : 40, "w_samples" : 40, "value" : [-87.134758]},
		"node_012" : {"left" : 13, "right" : 14, "feature" : 1, "threshold" : -1.6490145, "impurity" : 4674.8281, "n_samples" : 6, "w_samples" : 6, "value" : [-206.53694]},
		"node_013" : {"left" : null, "right" : null, "feature" : null, "threshold" : null, "impurity" : 3.953125, "n_samples" : 2, "w_samples" : 2, "value" : [-295.93726]},
		"node_014" : {"left" : null, "right" : null, "feature" : null, "threshold" : null, "impurity" : 1015.9746, "n_samples" : 4, "w_samples" : 4, "value" : [-161.83679]},
		"node_015" : {"left" : 16, "right" : 17, "feature" : 2, "threshold" : 1.8169119, "impurity" : 7177.8823, "n_samples" : 34, "w_samples" : 34, "value" : [-66.063782]},
		"node_016" : {"left" : null, "right" : null, "feature" : null, "threshold" : null, "impurity" : 5059.0483, "n_samples" : 28, "w_samples" : 28, "value" : [-87.396225]},
		"node_017" : {"left" : null, "right" : null, "feature" : null, "threshold" : null, "impurity" : 5031.5811, "n_samples" : 6, "w_samples" : 6, "value" : [33.487637]},
		"node_018" : {"left" : 19, "right" : 26, "feature" : 6, "threshold" : -1.1958894, "impurity" : 10890.116, "n_samples" : 221, "w_samples" : 221, "value" : [-82.2304]},
		"node_019" : {"left" : 20, "right" : 23, "feature" : 2, "threshold" : -0.65945244, "impurity" : 7304.5703, "n_samples" : 46, "w_samples" : 46, "value" : [-179.86853]},
		"node_020" : {"left" : 21, "right" : 22, "feature" : 5, "threshold" : -0.35079893, "impurity" : 7491.8555, "n_samples" : 16, "w_samples" : 16, "value" : [-239.62894]},
		"node_021" : {"left" : null, "right" : null, "feature" : null, "threshold" : null, "impurity" : 3510.9531, "n_samples" : 6, "w_samples" : 6, "value" : [-321.48227]},
		"node_022" : {"left" : null, "right" : null, "feature" : null, "threshold" : null, "impurity" : 3448.4336, "n_samples" : 10, "w_samples" : 10, "value" : [-190.51698]},
		"node_023" : {"left" : 24, "right" : 25, "feature" : 5, "threshold" : -2.0588591, "impurity" : 4284.1523, "n_samples" : 30, "w_samples" : 30, "value" : [-147.99628]},
		"node_024" : {"left" : null, "right" : null, "feature" : null, "threshold" : null, "impurity" : 0.0078125, "n_samples" : 1, "w_samples" : 1, "value" : [-321.50717]},
		"node_025" : {"left" : null, "right" : null, "feature" : null, "threshold" : null, "impurity" : 3357.9492, "n_samples" : 29, "w_samples" : 29, "value" : [-142.01312]},
		"node_026" : {"left" : 27, "right" : 30, "feature" : 2, "threshold" : -0.80124301, "impurity" : 8668.0527, "n_samples" : 175, "w_samples" : 175, "value" : [-56.565586]},
		"node_027" : {"left" : 28, "right" : 29, "feature" : 1, "threshold" : 0.15589631, "impurity" : 5114.8613, "n_samples" : 36, "w_samples" : 36, "value" : [-146.53377]},
		"node_028" : {"left" : null, "right" : null, "feature" : null, "threshold" : null, "impurity" : 3104.375, "n_samples" : 20, "w_samples" : 20, "value" : [-183.95175]},
		"node_029" : {"left" : null, "right" : null, "feature" : null, "threshold" : null, "impurity" : 3690.1641, "n_samples" : 16, "w_samples" : 16, "value" : [-99.761284]},
		"node_030" : {"left" : 31, "right" : 32, "feature" : 1, "threshold" : -0.91648448, "impurity" : 6948.9961, "n_samples" : 139, "w_samples" : 139, "value" : [-33.264462]},
		"node_031" : {"left" : null, "right" : null, "feature" : null, "threshold" : null, "impurity" : 3617.6465, "n_samples" : 19, "w_samples" : 19, "value" : [-133.02904]},
		"node_032" : {"left" : null, "right" : null, "feature" : null, "threshold" : null, "impurity" : 5651.0566, "n_samples" : 120, "w_samples" : 120, "value" : [-17.468407]},
		"node_033" : {"left" : 34, "right" : 49, "feature" : 2, "threshold" : 0.247674, "impurity" : 15723.183, "n_samples" : 299, "w_samples" : 299, "value" : [19.453373]},
		"node_034" : {"left" : 35, "right" : 42, "feature" : 0, "threshold" : -1.02518, "impurity" : 12393.641, "n_samples" : 174, "w_samples" : 174, "value" : [-33.00428]},
		"node_035" : {"left" : 36, "right" : 39, "feature" : 2, "threshold" : -1.0069023, "impurity" : 8317.293, "n_samples" : 43, "w_samples" : 43, "value" : [-128.93939]},
		"node_036" : {"left" : 37, "right" : 38, "feature" : 1, "threshold" : 0.61288345, "impurity" : 5766.6523, "n_samples" : 10, "w_samples" : 10, "value" : [-229.39978]},
		"node_037" : {"left" : null, "right" : null, "feature" : null, "threshold" : null, "impurity" : 4464.4023, "n_samples" : 8, "w_samples" : 8, "value" : [-251.08066]},
		"node_038" : {"left" : null, "right" : null, "feature" : null, "threshold" : null, "impurity" : 1574.5312, "n_samples" : 2, "w_samples" : 2, "value" : [-142.67625]},
		"node_039" : {"left" : 40, "right" : 41, "feature" : 1, "threshold" : -0.0025903489, "impurity" : 5105.1934, "n_samples" : 33, "w_samples" : 33, "value" : [-98.496864]},
		"node_040" : {"left" : null, "right" : null, "feature" : null, "threshold" : null, "impurity" : 2266.8379, "n_samples" : 15, "w_samples" : 15, "value" : [-145.18224]},
		"node_041" : {"left" : null, "right" : null, "feature" : null, "threshold" : null, "impurity" : 4140.6602, "n_samples" : 18, "w_samples" : 18, "value" : [-59.592365]},
		"node_042" : {"left" : 43, "right" : 46, "feature" : 1, "threshold" : 0.45340851, "impurity" : 9719.0361, "n_samples" : 131, "w_samples" : 131, "value" : [-1.5141246]},
		"node_043" : {"left" : 44, "right" : 45, "feature" : 6, "threshold" : 1.8428482, "impurity" : 7957.4229, "n_samples" : 81, "w_samples" : 81, "value" : [-41.196613]},
		"node_044" : {"left" : null, "right" : null, "feature" : null, "threshold" : null, "impurity" : 5730.749, "n_samples" : 75, "w_samples" : 75, "value" : [-54.432384]},
		"node_045" : {"left" : null, "right" : null, "feature" : null, "threshold" : null, "impurity" : 6228.2656, "n_samples" : 6, "w_samples" : 6, "value" : [124.25053]},
		"node_046" : {"left" : 47, "right" : 48, "feature" : 6, "threshold" : 0.59465373, "impurity" : 5889.1973, "n_samples" : 50, "w_samples" : 50, "value" : [62.771507]},
		"node_047" : {"left" : null, "right" : null, "feature" : null, "threshold" : null, "impurity" : 3637.7539, "n_samples" : 19, "w_samples" : 19, "value" : [5.2596974]},
		"node_048" : {"left" : null, "right" : null, "feature" : null, "threshold" : null, "impurity" : 3999.3564, "n_samples" : 31, "w_samples" : 31, "value" : [98.020691]},
		"node_049" : {"left" : 50, "right" : 57, "feature" : 0, "threshold" : -0.6121819, "impurity" : 11195.257, "n_samples" : 125, "w_samples" : 125, "value" : [92.474419]},
		"node_050" : {"left" : 51, "right" : 54, "feature" : 5, "threshold" : 0.89153916, "impurity" : 7101.5449, "n_samples" : 52, "w_samples" : 52, "value" : [29.532064]},
		"node_051" : {"left" : 52, "right" : 53, "feature" : 6, "threshold" : 0.90394926, "impurity" : 5409.6899, "n_samples" : 44, "w_samples" : 44, "value" : [11.11596]},
		"node_052" : {"left" : null, "right" : null, "feature" : null, "threshold" : null, "impurity" : 4447.3696, "n_samples" : 28, "w_samples" : 28, "value" : [-20.743788]},
		"node_053" : {"left" : null, "right" : null, "feature" : null, "threshold" : null, "impurity" : 2208.854, "n_samples" : 16, "w_samples" : 16, "value" : [66.870514]},
		"node_054" : {"left" : 55, "right" : 56, "feature" : 0, "threshold" : -1.0580137, "impurity" : 4282.0332, "n_samples" : 8, "w_samples" : 8, "value" : [130.82056]},
		"node_055" : {"left" : null, "right" : null, "feature" : null, "threshold" : null, "impurity" : 374.91064, "n_samples" : 4, "w_samples" : 4, "value" : [68.514473]},
		"node_056" : {"left" : null, "right" : null, "feature" : null, "threshold" : null, "impurity" : 425.09766, "n_samples" : 4, "w_samples" : 4, "value" : [193.12665]},
		"node_057" : {"left" : 58, "right" : 61, "feature" : 6, "threshold" : 2.5909281, "impurity" : 9279.0605, "n_samples" : 73, "w_samples" : 73, "value" : [137.3101]},
		"node_058" : {"left" : 59, "right" : 60, "feature" : 2, "threshold" : 2.1497428, "impurity" : 7344.498, "n_samples" : 71, "w_samples" : 71, "value" : [129.95886]},
		"node_059" : {"left" : null, "right" : null, "feature" : null, "threshold" : null, "impurity" : 5517.3193, "n_samples" : 67, "w_samples" : 67, "value" : [119.72525]},
		"node_060" : {"left" : null, "right" : null, "feature" : null, "threshold" : null, "impurity" : 6813.1797, "n_samples" : 4, "w_samples" : 4, "value" : [301.3714]},
		"node_061" : {"left" : 62, "right" : 63, "feature" : 0, "threshold" : -0.19213718, "impurity" : 7932.4844, "n_samples" : 2, "w_samples" : 2, "value" : [398.2796]},
		"node_062" : {"left" : null, "right" : null, "feature" : null, "threshold" : null, "impurity" : 0, "n_samples" : 1, "w_samples" : 1, "value" : [487.34152]},
		"node_063" : {"left" : null, "right" : null, "feature" : null, "threshold" : null, "impurity" : 0, "n_samples" : 1, "w_samples" : 1, "value" : [309.21771]},
		"node_064" : {"left" : 65, "right" : 96, "feature" : 6, "threshold" : -0.72397196, "impurity" : 19058.68, "n_samples" : 387, "w_samples" : 387, "value" : [98.175125]},
		"node_065" : {"left" : 66, "right" : 81, "feature" : 2, "threshold" : 1.1039026, "impurity" : 17302.498, "n_samples" : 93, "w_samples" : 93, "value" : [-14.335038]},
		"node_066" : {"left" : 67, "right" : 74, "feature" : 0, "threshold" : 1.3974888, "impurity" : 12830.644, "n_samples" : 80, "w_samples" : 80, "value" : [-45.018951]},
		"node_067" : {"left" : 68, "right" : 71, "feature" : 6, "threshold" : -1.3155998, "impurity" : 8473.3398, "n_samples" : 63, "w_samples" : 63, "value" : [-78.183517]},
		"node_068" : {"left" : 69, "right" : 70, "feature" : 1, "threshold" : 0.35536575, "impurity" : 7757.8418, "n_samples" : 31, "w_samples" : 31, "value" : [-129.90172]},
		"node_069" : {"left" : null, "right" : null, "feature" : null, "threshold" : null, "impurity" : 5802.5312, "n_samples" : 25, "w_samples" : 25, "value" : [-155.8101]},
		"node_070" : {"left" : null, "right" : null, "feature" : null, "threshold" : null, "impurity" : 1454.5675, "n_samples" : 6, "w_samples" : 6, "value" : [-21.950117]},
		"node_071" : {"left" : 72, "right" : 73, "feature" : 1, "threshold" : -0.24620748, "impurity" : 4065.0815, "n_samples" : 32, "w_samples" : 32, "value" : [-28.081518]},
		"node_072" : {"left" : null, "right" : null, "feature" : null, "threshold" : null, "impurity" : 4428.6641, "n_samples" : 16, "w_samples" : 16, "value" : [-63.410492]},
		"node_073" : {"left" : null, "right" : null, "feature" : null, "threshold" : null, "impurity" : 1205.2274, "n_samples" : 16, "w_samples" : 16, "value" : [7.2474566]},
		"node_074" : {"left" : 75, "right" : 78, "feature" : 0, "threshold" : 1.9034405, "impurity" : 9796.8643, "n_samples" : 17, "w_samples" : 17, "value" : [77.88504]},
		"node_075" : {"left" : 76, "right" : 77, "feature" : 8, "threshold" : -0.84810209, "impurity" : 6787.1616, "n_samples" : 10, "w_samples" : 10, "value" : [24.972824]},
		"node_076" : {"left" : null, "right" : null, "feature" : null, "threshold" : null, "impurity" : 0.001953125, "n_samples" : 1, "w_samples" : 1, "value" : [-157.88657]},
		"node_077" : {"left" : null, "right" : null, "feature" : null, "threshold" : null, "impurity" : 3413.197, "n_samples" : 9, "w_samples" : 9, "value" : [45.290535]},
		"node_078" : {"left" : 79, "right" : 80, "feature" : 6, "threshold" : -1.1421585, "impurity" : 4383.1836, "n_samples" : 7, "w_samples" : 7, "value" : [153.47392]},
		"node_079" : {"left" : null, "right" : null, "feature" : null, "threshold" : null, "impurity" : 1337.2998, "n_samples" : 4, "w_samples" : 4, "value" : [103.49289]},
		"node_080" : {"left" : null, "right" : null, "feature" : null, "threshold" : null, "impurity" : 672.46875, "n_samples" : 3, "w_samples" : 3, "value" : [220.11531]},
		"node_081" : {"left" : 82, "right" : 89, "feature" : 6, "threshold" : -1.3493418, "impurity" : 3373.2109, "n_samples" : 13, "w_samples" : 13, "value" : [174.48904]},
		"node_082" : {"left" : 83, "right" : 86, "feature" : 6, "threshold" : -1.7801508, "impurity" : 1000.707, "n_samples" : 5, "w_samples" : 5, "value" : [122.22986]},
		"node_083" : {"left" : 84, "right" : 85, "feature" : 7, "threshold" : -0.021384776, "impurity" : 81.72998, "n_samples" : 2, "w_samples" : 2, "value" : [90.465408]},
		"node_084" : {"left" : null, "right" : null, "feature" : null, "threshold" : null, "impurity" : 0.00048828125, "n_samples" : 1, "w_samples" : 1, "value" : [81.424904]},
		"node_085" : {"left" : null, "right" : null, "feature" : null, "threshold" : null, "impurity" : 0.0009765625, "n_samples" : 1, "w_samples" : 1, "value" : [99.50592]},
		"node_086" : {"left" : 87, "right" : 88, "feature" : 1, "threshold" : 0.53202868, "impurity" : 492.27148, "n_samples" : 3, "w_samples" : 3, "value" : [143.40616]},
		"node_087" : {"left" : null, "right" : null, "feature" : null, "threshold" : null, "impurity" : 54.628906, "n_samples" : 2, "w_samples" : 2, "value" : [158.50333]},
		"node_088" : {"left" : null, "right" : null, "feature" : null, "threshold" : null, "impurity" : -0.0029296875, "n_samples" : 1, "w_samples" : 1, "value" : [113.21181]},
		"node_089" : {"left" : 90, "right" : 93, "feature" : 5, "threshold" : 0.42955822, "impurity" : 2082.3164, "n_samples" : 8, "w_samples" : 8, "value" : [207.15105]},
		"node_090" : {"left" : 91, "right" : 92, "feature" : 1, "threshold" : -0.072415978, "impurity" : 203.43359, "n_samples" : 4, "w_samples" : 4, "value" : [167.01471]},
		"node_091" : {"left" : null, "right" : null, "feature" : null, "threshold" : null, "impurity" : 0.00390625, "n_samples" : 1, "w_samples" : 1, "value" : [190.73557]},
		"node_092" : {"left" : null, "right" : null, "feature" : null, "threshold" : null, "impurity" : 21.158203, "n_samples" : 3, "w_samples" : 3, "value" : [159.10774]},
		"node_093" : {"left" : 94, "right" : 95, "feature" : 1, "threshold" : 0.37104052, "impurity" : 739.33984, "n_samples" : 4, "w_samples" : 4, "value" : [247.28741]},
		"node_094" : {"left" : null, "right" : null, "feature" : null, "threshold" : null, "impurity" : -0.0078125, "n_samples" : 1, "w_samples" : 1, "value" : [294.09143]},
		"node_095" : {"left" : null, "right" : null, "feature" : null, "threshold" : null, "impurity" : 12.167969, "n_samples" : 3, "w_samples" : 3, "value" : [231.68608]},
		"node_096" : {"left" : 97, "right" : 112, "feature" : 2, "threshold" : 0.34925938, "impurity" : 14343.357, "n_samples" : 294, "w_samples" : 294, "value" : [133.76505]},
		"node_097" : {"left" : 98, "right" : 105, "feature" : 0, "threshold" : 1.3202467, "impurity" : 11131.84, "n_samples" : 183, "w_samples" : 183, "value" : [91.892197]},
		"node_098" : {"left" : 99, "right" : 102, "feature" : 1, "threshold" : 0.34927443, "impurity" : 8157.9585, "n_samples" : 139, "w_samples" : 139, "value" : [61.431606]},
		"node_099" : {"left" : 100, "right" : 101, "feature" : 2, "threshold" : -1.0687525, "impurity" : 6689.0981, "n_samples" : 89, "w_samples" : 89, "value" : [30.465862]},
		"node_100" : {"left" : null, "right" : null, "feature" : null, "threshold" : null, "impurity" : 4584.2949, "n_samples" : 21, "w_samples" : 21, "value" : [-43.039497]},
		"node_101" : {"left" : null, "right" : null, "feature" : null, "threshold" : null, "impurity" : 5155.2271, "n_samples" : 68, "w_samples" : 68, "value" : [53.166058]},
		"node_102" : {"left" : 103, "right" : 104, "feature" : 6, "threshold" : 1.3193679, "impurity" : 6027.6211, "n_samples" : 50, "w_samples" : 50, "value" : [116.55064]},
		"node_103" : {"left" : null, "right" : null, "feature" : null, "threshold" : null, "impurity" : 4052.8066, "n_samples" : 44, "w_samples" : 44, "value" : [100.71208]},
		"node_104" : {"left" : null, "right" : null, "feature" : null, "threshold" : null, "impurity" : 5179.3516, "n_samples" : 6, "w_samples" : 6, "value" : [232.69977]},
		"node_105" : {"left" : 106, "right" : 109, "feature" : 1, "threshold" : 0.028238798, "impurity" : 8335.6602, "n_samples" : 44, "w_samples" : 44, "value" : [188.1201]},
		"node_106" : {"left" : 107, "right" : 108, "feature" : 8, "threshold" : -0.0099864434, "impurity" : 6031.9727, "n_samples" : 18, "w_samples" : 18, "value" : [128.76067]},
		"node_107" : {"left" : null, "right" : null, "feature" : null, "threshold" : null, "impurity" : 423.09808, "n_samples" : 4, "w_samples" : 4, "value" : [26.57497]},
		"node_108" : {"left" : null, "right" : null, "feature" : null, "threshold" : null, "impurity" : 3798.7031, "n_samples" : 14, "w_samples" : 14, "value" : [157.95657]},
		"node_109" : {"left" : 110, "right" : 111, "feature" : 6, "threshold" : 0.8040641, "impurity" : 5802.2227, "n_samples" : 26, "w_samples" : 26, "value" : [229.21506]},
		"node_110" : {"left" : null, "right" : null, "feature" : null, "threshold" : null, "impurity" : 3821.9531, "n_samples" : 19, "w_samples" : 19, "value" : [200.73907]},
		"node_111" : {"left" : null, "right" : null, "feature" : null, "threshold" : null, "impurity" : 3002.2812, "n_samples" : 7, "w_samples" : 7, "value" : [306.50693]},
		"node_112" : {"left" : 113, "right" : 120, "feature" : 6, "threshold" : 0.31630957, "impurity" : 11981.801, "n_samples" : 111, "w_samples" : 111, "value" : [202.79874]},
		"node_113" : {"left" : 114, "right" : 117, "feature" : 1, "threshold" : -0.53740609, "impurity" : 6889.1113, "n_samples" : 54, "w_samples" : 54, "value" : [142.96324]},
		"node_114" : {"left" : 115, "right" : 116, "feature" : 3, "threshold" : -1.9009635, "impurity" : 5318.8848, "n_samples" : 15, "w_samples" : 15, "value" : [78.045815]},
		"node_115" : {"left" : null, "right" : null, "feature" : null, "threshold" : null, "impurity" : 0, "n_samples" : 1, "w_samples" : 1, "value" : [288.29089]},
		"node_116" : {"left" : null, "right" : null, "feature" : null, "threshold" : null, "impurity" : 2315.9241, "n_samples" : 14, "w_samples" : 14, "value" : [63.028316]},
		"node_117" : {"left" : 118, "right" : 119, "feature" : 9, "threshold" : -0.66590953, "impurity" : 5248.7656, "n_samples" : 39, "w_samples" : 39, "value" : [167.93152]},
		"node_118" : {"left" : null, "right" : null, "feature" : null, "threshold" : null, "impurity" : 4690.7417, "n_samples" : 8, "w_samples" : 8, "value" : [89.123466]},
		"node_119" : {"left" : null, "right" : null, "feature" : null, "threshold" : null, "impurity" : 3376.3711, "n_samples" : 31, "w_samples" : 31, "value" : [188.26904]},
		"node_120" : {"left" : 121, "right" : 124, "feature" : 8, "threshold" : 0.47964531, "impurity" : 10201.195, "n_samples" : 57, "w_samples" : 57, "value" : [259.48486]},
		"node_121" : {"left" : 122, "right" : 123, "feature" : 2, "threshold" : 1.4323592, "impurity" : 8397.4023, "n_samples" : 38, "w_samples" : 38, "value" : [223.76506]},
		"node_122" : {"left" : null, "right" : null, "feature" : null, "threshold" : null, "impurity" : 5535.7578, "n_samples" : 29, "w_samples" : 29, "value" : [193.38194]},
		"node_123" : {"left" : null, "right" : null, "feature" : null, "threshold" : null, "impurity" : 5059.0703, "n_samples" : 9, "w_samples" : 9, "value" : [321.6662]},
		"node_124" : {"left" : 125, "right" : 126, "feature" : 7, "threshold" : 0.43580085, "impurity" : 6153.5391, "n_samples" : 19, "w_samples" : 19, "value" : [330.92453]},
		"node_125" : {"left" : null, "right" : null, "feature" : null, "threshold" : null, "impurity" : 3039.25, "n_samples" : 13, "w_samples" : 13, "value" : [289.77206]},
		"node_126" : {"left" : null, "right" : null, "feature" : null, "threshold" : null, "impurity" : 1281.625, "n_samples" : 6, "w_samples" : 6, "value" : [420.08801]}
		}
	}
}

TREE_JSON_DUMP_END
MCU_DEPLOY_REGRESSION_CODE step 6
MCU_DEPLOY_REGRESSION_CODE step 7
MLLITE_AUTO_DEPLOY_RANDOMREG_10_ORIGINAL_APPLY_OUTPUT_REG  [ 301.3714, 53.166058, -17.468407, -87.396225, -321.48227,  ... , 53.166058, 53.166058, 193.12665, -17.468407, -54.432384 ]
MLLITE_AUTO_DEPLOY_RANDOMREG_10_ORIGINAL_REG_PERFS { "count" : 1024, "rmse" : 65.539284, "mape" : 2.0898933, "R2" : 0.82666725 }
This will be printed
MCU_DEPLOY_REGRESSION_CODE step 8
MCU_DEPLOY_REGRESSION_CODE done
MLLITE_MCU_TIMER_OPERATION_ELAPSED_SECONDS 'MLLITE.MCU_DEPLOY.REGRESSION.Breiman_DFS_BestSplit_MSE.RANDOMREG_10_ORIGINAL' 0
MLLITE_MCU_TIMER_OPERATION_END 'MLLITE.MCU_DEPLOY.REGRESSION.Breiman_DFS_BestSplit_MSE.RANDOMREG_10_ORIGINAL' [ 'Tue Jan 23 09:44:24 2024' ]
MCU_DEPLOY_ON_TARGET_X86_64_END
