MCU_DEPLOY_ON_TARGET_X86_64_START
MLLITE_MCU_TIMER_OPERATION_START 'MLLITE.MCU_DEPLOY.REGRESSION.Friedman_XGB.DIABETES_MEDIUM' [ 'Sat Feb  3 23:18:17 2024' ]
MLLite starting
MCU_DEPLOY_REGRESSION_CODE CREATE_DATASET_STEP
MCU_DEPLOY_REGRESSION_CODE CREATE_MODEL_STEP
MCU_DEPLOY_REGRESSION_MODEL_OPTIONS
{ "base_score" : [ ], "early_stopping_rounds" : 0, "eval_metric" : "", "gamma" : 0, "grow_policy" : 0, "learning_rate" : 0.30000001, "max_bin" : 5, "max_depth" : 6, "max_leaves" : 32, "min_child_weight" : 10, "n_estimators" : 6, "objective" : "reg:squarederror", "reg_alpha" : 0, "reg_lambda" : 1, "tree_method" : "auto" }
MCU_DEPLOY_REGRESSION_CODE FIT_MODEL_STEP
PROGRESS_REPORT_ELAPSED_TOTAL 'XGB_MODEL_FIT' 1 8
PROGRESS_REPORT_ELAPSED_TOTAL 'XGB_MODEL_FIT' 2 8
PROGRESS_REPORT_ELAPSED_TOTAL 'XGB_MODEL_FIT' 3 8
PROGRESS_REPORT_ELAPSED_TOTAL 'XGB_MODEL_FIT' 4 8
PROGRESS_REPORT_ELAPSED_TOTAL 'XGB_MODEL_FIT' 5 8
PROGRESS_REPORT_ELAPSED_TOTAL 'XGB_MODEL_FIT' 6 8
PROGRESS_REPORT_ELAPSED_TOTAL 'XGB_MODEL_FIT' 7 8
PROGRESS_REPORT_ELAPSED_TOTAL 'XGB_MODEL_FIT' 8 8
MCU_DEPLOY_REGRESSION_CODE MODEL_JSON_EXPORT_STEP
MODEL_JSON_DUMP_START
{
	"metadata" : { "model" : "Friedman_XGB", "version" : "2024-W04"},
	"options" : { "base_score" : [ ], "early_stopping_rounds" : 0, "eval_metric" : "", "gamma" : 0, "grow_policy" : 0, "learning_rate" : 0.30000001, "max_bin" : 5, "max_depth" : 6, "max_leaves" : 32, "min_child_weight" : 10, "n_estimators" : 6, "objective" : "reg:squarederror", "reg_alpha" : 0, "reg_lambda" : 1, "tree_method" : "auto" },
	"dataset" : { "dataset_rows" : 442, "dataset_features" : 10 },
	"booster" : {
		"BaseScore" : [ 152.13348 ],
		"Trees" : 6,
		"Tree_0" : {
			"Node_00" : { "leaf_value" : [ ], "parent" : null, "left" : 1, "right" : 2, "svalue" : 0.0056499788, "sindex" : 2 },
			"Node_01" : { "leaf_value" : [ ], "parent" : 0, "left" : 3, "right" : 4, "svalue" : 0.012551195, "sindex" : 8 },
			"Node_02" : { "leaf_value" : [ ], "parent" : 0, "left" : 5, "right" : 6, "svalue" : 0.036201265, "sindex" : 9 },
			"Node_03" : { "leaf_value" : [ ], "parent" : 1, "left" : 7, "right" : 8, "svalue" : 0.034308858, "sindex" : 7 },
			"Node_04" : { "leaf_value" : [ ], "parent" : 1, "left" : 9, "right" : 10, "svalue" : -0.018061887, "sindex" : 2 },
			"Node_05" : { "leaf_value" : [ ], "parent" : 2, "left" : 11, "right" : 12, "svalue" : 0.0081009818, "sindex" : 3 },
			"Node_06" : { "leaf_value" : [ ], "parent" : 2, "left" : 13, "right" : 14, "svalue" : 0.0081009818, "sindex" : 3 },
			"Node_07" : { "leaf_value" : [ ], "parent" : 3, "left" : 15, "right" : 16, "svalue" : -0.041176166, "sindex" : 8 },
			"Node_08" : { "leaf_value" : [ -3.6230423 ], "parent" : 3, "left" : null, "right" : null, "svalue" : 0, "sindex" : 0 },
			"Node_09" : { "leaf_value" : [ ], "parent" : 4, "left" : 17, "right" : 18, "svalue" : 0.038968213, "sindex" : 8 },
			"Node_10" : { "leaf_value" : [ ], "parent" : 4, "left" : 19, "right" : 20, "svalue" : -0.019441826, "sindex" : 3 },
			"Node_11" : { "leaf_value" : [ ], "parent" : 5, "left" : 21, "right" : 22, "svalue" : -0.018113693, "sindex" : 8 },
			"Node_12" : { "leaf_value" : [ ], "parent" : 5, "left" : 23, "right" : 24, "svalue" : 0.04229559, "sindex" : 2 },
			"Node_13" : { "leaf_value" : [ 19.746273 ], "parent" : 6, "left" : null, "right" : null, "svalue" : 0, "sindex" : 0 },
			"Node_14" : { "leaf_value" : [ 30.184053 ], "parent" : 6, "left" : null, "right" : null, "svalue" : 0, "sindex" : 0 },
			"Node_15" : { "leaf_value" : [ ], "parent" : 7, "left" : 25, "right" : 26, "svalue" : -0.038719688, "sindex" : 4 },
			"Node_16" : { "leaf_value" : [ ], "parent" : 7, "left" : 27, "right" : 28, "svalue" : -0.038719688, "sindex" : 4 },
			"Node_17" : { "leaf_value" : [ -5.137938 ], "parent" : 9, "left" : null, "right" : null, "svalue" : 0, "sindex" : 0 },
			"Node_18" : { "leaf_value" : [ 8.0882921 ], "parent" : 9, "left" : null, "right" : null, "svalue" : 0, "sindex" : 0 },
			"Node_19" : { "leaf_value" : [ 1.8999591 ], "parent" : 10, "left" : null, "right" : null, "svalue" : 0, "sindex" : 0 },
			"Node_20" : { "leaf_value" : [ ], "parent" : 10, "left" : 29, "right" : 30, "svalue" : -0.0055145551, "sindex" : 0 },
			"Node_21" : { "leaf_value" : [ -6.2952814 ], "parent" : 11, "left" : null, "right" : null, "svalue" : 0, "sindex" : 0 },
			"Node_22" : { "leaf_value" : [ ], "parent" : 11, "left" : 31, "right" : 32, "svalue" : 0.05068012, "sindex" : 1 },
			"Node_23" : { "leaf_value" : [ ], "parent" : 12, "left" : 33, "right" : 34, "svalue" : 0.0080627101, "sindex" : 4 },
			"Node_24" : { "leaf_value" : [ ], "parent" : 12, "left" : 35, "right" : 36, "svalue" : -0.017629381, "sindex" : 6 },
			"Node_25" : { "leaf_value" : [ -16.357021 ], "parent" : 15, "left" : null, "right" : null, "svalue" : 0, "sindex" : 0 },
			"Node_26" : { "leaf_value" : [ -22.336262 ], "parent" : 15, "left" : null, "right" : null, "svalue" : 0, "sindex" : 0 },
			"Node_27" : { "leaf_value" : [ ], "parent" : 16, "left" : 37, "right" : 38, "svalue" : -0.017629381, "sindex" : 6 },
			"Node_28" : { "leaf_value" : [ ], "parent" : 16, "left" : 39, "right" : 40, "svalue" : 0.05068012, "sindex" : 1 },
			"Node_29" : { "leaf_value" : [ 1.2632921 ], "parent" : 20, "left" : null, "right" : null, "svalue" : 0, "sindex" : 0 },
			"Node_30" : { "leaf_value" : [ 14.930485 ], "parent" : 20, "left" : null, "right" : null, "svalue" : 0, "sindex" : 0 },
			"Node_31" : { "leaf_value" : [ ], "parent" : 22, "left" : 41, "right" : 42, "svalue" : -0.0055145551, "sindex" : 0 },
			"Node_32" : { "leaf_value" : [ -4.3773756 ], "parent" : 22, "left" : null, "right" : null, "svalue" : 0, "sindex" : 0 },
			"Node_33" : { "leaf_value" : [ 0.52262455 ], "parent" : 23, "left" : null, "right" : null, "svalue" : 0, "sindex" : 0 },
			"Node_34" : { "leaf_value" : [ ], "parent" : 23, "left" : 43, "right" : 44, "svalue" : 0.038968213, "sindex" : 8 },
			"Node_35" : { "leaf_value" : [ 32.062817 ], "parent" : 24, "left" : null, "right" : null, "svalue" : 0, "sindex" : 0 },
			"Node_36" : { "leaf_value" : [ 14.302628 ], "parent" : 24, "left" : null, "right" : null, "svalue" : 0, "sindex" : 0 },
			"Node_37" : { "leaf_value" : [ -0.39095017 ], "parent" : 27, "left" : null, "right" : null, "svalue" : 0, "sindex" : 0 },
			"Node_38" : { "leaf_value" : [ -9.8432007 ], "parent" : 27, "left" : null, "right" : null, "svalue" : 0, "sindex" : 0 },
			"Node_39" : { "leaf_value" : [ -13.202502 ], "parent" : 28, "left" : null, "right" : null, "svalue" : 0, "sindex" : 0 },
			"Node_40" : { "leaf_value" : [ -19.084625 ], "parent" : 28, "left" : null, "right" : null, "svalue" : 0, "sindex" : 0 },
			"Node_41" : { "leaf_value" : [ 13.913293 ], "parent" : 31, "left" : null, "right" : null, "svalue" : 0, "sindex" : 0 },
			"Node_42" : { "leaf_value" : [ 6.8363233 ], "parent" : 31, "left" : null, "right" : null, "svalue" : 0, "sindex" : 0 },
			"Node_43" : { "leaf_value" : [ 8.5426245 ], "parent" : 34, "left" : null, "right" : null, "svalue" : 0, "sindex" : 0 },
			"Node_44" : { "leaf_value" : [ 19.13829 ], "parent" : 34, "left" : null, "right" : null, "svalue" : 0, "sindex" : 0 }
		},
		"Tree_1" : {
			"Node_00" : { "leaf_value" : [ ], "parent" : null, "left" : 1, "right" : 2, "svalue" : 0.0056499788, "sindex" : 2 },
			"Node_01" : { "leaf_value" : [ ], "parent" : 0, "left" : 3, "right" : 4, "svalue" : 0.012551195, "sindex" : 8 },
			"Node_02" : { "leaf_value" : [ ], "parent" : 0, "left" : 5, "right" : 6, "svalue" : 0.036201265, "sindex" : 9 },
			"Node_03" : { "leaf_value" : [ ], "parent" : 1, "left" : 7, "right" : 8, "svalue" : -0.018113693, "sindex" : 8 },
			"Node_04" : { "leaf_value" : [ ], "parent" : 1, "left" : 9, "right" : 10, "svalue" : 0.036201265, "sindex" : 9 },
			"Node_05" : { "leaf_value" : [ ], "parent" : 2, "left" : 11, "right" : 12, "svalue" : 0.049415193, "sindex" : 3 },
			"Node_06" : { "leaf_value" : [ ], "parent" : 2, "left" : 13, "right" : 14, "svalue" : 0.03970857, "sindex" : 5 },
			"Node_07" : { "leaf_value" : [ ], "parent" : 3, "left" : 15, "right" : 16, "svalue" : 0.037595186, "sindex" : 6 },
			"Node_08" : { "leaf_value" : [ ], "parent" : 3, "left" : 17, "right" : 18, "svalue" : -0.037012801, "sindex" : 5 },
			"Node_09" : { "leaf_value" : [ ], "parent" : 4, "left" : 19, "right" : 20, "svalue" : -0.018061887, "sindex" : 2 },
			"Node_10" : { "leaf_value" : [ 9.277072 ], "parent" : 4, "left" : null, "right" : null, "svalue" : 0, "sindex" : 0 },
			"Node_11" : { "leaf_value" : [ ], "parent" : 5, "left" : 21, "right" : 22, "svalue" : -0.0081274305, "sindex" : 7 },
			"Node_12" : { "leaf_value" : [ ], "parent" : 5, "left" : 23, "right" : 24, "svalue" : 0.04229559, "sindex" : 2 },
			"Node_13" : { "leaf_value" : [ ], "parent" : 6, "left" : 25, "right" : 26, "svalue" : 0.0081009818, "sindex" : 3 },
			"Node_14" : { "leaf_value" : [ 13.401559 ], "parent" : 6, "left" : null, "right" : null, "svalue" : 0, "sindex" : 0 },
			"Node_15" : { "leaf_value" : [ ], "parent" : 7, "left" : 27, "right" : 28, "svalue" : -0.040695939, "sindex" : 2 },
			"Node_16" : { "leaf_value" : [ ], "parent" : 7, "left" : 29, "right" : 30, "svalue" : -0.019441826, "sindex" : 3 },
			"Node_17" : { "leaf_value" : [ -1.0792978 ], "parent" : 8, "left" : null, "right" : null, "svalue" : 0, "sindex" : 0 },
			"Node_18" : { "leaf_value" : [ ], "parent" : 8, "left" : 31, "right" : 32, "svalue" : 0.034308858, "sindex" : 7 },
			"Node_19" : { "leaf_value" : [ -4.7208776 ], "parent" : 9, "left" : null, "right" : null, "svalue" : 0, "sindex" : 0 },
			"Node_20" : { "leaf_value" : [ ], "parent" : 9, "left" : 33, "right" : 34, "svalue" : 0.0072065163, "sindex" : 9 },
			"Node_21" : { "leaf_value" : [ ], "parent" : 11, "left" : 35, "right" : 36, "svalue" : -0.013504018, "sindex" : 9 },
			"Node_22" : { "leaf_value" : [ ], "parent" : 11, "left" : 37, "right" : 38, "svalue" : 0.03970857, "sindex" : 5 },
			"Node_23" : { "leaf_value" : [ 9.3515339 ], "parent" : 12, "left" : null, "right" : null, "svalue" : 0, "sindex" : 0 },
			"Node_24" : { "leaf_value" : [ 20.008411 ], "parent" : 12, "left" : null, "right" : null, "svalue" : 0, "sindex" : 0 },
			"Node_25" : { "leaf_value" : [ 11.760066 ], "parent" : 13, "left" : null, "right" : null, "svalue" : 0, "sindex" : 0 },
			"Node_26" : { "leaf_value" : [ 24.014269 ], "parent" : 13, "left" : null, "right" : null, "svalue" : 0, "sindex" : 0 },
			"Node_27" : { "leaf_value" : [ ], "parent" : 15, "left" : 39, "right" : 40, "svalue" : -0.041176166, "sindex" : 8 },
			"Node_28" : { "leaf_value" : [ ], "parent" : 15, "left" : 41, "right" : 42, "svalue" : -0.041176166, "sindex" : 8 },
			"Node_29" : { "leaf_value" : [ -17.196024 ], "parent" : 16, "left" : null, "right" : null, "svalue" : 0, "sindex" : 0 },
			"Node_30" : { "leaf_value" : [ -10.5804 ], "parent" : 16, "left" : null, "right" : null, "svalue" : 0, "sindex" : 0 },
			"Node_31" : { "leaf_value" : [ ], "parent" : 18, "left" : 43, "right" : 44, "svalue" : -0.0055145551, "sindex" : 0 },
			"Node_32" : { "leaf_value" : [ -1.7429224 ], "parent" : 18, "left" : null, "right" : null, "svalue" : 0, "sindex" : 0 },
			"Node_33" : { "leaf_value" : [ 8.3522196 ], "parent" : 20, "left" : null, "right" : null, "svalue" : 0, "sindex" : 0 },
			"Node_34" : { "leaf_value" : [ -2.4463334 ], "parent" : 20, "left" : null, "right" : null, "svalue" : 0, "sindex" : 0 },
			"Node_35" : { "leaf_value" : [ -5.9804044 ], "parent" : 21, "left" : null, "right" : null, "svalue" : 0, "sindex" : 0 },
			"Node_36" : { "leaf_value" : [ -0.52417189 ], "parent" : 21, "left" : null, "right" : null, "svalue" : 0, "sindex" : 0 },
			"Node_37" : { "leaf_value" : [ ], "parent" : 22, "left" : 45, "right" : 46, "svalue" : 0.0087068733, "sindex" : 5 },
			"Node_38" : { "leaf_value" : [ ], "parent" : 22, "left" : 47, "right" : 48, "svalue" : 0.0081009818, "sindex" : 3 },
			"Node_39" : { "leaf_value" : [ -11.210764 ], "parent" : 27, "left" : null, "right" : null, "svalue" : 0, "sindex" : 0 },
			"Node_40" : { "leaf_value" : [ -17.206499 ], "parent" : 27, "left" : null, "right" : null, "svalue" : 0, "sindex" : 0 },
			"Node_41" : { "leaf_value" : [ -13.456448 ], "parent" : 28, "left" : null, "right" : null, "svalue" : 0, "sindex" : 0 },
			"Node_42" : { "leaf_value" : [ -4.1261473 ], "parent" : 28, "left" : null, "right" : null, "svalue" : 0, "sindex" : 0 },
			"Node_43" : { "leaf_value" : [ -14.100193 ], "parent" : 31, "left" : null, "right" : null, "svalue" : 0, "sindex" : 0 },
			"Node_44" : { "leaf_value" : [ -8.171957 ], "parent" : 31, "left" : null, "right" : null, "svalue" : 0, "sindex" : 0 },
			"Node_45" : { "leaf_value" : [ 5.5960431 ], "parent" : 37, "left" : null, "right" : null, "svalue" : 0, "sindex" : 0 },
			"Node_46" : { "leaf_value" : [ 15.440216 ], "parent" : 37, "left" : null, "right" : null, "svalue" : 0, "sindex" : 0 },
			"Node_47" : { "leaf_value" : [ -6.6608028 ], "parent" : 38, "left" : null, "right" : null, "svalue" : 0, "sindex" : 0 },
			"Node_48" : { "leaf_value" : [ 3.6681986 ], "parent" : 38, "left" : null, "right" : null, "svalue" : 0, "sindex" : 0 }
		},
		"Tree_2" : {
			"Node_00" : { "leaf_value" : [ ], "parent" : null, "left" : 1, "right" : 2, "svalue" : 0.012551195, "sindex" : 8 },
			"Node_01" : { "leaf_value" : [ ], "parent" : 0, "left" : 3, "right" : 4, "svalue" : 0.0056499788, "sindex" : 2 },
			"Node_02" : { "leaf_value" : [ ], "parent" : 0, "left" : 5, "right" : 6, "svalue" : 0.049415193, "sindex" : 3 },
			"Node_03" : { "leaf_value" : [ ], "parent" : 1, "left" : 7, "right" : 8, "svalue" : 0.049415193, "sindex" : 3 },
			"Node_04" : { "leaf_value" : [ ], "parent" : 1, "left" : 9, "right" : 10, "svalue" : -0.041176166, "sindex" : 8 },
			"Node_05" : { "leaf_value" : [ ], "parent" : 2, "left" : 11, "right" : 12, "svalue" : 0.039709628, "sindex" : 4 },
			"Node_06" : { "leaf_value" : [ ], "parent" : 2, "left" : 13, "right" : 14, "svalue" : 0.036201265, "sindex" : 9 },
			"Node_07" : { "leaf_value" : [ ], "parent" : 3, "left" : 15, "right" : 16, "svalue" : 0.05068012, "sindex" : 1 },
			"Node_08" : { "leaf_value" : [ -1.0950139 ], "parent" : 3, "left" : null, "right" : null, "svalue" : 0, "sindex" : 0 },
			"Node_09" : { "leaf_value" : [ -6.4807143 ], "parent" : 4, "left" : null, "right" : null, "svalue" : 0, "sindex" : 0 },
			"Node_10" : { "leaf_value" : [ ], "parent" : 4, "left" : 17, "right" : 18, "svalue" : 0.0081009818, "sindex" : 3 },
			"Node_11" : { "leaf_value" : [ ], "parent" : 5, "left" : 19, "right" : 20, "svalue" : 0.05068012, "sindex" : 1 },
			"Node_12" : { "leaf_value" : [ ], "parent" : 5, "left" : 21, "right" : 22, "svalue" : 0.0081420839, "sindex" : 6 },
			"Node_13" : { "leaf_value" : [ ], "parent" : 6, "left" : 23, "right" : 24, "svalue" : 0.04229559, "sindex" : 2 },
			"Node_14" : { "leaf_value" : [ 17.764013 ], "parent" : 6, "left" : null, "right" : null, "svalue" : 0, "sindex" : 0 },
			"Node_15" : { "leaf_value" : [ ], "parent" : 7, "left" : 25, "right" : 26, "svalue" : -0.045472477, "sindex" : 0 },
			"Node_16" : { "leaf_value" : [ ], "parent" : 7, "left" : 27, "right" : 28, "svalue" : -0.018113693, "sindex" : 8 },
			"Node_17" : { "leaf_value" : [ ], "parent" : 10, "left" : 29, "right" : 30, "svalue" : 0.04229559, "sindex" : 2 },
			"Node_18" : { "leaf_value" : [ ], "parent" : 10, "left" : 31, "right" : 32, "svalue" : 0.04229559, "sindex" : 2 },
			"Node_19" : { "leaf_value" : [ ], "parent" : 11, "left" : 33, "right" : 34, "svalue" : 0.0081009818, "sindex" : 3 },
			"Node_20" : { "leaf_value" : [ ], "parent" : 11, "left" : 35, "right" : 36, "svalue" : 0.0087068733, "sindex" : 5 },
			"Node_21" : { "leaf_value" : [ ], "parent" : 12, "left" : 37, "right" : 38, "svalue" : 0.038968213, "sindex" : 8 },
			"Node_22" : { "leaf_value" : [ -6.6791568 ], "parent" : 12, "left" : null, "right" : null, "svalue" : 0, "sindex" : 0 },
			"Node_23" : { "leaf_value" : [ ], "parent" : 13, "left" : 39, "right" : 40, "svalue" : 0.041708443, "sindex" : 0 },
			"Node_24" : { "leaf_value" : [ 13.58357 ], "parent" : 13, "left" : null, "right" : null, "svalue" : 0, "sindex" : 0 },
			"Node_25" : { "leaf_value" : [ ], "parent" : 15, "left" : 41, "right" : 42, "svalue" : 0.037595186, "sindex" : 6 },
			"Node_26" : { "leaf_value" : [ ], "parent" : 15, "left" : 43, "right" : 44, "svalue" : -0.018113693, "sindex" : 8 },
			"Node_27" : { "leaf_value" : [ ], "parent" : 16, "left" : 45, "right" : 46, "svalue" : 0.016280675, "sindex" : 0 },
			"Node_28" : { "leaf_value" : [ ], "parent" : 16, "left" : 47, "right" : 48, "svalue" : -0.012576583, "sindex" : 4 },
			"Node_29" : { "leaf_value" : [ 4.6650748 ], "parent" : 17, "left" : null, "right" : null, "svalue" : 0, "sindex" : 0 },
			"Node_30" : { "leaf_value" : [ -6.4009686 ], "parent" : 17, "left" : null, "right" : null, "svalue" : 0, "sindex" : 0 },
			"Node_31" : { "leaf_value" : [ 2.7869093 ], "parent" : 18, "left" : null, "right" : null, "svalue" : 0, "sindex" : 0 },
			"Node_32" : { "leaf_value" : [ 13.910707 ], "parent" : 18, "left" : null, "right" : null, "svalue" : 0, "sindex" : 0 },
			"Node_33" : { "leaf_value" : [ ], "parent" : 19, "left" : 49, "right" : 50, "svalue" : 0.038968213, "sindex" : 8 },
			"Node_34" : { "leaf_value" : [ 4.9025364 ], "parent" : 19, "left" : null, "right" : null, "svalue" : 0, "sindex" : 0 },
			"Node_35" : { "leaf_value" : [ ], "parent" : 20, "left" : 51, "right" : 52, "svalue" : -0.0055145551, "sindex" : 0 },
			"Node_36" : { "leaf_value" : [ 11.743174 ], "parent" : 20, "left" : null, "right" : null, "svalue" : 0, "sindex" : 0 },
			"Node_37" : { "leaf_value" : [ -5.8784161 ], "parent" : 21, "left" : null, "right" : null, "svalue" : 0, "sindex" : 0 },
			"Node_38" : { "leaf_value" : [ 8.5590553 ], "parent" : 21, "left" : null, "right" : null, "svalue" : 0, "sindex" : 0 },
			"Node_39" : { "leaf_value" : [ 8.3630352 ], "parent" : 23, "left" : null, "right" : null, "svalue" : 0, "sindex" : 0 },
			"Node_40" : { "leaf_value" : [ 4.4113922 ], "parent" : 23, "left" : null, "right" : null, "svalue" : 0, "sindex" : 0 },
			"Node_41" : { "leaf_value" : [ 1.1487823 ], "parent" : 25, "left" : null, "right" : null, "svalue" : 0, "sindex" : 0 },
			"Node_42" : { "leaf_value" : [ -9.062295 ], "parent" : 25, "left" : null, "right" : null, "svalue" : 0, "sindex" : 0 },
			"Node_43" : { "leaf_value" : [ -10.447509 ], "parent" : 26, "left" : null, "right" : null, "svalue" : 0, "sindex" : 0 },
			"Node_44" : { "leaf_value" : [ -1.7207404 ], "parent" : 26, "left" : null, "right" : null, "svalue" : 0, "sindex" : 0 },
			"Node_45" : { "leaf_value" : [ -15.690195 ], "parent" : 27, "left" : null, "right" : null, "svalue" : 0, "sindex" : 0 },
			"Node_46" : { "leaf_value" : [ -9.138999 ], "parent" : 27, "left" : null, "right" : null, "svalue" : 0, "sindex" : 0 },
			"Node_47" : { "leaf_value" : [ -2.3518603 ], "parent" : 28, "left" : null, "right" : null, "svalue" : 0, "sindex" : 0 },
			"Node_48" : { "leaf_value" : [ -12.3789 ], "parent" : 28, "left" : null, "right" : null, "svalue" : 0, "sindex" : 0 },
			"Node_49" : { "leaf_value" : [ 11.862055 ], "parent" : 33, "left" : null, "right" : null, "svalue" : 0, "sindex" : 0 },
			"Node_50" : { "leaf_value" : [ 20.92445 ], "parent" : 33, "left" : null, "right" : null, "svalue" : 0, "sindex" : 0 },
			"Node_51" : { "leaf_value" : [ -9.2069645 ], "parent" : 35, "left" : null, "right" : null, "svalue" : 0, "sindex" : 0 },
			"Node_52" : { "leaf_value" : [ 2.1342015 ], "parent" : 35, "left" : null, "right" : null, "svalue" : 0, "sindex" : 0 }
		},
		"Tree_3" : {
			"Node_00" : { "leaf_value" : [ ], "parent" : null, "left" : 1, "right" : 2, "svalue" : 0.0056499788, "sindex" : 2 },
			"Node_01" : { "leaf_value" : [ ], "parent" : 0, "left" : 3, "right" : 4, "svalue" : 0.034308858, "sindex" : 7 },
			"Node_02" : { "leaf_value" : [ ], "parent" : 0, "left" : 5, "right" : 6, "svalue" : -0.018113693, "sindex" : 8 },
			"Node_03" : { "leaf_value" : [ ], "parent" : 1, "left" : 7, "right" : 8, "svalue" : -0.040098932, "sindex" : 3 },
			"Node_04" : { "leaf_value" : [ ], "parent" : 1, "left" : 9, "right" : 10, "svalue" : 0.039709628, "sindex" : 4 },
			"Node_05" : { "leaf_value" : [ ], "parent" : 2, "left" : 11, "right" : 12, "svalue" : -0.0081274305, "sindex" : 7 },
			"Node_06" : { "leaf_value" : [ ], "parent" : 2, "left" : 13, "right" : 14, "svalue" : 0.049415193, "sindex" : 3 },
			"Node_07" : { "leaf_value" : [ ], "parent" : 3, "left" : 15, "right" : 16, "svalue" : -0.045472477, "sindex" : 0 },
			"Node_08" : { "leaf_value" : [ ], "parent" : 3, "left" : 17, "right" : 18, "svalue" : -0.037012801, "sindex" : 5 },
			"Node_09" : { "leaf_value" : [ ], "parent" : 4, "left" : 19, "right" : 20, "svalue" : -0.012576583, "sindex" : 4 },
			"Node_10" : { "leaf_value" : [ ], "parent" : 4, "left" : 21, "right" : 22, "svalue" : 0.041708443, "sindex" : 0 },
			"Node_11" : { "leaf_value" : [ -6.1041975 ], "parent" : 5, "left" : null, "right" : null, "svalue" : 0, "sindex" : 0 },
			"Node_12" : { "leaf_value" : [ 4.0562406 ], "parent" : 5, "left" : null, "right" : null, "svalue" : 0, "sindex" : 0 },
			"Node_13" : { "leaf_value" : [ ], "parent" : 6, "left" : 23, "right" : 24, "svalue" : 0.036201265, "sindex" : 9 },
			"Node_14" : { "leaf_value" : [ ], "parent" : 6, "left" : 25, "right" : 26, "svalue" : -0.012576583, "sindex" : 4 },
			"Node_15" : { "leaf_value" : [ -4.0048194 ], "parent" : 7, "left" : null, "right" : null, "svalue" : 0, "sindex" : 0 },
			"Node_16" : { "leaf_value" : [ ], "parent" : 7, "left" : 27, "right" : 28, "svalue" : 0.0081420839, "sindex" : 6 },
			"Node_17" : { "leaf_value" : [ ], "parent" : 8, "left" : 29, "right" : 30, "svalue" : 0.016280675, "sindex" : 0 },
			"Node_18" : { "leaf_value" : [ ], "parent" : 8, "left" : 31, "right" : 32, "svalue" : 0.05068012, "sindex" : 1 },
			"Node_19" : { "leaf_value" : [ 2.5985391 ], "parent" : 9, "left" : null, "right" : null, "svalue" : 0, "sindex" : 0 },
			"Node_20" : { "leaf_value" : [ ], "parent" : 9, "left" : 33, "right" : 34, "svalue" : 0.012551195, "sindex" : 8 },
			"Node_21" : { "leaf_value" : [ 3.262228 ], "parent" : 10, "left" : null, "right" : null, "svalue" : 0, "sindex" : 0 },
			"Node_22" : { "leaf_value" : [ 12.922889 ], "parent" : 10, "left" : null, "right" : null, "svalue" : 0, "sindex" : 0 },
			"Node_23" : { "leaf_value" : [ ], "parent" : 13, "left" : 35, "right" : 36, "svalue" : 0.03970857, "sindex" : 5 },
			"Node_24" : { "leaf_value" : [ ], "parent" : 13, "left" : 37, "right" : 38, "svalue" : 0.034308858, "sindex" : 7 },
			"Node_25" : { "leaf_value" : [ 18.282137 ], "parent" : 14, "left" : null, "right" : null, "svalue" : 0, "sindex" : 0 },
			"Node_26" : { "leaf_value" : [ ], "parent" : 14, "left" : 39, "right" : 40, "svalue" : 0.03970857, "sindex" : 5 },
			"Node_27" : { "leaf_value" : [ -6.4182563 ], "parent" : 16, "left" : null, "right" : null, "svalue" : 0, "sindex" : 0 },
			"Node_28" : { "leaf_value" : [ -13.09712 ], "parent" : 16, "left" : null, "right" : null, "svalue" : 0, "sindex" : 0 },
			"Node_29" : { "leaf_value" : [ ], "parent" : 17, "left" : 41, "right" : 42, "svalue" : -0.039493382, "sindex" : 7 },
			"Node_30" : { "leaf_value" : [ 5.0917482 ], "parent" : 17, "left" : null, "right" : null, "svalue" : 0, "sindex" : 0 },
			"Node_31" : { "leaf_value" : [ ], "parent" : 18, "left" : 43, "right" : 44, "svalue" : -0.013504018, "sindex" : 9 },
			"Node_32" : { "leaf_value" : [ ], "parent" : 18, "left" : 45, "right" : 46, "svalue" : 0.016280675, "sindex" : 0 },
			"Node_33" : { "leaf_value" : [ -6.4747109 ], "parent" : 20, "left" : null, "right" : null, "svalue" : 0, "sindex" : 0 },
			"Node_34" : { "leaf_value" : [ -0.78941691 ], "parent" : 20, "left" : null, "right" : null, "svalue" : 0, "sindex" : 0 },
			"Node_35" : { "leaf_value" : [ ], "parent" : 23, "left" : 47, "right" : 48, "svalue" : 0.034308858, "sindex" : 7 },
			"Node_36" : { "leaf_value" : [ ], "parent" : 23, "left" : 49, "right" : 50, "svalue" : 0.05068012, "sindex" : 1 },
			"Node_37" : { "leaf_value" : [ 2.2899075 ], "parent" : 24, "left" : null, "right" : null, "svalue" : 0, "sindex" : 0 },
			"Node_38" : { "leaf_value" : [ ], "parent" : 24, "left" : 51, "right" : 52, "svalue" : 0.03970857, "sindex" : 5 },
			"Node_39" : { "leaf_value" : [ ], "parent" : 26, "left" : 53, "right" : 54, "svalue" : -0.017629381, "sindex" : 6 },
			"Node_40" : { "leaf_value" : [ 6.5879617 ], "parent" : 26, "left" : null, "right" : null, "svalue" : 0, "sindex" : 0 },
			"Node_41" : { "leaf_value" : [ -5.404635 ], "parent" : 29, "left" : null, "right" : null, "svalue" : 0, "sindex" : 0 },
			"Node_42" : { "leaf_value" : [ -0.17407894 ], "parent" : 29, "left" : null, "right" : null, "svalue" : 0, "sindex" : 0 },
			"Node_43" : { "leaf_value" : [ -1.4371482 ], "parent" : 31, "left" : null, "right" : null, "svalue" : 0, "sindex" : 0 },
			"Node_44" : { "leaf_value" : [ -6.15558 ], "parent" : 31, "left" : null, "right" : null, "svalue" : 0, "sindex" : 0 },
			"Node_45" : { "leaf_value" : [ -11.459663 ], "parent" : 32, "left" : null, "right" : null, "svalue" : 0, "sindex" : 0 },
			"Node_46" : { "leaf_value" : [ -4.4487457 ], "parent" : 32, "left" : null, "right" : null, "svalue" : 0, "sindex" : 0 },
			"Node_47" : { "leaf_value" : [ 1.7679142 ], "parent" : 35, "left" : null, "right" : null, "svalue" : 0, "sindex" : 0 },
			"Node_48" : { "leaf_value" : [ 11.010003 ], "parent" : 35, "left" : null, "right" : null, "svalue" : 0, "sindex" : 0 },
			"Node_49" : { "leaf_value" : [ -3.6373839 ], "parent" : 36, "left" : null, "right" : null, "svalue" : 0, "sindex" : 0 },
			"Node_50" : { "leaf_value" : [ 0.42141518 ], "parent" : 36, "left" : null, "right" : null, "svalue" : 0, "sindex" : 0 },
			"Node_51" : { "leaf_value" : [ 16.441486 ], "parent" : 38, "left" : null, "right" : null, "svalue" : 0, "sindex" : 0 },
			"Node_52" : { "leaf_value" : [ 9.3869991 ], "parent" : 38, "left" : null, "right" : null, "svalue" : 0, "sindex" : 0 },
			"Node_53" : { "leaf_value" : [ 11.949483 ], "parent" : 39, "left" : null, "right" : null, "svalue" : 0, "sindex" : 0 },
			"Node_54" : { "leaf_value" : [ 7.8509121 ], "parent" : 39, "left" : null, "right" : null, "svalue" : 0, "sindex" : 0 }
		},
		"Tree_4" : {
			"Node_00" : { "leaf_value" : [ ], "parent" : null, "left" : 1, "right" : 2, "svalue" : 0.012551195, "sindex" : 8 },
			"Node_01" : { "leaf_value" : [ ], "parent" : 0, "left" : 3, "right" : 4, "svalue" : -0.017629381, "sindex" : 6 },
			"Node_02" : { "leaf_value" : [ ], "parent" : 0, "left" : 5, "right" : 6, "svalue" : 0.036201265, "sindex" : 9 },
			"Node_03" : { "leaf_value" : [ ], "parent" : 1, "left" : 7, "right" : 8, "svalue" : 0.0081009818, "sindex" : 3 },
			"Node_04" : { "leaf_value" : [ ], "parent" : 1, "left" : 9, "right" : 10, "svalue" : 0.05068012, "sindex" : 1 },
			"Node_05" : { "leaf_value" : [ ], "parent" : 2, "left" : 11, "right" : 12, "svalue" : -0.018061887, "sindex" : 2 },
			"Node_06" : { "leaf_value" : [ ], "parent" : 2, "left" : 13, "right" : 14, "svalue" : 0.038968213, "sindex" : 8 },
			"Node_07" : { "leaf_value" : [ ], "parent" : 3, "left" : 15, "right" : 16, "svalue" : 0.05068012, "sindex" : 1 },
			"Node_08" : { "leaf_value" : [ ], "parent" : 3, "left" : 17, "right" : 18, "svalue" : 0.0072065163, "sindex" : 9 },
			"Node_09" : { "leaf_value" : [ ], "parent" : 4, "left" : 19, "right" : 20, "svalue" : -0.045472477, "sindex" : 0 },
			"Node_10" : { "leaf_value" : [ ], "parent" : 4, "left" : 21, "right" : 22, "svalue" : -0.018113693, "sindex" : 8 },
			"Node_11" : { "leaf_value" : [ -3.3197052 ], "parent" : 5, "left" : null, "right" : null, "svalue" : 0, "sindex" : 0 },
			"Node_12" : { "leaf_value" : [ ], "parent" : 5, "left" : 23, "right" : 24, "svalue" : 0.05068012, "sindex" : 1 },
			"Node_13" : { "leaf_value" : [ ], "parent" : 6, "left" : 25, "right" : 26, "svalue" : 0.03970857, "sindex" : 5 },
			"Node_14" : { "leaf_value" : [ ], "parent" : 6, "left" : 27, "right" : 28, "svalue" : 0.0087068733, "sindex" : 5 },
			"Node_15" : { "leaf_value" : [ 5.6134911 ], "parent" : 7, "left" : null, "right" : null, "svalue" : 0, "sindex" : 0 },
			"Node_16" : { "leaf_value" : [ ], "parent" : 7, "left" : 29, "right" : 30, "svalue" : 0.0087068733, "sindex" : 5 },
			"Node_17" : { "leaf_value" : [ 10.0855 ], "parent" : 8, "left" : null, "right" : null, "svalue" : 0, "sindex" : 0 },
			"Node_18" : { "leaf_value" : [ 3.8902149 ], "parent" : 8, "left" : null, "right" : null, "svalue" : 0, "sindex" : 0 },
			"Node_19" : { "leaf_value" : [ ], "parent" : 9, "left" : 31, "right" : 32, "svalue" : -0.040695939, "sindex" : 2 },
			"Node_20" : { "leaf_value" : [ ], "parent" : 9, "left" : 33, "right" : 34, "svalue" : 0.049415193, "sindex" : 3 },
			"Node_21" : { "leaf_value" : [ ], "parent" : 10, "left" : 35, "right" : 36, "svalue" : -0.038719688, "sindex" : 4 },
			"Node_22" : { "leaf_value" : [ ], "parent" : 10, "left" : 37, "right" : 38, "svalue" : 0.0081420839, "sindex" : 6 },
			"Node_23" : { "leaf_value" : [ ], "parent" : 12, "left" : 39, "right" : 40, "svalue" : -0.017629381, "sindex" : 6 },
			"Node_24" : { "leaf_value" : [ ], "parent" : 12, "left" : 41, "right" : 42, "svalue" : 0.0087068733, "sindex" : 5 },
			"Node_25" : { "leaf_value" : [ 7.6744299 ], "parent" : 13, "left" : null, "right" : null, "svalue" : 0, "sindex" : 0 },
			"Node_26" : { "leaf_value" : [ -4.9484005 ], "parent" : 13, "left" : null, "right" : null, "svalue" : 0, "sindex" : 0 },
			"Node_27" : { "leaf_value" : [ 7.5963073 ], "parent" : 14, "left" : null, "right" : null, "svalue" : 0, "sindex" : 0 },
			"Node_28" : { "leaf_value" : [ 11.967207 ], "parent" : 14, "left" : null, "right" : null, "svalue" : 0, "sindex" : 0 },
			"Node_29" : { "leaf_value" : [ -4.5954947 ], "parent" : 16, "left" : null, "right" : null, "svalue" : 0, "sindex" : 0 },
			"Node_30" : { "leaf_value" : [ -7.6507397 ], "parent" : 16, "left" : null, "right" : null, "svalue" : 0, "sindex" : 0 },
			"Node_31" : { "leaf_value" : [ -5.2134061 ], "parent" : 19, "left" : null, "right" : null, "svalue" : 0, "sindex" : 0 },
			"Node_32" : { "leaf_value" : [ ], "parent" : 19, "left" : 43, "right" : 44, "svalue" : 0.0081420839, "sindex" : 6 },
			"Node_33" : { "leaf_value" : [ ], "parent" : 20, "left" : 45, "right" : 46, "svalue" : 0.016280675, "sindex" : 0 },
			"Node_34" : { "leaf_value" : [ 2.7194793 ], "parent" : 20, "left" : null, "right" : null, "svalue" : 0, "sindex" : 0 },
			"Node_35" : { "leaf_value" : [ -4.6088619 ], "parent" : 21, "left" : null, "right" : null, "svalue" : 0, "sindex" : 0 },
			"Node_36" : { "leaf_value" : [ ], "parent" : 21, "left" : 47, "right" : 48, "svalue" : 0.0081009818, "sindex" : 3 },
			"Node_37" : { "leaf_value" : [ -4.0239544 ], "parent" : 22, "left" : null, "right" : null, "svalue" : 0, "sindex" : 0 },
			"Node_38" : { "leaf_value" : [ -0.15982857 ], "parent" : 22, "left" : null, "right" : null, "svalue" : 0, "sindex" : 0 },
			"Node_39" : { "leaf_value" : [ 9.7461367 ], "parent" : 23, "left" : null, "right" : null, "svalue" : 0, "sindex" : 0 },
			"Node_40" : { "leaf_value" : [ ], "parent" : 23, "left" : 49, "right" : 50, "svalue" : 0.0081009818, "sindex" : 3 },
			"Node_41" : { "leaf_value" : [ ], "parent" : 24, "left" : 51, "right" : 52, "svalue" : 0.0081009818, "sindex" : 3 },
			"Node_42" : { "leaf_value" : [ ], "parent" : 24, "left" : 53, "right" : 54, "svalue" : 0.038968213, "sindex" : 8 },
			"Node_43" : { "leaf_value" : [ 7.8499613 ], "parent" : 32, "left" : null, "right" : null, "svalue" : 0, "sindex" : 0 },
			"Node_44" : { "leaf_value" : [ 1.4857534 ], "parent" : 32, "left" : null, "right" : null, "svalue" : 0, "sindex" : 0 },
			"Node_45" : { "leaf_value" : [ -7.7037468 ], "parent" : 33, "left" : null, "right" : null, "svalue" : 0, "sindex" : 0 },
			"Node_46" : { "leaf_value" : [ -2.2098668 ], "parent" : 33, "left" : null, "right" : null, "svalue" : 0, "sindex" : 0 },
			"Node_47" : { "leaf_value" : [ -7.9383407 ], "parent" : 36, "left" : null, "right" : null, "svalue" : 0, "sindex" : 0 },
			"Node_48" : { "leaf_value" : [ -11.858534 ], "parent" : 36, "left" : null, "right" : null, "svalue" : 0, "sindex" : 0 },
			"Node_49" : { "leaf_value" : [ 5.59093 ], "parent" : 40, "left" : null, "right" : null, "svalue" : 0, "sindex" : 0 },
			"Node_50" : { "leaf_value" : [ -0.84930795 ], "parent" : 40, "left" : null, "right" : null, "svalue" : 0, "sindex" : 0 },
			"Node_51" : { "leaf_value" : [ -5.532969 ], "parent" : 41, "left" : null, "right" : null, "svalue" : 0, "sindex" : 0 },
			"Node_52" : { "leaf_value" : [ 1.4891386 ], "parent" : 41, "left" : null, "right" : null, "svalue" : 0, "sindex" : 0 },
			"Node_53" : { "leaf_value" : [ 8.1605377 ], "parent" : 42, "left" : null, "right" : null, "svalue" : 0, "sindex" : 0 },
			"Node_54" : { "leaf_value" : [ 0.56655157 ], "parent" : 42, "left" : null, "right" : null, "svalue" : 0, "sindex" : 0 }
		},
		"Tree_5" : {
			"Node_00" : { "leaf_value" : [ ], "parent" : null, "left" : 1, "right" : 2, "svalue" : 0.012551195, "sindex" : 8 },
			"Node_01" : { "leaf_value" : [ ], "parent" : 0, "left" : 3, "right" : 4, "svalue" : -0.017629381, "sindex" : 6 },
			"Node_02" : { "leaf_value" : [ ], "parent" : 0, "left" : 5, "right" : 6, "svalue" : 0.049415193, "sindex" : 3 },
			"Node_03" : { "leaf_value" : [ ], "parent" : 1, "left" : 7, "right" : 8, "svalue" : 0.04229559, "sindex" : 2 },
			"Node_04" : { "leaf_value" : [ ], "parent" : 1, "left" : 9, "right" : 10, "svalue" : -0.040098932, "sindex" : 3 },
			"Node_05" : { "leaf_value" : [ ], "parent" : 2, "left" : 11, "right" : 12, "svalue" : 0.03970857, "sindex" : 5 },
			"Node_06" : { "leaf_value" : [ ], "parent" : 2, "left" : 13, "right" : 14, "svalue" : 0.036201265, "sindex" : 9 },
			"Node_07" : { "leaf_value" : [ ], "parent" : 3, "left" : 15, "right" : 16, "svalue" : 0.041708443, "sindex" : 0 },
			"Node_08" : { "leaf_value" : [ 8.4667473 ], "parent" : 3, "left" : null, "right" : null, "svalue" : 0, "sindex" : 0 },
			"Node_09" : { "leaf_value" : [ ], "parent" : 4, "left" : 17, "right" : 18, "svalue" : -0.040695939, "sindex" : 2 },
			"Node_10" : { "leaf_value" : [ ], "parent" : 4, "left" : 19, "right" : 20, "svalue" : 0.05068012, "sindex" : 1 },
			"Node_11" : { "leaf_value" : [ ], "parent" : 5, "left" : 21, "right" : 22, "svalue" : -0.0055145551, "sindex" : 0 },
			"Node_12" : { "leaf_value" : [ ], "parent" : 5, "left" : 23, "right" : 24, "svalue" : -0.0055145551, "sindex" : 0 },
			"Node_13" : { "leaf_value" : [ ], "parent" : 6, "left" : 25, "right" : 26, "svalue" : 0.034308858, "sindex" : 7 },
			"Node_14" : { "leaf_value" : [ ], "parent" : 6, "left" : 27, "right" : 28, "svalue" : 0.0087068733, "sindex" : 5 },
			"Node_15" : { "leaf_value" : [ ], "parent" : 7, "left" : 29, "right" : 30, "svalue" : 0.016280675, "sindex" : 0 },
			"Node_16" : { "leaf_value" : [ 3.9366755 ], "parent" : 7, "left" : null, "right" : null, "svalue" : 0, "sindex" : 0 },
			"Node_17" : { "leaf_value" : [ ], "parent" : 9, "left" : 31, "right" : 32, "svalue" : -0.037012801, "sindex" : 5 },
			"Node_18" : { "leaf_value" : [ ], "parent" : 9, "left" : 33, "right" : 34, "svalue" : -0.018061887, "sindex" : 2 },
			"Node_19" : { "leaf_value" : [ ], "parent" : 10, "left" : 35, "right" : 36, "svalue" : -0.045472477, "sindex" : 0 },
			"Node_20" : { "leaf_value" : [ ], "parent" : 10, "left" : 37, "right" : 38, "svalue" : -0.018113693, "sindex" : 8 },
			"Node_21" : { "leaf_value" : [ ], "parent" : 11, "left" : 39, "right" : 40, "svalue" : -0.019441826, "sindex" : 3 },
			"Node_22" : { "leaf_value" : [ ], "parent" : 11, "left" : 41, "right" : 42, "svalue" : 0.041708443, "sindex" : 0 },
			"Node_23" : { "leaf_value" : [ 3.4425569 ], "parent" : 12, "left" : null, "right" : null, "svalue" : 0, "sindex" : 0 },
			"Node_24" : { "leaf_value" : [ ], "parent" : 12, "left" : 43, "right" : 44, "svalue" : 0.041708443, "sindex" : 0 },
			"Node_25" : { "leaf_value" : [ 5.9759574 ], "parent" : 13, "left" : null, "right" : null, "svalue" : 0, "sindex" : 0 },
			"Node_26" : { "leaf_value" : [ 1.7748698 ], "parent" : 13, "left" : null, "right" : null, "svalue" : 0, "sindex" : 0 },
			"Node_27" : { "leaf_value" : [ 9.957942 ], "parent" : 14, "left" : null, "right" : null, "svalue" : 0, "sindex" : 0 },
			"Node_28" : { "leaf_value" : [ 6.0321684 ], "parent" : 14, "left" : null, "right" : null, "svalue" : 0, "sindex" : 0 },
			"Node_29" : { "leaf_value" : [ ], "parent" : 15, "left" : 45, "right" : 46, "svalue" : 0.05068012, "sindex" : 1 },
			"Node_30" : { "leaf_value" : [ -5.7430859 ], "parent" : 15, "left" : null, "right" : null, "svalue" : 0, "sindex" : 0 },
			"Node_31" : { "leaf_value" : [ -9.3078289 ], "parent" : 17, "left" : null, "right" : null, "svalue" : 0, "sindex" : 0 },
			"Node_32" : { "leaf_value" : [ -3.950402 ], "parent" : 17, "left" : null, "right" : null, "svalue" : 0, "sindex" : 0 },
			"Node_33" : { "leaf_value" : [ 1.1436148 ], "parent" : 18, "left" : null, "right" : null, "svalue" : 0, "sindex" : 0 },
			"Node_34" : { "leaf_value" : [ -6.8630137 ], "parent" : 18, "left" : null, "right" : null, "svalue" : 0, "sindex" : 0 },
			"Node_35" : { "leaf_value" : [ ], "parent" : 19, "left" : 47, "right" : 48, "svalue" : 0.0081420839, "sindex" : 6 },
			"Node_36" : { "leaf_value" : [ ], "parent" : 19, "left" : 49, "right" : 50, "svalue" : 0.041708443, "sindex" : 0 },
			"Node_37" : { "leaf_value" : [ ], "parent" : 20, "left" : 51, "right" : 52, "svalue" : -0.0025922621, "sindex" : 7 },
			"Node_38" : { "leaf_value" : [ ], "parent" : 20, "left" : 53, "right" : 54, "svalue" : 0.016280675, "sindex" : 0 },
			"Node_39" : { "leaf_value" : [ 3.9359767 ], "parent" : 21, "left" : null, "right" : null, "svalue" : 0, "sindex" : 0 },
			"Node_40" : { "leaf_value" : [ -4.8447056 ], "parent" : 21, "left" : null, "right" : null, "svalue" : 0, "sindex" : 0 },
			"Node_41" : { "leaf_value" : [ ], "parent" : 22, "left" : 55, "right" : 56, "svalue" : 0.05068012, "sindex" : 1 },
			"Node_42" : { "leaf_value" : [ 1.9851958 ], "parent" : 22, "left" : null, "right" : null, "svalue" : 0, "sindex" : 0 },
			"Node_43" : { "leaf_value" : [ -6.936048 ], "parent" : 24, "left" : null, "right" : null, "svalue" : 0, "sindex" : 0 },
			"Node_44" : { "leaf_value" : [ 0.56621838 ], "parent" : 24, "left" : null, "right" : null, "svalue" : 0, "sindex" : 0 },
			"Node_45" : { "leaf_value" : [ 3.0282319 ], "parent" : 29, "left" : null, "right" : null, "svalue" : 0, "sindex" : 0 },
			"Node_46" : { "leaf_value" : [ -1.3282261 ], "parent" : 29, "left" : null, "right" : null, "svalue" : 0, "sindex" : 0 },
			"Node_47" : { "leaf_value" : [ 6.1594958 ], "parent" : 35, "left" : null, "right" : null, "svalue" : 0, "sindex" : 0 },
			"Node_48" : { "leaf_value" : [ -0.29118782 ], "parent" : 35, "left" : null, "right" : null, "svalue" : 0, "sindex" : 0 },
			"Node_49" : { "leaf_value" : [ -2.9939451 ], "parent" : 36, "left" : null, "right" : null, "svalue" : 0, "sindex" : 0 },
			"Node_50" : { "leaf_value" : [ 1.7243592 ], "parent" : 36, "left" : null, "right" : null, "svalue" : 0, "sindex" : 0 },
			"Node_51" : { "leaf_value" : [ -4.4344435 ], "parent" : 37, "left" : null, "right" : null, "svalue" : 0, "sindex" : 0 },
			"Node_52" : { "leaf_value" : [ -9.2690334 ], "parent" : 37, "left" : null, "right" : null, "svalue" : 0, "sindex" : 0 },
			"Node_53" : { "leaf_value" : [ -3.6909175 ], "parent" : 38, "left" : null, "right" : null, "svalue" : 0, "sindex" : 0 },
			"Node_54" : { "leaf_value" : [ 0.70149344 ], "parent" : 38, "left" : null, "right" : null, "svalue" : 0, "sindex" : 0 },
			"Node_55" : { "leaf_value" : [ 11.29491 ], "parent" : 41, "left" : null, "right" : null, "svalue" : 0, "sindex" : 0 },
			"Node_56" : { "leaf_value" : [ 3.1507051 ], "parent" : 41, "left" : null, "right" : null, "svalue" : 0, "sindex" : 0 }
		}
	}
}
MODEL_JSON_DUMP_END
MCU_DEPLOY_REGRESSION_CODE MODEL_PREDICT_STEP
MLLITE_AUTO_DEPLOY_DIABETES_MEDIUM_APPLY_OUTPUT_REG  [ 198.3343, 90.01886, 152.59035, 187.14043, 112.22249,  ... , 185.8336, 128.67186, 110.57992, 209.0808, 98.358788 ]
MCU_DEPLOY_REGRESSION_CODE MODEL_COMPUTE_PERF_STEP
MLLITE_AUTO_DEPLOY_DIABETES_MEDIUM_REG_PERFS { "count" : 442, "rmse" : 44.991188, "mape" : 0.33314374, "R2" : 0.65864336 }
This will be printed
MCU_DEPLOY_REGRESSION_CODE ALL_STEPS_OK
MCU_DEPLOY_REGRESSION_CODE done
MLLITE_MCU_TIMER_OPERATION_ELAPSED_SECONDS 'MLLITE.MCU_DEPLOY.REGRESSION.Friedman_XGB.DIABETES_MEDIUM' 0
MLLITE_MCU_TIMER_OPERATION_END 'MLLITE.MCU_DEPLOY.REGRESSION.Friedman_XGB.DIABETES_MEDIUM' [ 'Sat Feb  3 23:18:17 2024' ]
MCU_DEPLOY_ON_TARGET_X86_64_END
EXECUTION_TIME_DETAIL = {'CMD':'timeout 180 ./x86_64/regression/x86_64_regression_xgb_diabetes_medium.exe', 'ElapsedTimeSecs':(0.21, 0.00, 0.20), 'MAX_MEM_KB':1728, 'CPU_PRCNT':'99%', 'FILES_IN':0, 'FILES_OUT':80, 'EXIT_STATUS':0}
