MCU_DEPLOY_ON_TARGET_X86_64_START
MLLITE_MCU_TIMER_OPERATION_START 'MLLITE.MCU_DEPLOY.REGRESSION.Vapnik_NuSVR_RBF.FREIDMAN3_MEDIUM' [ 'Thu Jan 25 12:03:20 2024' ]
MLLite starting
MCU_DEPLOY_REGRESSION_CODE CREATE_DATASET_STEP
MCU_DEPLOY_REGRESSION_CODE CREATE_MODEL_STEP
MCU_DEPLOY_REGRESSION_MODEL_OPTIONS
{"svm_type" : "c_svc", "kernel" : "rbf", "degree" : 3, "gamma" : 0, "coef0" : 0, "cache_size" : 10240, "tol" : 0.001, "nu" : 1, "epsilon" : 0, "shrinking" : 0, "probability" : 1, "C" : 1, "max_iter" : 30, "random_state" : 1789 }
MCU_DEPLOY_REGRESSION_CODE FIT_MODEL_STEP
PROGRESS_REPORT_ELAPSED_TOTAL 'SVM_NU_REGRESSOR_FIT' 1 4
PROGRESS_REPORT_ELAPSED_TOTAL 'SVM_NU_REGRESSOR_FIT' 2 4
PROGRESS_REPORT_ELAPSED_TOTAL 'SVM_NU_REGRESSOR_FIT' 3 4
PROGRESS_REPORT_ELAPSED_TOTAL 'SVM_SOLVER_ITERATION:NuSVR_Global' 3 30
PROGRESS_REPORT_ELAPSED_TOTAL 'SVM_SOLVER_ITERATION:NuSVR_Global' 6 30
PROGRESS_REPORT_ELAPSED_TOTAL 'SVM_SOLVER_ITERATION:NuSVR_Global' 9 30
PROGRESS_REPORT_ELAPSED_TOTAL 'SVM_SOLVER_ITERATION:NuSVR_Global' 12 30
PROGRESS_REPORT_ELAPSED_TOTAL 'SVM_SOLVER_ITERATION:NuSVR_Global' 15 30
PROGRESS_REPORT_ELAPSED_TOTAL 'SVM_SOLVER_ITERATION:NuSVR_Global' 18 30
PROGRESS_REPORT_ELAPSED_TOTAL 'SVM_SOLVER_ITERATION:NuSVR_Global' 21 30
PROGRESS_REPORT_ELAPSED_TOTAL 'SVM_SOLVER_ITERATION:NuSVR_Global' 24 30
PROGRESS_REPORT_ELAPSED_TOTAL 'SVM_SOLVER_ITERATION:NuSVR_Global' 27 30
PROGRESS_REPORT_ELAPSED_TOTAL 'SVM_SOLVER_ITERATION:NuSVR_Global' 30 30
PROGRESS_REPORT_ELAPSED_TOTAL 'SVM_NU_REGRESSOR_FIT' 4 4
MCU_DEPLOY_REGRESSION_CODE MODEL_JSON_EXPORT_STEP
MODEL_JSON_DUMP_START
{
	"metadata" : { "model" : "Vapnik_NuSVR_RBF", "version" : "2024-W03"},
	"options" : {"svm_type" : "nu_svr", "kernel" : "rbf", "degree" : 3, "gamma" : 1.2653138e-06, "coef0" : 0, "cache_size" : 10240, "tol" : 0.001, "nu" : 1, "epsilon" : 0, "shrinking" : 0, "probability" : 0, "C" : 1, "max_iter" : 30, "random_state" : 1789 },
	"svm_model" : {
	"classes" : 2,
	"L" : 38,
	"SupportVectors" : {
		"SV_00" : [ 45.688717, 609.09253, 0.59196806, 7.4492683 ],
		"SV_01" : [ 76.131752, 526.79199, 0.7166186, 5.2027898 ],
		"SV_02" : [ 40.067005, 524.2475, 0.46325052, 1.5229123 ],
		"SV_03" : [ 14.083336, 1134.8691, 0.18610482, 7.6726503 ],
		"SV_04" : [ 64.806686, 1046.1459, 0.071194857, 8.0480556 ],
		"SV_05" : [ 7.3219814, 487.75284, 0.99331743, 5.3409562 ],
		"SV_06" : [ 13.280704, 643.7168, 0.52081394, 4.8420787 ],
		"SV_07" : [ 66.659485, 625.47736, 0.70591885, 4.356689 ],
		"SV_08" : [ 74.577126, 1412.2404, 0.58241773, 4.6330619 ],
		"SV_09" : [ 11.772216, 671.2641, 0.17275743, 1.5737289 ],
		"SV_10" : [ 17.16728, 1104.6562, 0.42138147, 6.5909996 ],
		"SV_11" : [ 91.832474, 611.99841, 0.77181965, 5.8972344 ],
		"SV_12" : [ 85.125381, 1049.0269, 0.039135717, 3.1868987 ],
		"SV_13" : [ 22.966129, 1168.3746, 0.28759947, 10.392606 ],
		"SV_14" : [ 38.088467, 1321.2975, 0.052940726, 10.429984 ],
		"SV_15" : [ 44.762737, 1255.2015, 0.59154648, 2.7542467 ],
		"SV_16" : [ 95.999474, 1121.299, 0.68259138, 3.4373882 ],
		"SV_17" : [ 68.110588, 1110.4843, 0.3332772, 2.4774253 ],
		"SV_18" : [ 75.648438, 442.5603, 0.035123195, 1.3341463 ],
		"SV_19" : [ 87.148712, 1656.8273, 0.29212716, 10.007549 ],
		"SV_20" : [ 18.416498, 1731.2764, 0.26921836, 3.9287539 ],
		"SV_21" : [ 40.263954, 1592.2422, 0.61177278, 6.4359889 ],
		"SV_22" : [ 31.518255, 1755.0282, 0.58619046, 5.4559822 ],
		"SV_23" : [ 55.340031, 215.59232, 0.58833206, 4.6104989 ],
		"SV_24" : [ 81.497955, 327.72363, 0.77456868, 10.248817 ],
		"SV_25" : [ 14.950633, 1426.6703, 0.33386603, 2.6581533 ],
		"SV_26" : [ 66.0121, 216.12747, 0.56466311, 3.0905492 ],
		"SV_27" : [ 14.282172, 1575.1604, 0.42859641, 4.1698823 ],
		"SV_28" : [ 80.410118, 294.0098, 0.72879487, 1.6862817 ],
		"SV_29" : [ 39.873802, 428.04825, 0.23538397, 2.1760433 ],
		"SV_30" : [ 57.693111, 275.25113, 0.52722692, 3.112807 ],
		"SV_31" : [ 22.605108, 1660.837, 0.73112428, 9.3745556 ],
		"SV_32" : [ 43.550098, 1462.972, 0.93914497, 3.1503353 ],
		"SV_33" : [ 97.541664, 130.00923, 0.36612737, 5.345118 ],
		"SV_34" : [ 45.437614, 168.8412, 0.34381741, 3.2799625 ],
		"SV_35" : [ 59.32542, 1558.8446, 0.7421698, 4.2228618 ],
		"SV_36" : [ 74.94722, 1754.3162, 0.36620697, 1.9619873 ],
		"SV_37" : [ 0.74392861, 167.01074, 0.92484379, 10.614025 ]
	},
	"SupportVectorsCoefs" : {
		"SV_coef_0" : [ -1, -1, -1, -1, -1, -1, -1, -1, -1, -1, -1, -1, -1, -1, -1, -1, -1, -1, -1, 1, 1, 1, 1, 1, 1, 1, 1, 1, 1, 1, 1, 1, 1, 1, 1, 1, 1, 1 ]
	},
	"rho" : [ 62.826839 ],
	"nSV" : [ ],
	"probA" : [ ],
	"probB" : [ ],
	"n_iter" : [ 30 ],
	"sv_ind" : [ 0, 2, 3, 5, 7, 8, 11, 12, 14, 17, 18, 22, 24, 27, 28, 30, 34, 36, 46, 56, 58, 59, 60, 66, 67, 68, 73, 74, 75, 77, 79, 80, 83, 85, 89, 96, 97, 99 ]
}
}
MODEL_JSON_DUMP_END
MCU_DEPLOY_REGRESSION_CODE MODEL_PREDICT_STEP
MLLITE_AUTO_DEPLOY_FREIDMAN3_MEDIUM_APPLY_OUTPUT_REG  [ -68.027237, -62.061375, -67.274284, -67.256523, -69.013245,  ... , -67.641434, -62.795261, -60.720726, -67.353775, -63.385998 ]
MCU_DEPLOY_REGRESSION_CODE MODEL_COMPUTE_PERF_STEP
MLLITE_AUTO_DEPLOY_FREIDMAN3_MEDIUM_REG_PERFS { "count" : 100, "rmse" : 67.524841, "mape" : 86.448517, "R2" : -57779.586 }
This will be printed
MCU_DEPLOY_REGRESSION_CODE ALL_STEPS_OK
MCU_DEPLOY_REGRESSION_CODE done
MLLITE_MCU_TIMER_OPERATION_ELAPSED_SECONDS 'MLLITE.MCU_DEPLOY.REGRESSION.Vapnik_NuSVR_RBF.FREIDMAN3_MEDIUM' 0
MLLITE_MCU_TIMER_OPERATION_END 'MLLITE.MCU_DEPLOY.REGRESSION.Vapnik_NuSVR_RBF.FREIDMAN3_MEDIUM' [ 'Thu Jan 25 12:03:20 2024' ]
MCU_DEPLOY_ON_TARGET_X86_64_END
EXECUTION_TIME_DETAIL = {'CMD':'timeout 180 ./x86_64/regression/x86_64_regression_svm_nu_freidman3_medium.exe', 'ElapsedTimeSecs':(0.00, 0.00, 0.00), 'MAX_MEM_KB':1728, 'CPU_PRCNT':'100%', 'FILES_IN':0, 'FILES_OUT':16, 'EXIT_STATUS':0}
