MCU_DEPLOY_ON_TARGET_X86_64_START
MLLITE_MCU_TIMER_OPERATION_START 'MLLITE.MCU_DEPLOY.REGRESSION.Breiman_DFS_BestSplit_MSE.CALIFORNIA_HOUSING_ORIGINAL' [ 'Thu Jan 25 12:03:18 2024' ]
MLLite starting
MCU_DEPLOY_REGRESSION_CODE CREATE_DATASET_STEP
MCU_DEPLOY_REGRESSION_CODE CREATE_MODEL_STEP
MCU_DEPLOY_REGRESSION_MODEL_OPTIONS
{ "ccp_alpha" : 0, "criterion" : "", "max_depth" : 6, "max_features" : null, "max_leaf_nodes" : 32, "min_impurity_decrease" : 0, "min_samples_leaf" : 1, "min_samples_split" : 2, "min_weight_fraction_leaf" : 0, "random_state" : 1789, "splitter" : "best" }
MCU_DEPLOY_REGRESSION_CODE FIT_MODEL_STEP
PROGRESS_REPORT_ELAPSED_TOTAL 'DECISION_TREE_REGRESSOR_FIT' 1 3
PROGRESS_REPORT_ELAPSED_TOTAL 'DECISION_TREE_DEPTH_FIRST_BUILDER' 0 6
PROGRESS_REPORT_ELAPSED_TOTAL 'DECISION_TREE_DEPTH_FIRST_BUILDER' 2 6
PROGRESS_REPORT_ELAPSED_TOTAL 'DECISION_TREE_DEPTH_FIRST_BUILDER' 3 6
PROGRESS_REPORT_ELAPSED_TOTAL 'DECISION_TREE_DEPTH_FIRST_BUILDER' 4 6
PROGRESS_REPORT_ELAPSED_TOTAL 'DECISION_TREE_DEPTH_FIRST_BUILDER' 5 6
PROGRESS_REPORT_ELAPSED_TOTAL 'DECISION_TREE_DEPTH_FIRST_BUILDER' 6 6
PROGRESS_REPORT_ELAPSED_TOTAL 'DECISION_TREE_DEPTH_FIRST_BUILDER' 6 6
PROGRESS_REPORT_ELAPSED_TOTAL 'DECISION_TREE_REGRESSOR_FIT' 2 3
PROGRESS_REPORT_ELAPSED_TOTAL 'DECISION_TREE_REGRESSOR_FIT' 3 3
MCU_DEPLOY_REGRESSION_CODE MODEL_JSON_EXPORT_STEP
MODEL_JSON_DUMP_START
{
	"metadata" : { "model" : "Breiman_DFS_BestSplit_MSE", "version" : "2024-W03"},
	"options" : { "ccp_alpha" : 0, "criterion" : "", "max_depth" : 6, "max_features" : null, "max_leaf_nodes" : 32, "min_impurity_decrease" : 0, "min_samples_leaf" : 1, "min_samples_split" : 2, "min_weight_fraction_leaf" : 0, "random_state" : 1789, "splitter" : "best" },
	"tree" : {
	"features" : 9,
	"outputs" : 1,
	"max_depth" : 6,
	"node_count" : 127,
	"nodes" : {
		"node_000" : {"left" : 1, "right" : 64, "feature" : 7, "threshold" : 5.0351496, "impurity" : 1.3315494e+10, "n_samples" : 20640, "w_samples" : 20640, "value" : [206854.97]},
		"node_001" : {"left" : 2, "right" : 33, "feature" : 7, "threshold" : 3.0742998, "impurity" : 8.3737825e+09, "n_samples" : 16255, "w_samples" : 16255, "value" : [173486.84]},
		"node_002" : {"left" : 3, "right" : 18, "feature" : 1, "threshold" : 34.455002, "impurity" : 5.6116101e+09, "n_samples" : 7860, "w_samples" : 7860, "value" : [135692.89]},
		"node_003" : {"left" : 4, "right" : 11, "feature" : 0, "threshold" : -118.305, "impurity" : 5.5605391e+09, "n_samples" : 3804, "w_samples" : 3804, "value" : [157462.38]},
		"node_004" : {"left" : 5, "right" : 8, "feature" : 0, "threshold" : -118.355, "impurity" : 8.9269166e+09, "n_samples" : 696, "w_samples" : 696, "value" : [224704.73]},
		"node_005" : {"left" : 6, "right" : 7, "feature" : 1, "threshold" : 34.165001, "impurity" : 8.5707162e+09, "n_samples" : 427, "w_samples" : 427, "value" : [240968.84]},
		"node_006" : {"left" : null, "right" : null, "feature" : null, "threshold" : null, "impurity" : 1.1270218e+10, "n_samples" : 158, "w_samples" : 158, "value" : [297398.75]},
		"node_007" : {"left" : null, "right" : null, "feature" : null, "threshold" : null, "impurity" : 4.016214e+09, "n_samples" : 269, "w_samples" : 269, "value" : [207824.16]},
		"node_008" : {"left" : 9, "right" : 10, "feature" : 1, "threshold" : 34.044998, "impurity" : 8.4059341e+09, "n_samples" : 269, "w_samples" : 269, "value" : [198887.73]},
		"node_009" : {"left" : null, "right" : null, "feature" : null, "threshold" : null, "impurity" : 3.5015066e+09, "n_samples" : 165, "w_samples" : 165, "value" : [158107.27]},
		"node_010" : {"left" : null, "right" : null, "feature" : null, "threshold" : null, "impurity" : 9.3622845e+09, "n_samples" : 104, "w_samples" : 104, "value" : [263587.5]},
		"node_011" : {"left" : 12, "right" : 15, "feature" : 0, "threshold" : -117.77499, "impurity" : 3.5673866e+09, "n_samples" : 3108, "w_samples" : 3108, "value" : [142404.27]},
		"node_012" : {"left" : 13, "right" : 14, "feature" : 1, "threshold" : 34.044998, "impurity" : 2.994903e+09, "n_samples" : 1734, "w_samples" : 1734, "value" : [159245.77]},
		"node_013" : {"left" : null, "right" : null, "feature" : null, "threshold" : null, "impurity" : 2.5689559e+09, "n_samples" : 1201, "w_samples" : 1201, "value" : [147559.02]},
		"node_014" : {"left" : null, "right" : null, "feature" : null, "threshold" : null, "impurity" : 2.9534822e+09, "n_samples" : 533, "w_samples" : 533, "value" : [185579.36]},
		"node_015" : {"left" : 16, "right" : 17, "feature" : 0, "threshold" : -116.515, "impurity" : 3.4800394e+09, "n_samples" : 1374, "w_samples" : 1374, "value" : [121150.3]},
		"node_016" : {"left" : null, "right" : null, "feature" : null, "threshold" : null, "impurity" : 3.4568202e+09, "n_samples" : 1187, "w_samples" : 1187, "value" : [128082.9]},
		"node_017" : {"left" : null, "right" : null, "feature" : null, "threshold" : null, "impurity" : 1.385431e+09, "n_samples" : 187, "w_samples" : 187, "value" : [77144.922]},
		"node_018" : {"left" : 19, "right" : 26, "feature" : 0, "threshold" : -121.72501, "impurity" : 4.7981906e+09, "n_samples" : 4056, "w_samples" : 4056, "value" : [115275.98]},
		"node_019" : {"left" : 20, "right" : 23, "feature" : 1, "threshold" : 37.915001, "impurity" : 7.2519332e+09, "n_samples" : 1603, "w_samples" : 1603, "value" : [150198.02]},
		"node_020" : {"left" : 21, "right" : 22, "feature" : 0, "threshold" : -122.335, "impurity" : 8.4941251e+09, "n_samples" : 784, "w_samples" : 784, "value" : [195763.67]},
		"node_021" : {"left" : null, "right" : null, "feature" : null, "threshold" : null, "impurity" : 1.1060134e+10, "n_samples" : 159, "w_samples" : 159, "value" : [282369.84]},
		"node_022" : {"left" : null, "right" : null, "feature" : null, "threshold" : null, "impurity" : 5.4477353e+09, "n_samples" : 625, "w_samples" : 625, "value" : [173731.08]},
		"node_023" : {"left" : 24, "right" : 25, "feature" : 1, "threshold" : 38.855, "impurity" : 2.1727519e+09, "n_samples" : 819, "w_samples" : 819, "value" : [106579.8]},
		"node_024" : {"left" : null, "right" : null, "feature" : null, "threshold" : null, "impurity" : 2.6145874e+09, "n_samples" : 336, "w_samples" : 336, "value" : [138330.66]},
		"node_025" : {"left" : null, "right" : null, "feature" : null, "threshold" : null, "impurity" : 6.761257e+08, "n_samples" : 483, "w_samples" : 483, "value" : [84492.336]},
		"node_026" : {"left" : 27, "right" : 30, "feature" : 0, "threshold" : -119.895, "impurity" : 1.8768748e+09, "n_samples" : 2453, "w_samples" : 2453, "value" : [92454.875]},
		"node_027" : {"left" : 28, "right" : 29, "feature" : 1, "threshold" : 35.705002, "impurity" : 2.1649367e+09, "n_samples" : 1548, "w_samples" : 1548, "value" : [104256.17]},
		"node_028" : {"left" : null, "right" : null, "feature" : null, "threshold" : null, "impurity" : 5.328087e+09, "n_samples" : 122, "w_samples" : 122, "value" : [165614.75]},
		"node_029" : {"left" : null, "right" : null, "feature" : null, "threshold" : null, "impurity" : 1.544661e+09, "n_samples" : 1426, "w_samples" : 1426, "value" : [99006.539]},
		"node_030" : {"left" : 31, "right" : 32, "feature" : 7, "threshold" : 2.3318501, "impurity" : 7.3858048e+08, "n_samples" : 905, "w_samples" : 905, "value" : [72268.836]},
		"node_031" : {"left" : null, "right" : null, "feature" : null, "threshold" : null, "impurity" : 5.8850586e+08, "n_samples" : 545, "w_samples" : 545, "value" : [64223.484]},
		"node_032" : {"left" : null, "right" : null, "feature" : null, "threshold" : null, "impurity" : 7.1938611e+08, "n_samples" : 360, "w_samples" : 360, "value" : [84448.609]},
		"node_033" : {"left" : 34, "right" : 49, "feature" : 2, "threshold" : 38.5, "impurity" : 8.3704381e+09, "n_samples" : 8395, "w_samples" : 8395, "value" : [208873.23]},
		"node_034" : {"left" : 35, "right" : 42, "feature" : 1, "threshold" : 37.965, "impurity" : 6.8732232e+09, "n_samples" : 6642, "w_samples" : 6642, "value" : [196374.61]},
		"node_035" : {"left" : 36, "right" : 39, "feature" : 0, "threshold" : -117.765, "impurity" : 7.2828928e+09, "n_samples" : 5459, "w_samples" : 5459, "value" : [205255.3]},
		"node_036" : {"left" : 37, "right" : 38, "feature" : 0, "threshold" : -121.875, "impurity" : 7.3914081e+09, "n_samples" : 4128, "w_samples" : 4128, "value" : [217409.61]},
		"node_037" : {"left" : null, "right" : null, "feature" : null, "threshold" : null, "impurity" : 6.1947863e+09, "n_samples" : 768, "w_samples" : 768, "value" : [257939.11]},
		"node_038" : {"left" : null, "right" : null, "feature" : null, "threshold" : null, "impurity" : 7.2036393e+09, "n_samples" : 3360, "w_samples" : 3360, "value" : [208145.59]},
		"node_039" : {"left" : 40, "right" : 41, "feature" : 1, "threshold" : 33.654999, "impurity" : 5.0671903e+09, "n_samples" : 1331, "w_samples" : 1331, "value" : [167559.22]},
		"node_040" : {"left" : null, "right" : null, "feature" : null, "threshold" : null, "impurity" : 5.9258307e+09, "n_samples" : 755, "w_samples" : 755, "value" : [192098.27]},
		"node_041" : {"left" : null, "right" : null, "feature" : null, "threshold" : null, "impurity" : 2.1181542e+09, "n_samples" : 576, "w_samples" : 576, "value" : [135394.03]},
		"node_042" : {"left" : 43, "right" : 46, "feature" : 0, "threshold" : -122.395, "impurity" : 2.9395005e+09, "n_samples" : 1183, "w_samples" : 1183, "value" : [155392.86]},
		"node_043" : {"left" : 44, "right" : 45, "feature" : 1, "threshold" : 38.775002, "impurity" : 4.354048e+09, "n_samples" : 279, "w_samples" : 279, "value" : [193763.8]},
		"node_044" : {"left" : null, "right" : null, "feature" : null, "threshold" : null, "impurity" : 2.7607572e+09, "n_samples" : 199, "w_samples" : 199, "value" : [222219.09]},
		"node_045" : {"left" : null, "right" : null, "feature" : null, "threshold" : null, "impurity" : 1.2930355e+09, "n_samples" : 80, "w_samples" : 80, "value" : [122981.25]},
		"node_046" : {"left" : 47, "right" : 48, "feature" : 7, "threshold" : 4.0677004, "impurity" : 1.9088998e+09, "n_samples" : 904, "w_samples" : 904, "value" : [143550.44]},
		"node_047" : {"left" : null, "right" : null, "feature" : null, "threshold" : null, "impurity" : 1.4063821e+09, "n_samples" : 572, "w_samples" : 572, "value" : [131027.98]},
		"node_048" : {"left" : null, "right" : null, "feature" : null, "threshold" : null, "impurity" : 2.0390953e+09, "n_samples" : 332, "w_samples" : 332, "value" : [165125.61]},
		"node_049" : {"left" : 50, "right" : 57, "feature" : 0, "threshold" : -122.36501, "impurity" : 1.1206844e+10, "n_samples" : 1753, "w_samples" : 1753, "value" : [256231.7]},
		"node_050" : {"left" : 51, "right" : 54, "feature" : 1, "threshold" : 38.150002, "impurity" : 1.0200424e+10, "n_samples" : 409, "w_samples" : 409, "value" : [325547]},
		"node_051" : {"left" : 52, "right" : 53, "feature" : 1, "threshold" : 37.764999, "impurity" : 8.4621804e+09, "n_samples" : 374, "w_samples" : 374, "value" : [339642.75]},
		"node_052" : {"left" : null, "right" : null, "feature" : null, "threshold" : null, "impurity" : 4.0160461e+09, "n_samples" : 229, "w_samples" : 229, "value" : [293431]},
		"node_053" : {"left" : null, "right" : null, "feature" : null, "threshold" : null, "impurity" : 6.7848602e+09, "n_samples" : 145, "w_samples" : 145, "value" : [412625.56]},
		"node_054" : {"left" : 55, "right" : 56, "feature" : 0, "threshold" : -122.88, "impurity" : 3.9642542e+09, "n_samples" : 35, "w_samples" : 35, "value" : [174922.86]},
		"node_055" : {"left" : null, "right" : null, "feature" : null, "threshold" : null, "impurity" : 9.1910963e+08, "n_samples" : 11, "w_samples" : 11, "value" : [98345.453]},
		"node_056" : {"left" : null, "right" : null, "feature" : null, "threshold" : null, "impurity" : 1.4431478e+09, "n_samples" : 24, "w_samples" : 24, "value" : [210020.83]},
		"node_057" : {"left" : 58, "right" : 61, "feature" : 7, "threshold" : 4.0717001, "impurity" : 9.6039035e+09, "n_samples" : 1344, "w_samples" : 1344, "value" : [235138.05]},
		"node_058" : {"left" : 59, "right" : 60, "feature" : 4, "threshold" : 470.5, "impurity" : 7.9517696e+09, "n_samples" : 892, "w_samples" : 892, "value" : [212398.72]},
		"node_059" : {"left" : null, "right" : null, "feature" : null, "threshold" : null, "impurity" : 6.5345249e+09, "n_samples" : 668, "w_samples" : 668, "value" : [197511.31]},
		"node_060" : {"left" : null, "right" : null, "feature" : null, "threshold" : null, "impurity" : 9.5461908e+09, "n_samples" : 224, "w_samples" : 224, "value" : [256795.11]},
		"node_061" : {"left" : 62, "right" : 63, "feature" : 1, "threshold" : 33.764999, "impurity" : 9.8300477e+09, "n_samples" : 452, "w_samples" : 452, "value" : [280012.56]},
		"node_062" : {"left" : null, "right" : null, "feature" : null, "threshold" : null, "impurity" : 6.6219377e+09, "n_samples" : 33, "w_samples" : 33, "value" : [377969.88]},
		"node_063" : {"left" : null, "right" : null, "feature" : null, "threshold" : null, "impurity" : 9.2680028e+09, "n_samples" : 419, "w_samples" : 419, "value" : [272297.66]},
		"node_064" : {"left" : 65, "right" : 96, "feature" : 7, "threshold" : 6.8195496, "impurity" : 1.2206522e+10, "n_samples" : 4385, "w_samples" : 4385, "value" : [330551.66]},
		"node_065" : {"left" : 66, "right" : 81, "feature" : 2, "threshold" : 36.5, "impurity" : 8.9050317e+09, "n_samples" : 3047, "w_samples" : 3047, "value" : [290551.38]},
		"node_066" : {"left" : 67, "right" : 74, "feature" : 7, "threshold" : 5.8137503, "impurity" : 7.6397855e+09, "n_samples" : 2546, "w_samples" : 2546, "value" : [277147.19]},
		"node_067" : {"left" : 68, "right" : 71, "feature" : 2, "threshold" : 17.5, "impurity" : 6.951465e+09, "n_samples" : 1482, "w_samples" : 1482, "value" : [255652.75]},
		"node_068" : {"left" : 69, "right" : 70, "feature" : 1, "threshold" : 34.645, "impurity" : 4.8782377e+09, "n_samples" : 550, "w_samples" : 550, "value" : [226291.33]},
		"node_069" : {"left" : null, "right" : null, "feature" : null, "threshold" : null, "impurity" : 5.3653299e+09, "n_samples" : 296, "w_samples" : 296, "value" : [240061.84]},
		"node_070" : {"left" : null, "right" : null, "feature" : null, "threshold" : null, "impurity" : 3.8320988e+09, "n_samples" : 254, "w_samples" : 254, "value" : [210244.09]},
		"node_071" : {"left" : 72, "right" : 73, "feature" : 0, "threshold" : -118.11501, "impurity" : 7.3659597e+09, "n_samples" : 932, "w_samples" : 932, "value" : [272979.75]},
		"node_072" : {"left" : null, "right" : null, "feature" : null, "threshold" : null, "impurity" : 7.9714222e+09, "n_samples" : 624, "w_samples" : 624, "value" : [286268.75]},
		"node_073" : {"left" : null, "right" : null, "feature" : null, "threshold" : null, "impurity" : 5.0567414e+09, "n_samples" : 308, "w_samples" : 308, "value" : [246056.19]},
		"node_074" : {"left" : 75, "right" : 78, "feature" : 2, "threshold" : 26.5, "impurity" : 7.0586778e+09, "n_samples" : 1064, "w_samples" : 1064, "value" : [307085.09]},
		"node_075" : {"left" : 76, "right" : 77, "feature" : 1, "threshold" : 37.955002, "impurity" : 5.9642593e+09, "n_samples" : 786, "w_samples" : 786, "value" : [291171.72]},
		"node_076" : {"left" : null, "right" : null, "feature" : null, "threshold" : null, "impurity" : 5.900329e+09, "n_samples" : 695, "w_samples" : 695, "value" : [297571.91]},
		"node_077" : {"left" : null, "right" : null, "feature" : null, "threshold" : null, "impurity" : 3.7503427e+09, "n_samples" : 91, "w_samples" : 91, "value" : [242290.11]},
		"node_078" : {"left" : 79, "right" : 80, "feature" : 3, "threshold" : 1617.5, "impurity" : 7.4149478e+09, "n_samples" : 278, "w_samples" : 278, "value" : [352078.06]},
		"node_079" : {"left" : null, "right" : null, "feature" : null, "threshold" : null, "impurity" : 6.531326e+09, "n_samples" : 69, "w_samples" : 69, "value" : [310242.03]},
		"node_080" : {"left" : null, "right" : null, "feature" : null, "threshold" : null, "impurity" : 6.9370921e+09, "n_samples" : 209, "w_samples" : 209, "value" : [365889.91]},
		"node_081" : {"left" : 82, "right" : 89, "feature" : 7, "threshold" : 5.5829, "impurity" : 9.7815757e+09, "n_samples" : 501, "w_samples" : 501, "value" : [358665.94]},
		"node_082" : {"left" : 83, "right" : 86, "feature" : 6, "threshold" : 218.5, "impurity" : 9.4442291e+09, "n_samples" : 246, "w_samples" : 246, "value" : [326803.69]},
		"node_083" : {"left" : 84, "right" : 85, "feature" : 0, "threshold" : -122.215, "impurity" : 5.0638152e+09, "n_samples" : 38, "w_samples" : 38, "value" : [250902.62]},
		"node_084" : {"left" : null, "right" : null, "feature" : null, "threshold" : null, "impurity" : 1.9237519e+09, "n_samples" : 11, "w_samples" : 11, "value" : [322090.91]},
		"node_085" : {"left" : null, "right" : null, "feature" : null, "threshold" : null, "impurity" : 3.4373018e+09, "n_samples" : 27, "w_samples" : 27, "value" : [221900]},
		"node_086" : {"left" : 87, "right" : 88, "feature" : 1, "threshold" : 33.699997, "impurity" : 8.9997394e+09, "n_samples" : 208, "w_samples" : 208, "value" : [340670.22]},
		"node_087" : {"left" : null, "right" : null, "feature" : null, "threshold" : null, "impurity" : 3.8601851e+09, "n_samples" : 11, "w_samples" : 11, "value" : [446936.81]},
		"node_088" : {"left" : null, "right" : null, "feature" : null, "threshold" : null, "impurity" : 8.6209905e+09, "n_samples" : 197, "w_samples" : 197, "value" : [334736.56]},
		"node_089" : {"left" : 90, "right" : 93, "feature" : 4, "threshold" : 45.5, "impurity" : 8.1882644e+09, "n_samples" : 255, "w_samples" : 255, "value" : [389404.44]},
		"node_090" : {"left" : 91, "right" : 92, "feature" : 0, "threshold" : -121.60001, "impurity" : 3.8943949e+09, "n_samples" : 5, "w_samples" : 5, "value" : [163780]},
		"node_091" : {"left" : null, "right" : null, "feature" : null, "threshold" : null, "impurity" : 2.3104e+08, "n_samples" : 2, "w_samples" : 2, "value" : [90200]},
		"node_092" : {"left" : null, "right" : null, "feature" : null, "threshold" : null, "impurity" : 3.2106086e+08, "n_samples" : 3, "w_samples" : 3, "value" : [212833.33]},
		"node_093" : {"left" : 94, "right" : 95, "feature" : 4, "threshold" : 286.5, "impurity" : 7.2350106e+09, "n_samples" : 250, "w_samples" : 250, "value" : [393916.81]},
		"node_094" : {"left" : null, "right" : null, "feature" : null, "threshold" : null, "impurity" : 7.135617e+09, "n_samples" : 95, "w_samples" : 95, "value" : [369413.78]},
		"node_095" : {"left" : null, "right" : null, "feature" : null, "threshold" : null, "impurity" : 6.7025306e+09, "n_samples" : 155, "w_samples" : 155, "value" : [408934.91]},
		"node_096" : {"left" : 97, "right" : 112, "feature" : 7, "threshold" : 7.8151503, "impurity" : 7.7876265e+09, "n_samples" : 1338, "w_samples" : 1338, "value" : [421643.56]},
		"node_097" : {"left" : 98, "right" : 105, "feature" : 2, "threshold" : 26.5, "impurity" : 7.6553912e+09, "n_samples" : 560, "w_samples" : 560, "value" : [372759.31]},
		"node_098" : {"left" : 99, "right" : 102, "feature" : 0, "threshold" : -121.995, "impurity" : 5.6089805e+09, "n_samples" : 337, "w_samples" : 337, "value" : [341450.41]},
		"node_099" : {"left" : 100, "right" : 101, "feature" : 3, "threshold" : 1611.5, "impurity" : 5.1142984e+09, "n_samples" : 59, "w_samples" : 59, "value" : [384162.84]},
		"node_100" : {"left" : null, "right" : null, "feature" : null, "threshold" : null, "impurity" : 3.298517e+09, "n_samples" : 10, "w_samples" : 10, "value" : [318270]},
		"node_101" : {"left" : null, "right" : null, "feature" : null, "threshold" : null, "impurity" : 4.4179292e+09, "n_samples" : 49, "w_samples" : 49, "value" : [397610.38]},
		"node_102" : {"left" : 103, "right" : 104, "feature" : 1, "threshold" : 34.550003, "impurity" : 5.2446167e+09, "n_samples" : 278, "w_samples" : 278, "value" : [332385.19]},
		"node_103" : {"left" : null, "right" : null, "feature" : null, "threshold" : null, "impurity" : 5.120254e+09, "n_samples" : 203, "w_samples" : 203, "value" : [340928.16]},
		"node_104" : {"left" : null, "right" : null, "feature" : null, "threshold" : null, "impurity" : 4.8497377e+09, "n_samples" : 75, "w_samples" : 75, "value" : [309262.66]},
		"node_105" : {"left" : 106, "right" : 109, "feature" : 6, "threshold" : 79.5, "impurity" : 7.0279332e+09, "n_samples" : 223, "w_samples" : 223, "value" : [420073.62]},
		"node_106" : {"left" : 107, "right" : 108, "feature" : 7, "threshold" : 7.5940499, "impurity" : 1.282807e+10, "n_samples" : 8, "w_samples" : 8, "value" : [256162.5]},
		"node_107" : {"left" : null, "right" : null, "feature" : null, "threshold" : null, "impurity" : 1.0411577e+10, "n_samples" : 5, "w_samples" : 5, "value" : [197940]},
		"node_108" : {"left" : null, "right" : null, "feature" : null, "threshold" : null, "impurity" : 1.7895178e+09, "n_samples" : 3, "w_samples" : 3, "value" : [353200]},
		"node_109" : {"left" : 110, "right" : 111, "feature" : 1, "threshold" : 37.650002, "impurity" : 5.7755894e+09, "n_samples" : 215, "w_samples" : 215, "value" : [426172.56]},
		"node_110" : {"left" : null, "right" : null, "feature" : null, "threshold" : null, "impurity" : 5.2753531e+09, "n_samples" : 168, "w_samples" : 168, "value" : [440163.16]},
		"node_111" : {"left" : null, "right" : null, "feature" : null, "threshold" : null, "impurity" : 4.3634688e+09, "n_samples" : 47, "w_samples" : 47, "value" : [376163.91]},
		"node_112" : {"left" : 113, "right" : 120, "feature" : 7, "threshold" : 9.0692501, "impurity" : 4.9165763e+09, "n_samples" : 778, "w_samples" : 778, "value" : [456829]},
		"node_113" : {"left" : 114, "right" : 117, "feature" : 2, "threshold" : 28.5, "impurity" : 5.3439693e+09, "n_samples" : 379, "w_samples" : 379, "value" : [431369.72]},
		"node_114" : {"left" : 115, "right" : 116, "feature" : 0, "threshold" : -118.035, "impurity" : 5.2318372e+09, "n_samples" : 221, "w_samples" : 221, "value" : [399102.38]},
		"node_115" : {"left" : null, "right" : null, "feature" : null, "threshold" : null, "impurity" : 5.606359e+09, "n_samples" : 130, "w_samples" : 130, "value" : [418087.03]},
		"node_116" : {"left" : null, "right" : null, "feature" : null, "threshold" : null, "impurity" : 3.4464072e+09, "n_samples" : 91, "w_samples" : 91, "value" : [371981.38]},
		"node_117" : {"left" : 118, "right" : 119, "feature" : 1, "threshold" : 37.805, "impurity" : 2.0074824e+09, "n_samples" : 158, "w_samples" : 158, "value" : [476503.28]},
		"node_118" : {"left" : null, "right" : null, "feature" : null, "threshold" : null, "impurity" : 1.5109489e+09, "n_samples" : 127, "w_samples" : 127, "value" : [484931.72]},
		"node_119" : {"left" : null, "right" : null, "feature" : null, "threshold" : null, "impurity" : 2.5578045e+09, "n_samples" : 31, "w_samples" : 31, "value" : [441974.47]},
		"node_120" : {"left" : 121, "right" : 124, "feature" : 6, "threshold" : 27.5, "impurity" : 3.3133527e+09, "n_samples" : 399, "w_samples" : 399, "value" : [481011.88]},
		"node_121" : {"left" : 122, "right" : 123, "feature" : 0, "threshold" : -119.305, "impurity" : 1.9559449e+10, "n_samples" : 17, "w_samples" : 17, "value" : [302635.53]},
		"node_122" : {"left" : null, "right" : null, "feature" : null, "threshold" : null, "impurity" : 1.5943614e+10, "n_samples" : 13, "w_samples" : 13, "value" : [349023.38]},
		"node_123" : {"left" : null, "right" : null, "feature" : null, "threshold" : null, "impurity" : 1.5887258e+09, "n_samples" : 4, "w_samples" : 4, "value" : [151875]},
		"node_124" : {"left" : 125, "right" : 126, "feature" : 1, "threshold" : 37.994999, "impurity" : 1.113686e+09, "n_samples" : 382, "w_samples" : 382, "value" : [488950.06]},
		"node_125" : {"left" : null, "right" : null, "feature" : null, "threshold" : null, "impurity" : 9.5623578e+08, "n_samples" : 381, "w_samples" : 381, "value" : [489598.19]},
		"node_126" : {"left" : null, "right" : null, "feature" : null, "threshold" : null, "impurity" : -10870784, "n_samples" : 1, "w_samples" : 1, "value" : [242000]}
		}
	}
}

MODEL_JSON_DUMP_END
MCU_DEPLOY_REGRESSION_CODE MODEL_PREDICT_STEP
MLLITE_AUTO_DEPLOY_CALIFORNIA_HOUSING_ORIGINAL_APPLY_OUTPUT_REG  [ 441974.47, 418087.03, 376163.91, 369413.78, 197511.31,  ... , 99006.539, 99006.539, 99006.539, 99006.539, 99006.539 ]
MCU_DEPLOY_REGRESSION_CODE MODEL_COMPUTE_PERF_STEP
MLLITE_AUTO_DEPLOY_CALIFORNIA_HOUSING_ORIGINAL_REG_PERFS { "count" : 20640, "rmse" : 68298.984, "mape" : 0.28024358, "R2" : 0.64967263 }
This will be printed
MCU_DEPLOY_REGRESSION_CODE ALL_STEPS_OK
MCU_DEPLOY_REGRESSION_CODE done
MLLITE_MCU_TIMER_OPERATION_ELAPSED_SECONDS 'MLLITE.MCU_DEPLOY.REGRESSION.Breiman_DFS_BestSplit_MSE.CALIFORNIA_HOUSING_ORIGINAL' 21
MLLITE_MCU_TIMER_OPERATION_END 'MLLITE.MCU_DEPLOY.REGRESSION.Breiman_DFS_BestSplit_MSE.CALIFORNIA_HOUSING_ORIGINAL' [ 'Thu Jan 25 12:03:39 2024' ]
MCU_DEPLOY_ON_TARGET_X86_64_END
EXECUTION_TIME_DETAIL = {'CMD':'timeout 180 ./x86_64/regression/x86_64_regression_tree_california_housing_original.exe', 'ElapsedTimeSecs':(21.50, 0.00, 21.45), 'MAX_MEM_KB':2688, 'CPU_PRCNT':'99%', 'FILES_IN':0, 'FILES_OUT':56, 'EXIT_STATUS':0}
