MCU_DEPLOY_ON_TARGET_X86_64_START
MLLITE_MCU_TIMER_OPERATION_START 'MLLITE.MCU_DEPLOY.REGRESSION.Vapnik_NuSVR_RBF.DIABETES_ORIGINAL' [ 'Thu Jan 25 12:03:15 2024' ]
MLLite starting
MCU_DEPLOY_REGRESSION_CODE CREATE_DATASET_STEP
MCU_DEPLOY_REGRESSION_CODE CREATE_MODEL_STEP
MCU_DEPLOY_REGRESSION_MODEL_OPTIONS
{"svm_type" : "c_svc", "kernel" : "rbf", "degree" : 3, "gamma" : 0, "coef0" : 0, "cache_size" : 10240, "tol" : 0.001, "nu" : 1, "epsilon" : 0, "shrinking" : 0, "probability" : 1, "C" : 1, "max_iter" : 30, "random_state" : 1789 }
MCU_DEPLOY_REGRESSION_CODE FIT_MODEL_STEP
PROGRESS_REPORT_ELAPSED_TOTAL 'SVM_NU_REGRESSOR_FIT' 1 4
PROGRESS_REPORT_ELAPSED_TOTAL 'SVM_NU_REGRESSOR_FIT' 2 4
PROGRESS_REPORT_ELAPSED_TOTAL 'SVM_NU_REGRESSOR_FIT' 3 4
PROGRESS_REPORT_ELAPSED_TOTAL 'SVM_SOLVER_ITERATION:NuSVR_Global' 3 30
PROGRESS_REPORT_ELAPSED_TOTAL 'SVM_SOLVER_ITERATION:NuSVR_Global' 6 30
PROGRESS_REPORT_ELAPSED_TOTAL 'SVM_SOLVER_ITERATION:NuSVR_Global' 9 30
PROGRESS_REPORT_ELAPSED_TOTAL 'SVM_SOLVER_ITERATION:NuSVR_Global' 12 30
PROGRESS_REPORT_ELAPSED_TOTAL 'SVM_SOLVER_ITERATION:NuSVR_Global' 15 30
PROGRESS_REPORT_ELAPSED_TOTAL 'SVM_SOLVER_ITERATION:NuSVR_Global' 18 30
PROGRESS_REPORT_ELAPSED_TOTAL 'SVM_SOLVER_ITERATION:NuSVR_Global' 21 30
PROGRESS_REPORT_ELAPSED_TOTAL 'SVM_SOLVER_ITERATION:NuSVR_Global' 24 30
PROGRESS_REPORT_ELAPSED_TOTAL 'SVM_SOLVER_ITERATION:NuSVR_Global' 27 30
PROGRESS_REPORT_ELAPSED_TOTAL 'SVM_SOLVER_ITERATION:NuSVR_Global' 30 30
PROGRESS_REPORT_ELAPSED_TOTAL 'SVM_NU_REGRESSOR_FIT' 4 4
MCU_DEPLOY_REGRESSION_CODE MODEL_JSON_EXPORT_STEP
MODEL_JSON_DUMP_START
{
	"metadata" : { "model" : "Vapnik_NuSVR_RBF", "version" : "2024-W03"},
	"options" : {"svm_type" : "nu_svr", "kernel" : "rbf", "degree" : 3, "gamma" : 44.200001, "coef0" : 0, "cache_size" : 10240, "tol" : 0.001, "nu" : 1, "epsilon" : 0, "shrinking" : 0, "probability" : 0, "C" : 1, "max_iter" : 30, "random_state" : 1789 },
	"svm_model" : {
	"classes" : 2,
	"L" : 60,
	"SupportVectors" : {
		"SV_00" : [ 0.067136213, 0.05068012, -0.0062059541, 0.063186601, -0.042847544, -0.095884711, 0.052321736, -0.076394506, 0.059423622, 0.052769691 ],
		"SV_01" : [ 0.034443367, 0.05068012, 0.12528712, 0.028758088, -0.05385517, -0.01290037, -0.10230705, 0.1081111, 0.00027247815, 0.027917052 ],
		"SV_02" : [ 0.027178291, 0.05068012, -0.035306878, 0.03220094, -0.01120063, 0.0015044587, -0.010266106, -0.0025922621, -0.014959694, -0.050782982 ],
		"SV_03" : [ -0.052737556, -0.044641636, -0.0094393902, -0.0056704222, 0.039709628, 0.044718947, 0.026550272, -0.0025922621, -0.018113693, -0.013504018 ],
		"SV_04" : [ -0.041839939, -0.044641636, 0.041217778, -0.026327528, -0.031839922, -0.030436683, -0.036037572, 0.0029429062, 0.033653814, -0.017646125 ],
		"SV_05" : [ 0.012648137, 0.05068012, 0.0024165425, 0.056300893, 0.027326049, 0.017161882, 0.041276824, -0.039493382, 0.0037090604, 0.073480226 ],
		"SV_06" : [ -0.0091470936, 0.05068012, -0.030995632, -0.026327528, -0.01120063, -0.0010007289, -0.021311019, -0.0025922621, 0.0062067355, 0.027917052 ],
		"SV_07" : [ 0.012648137, 0.05068012, -0.022373136, -0.02977038, 0.010814616, 0.028435227, -0.021311019, 0.034308858, -0.0060810968, -0.0010776975 ],
		"SV_08" : [ 0.023545753, 0.05068012, -0.032073446, -0.040098932, -0.031839922, -0.021668527, -0.013947743, -0.0025922621, -0.01090325, 0.019632837 ],
		"SV_09" : [ 0.019913213, -0.044641636, 0.0045721666, -0.026327528, 0.023198191, 0.010272616, 0.067048289, -0.039493382, -0.023646863, -0.046640873 ],
		"SV_10" : [ 0.059871137, -0.044641636, -0.021295324, 0.087286554, 0.045213439, 0.031566709, -0.047082484, 0.071209982, 0.079122439, 0.13561183 ],
		"SV_11" : [ -0.06363517, 0.05068012, 0.096186191, 0.10450081, -0.0029449128, -0.0047585107, -0.0065844678, -0.0025922621, 0.022687744, 0.073480226 ],
		"SV_12" : [ 0.034443367, 0.05068012, 0.11127556, 0.076958001, -0.031839922, -0.033881318, -0.021311019, -0.0025922621, 0.028020373, 0.073480226 ],
		"SV_13" : [ -0.027309787, -0.044641636, 0.047684651, -0.046984635, 0.034205813, 0.057244886, -0.080217227, 0.13025178, 0.04506655, 0.13146973 ],
		"SV_14" : [ -0.030942325, -0.044641636, 0.0056499788, -0.0091132736, 0.019070333, 0.0068279826, 0.074411564, -0.039493382, -0.041176166, -0.042498767 ],
		"SV_15" : [ 0.0017505219, -0.044641636, -0.0040503298, -0.0056704222, -0.0084487237, -0.023860566, 0.052321736, -0.039493382, -0.0089433957, -0.013504018 ],
		"SV_16" : [ -0.034574863, 0.05068012, -0.00081689376, 0.070072301, 0.039709628, 0.066952489, -0.065490671, 0.1081111, 0.026716841, 0.073480226 ],
		"SV_17" : [ -0.016412171, -0.044641636, -0.010517202, 0.0012152797, -0.037343733, -0.035760209, 0.011823721, -0.039493382, -0.021395309, -0.034214552 ],
		"SV_18" : [ -0.0018820165, 0.05068012, -0.033151258, -0.018305685, 0.031453907, 0.042840056, -0.013947743, 0.019917421, 0.010226716, 0.027917052 ],
		"SV_19" : [ -0.0091470936, -0.044641636, -0.062252183, -0.074527442, -0.023584206, -0.013213519, 0.0044604456, -0.039493382, -0.035816193, -0.046640873 ],
		"SV_20" : [ 0.016280675, 0.05068012, 0.072474331, 0.076958001, -0.0084487237, 0.0055753887, -0.0065844678, -0.0025922621, -0.023646863, 0.061053906 ],
		"SV_21" : [ 0.0017505219, 0.05068012, 0.059540581, -0.0022275713, 0.061724871, 0.063194707, -0.058127396, 0.1081111, 0.068985894, 0.12732762 ],
		"SV_22" : [ -0.038207401, 0.05068012, 0.0045721666, 0.03564379, -0.01120063, 0.005888537, -0.047082484, 0.034308858, 0.016306823, -0.0010776975 ],
		"SV_23" : [ -0.0018820165, -0.044641636, -0.066563427, 0.0012152797, -0.0029449128, 0.003070201, 0.011823721, -0.0025922621, -0.020292321, -0.025930339 ],
		"SV_24" : [ 0.027178291, 0.05068012, 0.025050595, 0.014986684, 0.025950097, 0.04847673, -0.039719209, 0.034308858, 0.007838428, 0.023774944 ],
		"SV_25" : [ -0.034574863, 0.05068012, -0.05578531, -0.015998974, -0.0098246774, -0.0078899954, 0.037595186, -0.039493382, -0.052962642, 0.027917052 ],
		"SV_26" : [ -0.030942325, -0.044641636, 0.046606839, 0.014986684, -0.016704442, -0.047033552, 0.00077880803, -0.0025922621, 0.063452721, -0.025930339 ],
		"SV_27" : [ 0.092563987, -0.044641636, 0.036906529, 0.021872386, -0.024960158, -0.016658152, 0.00077880803, -0.039493382, -0.022516528, -0.021788232 ],
		"SV_28" : [ 0.0017505219, -0.044641636, -0.070874676, -0.022884678, -0.0015689598, -0.0010007289, 0.026550272, -0.039493382, -0.022516528, 0.0072065163 ],
		"SV_29" : [ 0.074401289, -0.044641636, 0.031517468, 0.10105796, 0.046589389, 0.036890235, 0.01550536, -0.0025922621, 0.033653814, 0.04448548 ],
		"SV_30" : [ -0.027309787, 0.05068012, -0.015906263, -0.02977038, 0.0039348514, -0.0006875805, 0.041276824, -0.039493382, -0.023646863, 0.011348623 ],
		"SV_31" : [ -0.038207401, 0.05068012, 0.071396515, -0.057313185, 0.15391371, 0.15588665, 0.00077880803, 0.071947999, 0.050280675, 0.069338121 ],
		"SV_32" : [ 0.016280675, 0.05068012, -0.046085, 0.011543833, -0.033215877, -0.016031856, -0.010266106, -0.0025922621, -0.043983772, -0.042498767 ],
		"SV_33" : [ -0.041839939, -0.044641636, 0.047684651, 0.059743747, 0.1277706, 0.12801644, -0.024992656, 0.1081111, 0.063890271, 0.04034337 ],
		"SV_34" : [ 0.067136213, -0.044641636, 0.056307144, 0.073515147, -0.013952536, -0.03920484, -0.032355931, -0.0025922621, 0.075740553, 0.036201265 ],
		"SV_35" : [ -0.052737556, 0.05068012, 0.098341815, 0.087286554, 0.060348921, 0.048789877, -0.058127396, 0.1081111, 0.084491529, 0.04034337 ],
		"SV_36" : [ 0.030810829, 0.05068012, 0.056307144, 0.076958001, 0.049341295, -0.012274073, -0.036037572, 0.071209982, 0.1200515, 0.090048656 ],
		"SV_37" : [ -0.049105015, -0.044641636, 0.16085492, -0.046984635, -0.029088017, -0.019789636, -0.047082484, 0.034308858, 0.028020373, 0.011348623 ],
		"SV_38" : [ 0.012648137, -0.044641636, -0.036384691, 0.04252949, -0.013952536, 0.012934377, -0.026833475, 0.0051569734, -0.043983772, 0.0072065163 ],
		"SV_39" : [ -0.016412171, 0.05068012, 0.12744275, 0.097615108, 0.016318427, 0.017475029, -0.021311019, 0.034308858, 0.034866191, 0.0030644094 ],
		"SV_40" : [ 0.012648137, -0.044641636, 0.026128408, 0.063186601, 0.1250187, 0.091691218, 0.063366652, -0.0025922621, 0.057573155, -0.021788232 ],
		"SV_41" : [ 0.059871137, 0.05068012, 0.076785572, 0.025315236, 0.0011829459, 0.016848734, -0.054445758, 0.034308858, 0.029934648, 0.04448548 ],
		"SV_42" : [ 0.0017505219, -0.044641636, -0.008361578, -0.064198889, -0.038719688, -0.024486864, 0.0044604456, -0.039493382, -0.064685307, -0.054925088 ],
		"SV_43" : [ 0.0090155993, 0.05068012, -0.0018947058, 0.021872386, -0.038719688, -0.024800012, -0.0065844678, -0.039493382, -0.039808828, -0.013504018 ],
		"SV_44" : [ 0.096196525, -0.044641636, 0.0519959, 0.079264708, 0.054845106, 0.036577087, -0.076535583, 0.14132211, 0.098648064, 0.061053906 ],
		"SV_45" : [ 0.023545753, 0.05068012, 0.061696205, 0.062050458, 0.024574144, -0.036073357, -0.091262139, 0.15534453, 0.13339674, 0.081764437 ],
		"SV_46" : [ 0.070768751, 0.05068012, -0.0072837663, 0.049415193, 0.060348921, -0.0044453619, -0.054445758, 0.1081111, 0.12902124, 0.0569118 ],
		"SV_47" : [ 0.030810829, -0.044641636, 0.10480869, 0.076958001, -0.01120063, -0.011334628, -0.058127396, 0.034308858, 0.057108261, 0.036201265 ],
		"SV_48" : [ -0.020044709, -0.044641636, 0.085408069, -0.036656082, 0.091995835, 0.089499176, -0.061809033, 0.14501221, 0.080945559, 0.052769691 ],
		"SV_49" : [ -0.027309787, 0.05068012, 0.060618393, 0.10794366, 0.012190569, -0.017597597, -0.0029028298, -0.0025922621, 0.07020738, 0.13561183 ],
		"SV_50" : [ -0.023677247, 0.05068012, 0.045529027, 0.021872386, 0.10988322, 0.08887288, 0.00077880803, 0.034308858, 0.0741909, 0.061053906 ],
		"SV_51" : [ 0.019913213, 0.05068012, 0.10480869, 0.070072301, -0.035967782, -0.026678903, -0.024992656, -0.0025922621, 0.0037090604, 0.04034337 ],
		"SV_52" : [ 0.019913213, -0.044641636, -0.040695939, -0.015998974, -0.0084487237, -0.017597597, 0.052321736, -0.039493382, -0.030747918, 0.0030644094 ],
		"SV_53" : [ 0.0090155993, 0.05068012, 0.06924089, 0.059743747, 0.01769438, -0.023234271, -0.047082484, 0.034308858, 0.10329702, 0.073480226 ],
		"SV_54" : [ 0.034443367, -0.044641636, 0.018583724, 0.056300893, 0.012190569, -0.054549117, -0.069172308, 0.071209982, 0.13007866, 0.0072065163 ],
		"SV_55" : [ 0.048973523, 0.05068012, 0.12313149, 0.083843701, -0.10476542, -0.10089509, -0.069172308, -0.0025922621, 0.036643732, -0.030072445 ],
		"SV_56" : [ -0.020044709, -0.044641636, -0.054707497, -0.053870335, -0.066238746, -0.057367451, 0.011823721, -0.039493382, -0.074092604, -0.0052198046 ],
		"SV_57" : [ 0.048973523, 0.05068012, 0.088641509, 0.087286554, 0.035581768, 0.02154596, -0.024992656, 0.034308858, 0.066050664, 0.13146973 ],
		"SV_58" : [ 0.016280675, -0.044641636, 0.0013387303, 0.0081009818, 0.0053108046, 0.010898912, 0.03023191, -0.039493382, -0.045424037, 0.032059159 ],
		"SV_59" : [ -0.012779632, -0.044641636, -0.023450946, -0.040098932, -0.016704442, 0.0046359436, -0.017629381, -0.0025922621, -0.038459718, -0.038356658 ]
	},
	"SupportVectorsCoefs" : {
		"SV_coef_0" : [ 1, 1, -1, -1, -1, -1, -1, -1, -1, -1, 1, 1, 1, 1, -1, -1, 1, -1, -1, -1, -1, 1, -1, -1, -1, -1, -1, -1, -1, 1, -1, 1, -1, 1, 1, 1, 1, 1, -1, 1, 1, 1, -1, -1, 1, 1, 1, 1, 1, 1, 1, 1, -1, 1, 1, 1, -1, 1, -1, -1 ]
	},
	"rho" : [ -68.950371 ],
	"nSV" : [ ],
	"probA" : [ ],
	"probB" : [ ],
	"n_iter" : [ 30 ],
	"sv_ind" : [ 29, 32, 45, 52, 56, 74, 75, 81, 105, 111, 117, 130, 138, 141, 143, 151, 152, 156, 157, 160, 163, 168, 180, 189, 195, 201, 205, 211, 213, 217, 229, 230, 243, 248, 250, 251, 254, 256, 259, 262, 276, 290, 297, 306, 321, 322, 323, 332, 336, 350, 354, 362, 386, 390, 394, 405, 419, 428, 434, 435 ]
}
}
MODEL_JSON_DUMP_END
MCU_DEPLOY_REGRESSION_CODE MODEL_PREDICT_STEP
MLLITE_AUTO_DEPLOY_DIABETES_ORIGINAL_APPLY_OUTPUT_REG  [ 65.852257, 58.927376, 64.138382, 62.173176, 55.35183,  ... , 65.729713, 64.007355, 58.463512, 63.75177, 66.315514 ]
MCU_DEPLOY_REGRESSION_CODE MODEL_COMPUTE_PERF_STEP
MLLITE_AUTO_DEPLOY_DIABETES_ORIGINAL_REG_PERFS { "count" : 442, "rmse" : 115.39113, "mape" : 0.49649602, "R2" : -1.2454238 }
This will be printed
MCU_DEPLOY_REGRESSION_CODE ALL_STEPS_OK
MCU_DEPLOY_REGRESSION_CODE done
MLLITE_MCU_TIMER_OPERATION_ELAPSED_SECONDS 'MLLITE.MCU_DEPLOY.REGRESSION.Vapnik_NuSVR_RBF.DIABETES_ORIGINAL' 0
MLLITE_MCU_TIMER_OPERATION_END 'MLLITE.MCU_DEPLOY.REGRESSION.Vapnik_NuSVR_RBF.DIABETES_ORIGINAL' [ 'Thu Jan 25 12:03:15 2024' ]
MCU_DEPLOY_ON_TARGET_X86_64_END
EXECUTION_TIME_DETAIL = {'CMD':'timeout 180 ./x86_64/regression/x86_64_regression_svm_nu_diabetes_original.exe', 'ElapsedTimeSecs':(0.09, 0.00, 0.09), 'MAX_MEM_KB':2304, 'CPU_PRCNT':'100%', 'FILES_IN':0, 'FILES_OUT':32, 'EXIT_STATUS':0}
