MCU_DEPLOY_ON_TARGET_X86_64_START
MLLITE_MCU_TIMER_OPERATION_START 'MLLITE.MCU_DEPLOY.REGRESSION.Vapnik_SVR_RBF.CALIFORNIA_HOUSING_MEDIUM' [ 'Tue Jan 23 09:44:27 2024' ]
MLLite starting
MCU_DEPLOY_REGRESSION_CODE step 1
MCU_DEPLOY_REGRESSION_CODE step 2
MCU_DEPLOY_REGRESSION_CODE step 3
MCU_DEPLOY_REGRESSION_MODEL_OPTIONS
{"svm_type" : "c_svc", "kernel" : "rbf", "degree" : 3, "gamma" : 0, "coef0" : 0, "cache_size" : 10240, "tol" : 0.001, "nu" : 0.5, "epsilon" : 0, "shrinking" : 0, "probability" : 1, "C" : 1 }
MCU_DEPLOY_REGRESSION_CODE step 4
PROGRESS_REPORT_ELAPSED_TOTAL 'SVM_REGRESSOR_FIT' 1 4
PROGRESS_REPORT_ELAPSED_TOTAL 'SVM_REGRESSOR_FIT' 2 4
PROGRESS_REPORT_ELAPSED_TOTAL 'SVM_REGRESSOR_FIT' 3 4
PROGRESS_REPORT_ELAPSED_TOTAL 'SVM_REGRESSOR_FIT' 4 4
MCU_DEPLOY_REGRESSION_CODE step 5
TREE_JSON_DUMP_START
{
	"metadata" : { "model" : "Vapnik_SVR_RBF", "version" : "2024-W03"},
	"options" : {"svm_type" : "epsilon_svr", "kernel" : "rbf", "degree" : 3, "gamma" : 1.9620165e-07, "coef0" : 0, "cache_size" : 10240, "tol" : 0.001, "nu" : 0.5, "epsilon" : 0.1, "shrinking" : 0, "probability" : 0, "C" : 1 },
	"svm_model" : {
	"classes" : 2,
	"L" : 512,
	"SupportVectors" : {
		"SV_000" : [ -122.23, 37.880001, 41, 880, 129, 322, 126, 8.3252001, 0 ],
		"SV_001" : [ -122.22, 37.860001, 21, 7099, 1106, 2401, 1138, 8.3014002, 0 ],
		"SV_002" : [ -122.24, 37.849998, 52, 1467, 190, 496, 177, 7.2574, 0 ],
		"SV_003" : [ -122.25, 37.849998, 52, 1274, 235, 558, 219, 5.6430998, 0 ],
		"SV_004" : [ -122.25, 37.849998, 52, 1627, 280, 565, 259, 3.8462, 0 ],
		"SV_005" : [ -122.25, 37.849998, 52, 919, 213, 413, 193, 4.0367999, 0 ],
		"SV_006" : [ -122.25, 37.84, 52, 2535, 489, 1094, 514, 3.6591001, 0 ],
		"SV_007" : [ -122.25, 37.84, 52, 3104, 687, 1157, 647, 3.1199999, 0 ],
		"SV_008" : [ -122.26, 37.84, 42, 2555, 665, 1206, 595, 2.0804, 0 ],
		"SV_009" : [ -122.25, 37.84, 52, 3549, 707, 1551, 714, 3.6912, 0 ],
		"SV_010" : [ -122.26, 37.849998, 52, 2202, 434, 910, 402, 3.2031, 0 ],
		"SV_011" : [ -122.26, 37.849998, 52, 3503, 752, 1504, 734, 3.2704999, 0 ],
		"SV_012" : [ -122.26, 37.849998, 52, 2491, 474, 1098, 468, 3.075, 0 ],
		"SV_013" : [ -122.26, 37.84, 52, 696, 191, 345, 174, 2.6736, 0 ],
		"SV_014" : [ -122.26, 37.849998, 52, 2643, 626, 1212, 620, 1.9167, 0 ],
		"SV_015" : [ -122.26, 37.849998, 50, 1120, 283, 697, 264, 2.125, 0 ],
		"SV_016" : [ -122.27, 37.849998, 52, 1966, 347, 793, 331, 2.7750001, 0 ],
		"SV_017" : [ -122.27, 37.849998, 52, 1228, 293, 648, 303, 2.1201999, 0 ],
		"SV_018" : [ -122.26, 37.84, 50, 2239, 455, 990, 419, 1.9911, 0 ],
		"SV_019" : [ -122.27, 37.84, 52, 1503, 298, 690, 275, 2.6033001, 0 ],
		"SV_020" : [ -122.27, 37.849998, 40, 751, 184, 409, 166, 1.3578, 0 ],
		"SV_021" : [ -122.27, 37.849998, 42, 1639, 367, 929, 366, 1.7135, 0 ],
		"SV_022" : [ -122.27, 37.84, 52, 2436, 541, 1015, 478, 1.725, 0 ],
		"SV_023" : [ -122.27, 37.84, 52, 1688, 337, 853, 325, 2.1805999, 0 ],
		"SV_024" : [ -122.27, 37.84, 52, 2224, 437, 1006, 422, 2.5999999, 0 ],
		"SV_025" : [ -122.28, 37.849998, 41, 535, 123, 317, 119, 2.4038, 0 ],
		"SV_026" : [ -122.28, 37.849998, 49, 1130, 244, 607, 239, 2.4597001, 0 ],
		"SV_027" : [ -122.28, 37.849998, 52, 1898, 421, 1102, 397, 1.808, 0 ],
		"SV_028" : [ -122.28, 37.84, 50, 2082, 492, 1131, 473, 1.6424, 0 ],
		"SV_029" : [ -122.28, 37.84, 52, 729, 160, 395, 155, 1.6875, 0 ],
		"SV_030" : [ -122.28, 37.84, 49, 1916, 447, 863, 378, 1.9274, 0 ],
		"SV_031" : [ -122.28, 37.84, 52, 2153, 481, 1168, 441, 1.9615, 0 ],
		"SV_032" : [ -122.27, 37.84, 48, 1922, 409, 1026, 335, 1.7969, 0 ],
		"SV_033" : [ -122.27, 37.830002, 49, 1655, 366, 754, 329, 1.375, 0 ],
		"SV_034" : [ -122.27, 37.830002, 51, 2665, 574, 1258, 536, 2.7302999, 0 ],
		"SV_035" : [ -122.27, 37.830002, 49, 1215, 282, 570, 264, 1.4861, 0 ],
		"SV_036" : [ -122.27, 37.830002, 48, 1798, 432, 987, 374, 1.0972, 0 ],
		"SV_037" : [ -122.28, 37.830002, 52, 1511, 390, 901, 403, 1.4103, 0 ],
		"SV_038" : [ -122.26, 37.830002, 52, 1470, 330, 689, 309, 3.48, 0 ],
		"SV_039" : [ -122.26, 37.830002, 52, 2432, 715, 1377, 696, 2.5897999, 0 ],
		"SV_040" : [ -122.26, 37.830002, 52, 1665, 419, 946, 395, 2.0978, 0 ],
		"SV_041" : [ -122.26, 37.830002, 51, 936, 311, 517, 249, 1.2852, 0 ],
		"SV_042" : [ -122.26, 37.84, 49, 713, 202, 462, 189, 1.025, 0 ],
		"SV_043" : [ -122.26, 37.84, 52, 950, 202, 467, 198, 3.9642999, 0 ],
		"SV_044" : [ -122.26, 37.830002, 52, 1443, 311, 660, 292, 3.0125, 0 ],
		"SV_045" : [ -122.26, 37.830002, 52, 1656, 420, 718, 382, 2.6768, 0 ],
		"SV_046" : [ -122.26, 37.830002, 50, 1125, 322, 616, 304, 2.026, 0 ],
		"SV_047" : [ -122.27, 37.82, 43, 1007, 312, 558, 253, 1.7348, 0 ],
		"SV_048" : [ -122.26, 37.82, 40, 624, 195, 423, 160, 0.95060003, 0 ],
		"SV_049" : [ -122.27, 37.82, 40, 946, 375, 700, 352, 1.775, 0 ],
		"SV_050" : [ -122.27, 37.82, 21, 896, 453, 735, 438, 0.92180002, 0 ],
		"SV_051" : [ -122.27, 37.82, 43, 1868, 456, 1061, 407, 1.5045, 0 ],
		"SV_052" : [ -122.27, 37.82, 41, 3221, 853, 1959, 720, 1.1108, 0 ],
		"SV_053" : [ -122.27, 37.82, 52, 1630, 456, 1162, 400, 1.2474999, 0 ],
		"SV_054" : [ -122.28, 37.82, 52, 1170, 235, 701, 233, 1.6098, 0 ],
		"SV_055" : [ -122.28, 37.82, 52, 945, 243, 576, 220, 1.4112999, 0 ],
		"SV_056" : [ -122.28, 37.82, 52, 1238, 288, 622, 259, 1.5057, 0 ],
		"SV_057" : [ -122.28, 37.82, 52, 1489, 335, 728, 244, 0.81720001, 0 ],
		"SV_058" : [ -122.28, 37.82, 52, 1387, 341, 1074, 304, 1.2171, 0 ],
		"SV_059" : [ -122.29, 37.82, 2, 158, 43, 94, 57, 2.5625, 0 ],
		"SV_060" : [ -122.29, 37.830002, 52, 1121, 211, 554, 187, 3.3929, 0 ],
		"SV_061" : [ -122.29, 37.82, 49, 135, 29, 86, 23, 6.1183, 0 ],
		"SV_062" : [ -122.29, 37.810001, 50, 760, 190, 377, 122, 0.90109998, 0 ],
		"SV_063" : [ -122.3, 37.810001, 52, 1224, 237, 521, 159, 1.191, 0 ],
		"SV_064" : [ -122.3, 37.810001, 48, 828, 182, 392, 133, 2.5938001, 0 ],
		"SV_065" : [ -122.3, 37.810001, 52, 1010, 209, 604, 187, 1.1667, 0 ],
		"SV_066" : [ -122.3, 37.810001, 48, 1455, 354, 788, 332, 0.80559999, 0 ],
		"SV_067" : [ -122.29, 37.799999, 52, 1027, 244, 492, 147, 2.6094, 0 ],
		"SV_068" : [ -122.3, 37.810001, 52, 572, 109, 274, 82, 1.8516001, 0 ],
		"SV_069" : [ -122.29, 37.810001, 46, 2801, 644, 1823, 611, 0.98019999, 0 ],
		"SV_070" : [ -122.29, 37.810001, 26, 768, 152, 392, 127, 1.7719001, 0 ],
		"SV_071" : [ -122.29, 37.810001, 46, 935, 297, 582, 277, 0.72860003, 0 ],
		"SV_072" : [ -122.29, 37.810001, 49, 844, 204, 560, 152, 1.75, 0 ],
		"SV_073" : [ -122.29, 37.810001, 46, 12, 4, 18, 7, 0.49990001, 0 ],
		"SV_074" : [ -122.29, 37.810001, 20, 835, 161, 290, 133, 2.483, 0 ],
		"SV_075" : [ -122.28, 37.810001, 17, 1237, 462, 762, 439, 0.92409998, 0 ],
		"SV_076" : [ -122.28, 37.810001, 36, 2914, 562, 1236, 509, 2.4463999, 0 ],
		"SV_077" : [ -122.28, 37.810001, 19, 1207, 243, 721, 207, 1.1111, 0 ],
		"SV_078" : [ -122.29, 37.810001, 23, 1745, 374, 1054, 325, 0.80260003, 0 ],
		"SV_079" : [ -122.28, 37.799999, 38, 684, 176, 344, 155, 2.0114, 0 ],
		"SV_080" : [ -122.28, 37.810001, 17, 924, 289, 609, 289, 1.5, 0 ],
		"SV_081" : [ -122.27, 37.810001, 52, 210, 56, 183, 56, 1.1667, 0 ],
		"SV_082" : [ -122.28, 37.810001, 52, 340, 97, 200, 87, 1.5208, 0 ],
		"SV_083" : [ -122.28, 37.810001, 52, 386, 164, 346, 155, 0.8075, 0 ],
		"SV_084" : [ -122.28, 37.810001, 35, 948, 184, 467, 169, 1.8088, 0 ],
		"SV_085" : [ -122.28, 37.810001, 52, 773, 143, 377, 115, 2.4082999, 0 ],
		"SV_086" : [ -122.27, 37.810001, 40, 880, 451, 582, 380, 0.977, 0 ],
		"SV_087" : [ -122.27, 37.810001, 10, 875, 348, 546, 330, 0.75999999, 0 ],
		"SV_088" : [ -122.27, 37.799999, 10, 105, 42, 125, 39, 0.97219998, 0 ],
		"SV_089" : [ -122.27, 37.799999, 52, 249, 78, 396, 85, 1.2434, 0 ],
		"SV_090" : [ -122.27, 37.799999, 16, 994, 392, 800, 362, 2.0938001, 0 ],
		"SV_091" : [ -122.28, 37.799999, 52, 215, 87, 904, 88, 0.86680001, 0 ],
		"SV_092" : [ -122.28, 37.799999, 52, 96, 31, 191, 34, 0.75, 0 ],
		"SV_093" : [ -122.27, 37.790001, 27, 1055, 347, 718, 302, 2.6354001, 0 ],
		"SV_094" : [ -122.27, 37.799999, 39, 1715, 623, 1327, 467, 1.8477, 0 ],
		"SV_095" : [ -122.26, 37.799999, 36, 5329, 2477, 3469, 2323, 2.0095999, 0 ],
		"SV_096" : [ -122.26, 37.82, 31, 4596, 1331, 2048, 1180, 2.8345001, 0 ],
		"SV_097" : [ -122.26, 37.810001, 29, 335, 107, 202, 91, 2.0062001, 0 ],
		"SV_098" : [ -122.26, 37.82, 22, 3682, 1270, 2024, 1250, 1.2185, 0 ],
		"SV_099" : [ -122.26, 37.82, 37, 3633, 1085, 1838, 980, 2.6104, 0 ],
		"SV_100" : [ -122.25, 37.810001, 29, 4656, 1414, 2304, 1250, 2.4912, 0 ],
		"SV_101" : [ -122.25, 37.810001, 28, 5806, 1603, 2563, 1497, 3.2177, 0 ],
		"SV_102" : [ -122.25, 37.810001, 39, 854, 242, 389, 228, 3.125, 0 ],
		"SV_103" : [ -122.25, 37.810001, 52, 2155, 701, 895, 613, 2.5795, 0 ],
		"SV_104" : [ -122.26, 37.810001, 34, 5871, 1914, 2689, 1789, 2.8406, 0 ],
		"SV_105" : [ -122.24, 37.82, 52, 1509, 225, 674, 244, 4.9306002, 0 ],
		"SV_106" : [ -122.24, 37.810001, 52, 2026, 482, 709, 456, 3.2727001, 0 ],
		"SV_107" : [ -122.25, 37.810001, 52, 1758, 460, 686, 422, 3.1691, 0 ],
		"SV_108" : [ -122.24, 37.82, 52, 3481, 751, 1444, 718, 3.9000001, 0 ],
		"SV_109" : [ -122.25, 37.82, 28, 3337, 855, 1520, 802, 3.9063001, 0 ],
		"SV_110" : [ -122.25, 37.82, 52, 1424, 289, 550, 253, 5.0917001, 0 ],
		"SV_111" : [ -122.25, 37.82, 32, 3809, 1098, 1806, 1022, 2.6429, 0 ],
		"SV_112" : [ -122.25, 37.82, 26, 3959, 1196, 1749, 1217, 3.0232999, 0 ],
		"SV_113" : [ -122.25, 37.830002, 52, 2376, 559, 939, 519, 3.1484001, 0 ],
		"SV_114" : [ -122.25, 37.830002, 35, 1613, 428, 675, 422, 3.4721999, 0 ],
		"SV_115" : [ -122.25, 37.830002, 52, 1279, 287, 534, 291, 3.1429, 0 ],
		"SV_116" : [ -122.25, 37.830002, 28, 5022, 1750, 2558, 1661, 2.4233999, 0 ],
		"SV_117" : [ -122.25, 37.830002, 52, 4190, 1105, 1786, 1037, 3.0897, 0 ],
		"SV_118" : [ -122.23, 37.84, 50, 2515, 399, 970, 373, 5.8596001, 0 ],
		"SV_119" : [ -122.23, 37.84, 47, 3175, 454, 1098, 485, 5.2867999, 0 ],
		"SV_120" : [ -122.24, 37.830002, 41, 2576, 406, 794, 376, 5.9559999, 0 ],
		"SV_121" : [ -122.24, 37.849998, 37, 334, 54, 98, 47, 4.9643002, 0 ],
		"SV_122" : [ -122.23, 37.849998, 52, 2800, 411, 1061, 403, 6.3434, 0 ],
		"SV_123" : [ -122.24, 37.84, 52, 3529, 574, 1177, 555, 5.1773, 0 ],
		"SV_124" : [ -122.24, 37.849998, 52, 2612, 365, 901, 367, 7.2354002, 0 ],
		"SV_125" : [ -122.22, 37.849998, 28, 5287, 1048, 2031, 956, 5.4569998, 0 ],
		"SV_126" : [ -122.22, 37.84, 50, 2935, 473, 1031, 479, 7.5, 0 ],
		"SV_127" : [ -122.21, 37.84, 44, 3424, 597, 1358, 597, 6.0194001, 0 ],
		"SV_128" : [ -122.21, 37.830002, 40, 4991, 674, 1616, 654, 7.5544, 0 ],
		"SV_129" : [ -122.2, 37.84, 30, 2211, 346, 844, 343, 6.0665998, 0 ],
		"SV_130" : [ -122.21, 37.84, 34, 3038, 490, 1140, 496, 7.0548, 0 ],
		"SV_131" : [ -122.19, 37.84, 18, 1617, 210, 533, 194, 11.6017, 0 ],
		"SV_132" : [ -122.2, 37.84, 35, 2865, 460, 1072, 443, 7.4882002, 0 ],
		"SV_133" : [ -122.21, 37.830002, 34, 5065, 788, 1627, 766, 6.8976002, 0 ],
		"SV_134" : [ -122.19, 37.830002, 28, 1326, 184, 463, 190, 8.2048998, 0 ],
		"SV_135" : [ -122.2, 37.830002, 26, 1589, 223, 542, 211, 8.401, 0 ],
		"SV_136" : [ -122.19, 37.830002, 29, 1791, 271, 661, 269, 6.8537998, 0 ],
		"SV_137" : [ -122.19, 37.82, 32, 1835, 264, 635, 263, 8.3170004, 0 ],
		"SV_138" : [ -122.2, 37.82, 37, 1229, 181, 420, 176, 7.0174999, 0 ],
		"SV_139" : [ -122.2, 37.82, 39, 3770, 534, 1265, 500, 6.3302002, 0 ],
		"SV_140" : [ -122.18, 37.810001, 30, 292, 38, 126, 52, 6.3624001, 0 ],
		"SV_141" : [ -122.21, 37.82, 52, 2375, 333, 813, 350, 7.0549002, 0 ],
		"SV_142" : [ -122.2, 37.810001, 45, 2964, 436, 1067, 426, 6.7851, 0 ],
		"SV_143" : [ -122.21, 37.799999, 50, 2833, 605, 1260, 552, 2.8929, 0 ],
		"SV_144" : [ -122.21, 37.799999, 38, 2254, 535, 951, 487, 3.0811999, 0 ],
		"SV_145" : [ -122.21, 37.810001, 52, 1389, 212, 510, 224, 5.2402, 0 ],
		"SV_146" : [ -122.22, 37.810001, 52, 1971, 335, 765, 308, 6.5216999, 0 ],
		"SV_147" : [ -122.22, 37.799999, 52, 2183, 465, 1129, 460, 3.2632, 0 ],
		"SV_148" : [ -122.22, 37.799999, 52, 2286, 464, 1073, 441, 3.0297999, 0 ],
		"SV_149" : [ -122.22, 37.799999, 52, 2721, 541, 1185, 515, 4.5427999, 0 ],
		"SV_150" : [ -122.22, 37.810001, 52, 2024, 339, 756, 340, 4.072, 0 ],
		"SV_151" : [ -122.22, 37.810001, 52, 2944, 536, 1034, 521, 5.3509002, 0 ],
		"SV_152" : [ -122.23, 37.799999, 52, 2033, 486, 787, 459, 3.1603, 0 ],
		"SV_153" : [ -122.23, 37.810001, 52, 1433, 229, 612, 213, 4.7708001, 0 ],
		"SV_154" : [ -122.22, 37.810001, 52, 2927, 402, 1021, 380, 8.1563997, 0 ],
		"SV_155" : [ -122.23, 37.810001, 52, 2315, 292, 861, 258, 8.8793001, 0 ],
		"SV_156" : [ -122.24, 37.810001, 52, 2485, 313, 953, 327, 6.8590999, 0 ],
		"SV_157" : [ -122.24, 37.810001, 52, 1490, 238, 634, 256, 6.0302, 0 ],
		"SV_158" : [ -122.23, 37.810001, 52, 2814, 365, 878, 352, 7.5079999, 0 ],
		"SV_159" : [ -122.24, 37.810001, 52, 2093, 550, 918, 483, 2.7477, 0 ],
		"SV_160" : [ -122.24, 37.799999, 52, 888, 168, 360, 175, 2.1944001, 0 ],
		"SV_161" : [ -122.25, 37.799999, 52, 2087, 510, 1197, 488, 3.0149, 0 ],
		"SV_162" : [ -122.24, 37.810001, 52, 2513, 502, 1048, 518, 3.675, 0 ],
		"SV_163" : [ -122.25, 37.810001, 46, 3232, 835, 1373, 747, 3.2249999, 0 ],
		"SV_164" : [ -122.25, 37.799999, 42, 4120, 1065, 1715, 1015, 2.9345, 0 ],
		"SV_165" : [ -122.25, 37.799999, 43, 2364, 792, 1359, 722, 2.1429, 0 ],
		"SV_166" : [ -122.25, 37.799999, 41, 1471, 469, 1062, 413, 1.6121, 0 ],
		"SV_167" : [ -122.25, 37.799999, 29, 2468, 864, 1335, 773, 1.3929, 0 ],
		"SV_168" : [ -122.24, 37.790001, 27, 1632, 492, 1171, 429, 2.3173001, 0 ],
		"SV_169" : [ -122.25, 37.790001, 45, 1786, 526, 1475, 460, 1.7772, 0 ],
		"SV_170" : [ -122.25, 37.790001, 50, 629, 188, 742, 196, 2.6458001, 0 ],
		"SV_171" : [ -122.25, 37.790001, 52, 1339, 391, 1086, 363, 2.181, 0 ],
		"SV_172" : [ -122.25, 37.799999, 36, 1678, 606, 1645, 543, 2.2302999, 0 ],
		"SV_173" : [ -122.25, 37.799999, 43, 2344, 647, 1710, 644, 1.6504, 0 ],
		"SV_174" : [ -122.24, 37.799999, 52, 996, 228, 731, 228, 2.2697001, 0 ],
		"SV_175" : [ -122.24, 37.799999, 52, 1591, 373, 1118, 347, 2.1563001, 0 ],
		"SV_176" : [ -122.24, 37.799999, 52, 1586, 398, 1006, 335, 2.1348, 0 ],
		"SV_177" : [ -122.24, 37.799999, 47, 2046, 588, 1213, 554, 2.6292, 0 ],
		"SV_178" : [ -122.23, 37.799999, 52, 1192, 289, 772, 257, 2.3833001, 0 ],
		"SV_179" : [ -122.24, 37.799999, 52, 1803, 420, 1321, 401, 2.957, 0 ],
		"SV_180" : [ -122.24, 37.799999, 49, 2838, 749, 1487, 677, 2.5237999, 0 ],
		"SV_181" : [ -122.23, 37.799999, 52, 783, 184, 488, 186, 1.9375, 0 ],
		"SV_182" : [ -122.23, 37.799999, 51, 1590, 414, 949, 392, 1.9028, 0 ],
		"SV_183" : [ -122.23, 37.799999, 50, 1746, 480, 1149, 415, 2.25, 0 ],
		"SV_184" : [ -122.23, 37.799999, 52, 1252, 299, 844, 280, 2.3929, 0 ],
		"SV_185" : [ -122.23, 37.790001, 43, 5963, 1344, 4367, 1231, 2.1917, 0 ],
		"SV_186" : [ -122.23, 37.790001, 52, 1783, 395, 1659, 412, 2.9356999, 0 ],
		"SV_187" : [ -122.23, 37.790001, 30, 999, 264, 1011, 263, 1.8854001, 0 ],
		"SV_188" : [ -122.24, 37.790001, 39, 1469, 431, 1464, 389, 2.1638, 0 ],
		"SV_189" : [ -122.24, 37.790001, 47, 1372, 395, 1237, 303, 2.125, 0 ],
		"SV_190" : [ -122.24, 37.790001, 52, 674, 180, 647, 168, 3.375, 0 ],
		"SV_191" : [ -122.24, 37.790001, 43, 1626, 376, 1284, 357, 2.2542, 0 ],
		"SV_192" : [ -122.25, 37.790001, 51, 175, 43, 228, 55, 2.0999999, 0 ],
		"SV_193" : [ -122.25, 37.790001, 39, 461, 129, 381, 123, 1.6, 0 ],
		"SV_194" : [ -122.25, 37.790001, 52, 902, 237, 846, 227, 3.625, 0 ],
		"SV_195" : [ -122.26, 37.799999, 20, 2373, 779, 1659, 676, 1.6928999, 0 ],
		"SV_196" : [ -122.22, 37.77, 52, 391, 128, 520, 138, 1.6471, 0 ],
		"SV_197" : [ -122.22, 37.77, 52, 1137, 301, 866, 259, 2.5899999, 0 ],
		"SV_198" : [ -122.23, 37.77, 52, 769, 206, 612, 183, 2.5699999, 0 ],
		"SV_199" : [ -122.23, 37.779999, 52, 472, 146, 415, 126, 2.6429, 0 ],
		"SV_200" : [ -122.23, 37.779999, 52, 862, 215, 994, 213, 3.0257001, 0 ],
		"SV_201" : [ -122.22, 37.779999, 50, 1920, 530, 1525, 477, 1.4886, 0 ],
		"SV_202" : [ -122.23, 37.779999, 43, 1420, 472, 1506, 438, 1.9338, 0 ],
		"SV_203" : [ -122.23, 37.779999, 52, 986, 258, 1008, 255, 1.4844, 0 ],
		"SV_204" : [ -122.23, 37.779999, 44, 2340, 825, 2813, 751, 1.6009001, 0 ],
		"SV_205" : [ -122.23, 37.790001, 48, 1696, 396, 1481, 343, 2.0374999, 0 ],
		"SV_206" : [ -122.23, 37.790001, 49, 1175, 217, 859, 219, 2.293, 0 ],
		"SV_207" : [ -122.22, 37.790001, 37, 2343, 574, 1608, 523, 2.1494, 0 ],
		"SV_208" : [ -122.23, 37.790001, 30, 610, 145, 425, 140, 1.6198, 0 ],
		"SV_209" : [ -122.23, 37.790001, 40, 930, 199, 564, 184, 1.3281, 0 ],
		"SV_210" : [ -122.22, 37.790001, 44, 1487, 314, 961, 272, 3.5156, 0 ],
		"SV_211" : [ -122.22, 37.790001, 52, 3424, 690, 2273, 685, 3.9047999, 0 ],
		"SV_212" : [ -122.21, 37.790001, 52, 762, 190, 600, 195, 3.0892999, 0 ],
		"SV_213" : [ -122.22, 37.790001, 46, 2366, 575, 1647, 527, 2.6041999, 0 ],
		"SV_214" : [ -122.22, 37.790001, 49, 1826, 450, 1201, 424, 2.5, 0 ],
		"SV_215" : [ -122.22, 37.790001, 38, 3049, 711, 2167, 659, 2.7969, 0 ],
		"SV_216" : [ -122.2, 37.790001, 29, 1640, 376, 939, 340, 2.8320999, 0 ],
		"SV_217" : [ -122.21, 37.790001, 47, 1543, 307, 859, 292, 2.9583001, 0 ],
		"SV_218" : [ -122.21, 37.790001, 34, 2364, 557, 1517, 516, 2.8364999, 0 ],
		"SV_219" : [ -122.21, 37.790001, 35, 1745, 409, 1143, 386, 2.875, 0 ],
		"SV_220" : [ -122.21, 37.799999, 39, 2003, 500, 1109, 464, 3.0682001, 0 ],
		"SV_221" : [ -122.21, 37.799999, 39, 2018, 447, 1221, 446, 3.0757, 0 ],
		"SV_222" : [ -122.2, 37.799999, 43, 3045, 499, 1115, 455, 4.9559002, 0 ],
		"SV_223" : [ -122.2, 37.799999, 52, 1547, 293, 706, 268, 4.7721, 0 ],
		"SV_224" : [ -122.21, 37.799999, 52, 3519, 711, 1883, 706, 3.4861, 0 ],
		"SV_225" : [ -122.2, 37.799999, 41, 2070, 354, 804, 340, 5.1184001, 0 ],
		"SV_226" : [ -122.21, 37.799999, 48, 1321, 263, 506, 252, 4.0977001, 0 ],
		"SV_227" : [ -122.19, 37.799999, 48, 1694, 259, 610, 238, 4.744, 0 ],
		"SV_228" : [ -122.19, 37.799999, 46, 1938, 341, 768, 332, 4.2726998, 0 ],
		"SV_229" : [ -122.19, 37.790001, 50, 968, 195, 462, 184, 2.9844, 0 ],
		"SV_230" : [ -122.2, 37.790001, 40, 1060, 256, 667, 235, 4.1739001, 0 ],
		"SV_231" : [ -122.2, 37.799999, 46, 2041, 405, 1059, 399, 3.8487, 0 ],
		"SV_232" : [ -122.19, 37.799999, 52, 1813, 271, 637, 277, 4.0114002, 0 ],
		"SV_233" : [ -122.19, 37.790001, 45, 2718, 451, 1106, 454, 4.6563001, 0 ],
		"SV_234" : [ -122.19, 37.790001, 28, 3144, 761, 1737, 669, 2.9296999, 0 ],
		"SV_235" : [ -122.2, 37.790001, 35, 1802, 459, 1009, 390, 2.3036001, 0 ],
		"SV_236" : [ -122.2, 37.790001, 49, 882, 195, 737, 210, 2.6666999, 0 ],
		"SV_237" : [ -122.2, 37.790001, 44, 1621, 452, 1354, 491, 2.619, 0 ],
		"SV_238" : [ -122.21, 37.790001, 45, 2115, 533, 1530, 474, 2.4166999, 0 ],
		"SV_239" : [ -122.2, 37.790001, 45, 2021, 528, 1410, 480, 2.7788, 0 ],
		"SV_240" : [ -122.21, 37.779999, 46, 2239, 508, 1390, 569, 2.7351999, 0 ],
		"SV_241" : [ -122.21, 37.779999, 52, 1477, 300, 1065, 269, 1.8472, 0 ],
		"SV_242" : [ -122.21, 37.779999, 52, 1056, 224, 792, 245, 2.6582999, 0 ],
		"SV_243" : [ -122.21, 37.779999, 49, 898, 244, 779, 245, 3.0536001, 0 ],
		"SV_244" : [ -122.22, 37.779999, 44, 2968, 710, 2269, 610, 2.3906, 0 ],
		"SV_245" : [ -122.21, 37.779999, 43, 1702, 460, 1227, 407, 1.7187999, 0 ],
		"SV_246" : [ -122.21, 37.779999, 47, 881, 248, 753, 241, 2.625, 0 ],
		"SV_247" : [ -122.22, 37.77, 40, 494, 114, 547, 135, 2.8015001, 0 ],
		"SV_248" : [ -122.22, 37.779999, 50, 1776, 473, 1807, 440, 1.7276, 0 ],
		"SV_249" : [ -122.22, 37.779999, 44, 1678, 514, 1700, 495, 2.0801001, 0 ],
		"SV_250" : [ -122.22, 37.779999, 51, 1637, 463, 1543, 393, 2.4890001, 0 ],
		"SV_251" : [ -122.21, 37.759998, 52, 1420, 314, 1085, 300, 1.7546, 0 ],
		"SV_252" : [ -122.21, 37.77, 52, 591, 173, 353, 137, 4.0904002, 0 ],
		"SV_253" : [ -122.21, 37.77, 52, 745, 153, 473, 149, 2.6765001, 0 ],
		"SV_254" : [ -122.2, 37.77, 49, 2272, 498, 1621, 483, 2.4338, 0 ],
		"SV_255" : [ -122.21, 37.77, 46, 1234, 375, 1183, 354, 2.3309, 0 ],
		"SV_256" : [ -122.21, 37.77, 43, 1017, 328, 836, 277, 2.2604001, 0 ],
		"SV_257" : [ -122.19, 37.77, 42, 932, 254, 900, 263, 1.8039, 0 ],
		"SV_258" : [ -122.2, 37.77, 39, 2689, 597, 1888, 537, 2.2562001, 0 ],
		"SV_259" : [ -122.2, 37.77, 41, 1547, 415, 1024, 341, 2.0562, 0 ],
		"SV_260" : [ -122.2, 37.779999, 52, 2300, 443, 1225, 423, 3.5397999, 0 ],
		"SV_261" : [ -122.2, 37.779999, 39, 1752, 399, 1071, 376, 3.1166999, 0 ],
		"SV_262" : [ -122.2, 37.779999, 50, 1867, 403, 1128, 378, 2.5401001, 0 ],
		"SV_263" : [ -122.2, 37.77, 43, 2430, 502, 1537, 484, 2.898, 0 ],
		"SV_264" : [ -122.21, 37.779999, 44, 1729, 414, 1240, 393, 2.3125, 0 ],
		"SV_265" : [ -122.19, 37.779999, 52, 1026, 180, 469, 168, 2.875, 0 ],
		"SV_266" : [ -122.19, 37.77, 52, 2170, 428, 1086, 425, 3.3715, 0 ],
		"SV_267" : [ -122.19, 37.77, 52, 2329, 445, 1144, 417, 3.5114, 0 ],
		"SV_268" : [ -122.19, 37.779999, 52, 2492, 415, 1109, 375, 4.3125, 0 ],
		"SV_269" : [ -122.19, 37.779999, 52, 2198, 397, 984, 369, 3.22, 0 ],
		"SV_270" : [ -122.18, 37.779999, 33, 142, 31, 575, 47, 3.875, 0 ],
		"SV_271" : [ -122.19, 37.779999, 49, 1183, 205, 496, 209, 5.2328, 0 ],
		"SV_272" : [ -122.19, 37.779999, 52, 1070, 193, 555, 190, 3.7262001, 0 ],
		"SV_273" : [ -122.2, 37.779999, 45, 1766, 332, 869, 327, 4.5893002, 0 ],
		"SV_274" : [ -122.18, 37.790001, 39, 617, 95, 236, 106, 5.2578001, 0 ],
		"SV_275" : [ -122.18, 37.790001, 41, 1411, 233, 626, 214, 7.0875001, 0 ],
		"SV_276" : [ -122.18, 37.790001, 46, 2109, 387, 922, 329, 3.9712, 0 ],
		"SV_277" : [ -122.19, 37.790001, 47, 1229, 243, 582, 256, 2.9514, 0 ],
		"SV_278" : [ -122.19, 37.790001, 50, 954, 217, 546, 201, 2.6666999, 0 ],
		"SV_279" : [ -122.18, 37.810001, 37, 1643, 262, 620, 266, 5.4446001, 0 ],
		"SV_280" : [ -122.18, 37.799999, 34, 1355, 195, 442, 195, 6.2838001, 0 ],
		"SV_281" : [ -122.18, 37.799999, 23, 2317, 336, 955, 328, 6.7526999, 0 ],
		"SV_282" : [ -122.13, 37.77, 24, 2459, 317, 916, 324, 7.0711999, 0 ],
		"SV_283" : [ -122.16, 37.790001, 22, 12842, 2048, 4985, 1967, 5.9849, 0 ],
		"SV_284" : [ -122.17, 37.779999, 42, 1524, 260, 651, 267, 3.6875, 0 ],
		"SV_285" : [ -122.17, 37.77, 30, 3326, 746, 1704, 703, 2.875, 0 ],
		"SV_286" : [ -122.18, 37.779999, 43, 1985, 440, 1085, 407, 3.4205, 0 ],
		"SV_287" : [ -122.18, 37.779999, 50, 1642, 322, 713, 284, 3.2983999, 0 ],
		"SV_288" : [ -122.17, 37.779999, 49, 893, 177, 468, 181, 3.875, 0 ],
		"SV_289" : [ -122.17, 37.779999, 52, 653, 128, 296, 121, 4.1750002, 0 ],
		"SV_290" : [ -122.16, 37.77, 47, 1256, 0, 570, 218, 4.375, 0 ],
		"SV_291" : [ -122.16, 37.77, 48, 977, 194, 446, 180, 4.7708001, 0 ],
		"SV_292" : [ -122.16, 37.77, 45, 2324, 397, 968, 384, 3.5739, 0 ],
		"SV_293" : [ -122.16, 37.77, 39, 1583, 349, 857, 316, 3.0957999, 0 ],
		"SV_294" : [ -122.17, 37.77, 39, 1612, 342, 912, 322, 3.3958001, 0 ],
		"SV_295" : [ -122.17, 37.77, 31, 2424, 533, 1360, 452, 1.8710001, 0 ],
		"SV_296" : [ -122.17, 37.759998, 41, 1594, 367, 1074, 355, 1.9356, 0 ],
		"SV_297" : [ -122.17, 37.759998, 47, 2118, 413, 965, 382, 2.1842, 0 ],
		"SV_298" : [ -122.18, 37.759998, 37, 1575, 358, 933, 320, 2.2916999, 0 ],
		"SV_299" : [ -122.17, 37.759998, 38, 1764, 397, 987, 354, 2.4333, 0 ],
		"SV_300" : [ -122.18, 37.759998, 50, 1187, 261, 907, 246, 1.9479001, 0 ],
		"SV_301" : [ -122.18, 37.759998, 52, 754, 175, 447, 165, 3.9063001, 0 ],
		"SV_302" : [ -122.18, 37.759998, 49, 2308, 452, 1299, 451, 1.8407, 0 ],
		"SV_303" : [ -122.18, 37.77, 27, 909, 236, 396, 157, 2.0785999, 0 ],
		"SV_304" : [ -122.18, 37.77, 42, 1180, 257, 877, 268, 2.8125, 0 ],
		"SV_305" : [ -122.18, 37.759998, 43, 2018, 408, 1111, 367, 1.8913, 0 ],
		"SV_306" : [ -122.19, 37.759998, 49, 1368, 282, 790, 269, 1.7056, 0 ],
		"SV_307" : [ -122.18, 37.77, 52, 2744, 547, 1479, 554, 2.2767999, 0 ],
		"SV_308" : [ -122.18, 37.77, 51, 2107, 471, 1173, 438, 3.2551999, 0 ],
		"SV_309" : [ -122.18, 37.77, 52, 1748, 362, 1029, 366, 2.0555999, 0 ],
		"SV_310" : [ -122.19, 37.759998, 52, 2024, 391, 1030, 350, 2.4658999, 0 ],
		"SV_311" : [ -122.2, 37.759998, 47, 1116, 259, 826, 279, 1.75, 0 ],
		"SV_312" : [ -122.19, 37.77, 41, 2036, 510, 1412, 454, 2.0469, 0 ],
		"SV_313" : [ -122.19, 37.77, 45, 1852, 393, 1132, 349, 2.7158999, 0 ],
		"SV_314" : [ -122.19, 37.759998, 41, 921, 207, 522, 159, 1.2083, 0 ],
		"SV_315" : [ -122.19, 37.759998, 45, 995, 238, 630, 237, 1.925, 0 ],
		"SV_316" : [ -122.2, 37.75, 36, 606, 132, 531, 133, 1.5809, 0 ],
		"SV_317" : [ -122.2, 37.759998, 37, 2680, 736, 1925, 667, 1.4097, 0 ],
		"SV_318" : [ -122.19, 37.759998, 38, 1493, 370, 1144, 351, 0.7683, 0 ],
		"SV_319" : [ -122.19, 37.75, 19, 2207, 565, 1481, 520, 1.3194, 0 ],
		"SV_320" : [ -122.19, 37.75, 28, 856, 189, 435, 162, 0.80119997, 0 ],
		"SV_321" : [ -122.19, 37.759998, 26, 1293, 297, 984, 303, 1.9479001, 0 ],
		"SV_322" : [ -122.19, 37.740002, 36, 847, 212, 567, 159, 1.1765, 0 ],
		"SV_323" : [ -122.18, 37.740002, 42, 541, 154, 380, 123, 2.3455999, 0 ],
		"SV_324" : [ -122.19, 37.73, 44, 1066, 253, 825, 244, 2.1538, 0 ],
		"SV_325" : [ -122.19, 37.740002, 43, 707, 147, 417, 155, 2.5139, 0 ],
		"SV_326" : [ -122.19, 37.73, 45, 1528, 291, 801, 287, 1.2625, 0 ],
		"SV_327" : [ -122.18, 37.73, 42, 909, 215, 646, 198, 2.9063001, 0 ],
		"SV_328" : [ -122.18, 37.73, 43, 1391, 293, 855, 285, 2.5192001, 0 ],
		"SV_329" : [ -122.18, 37.73, 44, 548, 119, 435, 136, 2.1111, 0 ],
		"SV_330" : [ -122.18, 37.73, 42, 4074, 874, 2736, 780, 2.4549999, 0 ],
		"SV_331" : [ -122.17, 37.740002, 41, 1613, 445, 1481, 414, 2.4028001, 0 ],
		"SV_332" : [ -122.17, 37.740002, 47, 463, 134, 327, 137, 2.1500001, 0 ],
		"SV_333" : [ -122.17, 37.740002, 43, 818, 193, 494, 179, 2.4776001, 0 ],
		"SV_334" : [ -122.17, 37.73, 43, 1473, 371, 1231, 341, 2.1587, 0 ],
		"SV_335" : [ -122.18, 37.740002, 35, 504, 126, 323, 109, 1.8437999, 0 ],
		"SV_336" : [ -122.17, 37.740002, 46, 1026, 226, 749, 225, 3.0297999, 0 ],
		"SV_337" : [ -122.17, 37.740002, 46, 769, 183, 693, 178, 2.25, 0 ],
		"SV_338" : [ -122.18, 37.740002, 46, 2103, 391, 1339, 354, 2.2467, 0 ],
		"SV_339" : [ -122.18, 37.75, 45, 330, 76, 282, 80, 4.0468998, 0 ],
		"SV_340" : [ -122.18, 37.75, 46, 941, 218, 621, 195, 1.325, 0 ],
		"SV_341" : [ -122.17, 37.75, 38, 992, 0, 732, 259, 1.6196001, 0 ],
		"SV_342" : [ -122.18, 37.75, 45, 990, 261, 901, 260, 2.1731, 0 ],
		"SV_343" : [ -122.19, 37.75, 36, 1126, 263, 482, 150, 1.9167, 0 ],
		"SV_344" : [ -122.18, 37.75, 43, 1036, 233, 652, 213, 2.069, 0 ],
		"SV_345" : [ -122.18, 37.75, 36, 1047, 214, 651, 166, 1.712, 0 ],
		"SV_346" : [ -122.17, 37.759998, 33, 1280, 307, 999, 286, 2.5625, 0 ],
		"SV_347" : [ -122.17, 37.75, 43, 1587, 320, 907, 306, 1.9821, 0 ],
		"SV_348" : [ -122.17, 37.75, 41, 1257, 271, 828, 230, 2.5043001, 0 ],
		"SV_349" : [ -122.17, 37.75, 44, 1218, 248, 763, 254, 2.3281, 0 ],
		"SV_350" : [ -122.17, 37.75, 48, 1751, 390, 935, 349, 1.4375, 0 ],
		"SV_351" : [ -122.16, 37.759998, 45, 2299, 514, 1437, 484, 2.5122001, 0 ],
		"SV_352" : [ -122.16, 37.75, 38, 2457, 624, 1516, 482, 1.5625, 0 ],
		"SV_353" : [ -122.17, 37.75, 47, 998, 211, 597, 185, 3.1587, 0 ],
		"SV_354" : [ -122.17, 37.759998, 40, 1685, 343, 949, 342, 1.8426, 0 ],
		"SV_355" : [ -122.16, 37.759998, 46, 1827, 307, 881, 302, 4.6696, 0 ],
		"SV_356" : [ -122.16, 37.759998, 36, 2781, 574, 1438, 519, 2.4598, 0 ],
		"SV_357" : [ -122.15, 37.759998, 39, 1823, 286, 763, 270, 6.0749002, 0 ],
		"SV_358" : [ -122.14, 37.77, 27, 2229, 365, 1297, 355, 4.8304, 0 ],
		"SV_359" : [ -122.14, 37.759998, 34, 1513, 231, 545, 211, 5.5700998, 0 ],
		"SV_360" : [ -122.13, 37.759998, 26, 3266, 491, 1222, 533, 5.3699999, 0 ],
		"SV_361" : [ -122.12, 37.75, 33, 1809, 261, 808, 219, 6.8600001, 0 ],
		"SV_362" : [ -122.12, 37.75, 28, 794, 111, 329, 109, 7.6922998, 0 ],
		"SV_363" : [ -122.14, 37.75, 36, 690, 105, 299, 109, 4.0313001, 0 ],
		"SV_364" : [ -122.14, 37.75, 33, 1334, 200, 579, 202, 6.8323002, 0 ],
		"SV_365" : [ -122.13, 37.75, 30, 414, 54, 137, 50, 4.9749999, 0 ],
		"SV_366" : [ -122.13, 37.75, 36, 768, 93, 229, 93, 5.3601999, 0 ],
		"SV_367" : [ -122.13, 37.740002, 41, 4400, 666, 1476, 648, 5, 0 ],
		"SV_368" : [ -122.16, 37.75, 46, 954, 161, 429, 154, 2.925, 0 ],
		"SV_369" : [ -122.15, 37.75, 40, 1445, 256, 849, 255, 3.8913, 0 ],
		"SV_370" : [ -122.15, 37.75, 44, 1938, 399, 946, 331, 3.2249999, 0 ],
		"SV_371" : [ -122.15, 37.740002, 41, 856, 178, 571, 191, 3.1458001, 0 ],
		"SV_372" : [ -122.16, 37.75, 24, 1790, 454, 1137, 386, 2.5369999, 0 ],
		"SV_373" : [ -122.16, 37.75, 44, 617, 131, 378, 135, 2.5567999, 0 ],
		"SV_374" : [ -122.15, 37.740002, 43, 1383, 275, 853, 272, 3.5083001, 0 ],
		"SV_375" : [ -122.15, 37.740002, 49, 1325, 277, 764, 282, 3.3125, 0 ],
		"SV_376" : [ -122.16, 37.75, 40, 1227, 294, 928, 261, 1.8235, 0 ],
		"SV_377" : [ -122.16, 37.75, 35, 667, 140, 406, 133, 3.8046999, 0 ],
		"SV_378" : [ -122.17, 37.740002, 34, 1223, 281, 824, 280, 2.2916999, 0 ],
		"SV_379" : [ -122.17, 37.75, 37, 1379, 287, 835, 259, 2.4962001, 0 ],
		"SV_380" : [ -122.16, 37.740002, 43, 1534, 300, 826, 295, 4.0416999, 0 ],
		"SV_381" : [ -122.16, 37.740002, 46, 1029, 181, 567, 211, 3.4844, 0 ],
		"SV_382" : [ -122.16, 37.740002, 52, 771, 147, 355, 144, 4.1458001, 0 ],
		"SV_383" : [ -122.16, 37.740002, 47, 824, 223, 533, 166, 2.625, 0 ],
		"SV_384" : [ -122.16, 37.740002, 44, 1097, 239, 609, 215, 2.0227001, 0 ],
		"SV_385" : [ -122.29, 37.900002, 49, 1283, 238, 576, 236, 3.3333001, 0 ],
		"SV_386" : [ -122.29, 37.900002, 52, 1604, 263, 594, 286, 5.3379998, 0 ],
		"SV_387" : [ -122.29, 37.889999, 52, 2248, 422, 870, 377, 3.4732001, 0 ],
		"SV_388" : [ -122.3, 37.900002, 38, 2263, 522, 1027, 509, 3.5125, 0 ],
		"SV_389" : [ -122.29, 37.889999, 52, 1571, 349, 693, 326, 3.1375, 0 ],
		"SV_390" : [ -122.3, 37.889999, 46, 1520, 402, 815, 375, 2.8036001, 0 ],
		"SV_391" : [ -122.3, 37.900002, 15, 5083, 1212, 2420, 1146, 4.5823998, 0 ],
		"SV_392" : [ -122.3, 37.889999, 36, 1077, 293, 518, 276, 3.0208001, 0 ],
		"SV_393" : [ -122.3, 37.889999, 52, 1248, 283, 620, 275, 4.0875001, 0 ],
		"SV_394" : [ -122.33, 37.889999, 42, 1342, 291, 551, 266, 4.5268002, 0 ],
		"SV_395" : [ -122.34, 37.880001, 37, 3061, 930, 2556, 924, 1.7375, 0 ],
		"SV_396" : [ -122.29, 37.889999, 52, 3171, 698, 1498, 696, 3.1795001, 0 ],
		"SV_397" : [ -122.29, 37.880001, 50, 1211, 261, 523, 227, 3.8671999, 0 ],
		"SV_398" : [ -122.29, 37.889999, 52, 979, 175, 374, 153, 5.1675, 0 ],
		"SV_399" : [ -122.29, 37.889999, 52, 2269, 380, 1004, 371, 5.1696, 0 ],
		"SV_400" : [ -122.28, 37.880001, 52, 1844, 332, 769, 334, 4.2614002, 0 ],
		"SV_401" : [ -122.29, 37.889999, 52, 2178, 421, 940, 423, 5.0551, 0 ],
		"SV_402" : [ -122.27, 37.900002, 42, 1650, 274, 645, 256, 5.6227999, 0 ],
		"SV_403" : [ -122.26, 37.900002, 52, 1927, 279, 705, 288, 7.8864002, 0 ],
		"SV_404" : [ -122.27, 37.900002, 52, 2079, 273, 684, 275, 7.9555998, 0 ],
		"SV_405" : [ -122.27, 37.900002, 52, 1803, 240, 572, 236, 6.1739998, 0 ],
		"SV_406" : [ -122.27, 37.900002, 52, 2041, 270, 671, 253, 6.9414001, 0 ],
		"SV_407" : [ -122.27, 37.889999, 52, 3046, 373, 975, 365, 8.8341999, 0 ],
		"SV_408" : [ -122.28, 37.900002, 52, 2318, 328, 779, 312, 7.1753998, 0 ],
		"SV_409" : [ -122.28, 37.900002, 52, 2003, 250, 658, 244, 10.0825, 0 ],
		"SV_410" : [ -122.28, 37.900002, 52, 2261, 328, 819, 335, 4.9082999, 0 ],
		"SV_411" : [ -122.28, 37.889999, 52, 1225, 169, 412, 168, 5.7912002, 0 ],
		"SV_412" : [ -122.28, 37.889999, 52, 2315, 408, 835, 369, 4.5893002, 0 ],
		"SV_413" : [ -122.28, 37.889999, 52, 2070, 329, 722, 306, 5.4171, 0 ],
		"SV_414" : [ -122.28, 37.889999, 52, 2616, 473, 1085, 487, 4.125, 0 ],
		"SV_415" : [ -122.27, 37.889999, 52, 2640, 366, 973, 355, 7.2659998, 0 ],
		"SV_416" : [ -122.27, 37.889999, 52, 1978, 293, 723, 272, 5.3989, 0 ],
		"SV_417" : [ -122.26, 37.900002, 37, 2220, 335, 903, 362, 7.8336, 0 ],
		"SV_418" : [ -122.25, 37.889999, 41, 1125, 195, 356, 181, 6.1592999, 0 ],
		"SV_419" : [ -122.26, 37.889999, 52, 3078, 494, 1005, 462, 6.381, 0 ],
		"SV_420" : [ -122.26, 37.889999, 52, 3706, 531, 1205, 504, 6.6827998, 0 ],
		"SV_421" : [ -122.25, 37.889999, 37, 3000, 457, 987, 450, 7.5384998, 0 ],
		"SV_422" : [ -122.25, 37.889999, 42, 2863, 460, 1031, 448, 6.7138, 0 ],
		"SV_423" : [ -122.26, 37.880001, 52, 2551, 417, 894, 404, 6.2424998, 0 ],
		"SV_424" : [ -122.26, 37.880001, 52, 2255, 410, 823, 377, 5.7979002, 0 ],
		"SV_425" : [ -122.27, 37.880001, 52, 3360, 648, 1232, 621, 4.2813001, 0 ],
		"SV_426" : [ -122.27, 37.880001, 52, 1693, 391, 669, 367, 3.5416999, 0 ],
		"SV_427" : [ -122.27, 37.880001, 44, 2252, 592, 989, 550, 3.0132, 0 ],
		"SV_428" : [ -122.28, 37.880001, 52, 2495, 491, 1058, 464, 4.1429, 0 ],
		"SV_429" : [ -122.28, 37.880001, 52, 1193, 200, 506, 207, 4.1911998, 0 ],
		"SV_430" : [ -122.28, 37.880001, 52, 1172, 215, 489, 218, 3.9166999, 0 ],
		"SV_431" : [ -122.29, 37.880001, 52, 2159, 424, 824, 388, 3.8896999, 0 ],
		"SV_432" : [ -122.29, 37.880001, 48, 2365, 490, 1034, 475, 3.1064999, 0 ],
		"SV_433" : [ -122.29, 37.880001, 46, 1895, 442, 920, 425, 2.9926, 0 ],
		"SV_434" : [ -122.29, 37.880001, 52, 1650, 395, 841, 380, 3.556, 0 ],
		"SV_435" : [ -122.3, 37.880001, 45, 453, 146, 749, 137, 1.475, 0 ],
		"SV_436" : [ -122.3, 37.880001, 52, 409, 97, 208, 98, 1.6971, 0 ],
		"SV_437" : [ -122.3, 37.869999, 10, 503, 118, 228, 100, 2.1705, 0 ],
		"SV_438" : [ -122.3, 37.860001, 50, 499, 127, 287, 128, 2.75, 0 ],
		"SV_439" : [ -122.29, 37.849998, 52, 477, 119, 218, 106, 2.5682001, 0 ],
		"SV_440" : [ -122.3, 37.880001, 46, 1647, 376, 854, 355, 2.9000001, 0 ],
		"SV_441" : [ -122.3, 37.869999, 52, 3123, 749, 1695, 684, 2.2207999, 0 ],
		"SV_442" : [ -122.28, 37.880001, 52, 957, 188, 403, 172, 3.2344, 0 ],
		"SV_443" : [ -122.28, 37.869999, 52, 589, 132, 288, 131, 3.5156, 0 ],
		"SV_444" : [ -122.28, 37.869999, 49, 2026, 548, 963, 521, 1.9805, 0 ],
		"SV_445" : [ -122.29, 37.869999, 50, 1829, 536, 1129, 516, 2.6684, 0 ],
		"SV_446" : [ -122.29, 37.869999, 52, 895, 198, 386, 204, 3.875, 0 ],
		"SV_447" : [ -122.28, 37.880001, 52, 1909, 416, 811, 406, 3.006, 0 ],
		"SV_448" : [ -122.28, 37.869999, 46, 3022, 696, 1293, 675, 2.543, 0 ],
		"SV_449" : [ -122.28, 37.869999, 46, 1777, 446, 805, 431, 2.8676, 0 ],
		"SV_450" : [ -122.27, 37.880001, 52, 2803, 930, 1372, 876, 2.1907001, 0 ],
		"SV_451" : [ -122.27, 37.869999, 30, 1465, 439, 862, 425, 1.7778, 0 ],
		"SV_452" : [ -122.27, 37.880001, 37, 2619, 682, 1152, 616, 2.52, 0 ],
		"SV_453" : [ -122.26, 37.880001, 52, 1149, 255, 483, 249, 4.2788, 0 ],
		"SV_454" : [ -122.26, 37.880001, 52, 2363, 604, 1558, 573, 2.944, 0 ],
		"SV_455" : [ -122.26, 37.880001, 52, 2604, 837, 1798, 769, 1.725, 0 ],
		"SV_456" : [ -122.25, 37.869999, 41, 685, 141, 266, 123, 5.2289, 0 ],
		"SV_457" : [ -122.25, 37.869999, 42, 1756, 465, 2184, 422, 2.5562, 0 ],
		"SV_458" : [ -122.25, 37.869999, 52, 1204, 460, 2016, 477, 0.949, 0 ],
		"SV_459" : [ -122.25, 37.869999, 52, 609, 236, 1349, 250, 1.1696, 0 ],
		"SV_460" : [ -122.26, 37.869999, 52, 1087, 371, 3337, 350, 1.4012001, 0 ],
		"SV_461" : [ -122.26, 37.869999, 52, 2773, 998, 1721, 949, 1.1859, 0 ],
		"SV_462" : [ -122.27, 37.869999, 35, 3218, 1108, 1675, 1000, 1.7464, 0 ],
		"SV_463" : [ -122.27, 37.869999, 49, 1350, 368, 707, 350, 2.8845999, 0 ],
		"SV_464" : [ -122.27, 37.869999, 52, 3084, 698, 1424, 694, 2.7372, 0 ],
		"SV_465" : [ -122.28, 37.860001, 52, 938, 195, 393, 189, 3.8594, 0 ],
		"SV_466" : [ -122.28, 37.869999, 52, 1813, 353, 828, 339, 3.5625, 0 ],
		"SV_467" : [ -122.28, 37.869999, 52, 1233, 300, 571, 292, 2.2788, 0 ],
		"SV_468" : [ -122.29, 37.869999, 44, 2539, 755, 1382, 713, 2.5369999, 0 ],
		"SV_469" : [ -122.29, 37.869999, 46, 1267, 324, 792, 321, 2.5250001, 0 ],
		"SV_470" : [ -122.29, 37.860001, 52, 1665, 404, 815, 372, 1.9946001, 0 ],
		"SV_471" : [ -122.28, 37.860001, 52, 1659, 367, 788, 346, 2.8213999, 0 ],
		"SV_472" : [ -122.29, 37.869999, 52, 2225, 460, 1145, 430, 2.6164999, 0 ],
		"SV_473" : [ -122.29, 37.860001, 50, 2485, 607, 1354, 563, 1.9483, 0 ],
		"SV_474" : [ -122.28, 37.860001, 52, 2031, 450, 958, 445, 1.9327, 0 ],
		"SV_475" : [ -122.28, 37.860001, 49, 2932, 668, 1361, 608, 1.9798, 0 ],
		"SV_476" : [ -122.28, 37.849998, 52, 2246, 472, 1005, 449, 2.4166999, 0 ],
		"SV_477" : [ -122.27, 37.860001, 49, 2052, 435, 924, 414, 2.5416999, 0 ],
		"SV_478" : [ -122.28, 37.860001, 52, 1999, 417, 780, 358, 3.3906, 0 ],
		"SV_479" : [ -122.28, 37.860001, 52, 3007, 691, 1582, 636, 2.5652001, 0 ],
		"SV_480" : [ -122.28, 37.860001, 41, 2214, 550, 1213, 568, 2.2844999, 0 ],
		"SV_481" : [ -122.27, 37.860001, 52, 1088, 305, 486, 267, 2.6071, 0 ],
		"SV_482" : [ -122.27, 37.860001, 52, 834, 186, 494, 175, 3.1500001, 0 ],
		"SV_483" : [ -122.27, 37.860001, 52, 1769, 372, 849, 365, 2.6914001, 0 ],
		"SV_484" : [ -122.27, 37.860001, 52, 2307, 583, 1127, 548, 1.8447, 0 ],
		"SV_485" : [ -122.26, 37.860001, 35, 5161, 1744, 3276, 1742, 1.6307, 0 ],
		"SV_486" : [ -122.26, 37.860001, 52, 3497, 832, 1493, 794, 2.9044001, 0 ],
		"SV_487" : [ -122.26, 37.860001, 52, 3774, 744, 1461, 679, 2.9405, 0 ],
		"SV_488" : [ -122.26, 37.860001, 52, 2888, 604, 1253, 538, 3.3893001, 0 ],
		"SV_489" : [ -122.25, 37.860001, 48, 2153, 517, 1656, 459, 3.0416999, 0 ],
		"SV_490" : [ -122.25, 37.860001, 52, 1389, 191, 514, 202, 7.0897002, 0 ],
		"SV_491" : [ -122.25, 37.860001, 52, 1709, 318, 719, 295, 5.0462999, 0 ],
		"SV_492" : [ -122.25, 37.860001, 52, 1587, 444, 878, 449, 1.7652, 0 ],
		"SV_493" : [ -122.24, 37.860001, 52, 1668, 225, 517, 214, 7.8520999, 0 ],
		"SV_494" : [ -122.24, 37.849998, 52, 3726, 474, 1366, 496, 9.3958998, 0 ],
		"SV_495" : [ -122.25, 37.860001, 52, 4048, 663, 1316, 590, 5.3793998, 0 ],
		"SV_496" : [ -122.26, 37.849998, 52, 3618, 768, 1508, 755, 3.2618999, 0 ],
		"SV_497" : [ -122.27, 37.849998, 52, 4076, 920, 1800, 815, 2.7054, 0 ],
		"SV_498" : [ -122.27, 37.849998, 47, 2077, 400, 719, 326, 2.2430999, 0 ],
		"SV_499" : [ -122.27, 37.849998, 50, 1279, 300, 675, 255, 1.9028, 0 ],
		"SV_500" : [ -122.27, 37.849998, 52, 1974, 426, 875, 363, 1.5817, 0 ],
		"SV_501" : [ -122.27, 37.849998, 52, 335, 83, 152, 77, 2.2841001, 0 ],
		"SV_502" : [ -122.27, 37.849998, 47, 1375, 307, 843, 319, 1.3785, 0 ],
		"SV_503" : [ -122.28, 37.849998, 52, 610, 145, 281, 132, 2.9017999, 0 ],
		"SV_504" : [ -122.28, 37.849998, 44, 1025, 198, 506, 204, 1.73, 0 ],
		"SV_505" : [ -122.28, 37.849998, 48, 2063, 484, 1054, 466, 2.2625, 0 ],
		"SV_506" : [ -122.29, 37.84, 35, 1872, 419, 1017, 414, 2.2105999, 0 ],
		"SV_507" : [ -122.28, 37.830002, 52, 3108, 813, 1623, 765, 2.6997001, 0 ],
		"SV_508" : [ -122.3, 37.84, 14, 7355, 2408, 3100, 2051, 4.0018001, 0 ],
		"SV_509" : [ -122.23, 37.830002, 52, 2990, 379, 947, 361, 7.8772001, 0 ],
		"SV_510" : [ -122.22, 37.82, 39, 2492, 310, 808, 315, 11.8603, 0 ],
		"SV_511" : [ -122.22, 37.82, 42, 2991, 335, 1018, 335, 13.499, 0 ]
	},
	"SupportVectorsCoefs" : {
		"SV_coef_0" : [ 1, 1, 1, 1, 1, 1, 1, 1, 1, 1, 1, 1, 1, 1, 1, -1, -1, -1, 1, 1, -1, 1, -1, -1, -1, -1, -1, -1, -1, -1, -1, -1, -1, -1, -1, -1, -1, -1, 1, 1, -1, -1, -1, 1, 1, 1, -1, -1, 1, -1, 1, -1, -1, -1, -1, -1, -1, -1, -1, -1, -1, -1, -1, -1, -1, -1, -1, -1, -1, -1, -1, -1, -1, -1, -1, 1, -1, -1, -1, -1, 1, -1, -1, -1, -1, -1, -1, 1, -1, 1, 1, -1, 1, 1, 1, -1, 1, -1, 1, 1, 1, 1, 1, 1, 1, 1, 1, 1, 1, 1, 1, 1, 1, 1, 1, 1, 1, 1, 1, 1, 1, 1, 1, 1, 1, 1, 1, 1, 1, 1, 1, 1, 1, 1, 1, 1, 1, 1, 1, 1, 1, 1, 1, 1, 1, 1, 1, 1, 1, 1, 1, 1, 1, 1, 1, 1, 1, 1, 1, 1, 1, 1, 1, 1, 1, 1, 1, 1, -1, -1, -1, -1, -1, -1, -1, -1, -1, 1, -1, -1, 1, -1, -1, -1, -1, -1, -1, -1, -1, -1, -1, -1, -1, -1, -1, -1, -1, -1, -1, -1, -1, -1, -1, -1, -1, -1, -1, -1, -1, -1, -1, 1, -1, -1, -1, -1, -1, -1, -1, -1, -1, -1, 1, 1, 1, 1, 1, 1, 1, 1, 1, 1, 1, 1, -1, -1, -1, -1, -1, -1, -1, -1, -1, -1, -1, -1, -1, -1, -1, -1, -1, -1, -1, -1, -1, -1, -1, -1, -1, -1, 1, -1, -1, -1, -1, 1, -1, -1, 1, -1, 1, 1, 1, 1, 1, 1, 1, 1, 1, 1, 1, 1, 1, 1, -1, -1, -1, 1, -1, -1, 1, -1, 1, -1, -1, -1, -1, -1, -1, -1, -1, -1, -1, -1, -1, -1, -1, -1, -1, -1, -1, -1, -1, -1, -1, -1, -1, -1, -1, -1, -1, -1, -1, -1, -1, -1, -1, -1, -1, -1, -1, -1, -1, -1, -1, -1, -1, -1, -1, -1, -1, -1, -1, -1, -1, -1, -1, -1, -1, -1, -1, -1, -1, -1, -1, 1, -1, 1, 1, 1, 1, 1, 1, 1, 1, 1, 1, 1, -1, -1, -1, -1, -1, -1, -1, -1, -1, -1, -1, -1, -1, -1, -1, -1, -1, 1, 1, 1, 1, 1, 1, 1, 1, 1, 1, 1, 1, 1, 1, 1, 1, 1, 1, 1, 1, 1, 1, 1, 1, 1, 1, 1, 1, 1, 1, 1, 1, 1, 1, 1, 1, 1, 1, 1, 1, 1, 1, 1, 1, 1, 1, 1, 1, 1, 1, 1, -1, -1, -1, -1, -1, -1, 1, 1, 1, 1, 1, 1, 1, 1, 1, 1, 1, 1, 1, 1, 1, 1, 1, 1, 1, 1, 1, 1, 1, 1, 1, 1, 1, 1, -1, 1, -1, -1, 1, -1, -1, 1, 1, 1, -1, 1, 1, 1, 1, 1, 1, 1, 1, 1, 1, 1, 1, 1, 1, 1, 1, 1, 1, -1, -1, -1, -1, -1, -1, -1, -1, -1, -1, 1, 1, 1 ]
	},
	"rho" : [ -157584.97 ],
	"nSV" : [ ],
	"probA" : [ ],
	"probB" : [ ],
	"n_iter" : [ 316 ],
	"sv_ind" : [ 0, 1, 2, 3, 4, 5, 6, 7, 8, 9, 10, 11, 12, 13, 14, 15, 16, 17, 18, 19, 20, 21, 22, 23, 24, 25, 26, 27, 28, 29, 30, 31, 32, 33, 34, 35, 36, 37, 38, 39, 40, 41, 42, 43, 44, 45, 46, 47, 48, 49, 50, 51, 52, 53, 54, 55, 56, 57, 58, 59, 60, 61, 62, 63, 64, 65, 66, 67, 68, 69, 70, 71, 72, 73, 74, 75, 76, 77, 78, 79, 80, 81, 82, 83, 84, 85, 86, 87, 88, 89, 90, 91, 92, 93, 94, 95, 96, 97, 98, 99, 100, 101, 102, 103, 104, 105, 106, 107, 108, 109, 110, 111, 112, 113, 114, 115, 116, 117, 118, 119, 120, 121, 122, 123, 124, 125, 126, 127, 128, 129, 130, 131, 132, 133, 134, 135, 136, 137, 138, 139, 140, 141, 142, 143, 144, 145, 146, 147, 148, 149, 150, 151, 152, 153, 154, 155, 156, 157, 158, 159, 160, 161, 162, 163, 164, 165, 166, 167, 168, 169, 170, 171, 172, 173, 174, 175, 176, 177, 178, 179, 180, 181, 182, 183, 184, 185, 186, 187, 188, 189, 190, 191, 192, 193, 194, 195, 196, 197, 198, 199, 200, 201, 202, 203, 204, 205, 206, 207, 208, 209, 210, 211, 212, 213, 214, 215, 216, 217, 218, 219, 220, 221, 222, 223, 224, 225, 226, 227, 228, 229, 230, 231, 232, 233, 234, 235, 236, 237, 238, 239, 240, 241, 242, 243, 244, 245, 246, 247, 248, 249, 250, 251, 252, 253, 254, 255, 256, 257, 258, 259, 260, 261, 262, 263, 264, 265, 266, 267, 268, 269, 270, 271, 272, 273, 274, 275, 276, 277, 278, 279, 280, 281, 282, 283, 284, 285, 286, 287, 288, 289, 290, 291, 292, 293, 294, 295, 296, 297, 298, 299, 300, 301, 302, 303, 304, 305, 306, 307, 308, 309, 310, 311, 312, 313, 314, 315, 316, 317, 318, 319, 320, 321, 322, 323, 324, 325, 326, 327, 328, 329, 330, 331, 332, 333, 334, 335, 336, 337, 338, 339, 340, 341, 342, 343, 344, 345, 346, 347, 348, 349, 350, 351, 352, 353, 354, 355, 356, 357, 358, 359, 360, 361, 362, 363, 364, 365, 366, 367, 368, 369, 370, 371, 372, 373, 374, 375, 376, 377, 378, 379, 380, 381, 382, 383, 384, 385, 386, 387, 388, 389, 390, 391, 392, 393, 394, 395, 396, 397, 398, 399, 400, 401, 402, 403, 404, 405, 406, 407, 408, 409, 410, 411, 412, 413, 414, 415, 416, 417, 418, 419, 420, 421, 422, 423, 424, 425, 426, 427, 428, 429, 430, 431, 432, 433, 434, 435, 436, 437, 438, 439, 440, 441, 442, 443, 444, 445, 446, 447, 448, 449, 450, 451, 452, 453, 454, 455, 456, 457, 458, 459, 460, 461, 462, 463, 464, 465, 466, 467, 468, 469, 470, 471, 472, 473, 474, 475, 476, 477, 478, 479, 480, 481, 482, 483, 484, 485, 486, 487, 488, 489, 490, 491, 492, 493, 494, 495, 496, 497, 498, 499, 500, 501, 502, 503, 504, 505, 506, 507, 508, 509, 510, 511 ]
}
}
TREE_JSON_DUMP_END
MCU_DEPLOY_REGRESSION_CODE step 6
MCU_DEPLOY_REGRESSION_CODE step 7
MLLITE_AUTO_DEPLOY_CALIFORNIA_HOUSING_MEDIUM_APPLY_OUTPUT_REG  [ 157543.84, 157591.62, 157559.84, 157552.94, 157566.06,  ... , 157618.22, 157586.89, 157616.83, 157600.59, 157616.3 ]
MLLITE_AUTO_DEPLOY_CALIFORNIA_HOUSING_MEDIUM_REG_PERFS { "count" : 512, "rmse" : 105925.44, "mape" : 0.41667747, "R2" : -0.11186779 }
This will be printed
MCU_DEPLOY_REGRESSION_CODE step 8
MCU_DEPLOY_REGRESSION_CODE done
MLLITE_MCU_TIMER_OPERATION_ELAPSED_SECONDS 'MLLITE.MCU_DEPLOY.REGRESSION.Vapnik_SVR_RBF.CALIFORNIA_HOUSING_MEDIUM' 0
MLLITE_MCU_TIMER_OPERATION_END 'MLLITE.MCU_DEPLOY.REGRESSION.Vapnik_SVR_RBF.CALIFORNIA_HOUSING_MEDIUM' [ 'Tue Jan 23 09:44:27 2024' ]
MCU_DEPLOY_ON_TARGET_X86_64_END
