MCU_DEPLOY_ON_TARGET_X86_64_START
MLLITE_MCU_TIMER_OPERATION_START 'MLLITE.MCU_DEPLOY.REGRESSION.Rosenblatt_MLP.FREIDMAN3_MEDIUM' [ 'Sat Feb  3 23:18:19 2024' ]
MLLite starting
MCU_DEPLOY_REGRESSION_CODE CREATE_DATASET_STEP
MCU_DEPLOY_REGRESSION_CODE CREATE_MODEL_STEP
MCU_DEPLOY_REGRESSION_MODEL_OPTIONS
{  "hidden_layer_sizes" : [ 4, 6 ], "activation" : "relu", "solver" : "adam", "alpha" : 9.9999997e-05, "batch_size" : null, "learning_rate" : "constant", "learning_rate_init" : 0.001, "power_t" : 0.5, "max_iter" : 32, "shuffle" : 1, "random_state" : 1789, "tol" : 9.9999997e-05, "verbose" : 0, "warm_start" : 0, "momentum" : 0.89999998, "nesterovs_momentum" : 1, "early_stopping" : 0, "validation_fraction" : 0.1, "beta_1" : 0.89999998, "beta_2" : 0.99900001, "epsilon" : 9.9999999e-09, "n_iter_no_change" : 10, "max_fun" : 15000 }
MCU_DEPLOY_REGRESSION_CODE FIT_MODEL_STEP
PROGRESS_REPORT_ELAPSED_TOTAL 'MLP_MODEL_FIT' 1 3
PROGRESS_REPORT_ELAPSED_TOTAL 'MLP_MODEL_FIT' 2 3
PROGRESS_REPORT_ELAPSED_TOTAL 'MLP_MODEL_FIT_BACK_PROP_ITERATION' 3 32
PROGRESS_REPORT_ELAPSED_TOTAL 'MLP_MODEL_FIT_BACK_PROP_ITERATION' 6 32
PROGRESS_REPORT_ELAPSED_TOTAL 'MLP_MODEL_FIT_BACK_PROP_ITERATION' 9 32
PROGRESS_REPORT_ELAPSED_TOTAL 'MLP_MODEL_FIT_BACK_PROP_ITERATION' 12 32
PROGRESS_REPORT_ELAPSED_TOTAL 'MLP_MODEL_FIT_BACK_PROP_ITERATION' 15 32
PROGRESS_REPORT_ELAPSED_TOTAL 'MLP_MODEL_FIT_BACK_PROP_ITERATION' 18 32
PROGRESS_REPORT_ELAPSED_TOTAL 'MLP_MODEL_FIT_BACK_PROP_ITERATION' 21 32
PROGRESS_REPORT_ELAPSED_TOTAL 'MLP_MODEL_FIT_BACK_PROP_ITERATION' 24 32
PROGRESS_REPORT_ELAPSED_TOTAL 'MLP_MODEL_FIT_BACK_PROP_ITERATION' 27 32
PROGRESS_REPORT_ELAPSED_TOTAL 'MLP_MODEL_FIT_BACK_PROP_ITERATION' 30 32
PROGRESS_REPORT_ELAPSED_TOTAL 'MLP_MODEL_FIT_BACK_PROP_ITERATION' 32 32
PROGRESS_REPORT_ELAPSED_TOTAL 'MLP_MODEL_FIT' 3 3
MCU_DEPLOY_REGRESSION_CODE MODEL_JSON_EXPORT_STEP
MODEL_JSON_DUMP_START
{
	"metadata" : { "model" : "Rosenblatt_MLP", "version" : "2024-W04"},
	"options" : {  "hidden_layer_sizes" : [ 4, 6 ], "activation" : "relu", "solver" : "adam", "alpha" : 9.9999997e-05, "batch_size" : null, "learning_rate" : "constant", "learning_rate_init" : 0.001, "power_t" : 0.5, "max_iter" : 32, "shuffle" : 1, "random_state" : 1789, "tol" : 9.9999997e-05, "verbose" : 0, "warm_start" : 0, "momentum" : 0.89999998, "nesterovs_momentum" : 1, "early_stopping" : 0, "validation_fraction" : 0.1, "beta_1" : 0.89999998, "beta_2" : 0.99900001, "epsilon" : 9.9999999e-09, "n_iter_no_change" : 10, "max_fun" : 15000 },
	"dataset" : { "dataset_rows" : 100, "dataset_features" : 4 },
	"layers" : {
		"sizes" : [ 4, 4, 6, 1 ],
		"Layer_0" : {
			"name" : "Input_Layer",
			"NbInputs" : 0,
			"NbOutputs" : 4 
		},
		"Layer_1" : {
			"name" : "Hidden_Layer_1",
			"NbInputs" : 4,
			"NbOutputs" : 4 ,
			"coeffs_0" : [ -0.04983519, 0.42294583, -0.38070437, -0.090065882 ],
			"coeffs_1" : [ 0.18686259, -0.58004838, 0.22279148, -0.0001467549 ],
			"coeffs_2" : [ 0.76484972, 0.16266844, 0.69222075, -0.16294119 ],
			"coeffs_3" : [ 0.88744807, -0.73741782, -0.39061803, 0.29496777 ],
			"intercepts" : [ 0.4791638, -0.41489154, -0.46858376, -0.69927561 ]
		},
		"Layer_2" : {
			"name" : "Hidden_Layer_2",
			"NbInputs" : 4,
			"NbOutputs" : 6 ,
			"coeffs_0" : [ 0.30034024, -0.73633498, -0.10536425, 0.0060693324, -0.13408083, -0.73289371 ],
			"coeffs_1" : [ -0.37089315, 0.60590482, -0.044794824, 0.0043123472, -0.66554344, 0.03385755 ],
			"coeffs_2" : [ -0.27174115, 0.26188064, -0.13596271, 0.29894739, -0.48858258, 0.65011621 ],
			"coeffs_3" : [ -0.60035539, 0.39031932, -0.52918851, 0.40323731, 0.16141705, 0.68078965 ],
			"intercepts" : [ -0.52223229, -0.5969826, 0.25912583, 0.24982128, 0.52097785, 0.6362012 ]
		},
		"Layer_3" : {
			"name" : "Output_Layer",
			"NbInputs" : 6,
			"NbOutputs" : 1 ,
			"coeffs_0" : [ 0.66875404 ],
			"coeffs_1" : [ -0.57389021 ],
			"coeffs_2" : [ 0.52632976 ],
			"coeffs_3" : [ 0.72628027 ],
			"coeffs_4" : [ -0.53180104 ],
			"coeffs_5" : [ 0.39035383 ],
			"intercepts" : [ 0.24452588 ]
		}
	}
}
MODEL_JSON_DUMP_END
MCU_DEPLOY_REGRESSION_CODE MODEL_PREDICT_STEP
MLLITE_AUTO_DEPLOY_FREIDMAN3_MEDIUM_APPLY_OUTPUT_REG  [ 28.601799, 73.786171, 23.719038, 23.790787, 35.740562,  ... , 55.401958, 71.87104, 80.317909, 25.092182, 9.5802927 ]
MCU_DEPLOY_REGRESSION_CODE MODEL_COMPUTE_PERF_STEP
MLLITE_AUTO_DEPLOY_FREIDMAN3_MEDIUM_REG_PERFS { "count" : 100, "rmse" : 45.921265, "mape" : 47.936089, "R2" : -26721.834 }
This will be printed
MCU_DEPLOY_REGRESSION_CODE ALL_STEPS_OK
MCU_DEPLOY_REGRESSION_CODE done
MLLITE_MCU_TIMER_OPERATION_ELAPSED_SECONDS 'MLLITE.MCU_DEPLOY.REGRESSION.Rosenblatt_MLP.FREIDMAN3_MEDIUM' 0
MLLITE_MCU_TIMER_OPERATION_END 'MLLITE.MCU_DEPLOY.REGRESSION.Rosenblatt_MLP.FREIDMAN3_MEDIUM' [ 'Sat Feb  3 23:18:19 2024' ]
MCU_DEPLOY_ON_TARGET_X86_64_END
EXECUTION_TIME_DETAIL = {'CMD':'timeout 180 ./x86_64/regression/x86_64_regression_mlp_freidman3_medium.exe', 'ElapsedTimeSecs':(0.04, 0.00, 0.04), 'MAX_MEM_KB':1728, 'CPU_PRCNT':'97%', 'FILES_IN':0, 'FILES_OUT':16, 'EXIT_STATUS':0}
