MCU_DEPLOY_ON_TARGET_X86_64_START
MLLITE_MCU_TIMER_OPERATION_START 'MLLITE.MCU_DEPLOY.REGRESSION.Tikhonov_Ridge.CALIFORNIA_HOUSING_SMALL' [ 'Tue Jan 23 09:44:27 2024' ]
MLLite starting
MCU_DEPLOY_REGRESSION_CODE step 1
MCU_DEPLOY_REGRESSION_CODE step 2
MCU_DEPLOY_REGRESSION_CODE step 3
MCU_DEPLOY_REGRESSION_MODEL_OPTIONS
{ "alpha" : 0.0099999998, "random_state" : 1789 }
MCU_DEPLOY_REGRESSION_CODE step 4
PROGRESS_REPORT_ELAPSED_TOTAL 'RIDGE_REGRESSOR_FIT' 1 2
PROGRESS_REPORT_ELAPSED_TOTAL 'CHOLESKY_SOLVER' 1 6
PROGRESS_REPORT_ELAPSED_TOTAL 'CHOLESKY_SOLVER' 2 6
PROGRESS_REPORT_ELAPSED_TOTAL 'CHOLESKY_SOLVER' 3 6
PROGRESS_REPORT_ELAPSED_TOTAL 'CHOLESKY_SOLVER' 4 6
PROGRESS_REPORT_ELAPSED_TOTAL 'CHOLESKY_SOLVER' 5 6
PROGRESS_REPORT_ELAPSED_TOTAL 'CHOLESKY_SOLVER' 6 6
PROGRESS_REPORT_ELAPSED_TOTAL 'RIDGE_REGRESSOR_FIT' 2 2
MCU_DEPLOY_REGRESSION_CODE step 5
TREE_JSON_DUMP_START
{
	"metadata" : { "model" : "Tikhonov_Ridge", "version" : "2024-W03"},
	"options" : { "alpha" : 0.0099999998, "random_state" : 1789 },
	"equations : " : {
			"intercept" : -4585679,
			"coeffs" : [ -57222.109, -62594.711, 475.54834, -26.541855, 527.8877, -28.792192, -345.49588, 42490.824, 0 ]
		}
}
TREE_JSON_DUMP_END
MCU_DEPLOY_REGRESSION_CODE step 6
MCU_DEPLOY_REGRESSION_CODE step 7
MLLITE_AUTO_DEPLOY_CALIFORNIA_HOUSING_SMALL_APPLY_OUTPUT_REG  [ 212712.36, 61103.492, 12150.633, 206509.17, 237693.83,  ... , 228170.23, 172374, 327632.62, 318049.44, 194498.41 ]
MLLITE_AUTO_DEPLOY_CALIFORNIA_HOUSING_SMALL_REG_PERFS { "count" : 64, "rmse" : 62207.465, "mape" : 0.27834186, "R2" : 0.6774615 }
This will be printed
MCU_DEPLOY_REGRESSION_CODE step 8
MCU_DEPLOY_REGRESSION_CODE done
MLLITE_MCU_TIMER_OPERATION_ELAPSED_SECONDS 'MLLITE.MCU_DEPLOY.REGRESSION.Tikhonov_Ridge.CALIFORNIA_HOUSING_SMALL' 0
MLLITE_MCU_TIMER_OPERATION_END 'MLLITE.MCU_DEPLOY.REGRESSION.Tikhonov_Ridge.CALIFORNIA_HOUSING_SMALL' [ 'Tue Jan 23 09:44:27 2024' ]
MCU_DEPLOY_ON_TARGET_X86_64_END
