MCU_DEPLOY_ON_TARGET_X86_64_START
MLLITE_MCU_TIMER_OPERATION_START 'MLLITE.MCU_DEPLOY.REGRESSION.Vapnik_NuSVR_RBF.CALIFORNIA_HOUSING_MEDIUM' [ 'Thu Jan 25 12:03:16 2024' ]
MLLite starting
MCU_DEPLOY_REGRESSION_CODE CREATE_DATASET_STEP
MCU_DEPLOY_REGRESSION_CODE CREATE_MODEL_STEP
MCU_DEPLOY_REGRESSION_MODEL_OPTIONS
{"svm_type" : "c_svc", "kernel" : "rbf", "degree" : 3, "gamma" : 0, "coef0" : 0, "cache_size" : 10240, "tol" : 0.001, "nu" : 1, "epsilon" : 0, "shrinking" : 0, "probability" : 1, "C" : 1, "max_iter" : 30, "random_state" : 1789 }
MCU_DEPLOY_REGRESSION_CODE FIT_MODEL_STEP
PROGRESS_REPORT_ELAPSED_TOTAL 'SVM_NU_REGRESSOR_FIT' 1 4
PROGRESS_REPORT_ELAPSED_TOTAL 'SVM_NU_REGRESSOR_FIT' 2 4
PROGRESS_REPORT_ELAPSED_TOTAL 'SVM_NU_REGRESSOR_FIT' 3 4
PROGRESS_REPORT_ELAPSED_TOTAL 'SVM_SOLVER_ITERATION:NuSVR_Global' 3 30
PROGRESS_REPORT_ELAPSED_TOTAL 'SVM_SOLVER_ITERATION:NuSVR_Global' 6 30
PROGRESS_REPORT_ELAPSED_TOTAL 'SVM_SOLVER_ITERATION:NuSVR_Global' 9 30
PROGRESS_REPORT_ELAPSED_TOTAL 'SVM_SOLVER_ITERATION:NuSVR_Global' 12 30
PROGRESS_REPORT_ELAPSED_TOTAL 'SVM_SOLVER_ITERATION:NuSVR_Global' 15 30
PROGRESS_REPORT_ELAPSED_TOTAL 'SVM_SOLVER_ITERATION:NuSVR_Global' 18 30
PROGRESS_REPORT_ELAPSED_TOTAL 'SVM_SOLVER_ITERATION:NuSVR_Global' 21 30
PROGRESS_REPORT_ELAPSED_TOTAL 'SVM_SOLVER_ITERATION:NuSVR_Global' 24 30
PROGRESS_REPORT_ELAPSED_TOTAL 'SVM_SOLVER_ITERATION:NuSVR_Global' 27 30
PROGRESS_REPORT_ELAPSED_TOTAL 'SVM_SOLVER_ITERATION:NuSVR_Global' 30 30
PROGRESS_REPORT_ELAPSED_TOTAL 'SVM_NU_REGRESSOR_FIT' 4 4
MCU_DEPLOY_REGRESSION_CODE MODEL_JSON_EXPORT_STEP
MODEL_JSON_DUMP_START
{
	"metadata" : { "model" : "Vapnik_NuSVR_RBF", "version" : "2024-W03"},
	"options" : {"svm_type" : "nu_svr", "kernel" : "rbf", "degree" : 3, "gamma" : 1.9620165e-07, "coef0" : 0, "cache_size" : 10240, "tol" : 0.001, "nu" : 1, "epsilon" : 0, "shrinking" : 0, "probability" : 0, "C" : 1, "max_iter" : 30, "random_state" : 1789 },
	"svm_model" : {
	"classes" : 2,
	"L" : 58,
	"SupportVectors" : {
		"SV_00" : [ -122.23, 37.880001, 41, 880, 129, 322, 126, 8.3252001, 0 ],
		"SV_01" : [ -122.26, 37.849998, 52, 3503, 752, 1504, 734, 3.2704999, 0 ],
		"SV_02" : [ -122.27, 37.849998, 52, 1966, 347, 793, 331, 2.7750001, 0 ],
		"SV_03" : [ -122.26, 37.84, 50, 2239, 455, 990, 419, 1.9911, 0 ],
		"SV_04" : [ -122.27, 37.84, 52, 2436, 541, 1015, 478, 1.725, 0 ],
		"SV_05" : [ -122.27, 37.84, 52, 2224, 437, 1006, 422, 2.5999999, 0 ],
		"SV_06" : [ -122.28, 37.84, 49, 1916, 447, 863, 378, 1.9274, 0 ],
		"SV_07" : [ -122.27, 37.84, 48, 1922, 409, 1026, 335, 1.7969, 0 ],
		"SV_08" : [ -122.27, 37.830002, 49, 1655, 366, 754, 329, 1.375, 0 ],
		"SV_09" : [ -122.27, 37.82, 41, 3221, 853, 1959, 720, 1.1108, 0 ],
		"SV_10" : [ -122.28, 37.82, 52, 1489, 335, 728, 244, 0.81720001, 0 ],
		"SV_11" : [ -122.29, 37.82, 2, 158, 43, 94, 57, 2.5625, 0 ],
		"SV_12" : [ -122.28, 37.810001, 36, 2914, 562, 1236, 509, 2.4463999, 0 ],
		"SV_13" : [ -122.28, 37.799999, 38, 684, 176, 344, 155, 2.0114, 0 ],
		"SV_14" : [ -122.27, 37.799999, 52, 249, 78, 396, 85, 1.2434, 0 ],
		"SV_15" : [ -122.22, 37.84, 50, 2935, 473, 1031, 479, 7.5, 0 ],
		"SV_16" : [ -122.21, 37.830002, 40, 4991, 674, 1616, 654, 7.5544, 0 ],
		"SV_17" : [ -122.2, 37.84, 35, 2865, 460, 1072, 443, 7.4882002, 0 ],
		"SV_18" : [ -122.18, 37.810001, 30, 292, 38, 126, 52, 6.3624001, 0 ],
		"SV_19" : [ -122.21, 37.82, 52, 2375, 333, 813, 350, 7.0549002, 0 ],
		"SV_20" : [ -122.2, 37.810001, 45, 2964, 436, 1067, 426, 6.7851, 0 ],
		"SV_21" : [ -122.21, 37.810001, 52, 1389, 212, 510, 224, 5.2402, 0 ],
		"SV_22" : [ -122.23, 37.779999, 52, 862, 215, 994, 213, 3.0257001, 0 ],
		"SV_23" : [ -122.2, 37.799999, 41, 2070, 354, 804, 340, 5.1184001, 0 ],
		"SV_24" : [ -122.19, 37.799999, 48, 1694, 259, 610, 238, 4.744, 0 ],
		"SV_25" : [ -122.19, 37.790001, 45, 2718, 451, 1106, 454, 4.6563001, 0 ],
		"SV_26" : [ -122.19, 37.790001, 28, 3144, 761, 1737, 669, 2.9296999, 0 ],
		"SV_27" : [ -122.22, 37.779999, 50, 1776, 473, 1807, 440, 1.7276, 0 ],
		"SV_28" : [ -122.2, 37.77, 49, 2272, 498, 1621, 483, 2.4338, 0 ],
		"SV_29" : [ -122.2, 37.77, 39, 2689, 597, 1888, 537, 2.2562001, 0 ],
		"SV_30" : [ -122.16, 37.790001, 22, 12842, 2048, 4985, 1967, 5.9849, 0 ],
		"SV_31" : [ -122.2, 37.75, 36, 606, 132, 531, 133, 1.5809, 0 ],
		"SV_32" : [ -122.2, 37.759998, 37, 2680, 736, 1925, 667, 1.4097, 0 ],
		"SV_33" : [ -122.18, 37.73, 42, 4074, 874, 2736, 780, 2.4549999, 0 ],
		"SV_34" : [ -122.27, 37.900002, 42, 1650, 274, 645, 256, 5.6227999, 0 ],
		"SV_35" : [ -122.27, 37.900002, 52, 2079, 273, 684, 275, 7.9555998, 0 ],
		"SV_36" : [ -122.27, 37.900002, 52, 2041, 270, 671, 253, 6.9414001, 0 ],
		"SV_37" : [ -122.27, 37.889999, 52, 3046, 373, 975, 365, 8.8341999, 0 ],
		"SV_38" : [ -122.28, 37.900002, 52, 2318, 328, 779, 312, 7.1753998, 0 ],
		"SV_39" : [ -122.28, 37.900002, 52, 2003, 250, 658, 244, 10.0825, 0 ],
		"SV_40" : [ -122.27, 37.889999, 52, 2640, 366, 973, 355, 7.2659998, 0 ],
		"SV_41" : [ -122.26, 37.900002, 37, 2220, 335, 903, 362, 7.8336, 0 ],
		"SV_42" : [ -122.26, 37.889999, 52, 3706, 531, 1205, 504, 6.6827998, 0 ],
		"SV_43" : [ -122.25, 37.889999, 42, 2863, 460, 1031, 448, 6.7138, 0 ],
		"SV_44" : [ -122.26, 37.880001, 52, 2551, 417, 894, 404, 6.2424998, 0 ],
		"SV_45" : [ -122.26, 37.880001, 52, 2255, 410, 823, 377, 5.7979002, 0 ],
		"SV_46" : [ -122.25, 37.869999, 41, 685, 141, 266, 123, 5.2289, 0 ],
		"SV_47" : [ -122.25, 37.869999, 42, 1756, 465, 2184, 422, 2.5562, 0 ],
		"SV_48" : [ -122.25, 37.869999, 52, 609, 236, 1349, 250, 1.1696, 0 ],
		"SV_49" : [ -122.25, 37.860001, 48, 2153, 517, 1656, 459, 3.0416999, 0 ],
		"SV_50" : [ -122.25, 37.860001, 52, 1389, 191, 514, 202, 7.0897002, 0 ],
		"SV_51" : [ -122.25, 37.860001, 52, 1709, 318, 719, 295, 5.0462999, 0 ],
		"SV_52" : [ -122.24, 37.860001, 52, 1668, 225, 517, 214, 7.8520999, 0 ],
		"SV_53" : [ -122.24, 37.849998, 52, 3726, 474, 1366, 496, 9.3958998, 0 ],
		"SV_54" : [ -122.25, 37.860001, 52, 4048, 663, 1316, 590, 5.3793998, 0 ],
		"SV_55" : [ -122.23, 37.830002, 52, 2990, 379, 947, 361, 7.8772001, 0 ],
		"SV_56" : [ -122.22, 37.82, 39, 2492, 310, 808, 315, 11.8603, 0 ],
		"SV_57" : [ -122.22, 37.82, 42, 2991, 335, 1018, 335, 13.499, 0 ]
	},
	"SupportVectorsCoefs" : {
		"SV_coef_0" : [ 1, -1, -1, -1, -1, -1, -1, -1, -1, -1, -1, -1, -1, -1, 1, -1, 1, -1, 1, -1, -1, -1, -1, -1, -1, -1, -1, -1, -1, -1, 1, -1, -1, -1, 1, 1, 1, 1, 1, 1, 1, 1, 1, 1, 1, 1, 1, 1, 1, 1, 1, 1, 1, 1, 1, 1, 1, 1 ]
	},
	"rho" : [ -226933.44 ],
	"nSV" : [ ],
	"probA" : [ ],
	"probB" : [ ],
	"n_iter" : [ 30 ],
	"sv_ind" : [ 0, 11, 16, 18, 22, 24, 30, 32, 33, 52, 57, 59, 76, 79, 89, 126, 128, 132, 140, 141, 142, 145, 200, 225, 227, 233, 234, 248, 254, 258, 283, 316, 317, 330, 402, 404, 406, 407, 408, 409, 415, 417, 420, 422, 423, 424, 456, 457, 459, 489, 490, 491, 493, 494, 495, 509, 510, 511 ]
}
}
MODEL_JSON_DUMP_END
MCU_DEPLOY_REGRESSION_CODE MODEL_PREDICT_STEP
MLLITE_AUTO_DEPLOY_CALIFORNIA_HOUSING_MEDIUM_APPLY_OUTPUT_REG  [ 226933.5, 226933.69, 226933.02, 226932.95, 226932.73,  ... , 226930.67, 226933.47, 226932.27, 226932.28, 226932.2 ]
MCU_DEPLOY_REGRESSION_CODE MODEL_COMPUTE_PERF_STEP
MLLITE_AUTO_DEPLOY_CALIFORNIA_HOUSING_MEDIUM_REG_PERFS { "count" : 512, "rmse" : 106620.16, "mape" : 0.68042791, "R2" : -0.12650025 }
This will be printed
MCU_DEPLOY_REGRESSION_CODE ALL_STEPS_OK
MCU_DEPLOY_REGRESSION_CODE done
MLLITE_MCU_TIMER_OPERATION_ELAPSED_SECONDS 'MLLITE.MCU_DEPLOY.REGRESSION.Vapnik_NuSVR_RBF.CALIFORNIA_HOUSING_MEDIUM' 0
MLLITE_MCU_TIMER_OPERATION_END 'MLLITE.MCU_DEPLOY.REGRESSION.Vapnik_NuSVR_RBF.CALIFORNIA_HOUSING_MEDIUM' [ 'Thu Jan 25 12:03:16 2024' ]
MCU_DEPLOY_ON_TARGET_X86_64_END
EXECUTION_TIME_DETAIL = {'CMD':'timeout 180 ./x86_64/regression/x86_64_regression_svm_nu_california_housing_medium.exe', 'ElapsedTimeSecs':(0.08, 0.00, 0.08), 'MAX_MEM_KB':2688, 'CPU_PRCNT':'100%', 'FILES_IN':0, 'FILES_OUT':16, 'EXIT_STATUS':0}
