MCU_DEPLOY_ON_TARGET_X86_64_START
MLLITE_MCU_TIMER_OPERATION_START 'MLLITE.MCU_DEPLOY.REGRESSION.Vapnik_NuSVR_RBF.RANDOMREG_10_MEDIUM' [ 'Tue Jan 23 09:44:24 2024' ]
MLLite starting
MCU_DEPLOY_REGRESSION_CODE step 1
MCU_DEPLOY_REGRESSION_CODE step 2
MCU_DEPLOY_REGRESSION_CODE step 3
MCU_DEPLOY_REGRESSION_MODEL_OPTIONS
{"svm_type" : "c_svc", "kernel" : "rbf", "degree" : 3, "gamma" : 0, "coef0" : 0, "cache_size" : 10240, "tol" : 0.001, "nu" : 1, "epsilon" : 0, "shrinking" : 0, "probability" : 1, "C" : 1 }
MCU_DEPLOY_REGRESSION_CODE step 4
PROGRESS_REPORT_ELAPSED_TOTAL 'SVM_NU_REGRESSOR_FIT' 1 4
PROGRESS_REPORT_ELAPSED_TOTAL 'SVM_NU_REGRESSOR_FIT' 2 4
PROGRESS_REPORT_ELAPSED_TOTAL 'SVM_NU_REGRESSOR_FIT' 3 4
PROGRESS_REPORT_ELAPSED_TOTAL 'SVM_NU_REGRESSOR_FIT' 4 4
MCU_DEPLOY_REGRESSION_CODE step 5
TREE_JSON_DUMP_START
{
	"metadata" : { "model" : "Vapnik_NuSVR_RBF", "version" : "2024-W03"},
	"options" : {"svm_type" : "nu_svr", "kernel" : "rbf", "degree" : 3, "gamma" : 0.094635487, "coef0" : 0, "cache_size" : 10240, "tol" : 0.001, "nu" : 1, "epsilon" : 0, "shrinking" : 0, "probability" : 0, "C" : 1 },
	"svm_model" : {
	"classes" : 2,
	"L" : 512,
	"SupportVectors" : {
		"SV_000" : [ -0.40636584, 0.19586295, 2.3323276, 0.35501477, 0.30207458, 0.065250047, 0.24026002, 0.51502115, 0.79680276, -0.085546158 ],
		"SV_001" : [ 1.1167293, -0.77923435, 0.11286136, 1.0933083, -0.30106112, 1.0466237, 0.085037656, 0.44068342, 1.4107493, -0.26052475 ],
		"SV_002" : [ 0.056619778, 1.3880594, 0.10621787, 2.4744501, -0.01362495, -0.6425333, -0.35128927, 0.48866048, 0.13611184, -1.1961848 ],
		"SV_003" : [ -1.2979405, 0.97777945, 1.024266, -0.56934214, 0.75043857, -1.4885463, -0.77544183, 0.029924614, 2.8018086, 0.94831014 ],
		"SV_004" : [ -0.44212952, 1.3061599, -1.8255073, 1.100284, -1.4378009, -0.64940554, -1.2646565, -1.2791994, -0.018146785, 0.53571057 ],
		"SV_005" : [ -0.55762154, 1.1339976, 0.32177344, -0.45939112, 0.59667087, -0.74575818, -0.87738252, -1.0309741, -1.4528143, 0.77726871 ],
		"SV_006" : [ -1.2662569, -1.7461214, -0.20953543, -0.35518947, 0.25528345, 0.08530388, -0.3259266, -0.056176115, -0.72840542, 0.70341676 ],
		"SV_007" : [ -0.62703395, -0.43426889, 0.93974268, -1.8379279, 0.79112154, 0.51051253, -0.23254681, 0.2851198, -0.75836754, 0.57637811 ],
		"SV_008" : [ 0.94104862, 0.078866445, 0.064270765, 0.4325501, -0.37019205, -0.90237689, -0.46115136, 0.094829984, -2.4105165, -0.14321558 ],
		"SV_009" : [ -0.6388185, 0.58597559, -0.17418519, 0.96814477, 0.45004407, 1.0770561, 0.32117501, -0.42612389, -2.999114, 0.56234306 ],
		"SV_010" : [ -0.88516879, 0.8482846, 1.5018057, 0.32789293, -1.3407871, 0.90138608, 0.29068583, 0.42329645, -0.25045806, 2.3219211 ],
		"SV_011" : [ -0.61287743, 0.04540905, 0.55893517, -1.3404816, 1.2081138, -0.79194182, 0.92304051, 0.22838217, -0.25823826, -0.09793584 ],
		"SV_012" : [ -1.3742915, 0.95228964, 2.7460556, -1.8449999, -2.8968327, 0.32136342, -1.7362392, -1.9545612, -0.3829549, 0.45380664 ],
		"SV_013" : [ -0.90022308, 0.64497286, 2.0971255, -2.9527123, -0.61458027, 0.25441527, -1.0092822, 0.29452866, 1.3386226, -0.29169896 ],
		"SV_014" : [ 1.3387812, 1.2290243, 1.1757516, -0.68697429, 0.51673853, -0.51439983, -0.77358621, 0.43312114, -0.75216287, -1.1003021 ],
		"SV_015" : [ 1.3137496, -0.53526843, -1.475026, -0.65298212, 0.83446139, 0.95741785, -0.48736235, 1.5065551, -1.4762517, 0.92072469 ],
		"SV_016" : [ -0.35146311, 2.1413057, 0.028096495, 1.3000348, 0.47738266, -0.54699898, 0.63612729, 0.43537027, 0.20081618, -0.2855055 ],
		"SV_017" : [ -0.013411506, -0.36531928, 1.314013, 1.4741968, -1.1879042, -0.16287281, 0.49452171, -0.12809905, 0.46326491, 1.6694365 ],
		"SV_018" : [ -0.43860516, 0.41328484, 0.95624268, -1.6413456, 0.0028981233, 0.53369284, -0.71776843, -0.61449176, -0.5034368, 0.37512195 ],
		"SV_019" : [ 0.62808144, 0.94769776, 0.13815671, 0.8726719, 0.61465538, 1.1567508, 0.76928496, -1.7578434, 1.0386132, -1.7826484 ],
		"SV_020" : [ 2.2910621, 0.31018236, -0.55087703, -1.1518862, 0.51302409, -0.0019478023, -1.8414086, 0.64434153, -0.71109247, 0.62059593 ],
		"SV_021" : [ -0.83836025, 0.48071522, 0.12965596, -0.33456129, 0.15633586, 0.30139902, 2.9191523, -1.0008073, -0.15456749, 2.5361688 ],
		"SV_022" : [ -1.0023961, 0.0072942516, -0.031583961, 0.72250938, -0.74361002, 0.45705092, 1.1128179, -0.39973953, -1.7074997, 1.0476496 ],
		"SV_023" : [ -0.70021033, -0.53548425, 0.85033339, -0.51830399, -1.3616235, -0.84434938, -1.5215652, -0.56263447, 0.13444714, 1.0440118 ],
		"SV_024" : [ 0.68871069, 1.4884285, 0.94648951, -1.8926702, 0.58910447, 0.78014392, 0.044416126, -0.60201389, -0.69269222, 0.78800094 ],
		"SV_025" : [ -0.36873657, 0.58933008, -0.75947005, -0.58633167, 1.2341108, 0.80652452, 0.58793139, -1.3897516, -0.63936943, -0.22732776 ],
		"SV_026" : [ 0.32390639, -0.92669141, -1.4048084, 1.7840291, 0.13771437, 0.14352743, -0.35004616, -1.2002145, 1.5483559, -1.0528737 ],
		"SV_027" : [ -0.550982, 0.52363759, 1.5466419, 0.3203418, -0.51030719, 0.67673731, 0.24893267, -2.1570201, 1.0790777, 0.68127513 ],
		"SV_028" : [ -1.4050052, 2.3661423, -0.58631605, 0.64096224, 0.32792106, 0.54436481, 2.5476973, -0.81376803, -2.0090578, -1.1207855 ],
		"SV_029" : [ 0.25622228, 1.361781, 1.2792404, -0.10475884, 0.35747346, -0.63776916, -0.97857469, -0.77015132, -0.3162865, -1.1363091 ],
		"SV_030" : [ -0.11723332, 0.072324082, 0.39236873, -0.58149195, 0.95693552, -1.0432334, 0.28294098, 1.364773, 0.43408611, 0.10722882 ],
		"SV_031" : [ -1.0730926, 1.8251288, -0.8835631, 1.3678225, 0.73935616, 0.28535333, -0.73855996, 0.040084854, -0.13013348, 0.78968799 ],
		"SV_032" : [ 0.29822412, -0.24811064, -0.16647108, 0.91325289, -0.22421321, -0.89811784, 2.4950006, -0.75387758, -0.043011706, -0.52972305 ],
		"SV_033" : [ 1.0217158, -1.1799202, -0.15331779, -0.89990616, -0.345148, 0.99531281, 0.9121514, 0.73722219, -1.2146327, -0.051075306 ],
		"SV_034" : [ 0.091526642, 0.63584423, -0.049753122, -1.1186087, -0.32371363, 0.21331523, 1.4871684, 0.488179, -0.73540968, 2.3089969 ],
		"SV_035" : [ -0.38423297, -1.1351798, -0.57094425, -0.94996732, 0.75323576, -1.497403, 1.1741726, -0.6739853, -0.48370612, 0.10643966 ],
		"SV_036" : [ 0.74192065, -0.71875548, 0.32980093, 0.4499743, 0.20409265, 0.12523249, -0.40646628, 2.2604039, 0.10623208, 0.17616069 ],
		"SV_037" : [ 0.95639634, -1.1615226, -0.69504648, 0.13331686, 0.62467307, 0.80622, -0.079259418, -0.9266783, -1.4510126, 0.85437739 ],
		"SV_038" : [ -1.1519781, -0.22876868, -1.2977617, 0.6398626, -1.102823, 2.2171116, -0.31638092, 1.9312671, 0.80140793, 0.7856791 ],
		"SV_039" : [ 0.16247152, -1.5046337, 0.19212943, -0.6666379, -0.61562407, -1.023723, 0.94181567, -0.77736652, 0.17650035, 1.0008948 ],
		"SV_040" : [ 1.7333869, 1.1792365, -0.51471257, -0.63619769, 0.80712098, 0.6923188, 0.98405778, 0.51194692, 1.5941982, 1.0664138 ],
		"SV_041" : [ 0.94623649, 0.2245419, 0.56393588, -0.8660984, -1.1335462, -0.038213853, 0.15360165, 0.26196054, 1.5817723, 1.0902959 ],
		"SV_042" : [ -0.74916255, -0.25227699, -0.80513191, -1.9534299, 0.44322219, -0.52100009, -0.39712623, 0.4947983, -0.54436922, 1.1198753 ],
		"SV_043" : [ -0.16965351, 0.5026511, 0.21228398, 0.8808099, -0.28540102, -0.85343194, 1.787683, -2.5876758, -0.5775122, 0.20719732 ],
		"SV_044" : [ -0.63386935, 0.64917058, -0.42906496, 0.27252313, 0.19669777, -2.1429207, -0.33959916, 1.6312202, -0.30474898, -1.457891 ],
		"SV_045" : [ -0.062538154, -1.09032, -0.55633837, 1.6568025, 0.92242128, 1.937135, 2.5451119, 0.37575629, 0.02454892, -1.0548652 ],
		"SV_046" : [ 1.4747279, 0.053093575, 0.15521201, 2.9906969, 0.96079618, -0.050440148, 0.6878199, 0.1254714, 1.2485743, -0.14592528 ],
		"SV_047" : [ -0.45985907, -1.1218868, 0.24646895, -0.55567139, 0.27355096, -0.29001847, -1.0278355, -1.0363592, 0.86814928, 0.33544502 ],
		"SV_048" : [ -0.030743834, -0.72731483, -0.85490692, -0.50062662, 0.64830607, 1.9137858, -1.2798463, 0.54946262, -0.6357795, -0.32568082 ],
		"SV_049" : [ 1.0745763, -1.6546737, 1.6687095, -0.25731328, -0.91335875, 1.1291318, -0.24950537, -0.15615152, 0.034004003, -0.64612377 ],
		"SV_050" : [ -0.461301, -2.0051212, 0.85685611, -1.3239173, -0.45081571, 0.058938667, 0.31640822, 1.6449724, -0.49344614, 1.7378445 ],
		"SV_051" : [ -1.3446224, -0.60875612, -0.93856001, -1.3881257, -1.0941433, 2.1692991, -0.38631988, 0.83358347, 0.13367638, 0.17214206 ],
		"SV_052" : [ -0.1284706, 1.2522423, -0.89756316, -1.315457, -0.51513928, -1.5238405, 2.1537011, 1.2265697, 1.3155376, 0.4991183 ],
		"SV_053" : [ 0.63176304, -1.2425275, 0.098589122, 2.1801441, 1.4408969, 0.12835501, -0.23478688, 1.2940425, 0.10131837, 0.57785255 ],
		"SV_054" : [ 0.42975688, -0.34450209, 1.2223268, 0.21023437, 1.1253067, -1.473361, 0.67986768, -1.0429084, -2.1026862, 1.2270328 ],
		"SV_055" : [ 1.8921595, -0.57453281, -1.5681728, -1.2508868, -1.2004334, -0.142039, 0.19756818, 0.40882292, -0.4698678, 1.168787 ],
		"SV_056" : [ 1.1555947, 1.4671253, -0.9013831, -1.7450107, -0.084406108, -0.07006941, 0.79244816, -0.18785748, -0.0049857055, -0.69660133 ],
		"SV_057" : [ -0.36275753, -0.20497112, 0.56898421, 2.0110881, -0.70198053, 0.040178269, -0.82879567, -0.54738343, 0.21283543, -2.2523308 ],
		"SV_058" : [ -2.9430587, -0.30960941, -0.072162129, -2.2627976, 0.7365365, -2.1083136, -1.4471446, 0.63739228, -0.1738195, 0.03699325 ],
		"SV_059" : [ 1.2789943, -1.2128953, 0.24266933, 0.33792251, -1.6118088, 2.0812099, 0.71814078, -0.24478392, 0.8490063, -1.0846609 ],
		"SV_060" : [ -2.9058864, 2.2235415, -0.91585255, 0.50039327, -0.76748133, 0.18215846, -0.20984221, -0.49350151, 0.98714972, 0.44136581 ],
		"SV_061" : [ 0.49431837, -0.78390157, -0.71851468, 0.29795542, 0.53063083, 1.3771334, -1.5020866, 0.84041697, 0.68077707, 1.9314569 ],
		"SV_062" : [ 1.6067417, -0.061792661, 1.1598033, -0.35527202, -2.0216179, 0.30290762, -1.0143965, 0.40333724, -0.99319023, 1.5754169 ],
		"SV_063" : [ 1.4494699, 1.5602582, -0.51550436, 0.33826569, 1.5921354, -0.47320187, 1.6753865, -1.8009109, -0.79942745, -0.13620822 ],
		"SV_064" : [ 0.82545841, -0.25389946, 1.4413375, -0.47192198, 0.031705488, -0.94867265, 1.3793714, -0.031670112, 1.7293514, -1.127272 ],
		"SV_065" : [ 0.25407445, -0.90575433, 1.541056, 1.6710472, -1.6847562, -1.5403863, -0.19779959, -0.14103055, -0.7233091, -0.86675549 ],
		"SV_066" : [ -0.073077336, 2.3650155, 2.2403913, -0.043197136, 0.31903237, 1.1726243, 0.51688361, 0.93627459, 1.5302991, 0.76055121 ],
		"SV_067" : [ 1.1549996, 0.3680912, 1.7832681, 0.25643876, 0.70505625, 1.1813442, -0.86224765, -0.12200008, 2.0289822, 1.2823019 ],
		"SV_068" : [ -1.3100724, -0.29314187, -0.0081948731, 0.92466587, 0.72996843, -0.78697699, 0.67835522, -0.54911739, -0.97629213, 1.1216116 ],
		"SV_069" : [ 1.1350012, 0.44065142, 0.78187919, -0.48564109, -0.1325105, 1.4927752, -0.11546591, 0.37007701, -0.50177616, 0.44779858 ],
		"SV_070" : [ -0.029287253, -0.052686095, 0.36273444, -1.8857588, -1.8526361, 0.37193289, 0.52801979, 0.29256707, 0.018830704, -0.94873452 ],
		"SV_071" : [ 0.39649025, 0.14537619, 0.46902215, -1.209962, -0.81718993, 1.3319027, 0.18417674, 0.37425473, -0.66303569, 1.1446774 ],
		"SV_072" : [ -0.95432818, -1.5858178, -1.0634954, -1.2755737, 0.92577797, -0.72143823, -0.067948826, -0.73409361, 0.73789787, 0.45264494 ],
		"SV_073" : [ -1.1957551, -0.82178879, 0.66452575, -0.83897859, -0.91209459, 0.90097988, -0.86609071, 0.10132347, 0.62915534, -0.73722064 ],
		"SV_074" : [ 0.72909021, -2.5115957, -0.2049143, 0.66672719, -2.0822744, 1.1565888, -0.74839771, 1.0031174, 0.033110291, 0.72913039 ],
		"SV_075" : [ -0.27345896, 0.11162782, 0.32908329, -1.2219384, 0.040138539, -1.7033869, 0.30368635, -1.3822612, -0.35753983, -0.3788847 ],
		"SV_076" : [ 0.71378601, 0.11918988, -1.0067905, -0.63486481, -1.0735158, -0.23919034, 1.4384488, -0.44167438, 1.0115149, -1.4400505 ],
		"SV_077" : [ 0.59938085, 0.76852298, -1.2773629, -1.8955489, 1.6025639, -0.1888144, 1.6564012, 0.51848394, 0.082603633, 0.41012385 ],
		"SV_078" : [ -0.5742532, 0.11593384, -0.2026161, 0.96343172, 1.2037425, 0.65890455, -0.97549486, -0.29583991, -0.67413676, -0.042874742 ],
		"SV_079" : [ -0.89800864, 0.19606306, 0.250824, -1.2107882, -0.39395818, 0.37952146, 0.13405122, 1.9998322, 0.061754234, 0.59984368 ],
		"SV_080" : [ 0.97260523, 0.17070957, -1.5936742, -0.58249253, 0.43857479, -0.17556995, -0.44658083, 0.46278036, -0.8805424, 0.19669236 ],
		"SV_081" : [ -0.29635853, 0.6412701, -0.87583739, -0.24942085, 0.55404061, 0.10145961, -0.46070501, -0.4304432, 0.83916509, 0.78089696 ],
		"SV_082" : [ 1.9708641, 0.096055247, -0.62899309, -2.0524147, -1.3528458, -0.74314034, -0.27921531, 0.53313053, 0.49094695, 0.82739693 ],
		"SV_083" : [ 0.20114262, -0.35003266, -0.71467352, 0.067705333, 0.55600524, 0.9572261, -0.57311761, 2.2214608, -0.55653584, -0.023583159 ],
		"SV_084" : [ -0.38653398, -0.56002563, 1.1080574, -1.8296767, -0.78362602, 0.80475807, 1.6501585, 1.7461199, -1.4434111, -0.60729915 ],
		"SV_085" : [ 0.7470637, -2.2231736, -1.4829162, -0.2592175, 1.0714576, 2.0571198, 2.3487451, -0.15069339, 0.77428645, 0.94842035 ],
		"SV_086" : [ 0.49372867, -1.9924403, 1.3109399, 0.76625913, -0.075653583, 0.25696629, 0.13129318, -1.4025255, 1.2677344, -2.1352568 ],
		"SV_087" : [ 1.4860902, -0.072710998, 0.41512248, 0.037538342, 0.20312451, 0.50087565, 0.43854088, 0.42301431, -1.2298748, 0.060724866 ],
		"SV_088" : [ 0.45583895, -1.4492142, 0.24743843, 0.6426729, -1.1299293, 1.6537151, 0.20947638, 2.6461926, -0.23183361, -0.8514123 ],
		"SV_089" : [ 1.4645333, 0.65142661, 0.95014662, -0.23670764, 0.47040224, -0.75352269, 0.56135273, 0.84821582, -1.2743745, 1.5787785 ],
		"SV_090" : [ -0.94903851, -0.62202013, -0.11610693, -0.77924776, -1.4973595, -0.67383552, -0.99778563, -1.1445833, 0.63894206, 0.17864661 ],
		"SV_091" : [ -0.59409457, 0.97113591, 1.0216742, 1.4225316, -0.021681173, -0.17686214, 0.24214968, 0.57422704, 0.77941763, 1.1176506 ],
		"SV_092" : [ -1.1370538, -3.538038, 0.81227452, -0.77630657, -0.90261608, 0.68271846, -0.47721413, 0.60548377, -1.0347888, -2.5640278 ],
		"SV_093" : [ -1.4903948, 0.45422727, -1.4866315, -0.25395775, 0.21970448, 1.5954745, -0.62761492, 0.23783514, -0.067376994, -1.2089316 ],
		"SV_094" : [ 0.49610853, 1.2635654, 0.41058716, -0.063342698, -0.53746951, -1.2525332, 0.67889833, -1.3112844, -0.026390566, 1.4589918 ],
		"SV_095" : [ 0.092123099, 1.6049606, 0.59332114, 0.88389724, 0.738904, 1.8782316, 1.0877256, -0.053054608, -1.0362502, -0.85532427 ],
		"SV_096" : [ 1.100029, -0.74654222, 0.049717501, -0.051536448, -0.47398913, -1.9423878, -0.0035715017, 0.12485685, -0.31065732, -0.18475227 ],
		"SV_097" : [ 0.51868021, 0.38099229, 2.3652592, 1.1200099, 0.88740957, 0.71648371, 0.84045035, -0.54314387, 0.62820429, -1.7246407 ],
		"SV_098" : [ 0.55113304, 0.0077880188, -0.80645365, -1.4808012, 2.0715473, -0.15545176, -2.1207321, -0.13962692, 0.10562157, 0.31332964 ],
		"SV_099" : [ 0.0039660437, 0.29190165, 1.3048528, -0.5142706, -0.10215317, 0.38555712, 0.49496233, -1.504513, -1.4029033, -0.45184636 ],
		"SV_100" : [ 0.79806769, -0.60859346, -0.15245, -1.1345533, 0.41079795, 0.73893213, -0.50021482, 0.99519497, 1.5325379, 0.32804364 ],
		"SV_101" : [ 0.52032965, 0.37883464, -0.028920868, 0.94759512, -0.3735736, -0.80974847, 1.2405267, -0.2407417, -0.013681342, 0.62225378 ],
		"SV_102" : [ -2.0253322, 0.32372499, 0.18555605, -0.60247159, 0.0025244881, 0.72488093, -1.2115761, -0.60057521, -1.267722, -1.3874884 ],
		"SV_103" : [ -0.3054347, -0.18416622, 0.0025688708, 0.049263537, 0.40228048, -0.76653606, 0.34952167, 0.98881149, 0.76358831, -0.87741256 ],
		"SV_104" : [ -0.085713997, -0.59442347, 1.2019327, -0.37772962, -0.091199398, -0.92835712, 0.57958472, 1.3247826, -0.25346673, 0.47045508 ],
		"SV_105" : [ -1.347752, 1.6119714, 1.5814953, 0.66853058, -1.1551501, 0.22915135, -1.1812745, -1.0955118, 0.55616552, -0.36097205 ],
		"SV_106" : [ 0.75342023, 0.57631212, -0.87852389, -0.13904278, 0.78145522, 1.5491642, -0.090023987, 0.24194703, 0.097844727, 2.0365193 ],
		"SV_107" : [ 1.6707641, 1.4183295, 0.16768646, 0.14468555, 0.58421284, -0.038907714, 0.027819289, -0.67590052, -0.59829527, -0.94022632 ],
		"SV_108" : [ -0.057045955, -0.47213659, -0.41194931, -2.7983685, -0.50388432, -0.61971861, 0.73465407, 0.20672904, 0.33809194, -0.61952764 ],
		"SV_109" : [ 0.64749324, 0.99438155, -0.01582098, 0.73726803, -0.40706575, 0.047413249, 0.16029476, 1.1675036, 0.30180025, -1.2254716 ],
		"SV_110" : [ -0.22474448, -2.2844319, -0.91093618, -0.76591748, -0.44133714, -1.1309825, -3.091728, -0.87030834, 1.4087949, 1.573483 ],
		"SV_111" : [ -1.4789461, 1.2731092, -0.3397108, -1.2405151, 1.0978664, -1.2789375, 0.72726256, -0.27440166, 0.065690078, -1.0111177 ],
		"SV_112" : [ -0.18080457, 0.86341095, -0.21898815, -1.0351084, 0.60070997, -1.1936146, -0.10144524, 0.42899597, 0.96262163, 0.25753063 ],
		"SV_113" : [ 0.80047733, -0.96818763, -0.95427257, -0.13508733, -1.3831844, 0.97478557, -0.22107315, 0.91286504, -0.94616026, -0.03142979 ],
		"SV_114" : [ -1.6631894, -2.81357, -0.91172057, 0.3306303, -1.2030153, 1.1289123, -0.98971105, 0.54416603, 1.0507687, 0.52379882 ],
		"SV_115" : [ 0.13185088, 1.148741, 0.16209251, 0.92948198, 0.98989695, 0.40754667, -0.95492017, -1.2604554, 0.28237364, 0.62170476 ],
		"SV_116" : [ 0.028131112, 0.98080158, -0.10175133, -0.44856346, -0.57546604, -1.3298075, -0.41633242, 0.0023145648, 0.62210292, -0.46080083 ],
		"SV_117" : [ 1.4509139, 0.94787365, -0.76166445, -0.11737398, -0.35161707, 1.4251457, 2.3529391, 1.4126526, -1.1093436, -0.47853312 ],
		"SV_118" : [ -1.0583997, 2.0001256, 1.8530638, 1.6343095, -0.28295743, 0.13849457, -1.4871472, -0.098169096, 0.58140486, 1.2525495 ],
		"SV_119" : [ -0.54544508, -1.0049344, 0.15622032, -2.3986726, 1.7978631, -0.14271206, 0.93914688, -0.0019230103, -0.54369169, -0.9822228 ],
		"SV_120" : [ -0.052652743, 0.1702773, 0.99564779, 0.6315468, 0.00270214, -0.06607274, -2.9730308, 1.8298798, -1.1340671, -2.5418036 ],
		"SV_121" : [ -1.6089472, -0.11087827, -0.57831669, 0.63255602, -0.64897275, -0.15383723, 0.64214051, -1.2702341, 0.54781759, 0.31860703 ],
		"SV_122" : [ 0.0067016659, -1.6386008, -0.44322056, -0.79447424, -1.3384284, 0.30725464, 0.88259333, -0.25086138, 1.2567714, 1.119838 ],
		"SV_123" : [ 0.33417067, 0.49386862, 0.0553497, 1.0720686, -1.6635474, -0.75729626, 1.3745167, 0.94588912, -0.081060857, 0.34797052 ],
		"SV_124" : [ -0.10603981, 0.55446464, -1.5665251, -0.160321, -1.0724748, 1.4640749, 0.52820265, -1.959134, 0.23123693, 0.80171156 ],
		"SV_125" : [ -0.39402646, 1.7564311, -1.1002555, 0.41697669, -0.77571315, 2.1910136, 0.94684261, 1.1595058, 0.43768224, 0.48060349 ],
		"SV_126" : [ 0.2754482, -0.94660109, 0.55242676, -1.0151744, 0.92115599, -0.72611499, 0.83991069, -0.87563473, -0.62485111, 0.69591987 ],
		"SV_127" : [ 0.82600766, -1.3569345, 0.32548034, 0.53335637, 1.5991082, -0.020135809, 0.56507999, -1.0735704, -2.5697327, -1.1143678 ],
		"SV_128" : [ -1.5564978, 0.3426092, -0.91828454, 0.24454875, -0.4096303, 0.0020579142, 0.53700113, -0.76797259, 1.0199676, 0.71489924 ],
		"SV_129" : [ -1.1988662, 0.4826003, 0.47611955, -0.28678405, 0.51207638, -2.7694092, 0.30283111, 0.37901163, -1.7834325, 0.15618344 ],
		"SV_130" : [ 0.17787804, 0.52254993, 1.7117442, -1.5669891, 0.049415838, -2.0339065, -0.030699803, -1.057086, 1.4251318, -0.73314387 ],
		"SV_131" : [ 1.5341693, 0.61675465, -0.55833995, -0.42921695, -1.0285949, -0.16260053, -0.93485254, -0.91191977, 0.65218771, -1.0308365 ],
		"SV_132" : [ -1.0598512, 0.40366974, -0.013638347, -0.87679458, 0.94094843, -0.34487513, -0.043279838, -1.1079141, 0.98989671, 0.79280508 ],
		"SV_133" : [ -0.32578355, 0.54471278, -0.5655852, -0.77620399, 0.063292384, 0.64603281, -1.2661679, -0.4851203, -1.2675427, 0.61755216 ],
		"SV_134" : [ -0.92591631, -0.82829702, -2.2215364, 1.9469579, 1.1570579, 0.33741757, -1.5687797, -1.9923546, 1.0544285, 0.41687521 ],
		"SV_135" : [ -1.2073153, -0.60548717, 2.7897482, 0.31128043, 1.1257404, 0.39669171, 0.35187384, -0.33507171, -1.278859, 0.40921411 ],
		"SV_136" : [ -1.0977175, -2.490587, -0.33021876, -1.0335795, -0.36891466, -0.86698455, 0.97606122, 1.0024098, 0.018745275, 0.91058528 ],
		"SV_137" : [ -0.64437193, 0.96216673, 0.019270355, -0.57770652, -0.75081784, 0.72378558, 0.55225259, 1.5363208, -1.2173866, 0.62674338 ],
		"SV_138" : [ -0.43340042, 0.60047042, -1.0994189, -0.8634733, 1.7338006, -0.29039022, -1.3789769, 0.40557975, 1.0529498, 0.99411136 ],
		"SV_139" : [ -0.28901359, 0.036444385, 1.1129177, -1.2650523, 0.39418611, 0.26036569, -0.20319685, 1.6542162, -0.21847375, 0.5700025 ],
		"SV_140" : [ 0.2146899, -1.1829327, 1.2787678, -0.63960129, 1.1948471, -2.2288249, 1.5402528, 0.0067169955, 1.7890376, 0.34487745 ],
		"SV_141" : [ 1.86366, 0.42898598, -0.30226949, 0.83935964, -0.42543522, 0.70264035, 1.1199416, 1.0405055, 0.14325845, 0.56688946 ],
		"SV_142" : [ 0.18914706, 0.71540427, -0.84784323, -0.71844107, -0.078792557, -0.83732569, 2.5975451, -1.1439596, -1.0810707, 0.84798676 ],
		"SV_143" : [ 2.2061193, 1.7255492, -1.2935139, 0.68298507, 0.25763997, 0.18599722, 0.1319752, 1.3604937, -1.9738059, -1.8091309 ],
		"SV_144" : [ 0.91978228, 0.53012139, 0.93720359, -0.83047503, 1.0550294, -1.2034719, -0.14659156, 1.5871615, 1.3490573, 0.39731607 ],
		"SV_145" : [ -0.08044219, -0.11341019, 2.4502966, -0.19368736, -0.12566747, -1.8010379, -0.55677974, -0.002112817, -0.2046483, 0.76880759 ],
		"SV_146" : [ -0.72380388, -0.57946575, -0.041212734, -0.71837723, -0.71738315, -0.79347557, -0.17699403, 0.16476901, 1.2449212, 0.53055716 ],
		"SV_147" : [ 1.3382165, -0.44662222, 0.078858316, -0.61208659, -1.7788597, 1.1308395, 0.17554063, -0.65707725, 0.37768087, -0.2097218 ],
		"SV_148" : [ 1.4105383, -0.40204659, 1.9258096, 0.15247768, 0.24588406, 0.42566735, -0.37516722, 0.40721807, -0.22936913, -1.0696667 ],
		"SV_149" : [ -0.38813475, 0.94444102, 0.73742574, 0.70803589, -0.41958731, -2.1127453, -0.3775216, 1.0302365, 0.36618933, -1.8494459 ],
		"SV_150" : [ -0.62954098, 0.35469231, -0.57985425, -0.27352104, 0.11245219, 0.67424548, -0.00019263531, 0.0084915869, 0.36319, 0.14477691 ],
		"SV_151" : [ 0.35861859, -2.0053213, -0.2153054, 0.01993544, -0.01727955, 2.0158398, 0.38827693, -0.87216634, -0.67729062, 0.99218488 ],
		"SV_152" : [ -0.84626317, -1.0737221, 1.0329427, -2.2335947, -0.29566821, 0.39088368, 0.81327879, -1.5430562, -0.53426993, -0.82253259 ],
		"SV_153" : [ -1.1709495, 1.8673434, -1.4109228, -1.9146868, 0.7194494, -3.0372674, 1.8007635, -0.035837855, -0.83067882, -0.53543699 ],
		"SV_154" : [ -0.61148643, -1.0173786, 0.36652896, -0.75186354, -0.55183423, -0.63529402, 2.3991022, 1.7194744, 0.88796532, -0.79460514 ],
		"SV_155" : [ -2.058599, -0.73609465, -0.94882208, 1.2432047, 0.095037311, 0.51473677, 0.55399555, -0.52744526, 0.70014751, -0.57428843 ],
		"SV_156" : [ 0.37585133, 2.4596665, 2.3318424, 1.8018726, 0.88305837, -1.0305254, 2.2467604, -1.9306916, 0.035418313, -1.6736524 ],
		"SV_157" : [ 1.5431451, -0.70565796, 1.4252658, -0.33694321, 0.13695222, -0.089277513, 0.78499657, -0.38056451, 0.25143516, -0.58866632 ],
		"SV_158" : [ -0.55150574, -0.71466136, -0.39543501, 1.4854628, -0.5840143, -0.62491882, 0.32510981, -0.20886193, -1.1276852, 2.1301157 ],
		"SV_159" : [ -1.1684732, -0.18869098, 0.48683795, -1.1634108, -0.53704655, -0.41144139, -0.36282834, -1.9427613, -0.77934325, -0.015843431 ],
		"SV_160" : [ -0.18788369, 0.37681085, 0.96472692, 1.4199895, -1.5520706, -1.0741793, 1.707673, -0.037414957, -1.7864437, 0.6821444 ],
		"SV_161" : [ 0.38154328, 2.1649168, 0.07380069, -1.0929121, 0.042834286, -0.65919614, 0.82712668, 0.30421764, 1.0374299, -0.41348594 ],
		"SV_162" : [ 1.1915491, -0.6781444, -1.339242, -1.3071241, 1.7510989, -0.65531617, 0.49853903, -2.5852802, -0.6794529, -1.049347 ],
		"SV_163" : [ -0.15460065, 0.62626517, -0.73941588, -0.38871413, 1.1152434, -0.65794951, 0.4111177, -0.59485209, 2.781903, -0.9844321 ],
		"SV_164" : [ 0.52526689, -1.0288279, -0.2923547, -1.8201617, -0.094755158, -0.80964577, -0.36960137, -1.435883, 0.19842415, 2.6287751 ],
		"SV_165" : [ -0.25963655, -0.23362845, 1.3032844, 0.34740859, -0.30247691, -0.78639233, -1.0591878, -0.039607462, -0.64028138, 0.8029269 ],
		"SV_166" : [ 0.64010209, -0.13522623, 0.24184094, 0.19063158, 0.31860438, -0.64988649, -0.28742003, -1.427109, -1.1919239, 0.25364009 ],
		"SV_167" : [ -0.58423698, -0.97725868, -1.7705259, 0.23094042, -1.2655582, 0.81294149, 0.63847452, -0.62664962, 1.596535, 0.44877133 ],
		"SV_168" : [ 1.2164568, -0.31736478, -0.82442892, 0.30144757, -0.11666109, -1.7275218, -0.2524803, 0.032510649, -1.0346256, 2.3687899 ],
		"SV_169" : [ 0.77682894, -1.4718999, 0.64994496, -0.14940695, 1.4287922, 0.14049834, -2.1025445, -0.4943473, 0.33061975, -1.2476139 ],
		"SV_170" : [ 1.1058507, -0.72189009, 0.48558068, 0.32401553, 0.59031314, 0.25522837, -0.0089731375, 1.2724566, -1.5129753, 0.032630097 ],
		"SV_171" : [ -1.5008658, -0.86989778, -0.55029273, -0.16572174, -0.96350825, -1.1481483, -0.87389159, -1.0597407, -0.56351388, 0.014576754 ],
		"SV_172" : [ 0.97948563, 0.74288517, 0.83137321, -0.0507355, 1.8475428, -0.81300718, 2.9670193, -0.57738334, 1.6820213, 1.1224467 ],
		"SV_173" : [ -0.40629619, -1.114724, -0.69014376, -0.042831574, 0.7385934, 0.75339764, 1.1105319, -0.87224942, 1.5726999, -0.7191723 ],
		"SV_174" : [ 0.69546616, -1.1429645, -1.6349121, 0.81161469, 0.49596277, -0.66956156, 1.1104342, 0.29380503, -0.64547372, -0.70431244 ],
		"SV_175" : [ -0.24461865, -1.4187118, -0.85935026, -2.5614848, -0.12159661, 0.47573873, 0.72474581, 0.01080808, 1.2130694, -1.5504121 ],
		"SV_176" : [ 1.1950554, -1.4503824, -0.46873727, 0.28645465, 0.75618309, 0.4906449, -0.91751045, 0.852386, 0.31166935, 0.68574876 ],
		"SV_177" : [ -1.1076131, -0.16199672, -1.6141466, 0.12146125, 0.78673154, -0.36270395, -0.48099929, -0.997136, 1.2749436, 1.8607012 ],
		"SV_178" : [ 1.9061173, 0.25261217, -0.74688166, 1.2602698, -0.57358479, -1.0036362, 0.23698829, 1.4307083, 0.60868347, -0.21615694 ],
		"SV_179" : [ -0.59663326, 0.44280368, -0.99140525, 0.64732313, 0.50774479, -0.012802354, 0.43054333, 1.8175865, -2.5953629, 0.65500522 ],
		"SV_180" : [ -0.52738661, 0.06035592, -1.4933956, 0.5807597, -1.8282136, -1.050581, 1.0873005, -0.94560426, -1.2783928, 1.3778442 ],
		"SV_181" : [ 0.47451544, -0.40081242, -1.1638314, -0.59869921, 0.67095673, 1.1283041, -0.074198268, -0.11259048, -1.4282598, -0.16122195 ],
		"SV_182" : [ -0.98605442, -1.3939736, -0.14444301, -1.1288909, -0.15441085, 1.2638967, -0.041089255, 0.15519448, -0.66182119, 0.63547701 ],
		"SV_183" : [ -1.1997067, 0.34862271, 2.1678169, 0.50951123, -0.57827997, -0.57361656, 0.092111468, 0.51093507, 1.772862, 0.60304946 ],
		"SV_184" : [ -0.80660379, -0.45598209, -1.5622487, -1.0370618, -0.69890201, 1.1080334, -0.74861413, -0.76844585, 0.56549817, 1.2102098 ],
		"SV_185" : [ 0.83597481, -1.2090535, 0.20701888, -0.51895851, -0.96095723, -0.9455213, 0.3575443, -1.2945602, -0.53914589, -0.34825197 ],
		"SV_186" : [ -0.10847379, -0.5649941, -0.2796613, -0.91714209, 1.7634649, 0.19676566, 0.082536772, 0.21514685, 0.021848571, -0.098604038 ],
		"SV_187" : [ -0.27949452, 0.041777413, 1.2185533, 1.0746465, -0.20275788, 0.36903083, 1.8531886, -0.12178437, 0.29443783, 0.80666882 ],
		"SV_188" : [ -1.0311323, 0.060289197, 0.9015792, -1.263948, 1.140197, 0.75417393, 1.4608989, -1.3426938, 1.2296337, 0.2623795 ],
		"SV_189" : [ 0.94741112, 0.18624631, -0.025547208, -0.8469407, -2.5425954, 0.24379663, 0.66923106, 1.6865048, -0.59268451, 0.34261543 ],
		"SV_190" : [ 0.060825836, -0.17087676, -0.1394614, 0.53913218, -0.18824849, 1.3019652, -1.5350714, -1.0502731, -1.0648903, 1.7964652 ],
		"SV_191" : [ 1.7447268, 0.0089350725, -1.8470911, 0.13121513, -0.91416079, 0.68038714, 0.80213851, 0.60393107, 0.11760876, 0.66005749 ],
		"SV_192" : [ -0.71112883, -1.8639357, 1.9658654, -0.58924299, -1.2122122, -0.19443558, 0.15508129, 0.042392511, 0.35947916, -2.0158436 ],
		"SV_193" : [ -1.175223, -0.88186604, -2.0385568, 0.35534751, 0.20487827, -0.41804749, 0.090891808, 1.5324461, -0.92670721, 0.24257208 ],
		"SV_194" : [ 0.25091195, 0.30816808, 1.3141042, -1.37264, -1.2911129, 2.6423135, -0.78378904, -0.1909388, -0.28735581, -1.233199 ],
		"SV_195" : [ -0.13170838, 1.982605, 0.40929076, -1.019111, 0.054470666, 0.14820781, -0.34464204, -1.0343807, -2.1715922, -1.0208797 ],
		"SV_196" : [ 0.82447571, 0.64206487, -0.33771595, -1.606311, 0.20613283, 1.573509, 0.11098336, -0.81149054, -0.38244846, -0.46755359 ],
		"SV_197" : [ -0.84427214, 0.27010399, 2.5639634, -0.82999212, 0.47350448, 0.31823632, -0.29774523, 0.286715, 1.6490904, -0.42660522 ],
		"SV_198" : [ -0.38854191, -2.8133576, 1.8797654, 0.44030854, 1.0620919, -0.30094507, 0.4479492, -0.43397942, 1.9463362, 1.3888059 ],
		"SV_199" : [ -0.12644111, 0.77610785, -0.45948687, -0.83679736, 0.69463605, -0.5997017, -0.51376933, 0.22937907, 0.29875889, -1.3606517 ],
		"SV_200" : [ 0.29326901, 0.090977266, -1.2134528, 0.72304535, 0.019008143, 0.39857236, 0.3743315, -1.2366855, -1.2790159, -0.22306003 ],
		"SV_201" : [ -0.66410398, 2.0523009, 0.78577274, -0.67251205, 0.0030918501, 0.6565392, -1.0702559, 0.63511527, -2.4789696, -0.20713687 ],
		"SV_202" : [ 0.91665828, 0.4320285, 0.086571693, -0.2685433, -1.1969111, -1.0580206, -0.30067718, 0.45279911, 0.52278847, 0.53282952 ],
		"SV_203" : [ 2.1570647, 0.11649785, -0.94250542, -1.6012212, -1.3883016, 1.0777588, -1.239216, 0.55662924, 2.4292369, 0.019122234 ],
		"SV_204" : [ -1.5708371, 1.3357017, 0.27965993, 1.6110448, 0.78798777, 0.31889981, 0.34779885, -0.19972694, 0.78631109, 1.0351593 ],
		"SV_205" : [ 0.024913862, 0.093337655, -0.73199654, 1.1166965, -0.89273542, 0.56513041, 0.035489015, 0.6253475, 0.68011469, 2.5738082 ],
		"SV_206" : [ 0.083255045, 1.9751849, 0.68714583, 0.99861825, 0.53356695, 0.49037915, 0.35643613, -0.37475711, -1.330073, 0.17300084 ],
		"SV_207" : [ -0.5043565, 1.1634897, -1.522627, 1.8171532, 1.0338429, 0.10988311, 0.56826949, 1.5368066, 0.013137776, -0.92203027 ],
		"SV_208" : [ -0.25328311, -0.1274516, 1.6174934, 0.43297249, -0.0063026217, 0.24370205, 1.2932802, 1.7120637, -1.6918025, 0.40083596 ],
		"SV_209" : [ -0.36422721, 1.8749719, 1.1937591, 0.55319422, 1.2066211, -0.37248698, -1.4228702, -0.76530093, -1.7379369, -1.2580769 ],
		"SV_210" : [ 0.942563, 0.12523772, -0.42050022, -2.1900132, -1.2727553, -3.0877762, 1.5233543, -1.0285851, -0.17879538, -1.0981199 ],
		"SV_211" : [ -0.50878584, 1.5572486, 0.48756883, 0.70331591, 2.0145552, 1.4037566, -0.26160014, 0.3139753, -1.2936339, -2.391382 ],
		"SV_212" : [ 0.20347831, 0.39240965, 1.0038608, -0.14360078, -0.11346503, 0.35836565, 1.0995642, 1.7910702, -1.4178303, 1.0959232 ],
		"SV_213" : [ 0.57072389, -0.37261149, 0.84974068, 0.40610114, -0.042737685, -1.5422071, 2.8414836, -0.72668493, -0.49457759, -0.069218174 ],
		"SV_214" : [ -1.670464, 0.096576855, 1.5488523, 1.6994145, -0.60291159, 0.45518669, 0.20023008, 2.3043857, -1.129658, 1.5368952 ],
		"SV_215" : [ 0.15421216, -0.25177085, -0.016427742, 1.2599556, 0.23834166, -0.6861949, -0.20753624, -0.4584842, 0.52395213, -0.22737134 ],
		"SV_216" : [ 0.5628612, -0.28243494, 1.4118855, -0.46385604, 0.40458044, 1.4644864, 0.80577201, 1.6889693, 0.29385981, -2.8619027 ],
		"SV_217" : [ 0.16611654, 2.0122814, 0.34867376, 2.1961234, 0.95612794, -0.24897479, 1.9829332, -1.1440111, -0.27269584, -0.75116503 ],
		"SV_218" : [ 0.37655994, 2.0010712, -0.68353295, -0.92340779, 0.69619548, 0.51130944, 1.6186594, 0.88958347, -0.23897499, 0.34497845 ],
		"SV_219" : [ -2.3548629, -0.22257787, 0.73317993, -0.61924887, -1.1267443, -1.7099693, -0.093028322, -0.68911541, 1.9775933, 0.95587182 ],
		"SV_220" : [ 1.6126387, 0.13701037, 0.24086232, -0.97764665, -0.84464937, 1.1509997, -0.25287282, 0.97451049, -1.6558948, -0.76319647 ],
		"SV_221" : [ -0.033079907, 0.60397089, 0.12412268, 2.0401659, -0.65693414, -0.89237493, -1.8609651, -2.1666481, -0.58953607, 1.717924 ],
		"SV_222" : [ 1.0433748, -0.70464528, -0.92908949, 0.69016159, 0.19725187, -0.063749269, 0.92578691, 0.82757068, -0.89263391, -0.88027418 ],
		"SV_223" : [ -0.23063035, 0.58330864, 0.26675579, 0.019067604, 0.033755112, -0.05401203, -0.80766779, -0.38294452, -3.6613731, -0.70739573 ],
		"SV_224" : [ -1.1709907, 0.20443775, 0.13251938, -1.4293453, -0.63506716, -0.90270746, 0.89015073, 0.94754106, -0.49162143, 0.099761568 ],
		"SV_225" : [ 1.3144233, -1.4701285, -1.4526949, -0.0026367963, 1.2410612, 0.25397503, -0.25247759, 0.21269344, -1.2453842, -0.69681817 ],
		"SV_226" : [ -0.033759914, -1.7610446, 0.99893171, 2.1592355, 0.81857282, -1.0279, -0.60822606, 0.62694895, 0.90621877, 0.31054091 ],
		"SV_227" : [ -0.32216442, -1.2109892, -0.34189701, -0.78279448, 0.18104695, -0.23463286, -0.50898641, 0.73414987, 1.2097448, -0.80123264 ],
		"SV_228" : [ -0.16626142, -1.0182135, 1.7460586, 1.1700912, 1.2892736, -1.9318898, 0.21963568, -1.1987622, -0.63226557, 0.96620226 ],
		"SV_229" : [ 2.3693986, 0.63817722, -0.48046207, 0.47059071, 2.3991587, -0.35951233, 0.11568391, 1.2278509, 0.99265957, 0.58548909 ],
		"SV_230" : [ 0.4193455, -0.8996911, -1.0373576, 1.4709592, -1.3098484, -0.22847903, -2.77718, 2.4250209, -0.90690494, 0.9998641 ],
		"SV_231" : [ 1.4331299, 1.3254132, -0.21697803, 0.67739314, -1.3709494, -0.47251931, -0.31515962, 0.13241354, -0.44552124, 0.93491024 ],
		"SV_232" : [ 0.98931283, 1.2997693, 0.6381228, -0.057127625, 0.26319522, -0.55231386, 2.3970883, 0.76413077, 1.9593385, 0.016880764 ],
		"SV_233" : [ 0.21285595, -0.17725542, 0.66717166, -0.23047043, 1.1873969, -0.37431902, -1.4708226, -0.082335472, 1.285677, 0.66835397 ],
		"SV_234" : [ 0.5054031, -1.1704532, 0.55626577, 0.27242848, 0.31956753, -0.39977929, 0.74636298, 1.3616055, 0.14189848, -1.8514987 ],
		"SV_235" : [ 0.33526239, -0.70746195, -1.0921521, 0.39881912, 0.57525468, 2.0601261, -0.139413, -0.9721458, -0.95907277, -0.53402591 ],
		"SV_236" : [ 1.370517, 0.44547543, 2.1596739, 0.60685265, -0.95886689, -0.84555405, -0.76365232, -0.54958409, -1.0261022, -1.0897096 ],
		"SV_237" : [ 1.205193, -0.016133705, -0.9507646, 0.59013438, -0.90062076, 1.4202214, -1.1496888, -0.53945708, 0.14319293, 0.062271394 ],
		"SV_238" : [ 1.0925627, 0.94450665, -1.9209949, 0.18889479, 0.92931658, 0.17592667, 0.12533037, -1.0507324, -1.1562245, 1.8768147 ],
		"SV_239" : [ -0.60975516, 1.8382319, 0.73214835, 0.31759536, -1.1856177, -0.58857721, 0.036149208, -1.4966661, -0.3142989, 0.56710345 ],
		"SV_240" : [ 0.41044784, -2.3984025, -0.15369348, -0.96620148, 0.86336112, 0.70142817, -1.6997548, 0.64464104, -1.2463619, -0.61954671 ],
		"SV_241" : [ -0.88116413, -0.24334387, -0.93231779, -1.2384726, 0.33493021, 0.3247292, -0.90565002, -1.0039985, -0.10441647, -0.079765774 ],
		"SV_242" : [ 0.28225553, 0.45170563, -1.4974115, 0.039010216, -0.15769602, -0.21930678, 0.021912325, 0.37590832, 0.24178395, 0.3248108 ],
		"SV_243" : [ -0.20387077, 0.53397346, 0.257285, 1.0165408, 1.1112478, 0.65209121, 0.12896337, -1.7238618, 1.1218863, 0.77368724 ],
		"SV_244" : [ 1.1940199, -1.4139622, 0.2442708, 0.39720592, -0.31450453, 0.34247458, 0.75439996, 0.58925176, -1.040184, -0.69978338 ],
		"SV_245" : [ -0.20881948, -0.55902666, -0.43921462, -0.41503441, 0.04953146, -0.54752058, 1.5838159, -0.013818947, 1.3997974, 0.078334153 ],
		"SV_246" : [ 0.19802606, 0.86070275, -1.5858887, -1.2135786, 2.6448658, 0.11236323, 0.68276983, 0.49287248, 0.27053717, -0.33389816 ],
		"SV_247" : [ -1.1953895, 0.099833846, 1.169136, -0.53754795, -0.99345231, -1.4613316, 0.053568754, -0.16910359, -1.6486738, -1.3688352 ],
		"SV_248" : [ -0.56751615, 0.75271934, 1.2857047, 0.070159815, -0.24598913, 0.9178586, -0.17636034, 0.35182524, 0.73083413, -1.4379408 ],
		"SV_249" : [ -1.9282466, 0.70626485, -1.9601988, 0.42151687, -0.72445643, -0.43996105, 0.64649481, 0.72029978, 0.51955485, 1.2334515 ],
		"SV_250" : [ -0.17439292, 0.49256709, -0.99370867, -0.04262495, -1.4909642, 0.26523316, 0.46155545, 0.30618227, 1.4180129, 1.6628021 ],
		"SV_251" : [ 1.7784795, -0.10732105, 0.49971658, 1.0129437, 3.5816329, 0.52984828, 2.3482718, 0.75919783, 0.89133978, 0.16058356 ],
		"SV_252" : [ 0.079525314, 1.1021376, 0.47580564, 1.1011151, 0.47665191, 0.34740418, 1.5066205, 0.39456177, -1.9625686, 0.6708746 ],
		"SV_253" : [ -2.1141891, -1.3747958, 0.67495465, 0.82074147, 0.10112204, -0.34080079, 0.54903555, 1.1232069, -1.3212628, 0.18746774 ],
		"SV_254" : [ 0.38383868, 0.24953884, -0.15500957, 1.4577951, -0.97912771, 0.12718894, -1.9829297, -0.92693293, -0.42934531, 0.15698975 ],
		"SV_255" : [ -0.053547315, -1.0300652, -1.6749853, -0.65235192, -0.15251863, -0.13863084, -1.0051925, -1.1032858, 0.54888988, 0.32959875 ],
		"SV_256" : [ -1.6389029, -0.74599373, -0.24897094, 1.5643982, -0.8367964, -0.33807614, 1.1676266, -1.5957435, -1.4228661, 1.1400104 ],
		"SV_257" : [ 0.31640252, 0.54998076, -0.016203487, -1.2940701, 0.27853054, -0.27433351, -0.92700863, -0.24011545, -1.0686989, 0.48042941 ],
		"SV_258" : [ 1.2951484, -0.16586486, 0.62459671, 0.7454108, -0.75911283, 0.44327146, -0.050795909, -1.2863666, 1.1889217, 0.98739547 ],
		"SV_259" : [ 1.2498158, 0.057097383, 0.032149613, 1.3713183, -0.4143286, 0.2069587, -0.82070518, -1.1063559, -0.0008412266, -0.12420322 ],
		"SV_260" : [ 0.55673015, 0.69146544, 0.94497806, 0.73784077, 3.0064468, -0.44210187, -3.3085701, -1.0784186, 1.1771207, 0.59027386 ],
		"SV_261" : [ -0.64873201, -0.8806197, 0.20219254, 0.52595264, 0.65514773, -0.64766103, 0.27212194, -2.4372282, -0.54864389, -0.54169184 ],
		"SV_262" : [ -1.1026369, 0.98488611, 0.34665218, 1.2382417, -0.52203637, 0.94642335, 1.3011171, -0.66960669, -0.77905035, -0.21867508 ],
		"SV_263" : [ -1.0829279, 1.2127244, 0.64263409, -0.38422501, 0.25791919, -1.645061, -0.64688462, 1.0518034, 0.48924524, -0.38557658 ],
		"SV_264" : [ -0.14876604, -0.30927688, 0.67268443, 0.69468093, 1.4206986, 1.0908235, 0.31868163, 1.7358201, 0.19625407, -0.44707182 ],
		"SV_265" : [ -0.80857122, 0.67989391, -0.31347317, 1.1098946, 0.52920622, 1.6606221, 1.000005, -2.7402468, -0.36952564, -0.81600958 ],
		"SV_266" : [ 0.6133607, 0.15270799, -0.45005691, 0.031701613, 1.0983613, -0.002341355, 0.85080481, -0.77833724, -0.58159941, -0.15850656 ],
		"SV_267" : [ -0.68208224, 0.14037037, 0.16844387, 0.039291259, -0.51979429, 1.0870771, -0.70785916, -0.20611851, 1.4535642, 1.6675056 ],
		"SV_268" : [ 0.79164726, 0.67614031, -0.77587581, 0.75016391, -0.60472959, -0.76308656, -1.3518001, 0.37567148, 0.49107537, 0.44350973 ],
		"SV_269" : [ -2.1487279, -0.42500401, 1.2869806, -0.79268545, 0.46499351, -0.1942279, -0.22143735, -1.0264469, -0.27479929, 1.0148997 ],
		"SV_270" : [ 1.9724218, -1.5498167, -0.97155422, -0.30819592, 0.51194221, 1.4772104, 0.60587871, 0.95201844, 1.7977309, 0.34322509 ],
		"SV_271" : [ 0.10217388, 1.2730967, -0.40757278, -0.56802529, -0.054701917, 0.39820802, 0.8791368, 1.4334568, 1.034127, -1.2476165 ],
		"SV_272" : [ 1.3260702, 0.52408093, 0.079805054, -0.45221087, -2.5382314, 1.3269721, -0.25816151, -0.81395316, 1.1792455, 1.2320499 ],
		"SV_273" : [ -1.9545548, 0.35662833, 0.6678794, 0.87795269, 0.79258651, 1.3408587, -0.80278289, 0.42460266, 0.0045310371, -0.53445852 ],
		"SV_274" : [ -0.36954802, -1.2610555, -0.71153957, 0.59026664, 1.861639, -1.3903247, 0.64642727, 0.3368867, -0.31975761, 0.16526097 ],
		"SV_275" : [ -0.015533917, 1.7947072, -0.87600183, -0.24082273, 0.24160534, -0.8192755, 1.9238631, 1.2674978, -1.2808422, 0.37430668 ],
		"SV_276" : [ -1.7158222, -0.023007145, -0.0076257219, -0.50617409, -0.3545945, -0.6973722, -0.30763063, -0.58788604, -0.64362228, 1.6322212 ],
		"SV_277" : [ -0.22889268, -0.14049183, 0.21710677, 0.20986179, -1.4537103, 0.45564961, 1.6106822, -1.0130166, -0.74828911, 0.78995442 ],
		"SV_278" : [ 1.2386966, 0.85375547, -1.1736822, 0.76946414, -1.4054767, 0.50155735, -0.9130978, 0.56756794, -0.10313478, -0.58259606 ],
		"SV_279" : [ 0.15963124, 0.73768365, -0.76782179, -0.10169375, 0.37375528, -2.858094, 0.86889267, 1.4655272, 1.0867511, 0.37312594 ],
		"SV_280" : [ 0.27340218, -0.24459219, -1.367898, -0.70830941, -0.0032830976, 0.46295777, -1.105756, -0.062074438, 0.044579383, 0.17727296 ],
		"SV_281" : [ 2.6454191, -1.6595984, 0.070005104, 0.25199351, 0.83869994, 1.1154237, -0.23479098, -0.0059434692, 0.59525305, -1.5505652 ],
		"SV_282" : [ -1.3802611, -1.2790481, 2.5032744, -1.1004339, -2.9464331, -1.5976639, -1.0185159, 0.18132174, 0.69462085, -0.58340496 ],
		"SV_283" : [ 0.080743268, 0.95069754, -0.21607919, -0.83447295, -1.2924329, -1.9256333, -2.1673405, 1.6168197, -2.3885989, 0.18423691 ],
		"SV_284" : [ -1.1838212, -1.3228624, 0.33592016, 0.062903583, -0.50253516, 0.35051465, 0.86642408, -0.43003833, -0.0013650833, -0.028940184 ],
		"SV_285" : [ 1.0346532, -1.0823723, -0.74801695, 2.4234583, -1.6272601, -0.30086681, -0.034066338, 1.4241782, 0.87911367, -0.53800213 ],
		"SV_286" : [ -0.085870929, -0.1639076, -0.75623894, 0.89901239, -1.4268421, 1.4954448, 0.78927565, 0.81555331, 0.043355945, 1.1516461 ],
		"SV_287" : [ -1.9071183, -1.3016295, -1.2864054, 0.27870637, -2.6505423, -1.882334, 0.64487755, 0.53642946, 1.6662647, 1.7403406 ],
		"SV_288" : [ 0.94793832, 0.16094279, -0.87695563, 0.5761565, -0.98845547, 0.68140697, -0.78175193, 0.6208508, -0.44690603, -0.75956863 ],
		"SV_289" : [ 0.43986723, -1.1707276, -1.2804954, 0.2099891, 0.81532419, 1.0754486, 1.333181, -0.012659702, 0.87936425, -0.6260882 ],
		"SV_290" : [ 0.055718083, -0.45208576, 1.1562524, 1.1653898, 0.80627477, 0.39944857, 0.29057083, 0.39197734, 0.32513586, -0.16447781 ],
		"SV_291" : [ -0.6447767, 0.62844497, -0.12145309, -1.1337236, 1.1000003, -0.038041033, 0.99665445, 0.64506721, -0.64883733, -1.3009706 ],
		"SV_292" : [ 0.064628571, -0.5972051, -0.34345567, -0.43122643, -0.20648408, 0.43542925, -0.53913009, 0.67774028, 2.6314781, -1.0166084 ],
		"SV_293" : [ 0.79010814, -0.31501228, -0.55806404, 0.17059496, 0.0032592237, 0.82548088, 1.284021, -1.0074745, 0.94903481, -0.65861994 ],
		"SV_294" : [ 0.86704123, 0.19143549, -0.55045593, -1.3389884, -0.88456708, 0.6015467, 1.0674614, -1.119606, -0.93140268, 0.40339309 ],
		"SV_295" : [ 1.5847127, -1.3442119, 0.022549087, 1.0439481, -0.1849968, -0.10213393, -1.0892899, -0.010648492, 0.58620739, 1.0711781 ],
		"SV_296" : [ 0.50567329, -0.14311793, -0.37714601, -1.2646958, 0.14329779, 0.27453265, 1.4502308, -1.2103385, 0.33636555, -2.2982764 ],
		"SV_297" : [ -0.46026069, -0.08180172, 0.3689799, -0.1795385, 0.10287861, -0.51987606, 0.72845882, 1.0804496, 0.38341731, 1.6798292 ],
		"SV_298" : [ -0.57645565, 0.75222063, -1.7256234, 0.91785872, -0.70920718, 1.8110691, 1.7185054, 0.64696848, -0.03479993, 0.14529529 ],
		"SV_299" : [ -0.20007113, 0.12961179, -0.79044902, -0.60643846, -0.80751151, 0.021320932, -1.7275364, -0.60790384, -0.21080248, -1.5981455 ],
		"SV_300" : [ 0.67311054, 0.82449579, 0.60802817, 0.38674256, -1.7184263, -0.27829266, 0.44605631, 0.95107836, -0.15861143, -1.2879769 ],
		"SV_301" : [ 0.47685587, 0.35700968, 2.3837054, 2.0124798, 0.39319167, 0.22090955, -0.48272261, 0.79588968, -0.50218797, 0.94008309 ],
		"SV_302" : [ 2.192019, -0.10437927, 0.48013949, -0.77283967, 0.04339391, -0.620498, 1.4837589, -3.5178676, 1.2686927, 0.56530315 ],
		"SV_303" : [ -0.50732809, 2.0396583, 0.34070751, 1.854352, -0.55252767, 0.16284774, 1.3596764, -1.2079682, -0.026891649, -0.044481665 ],
		"SV_304" : [ -1.6698287, 0.45311934, -0.58483762, 1.105904, -1.7449502, -0.3285425, 0.9361524, 0.59010398, -0.53202718, 0.012528621 ],
		"SV_305" : [ -0.62832457, -1.3106817, 0.37028757, 0.65289164, -0.55134964, 0.36528414, 0.38444176, -0.53493851, -0.37790284, 0.26437458 ],
		"SV_306" : [ 0.41834447, 0.26755592, 1.3179938, -0.45118171, 1.2722834, -0.32998428, 0.31552041, -0.15103552, 0.49551827, 1.1453848 ],
		"SV_307" : [ -0.36993998, 0.58334023, 1.0517862, 0.82146138, -1.9085928, -0.64043021, -1.6169486, 0.34272638, -0.31177276, -0.78372002 ],
		"SV_308" : [ -1.0011756, 1.8879652, -0.37692055, -0.84985846, -1.8803661, -0.72114694, 3.0825369, -0.67371714, -0.46151316, -0.74435967 ],
		"SV_309" : [ 0.42551005, 0.0031123376, -1.9835157, 1.0660404, -0.53182054, -0.56635666, 0.37869841, 1.5749569, -0.034823079, 0.69081324 ],
		"SV_310" : [ -0.46846423, -0.36285922, 1.369468, 0.050466038, -0.85775483, 0.42010045, -1.1008953, -1.5777133, 0.13705269, -1.3984526 ],
		"SV_311" : [ 0.83106244, -1.3834834, -0.63145715, 1.7917262, -0.50229686, -0.30615288, -2.1443014, -0.78806818, 0.64320844, -1.1165454 ],
		"SV_312" : [ 0.6311391, -0.37038153, 1.3538072, -0.50712925, 0.0067268317, -0.96012712, 1.0742325, -0.49348775, -0.59242654, -2.5188289 ],
		"SV_313" : [ 1.8722599, -0.38477206, -0.50073045, 0.57480061, 0.27640903, 0.032379165, -0.32345638, 1.6164097, 0.03350709, -0.52796263 ],
		"SV_314" : [ 1.8251997, 0.077000074, -0.3173233, 0.98249245, -1.195058, -0.29062942, 0.99701005, 1.4287282, 0.92115957, 0.19572328 ],
		"SV_315" : [ 1.6179796, 0.27322018, 1.0480019, 0.30249372, -1.8485285, -0.97894412, -2.5146272, 0.055106673, -0.0051554916, 0.020608999 ],
		"SV_316" : [ 2.4529533, -0.37961975, -0.05411813, 1.1149869, 1.0156251, -0.75261152, -0.43732929, -0.80376625, 0.697339, 0.49983436 ],
		"SV_317" : [ 2.4337354, -0.224022, 0.94660062, -0.23939629, -1.0018442, 1.8818423, 0.82864451, 0.65990633, 0.53221494, 0.82399303 ],
		"SV_318" : [ 0.96567178, 0.49121889, -1.5338902, -1.4407061, -0.70391285, 1.0586103, -0.71764719, 0.8313601, 1.6846827, 1.2069501 ],
		"SV_319" : [ -1.1476158, -0.92074776, -0.49436462, 0.71730095, -0.24211647, -1.426875, 1.8769516, -1.0432675, 0.26969817, -1.4061359 ],
		"SV_320" : [ -2.0510042, -0.1855122, -0.78340799, -1.7188203, -0.3612318, -0.63005382, 0.97118765, 0.91426235, -0.41021004, 0.47206652 ],
		"SV_321" : [ -0.38052899, 1.1663823, -0.80774945, 1.7366083, 0.16382694, -0.18209979, 0.35028622, 0.2287631, -0.30022299, -0.84730291 ],
		"SV_322" : [ -0.33790943, 0.5951407, -0.25876653, -1.412564, 0.32104531, -0.29099137, 1.2533437, -0.54740107, -0.053097039, -0.33365303 ],
		"SV_323" : [ -0.56420368, -1.078653, -0.27514029, -1.2675823, 0.22534618, 1.0665249, -0.81030101, 0.61395603, -1.5230114, 0.51000887 ],
		"SV_324" : [ -0.77640712, 0.21072246, 0.52103209, 0.46733645, 0.22721034, -0.66168845, 0.13695216, 0.64218384, -0.69941449, -2.230057 ],
		"SV_325" : [ 0.15580468, 0.34089607, 0.28942311, -0.93211049, -1.4313824, 2.1625426, 0.64588153, -0.098512933, -0.45386311, 1.3171924 ],
		"SV_326" : [ 0.79920489, 0.93269801, -0.8963235, -0.45157796, -0.30502591, 2.0389175, -1.3063257, 0.31946862, 0.3768062, -1.1693074 ],
		"SV_327" : [ -0.65274155, -2.6173937, 0.52149391, -0.042029217, 0.98776305, -2.192085, -1.2551128, 0.40232569, -0.46696925, -1.2753386 ],
		"SV_328" : [ 0.32670107, 0.73156399, 1.1576428, 0.69383395, -1.9581047, -1.2155654, 1.0286919, -1.2146399, -0.43997639, 1.4107397 ],
		"SV_329" : [ 1.0365653, 0.27125666, -0.13986947, -1.0142225, 0.94261444, -0.46190062, -0.42297217, 1.2987382, -0.82829362, -0.94686502 ],
		"SV_330" : [ 0.78011739, -2.5295224, -1.406706, -1.6893427, -0.058462173, 0.10627842, -1.3583, -0.051813997, 0.54911029, 0.026033083 ],
		"SV_331" : [ 0.7288354, 0.36927438, -0.30033928, 0.37673804, 0.75737286, -1.4764628, 0.3506901, -0.8902896, -0.76608318, -0.9921748 ],
		"SV_332" : [ -0.46085161, -0.2995851, 1.1610073, -0.068517119, -2.143014, -0.95132768, 0.97357363, 0.318519, -0.89067191, 0.39889827 ],
		"SV_333" : [ 0.61107469, -1.1122831, 0.19463357, 0.92945135, 1.2179399, 0.7649622, -0.30740711, -1.6722144, 0.14737639, -0.46081749 ],
		"SV_334" : [ 0.25588682, 0.81385386, -0.31809932, -0.90511495, 0.665739, 0.16207328, 0.84685254, 1.3224437, -0.70612955, 2.1930068 ],
		"SV_335" : [ -0.56677705, -0.10735566, 1.701696, 0.60946774, 0.49592367, -0.037368469, 1.9832816, 1.8035351, 0.044597186, 1.1395745 ],
		"SV_336" : [ -0.55180931, 0.36255676, -1.528124, 0.29053316, 1.4473841, 0.5196026, 0.32807747, -1.1673062, 0.13785097, -0.75136781 ],
		"SV_337" : [ 0.69312823, -0.84127551, -0.80708569, 1.751773, -1.4378265, 0.17299101, -0.84022969, -0.27441886, 0.087028414, -0.1495534 ],
		"SV_338" : [ -0.28256294, -0.39541122, -1.3460354, -1.1441377, -3.0153768, -0.29094267, -0.90347749, 0.082758985, 0.19702694, 0.37728465 ],
		"SV_339" : [ -0.53202838, 0.20629999, 0.68367332, 0.50879252, 0.29765025, -0.80478477, 0.44339624, -0.24903436, -2.0938952, 0.65733051 ],
		"SV_340" : [ 2.2591982, 0.6608023, -0.3593694, 0.25446138, 0.33873251, 0.99939036, 0.89691544, 0.33784938, 1.6437867, 0.3930105 ],
		"SV_341" : [ -1.199299, -0.78920841, 2.6735263, 0.22273211, 0.12521684, -0.31390136, 1.0617734, -0.40859136, -1.21144, 0.08952862 ],
		"SV_342" : [ 1.1396279, -0.65403938, -0.91173548, -0.070452847, 0.22175512, 1.0921789, -2.0271463, -1.7436465, 0.51215756, 0.35851368 ],
		"SV_343" : [ -0.099143289, -0.19748563, -0.54610825, -2.0301805, -0.44949782, 0.15517195, -0.78288698, 0.75421727, -1.1467791, 0.59005249 ],
		"SV_344" : [ 1.1311332, -0.85655653, 0.24555649, 3.4379961, -0.065252312, -0.27932879, -0.89836925, -1.1037838, -0.71039474, -0.82011944 ],
		"SV_345" : [ -0.45394653, -1.9161196, 0.52551711, -0.27049255, 2.6188755, -0.25477958, -0.64320797, 0.62359959, 1.445034, 0.22313996 ],
		"SV_346" : [ -1.7688966, 0.28062394, -0.14454548, -1.1855659, 0.48024562, -1.0275841, 1.4217814, 0.16154225, 1.7784016, 0.85451496 ],
		"SV_347" : [ 0.042495765, 1.7281965, -1.7169919, -0.50909895, -0.3163963, -0.20263982, 1.120201, 0.087290563, 0.30729651, -1.4687945 ],
		"SV_348" : [ -0.090803325, 0.82577968, 0.32913357, 1.9287361, 0.5699445, -0.42515138, -0.51963991, 0.7071169, 1.5844053, -0.45979244 ],
		"SV_349" : [ 0.07540144, 0.21817565, 0.89113623, -0.52454108, 1.1651883, -0.59140652, 1.7425926, -0.25058132, 0.095165819, -0.31681073 ],
		"SV_350" : [ -0.18620317, 0.67862934, 0.94552648, -0.54646754, -1.2113599, -1.3499149, 0.62561858, 0.76323038, 1.161934, -0.75455546 ],
		"SV_351" : [ -3.0112171, -0.23780726, -2.8096676, 0.0022211503, 0.78283042, 1.3311532, 1.4092838, 0.35937124, -1.2684357, 0.62038511 ],
		"SV_352" : [ 0.96475935, 0.97159642, 1.5085044, 1.0030451, 1.023814, -2.3285854, 0.6259414, -0.70589411, 0.33065012, 1.4130183 ],
		"SV_353" : [ 1.9125837, -1.887995, 0.24920848, -2.3684309, -1.3971988, 2.1546805, -0.30934718, -0.37069404, -1.149932, -1.5504023 ],
		"SV_354" : [ 1.1304753, -0.90266782, -2.3566935, -1.3360045, 0.39849818, -0.24937749, -0.17812999, 0.4295361, 0.067759715, 1.5740654 ],
		"SV_355" : [ 0.0045290012, 0.40978581, -2.0276279, -0.11186941, 0.71403432, -0.69238281, -0.029667215, 0.66374272, -0.307008, -1.3726984 ],
		"SV_356" : [ -1.7640958, -0.13332334, 1.1283274, 1.9584543, -1.3162595, 1.9610071, -0.69551921, 1.507295, -1.9937443, -0.20402101 ],
		"SV_357" : [ -0.84994066, -0.57337976, -0.94719905, -0.56403774, -0.54512638, -0.97856104, 1.3852221, 0.83679998, -0.60906821, -0.33942077 ],
		"SV_358" : [ -0.50556052, 1.3298643, 0.89492083, -0.65119976, 0.48059669, -0.30338943, 1.0556625, -0.3464188, 0.31988838, 0.26619926 ],
		"SV_359" : [ 0.10096767, 0.20678222, -0.69966793, -0.85581386, -1.4943109, 2.6086063, -0.43119258, -2.0010922, 1.5643885, -0.13291934 ],
		"SV_360" : [ 0.86403155, 0.040004838, -2.0059965, -0.27040777, 0.66780686, 0.99023587, -0.64039534, -0.056217991, 0.046230234, 1.0886499 ],
		"SV_361" : [ 0.47839075, -0.30341178, -0.91376781, 0.59169966, 0.17268957, 0.8930524, 0.75851798, 1.0671226, -2.3190536, 0.088224187 ],
		"SV_362" : [ -0.58901787, -0.55640227, 1.1476349, 1.3170451, 0.69863856, -0.2300425, -1.1563197, -1.1165198, -1.0014297, 1.3872253 ],
		"SV_363" : [ 0.032754, -0.44565433, 0.31176567, -1.1491251, 0.3163783, -0.82803565, 0.064450532, -1.4135481, -0.91377711, -0.28111866 ],
		"SV_364" : [ 1.5926303, -0.066334613, 1.5911335, 0.52035993, 0.64842337, 0.41549253, 0.31837112, -0.24469529, 0.29638422, 0.74194121 ],
		"SV_365" : [ 0.76094216, -0.65847337, -0.00026188692, -0.78034872, 0.82871717, 0.21059401, 0.70306492, 0.48290178, -0.17350121, -1.6514794 ],
		"SV_366" : [ 0.46387732, 1.651179, -0.95841622, -0.86076337, 0.90662539, 0.85791248, -0.14411728, -0.34634051, 0.053422324, -0.69651395 ],
		"SV_367" : [ 2.0417795, 0.21709847, -1.2263403, 0.70855254, 0.24881898, 0.53081697, -0.14022851, -0.33368275, -0.42798939, 1.7003186 ],
		"SV_368" : [ 0.37185088, 1.3884722, 0.76593411, -0.054809205, -0.95888805, -0.66924638, 0.92788273, -0.17137697, -0.7817964, -0.21928252 ],
		"SV_369" : [ 0.77438289, -1.7653825, -1.2780915, -1.2073697, 0.5148102, -0.8948822, 2.0119519, -2.1427321, -0.62488794, 1.7509108 ],
		"SV_370" : [ -1.3182273, 1.4991032, -0.57930601, -0.18525672, -0.6676088, 0.28714326, 1.030484, -0.97829157, 0.92025477, 0.13469507 ],
		"SV_371" : [ -1.6694589, -0.044092447, -0.3035669, 1.7004935, -0.00013920889, -2.1430218, 0.30426636, 0.060053755, 1.4347881, -1.0182447 ],
		"SV_372" : [ 0.588898, 0.38918447, 0.19842976, 0.98321414, 0.18699539, 0.10173895, 0.17083822, -0.36153066, -0.68255854, 0.5237245 ],
		"SV_373" : [ 1.0358057, 0.53277618, 0.29401478, 1.1162401, -0.6827898, -0.17473614, 0.45646432, 1.5357797, -0.21526662, -0.88529778 ],
		"SV_374" : [ -1.2956902, 0.89588892, -0.99099177, -0.46872619, 1.6374696, -0.97844803, 1.61482, -0.62426502, -0.75852859, 0.49583861 ],
		"SV_375" : [ 0.64305556, 1.4003874, 0.12549478, -0.63211107, -1.6765417, 0.74868441, 0.18674563, -0.79465312, -0.54599738, 0.10250901 ],
		"SV_376" : [ 1.4828405, -1.3756469, -0.95941889, 0.071623951, -1.3562106, -0.64092708, 0.96737891, -0.57976329, -0.75888288, -0.78222883 ],
		"SV_377" : [ -0.63055426, 0.98417181, 1.3508204, -0.43084872, -0.43336377, -0.17530763, 0.24443014, -1.1315813, -0.87903744, -0.50320661 ],
		"SV_378" : [ 0.12946755, -1.1764172, 0.40937302, -1.0378987, 1.815804, -0.60530818, -0.30770254, -1.9129013, 0.17781508, -2.3405919 ],
		"SV_379" : [ 1.1891198, 0.15543218, 1.2683617, -1.9000264, 0.45821097, -0.42007762, -0.20204028, -2.1580591, -0.65439504, -1.5535725 ],
		"SV_380" : [ -0.12391204, 2.3383291, -0.13138619, -0.79780155, 2.1582868, 0.12364049, 0.73443532, -0.29826066, -1.0178299, 0.054962263 ],
		"SV_381" : [ 1.1784195, 0.1934648, 1.163731, 1.2071581, 1.9210134, 0.57689816, 0.81660777, -0.97629261, -0.6497156, -0.58806634 ],
		"SV_382" : [ -1.1253544, -0.13589586, -0.35772768, -0.68920857, 0.29190019, 0.42530158, 0.24938613, 0.35968947, 0.025351541, 1.0912157 ],
		"SV_383" : [ 1.7694919, -1.0420662, -1.4573923, -0.077377066, -0.48419359, 0.31252471, -1.2291911, -0.79465467, -1.1713779, -0.55979609 ],
		"SV_384" : [ 0.98245955, -2.5715044, -1.3673357, -0.26802883, 2.087631, -1.0051918, -2.5333571, -0.72655785, 1.3263289, 1.2635139 ],
		"SV_385" : [ 0.055926576, -0.30160913, -1.2754656, -0.0029228276, -0.19673675, 0.64124483, 0.048748653, -0.25559494, 0.28610006, -0.19126928 ],
		"SV_386" : [ -1.7984408, 0.11876469, 0.4672823, -0.14681026, 0.26519746, 1.3478439, 0.8489725, 1.5996375, 0.75911319, -0.29951522 ],
		"SV_387" : [ -0.94752395, 1.0099484, 0.77364427, -1.217279, 1.5264064, 0.70919019, -1.853761, 1.6700053, -0.22278738, -1.4262296 ],
		"SV_388" : [ 2.4184978, 0.60204995, -0.53942412, 1.5691869, 0.84407067, 0.25057742, -0.88675052, 0.44646436, -0.020160701, 0.88817781 ],
		"SV_389" : [ -0.62423158, 1.1952745, 0.34286469, -0.65127784, -0.6122793, -1.8430206, 1.3726296, -0.63875091, -0.17238842, 0.4442336 ],
		"SV_390" : [ 0.39246202, 0.91898817, -0.23264892, -1.4603971, 0.0080834422, -0.043307051, -0.15930045, 1.1206378, 0.67465526, -0.45836964 ],
		"SV_391" : [ -0.3614834, 0.38753793, 0.59574902, 1.1347202, -1.5229516, 0.31175467, -0.18698952, 0.55683148, 0.38250259, -1.4025428 ],
		"SV_392" : [ -0.29168111, 0.31487551, 0.29290539, -0.42406958, 1.3996576, 0.53436941, -0.20751061, 1.7793661, -0.85065162, 0.88136619 ],
		"SV_393" : [ -1.9276118, -0.31678286, 0.29062736, 0.40636459, -1.3523929, -0.3517563, 0.10872733, -0.073744886, -0.97729415, 1.2249941 ],
		"SV_394" : [ -0.82706875, 1.3892034, -0.060965586, 0.099340759, -0.92411542, -0.2609894, 0.60137612, 2.2005367, 1.9317954, -0.41648138 ],
		"SV_395" : [ -0.60493124, -1.0287714, -0.29428625, 1.0368557, 0.25973526, 1.2382182, -1.9846215, 0.56735003, -0.9233138, 1.7837911 ],
		"SV_396" : [ -0.68006712, 0.34183979, -0.35648489, -1.184388, -1.0196735, -0.047719683, 1.1497947, -1.4001372, -2.6958077, -0.15251522 ],
		"SV_397" : [ 0.94507569, 0.66208249, 0.142446, -0.8021732, 0.60501653, 2.1642127, 0.075679094, 1.761466, -1.026264, 0.76991785 ],
		"SV_398" : [ 0.41512361, -0.37166128, -0.96913701, -1.4460526, 0.028875701, -1.0396582, -0.85098135, -0.761545, 0.31555659, 1.207732 ],
		"SV_399" : [ -0.3081924, -0.1158463, -0.28368476, -1.5597537, -0.17627276, -1.0012215, 0.48164469, 0.17066725, -2.8165615, -1.0919847 ],
		"SV_400" : [ -0.95279884, 1.2809151, 0.84183168, 0.36627528, 0.601762, -2.0485742, -1.9250878, 1.0612795, -0.077831261, -0.23221992 ],
		"SV_401" : [ -1.0368884, -0.024599023, -1.3920976, -2.1013634, -0.44085103, -0.50829315, 0.31534964, -1.5957088, 0.14159507, -1.3397874 ],
		"SV_402" : [ 0.20743658, -0.62656081, 1.1782842, 1.9061738, 0.42117503, -0.068387493, 1.557129, 0.080892444, -1.1595082, 1.6741344 ],
		"SV_403" : [ 0.091308095, -0.22819322, 0.33854353, -0.30507296, -2.0449491, 1.266898, -0.86607808, 0.81220305, -0.57976282, 0.33360234 ],
		"SV_404" : [ -0.82046556, -0.092898712, -0.35474479, 0.28769481, -0.80303526, 0.1395645, -0.45780611, 0.58223766, -0.56844503, -0.7574594 ],
		"SV_405" : [ -0.58422774, -0.026552062, -1.1225318, 0.91139942, 0.4816426, 0.86922061, 0.60883069, -1.2156219, -0.066693313, 0.80981249 ],
		"SV_406" : [ -0.59066921, 1.3478791, -0.049330585, 0.71108413, 0.30262619, -0.69254911, 0.55955869, -1.4202319, -0.32252944, 0.20789313 ],
		"SV_407" : [ 0.4017415, -1.6587219, -1.476686, -1.6547298, -1.7871203, -0.61574066, 0.61318511, 1.0713253, -0.81140196, 0.16398095 ],
		"SV_408" : [ -0.87014872, -0.75263888, -0.21417387, 1.2491927, -0.93775845, 0.14861062, -0.87552184, -0.96151143, -1.0622975, -0.73989719 ],
		"SV_409" : [ -0.69873261, 3.0627906, 0.25774682, -0.54899359, -0.5175786, 1.0707021, 0.30498189, 0.31889853, -0.2502155, 1.4289367 ],
		"SV_410" : [ -0.95621347, -1.7123322, 0.15822043, 0.47384265, -1.5137273, 0.69998801, -1.4159508, -2.0277359, 0.16063868, 0.84397823 ],
		"SV_411" : [ 1.1944464, -0.017191824, 1.4823706, -0.36309722, 2.1202652, -0.42727146, -0.57207096, 0.92018038, 0.58196312, 0.67047209 ],
		"SV_412" : [ -0.58062243, -0.77914023, 0.10445581, -0.14914943, 0.52010059, 0.022675999, -0.58374774, 0.0040678275, -0.835186, -2.311487 ],
		"SV_413" : [ -1.1149365, -0.19395947, -1.5087497, -2.4197052, -0.71877289, -0.16199142, 0.012908541, 1.3174173, 0.442332, -2.0291402 ],
		"SV_414" : [ 2.4844325, -0.59945786, 0.11998723, 0.82503712, -2.195806, -1.0823852, 1.9767125, -0.20840912, 1.4528857, -0.90147591 ],
		"SV_415" : [ -0.3042517, -2.4187503, 0.14873791, -1.1568087, 1.8562676, 1.1616733, 0.54215842, -1.7332134, -0.11347862, -1.3598213 ],
		"SV_416" : [ -0.013907389, 0.26358455, 1.4290354, -1.251725, -0.78317297, -0.74071258, 1.7425383, -1.2741414, -1.421085, -0.21016429 ],
		"SV_417" : [ -0.61712253, -0.03580793, 0.80904251, -2.6887703, 2.5330088, -0.73814946, 0.61342591, -0.79792857, -0.079504132, 1.141408 ],
		"SV_418" : [ 0.72275722, -0.51466686, -0.36003348, 0.82469201, -1.6972575, 0.93544698, -1.5793195, -1.7420504, 0.86135525, -1.5848221 ],
		"SV_419" : [ 1.1407996, -0.57238513, 0.30141044, 0.34861091, -1.4388382, -0.32664967, -0.60189438, 0.95023274, 0.0051090717, 0.011404422 ],
		"SV_420" : [ 0.31210801, -0.077737771, -0.70262748, -1.4042983, -0.27197745, 0.14425384, 0.87656319, -1.800877, 2.3304462, 1.9260211 ],
		"SV_421" : [ -0.61761791, -0.29607058, -0.41739377, -2.2065213, -0.29735631, -0.22591178, -0.033954818, 0.095455728, 1.2160408, 0.24444607 ],
		"SV_422" : [ -1.939052, 1.5291383, -0.45024416, 0.6203106, -0.081602961, -1.1979307, -0.67029208, 1.9175465, 0.97095639, -1.8453845 ],
		"SV_423" : [ -1.0134716, 1.8175462, -0.27453342, 0.55610061, 0.079239063, -0.74509013, 0.85963273, -0.76598054, -0.069725178, -0.037152972 ],
		"SV_424" : [ 0.356498, 0.041456912, 0.1302819, 0.26148534, 0.85177362, -1.3565179, 0.22565702, -1.2509198, -1.4829659, -0.43261075 ],
		"SV_425" : [ -0.85811079, -1.0463345, -0.94715446, 0.72621065, 1.5292087, -0.21538584, 1.7889361, -0.35497719, -0.21135354, -0.42412549 ],
		"SV_426" : [ 0.8640129, -0.10124075, -0.80723363, 0.87827146, 0.17372887, -0.84846634, 0.90817225, 0.38368952, 0.6444276, 0.057186808 ],
		"SV_427" : [ 0.68838084, 0.50270575, 1.5651696, -0.8033461, 2.1942179, -1.0933739, 1.9931908, 1.3694583, 0.66429919, 1.3995128 ],
		"SV_428" : [ -1.5629959, 0.90487969, 0.010086726, 0.99665022, -2.3407583, 0.45681128, -0.23831521, -0.26399404, -0.16532256, -2.6807454 ],
		"SV_429" : [ -0.49696508, 0.58875817, 0.45863238, -1.3411998, -0.26135725, -0.03927834, -0.57150716, -1.7682148, 0.35263467, -1.5363047 ],
		"SV_430" : [ 0.19304943, -1.2189621, 0.009323, 0.4090679, 0.16676997, -0.13460799, 0.77102059, -0.076302245, -0.077245593, -0.43319598 ],
		"SV_431" : [ 1.0384289, 1.9463513, 0.35960105, 1.9056236, -0.64907914, -0.6300813, -0.13183273, 1.3017899, -0.94589585, 1.0589072 ],
		"SV_432" : [ -0.96066201, -0.74913394, 2.0626664, 0.58531421, 1.1639029, -1.1949728, -0.19124027, 0.77358508, 0.75263602, -1.5118388 ],
		"SV_433" : [ -0.55661911, -0.45335266, -0.95431268, -0.027242368, 0.41070363, -2.1060262, -0.97974956, 1.1183456, -1.917618, -0.42971358 ],
		"SV_434" : [ -0.26559374, -0.53667098, 2.0734282, -1.7799263, -1.1173484, -0.26945961, 0.1331193, -1.6571677, 0.76513636, -0.22567478 ],
		"SV_435" : [ -1.8518161, 1.9502445, 1.4367869, -1.0519691, 0.8745566, 0.9408673, -1.1747996, -0.25063655, 0.21094097, 1.1759319 ],
		"SV_436" : [ 0.5917601, 0.1026228, 0.11644514, -0.014534334, -0.066727623, -0.10345647, 0.38990051, 0.11030219, -0.11457258, -0.18560423 ],
		"SV_437" : [ -0.935175, 0.62236685, 0.69750535, 0.24342847, 0.62561321, 2.8278983, -0.50281298, 0.013540578, -0.78167552, -0.37350625 ],
		"SV_438" : [ -0.97165608, -0.9892152, 0.73564631, 1.2831851, 1.968123, -1.5844423, 1.5225463, 1.1281883, 1.9906322, -1.2944566 ],
		"SV_439" : [ -0.97502285, 0.45942995, 0.63923037, 0.86156148, -0.11014929, 0.80118328, -0.050202459, 0.66828042, 1.4458133, -0.28945345 ],
		"SV_440" : [ 0.76470989, -0.13196281, 2.9298828, 0.54118514, 0.39836898, 0.43222436, -0.20332393, -0.3108077, -0.58066499, 1.8692427 ],
		"SV_441" : [ 1.6152644, 1.2807783, 2.1680236, 0.16734958, 1.8488549, -0.37176436, 0.44863704, -0.14145236, -1.2293688, -1.3084745 ],
		"SV_442" : [ 1.5028665, -0.71340531, 0.038294751, 2.7500732, 0.63090467, 0.024575135, -0.41872177, 0.98948526, 0.10997407, 1.5659956 ],
		"SV_443" : [ 1.7216508, 1.3028343, -0.56915605, -0.34385738, 1.6799544, 0.83403683, 0.19880547, 1.2293129, -0.088276528, -2.1037843 ],
		"SV_444" : [ -1.1402823, -0.8117007, 0.36584875, -1.9656651, 0.071153149, -0.047073707, 1.292424, 1.342743, 0.14819615, -1.8440654 ],
		"SV_445" : [ 1.0712348, 0.24571575, -0.97768033, 0.20075251, 0.90722096, 0.22279544, 0.77141285, -0.48962578, -0.21672982, 1.5365704 ],
		"SV_446" : [ 0.95136923, 0.00062821241, 2.0252984, 2.3969502, 1.078692, -1.2705376, 1.6719109, 0.6446951, -0.52594006, -0.17378415 ],
		"SV_447" : [ -1.2082258, -0.067862019, 0.87450916, -0.30720159, 0.80948609, -0.27771848, -0.15822454, -0.61215067, -0.79572052, -0.44334748 ],
		"SV_448" : [ 0.50104278, -0.43271852, -0.86132431, -0.14124662, 0.21481128, 1.0096449, -0.85702771, 0.80343026, 0.44491175, -0.57936317 ],
		"SV_449" : [ 0.033226769, -0.43059227, -1.9802805, 1.0578293, -0.95420283, 0.01796302, 0.79722643, -0.64197177, -0.27833626, -0.68363011 ],
		"SV_450" : [ -0.60664099, 0.65922248, 0.57423311, -1.5379759, 0.84343481, -1.5834601, -1.0921329, 0.52268445, 1.5745291, 2.2376971 ],
		"SV_451" : [ -0.096561104, -1.1171204, 0.5024398, 0.14470889, 1.2941742, -1.3005526, -0.014202727, -0.64982241, -0.69940275, -0.30038023 ],
		"SV_452" : [ -0.32236785, 0.79851693, 0.63113749, 0.17686683, 0.23465334, -0.081133619, -1.4510652, 0.92147011, -1.0078144, -1.2305132 ],
		"SV_453" : [ 1.2263464, -0.046584822, 0.60822582, -0.12444074, 0.54427022, 1.1033316, 1.1367736, -1.0312634, -0.1730821, -0.28504503 ],
		"SV_454" : [ -0.75255573, -0.33626541, -0.27118042, 0.39886305, -0.70949447, -1.4134387, 0.32969043, 0.59417242, -1.1297021, 0.098405026 ],
		"SV_455" : [ 1.3360692, 0.12112693, -1.2574618, -0.84256971, 0.28160691, -0.13616851, -0.73747522, 0.64319623, 1.3595728, 1.4356848 ],
		"SV_456" : [ -0.39803684, 0.56331807, 0.45541391, -0.065400228, -0.44095129, -1.3142033, -0.31486109, -0.032089345, 1.295972, -0.50706953 ],
		"SV_457" : [ -0.79818094, -1.2844491, -0.34434417, 0.28010586, 0.74931026, -0.090137094, -0.35819134, 1.2160047, -1.7768754, -0.46555117 ],
		"SV_458" : [ -0.69102675, -0.14606661, 0.5923205, 1.6404494, 1.7821604, 0.27056694, 1.5768442, -0.17338081, -0.19273385, -0.84265006 ],
		"SV_459" : [ -0.08921054, 0.31272832, 1.3153801, 1.0870811, -1.4894794, 0.28181046, 3.3586078, 0.06540636, -1.7554471, -1.0477027 ],
		"SV_460" : [ 1.0339423, 1.1417229, 0.12323943, -0.3881025, -1.4850987, 0.63272518, -0.39163965, 1.3677099, -0.54347593, -1.0101733 ],
		"SV_461" : [ -1.146614, 0.2794289, 2.190707, 1.113173, 0.80339491, -0.68983823, -0.49934718, -0.1058877, 0.13777673, 0.2160926 ],
		"SV_462" : [ 0.66181135, -0.39115435, 0.58479255, -0.062977977, -1.3861622, 0.18759668, -1.0233375, 2.2470558, -0.47557259, -1.1554717 ],
		"SV_463" : [ -0.29506382, 1.1948025, 1.8618631, 1.707372, 0.6330052, -0.22522716, 2.7827539, 0.9442203, 1.7716231, 0.84592468 ],
		"SV_464" : [ -1.1373583, 0.39504224, -0.10128182, -0.79454529, -1.2074425, 0.84642917, 0.73378229, 0.16120122, 0.21606575, 0.11167753 ],
		"SV_465" : [ -0.96208692, -0.81130004, -0.86089545, -0.61878574, 1.1548617, -0.1093916, -1.4518406, -1.3511233, -0.6098237, 1.6779884 ],
		"SV_466" : [ 1.1885648, -2.2527421, 0.01949328, -2.6353142, -0.81418014, 0.5360868, -1.0199288, -1.076952, -0.03987645, 0.024597256 ],
		"SV_467" : [ 0.68576717, 0.12211414, 0.38481647, -0.74982554, -0.20019577, 0.59808213, 1.7806677, 0.3018747, 0.0411672, -1.8469893 ],
		"SV_468" : [ -0.0091938777, 0.837286, -0.063794918, -1.4550242, 0.86255896, 0.37762582, -0.21051779, -0.4931131, 0.13056065, -0.95850623 ],
		"SV_469" : [ -0.89099807, -0.68949157, -0.028311184, 1.2446883, -1.5656308, 1.0352921, 0.69375896, 0.030147219, 0.035219695, 0.097801022 ],
		"SV_470" : [ -0.050998077, 0.72129303, -1.2410036, 1.2041568, 0.51640189, -2.2925076, -0.53515178, -1.4135803, 0.1468109, -0.86359912 ],
		"SV_471" : [ -0.76794666, -0.56161338, 0.5756743, -1.3023142, 1.6817373, 0.54046291, -0.84815025, 0.82854766, -2.3442018, 1.1545227 ],
		"SV_472" : [ 0.24648908, -0.14387687, -0.28476524, 1.5353242, 0.70834851, -1.5367286, -1.2790534, 1.1373123, -0.44767895, -1.2511715 ],
		"SV_473" : [ -2.412199, 0.9044432, 1.222087, 0.46577647, -0.0083576534, -1.366473, 1.9776094, 0.80207562, -0.27966559, 0.52810752 ],
		"SV_474" : [ 0.71868759, 2.345176, 1.1400818, -0.25579551, -0.54169887, -0.26715234, 0.47741261, 0.21169537, 1.6718326, 0.021004857 ],
		"SV_475" : [ 1.1263573, 2.5922885, -0.37011531, 1.7315577, -0.58220357, -0.044078745, -2.3856316, 0.94211, -1.5814836, -0.3493323 ],
		"SV_476" : [ -2.5403066, 0.61517483, -0.85246038, 0.31204942, 0.38432145, -0.69127661, -1.5185338, -0.49694076, -0.073621921, 0.5941816 ],
		"SV_477" : [ -0.93613714, -0.5369429, 0.39536062, 0.98563695, 0.65170586, -1.064311, -1.8577818, -3.0200753, -0.21974416, -0.86074871 ],
		"SV_478" : [ 0.48923454, 0.40016374, 1.2933024, 0.29603055, 0.045590468, 0.67710185, 0.34731141, 0.088335715, -0.465157, 0.65755653 ],
		"SV_479" : [ -0.5532431, -0.78006893, 1.5218116, -0.34280747, -0.17397615, -0.52671212, -1.1220998, -0.064861409, 1.5809666, 1.0477161 ],
		"SV_480" : [ 0.39310244, 0.30781701, -1.13485, 0.83291745, 0.17138955, -0.70104402, -1.3248739, -1.9575129, 0.37824765, -1.6824089 ],
		"SV_481" : [ -0.76346648, -1.4909534, 0.50460804, 0.2722474, 1.3718191, -0.87236673, -0.49365392, -1.418165, -1.2931855, 0.29600143 ],
		"SV_482" : [ 0.94273084, -0.15491495, -0.57662916, 0.3708654, 1.4619031, -0.25213784, -0.11299895, 0.84626436, -1.5406032, 0.68084502 ],
		"SV_483" : [ -0.30090681, 0.092843637, -1.7984037, 0.84482318, 1.1482106, -0.41120765, -2.0010133, -0.33279338, -1.1114658, 2.1012924 ],
		"SV_484" : [ -1.6926652, -1.1277653, 1.1126353, -0.57308984, 1.0831634, 0.52631354, 0.45306733, 0.7530461, -0.67232752, -0.88409644 ],
		"SV_485" : [ 0.40770915, 1.7319585, 2.0294092, 0.94472748, 0.10942128, 0.45982102, 0.78980565, -0.52620465, -0.13255545, -1.1084672 ],
		"SV_486" : [ 2.2209482, -0.48287147, 1.3539555, 0.29447517, -0.68671, -1.2148681, -0.62420303, 0.91852808, 1.3360108, -0.088407502 ],
		"SV_487" : [ 0.27059212, -0.2535511, 0.53487098, -1.064963, -0.22599255, 0.97826886, -1.1720407, 2.9376686, -1.388256, -0.17836648 ],
		"SV_488" : [ -0.26038218, 0.4023923, -0.67057061, 1.2862366, -0.65696687, -0.61925071, -1.9765806, -1.9467608, -0.15431981, -0.96690923 ],
		"SV_489" : [ -0.90140361, -0.034184188, 0.50812137, -0.95170665, 1.8314413, 0.38236877, 0.63789284, 0.8583374, -0.48930618, -0.44538668 ],
		"SV_490" : [ 1.3019394, 0.87419653, -1.254846, 0.60310221, 0.49050424, 2.0682449, -1.1863986, 0.58810383, -0.82878411, 0.0075396951 ],
		"SV_491" : [ 0.85098755, -0.31058234, -0.55840212, 0.6952371, 1.1418974, -1.1163738, -1.9980618, 0.67134094, 0.26720601, 0.35958213 ],
		"SV_492" : [ 0.92633939, 0.86178488, -0.96750426, -0.83862793, -0.18301633, -0.66929054, 0.38123092, -0.27834651, 1.5566213, 0.14852239 ],
		"SV_493" : [ -0.80109131, -0.93573791, 1.4739333, -0.087026745, -0.88863629, 0.13217393, -1.7400753, -0.22284974, -1.4518526, -0.69193244 ],
		"SV_494" : [ 2.4032738, 0.37541577, 1.4394525, -0.57753724, 0.72452557, 1.6420205, 0.60641533, 1.2730618, 0.34829444, -1.1976035 ],
		"SV_495" : [ 1.3327581, 0.047542524, -0.39175987, -1.9812323, -0.33758453, -0.29609266, 1.7218758, -0.24905744, 2.0380685, 0.29029965 ],
		"SV_496" : [ -0.46554893, 0.089483209, -1.8585234, 0.032080881, -0.024752187, -0.83282429, -0.45233846, 1.6588472, -1.2606912, -0.83503109 ],
		"SV_497" : [ -0.088076629, -1.135769, -0.18560764, 1.5419782, -0.7237398, -0.0006353982, -0.59556985, -2.3032794, -1.3479142, 0.64019096 ],
		"SV_498" : [ -0.59153205, 0.19983661, 0.28826758, 1.8147886, 0.84583855, 0.11809641, 1.7404972, 0.02144569, -0.098659009, -1.7315376 ],
		"SV_499" : [ 0.40846476, 0.36138946, 0.10738423, -0.82235157, 0.94676918, 0.50517148, 1.6155043, -1.7994964, 1.4022518, 0.81941849 ],
		"SV_500" : [ 0.54580939, -0.52055991, -1.0212983, 0.56995672, 0.23137501, 0.61180741, 1.0793028, 0.62618148, -2.1430342, 0.27995086 ],
		"SV_501" : [ -0.63859969, 1.2059306, 0.82852536, 0.46788803, -0.61726677, -0.15864798, -0.10201846, -0.54983753, -0.62226343, 0.13937965 ],
		"SV_502" : [ -1.1112659, -0.15377577, -1.6540977, -0.5293777, -2.0847569, -1.1745138, 0.75119221, 0.45221832, -1.9754034, -2.08395 ],
		"SV_503" : [ -0.48304513, -1.1954271, -0.93211395, 0.48793286, 1.9711807, -0.41644952, -0.60229802, 3.0407658, -0.20914035, 1.4231585 ],
		"SV_504" : [ -0.16637167, -0.13083796, -1.0048107, 0.37806603, -1.7690743, -1.2745969, -0.34853154, -1.4080143, 1.6948233, -1.3915821 ],
		"SV_505" : [ -1.1007618, -0.60977566, 2.0711906, 0.086668253, -1.3745114, 0.095742054, 0.35413745, -0.071527354, 0.050689463, -0.023049563 ],
		"SV_506" : [ 1.5667508, -1.2133673, 0.43576789, -0.45850983, -0.81253856, 1.2759931, -0.09294077, 0.32498482, 0.25682804, -1.0312536 ],
		"SV_507" : [ 1.8720965, -1.084281, -0.82247937, 1.762635, 0.37704074, -0.80537158, 1.0483288, 0.64955264, 1.0529985, -0.64194 ],
		"SV_508" : [ 1.0252436, -0.33997446, 1.3017923, -0.12717077, -0.89222044, -2.9311378, -0.42901927, 0.79211104, -0.41390279, -0.91335022 ],
		"SV_509" : [ 0.53215414, -0.48031217, 0.072516091, 1.2179203, -1.2907933, 1.1510117, 0.21474005, -0.44557038, 1.2226735, 0.90658712 ],
		"SV_510" : [ 1.2314278, -1.0483044, -0.67018276, -0.24646576, -1.4736561, -0.98086339, -0.4148446, 0.56002069, -0.79505265, 1.7295848 ],
		"SV_511" : [ -1.1547698, -1.9823718, -0.42863458, 0.21213853, 0.22844918, 1.279009, -0.19701639, 1.1385603, -0.45593625, 0.29666382 ]
	},
	"SupportVectorsCoefs" : {
		"SV_coef_0" : [ 1, 1, 1, 1, -1, -1, -1, -1, -1, -1, 1, 1, -1, 1, 1, -1, 1, 1, -1, 1, 1, 1, -1, -1, 1, -1, -1, 1, 1, 1, 1, -1, 1, 1, 1, -1, 1, -1, -1, -1, 1, 1, -1, 1, -1, 1, 1, -1, -1, 1, 1, -1, 1, 1, 1, 1, 1, -1, -1, 1, -1, -1, 1, 1, 1, 1, 1, 1, -1, 1, 1, 1, -1, -1, -1, -1, 1, 1, -1, 1, -1, -1, 1, -1, 1, 1, 1, 1, 1, 1, -1, 1, -1, -1, 1, 1, -1, 1, -1, 1, 1, 1, -1, -1, 1, -1, 1, 1, -1, 1, -1, -1, -1, -1, -1, -1, -1, 1, 1, -1, -1, -1, -1, 1, -1, 1, -1, -1, -1, -1, 1, -1, -1, -1, -1, 1, -1, 1, -1, 1, 1, 1, 1, 1, 1, 1, -1, 1, 1, -1, -1, -1, -1, -1, 1, -1, 1, 1, -1, -1, 1, 1, -1, 1, -1, -1, -1, -1, -1, -1, 1, -1, 1, -1, -1, -1, -1, -1, 1, -1, -1, -1, -1, 1, -1, -1, -1, 1, 1, 1, -1, 1, -1, -1, 1, -1, 1, 1, 1, -1, -1, -1, 1, 1, 1, 1, 1, 1, 1, -1, 1, 1, 1, 1, 1, -1, 1, 1, 1, -1, 1, -1, 1, -1, -1, -1, -1, -1, 1, 1, -1, 1, 1, -1, 1, -1, 1, -1, -1, 1, -1, -1, -1, 1, 1, 1, 1, -1, 1, -1, 1, 1, 1, -1, -1, -1, -1, -1, 1, 1, -1, -1, 1, -1, 1, -1, 1, -1, -1, -1, 1, 1, 1, -1, -1, 1, -1, 1, 1, 1, -1, 1, -1, -1, -1, 1, 1, -1, -1, 1, 1, -1, -1, 1, 1, 1, 1, 1, 1, -1, 1, 1, 1, 1, -1, -1, 1, -1, 1, -1, -1, -1, 1, 1, 1, 1, 1, 1, 1, -1, -1, -1, -1, -1, -1, 1, -1, -1, 1, 1, -1, -1, 1, -1, 1, 1, -1, -1, -1, -1, 1, 1, -1, -1, -1, -1, -1, 1, 1, 1, 1, -1, 1, 1, -1, -1, -1, -1, 1, -1, -1, 1, -1, -1, 1, 1, 1, 1, 1, -1, -1, -1, 1, 1, -1, 1, -1, 1, -1, 1, 1, 1, -1, -1, -1, -1, 1, -1, 1, 1, 1, 1, 1, -1, 1, -1, -1, 1, -1, -1, -1, -1, 1, -1, -1, -1, -1, -1, -1, 1, -1, 1, -1, -1, 1, -1, 1, 1, -1, 1, 1, -1, -1, -1, -1, -1, 1, 1, -1, -1, -1, 1, 1, -1, 1, -1, 1, 1, 1, 1, 1, 1, 1, 1, -1, 1, 1, -1, -1, -1, -1, -1, -1, 1, -1, 1, -1, -1, 1, 1, 1, 1, 1, 1, -1, -1, -1, 1, -1, -1, -1, -1, -1, 1, 1, 1, -1, -1, 1, -1, -1, -1, 1, -1, -1, 1, 1, 1, -1, 1, 1, -1, 1, -1, 1, 1, -1, -1, 1, 1, 1, -1, -1, -1, -1, 1, 1, 1, 1, 1, -1, -1 ]
	},
	"rho" : [ 38.522903 ],
	"nSV" : [ ],
	"probA" : [ ],
	"probB" : [ ],
	"n_iter" : [ 257 ],
	"sv_ind" : [ 0, 1, 2, 3, 4, 5, 6, 7, 8, 9, 10, 11, 12, 13, 14, 15, 16, 17, 18, 19, 20, 21, 22, 23, 24, 25, 26, 27, 28, 29, 30, 31, 32, 33, 34, 35, 36, 37, 38, 39, 40, 41, 42, 43, 44, 45, 46, 47, 48, 49, 50, 51, 52, 53, 54, 55, 56, 57, 58, 59, 60, 61, 62, 63, 64, 65, 66, 67, 68, 69, 70, 71, 72, 73, 74, 75, 76, 77, 78, 79, 80, 81, 82, 83, 84, 85, 86, 87, 88, 89, 90, 91, 92, 93, 94, 95, 96, 97, 98, 99, 100, 101, 102, 103, 104, 105, 106, 107, 108, 109, 110, 111, 112, 113, 114, 115, 116, 117, 118, 119, 120, 121, 122, 123, 124, 125, 126, 127, 128, 129, 130, 131, 132, 133, 134, 135, 136, 137, 138, 139, 140, 141, 142, 143, 144, 145, 146, 147, 148, 149, 150, 151, 152, 153, 154, 155, 156, 157, 158, 159, 160, 161, 162, 163, 164, 165, 166, 167, 168, 169, 170, 171, 172, 173, 174, 175, 176, 177, 178, 179, 180, 181, 182, 183, 184, 185, 186, 187, 188, 189, 190, 191, 192, 193, 194, 195, 196, 197, 198, 199, 200, 201, 202, 203, 204, 205, 206, 207, 208, 209, 210, 211, 212, 213, 214, 215, 216, 217, 218, 219, 220, 221, 222, 223, 224, 225, 226, 227, 228, 229, 230, 231, 232, 233, 234, 235, 236, 237, 238, 239, 240, 241, 242, 243, 244, 245, 246, 247, 248, 249, 250, 251, 252, 253, 254, 255, 256, 257, 258, 259, 260, 261, 262, 263, 264, 265, 266, 267, 268, 269, 270, 271, 272, 273, 274, 275, 276, 277, 278, 279, 280, 281, 282, 283, 284, 285, 286, 287, 288, 289, 290, 291, 292, 293, 294, 295, 296, 297, 298, 299, 300, 301, 302, 303, 304, 305, 306, 307, 308, 309, 310, 311, 312, 313, 314, 315, 316, 317, 318, 319, 320, 321, 322, 323, 324, 325, 326, 327, 328, 329, 330, 331, 332, 333, 334, 335, 336, 337, 338, 339, 340, 341, 342, 343, 344, 345, 346, 347, 348, 349, 350, 351, 352, 353, 354, 355, 356, 357, 358, 359, 360, 361, 362, 363, 364, 365, 366, 367, 368, 369, 370, 371, 372, 373, 374, 375, 376, 377, 378, 379, 380, 381, 382, 383, 384, 385, 386, 387, 388, 389, 390, 391, 392, 393, 394, 395, 396, 397, 398, 399, 400, 401, 402, 403, 404, 405, 406, 407, 408, 409, 410, 411, 412, 413, 414, 415, 416, 417, 418, 419, 420, 421, 422, 423, 424, 425, 426, 427, 428, 429, 430, 431, 432, 433, 434, 435, 436, 437, 438, 439, 440, 441, 442, 443, 444, 445, 446, 447, 448, 449, 450, 451, 452, 453, 454, 455, 456, 457, 458, 459, 460, 461, 462, 463, 464, 465, 466, 467, 468, 469, 470, 471, 472, 473, 474, 475, 476, 477, 478, 479, 480, 481, 482, 483, 484, 485, 486, 487, 488, 489, 490, 491, 492, 493, 494, 495, 496, 497, 498, 499, 500, 501, 502, 503, 504, 505, 506, 507, 508, 509, 510, 511 ]
}
}
TREE_JSON_DUMP_END
MCU_DEPLOY_REGRESSION_CODE step 6
MCU_DEPLOY_REGRESSION_CODE step 7
MLLITE_AUTO_DEPLOY_RANDOMREG_10_MEDIUM_APPLY_OUTPUT_REG  [ -17.05463, -22.595501, -32.734528, -39.724339, -57.347572,  ... , -25.547829, -35.595173, -30.550793, -43.950527, -57.781147 ]
MLLITE_AUTO_DEPLOY_RANDOMREG_10_MEDIUM_REG_PERFS { "count" : 512, "rmse" : 161.44174, "mape" : 2.0578747, "R2" : 0.04931134 }
This will be printed
MCU_DEPLOY_REGRESSION_CODE step 8
MCU_DEPLOY_REGRESSION_CODE done
MLLITE_MCU_TIMER_OPERATION_ELAPSED_SECONDS 'MLLITE.MCU_DEPLOY.REGRESSION.Vapnik_NuSVR_RBF.RANDOMREG_10_MEDIUM' 0
MLLITE_MCU_TIMER_OPERATION_END 'MLLITE.MCU_DEPLOY.REGRESSION.Vapnik_NuSVR_RBF.RANDOMREG_10_MEDIUM' [ 'Tue Jan 23 09:44:24 2024' ]
MCU_DEPLOY_ON_TARGET_X86_64_END
