MCU_DEPLOY_ON_TARGET_X86_64_START
MLLITE_MCU_TIMER_OPERATION_START 'MLLITE.MCU_DEPLOY.REGRESSION.Vapnik_NuSVR_RBF.FREIDMAN3_SMALL' [ 'Tue Jan 23 09:44:27 2024' ]
MLLite starting
MCU_DEPLOY_REGRESSION_CODE step 1
MCU_DEPLOY_REGRESSION_CODE step 2
MCU_DEPLOY_REGRESSION_CODE step 3
MCU_DEPLOY_REGRESSION_MODEL_OPTIONS
{"svm_type" : "c_svc", "kernel" : "rbf", "degree" : 3, "gamma" : 0, "coef0" : 0, "cache_size" : 10240, "tol" : 0.001, "nu" : 1, "epsilon" : 0, "shrinking" : 0, "probability" : 1, "C" : 1 }
MCU_DEPLOY_REGRESSION_CODE step 4
PROGRESS_REPORT_ELAPSED_TOTAL 'SVM_NU_REGRESSOR_FIT' 1 4
PROGRESS_REPORT_ELAPSED_TOTAL 'SVM_NU_REGRESSOR_FIT' 2 4
PROGRESS_REPORT_ELAPSED_TOTAL 'SVM_NU_REGRESSOR_FIT' 3 4
PROGRESS_REPORT_ELAPSED_TOTAL 'SVM_NU_REGRESSOR_FIT' 4 4
MCU_DEPLOY_REGRESSION_CODE step 5
TREE_JSON_DUMP_START
{
	"metadata" : { "model" : "Vapnik_NuSVR_RBF", "version" : "2024-W03"},
	"options" : {"svm_type" : "nu_svr", "kernel" : "rbf", "degree" : 3, "gamma" : 1.473315e-06, "coef0" : 0, "cache_size" : 10240, "tol" : 0.001, "nu" : 1, "epsilon" : 0, "shrinking" : 0, "probability" : 0, "C" : 1 },
	"svm_model" : {
	"classes" : 2,
	"L" : 64,
	"SupportVectors" : {
		"SV_00" : [ 17.761709, 423.49832, 0.13527021, 10.148129 ],
		"SV_01" : [ 45.437614, 168.8412, 0.34381741, 3.2799625 ],
		"SV_02" : [ 69.79232, 473.44794, 0.23354627, 3.4110725 ],
		"SV_03" : [ 67.667091, 938.67261, 0.6520462, 9.5231543 ],
		"SV_04" : [ 55.11842, 1002.0861, 0.72665828, 4.5706177 ],
		"SV_05" : [ 52.067585, 534.25616, 0.15516393, 8.5265379 ],
		"SV_06" : [ 50.992905, 814.56134, 0.25743917, 5.9946275 ],
		"SV_07" : [ 34.347893, 205.92812, 0.72002012, 9.4146776 ],
		"SV_08" : [ 63.010204, 221.35439, 0.81463045, 5.897069 ],
		"SV_09" : [ 22.605108, 1660.837, 0.73112428, 9.3745556 ],
		"SV_10" : [ 13.280704, 643.7168, 0.52081394, 4.8420787 ],
		"SV_11" : [ 7.6063437, 1112.2266, 0.73276085, 6.1403751 ],
		"SV_12" : [ 51.401745, 1161.3315, 0.61855686, 2.2182713 ],
		"SV_13" : [ 94.566437, 663.26642, 0.85232282, 6.9190836 ],
		"SV_14" : [ 14.282172, 1575.1604, 0.42859641, 4.1698823 ],
		"SV_15" : [ 38.088467, 1321.2975, 0.052940726, 10.429984 ],
		"SV_16" : [ 97.111717, 715.8905, 0.50977349, 4.4105134 ],
		"SV_17" : [ 74.94722, 1754.3162, 0.36620697, 1.9619873 ],
		"SV_18" : [ 75.648438, 442.5603, 0.035123195, 1.3341463 ],
		"SV_19" : [ 80.410118, 294.0098, 0.72879487, 1.6862817 ],
		"SV_20" : [ 15.123654, 486.95749, 0.12354248, 2.3656766 ],
		"SV_21" : [ 55.340031, 215.59232, 0.58833206, 4.6104989 ],
		"SV_22" : [ 2.0703053, 957.5451, 0.73787612, 2.5357087 ],
		"SV_23" : [ 85.409492, 865.74768, 0.0021067858, 1.6571081 ],
		"SV_24" : [ 7.7376323, 682.63812, 0.94332987, 1.5690795 ],
		"SV_25" : [ 22.116344, 1162.774, 0.67574018, 4.9345918 ],
		"SV_26" : [ 35.4175, 933.55688, 0.67475837, 8.6289644 ],
		"SV_27" : [ 65.455681, 755.86475, 0.99068099, 3.4557617 ],
		"SV_28" : [ 42.679214, 472.75629, 0.48198658, 2.1508927 ],
		"SV_29" : [ 11.179132, 444.20483, 0.20222023, 7.8095369 ],
		"SV_30" : [ 14.083336, 1134.8691, 0.18610482, 7.6726503 ],
		"SV_31" : [ 95.999474, 1121.299, 0.68259138, 3.4373882 ],
		"SV_32" : [ 91.832474, 611.99841, 0.77181965, 5.8972344 ],
		"SV_33" : [ 76.461021, 744.75977, 0.82385516, 10.136035 ],
		"SV_34" : [ 74.577126, 1412.2404, 0.58241773, 4.6330619 ],
		"SV_35" : [ 78.244774, 702.2146, 0.1832118, 9.4345274 ],
		"SV_36" : [ 76.131752, 526.79199, 0.7166186, 5.2027898 ],
		"SV_37" : [ 18.503828, 532.34448, 0.72185099, 10.655538 ],
		"SV_38" : [ 38.291386, 635.12128, 0.27188998, 7.067709 ],
		"SV_39" : [ 97.541664, 130.00923, 0.36612737, 5.345118 ],
		"SV_40" : [ 13.316919, 1592.9586, 0.99356592, 7.9467607 ],
		"SV_41" : [ 72.844986, 208.13452, 0.95311469, 4.1218095 ],
		"SV_42" : [ 44.357746, 674.88531, 0.2202685, 3.0323114 ],
		"SV_43" : [ 92.630493, 1621.6219, 0.99709725, 3.905369 ],
		"SV_44" : [ 76.371201, 1620.2646, 0.62237549, 3.0620189 ],
		"SV_45" : [ 88.010742, 553.58905, 0.59542179, 4.0680895 ],
		"SV_46" : [ 39.016674, 895.29468, 0.99203134, 3.3338661 ],
		"SV_47" : [ 81.412109, 1254.3744, 0.19422613, 8.1647615 ],
		"SV_48" : [ 66.659485, 625.47736, 0.70591885, 4.356689 ],
		"SV_49" : [ 40.067005, 524.2475, 0.46325052, 1.5229123 ],
		"SV_50" : [ 24.641842, 1358.0542, 0.26443636, 10.968261 ],
		"SV_51" : [ 35.366142, 784.95294, 0.46154118, 9.9516687 ],
		"SV_52" : [ 15.098896, 889.2923, 0.38269335, 8.7006235 ],
		"SV_53" : [ 11.772216, 671.2641, 0.17275743, 1.5737289 ],
		"SV_54" : [ 67.252014, 1694.6356, 0.27105024, 3.5940862 ],
		"SV_55" : [ 39.873802, 428.04825, 0.23538397, 2.1760433 ],
		"SV_56" : [ 44.762737, 1255.2015, 0.59154648, 2.7542467 ],
		"SV_57" : [ 81.497955, 327.72363, 0.77456868, 10.248817 ],
		"SV_58" : [ 85.125381, 1049.0269, 0.039135717, 3.1868987 ],
		"SV_59" : [ 82.923828, 1535.9976, 0.28753746, 7.3968349 ],
		"SV_60" : [ 17.16728, 1104.6562, 0.42138147, 6.5909996 ],
		"SV_61" : [ 48.198017, 353.10425, 0.72514343, 10.405507 ],
		"SV_62" : [ 17.373148, 483.68024, 0.68522871, 2.7280436 ],
		"SV_63" : [ 7.3219814, 487.75284, 0.99331743, 5.3409562 ]
	},
	"SupportVectorsCoefs" : {
		"SV_coef_0" : [ 1, 1, -1, -1, -1, -1, -1, 1, 1, 1, -1, -1, -0.52748549, -1, 1, 1, -1, 1, -1, 1, 1, 1, -1, -1, -1, 1, -1, -1, 1, 1, -1, -1, -1, -1, 1, -1, -1, 1, -1, 1, 1, 1, -1, 1, 1, -1, -1, 1, -1, 0.52748549, 1, -1, -1, -1, 1, 1, 1, 1, -1, 1, -1, 1, 1, 1 ]
	},
	"rho" : [ 21.333797 ],
	"nSV" : [ ],
	"probA" : [ ],
	"probB" : [ ],
	"n_iter" : [ 77 ],
	"sv_ind" : [ 0, 1, 2, 3, 4, 5, 6, 7, 8, 9, 10, 11, 12, 13, 14, 15, 16, 17, 18, 19, 20, 21, 22, 23, 24, 25, 26, 27, 28, 29, 30, 31, 32, 33, 34, 35, 36, 37, 38, 39, 40, 41, 42, 43, 44, 45, 46, 47, 48, 49, 50, 51, 52, 53, 54, 55, 56, 57, 58, 59, 60, 61, 62, 63 ]
}
}
TREE_JSON_DUMP_END
MCU_DEPLOY_REGRESSION_CODE step 6
MCU_DEPLOY_REGRESSION_CODE step 7
MLLITE_AUTO_DEPLOY_FREIDMAN3_SMALL_APPLY_OUTPUT_REG  [ -26.417328, -21.758284, -27.378532, -30.689232, -30.104401,  ... , -19.927601, -28.649765, -25.10548, -27.515934, -27.573288 ]
MLLITE_AUTO_DEPLOY_FREIDMAN3_SMALL_REG_PERFS { "count" : 64, "rmse" : 28.187607, "mape" : 45.680607, "R2" : -8125.7759 }
This will be printed
MCU_DEPLOY_REGRESSION_CODE step 8
MCU_DEPLOY_REGRESSION_CODE done
MLLITE_MCU_TIMER_OPERATION_ELAPSED_SECONDS 'MLLITE.MCU_DEPLOY.REGRESSION.Vapnik_NuSVR_RBF.FREIDMAN3_SMALL' 0
MLLITE_MCU_TIMER_OPERATION_END 'MLLITE.MCU_DEPLOY.REGRESSION.Vapnik_NuSVR_RBF.FREIDMAN3_SMALL' [ 'Tue Jan 23 09:44:27 2024' ]
MCU_DEPLOY_ON_TARGET_X86_64_END
