MCU_DEPLOY_ON_TARGET_X86_64_START
MLLITE_MCU_TIMER_OPERATION_START 'MLLITE.MCU_DEPLOY.REGRESSION.Friedman_XGB.CALIFORNIA_HOUSING_MEDIUM' [ 'Sat Feb  3 23:18:17 2024' ]
MLLite starting
MCU_DEPLOY_REGRESSION_CODE CREATE_DATASET_STEP
MCU_DEPLOY_REGRESSION_CODE CREATE_MODEL_STEP
MCU_DEPLOY_REGRESSION_MODEL_OPTIONS
{ "base_score" : [ ], "early_stopping_rounds" : 0, "eval_metric" : "", "gamma" : 0, "grow_policy" : 0, "learning_rate" : 0.30000001, "max_bin" : 5, "max_depth" : 6, "max_leaves" : 32, "min_child_weight" : 10, "n_estimators" : 6, "objective" : "reg:squarederror", "reg_alpha" : 0, "reg_lambda" : 1, "tree_method" : "auto" }
MCU_DEPLOY_REGRESSION_CODE FIT_MODEL_STEP
PROGRESS_REPORT_ELAPSED_TOTAL 'XGB_MODEL_FIT' 1 8
PROGRESS_REPORT_ELAPSED_TOTAL 'XGB_MODEL_FIT' 2 8
PROGRESS_REPORT_ELAPSED_TOTAL 'XGB_MODEL_FIT' 3 8
PROGRESS_REPORT_ELAPSED_TOTAL 'XGB_MODEL_FIT' 4 8
PROGRESS_REPORT_ELAPSED_TOTAL 'XGB_MODEL_FIT' 5 8
PROGRESS_REPORT_ELAPSED_TOTAL 'XGB_MODEL_FIT' 6 8
PROGRESS_REPORT_ELAPSED_TOTAL 'XGB_MODEL_FIT' 7 8
PROGRESS_REPORT_ELAPSED_TOTAL 'XGB_MODEL_FIT' 8 8
MCU_DEPLOY_REGRESSION_CODE MODEL_JSON_EXPORT_STEP
MODEL_JSON_DUMP_START
{
	"metadata" : { "model" : "Friedman_XGB", "version" : "2024-W04"},
	"options" : { "base_score" : [ ], "early_stopping_rounds" : 0, "eval_metric" : "", "gamma" : 0, "grow_policy" : 0, "learning_rate" : 0.30000001, "max_bin" : 5, "max_depth" : 6, "max_leaves" : 32, "min_child_weight" : 10, "n_estimators" : 6, "objective" : "reg:squarederror", "reg_alpha" : 0, "reg_lambda" : 1, "tree_method" : "auto" },
	"dataset" : { "dataset_rows" : 512, "dataset_features" : 9 },
	"booster" : {
		"BaseScore" : [ 191203.23 ],
		"Trees" : 6,
		"Tree_0" : {
			"Node_00" : { "leaf_value" : [ ], "parent" : null, "left" : 1, "right" : 2, "svalue" : 4.5823998, "sindex" : 7 },
			"Node_01" : { "leaf_value" : [ ], "parent" : 0, "left" : 3, "right" : 4, "svalue" : 37.799999, "sindex" : 1 },
			"Node_02" : { "leaf_value" : [ ], "parent" : 0, "left" : 5, "right" : 6, "svalue" : 37.799999, "sindex" : 1 },
			"Node_03" : { "leaf_value" : [ ], "parent" : 1, "left" : 7, "right" : 8, "svalue" : 2.4890001, "sindex" : 7 },
			"Node_04" : { "leaf_value" : [ ], "parent" : 1, "left" : 9, "right" : 10, "svalue" : 2.4890001, "sindex" : 7 },
			"Node_05" : { "leaf_value" : [ 17172.578 ], "parent" : 2, "left" : null, "right" : null, "svalue" : 0, "sindex" : 0 },
			"Node_06" : { "leaf_value" : [ ], "parent" : 2, "left" : 11, "right" : 12, "svalue" : 37.82, "sindex" : 1 },
			"Node_07" : { "leaf_value" : [ ], "parent" : 3, "left" : 13, "right" : 14, "svalue" : 37.77, "sindex" : 1 },
			"Node_08" : { "leaf_value" : [ ], "parent" : 3, "left" : 15, "right" : 16, "svalue" : 37.77, "sindex" : 1 },
			"Node_09" : { "leaf_value" : [ ], "parent" : 4, "left" : 17, "right" : 18, "svalue" : 37.860001, "sindex" : 1 },
			"Node_10" : { "leaf_value" : [ ], "parent" : 4, "left" : 19, "right" : 20, "svalue" : 195, "sindex" : 6 },
			"Node_11" : { "leaf_value" : [ 35819.078 ], "parent" : 6, "left" : null, "right" : null, "svalue" : 0, "sindex" : 0 },
			"Node_12" : { "leaf_value" : [ ], "parent" : 6, "left" : 21, "right" : 22, "svalue" : -122.25, "sindex" : 0 },
			"Node_13" : { "leaf_value" : [ -29773.445 ], "parent" : 7, "left" : null, "right" : null, "svalue" : 0, "sindex" : 0 },
			"Node_14" : { "leaf_value" : [ -23487.949 ], "parent" : 7, "left" : null, "right" : null, "svalue" : 0, "sindex" : 0 },
			"Node_15" : { "leaf_value" : [ -23353.629 ], "parent" : 8, "left" : null, "right" : null, "svalue" : 0, "sindex" : 0 },
			"Node_16" : { "leaf_value" : [ ], "parent" : 8, "left" : 23, "right" : 24, "svalue" : -122.19, "sindex" : 0 },
			"Node_17" : { "leaf_value" : [ ], "parent" : 9, "left" : 25, "right" : 26, "svalue" : -122.28, "sindex" : 0 },
			"Node_18" : { "leaf_value" : [ ], "parent" : 9, "left" : 27, "right" : 28, "svalue" : 1.8516001, "sindex" : 7 },
			"Node_19" : { "leaf_value" : [ -10841.618 ], "parent" : 10, "left" : null, "right" : null, "svalue" : 0, "sindex" : 0 },
			"Node_20" : { "leaf_value" : [ ], "parent" : 10, "left" : 29, "right" : 30, "svalue" : -122.25, "sindex" : 0 },
			"Node_21" : { "leaf_value" : [ 40547.527 ], "parent" : 12, "left" : null, "right" : null, "svalue" : 0, "sindex" : 0 },
			"Node_22" : { "leaf_value" : [ 53565.52 ], "parent" : 12, "left" : null, "right" : null, "svalue" : 0, "sindex" : 0 },
			"Node_23" : { "leaf_value" : [ ], "parent" : 16, "left" : 31, "right" : 32, "svalue" : 950, "sindex" : 3 },
			"Node_24" : { "leaf_value" : [ ], "parent" : 16, "left" : 33, "right" : 34, "svalue" : 768, "sindex" : 5 },
			"Node_25" : { "leaf_value" : [ -26651.619 ], "parent" : 17, "left" : null, "right" : null, "svalue" : 0, "sindex" : 0 },
			"Node_26" : { "leaf_value" : [ ], "parent" : 17, "left" : 35, "right" : 36, "svalue" : 37.82, "sindex" : 1 },
			"Node_27" : { "leaf_value" : [ 21834.832 ], "parent" : 18, "left" : null, "right" : null, "svalue" : 0, "sindex" : 0 },
			"Node_28" : { "leaf_value" : [ -5782.6992 ], "parent" : 18, "left" : null, "right" : null, "svalue" : 0, "sindex" : 0 },
			"Node_29" : { "leaf_value" : [ ], "parent" : 20, "left" : 37, "right" : 38, "svalue" : 3.075, "sindex" : 7 },
			"Node_30" : { "leaf_value" : [ ], "parent" : 20, "left" : 39, "right" : 40, "svalue" : 37.82, "sindex" : 1 },
			"Node_31" : { "leaf_value" : [ -23902.332 ], "parent" : 23, "left" : null, "right" : null, "svalue" : 0, "sindex" : 0 },
			"Node_32" : { "leaf_value" : [ -15865.714 ], "parent" : 23, "left" : null, "right" : null, "svalue" : 0, "sindex" : 0 },
			"Node_33" : { "leaf_value" : [ -5900.8896 ], "parent" : 24, "left" : null, "right" : null, "svalue" : 0, "sindex" : 0 },
			"Node_34" : { "leaf_value" : [ -13154.907 ], "parent" : 24, "left" : null, "right" : null, "svalue" : 0, "sindex" : 0 },
			"Node_35" : { "leaf_value" : [ -11435.105 ], "parent" : 26, "left" : null, "right" : null, "svalue" : 0, "sindex" : 0 },
			"Node_36" : { "leaf_value" : [ -17977.828 ], "parent" : 26, "left" : null, "right" : null, "svalue" : 0, "sindex" : 0 },
			"Node_37" : { "leaf_value" : [ 2945.7224 ], "parent" : 29, "left" : null, "right" : null, "svalue" : 0, "sindex" : 0 },
			"Node_38" : { "leaf_value" : [ 12418.089 ], "parent" : 29, "left" : null, "right" : null, "svalue" : 0, "sindex" : 0 },
			"Node_39" : { "leaf_value" : [ 10738.024 ], "parent" : 30, "left" : null, "right" : null, "svalue" : 0, "sindex" : 0 },
			"Node_40" : { "leaf_value" : [ 24703.092 ], "parent" : 30, "left" : null, "right" : null, "svalue" : 0, "sindex" : 0 }
		},
		"Tree_1" : {
			"Node_00" : { "leaf_value" : [ ], "parent" : null, "left" : 1, "right" : 2, "svalue" : 4.5823998, "sindex" : 7 },
			"Node_01" : { "leaf_value" : [ ], "parent" : 0, "left" : 3, "right" : 4, "svalue" : 37.860001, "sindex" : 1 },
			"Node_02" : { "leaf_value" : [ ], "parent" : 0, "left" : 5, "right" : 6, "svalue" : 37.799999, "sindex" : 1 },
			"Node_03" : { "leaf_value" : [ ], "parent" : 1, "left" : 7, "right" : 8, "svalue" : 3.075, "sindex" : 7 },
			"Node_04" : { "leaf_value" : [ ], "parent" : 1, "left" : 9, "right" : 10, "svalue" : -122.28, "sindex" : 0 },
			"Node_05" : { "leaf_value" : [ 12278.394 ], "parent" : 2, "left" : null, "right" : null, "svalue" : 0, "sindex" : 0 },
			"Node_06" : { "leaf_value" : [ ], "parent" : 2, "left" : 11, "right" : 12, "svalue" : 37.82, "sindex" : 1 },
			"Node_07" : { "leaf_value" : [ ], "parent" : 3, "left" : 13, "right" : 14, "svalue" : 530, "sindex" : 4 },
			"Node_08" : { "leaf_value" : [ ], "parent" : 3, "left" : 15, "right" : 16, "svalue" : 37.799999, "sindex" : 1 },
			"Node_09" : { "leaf_value" : [ ], "parent" : 4, "left" : 17, "right" : 18, "svalue" : 3.075, "sindex" : 7 },
			"Node_10" : { "leaf_value" : [ ], "parent" : 4, "left" : 19, "right" : 20, "svalue" : 1297, "sindex" : 5 },
			"Node_11" : { "leaf_value" : [ 25638.932 ], "parent" : 6, "left" : null, "right" : null, "svalue" : 0, "sindex" : 0 },
			"Node_12" : { "leaf_value" : [ ], "parent" : 6, "left" : 21, "right" : 22, "svalue" : 1455, "sindex" : 3 },
			"Node_13" : { "leaf_value" : [ ], "parent" : 7, "left" : 23, "right" : 24, "svalue" : 37.77, "sindex" : 1 },
			"Node_14" : { "leaf_value" : [ ], "parent" : 7, "left" : 25, "right" : 26, "svalue" : 37.799999, "sindex" : 1 },
			"Node_15" : { "leaf_value" : [ ], "parent" : 8, "left" : 27, "right" : 28, "svalue" : 1898, "sindex" : 3 },
			"Node_16" : { "leaf_value" : [ ], "parent" : 8, "left" : 29, "right" : 30, "svalue" : 50, "sindex" : 2 },
			"Node_17" : { "leaf_value" : [ -4657.9336 ], "parent" : 9, "left" : null, "right" : null, "svalue" : 0, "sindex" : 0 },
			"Node_18" : { "leaf_value" : [ 4752.5552 ], "parent" : 9, "left" : null, "right" : null, "svalue" : 0, "sindex" : 0 },
			"Node_19" : { "leaf_value" : [ ], "parent" : 10, "left" : 31, "right" : 32, "svalue" : 3.075, "sindex" : 7 },
			"Node_20" : { "leaf_value" : [ 22823.584 ], "parent" : 10, "left" : null, "right" : null, "svalue" : 0, "sindex" : 0 },
			"Node_21" : { "leaf_value" : [ 24060.672 ], "parent" : 12, "left" : null, "right" : null, "svalue" : 0, "sindex" : 0 },
			"Node_22" : { "leaf_value" : [ ], "parent" : 12, "left" : 33, "right" : 34, "svalue" : 38, "sindex" : 2 },
			"Node_23" : { "leaf_value" : [ -21221.695 ], "parent" : 13, "left" : null, "right" : null, "svalue" : 0, "sindex" : 0 },
			"Node_24" : { "leaf_value" : [ ], "parent" : 13, "left" : 35, "right" : 36, "svalue" : -122.28, "sindex" : 0 },
			"Node_25" : { "leaf_value" : [ -14950.435 ], "parent" : 14, "left" : null, "right" : null, "svalue" : 0, "sindex" : 0 },
			"Node_26" : { "leaf_value" : [ ], "parent" : 14, "left" : 37, "right" : 38, "svalue" : -122.25, "sindex" : 0 },
			"Node_27" : { "leaf_value" : [ ], "parent" : 15, "left" : 39, "right" : 40, "svalue" : 45, "sindex" : 2 },
			"Node_28" : { "leaf_value" : [ -5677.7812 ], "parent" : 15, "left" : null, "right" : null, "svalue" : 0, "sindex" : 0 },
			"Node_29" : { "leaf_value" : [ 3865.8975 ], "parent" : 16, "left" : null, "right" : null, "svalue" : 0, "sindex" : 0 },
			"Node_30" : { "leaf_value" : [ 11649.544 ], "parent" : 16, "left" : null, "right" : null, "svalue" : 0, "sindex" : 0 },
			"Node_31" : { "leaf_value" : [ 6648.5698 ], "parent" : 19, "left" : null, "right" : null, "svalue" : 0, "sindex" : 0 },
			"Node_32" : { "leaf_value" : [ 12870.358 ], "parent" : 19, "left" : null, "right" : null, "svalue" : 0, "sindex" : 0 },
			"Node_33" : { "leaf_value" : [ 27553.764 ], "parent" : 22, "left" : null, "right" : null, "svalue" : 0, "sindex" : 0 },
			"Node_34" : { "leaf_value" : [ 39106.758 ], "parent" : 22, "left" : null, "right" : null, "svalue" : 0, "sindex" : 0 },
			"Node_35" : { "leaf_value" : [ -22033.518 ], "parent" : 24, "left" : null, "right" : null, "svalue" : 0, "sindex" : 0 },
			"Node_36" : { "leaf_value" : [ -13299.73 ], "parent" : 24, "left" : null, "right" : null, "svalue" : 0, "sindex" : 0 },
			"Node_37" : { "leaf_value" : [ -6308.2305 ], "parent" : 26, "left" : null, "right" : null, "svalue" : 0, "sindex" : 0 },
			"Node_38" : { "leaf_value" : [ 6238.0127 ], "parent" : 26, "left" : null, "right" : null, "svalue" : 0, "sindex" : 0 },
			"Node_39" : { "leaf_value" : [ -8807.3906 ], "parent" : 27, "left" : null, "right" : null, "svalue" : 0, "sindex" : 0 },
			"Node_40" : { "leaf_value" : [ -13428.993 ], "parent" : 27, "left" : null, "right" : null, "svalue" : 0, "sindex" : 0 }
		},
		"Tree_2" : {
			"Node_00" : { "leaf_value" : [ ], "parent" : null, "left" : 1, "right" : 2, "svalue" : 4.5823998, "sindex" : 7 },
			"Node_01" : { "leaf_value" : [ ], "parent" : 0, "left" : 3, "right" : 4, "svalue" : 37.860001, "sindex" : 1 },
			"Node_02" : { "leaf_value" : [ ], "parent" : 0, "left" : 5, "right" : 6, "svalue" : 37.799999, "sindex" : 1 },
			"Node_03" : { "leaf_value" : [ ], "parent" : 1, "left" : 7, "right" : 8, "svalue" : 3.075, "sindex" : 7 },
			"Node_04" : { "leaf_value" : [ ], "parent" : 1, "left" : 9, "right" : 10, "svalue" : -122.28, "sindex" : 0 },
			"Node_05" : { "leaf_value" : [ 8779.0537 ], "parent" : 2, "left" : null, "right" : null, "svalue" : 0, "sindex" : 0 },
			"Node_06" : { "leaf_value" : [ ], "parent" : 2, "left" : 11, "right" : 12, "svalue" : -122.25, "sindex" : 0 },
			"Node_07" : { "leaf_value" : [ ], "parent" : 3, "left" : 13, "right" : 14, "svalue" : 37.799999, "sindex" : 1 },
			"Node_08" : { "leaf_value" : [ ], "parent" : 3, "left" : 15, "right" : 16, "svalue" : 37.799999, "sindex" : 1 },
			"Node_09" : { "leaf_value" : [ ], "parent" : 4, "left" : 17, "right" : 18, "svalue" : 50, "sindex" : 2 },
			"Node_10" : { "leaf_value" : [ ], "parent" : 4, "left" : 19, "right" : 20, "svalue" : 1297, "sindex" : 5 },
			"Node_11" : { "leaf_value" : [ 18357.768 ], "parent" : 6, "left" : null, "right" : null, "svalue" : 0, "sindex" : 0 },
			"Node_12" : { "leaf_value" : [ ], "parent" : 6, "left" : 21, "right" : 22, "svalue" : 37.82, "sindex" : 1 },
			"Node_13" : { "leaf_value" : [ ], "parent" : 7, "left" : 23, "right" : 24, "svalue" : 37.77, "sindex" : 1 },
			"Node_14" : { "leaf_value" : [ ], "parent" : 7, "left" : 25, "right" : 26, "svalue" : 530, "sindex" : 4 },
			"Node_15" : { "leaf_value" : [ ], "parent" : 8, "left" : 27, "right" : 28, "svalue" : 37.77, "sindex" : 1 },
			"Node_16" : { "leaf_value" : [ ], "parent" : 8, "left" : 29, "right" : 30, "svalue" : 50, "sindex" : 2 },
			"Node_17" : { "leaf_value" : [ 3275.0466 ], "parent" : 9, "left" : null, "right" : null, "svalue" : 0, "sindex" : 0 },
			"Node_18" : { "leaf_value" : [ -3625.2139 ], "parent" : 9, "left" : null, "right" : null, "svalue" : 0, "sindex" : 0 },
			"Node_19" : { "leaf_value" : [ ], "parent" : 10, "left" : 31, "right" : 32, "svalue" : 3.075, "sindex" : 7 },
			"Node_20" : { "leaf_value" : [ 16379.277 ], "parent" : 10, "left" : null, "right" : null, "svalue" : 0, "sindex" : 0 },
			"Node_21" : { "leaf_value" : [ 18352.066 ], "parent" : 12, "left" : null, "right" : null, "svalue" : 0, "sindex" : 0 },
			"Node_22" : { "leaf_value" : [ ], "parent" : 12, "left" : 33, "right" : 34, "svalue" : 38, "sindex" : 2 },
			"Node_23" : { "leaf_value" : [ -14907.359 ], "parent" : 13, "left" : null, "right" : null, "svalue" : 0, "sindex" : 0 },
			"Node_24" : { "leaf_value" : [ ], "parent" : 13, "left" : 35, "right" : 36, "svalue" : 38, "sindex" : 2 },
			"Node_25" : { "leaf_value" : [ ], "parent" : 14, "left" : 37, "right" : 38, "svalue" : -122.28, "sindex" : 0 },
			"Node_26" : { "leaf_value" : [ ], "parent" : 14, "left" : 39, "right" : 40, "svalue" : -122.25, "sindex" : 0 },
			"Node_27" : { "leaf_value" : [ -9926.7598 ], "parent" : 15, "left" : null, "right" : null, "svalue" : 0, "sindex" : 0 },
			"Node_28" : { "leaf_value" : [ ], "parent" : 15, "left" : 41, "right" : 42, "svalue" : 50, "sindex" : 2 },
			"Node_29" : { "leaf_value" : [ 2802.7773 ], "parent" : 16, "left" : null, "right" : null, "svalue" : 0, "sindex" : 0 },
			"Node_30" : { "leaf_value" : [ 8289.0938 ], "parent" : 16, "left" : null, "right" : null, "svalue" : 0, "sindex" : 0 },
			"Node_31" : { "leaf_value" : [ 4764.8101 ], "parent" : 19, "left" : null, "right" : null, "svalue" : 0, "sindex" : 0 },
			"Node_32" : { "leaf_value" : [ 9250.5664 ], "parent" : 19, "left" : null, "right" : null, "svalue" : 0, "sindex" : 0 },
			"Node_33" : { "leaf_value" : [ 20985.287 ], "parent" : 22, "left" : null, "right" : null, "svalue" : 0, "sindex" : 0 },
			"Node_34" : { "leaf_value" : [ 31209.033 ], "parent" : 22, "left" : null, "right" : null, "svalue" : 0, "sindex" : 0 },
			"Node_35" : { "leaf_value" : [ -6902.2212 ], "parent" : 24, "left" : null, "right" : null, "svalue" : 0, "sindex" : 0 },
			"Node_36" : { "leaf_value" : [ -12119.757 ], "parent" : 24, "left" : null, "right" : null, "svalue" : 0, "sindex" : 0 },
			"Node_37" : { "leaf_value" : [ -15812.29 ], "parent" : 25, "left" : null, "right" : null, "svalue" : 0, "sindex" : 0 },
			"Node_38" : { "leaf_value" : [ -7560.8755 ], "parent" : 25, "left" : null, "right" : null, "svalue" : 0, "sindex" : 0 },
			"Node_39" : { "leaf_value" : [ -4520.897 ], "parent" : 26, "left" : null, "right" : null, "svalue" : 0, "sindex" : 0 },
			"Node_40" : { "leaf_value" : [ 4491.3687 ], "parent" : 26, "left" : null, "right" : null, "svalue" : 0, "sindex" : 0 },
			"Node_41" : { "leaf_value" : [ -3644.3191 ], "parent" : 28, "left" : null, "right" : null, "svalue" : 0, "sindex" : 0 },
			"Node_42" : { "leaf_value" : [ -7095.5981 ], "parent" : 28, "left" : null, "right" : null, "svalue" : 0, "sindex" : 0 }
		},
		"Tree_3" : {
			"Node_00" : { "leaf_value" : [ ], "parent" : null, "left" : 1, "right" : 2, "svalue" : 4.5823998, "sindex" : 7 },
			"Node_01" : { "leaf_value" : [ ], "parent" : 0, "left" : 3, "right" : 4, "svalue" : 37.860001, "sindex" : 1 },
			"Node_02" : { "leaf_value" : [ ], "parent" : 0, "left" : 5, "right" : 6, "svalue" : 37.799999, "sindex" : 1 },
			"Node_03" : { "leaf_value" : [ ], "parent" : 1, "left" : 7, "right" : 8, "svalue" : 3.075, "sindex" : 7 },
			"Node_04" : { "leaf_value" : [ ], "parent" : 1, "left" : 9, "right" : 10, "svalue" : -122.28, "sindex" : 0 },
			"Node_05" : { "leaf_value" : [ 6277.0239 ], "parent" : 2, "left" : null, "right" : null, "svalue" : 0, "sindex" : 0 },
			"Node_06" : { "leaf_value" : [ ], "parent" : 2, "left" : 11, "right" : 12, "svalue" : 37.860001, "sindex" : 1 },
			"Node_07" : { "leaf_value" : [ ], "parent" : 3, "left" : 13, "right" : 14, "svalue" : 37.799999, "sindex" : 1 },
			"Node_08" : { "leaf_value" : [ ], "parent" : 3, "left" : 15, "right" : 16, "svalue" : 37.799999, "sindex" : 1 },
			"Node_09" : { "leaf_value" : [ ], "parent" : 4, "left" : 17, "right" : 18, "svalue" : 3.075, "sindex" : 7 },
			"Node_10" : { "leaf_value" : [ ], "parent" : 4, "left" : 19, "right" : 20, "svalue" : 530, "sindex" : 4 },
			"Node_11" : { "leaf_value" : [ ], "parent" : 6, "left" : 21, "right" : 22, "svalue" : 2492, "sindex" : 3 },
			"Node_12" : { "leaf_value" : [ ], "parent" : 6, "left" : 23, "right" : 24, "svalue" : -122.25, "sindex" : 0 },
			"Node_13" : { "leaf_value" : [ ], "parent" : 7, "left" : 25, "right" : 26, "svalue" : 950, "sindex" : 3 },
			"Node_14" : { "leaf_value" : [ ], "parent" : 7, "left" : 27, "right" : 28, "svalue" : 1898, "sindex" : 3 },
			"Node_15" : { "leaf_value" : [ ], "parent" : 8, "left" : 29, "right" : 30, "svalue" : 1898, "sindex" : 3 },
			"Node_16" : { "leaf_value" : [ ], "parent" : 8, "left" : 31, "right" : 32, "svalue" : 50, "sindex" : 2 },
			"Node_17" : { "leaf_value" : [ -3415.0845 ], "parent" : 9, "left" : null, "right" : null, "svalue" : 0, "sindex" : 0 },
			"Node_18" : { "leaf_value" : [ 3803.4204 ], "parent" : 9, "left" : null, "right" : null, "svalue" : 0, "sindex" : 0 },
			"Node_19" : { "leaf_value" : [ ], "parent" : 10, "left" : 33, "right" : 34, "svalue" : 376, "sindex" : 6 },
			"Node_20" : { "leaf_value" : [ 2756.0962 ], "parent" : 10, "left" : null, "right" : null, "svalue" : 0, "sindex" : 0 },
			"Node_21" : { "leaf_value" : [ ], "parent" : 11, "left" : 35, "right" : 36, "svalue" : 38, "sindex" : 2 },
			"Node_22" : { "leaf_value" : [ 19637.787 ], "parent" : 11, "left" : null, "right" : null, "svalue" : 0, "sindex" : 0 },
			"Node_23" : { "leaf_value" : [ 15974.772 ], "parent" : 12, "left" : null, "right" : null, "svalue" : 0, "sindex" : 0 },
			"Node_24" : { "leaf_value" : [ 27016.188 ], "parent" : 12, "left" : null, "right" : null, "svalue" : 0, "sindex" : 0 },
			"Node_25" : { "leaf_value" : [ -11708.709 ], "parent" : 13, "left" : null, "right" : null, "svalue" : 0, "sindex" : 0 },
			"Node_26" : { "leaf_value" : [ ], "parent" : 13, "left" : 37, "right" : 38, "svalue" : 2.4890001, "sindex" : 7 },
			"Node_27" : { "leaf_value" : [ ], "parent" : 14, "left" : 39, "right" : 40, "svalue" : -122.28, "sindex" : 0 },
			"Node_28" : { "leaf_value" : [ ], "parent" : 14, "left" : 41, "right" : 42, "svalue" : -122.25, "sindex" : 0 },
			"Node_29" : { "leaf_value" : [ ], "parent" : 15, "left" : 43, "right" : 44, "svalue" : 45, "sindex" : 2 },
			"Node_30" : { "leaf_value" : [ -2353.1704 ], "parent" : 15, "left" : null, "right" : null, "svalue" : 0, "sindex" : 0 },
			"Node_31" : { "leaf_value" : [ 2032.0126 ], "parent" : 16, "left" : null, "right" : null, "svalue" : 0, "sindex" : 0 },
			"Node_32" : { "leaf_value" : [ ], "parent" : 16, "left" : 45, "right" : 46, "svalue" : 2492, "sindex" : 3 },
			"Node_33" : { "leaf_value" : [ 5978.0537 ], "parent" : 19, "left" : null, "right" : null, "svalue" : 0, "sindex" : 0 },
			"Node_34" : { "leaf_value" : [ 16580.812 ], "parent" : 19, "left" : null, "right" : null, "svalue" : 0, "sindex" : 0 },
			"Node_35" : { "leaf_value" : [ 19176.086 ], "parent" : 21, "left" : null, "right" : null, "svalue" : 0, "sindex" : 0 },
			"Node_36" : { "leaf_value" : [ 1235.2583 ], "parent" : 21, "left" : null, "right" : null, "svalue" : 0, "sindex" : 0 },
			"Node_37" : { "leaf_value" : [ -9575.5654 ], "parent" : 26, "left" : null, "right" : null, "svalue" : 0, "sindex" : 0 },
			"Node_38" : { "leaf_value" : [ -5472.084 ], "parent" : 26, "left" : null, "right" : null, "svalue" : 0, "sindex" : 0 },
			"Node_39" : { "leaf_value" : [ -11347.641 ], "parent" : 27, "left" : null, "right" : null, "svalue" : 0, "sindex" : 0 },
			"Node_40" : { "leaf_value" : [ -5648.4839 ], "parent" : 27, "left" : null, "right" : null, "svalue" : 0, "sindex" : 0 },
			"Node_41" : { "leaf_value" : [ -4726.3901 ], "parent" : 28, "left" : null, "right" : null, "svalue" : 0, "sindex" : 0 },
			"Node_42" : { "leaf_value" : [ 4707.2603 ], "parent" : 28, "left" : null, "right" : null, "svalue" : 0, "sindex" : 0 },
			"Node_43" : { "leaf_value" : [ -4530.958 ], "parent" : 29, "left" : null, "right" : null, "svalue" : 0, "sindex" : 0 },
			"Node_44" : { "leaf_value" : [ -7467.3682 ], "parent" : 29, "left" : null, "right" : null, "svalue" : 0, "sindex" : 0 },
			"Node_45" : { "leaf_value" : [ 4564.5991 ], "parent" : 32, "left" : null, "right" : null, "svalue" : 0, "sindex" : 0 },
			"Node_46" : { "leaf_value" : [ 7301.3325 ], "parent" : 32, "left" : null, "right" : null, "svalue" : 0, "sindex" : 0 }
		},
		"Tree_4" : {
			"Node_00" : { "leaf_value" : [ ], "parent" : null, "left" : 1, "right" : 2, "svalue" : 4.5823998, "sindex" : 7 },
			"Node_01" : { "leaf_value" : [ ], "parent" : 0, "left" : 3, "right" : 4, "svalue" : 37.860001, "sindex" : 1 },
			"Node_02" : { "leaf_value" : [ ], "parent" : 0, "left" : 5, "right" : 6, "svalue" : 52, "sindex" : 2 },
			"Node_03" : { "leaf_value" : [ ], "parent" : 1, "left" : 7, "right" : 8, "svalue" : 3.075, "sindex" : 7 },
			"Node_04" : { "leaf_value" : [ ], "parent" : 1, "left" : 9, "right" : 10, "svalue" : 1297, "sindex" : 5 },
			"Node_05" : { "leaf_value" : [ ], "parent" : 2, "left" : 11, "right" : 12, "svalue" : 45, "sindex" : 2 },
			"Node_06" : { "leaf_value" : [ ], "parent" : 2, "left" : 13, "right" : 14, "svalue" : 2492, "sindex" : 3 },
			"Node_07" : { "leaf_value" : [ ], "parent" : 3, "left" : 15, "right" : 16, "svalue" : 530, "sindex" : 4 },
			"Node_08" : { "leaf_value" : [ ], "parent" : 3, "left" : 17, "right" : 18, "svalue" : 37.799999, "sindex" : 1 },
			"Node_09" : { "leaf_value" : [ ], "parent" : 4, "left" : 19, "right" : 20, "svalue" : 2.4890001, "sindex" : 7 },
			"Node_10" : { "leaf_value" : [ 8986.1865 ], "parent" : 4, "left" : null, "right" : null, "svalue" : 0, "sindex" : 0 },
			"Node_11" : { "leaf_value" : [ ], "parent" : 5, "left" : 21, "right" : 22, "svalue" : 195, "sindex" : 6 },
			"Node_12" : { "leaf_value" : [ -12618.062 ], "parent" : 5, "left" : null, "right" : null, "svalue" : 0, "sindex" : 0 },
			"Node_13" : { "leaf_value" : [ ], "parent" : 6, "left" : 23, "right" : 24, "svalue" : 282, "sindex" : 6 },
			"Node_14" : { "leaf_value" : [ 21297.723 ], "parent" : 6, "left" : null, "right" : null, "svalue" : 0, "sindex" : 0 },
			"Node_15" : { "leaf_value" : [ ], "parent" : 7, "left" : 25, "right" : 26, "svalue" : 37.77, "sindex" : 1 },
			"Node_16" : { "leaf_value" : [ ], "parent" : 7, "left" : 27, "right" : 28, "svalue" : 2.4890001, "sindex" : 7 },
			"Node_17" : { "leaf_value" : [ ], "parent" : 8, "left" : 29, "right" : 30, "svalue" : 37.77, "sindex" : 1 },
			"Node_18" : { "leaf_value" : [ ], "parent" : 8, "left" : 31, "right" : 32, "svalue" : 37.82, "sindex" : 1 },
			"Node_19" : { "leaf_value" : [ -4315.0874 ], "parent" : 9, "left" : null, "right" : null, "svalue" : 0, "sindex" : 0 },
			"Node_20" : { "leaf_value" : [ ], "parent" : 9, "left" : 33, "right" : 34, "svalue" : 987, "sindex" : 5 },
			"Node_21" : { "leaf_value" : [ 19944.217 ], "parent" : 11, "left" : null, "right" : null, "svalue" : 0, "sindex" : 0 },
			"Node_22" : { "leaf_value" : [ ], "parent" : 11, "left" : 35, "right" : 36, "svalue" : 37.82, "sindex" : 1 },
			"Node_23" : { "leaf_value" : [ 13428.591 ], "parent" : 13, "left" : null, "right" : null, "svalue" : 0, "sindex" : 0 },
			"Node_24" : { "leaf_value" : [ 6280.1064 ], "parent" : 13, "left" : null, "right" : null, "svalue" : 0, "sindex" : 0 },
			"Node_25" : { "leaf_value" : [ -7764.1499 ], "parent" : 15, "left" : null, "right" : null, "svalue" : 0, "sindex" : 0 },
			"Node_26" : { "leaf_value" : [ ], "parent" : 15, "left" : 37, "right" : 38, "svalue" : 38, "sindex" : 2 },
			"Node_27" : { "leaf_value" : [ ], "parent" : 16, "left" : 39, "right" : 40, "svalue" : 1.8516001, "sindex" : 7 },
			"Node_28" : { "leaf_value" : [ ], "parent" : 16, "left" : 41, "right" : 42, "svalue" : 45, "sindex" : 2 },
			"Node_29" : { "leaf_value" : [ -5568.3799 ], "parent" : 17, "left" : null, "right" : null, "svalue" : 0, "sindex" : 0 },
			"Node_30" : { "leaf_value" : [ ], "parent" : 17, "left" : 43, "right" : 44, "svalue" : 50, "sindex" : 2 },
			"Node_31" : { "leaf_value" : [ 5295.896 ], "parent" : 18, "left" : null, "right" : null, "svalue" : 0, "sindex" : 0 },
			"Node_32" : { "leaf_value" : [ 1662.7985 ], "parent" : 18, "left" : null, "right" : null, "svalue" : 0, "sindex" : 0 },
			"Node_33" : { "leaf_value" : [ ], "parent" : 20, "left" : 45, "right" : 46, "svalue" : 768, "sindex" : 5 },
			"Node_34" : { "leaf_value" : [ 6377.394 ], "parent" : 20, "left" : null, "right" : null, "svalue" : 0, "sindex" : 0 },
			"Node_35" : { "leaf_value" : [ 6120.5498 ], "parent" : 22, "left" : null, "right" : null, "svalue" : 0, "sindex" : 0 },
			"Node_36" : { "leaf_value" : [ 12009.107 ], "parent" : 22, "left" : null, "right" : null, "svalue" : 0, "sindex" : 0 },
			"Node_37" : { "leaf_value" : [ -2064.8137 ], "parent" : 26, "left" : null, "right" : null, "svalue" : 0, "sindex" : 0 },
			"Node_38" : { "leaf_value" : [ -5499.8452 ], "parent" : 26, "left" : null, "right" : null, "svalue" : 0, "sindex" : 0 },
			"Node_39" : { "leaf_value" : [ -6708.146 ], "parent" : 27, "left" : null, "right" : null, "svalue" : 0, "sindex" : 0 },
			"Node_40" : { "leaf_value" : [ -2915.2148 ], "parent" : 27, "left" : null, "right" : null, "svalue" : 0, "sindex" : 0 },
			"Node_41" : { "leaf_value" : [ 5003.0669 ], "parent" : 28, "left" : null, "right" : null, "svalue" : 0, "sindex" : 0 },
			"Node_42" : { "leaf_value" : [ -1689.7804 ], "parent" : 28, "left" : null, "right" : null, "svalue" : 0, "sindex" : 0 },
			"Node_43" : { "leaf_value" : [ -1395.6415 ], "parent" : 30, "left" : null, "right" : null, "svalue" : 0, "sindex" : 0 },
			"Node_44" : { "leaf_value" : [ -3733.9546 ], "parent" : 30, "left" : null, "right" : null, "svalue" : 0, "sindex" : 0 },
			"Node_45" : { "leaf_value" : [ 4633.7104 ], "parent" : 33, "left" : null, "right" : null, "svalue" : 0, "sindex" : 0 },
			"Node_46" : { "leaf_value" : [ -3214.3367 ], "parent" : 33, "left" : null, "right" : null, "svalue" : 0, "sindex" : 0 }
		},
		"Tree_5" : {
			"Node_00" : { "leaf_value" : [ ], "parent" : null, "left" : 1, "right" : 2, "svalue" : 4.5823998, "sindex" : 7 },
			"Node_01" : { "leaf_value" : [ ], "parent" : 0, "left" : 3, "right" : 4, "svalue" : 37.799999, "sindex" : 1 },
			"Node_02" : { "leaf_value" : [ ], "parent" : 0, "left" : 5, "right" : 6, "svalue" : 1898, "sindex" : 3 },
			"Node_03" : { "leaf_value" : [ ], "parent" : 1, "left" : 7, "right" : 8, "svalue" : 2.4890001, "sindex" : 7 },
			"Node_04" : { "leaf_value" : [ ], "parent" : 1, "left" : 9, "right" : 10, "svalue" : -122.25, "sindex" : 0 },
			"Node_05" : { "leaf_value" : [ ], "parent" : 2, "left" : 11, "right" : 12, "svalue" : 45, "sindex" : 2 },
			"Node_06" : { "leaf_value" : [ ], "parent" : 2, "left" : 13, "right" : 14, "svalue" : 408, "sindex" : 4 },
			"Node_07" : { "leaf_value" : [ ], "parent" : 3, "left" : 15, "right" : 16, "svalue" : 1455, "sindex" : 3 },
			"Node_08" : { "leaf_value" : [ ], "parent" : 3, "left" : 17, "right" : 18, "svalue" : 768, "sindex" : 5 },
			"Node_09" : { "leaf_value" : [ ], "parent" : 4, "left" : 19, "right" : 20, "svalue" : 2.4890001, "sindex" : 7 },
			"Node_10" : { "leaf_value" : [ ], "parent" : 4, "left" : 21, "right" : 22, "svalue" : 37.82, "sindex" : 1 },
			"Node_11" : { "leaf_value" : [ ], "parent" : 5, "left" : 23, "right" : 24, "svalue" : 195, "sindex" : 6 },
			"Node_12" : { "leaf_value" : [ ], "parent" : 5, "left" : 25, "right" : 26, "svalue" : 1455, "sindex" : 3 },
			"Node_13" : { "leaf_value" : [ ], "parent" : 6, "left" : 27, "right" : 28, "svalue" : 2492, "sindex" : 3 },
			"Node_14" : { "leaf_value" : [ ], "parent" : 6, "left" : 29, "right" : 30, "svalue" : 52, "sindex" : 2 },
			"Node_15" : { "leaf_value" : [ ], "parent" : 7, "left" : 31, "right" : 32, "svalue" : -122.22, "sindex" : 0 },
			"Node_16" : { "leaf_value" : [ ], "parent" : 7, "left" : 33, "right" : 34, "svalue" : -122.19, "sindex" : 0 },
			"Node_17" : { "leaf_value" : [ ], "parent" : 8, "left" : 35, "right" : 36, "svalue" : 950, "sindex" : 3 },
			"Node_18" : { "leaf_value" : [ ], "parent" : 8, "left" : 37, "right" : 38, "svalue" : 1898, "sindex" : 3 },
			"Node_19" : { "leaf_value" : [ ], "parent" : 9, "left" : 39, "right" : 40, "svalue" : 45, "sindex" : 2 },
			"Node_20" : { "leaf_value" : [ ], "parent" : 9, "left" : 41, "right" : 42, "svalue" : 195, "sindex" : 6 },
			"Node_21" : { "leaf_value" : [ ], "parent" : 10, "left" : 43, "right" : 44, "svalue" : 987, "sindex" : 5 },
			"Node_22" : { "leaf_value" : [ 14642.243 ], "parent" : 10, "left" : null, "right" : null, "svalue" : 0, "sindex" : 0 },
			"Node_23" : { "leaf_value" : [ 14421.198 ], "parent" : 11, "left" : null, "right" : null, "svalue" : 0, "sindex" : 0 },
			"Node_24" : { "leaf_value" : [ 5503.6953 ], "parent" : 11, "left" : null, "right" : null, "svalue" : 0, "sindex" : 0 },
			"Node_25" : { "leaf_value" : [ -5265.2246 ], "parent" : 12, "left" : null, "right" : null, "svalue" : 0, "sindex" : 0 },
			"Node_26" : { "leaf_value" : [ 1758.4001 ], "parent" : 12, "left" : null, "right" : null, "svalue" : 0, "sindex" : 0 },
			"Node_27" : { "leaf_value" : [ 9110.4014 ], "parent" : 13, "left" : null, "right" : null, "svalue" : 0, "sindex" : 0 },
			"Node_28" : { "leaf_value" : [ 21108.852 ], "parent" : 13, "left" : null, "right" : null, "svalue" : 0, "sindex" : 0 },
			"Node_29" : { "leaf_value" : [ 3749.5071 ], "parent" : 14, "left" : null, "right" : null, "svalue" : 0, "sindex" : 0 },
			"Node_30" : { "leaf_value" : [ 8182.9907 ], "parent" : 14, "left" : null, "right" : null, "svalue" : 0, "sindex" : 0 },
			"Node_31" : { "leaf_value" : [ -4022.085 ], "parent" : 15, "left" : null, "right" : null, "svalue" : 0, "sindex" : 0 },
			"Node_32" : { "leaf_value" : [ -6619.437 ], "parent" : 15, "left" : null, "right" : null, "svalue" : 0, "sindex" : 0 },
			"Node_33" : { "leaf_value" : [ -3607.7776 ], "parent" : 16, "left" : null, "right" : null, "svalue" : 0, "sindex" : 0 },
			"Node_34" : { "leaf_value" : [ -5099.0166 ], "parent" : 16, "left" : null, "right" : null, "svalue" : 0, "sindex" : 0 },
			"Node_35" : { "leaf_value" : [ ], "parent" : 17, "left" : 45, "right" : 46, "svalue" : 50, "sindex" : 2 },
			"Node_36" : { "leaf_value" : [ 2777.1104 ], "parent" : 17, "left" : null, "right" : null, "svalue" : 0, "sindex" : 0 },
			"Node_37" : { "leaf_value" : [ ], "parent" : 18, "left" : 47, "right" : 48, "svalue" : -122.19, "sindex" : 0 },
			"Node_38" : { "leaf_value" : [ ], "parent" : 18, "left" : 49, "right" : 50, "svalue" : 1297, "sindex" : 5 },
			"Node_39" : { "leaf_value" : [ ], "parent" : 19, "left" : 51, "right" : 52, "svalue" : 37.82, "sindex" : 1 },
			"Node_40" : { "leaf_value" : [ ], "parent" : 19, "left" : 53, "right" : 54, "svalue" : 534, "sindex" : 5 },
			"Node_41" : { "leaf_value" : [ -7500.3579 ], "parent" : 20, "left" : null, "right" : null, "svalue" : 0, "sindex" : 0 },
			"Node_42" : { "leaf_value" : [ ], "parent" : 20, "left" : 55, "right" : 56, "svalue" : -122.28, "sindex" : 0 },
			"Node_43" : { "leaf_value" : [ 6388.5874 ], "parent" : 21, "left" : null, "right" : null, "svalue" : 0, "sindex" : 0 },
			"Node_44" : { "leaf_value" : [ ], "parent" : 21, "left" : 57, "right" : 58, "svalue" : 495, "sindex" : 6 },
			"Node_45" : { "leaf_value" : [ -2363.6975 ], "parent" : 35, "left" : null, "right" : null, "svalue" : 0, "sindex" : 0 },
			"Node_46" : { "leaf_value" : [ -7142.9741 ], "parent" : 35, "left" : null, "right" : null, "svalue" : 0, "sindex" : 0 },
			"Node_47" : { "leaf_value" : [ -4351.9761 ], "parent" : 37, "left" : null, "right" : null, "svalue" : 0, "sindex" : 0 },
			"Node_48" : { "leaf_value" : [ -7161.3203 ], "parent" : 37, "left" : null, "right" : null, "svalue" : 0, "sindex" : 0 },
			"Node_49" : { "leaf_value" : [ -1106.5074 ], "parent" : 38, "left" : null, "right" : null, "svalue" : 0, "sindex" : 0 },
			"Node_50" : { "leaf_value" : [ -3531.0708 ], "parent" : 38, "left" : null, "right" : null, "svalue" : 0, "sindex" : 0 },
			"Node_51" : { "leaf_value" : [ -3635.5632 ], "parent" : 39, "left" : null, "right" : null, "svalue" : 0, "sindex" : 0 },
			"Node_52" : { "leaf_value" : [ 1304.2958 ], "parent" : 39, "left" : null, "right" : null, "svalue" : 0, "sindex" : 0 },
			"Node_53" : { "leaf_value" : [ -76.462799 ], "parent" : 40, "left" : null, "right" : null, "svalue" : 0, "sindex" : 0 },
			"Node_54" : { "leaf_value" : [ -6719.9688 ], "parent" : 40, "left" : null, "right" : null, "svalue" : 0, "sindex" : 0 },
			"Node_55" : { "leaf_value" : [ -1010.9427 ], "parent" : 42, "left" : null, "right" : null, "svalue" : 0, "sindex" : 0 },
			"Node_56" : { "leaf_value" : [ 2745.4888 ], "parent" : 42, "left" : null, "right" : null, "svalue" : 0, "sindex" : 0 },
			"Node_57" : { "leaf_value" : [ -3051.2349 ], "parent" : 44, "left" : null, "right" : null, "svalue" : 0, "sindex" : 0 },
			"Node_58" : { "leaf_value" : [ -511.0022 ], "parent" : 44, "left" : null, "right" : null, "svalue" : 0, "sindex" : 0 }
		}
	}
}
MODEL_JSON_DUMP_END
MCU_DEPLOY_REGRESSION_CODE MODEL_PREDICT_STEP
MLLITE_AUTO_DEPLOY_CALIFORNIA_HOUSING_MEDIUM_APPLY_OUTPUT_REG  [ 361420.06, 336082.56, 331506.78, 309437.09, 256714.61,  ... , 179649.14, 212973.88, 377128.88, 367840.25, 367840.25 ]
MCU_DEPLOY_REGRESSION_CODE MODEL_COMPUTE_PERF_STEP
MLLITE_AUTO_DEPLOY_CALIFORNIA_HOUSING_MEDIUM_REG_PERFS { "count" : 512, "rmse" : 43814.422, "mape" : 0.17682193, "R2" : 0.80976659 }
This will be printed
MCU_DEPLOY_REGRESSION_CODE ALL_STEPS_OK
MCU_DEPLOY_REGRESSION_CODE done
MLLITE_MCU_TIMER_OPERATION_ELAPSED_SECONDS 'MLLITE.MCU_DEPLOY.REGRESSION.Friedman_XGB.CALIFORNIA_HOUSING_MEDIUM' 0
MLLITE_MCU_TIMER_OPERATION_END 'MLLITE.MCU_DEPLOY.REGRESSION.Friedman_XGB.CALIFORNIA_HOUSING_MEDIUM' [ 'Sat Feb  3 23:18:17 2024' ]
MCU_DEPLOY_ON_TARGET_X86_64_END
EXECUTION_TIME_DETAIL = {'CMD':'timeout 180 ./x86_64/regression/x86_64_regression_xgb_california_housing_medium.exe', 'ElapsedTimeSecs':(0.20, 0.00, 0.20), 'MAX_MEM_KB':1728, 'CPU_PRCNT':'100%', 'FILES_IN':0, 'FILES_OUT':72, 'EXIT_STATUS':0}
