MCU_DEPLOY_ON_TARGET_X86_64_START
MLLITE_MCU_TIMER_OPERATION_START 'MLLITE.MCU_DEPLOY.REGRESSION.Friedman_XGB.CALIFORNIA_HOUSING_SMALL' [ 'Thu Jan 25 12:03:15 2024' ]
MLLite starting
MCU_DEPLOY_REGRESSION_CODE CREATE_DATASET_STEP
MCU_DEPLOY_REGRESSION_CODE CREATE_MODEL_STEP
MCU_DEPLOY_REGRESSION_MODEL_OPTIONS
{ "base_score" : [ ], "early_stopping_rounds" : 0, "eval_metric" : "", "gamma" : 0, "grow_policy" : 0, "learning_rate" : 0.30000001, "max_bin" : 5, "max_depth" : 6, "max_leaves" : 32, "min_child_weight" : 10, "n_estimators" : 16, "objective" : "reg:squarederror", "reg_alpha" : 0, "reg_lambda" : 1, "tree_method" : "auto" }
MCU_DEPLOY_REGRESSION_CODE FIT_MODEL_STEP
PROGRESS_REPORT_ELAPSED_TOTAL 'XGB_MODEL_FIT' 1 18
PROGRESS_REPORT_ELAPSED_TOTAL 'XGB_MODEL_FIT' 2 18
PROGRESS_REPORT_ELAPSED_TOTAL 'XGB_MODEL_FIT' 3 18
PROGRESS_REPORT_ELAPSED_TOTAL 'XGB_MODEL_FIT' 4 18
PROGRESS_REPORT_ELAPSED_TOTAL 'XGB_MODEL_FIT' 5 18
PROGRESS_REPORT_ELAPSED_TOTAL 'XGB_MODEL_FIT' 6 18
PROGRESS_REPORT_ELAPSED_TOTAL 'XGB_MODEL_FIT' 7 18
PROGRESS_REPORT_ELAPSED_TOTAL 'XGB_MODEL_FIT' 8 18
PROGRESS_REPORT_ELAPSED_TOTAL 'XGB_MODEL_FIT' 9 18
PROGRESS_REPORT_ELAPSED_TOTAL 'XGB_MODEL_FIT' 10 18
PROGRESS_REPORT_ELAPSED_TOTAL 'XGB_MODEL_FIT' 11 18
PROGRESS_REPORT_ELAPSED_TOTAL 'XGB_MODEL_FIT' 12 18
PROGRESS_REPORT_ELAPSED_TOTAL 'XGB_MODEL_FIT' 13 18
PROGRESS_REPORT_ELAPSED_TOTAL 'XGB_MODEL_FIT' 14 18
PROGRESS_REPORT_ELAPSED_TOTAL 'XGB_MODEL_FIT' 15 18
PROGRESS_REPORT_ELAPSED_TOTAL 'XGB_MODEL_FIT' 16 18
PROGRESS_REPORT_ELAPSED_TOTAL 'XGB_MODEL_FIT' 17 18
PROGRESS_REPORT_ELAPSED_TOTAL 'XGB_MODEL_FIT' 18 18
MCU_DEPLOY_REGRESSION_CODE MODEL_JSON_EXPORT_STEP
MODEL_JSON_DUMP_START
{
	"metadata" : { "model" : "Friedman_XGB", "version" : "2024-W03"},
	"options" : { "base_score" : [ ], "early_stopping_rounds" : 0, "eval_metric" : "", "gamma" : 0, "grow_policy" : 0, "learning_rate" : 0.30000001, "max_bin" : 5, "max_depth" : 6, "max_leaves" : 32, "min_child_weight" : 10, "n_estimators" : 16, "objective" : "reg:squarederror", "reg_alpha" : 0, "reg_lambda" : 1, "tree_method" : "auto" },
	"booster" : {
		"BaseScore" : [ 203459.41 ],
		"Trees" : 16,
		"Tree_00" : {
			"Node_0" : { "leaf_value" : [ ], "parent" : null, "left" : 1, "right" : 2, "svalue" : 3.8992, "sindex" : 7 },
			"Node_1" : { "leaf_value" : [ ], "parent" : 0, "left" : 3, "right" : 4, "svalue" : 38, "sindex" : 1 },
			"Node_2" : { "leaf_value" : [ ], "parent" : 0, "left" : 5, "right" : 6, "svalue" : 445, "sindex" : 6 },
			"Node_3" : { "leaf_value" : [ ], "parent" : 1, "left" : 7, "right" : 8, "svalue" : -118.2, "sindex" : 0 },
			"Node_4" : { "leaf_value" : [ -27108.838 ], "parent" : 1, "left" : null, "right" : null, "svalue" : 0, "sindex" : 0 },
			"Node_5" : { "leaf_value" : [ 35430.91 ], "parent" : 2, "left" : null, "right" : null, "svalue" : 0, "sindex" : 0 },
			"Node_6" : { "leaf_value" : [ 8910.1641 ], "parent" : 2, "left" : null, "right" : null, "svalue" : 0, "sindex" : 0 },
			"Node_7" : { "leaf_value" : [ -2246.3369 ], "parent" : 3, "left" : null, "right" : null, "svalue" : 0, "sindex" : 0 },
			"Node_8" : { "leaf_value" : [ -20475.008 ], "parent" : 3, "left" : null, "right" : null, "svalue" : 0, "sindex" : 0 }
		},
		"Tree_01" : {
			"Node_0" : { "leaf_value" : [ ], "parent" : null, "left" : 1, "right" : 2, "svalue" : 3.8992, "sindex" : 7 },
			"Node_1" : { "leaf_value" : [ ], "parent" : 0, "left" : 3, "right" : 4, "svalue" : 2.3382001, "sindex" : 7 },
			"Node_2" : { "leaf_value" : [ ], "parent" : 0, "left" : 5, "right" : 6, "svalue" : 338, "sindex" : 6 },
			"Node_3" : { "leaf_value" : [ -19228.771 ], "parent" : 1, "left" : null, "right" : null, "svalue" : 0, "sindex" : 0 },
			"Node_4" : { "leaf_value" : [ ], "parent" : 1, "left" : 7, "right" : 8, "svalue" : 473, "sindex" : 4 },
			"Node_5" : { "leaf_value" : [ 29860.213 ], "parent" : 2, "left" : null, "right" : null, "svalue" : 0, "sindex" : 0 },
			"Node_6" : { "leaf_value" : [ 9075.9922 ], "parent" : 2, "left" : null, "right" : null, "svalue" : 0, "sindex" : 0 },
			"Node_7" : { "leaf_value" : [ -14155.323 ], "parent" : 4, "left" : null, "right" : null, "svalue" : 0, "sindex" : 0 },
			"Node_8" : { "leaf_value" : [ -2908.2925 ], "parent" : 4, "left" : null, "right" : null, "svalue" : 0, "sindex" : 0 }
		},
		"Tree_02" : {
			"Node_0" : { "leaf_value" : [ ], "parent" : null, "left" : 1, "right" : 2, "svalue" : 3.8992, "sindex" : 7 },
			"Node_1" : { "leaf_value" : [ ], "parent" : 0, "left" : 3, "right" : 4, "svalue" : 38, "sindex" : 1 },
			"Node_2" : { "leaf_value" : [ ], "parent" : 0, "left" : 5, "right" : 6, "svalue" : 26, "sindex" : 2 },
			"Node_3" : { "leaf_value" : [ ], "parent" : 1, "left" : 7, "right" : 8, "svalue" : -118.2, "sindex" : 0 },
			"Node_4" : { "leaf_value" : [ -15970.538 ], "parent" : 1, "left" : null, "right" : null, "svalue" : 0, "sindex" : 0 },
			"Node_5" : { "leaf_value" : [ 4088.8171 ], "parent" : 2, "left" : null, "right" : null, "svalue" : 0, "sindex" : 0 },
			"Node_6" : { "leaf_value" : [ 20733.539 ], "parent" : 2, "left" : null, "right" : null, "svalue" : 0, "sindex" : 0 },
			"Node_7" : { "leaf_value" : [ 1646.7638 ], "parent" : 3, "left" : null, "right" : null, "svalue" : 0, "sindex" : 0 },
			"Node_8" : { "leaf_value" : [ -11331.293 ], "parent" : 3, "left" : null, "right" : null, "svalue" : 0, "sindex" : 0 }
		},
		"Tree_03" : {
			"Node_0" : { "leaf_value" : [ ], "parent" : null, "left" : 1, "right" : 2, "svalue" : 5.3813, "sindex" : 7 },
			"Node_1" : { "leaf_value" : [ ], "parent" : 0, "left" : 3, "right" : 4, "svalue" : 38, "sindex" : 2 },
			"Node_2" : { "leaf_value" : [ 15179.084 ], "parent" : 0, "left" : null, "right" : null, "svalue" : 0, "sindex" : 0 },
			"Node_3" : { "leaf_value" : [ ], "parent" : 1, "left" : 5, "right" : 6, "svalue" : -117.4, "sindex" : 0 },
			"Node_4" : { "leaf_value" : [ 5491.8594 ], "parent" : 1, "left" : null, "right" : null, "svalue" : 0, "sindex" : 0 },
			"Node_5" : { "leaf_value" : [ ], "parent" : 3, "left" : 7, "right" : 8, "svalue" : 26, "sindex" : 2 },
			"Node_6" : { "leaf_value" : [ -16186.872 ], "parent" : 3, "left" : null, "right" : null, "svalue" : 0, "sindex" : 0 },
			"Node_7" : { "leaf_value" : [ 3552.7864 ], "parent" : 5, "left" : null, "right" : null, "svalue" : 0, "sindex" : 0 },
			"Node_8" : { "leaf_value" : [ -9865.4434 ], "parent" : 5, "left" : null, "right" : null, "svalue" : 0, "sindex" : 0 }
		},
		"Tree_04" : {
			"Node_0" : { "leaf_value" : [ ], "parent" : null, "left" : 1, "right" : 2, "svalue" : 633, "sindex" : 5 },
			"Node_1" : { "leaf_value" : [ 13371.467 ], "parent" : 0, "left" : null, "right" : null, "svalue" : 0, "sindex" : 0 },
			"Node_2" : { "leaf_value" : [ ], "parent" : 0, "left" : 3, "right" : 4, "svalue" : 38, "sindex" : 1 },
			"Node_3" : { "leaf_value" : [ ], "parent" : 2, "left" : 5, "right" : 6, "svalue" : 3.8992, "sindex" : 7 },
			"Node_4" : { "leaf_value" : [ -13244.418 ], "parent" : 2, "left" : null, "right" : null, "svalue" : 0, "sindex" : 0 },
			"Node_5" : { "leaf_value" : [ ], "parent" : 3, "left" : 7, "right" : 8, "svalue" : 2495, "sindex" : 3 },
			"Node_6" : { "leaf_value" : [ 5269.5776 ], "parent" : 3, "left" : null, "right" : null, "svalue" : 0, "sindex" : 0 },
			"Node_7" : { "leaf_value" : [ -9835.9238 ], "parent" : 5, "left" : null, "right" : null, "svalue" : 0, "sindex" : 0 },
			"Node_8" : { "leaf_value" : [ 180.58125 ], "parent" : 5, "left" : null, "right" : null, "svalue" : 0, "sindex" : 0 }
		},
		"Tree_05" : {
			"Node_0" : { "leaf_value" : [ ], "parent" : null, "left" : 1, "right" : 2, "svalue" : 38, "sindex" : 1 },
			"Node_1" : { "leaf_value" : [ ], "parent" : 0, "left" : 3, "right" : 4, "svalue" : -117.4, "sindex" : 0 },
			"Node_2" : { "leaf_value" : [ -10093.264 ], "parent" : 0, "left" : null, "right" : null, "svalue" : 0, "sindex" : 0 },
			"Node_3" : { "leaf_value" : [ ], "parent" : 1, "left" : 5, "right" : 6, "svalue" : 3.8992, "sindex" : 7 },
			"Node_4" : { "leaf_value" : [ -6506.1714 ], "parent" : 1, "left" : null, "right" : null, "svalue" : 0, "sindex" : 0 },
			"Node_5" : { "leaf_value" : [ 447.72791 ], "parent" : 3, "left" : null, "right" : null, "svalue" : 0, "sindex" : 0 },
			"Node_6" : { "leaf_value" : [ 11951.253 ], "parent" : 3, "left" : null, "right" : null, "svalue" : 0, "sindex" : 0 }
		},
		"Tree_06" : {
			"Node_0" : { "leaf_value" : [ ], "parent" : null, "left" : 1, "right" : 2, "svalue" : 633, "sindex" : 5 },
			"Node_1" : { "leaf_value" : [ 9039.0898 ], "parent" : 0, "left" : null, "right" : null, "svalue" : 0, "sindex" : 0 },
			"Node_2" : { "leaf_value" : [ ], "parent" : 0, "left" : 3, "right" : 4, "svalue" : 2.3382001, "sindex" : 7 },
			"Node_3" : { "leaf_value" : [ -8959.9326 ], "parent" : 2, "left" : null, "right" : null, "svalue" : 0, "sindex" : 0 },
			"Node_4" : { "leaf_value" : [ ], "parent" : 2, "left" : 5, "right" : 6, "svalue" : 1768, "sindex" : 3 },
			"Node_5" : { "leaf_value" : [ -6242.8452 ], "parent" : 4, "left" : null, "right" : null, "svalue" : 0, "sindex" : 0 },
			"Node_6" : { "leaf_value" : [ ], "parent" : 4, "left" : 7, "right" : 8, "svalue" : 26, "sindex" : 2 },
			"Node_7" : { "leaf_value" : [ -3846.3708 ], "parent" : 6, "left" : null, "right" : null, "svalue" : 0, "sindex" : 0 },
			"Node_8" : { "leaf_value" : [ 7495.7495 ], "parent" : 6, "left" : null, "right" : null, "svalue" : 0, "sindex" : 0 }
		},
		"Tree_07" : {
			"Node_0" : { "leaf_value" : [ ], "parent" : null, "left" : 1, "right" : 2, "svalue" : 38, "sindex" : 1 },
			"Node_1" : { "leaf_value" : [ ], "parent" : 0, "left" : 3, "right" : 4, "svalue" : 633, "sindex" : 5 },
			"Node_2" : { "leaf_value" : [ -6606.3965 ], "parent" : 0, "left" : null, "right" : null, "svalue" : 0, "sindex" : 0 },
			"Node_3" : { "leaf_value" : [ 9796.9795 ], "parent" : 1, "left" : null, "right" : null, "svalue" : 0, "sindex" : 0 },
			"Node_4" : { "leaf_value" : [ ], "parent" : 1, "left" : 5, "right" : 6, "svalue" : 1768, "sindex" : 3 },
			"Node_5" : { "leaf_value" : [ -5920.646 ], "parent" : 4, "left" : null, "right" : null, "svalue" : 0, "sindex" : 0 },
			"Node_6" : { "leaf_value" : [ ], "parent" : 4, "left" : 7, "right" : 8, "svalue" : 26, "sindex" : 2 },
			"Node_7" : { "leaf_value" : [ -2657.3018 ], "parent" : 6, "left" : null, "right" : null, "svalue" : 0, "sindex" : 0 },
			"Node_8" : { "leaf_value" : [ 5773.6768 ], "parent" : 6, "left" : null, "right" : null, "svalue" : 0, "sindex" : 0 }
		},
		"Tree_08" : {
			"Node_0" : { "leaf_value" : [ ], "parent" : null, "left" : 1, "right" : 2, "svalue" : 3.8992, "sindex" : 7 },
			"Node_1" : { "leaf_value" : [ ], "parent" : 0, "left" : 3, "right" : 4, "svalue" : 473, "sindex" : 4 },
			"Node_2" : { "leaf_value" : [ ], "parent" : 0, "left" : 5, "right" : 6, "svalue" : 33.959999, "sindex" : 1 },
			"Node_3" : { "leaf_value" : [ ], "parent" : 1, "left" : 7, "right" : 8, "svalue" : -120.24, "sindex" : 0 },
			"Node_4" : { "leaf_value" : [ 813.44171 ], "parent" : 1, "left" : null, "right" : null, "svalue" : 0, "sindex" : 0 },
			"Node_5" : { "leaf_value" : [ 10009.165 ], "parent" : 2, "left" : null, "right" : null, "svalue" : 0, "sindex" : 0 },
			"Node_6" : { "leaf_value" : [ -1563.8976 ], "parent" : 2, "left" : null, "right" : null, "svalue" : 0, "sindex" : 0 },
			"Node_7" : { "leaf_value" : [ 298.19937 ], "parent" : 3, "left" : null, "right" : null, "svalue" : 0, "sindex" : 0 },
			"Node_8" : { "leaf_value" : [ -10522.219 ], "parent" : 3, "left" : null, "right" : null, "svalue" : 0, "sindex" : 0 }
		},
		"Tree_09" : {
			"Node_0" : { "leaf_value" : [ ], "parent" : null, "left" : 1, "right" : 2, "svalue" : 286, "sindex" : 4 },
			"Node_1" : { "leaf_value" : [ 6484.7915 ], "parent" : 0, "left" : null, "right" : null, "svalue" : 0, "sindex" : 0 },
			"Node_2" : { "leaf_value" : [ ], "parent" : 0, "left" : 3, "right" : 4, "svalue" : 1768, "sindex" : 3 },
			"Node_3" : { "leaf_value" : [ -8998.457 ], "parent" : 2, "left" : null, "right" : null, "svalue" : 0, "sindex" : 0 },
			"Node_4" : { "leaf_value" : [ ], "parent" : 2, "left" : 5, "right" : 6, "svalue" : 33.790001, "sindex" : 1 },
			"Node_5" : { "leaf_value" : [ 7020.9736 ], "parent" : 4, "left" : null, "right" : null, "svalue" : 0, "sindex" : 0 },
			"Node_6" : { "leaf_value" : [ ], "parent" : 4, "left" : 7, "right" : 8, "svalue" : 2495, "sindex" : 3 },
			"Node_7" : { "leaf_value" : [ -5588.6465 ], "parent" : 6, "left" : null, "right" : null, "svalue" : 0, "sindex" : 0 },
			"Node_8" : { "leaf_value" : [ 448.45081 ], "parent" : 6, "left" : null, "right" : null, "svalue" : 0, "sindex" : 0 }
		},
		"Tree_10" : {
			"Node_0" : { "leaf_value" : [ ], "parent" : null, "left" : 1, "right" : 2, "svalue" : 367, "sindex" : 4 },
			"Node_1" : { "leaf_value" : [ ], "parent" : 0, "left" : 3, "right" : 4, "svalue" : 633, "sindex" : 5 },
			"Node_2" : { "leaf_value" : [ ], "parent" : 0, "left" : 5, "right" : 6, "svalue" : 2495, "sindex" : 3 },
			"Node_3" : { "leaf_value" : [ 8366.8438 ], "parent" : 1, "left" : null, "right" : null, "svalue" : 0, "sindex" : 0 },
			"Node_4" : { "leaf_value" : [ -396.75821 ], "parent" : 1, "left" : null, "right" : null, "svalue" : 0, "sindex" : 0 },
			"Node_5" : { "leaf_value" : [ -6882.7314 ], "parent" : 2, "left" : null, "right" : null, "svalue" : 0, "sindex" : 0 },
			"Node_6" : { "leaf_value" : [ ], "parent" : 2, "left" : 7, "right" : 8, "svalue" : 1791, "sindex" : 5 },
			"Node_7" : { "leaf_value" : [ 4953.0469 ], "parent" : 6, "left" : null, "right" : null, "svalue" : 0, "sindex" : 0 },
			"Node_8" : { "leaf_value" : [ -2084.3032 ], "parent" : 6, "left" : null, "right" : null, "svalue" : 0, "sindex" : 0 }
		},
		"Tree_11" : {
			"Node_0" : { "leaf_value" : [ ], "parent" : null, "left" : 1, "right" : 2, "svalue" : -117.4, "sindex" : 0 },
			"Node_1" : { "leaf_value" : [ ], "parent" : 0, "left" : 3, "right" : 4, "svalue" : 36.709999, "sindex" : 1 },
			"Node_2" : { "leaf_value" : [ -4841.1851 ], "parent" : 0, "left" : null, "right" : null, "svalue" : 0, "sindex" : 0 },
			"Node_3" : { "leaf_value" : [ ], "parent" : 1, "left" : 5, "right" : 6, "svalue" : 3.8992, "sindex" : 7 },
			"Node_4" : { "leaf_value" : [ ], "parent" : 1, "left" : 7, "right" : 8, "svalue" : -121.92, "sindex" : 0 },
			"Node_5" : { "leaf_value" : [ 961.11798 ], "parent" : 3, "left" : null, "right" : null, "svalue" : 0, "sindex" : 0 },
			"Node_6" : { "leaf_value" : [ 8664.6035 ], "parent" : 3, "left" : null, "right" : null, "svalue" : 0, "sindex" : 0 },
			"Node_7" : { "leaf_value" : [ 2648.0034 ], "parent" : 4, "left" : null, "right" : null, "svalue" : 0, "sindex" : 0 },
			"Node_8" : { "leaf_value" : [ -6375.2974 ], "parent" : 4, "left" : null, "right" : null, "svalue" : 0, "sindex" : 0 }
		},
		"Tree_12" : {
			"Node_0" : { "leaf_value" : [ ], "parent" : null, "left" : 1, "right" : 2, "svalue" : 38, "sindex" : 2 },
			"Node_1" : { "leaf_value" : [ ], "parent" : 0, "left" : 3, "right" : 4, "svalue" : -117.4, "sindex" : 0 },
			"Node_2" : { "leaf_value" : [ 3914.6213 ], "parent" : 0, "left" : null, "right" : null, "svalue" : 0, "sindex" : 0 },
			"Node_3" : { "leaf_value" : [ ], "parent" : 1, "left" : 5, "right" : 6, "svalue" : -118.2, "sindex" : 0 },
			"Node_4" : { "leaf_value" : [ -8286.4336 ], "parent" : 1, "left" : null, "right" : null, "svalue" : 0, "sindex" : 0 },
			"Node_5" : { "leaf_value" : [ ], "parent" : 3, "left" : 7, "right" : 8, "svalue" : 473, "sindex" : 4 },
			"Node_6" : { "leaf_value" : [ 5052.1597 ], "parent" : 3, "left" : null, "right" : null, "svalue" : 0, "sindex" : 0 },
			"Node_7" : { "leaf_value" : [ -3001.7644 ], "parent" : 5, "left" : null, "right" : null, "svalue" : 0, "sindex" : 0 },
			"Node_8" : { "leaf_value" : [ 2047.9678 ], "parent" : 5, "left" : null, "right" : null, "svalue" : 0, "sindex" : 0 }
		},
		"Tree_13" : {
			"Node_0" : { "leaf_value" : [ ], "parent" : null, "left" : 1, "right" : 2, "svalue" : 38, "sindex" : 2 },
			"Node_1" : { "leaf_value" : [ ], "parent" : 0, "left" : 3, "right" : 4, "svalue" : -117.4, "sindex" : 0 },
			"Node_2" : { "leaf_value" : [ 2818.5264 ], "parent" : 0, "left" : null, "right" : null, "svalue" : 0, "sindex" : 0 },
			"Node_3" : { "leaf_value" : [ ], "parent" : 1, "left" : 5, "right" : 6, "svalue" : -118.2, "sindex" : 0 },
			"Node_4" : { "leaf_value" : [ -6007.6641 ], "parent" : 1, "left" : null, "right" : null, "svalue" : 0, "sindex" : 0 },
			"Node_5" : { "leaf_value" : [ ], "parent" : 3, "left" : 7, "right" : 8, "svalue" : 473, "sindex" : 4 },
			"Node_6" : { "leaf_value" : [ 3662.8164 ], "parent" : 3, "left" : null, "right" : null, "svalue" : 0, "sindex" : 0 },
			"Node_7" : { "leaf_value" : [ -2157.5198 ], "parent" : 5, "left" : null, "right" : null, "svalue" : 0, "sindex" : 0 },
			"Node_8" : { "leaf_value" : [ 1477.4623 ], "parent" : 5, "left" : null, "right" : null, "svalue" : 0, "sindex" : 0 }
		},
		"Tree_14" : {
			"Node_0" : { "leaf_value" : [ ], "parent" : null, "left" : 1, "right" : 2, "svalue" : 273, "sindex" : 6 },
			"Node_1" : { "leaf_value" : [ 2853.7375 ], "parent" : 0, "left" : null, "right" : null, "svalue" : 0, "sindex" : 0 },
			"Node_2" : { "leaf_value" : [ ], "parent" : 0, "left" : 3, "right" : 4, "svalue" : 38, "sindex" : 2 },
			"Node_3" : { "leaf_value" : [ ], "parent" : 2, "left" : 5, "right" : 6, "svalue" : 2495, "sindex" : 3 },
			"Node_4" : { "leaf_value" : [ 6193.7505 ], "parent" : 2, "left" : null, "right" : null, "svalue" : 0, "sindex" : 0 },
			"Node_5" : { "leaf_value" : [ -4936.186 ], "parent" : 3, "left" : null, "right" : null, "svalue" : 0, "sindex" : 0 },
			"Node_6" : { "leaf_value" : [ ], "parent" : 3, "left" : 7, "right" : 8, "svalue" : 1791, "sindex" : 5 },
			"Node_7" : { "leaf_value" : [ 2695.3101 ], "parent" : 6, "left" : null, "right" : null, "svalue" : 0, "sindex" : 0 },
			"Node_8" : { "leaf_value" : [ -3128.1179 ], "parent" : 6, "left" : null, "right" : null, "svalue" : 0, "sindex" : 0 }
		},
		"Tree_15" : {
			"Node_0" : { "leaf_value" : [ ], "parent" : null, "left" : 1, "right" : 2, "svalue" : 1381, "sindex" : 3 },
			"Node_1" : { "leaf_value" : [ -3020.668 ], "parent" : 0, "left" : null, "right" : null, "svalue" : 0, "sindex" : 0 },
			"Node_2" : { "leaf_value" : [ ], "parent" : 0, "left" : 3, "right" : 4, "svalue" : 367, "sindex" : 4 },
			"Node_3" : { "leaf_value" : [ 5688.8628 ], "parent" : 2, "left" : null, "right" : null, "svalue" : 0, "sindex" : 0 },
			"Node_4" : { "leaf_value" : [ ], "parent" : 2, "left" : 5, "right" : 6, "svalue" : 2495, "sindex" : 3 },
			"Node_5" : { "leaf_value" : [ -4104.6021 ], "parent" : 4, "left" : null, "right" : null, "svalue" : 0, "sindex" : 0 },
			"Node_6" : { "leaf_value" : [ ], "parent" : 4, "left" : 7, "right" : 8, "svalue" : 654, "sindex" : 6 },
			"Node_7" : { "leaf_value" : [ 3888.7625 ], "parent" : 6, "left" : null, "right" : null, "svalue" : 0, "sindex" : 0 },
			"Node_8" : { "leaf_value" : [ -503.96658 ], "parent" : 6, "left" : null, "right" : null, "svalue" : 0, "sindex" : 0 }
		}
	}
}
MODEL_JSON_DUMP_END
MCU_DEPLOY_REGRESSION_CODE MODEL_PREDICT_STEP
MLLITE_AUTO_DEPLOY_CALIFORNIA_HOUSING_SMALL_APPLY_OUTPUT_REG  [ 244455.39, 81162.375, 59633.258, 176843, 237804.45,  ... , 177755.16, 111841.12, 353743.44, 377340.5, 145222.55 ]
MCU_DEPLOY_REGRESSION_CODE MODEL_COMPUTE_PERF_STEP
MLLITE_AUTO_DEPLOY_CALIFORNIA_HOUSING_SMALL_REG_PERFS { "count" : 64, "rmse" : 45812.434, "mape" : 0.18850525, "R2" : 0.82507038 }
This will be printed
MCU_DEPLOY_REGRESSION_CODE ALL_STEPS_OK
MCU_DEPLOY_REGRESSION_CODE done
MLLITE_MCU_TIMER_OPERATION_ELAPSED_SECONDS 'MLLITE.MCU_DEPLOY.REGRESSION.Friedman_XGB.CALIFORNIA_HOUSING_SMALL' 0
MLLITE_MCU_TIMER_OPERATION_END 'MLLITE.MCU_DEPLOY.REGRESSION.Friedman_XGB.CALIFORNIA_HOUSING_SMALL' [ 'Thu Jan 25 12:03:15 2024' ]
MCU_DEPLOY_ON_TARGET_X86_64_END
EXECUTION_TIME_DETAIL = {'CMD':'timeout 180 ./x86_64/regression/x86_64_regression_xgb_california_housing_small.exe', 'ElapsedTimeSecs':(0.06, 0.00, 0.06), 'MAX_MEM_KB':1728, 'CPU_PRCNT':'100%', 'FILES_IN':0, 'FILES_OUT':40, 'EXIT_STATUS':0}
