MCU_DEPLOY_ON_TARGET_X86_64_START
MLLITE_MCU_TIMER_OPERATION_START 'MLLITE.MCU_DEPLOY.REGRESSION.Rosenblatt_MLP.FREIDMAN3_SMALL' [ 'Thu Jan 25 12:03:17 2024' ]
MLLite starting
MCU_DEPLOY_REGRESSION_CODE CREATE_DATASET_STEP
MCU_DEPLOY_REGRESSION_CODE CREATE_MODEL_STEP
MCU_DEPLOY_REGRESSION_MODEL_OPTIONS
{  "hidden_layer_sizes" : [ 4, 6 ], "activation" : "relu", "solver" : "adam", "alpha" : 9.9999997e-05, "batch_size" : null, "learning_rate" : "constant", "learning_rate_init" : 0.001, "power_t" : 0.5, "max_iter" : 32, "shuffle" : 1, "random_state" : 1789, "tol" : 9.9999997e-05, "verbose" : 0, "warm_start" : 0, "momentum" : 0.89999998, "nesterovs_momentum" : 1, "early_stopping" : 0, "validation_fraction" : 0.1, "beta_1" : 0.89999998, "beta_2" : 0.99900001, "epsilon" : 9.9999999e-09, "n_iter_no_change" : 10, "max_fun" : 15000 }
MCU_DEPLOY_REGRESSION_CODE FIT_MODEL_STEP
PROGRESS_REPORT_ELAPSED_TOTAL 'MLP_MODEL_FIT' 1 3
PROGRESS_REPORT_ELAPSED_TOTAL 'MLP_MODEL_FIT' 2 3
PROGRESS_REPORT_ELAPSED_TOTAL 'MLP_MODEL_FIT_BACK_PROP_ITERATION' 3 32
PROGRESS_REPORT_ELAPSED_TOTAL 'MLP_MODEL_FIT_BACK_PROP_ITERATION' 6 32
PROGRESS_REPORT_ELAPSED_TOTAL 'MLP_MODEL_FIT_BACK_PROP_ITERATION' 9 32
PROGRESS_REPORT_ELAPSED_TOTAL 'MLP_MODEL_FIT_BACK_PROP_ITERATION' 12 32
PROGRESS_REPORT_ELAPSED_TOTAL 'MLP_MODEL_FIT_BACK_PROP_ITERATION' 15 32
PROGRESS_REPORT_ELAPSED_TOTAL 'MLP_MODEL_FIT_BACK_PROP_ITERATION' 18 32
PROGRESS_REPORT_ELAPSED_TOTAL 'MLP_MODEL_FIT_BACK_PROP_ITERATION' 21 32
PROGRESS_REPORT_ELAPSED_TOTAL 'MLP_MODEL_FIT_BACK_PROP_ITERATION' 24 32
PROGRESS_REPORT_ELAPSED_TOTAL 'MLP_MODEL_FIT_BACK_PROP_ITERATION' 27 32
PROGRESS_REPORT_ELAPSED_TOTAL 'MLP_MODEL_FIT_BACK_PROP_ITERATION' 30 32
PROGRESS_REPORT_ELAPSED_TOTAL 'MLP_MODEL_FIT_BACK_PROP_ITERATION' 32 32
PROGRESS_REPORT_ELAPSED_TOTAL 'MLP_MODEL_FIT' 3 3
MCU_DEPLOY_REGRESSION_CODE MODEL_JSON_EXPORT_STEP
MODEL_JSON_DUMP_START
{
	"metadata" : { "model" : "Rosenblatt_MLP", "version" : "2024-W03"},
	"options" : {  "hidden_layer_sizes" : [ 4, 6 ], "activation" : "relu", "solver" : "adam", "alpha" : 9.9999997e-05, "batch_size" : null, "learning_rate" : "constant", "learning_rate_init" : 0.001, "power_t" : 0.5, "max_iter" : 32, "shuffle" : 1, "random_state" : 1789, "tol" : 9.9999997e-05, "verbose" : 0, "warm_start" : 0, "momentum" : 0.89999998, "nesterovs_momentum" : 1, "early_stopping" : 0, "validation_fraction" : 0.1, "beta_1" : 0.89999998, "beta_2" : 0.99900001, "epsilon" : 9.9999999e-09, "n_iter_no_change" : 10, "max_fun" : 15000 },
	"layers" : {
		"sizes" : [ 4, 4, 6, 1 ],
		"Layer_0" : {
			"name" : "Input_Layer",
			"NbInputs" : 0,
			"NbOutputs" : 4 
		},
		"Layer_1" : {
			"name" : "Hidden_Layer_1",
			"NbInputs" : 4,
			"NbOutputs" : 4 ,
			"coeffs_0" : [ -0.050840385, 0.42122835, -0.38041201, -0.089613393 ],
			"coeffs_1" : [ 0.18649459, -0.57865763, 0.22292617, 4.4339336e-05 ],
			"coeffs_2" : [ 0.76465833, 0.15991248, 0.6922574, -0.16290613 ],
			"coeffs_3" : [ 0.88703942, -0.73624998, -0.39050558, 0.2951276 ],
			"intercepts" : [ 0.4787173, -0.41489154, -0.4684462, -0.69907767 ]
		},
		"Layer_2" : {
			"name" : "Hidden_Layer_2",
			"NbInputs" : 4,
			"NbOutputs" : 6 ,
			"coeffs_0" : [ 0.30052087, -0.73516589, -0.10227081, 0.0060520349, -0.13115487, -0.73280174 ],
			"coeffs_1" : [ -0.36903146, 0.6045562, -0.041647408, 0.0034194521, -0.66428304, 0.030883808 ],
			"coeffs_2" : [ -0.271496, 0.25962716, -0.13304815, 0.29893512, -0.48701835, 0.65019399 ],
			"coeffs_3" : [ -0.59915298, 0.38851413, -0.5277065, 0.40329009, 0.15865387, 0.68085051 ],
			"intercepts" : [ -0.52203143, -0.5969826, 0.25912583, 0.24979055, 0.52097785, 0.63630539 ]
		},
		"Layer_3" : {
			"name" : "Output_Layer",
			"NbInputs" : 6,
			"NbOutputs" : 1 ,
			"coeffs_0" : [ 0.66880971 ],
			"coeffs_1" : [ -0.5724889 ],
			"coeffs_2" : [ 0.52484196 ],
			"coeffs_3" : [ 0.72626978 ],
			"coeffs_4" : [ -0.53032392 ],
			"coeffs_5" : [ 0.39043495 ],
			"intercepts" : [ 0.24449517 ]
		}
	}
}
MODEL_JSON_DUMP_END
MCU_DEPLOY_REGRESSION_CODE MODEL_PREDICT_STEP
MLLITE_AUTO_DEPLOY_FREIDMAN3_SMALL_APPLY_OUTPUT_REG  [ 20.965635, 7.4888601, 20.987476, 43.64756, 46.059376,  ... , 70.468529, 52.805988, 17.208633, 22.683363, 23.599442 ]
MCU_DEPLOY_REGRESSION_CODE MODEL_COMPUTE_PERF_STEP
MLLITE_AUTO_DEPLOY_FREIDMAN3_SMALL_REG_PERFS { "count" : 64, "rmse" : 42.428768, "mape" : 56.301094, "R2" : -18411.924 }
This will be printed
MCU_DEPLOY_REGRESSION_CODE ALL_STEPS_OK
MCU_DEPLOY_REGRESSION_CODE done
MLLITE_MCU_TIMER_OPERATION_ELAPSED_SECONDS 'MLLITE.MCU_DEPLOY.REGRESSION.Rosenblatt_MLP.FREIDMAN3_SMALL' 0
MLLITE_MCU_TIMER_OPERATION_END 'MLLITE.MCU_DEPLOY.REGRESSION.Rosenblatt_MLP.FREIDMAN3_SMALL' [ 'Thu Jan 25 12:03:17 2024' ]
MCU_DEPLOY_ON_TARGET_X86_64_END
EXECUTION_TIME_DETAIL = {'CMD':'timeout 180 ./x86_64/regression/x86_64_regression_mlp_freidman3_small.exe', 'ElapsedTimeSecs':(0.02, 0.00, 0.02), 'MAX_MEM_KB':1728, 'CPU_PRCNT':'100%', 'FILES_IN':0, 'FILES_OUT':16, 'EXIT_STATUS':0}
