MCU_DEPLOY_ON_TARGET_X86_64_START
MLLITE_MCU_TIMER_OPERATION_START 'MLLITE.MCU_DEPLOY.REGRESSION.Friedman_XGB.RANDOMREG_10_MEDIUM' [ 'Sat Feb  3 23:18:19 2024' ]
MLLite starting
MCU_DEPLOY_REGRESSION_CODE CREATE_DATASET_STEP
MCU_DEPLOY_REGRESSION_CODE CREATE_MODEL_STEP
MCU_DEPLOY_REGRESSION_MODEL_OPTIONS
{ "base_score" : [ ], "early_stopping_rounds" : 0, "eval_metric" : "", "gamma" : 0, "grow_policy" : 0, "learning_rate" : 0.30000001, "max_bin" : 5, "max_depth" : 6, "max_leaves" : 32, "min_child_weight" : 10, "n_estimators" : 6, "objective" : "reg:squarederror", "reg_alpha" : 0, "reg_lambda" : 1, "tree_method" : "auto" }
MCU_DEPLOY_REGRESSION_CODE FIT_MODEL_STEP
PROGRESS_REPORT_ELAPSED_TOTAL 'XGB_MODEL_FIT' 1 8
PROGRESS_REPORT_ELAPSED_TOTAL 'XGB_MODEL_FIT' 2 8
PROGRESS_REPORT_ELAPSED_TOTAL 'XGB_MODEL_FIT' 3 8
PROGRESS_REPORT_ELAPSED_TOTAL 'XGB_MODEL_FIT' 4 8
PROGRESS_REPORT_ELAPSED_TOTAL 'XGB_MODEL_FIT' 5 8
PROGRESS_REPORT_ELAPSED_TOTAL 'XGB_MODEL_FIT' 6 8
PROGRESS_REPORT_ELAPSED_TOTAL 'XGB_MODEL_FIT' 7 8
PROGRESS_REPORT_ELAPSED_TOTAL 'XGB_MODEL_FIT' 8 8
MCU_DEPLOY_REGRESSION_CODE MODEL_JSON_EXPORT_STEP
MODEL_JSON_DUMP_START
{
	"metadata" : { "model" : "Friedman_XGB", "version" : "2024-W04"},
	"options" : { "base_score" : [ ], "early_stopping_rounds" : 0, "eval_metric" : "", "gamma" : 0, "grow_policy" : 0, "learning_rate" : 0.30000001, "max_bin" : 5, "max_depth" : 6, "max_leaves" : 32, "min_child_weight" : 10, "n_estimators" : 6, "objective" : "reg:squarederror", "reg_alpha" : 0, "reg_lambda" : 1, "tree_method" : "auto" },
	"dataset" : { "dataset_rows" : 512, "dataset_features" : 10 },
	"booster" : {
		"BaseScore" : [ 11.128699 ],
		"Trees" : 6,
		"Tree_0" : {
			"Node_00" : { "leaf_value" : [ ], "parent" : null, "left" : 1, "right" : 2, "svalue" : -0.29635853, "sindex" : 0 },
			"Node_01" : { "leaf_value" : [ ], "parent" : 0, "left" : 3, "right" : 4, "svalue" : -0.19124027, "sindex" : 6 },
			"Node_02" : { "leaf_value" : [ ], "parent" : 0, "left" : 5, "right" : 6, "svalue" : -0.78378904, "sindex" : 6 },
			"Node_03" : { "leaf_value" : [ ], "parent" : 1, "left" : 7, "right" : 8, "svalue" : 0.257285, "sindex" : 2 },
			"Node_04" : { "leaf_value" : [ ], "parent" : 1, "left" : 9, "right" : 10, "svalue" : -0.27118042, "sindex" : 2 },
			"Node_05" : { "leaf_value" : [ ], "parent" : 2, "left" : 11, "right" : 12, "svalue" : 0.94741112, "sindex" : 0 },
			"Node_06" : { "leaf_value" : [ ], "parent" : 2, "left" : 13, "right" : 14, "svalue" : 0.257285, "sindex" : 2 },
			"Node_07" : { "leaf_value" : [ ], "parent" : 3, "left" : 15, "right" : 16, "svalue" : -0.78378904, "sindex" : 6 },
			"Node_08" : { "leaf_value" : [ ], "parent" : 3, "left" : 17, "right" : 18, "svalue" : 0.25261217, "sindex" : 1 },
			"Node_09" : { "leaf_value" : [ ], "parent" : 4, "left" : 19, "right" : 20, "svalue" : 0.25261217, "sindex" : 1 },
			"Node_10" : { "leaf_value" : [ ], "parent" : 4, "left" : 21, "right" : 22, "svalue" : -0.32252944, "sindex" : 8 },
			"Node_11" : { "leaf_value" : [ ], "parent" : 5, "left" : 23, "right" : 24, "svalue" : 0.257285, "sindex" : 2 },
			"Node_12" : { "leaf_value" : [ -1.618528 ], "parent" : 5, "left" : null, "right" : null, "svalue" : 0, "sindex" : 0 },
			"Node_13" : { "leaf_value" : [ ], "parent" : 6, "left" : 25, "right" : 26, "svalue" : 0.94741112, "sindex" : 0 },
			"Node_14" : { "leaf_value" : [ ], "parent" : 6, "left" : 27, "right" : 28, "svalue" : 0.3575443, "sindex" : 6 },
			"Node_15" : { "leaf_value" : [ -82.910019 ], "parent" : 7, "left" : null, "right" : null, "svalue" : 0, "sindex" : 0 },
			"Node_16" : { "leaf_value" : [ -50.385048 ], "parent" : 7, "left" : null, "right" : null, "svalue" : 0, "sindex" : 0 },
			"Node_17" : { "leaf_value" : [ -49.301132 ], "parent" : 8, "left" : null, "right" : null, "svalue" : 0, "sindex" : 0 },
			"Node_18" : { "leaf_value" : [ ], "parent" : 8, "left" : 29, "right" : 30, "svalue" : 0.13367638, "sindex" : 8 },
			"Node_19" : { "leaf_value" : [ ], "parent" : 9, "left" : 31, "right" : 32, "svalue" : -0.87600183, "sindex" : 2 },
			"Node_20" : { "leaf_value" : [ ], "parent" : 9, "left" : 33, "right" : 34, "svalue" : 0.76852298, "sindex" : 1 },
			"Node_21" : { "leaf_value" : [ ], "parent" : 10, "left" : 35, "right" : 36, "svalue" : -0.27771848, "sindex" : 5 },
			"Node_22" : { "leaf_value" : [ ], "parent" : 10, "left" : 37, "right" : 38, "svalue" : -0.19395947, "sindex" : 1 },
			"Node_23" : { "leaf_value" : [ -51.732365 ], "parent" : 11, "left" : null, "right" : null, "svalue" : 0, "sindex" : 0 },
			"Node_24" : { "leaf_value" : [ -16.525848 ], "parent" : 11, "left" : null, "right" : null, "svalue" : 0, "sindex" : 0 },
			"Node_25" : { "leaf_value" : [ ], "parent" : 13, "left" : 39, "right" : 40, "svalue" : -0.19124027, "sindex" : 6 },
			"Node_26" : { "leaf_value" : [ ], "parent" : 13, "left" : 41, "right" : 42, "svalue" : -0.87600183, "sindex" : 2 },
			"Node_27" : { "leaf_value" : [ ], "parent" : 14, "left" : 43, "right" : 44, "svalue" : 0.29326901, "sindex" : 0 },
			"Node_28" : { "leaf_value" : [ ], "parent" : 14, "left" : 45, "right" : 46, "svalue" : 0.13367638, "sindex" : 8 },
			"Node_29" : { "leaf_value" : [ -20.545458 ], "parent" : 18, "left" : null, "right" : null, "svalue" : 0, "sindex" : 0 },
			"Node_30" : { "leaf_value" : [ -1.9302584 ], "parent" : 18, "left" : null, "right" : null, "svalue" : 0, "sindex" : 0 },
			"Node_31" : { "leaf_value" : [ -60.509686 ], "parent" : 19, "left" : null, "right" : null, "svalue" : 0, "sindex" : 0 },
			"Node_32" : { "leaf_value" : [ -36.847607 ], "parent" : 19, "left" : null, "right" : null, "svalue" : 0, "sindex" : 0 },
			"Node_33" : { "leaf_value" : [ -25.689554 ], "parent" : 20, "left" : null, "right" : null, "svalue" : 0, "sindex" : 0 },
			"Node_34" : { "leaf_value" : [ -1.5881504 ], "parent" : 20, "left" : null, "right" : null, "svalue" : 0, "sindex" : 0 },
			"Node_35" : { "leaf_value" : [ -28.50857 ], "parent" : 21, "left" : null, "right" : null, "svalue" : 0, "sindex" : 0 },
			"Node_36" : { "leaf_value" : [ -4.4348688 ], "parent" : 21, "left" : null, "right" : null, "svalue" : 0, "sindex" : 0 },
			"Node_37" : { "leaf_value" : [ -8.5562658 ], "parent" : 22, "left" : null, "right" : null, "svalue" : 0, "sindex" : 0 },
			"Node_38" : { "leaf_value" : [ ], "parent" : 22, "left" : 47, "right" : 48, "svalue" : -0.27771848, "sindex" : 5 },
			"Node_39" : { "leaf_value" : [ ], "parent" : 25, "left" : 49, "right" : 50, "svalue" : -0.24469529, "sindex" : 7 },
			"Node_40" : { "leaf_value" : [ ], "parent" : 25, "left" : 51, "right" : 52, "svalue" : -0.87600183, "sindex" : 2 },
			"Node_41" : { "leaf_value" : [ 7.0204368 ], "parent" : 26, "left" : null, "right" : null, "svalue" : 0, "sindex" : 0 },
			"Node_42" : { "leaf_value" : [ ], "parent" : 26, "left" : 53, "right" : 54, "svalue" : 0.3575443, "sindex" : 6 },
			"Node_43" : { "leaf_value" : [ ], "parent" : 27, "left" : 55, "right" : 56, "svalue" : -0.24469529, "sindex" : 7 },
			"Node_44" : { "leaf_value" : [ ], "parent" : 27, "left" : 57, "right" : 58, "svalue" : 0.32959875, "sindex" : 9 },
			"Node_45" : { "leaf_value" : [ ], "parent" : 28, "left" : 59, "right" : 60, "svalue" : 0.87795269, "sindex" : 3 },
			"Node_46" : { "leaf_value" : [ 86.675507 ], "parent" : 28, "left" : null, "right" : null, "svalue" : 0, "sindex" : 0 },
			"Node_47" : { "leaf_value" : [ 9.9703655 ], "parent" : 38, "left" : null, "right" : null, "svalue" : 0, "sindex" : 0 },
			"Node_48" : { "leaf_value" : [ 29.976912 ], "parent" : 38, "left" : null, "right" : null, "svalue" : 0, "sindex" : 0 },
			"Node_49" : { "leaf_value" : [ -30.471043 ], "parent" : 39, "left" : null, "right" : null, "svalue" : 0, "sindex" : 0 },
			"Node_50" : { "leaf_value" : [ -5.8013573 ], "parent" : 39, "left" : null, "right" : null, "svalue" : 0, "sindex" : 0 },
			"Node_51" : { "leaf_value" : [ -3.9521103 ], "parent" : 40, "left" : null, "right" : null, "svalue" : 0, "sindex" : 0 },
			"Node_52" : { "leaf_value" : [ 20.840708 ], "parent" : 40, "left" : null, "right" : null, "svalue" : 0, "sindex" : 0 },
			"Node_53" : { "leaf_value" : [ 30.212421 ], "parent" : 42, "left" : null, "right" : null, "svalue" : 0, "sindex" : 0 },
			"Node_54" : { "leaf_value" : [ 66.326012 ], "parent" : 42, "left" : null, "right" : null, "svalue" : 0, "sindex" : 0 },
			"Node_55" : { "leaf_value" : [ -6.8634548 ], "parent" : 43, "left" : null, "right" : null, "svalue" : 0, "sindex" : 0 },
			"Node_56" : { "leaf_value" : [ 17.626852 ], "parent" : 43, "left" : null, "right" : null, "svalue" : 0, "sindex" : 0 },
			"Node_57" : { "leaf_value" : [ 30.832724 ], "parent" : 44, "left" : null, "right" : null, "svalue" : 0, "sindex" : 0 },
			"Node_58" : { "leaf_value" : [ 57.921337 ], "parent" : 44, "left" : null, "right" : null, "svalue" : 0, "sindex" : 0 },
			"Node_59" : { "leaf_value" : [ 41.89986 ], "parent" : 45, "left" : null, "right" : null, "svalue" : 0, "sindex" : 0 },
			"Node_60" : { "leaf_value" : [ 67.849365 ], "parent" : 45, "left" : null, "right" : null, "svalue" : 0, "sindex" : 0 }
		},
		"Tree_1" : {
			"Node_00" : { "leaf_value" : [ ], "parent" : null, "left" : 1, "right" : 2, "svalue" : -0.29635853, "sindex" : 0 },
			"Node_01" : { "leaf_value" : [ ], "parent" : 0, "left" : 3, "right" : 4, "svalue" : 0.257285, "sindex" : 2 },
			"Node_02" : { "leaf_value" : [ ], "parent" : 0, "left" : 5, "right" : 6, "svalue" : -0.19124027, "sindex" : 6 },
			"Node_03" : { "leaf_value" : [ ], "parent" : 1, "left" : 7, "right" : 8, "svalue" : 0.3575443, "sindex" : 6 },
			"Node_04" : { "leaf_value" : [ ], "parent" : 1, "left" : 9, "right" : 10, "svalue" : 0.92788273, "sindex" : 6 },
			"Node_05" : { "leaf_value" : [ ], "parent" : 2, "left" : 11, "right" : 12, "svalue" : -0.27118042, "sindex" : 2 },
			"Node_06" : { "leaf_value" : [ ], "parent" : 2, "left" : 13, "right" : 14, "svalue" : -0.19395947, "sindex" : 1 },
			"Node_07" : { "leaf_value" : [ ], "parent" : 3, "left" : 15, "right" : 16, "svalue" : -0.78378904, "sindex" : 6 },
			"Node_08" : { "leaf_value" : [ ], "parent" : 3, "left" : 17, "right" : 18, "svalue" : 0.25261217, "sindex" : 1 },
			"Node_09" : { "leaf_value" : [ ], "parent" : 4, "left" : 19, "right" : 20, "svalue" : -0.19395947, "sindex" : 1 },
			"Node_10" : { "leaf_value" : [ 25.89785 ], "parent" : 4, "left" : null, "right" : null, "svalue" : 0, "sindex" : 0 },
			"Node_11" : { "leaf_value" : [ ], "parent" : 5, "left" : 21, "right" : 22, "svalue" : 0.33784938, "sindex" : 7 },
			"Node_12" : { "leaf_value" : [ ], "parent" : 5, "left" : 23, "right" : 24, "svalue" : 0.94741112, "sindex" : 0 },
			"Node_13" : { "leaf_value" : [ ], "parent" : 6, "left" : 25, "right" : 26, "svalue" : 0.13367638, "sindex" : 8 },
			"Node_14" : { "leaf_value" : [ ], "parent" : 6, "left" : 27, "right" : 28, "svalue" : 0.94741112, "sindex" : 0 },
			"Node_15" : { "leaf_value" : [ -59.221451 ], "parent" : 7, "left" : null, "right" : null, "svalue" : 0, "sindex" : 0 },
			"Node_16" : { "leaf_value" : [ ], "parent" : 7, "left" : 29, "right" : 30, "svalue" : -0.87600183, "sindex" : 2 },
			"Node_17" : { "leaf_value" : [ -31.168091 ], "parent" : 8, "left" : null, "right" : null, "svalue" : 0, "sindex" : 0 },
			"Node_18" : { "leaf_value" : [ ], "parent" : 8, "left" : 31, "right" : 32, "svalue" : -0.84427214, "sindex" : 0 },
			"Node_19" : { "leaf_value" : [ ], "parent" : 9, "left" : 33, "right" : 34, "svalue" : 0.93974268, "sindex" : 2 },
			"Node_20" : { "leaf_value" : [ ], "parent" : 9, "left" : 35, "right" : 36, "svalue" : -0.19124027, "sindex" : 6 },
			"Node_21" : { "leaf_value" : [ ], "parent" : 11, "left" : 37, "right" : 38, "svalue" : -0.27771848, "sindex" : 5 },
			"Node_22" : { "leaf_value" : [ ], "parent" : 11, "left" : 39, "right" : 40, "svalue" : -0.32252944, "sindex" : 8 },
			"Node_23" : { "leaf_value" : [ ], "parent" : 12, "left" : 41, "right" : 42, "svalue" : -0.90690494, "sindex" : 8 },
			"Node_24" : { "leaf_value" : [ ], "parent" : 12, "left" : 43, "right" : 44, "svalue" : 0.93974268, "sindex" : 2 },
			"Node_25" : { "leaf_value" : [ ], "parent" : 13, "left" : 45, "right" : 46, "svalue" : 0.29447517, "sindex" : 3 },
			"Node_26" : { "leaf_value" : [ ], "parent" : 13, "left" : 47, "right" : 48, "svalue" : 0.29326901, "sindex" : 0 },
			"Node_27" : { "leaf_value" : [ ], "parent" : 14, "left" : 49, "right" : 50, "svalue" : 0.93974268, "sindex" : 2 },
			"Node_28" : { "leaf_value" : [ ], "parent" : 14, "left" : 51, "right" : 52, "svalue" : 0.13367638, "sindex" : 8 },
			"Node_29" : { "leaf_value" : [ -43.570621 ], "parent" : 16, "left" : null, "right" : null, "svalue" : 0, "sindex" : 0 },
			"Node_30" : { "leaf_value" : [ ], "parent" : 16, "left" : 53, "right" : 54, "svalue" : -0.32252944, "sindex" : 8 },
			"Node_31" : { "leaf_value" : [ -14.282662 ], "parent" : 18, "left" : null, "right" : null, "svalue" : 0, "sindex" : 0 },
			"Node_32" : { "leaf_value" : [ 8.8665466 ], "parent" : 18, "left" : null, "right" : null, "svalue" : 0, "sindex" : 0 },
			"Node_33" : { "leaf_value" : [ -40.421829 ], "parent" : 19, "left" : null, "right" : null, "svalue" : 0, "sindex" : 0 },
			"Node_34" : { "leaf_value" : [ -11.057901 ], "parent" : 19, "left" : null, "right" : null, "svalue" : 0, "sindex" : 0 },
			"Node_35" : { "leaf_value" : [ ], "parent" : 20, "left" : 55, "right" : 56, "svalue" : 0.13367638, "sindex" : 8 },
			"Node_36" : { "leaf_value" : [ ], "parent" : 20, "left" : 57, "right" : 58, "svalue" : 0.32959875, "sindex" : 9 },
			"Node_37" : { "leaf_value" : [ -52.176857 ], "parent" : 21, "left" : null, "right" : null, "svalue" : 0, "sindex" : 0 },
			"Node_38" : { "leaf_value" : [ -30.856405 ], "parent" : 21, "left" : null, "right" : null, "svalue" : 0, "sindex" : 0 },
			"Node_39" : { "leaf_value" : [ -15.031814 ], "parent" : 22, "left" : null, "right" : null, "svalue" : 0, "sindex" : 0 },
			"Node_40" : { "leaf_value" : [ 9.5143223 ], "parent" : 22, "left" : null, "right" : null, "svalue" : 0, "sindex" : 0 },
			"Node_41" : { "leaf_value" : [ -25.209864 ], "parent" : 23, "left" : null, "right" : null, "svalue" : 0, "sindex" : 0 },
			"Node_42" : { "leaf_value" : [ ], "parent" : 23, "left" : 59, "right" : 60, "svalue" : 0.21059401, "sindex" : 5 },
			"Node_43" : { "leaf_value" : [ 13.722349 ], "parent" : 24, "left" : null, "right" : null, "svalue" : 0, "sindex" : 0 },
			"Node_44" : { "leaf_value" : [ 32.950764 ], "parent" : 24, "left" : null, "right" : null, "svalue" : 0, "sindex" : 0 },
			"Node_45" : { "leaf_value" : [ ], "parent" : 25, "left" : 61, "right" : 62, "svalue" : -0.8117007, "sindex" : 1 },
			"Node_46" : { "leaf_value" : [ 6.5254169 ], "parent" : 25, "left" : null, "right" : null, "svalue" : 0, "sindex" : 0 },
			"Node_47" : { "leaf_value" : [ 1.1815931 ], "parent" : 26, "left" : null, "right" : null, "svalue" : 0, "sindex" : 0 },
			"Node_48" : { "leaf_value" : [ 31.91165 ], "parent" : 26, "left" : null, "right" : null, "svalue" : 0, "sindex" : 0 },
			"Node_49" : { "leaf_value" : [ 19.60598 ], "parent" : 27, "left" : null, "right" : null, "svalue" : 0, "sindex" : 0 },
			"Node_50" : { "leaf_value" : [ 50.406063 ], "parent" : 27, "left" : null, "right" : null, "svalue" : 0, "sindex" : 0 },
			"Node_51" : { "leaf_value" : [ 43.961105 ], "parent" : 28, "left" : null, "right" : null, "svalue" : 0, "sindex" : 0 },
			"Node_52" : { "leaf_value" : [ 67.803726 ], "parent" : 28, "left" : null, "right" : null, "svalue" : 0, "sindex" : 0 },
			"Node_53" : { "leaf_value" : [ -37.556973 ], "parent" : 30, "left" : null, "right" : null, "svalue" : 0, "sindex" : 0 },
			"Node_54" : { "leaf_value" : [ -17.896593 ], "parent" : 30, "left" : null, "right" : null, "svalue" : 0, "sindex" : 0 },
			"Node_55" : { "leaf_value" : [ -17.232941 ], "parent" : 35, "left" : null, "right" : null, "svalue" : 0, "sindex" : 0 },
			"Node_56" : { "leaf_value" : [ -1.395727 ], "parent" : 35, "left" : null, "right" : null, "svalue" : 0, "sindex" : 0 },
			"Node_57" : { "leaf_value" : [ -1.8731308 ], "parent" : 36, "left" : null, "right" : null, "svalue" : 0, "sindex" : 0 },
			"Node_58" : { "leaf_value" : [ 16.863598 ], "parent" : 36, "left" : null, "right" : null, "svalue" : 0, "sindex" : 0 },
			"Node_59" : { "leaf_value" : [ -5.183918 ], "parent" : 42, "left" : null, "right" : null, "svalue" : 0, "sindex" : 0 },
			"Node_60" : { "leaf_value" : [ 15.875315 ], "parent" : 42, "left" : null, "right" : null, "svalue" : 0, "sindex" : 0 },
			"Node_61" : { "leaf_value" : [ -18.204945 ], "parent" : 45, "left" : null, "right" : null, "svalue" : 0, "sindex" : 0 },
			"Node_62" : { "leaf_value" : [ -6.8655066 ], "parent" : 45, "left" : null, "right" : null, "svalue" : 0, "sindex" : 0 }
		},
		"Tree_2" : {
			"Node_00" : { "leaf_value" : [ ], "parent" : null, "left" : 1, "right" : 2, "svalue" : 0.29326901, "sindex" : 0 },
			"Node_01" : { "leaf_value" : [ ], "parent" : 0, "left" : 3, "right" : 4, "svalue" : -0.19124027, "sindex" : 6 },
			"Node_02" : { "leaf_value" : [ ], "parent" : 0, "left" : 5, "right" : 6, "svalue" : -0.8117007, "sindex" : 1 },
			"Node_03" : { "leaf_value" : [ ], "parent" : 1, "left" : 7, "right" : 8, "svalue" : -0.24469529, "sindex" : 7 },
			"Node_04" : { "leaf_value" : [ ], "parent" : 1, "left" : 9, "right" : 10, "svalue" : 0.93974268, "sindex" : 2 },
			"Node_05" : { "leaf_value" : [ ], "parent" : 2, "left" : 11, "right" : 12, "svalue" : -0.78378904, "sindex" : 6 },
			"Node_06" : { "leaf_value" : [ ], "parent" : 2, "left" : 13, "right" : 14, "svalue" : 0.257285, "sindex" : 2 },
			"Node_07" : { "leaf_value" : [ ], "parent" : 3, "left" : 15, "right" : 16, "svalue" : 0.76852298, "sindex" : 1 },
			"Node_08" : { "leaf_value" : [ ], "parent" : 3, "left" : 17, "right" : 18, "svalue" : -0.19395947, "sindex" : 1 },
			"Node_09" : { "leaf_value" : [ ], "parent" : 4, "left" : 19, "right" : 20, "svalue" : 0.76852298, "sindex" : 1 },
			"Node_10" : { "leaf_value" : [ ], "parent" : 4, "left" : 21, "right" : 22, "svalue" : -0.30720159, "sindex" : 3 },
			"Node_11" : { "leaf_value" : [ -33.813511 ], "parent" : 5, "left" : null, "right" : null, "svalue" : 0, "sindex" : 0 },
			"Node_12" : { "leaf_value" : [ ], "parent" : 5, "left" : 23, "right" : 24, "svalue" : 0.73893213, "sindex" : 5 },
			"Node_13" : { "leaf_value" : [ ], "parent" : 6, "left" : 25, "right" : 26, "svalue" : 0.25261217, "sindex" : 1 },
			"Node_14" : { "leaf_value" : [ ], "parent" : 6, "left" : 27, "right" : 28, "svalue" : 0.3575443, "sindex" : 6 },
			"Node_15" : { "leaf_value" : [ ], "parent" : 7, "left" : 29, "right" : 30, "svalue" : -0.84427214, "sindex" : 0 },
			"Node_16" : { "leaf_value" : [ -13.257479 ], "parent" : 7, "left" : null, "right" : null, "svalue" : 0, "sindex" : 0 },
			"Node_17" : { "leaf_value" : [ ], "parent" : 8, "left" : 31, "right" : 32, "svalue" : -0.29635853, "sindex" : 0 },
			"Node_18" : { "leaf_value" : [ ], "parent" : 8, "left" : 33, "right" : 34, "svalue" : 0.84821582, "sindex" : 7 },
			"Node_19" : { "leaf_value" : [ ], "parent" : 9, "left" : 35, "right" : 36, "svalue" : -0.87600183, "sindex" : 2 },
			"Node_20" : { "leaf_value" : [ ], "parent" : 9, "left" : 37, "right" : 38, "svalue" : -0.29635853, "sindex" : 0 },
			"Node_21" : { "leaf_value" : [ 0.72081566 ], "parent" : 10, "left" : null, "right" : null, "svalue" : 0, "sindex" : 0 },
			"Node_22" : { "leaf_value" : [ ], "parent" : 10, "left" : 39, "right" : 40, "svalue" : -0.19395947, "sindex" : 1 },
			"Node_23" : { "leaf_value" : [ -11.951773 ], "parent" : 12, "left" : null, "right" : null, "svalue" : 0, "sindex" : 0 },
			"Node_24" : { "leaf_value" : [ 6.9866061 ], "parent" : 12, "left" : null, "right" : null, "svalue" : 0, "sindex" : 0 },
			"Node_25" : { "leaf_value" : [ ], "parent" : 13, "left" : 41, "right" : 42, "svalue" : -0.94560426, "sindex" : 7 },
			"Node_26" : { "leaf_value" : [ ], "parent" : 13, "left" : 43, "right" : 44, "svalue" : 0.3575443, "sindex" : 6 },
			"Node_27" : { "leaf_value" : [ ], "parent" : 14, "left" : 45, "right" : 46, "svalue" : -0.27771848, "sindex" : 5 },
			"Node_28" : { "leaf_value" : [ ], "parent" : 14, "left" : 47, "right" : 48, "svalue" : -0.24469529, "sindex" : 7 },
			"Node_29" : { "leaf_value" : [ -52.04697 ], "parent" : 15, "left" : null, "right" : null, "svalue" : 0, "sindex" : 0 },
			"Node_30" : { "leaf_value" : [ ], "parent" : 15, "left" : 49, "right" : 50, "svalue" : -0.27118042, "sindex" : 2 },
			"Node_31" : { "leaf_value" : [ ], "parent" : 17, "left" : 51, "right" : 52, "svalue" : 0.32959875, "sindex" : 9 },
			"Node_32" : { "leaf_value" : [ -12.471741 ], "parent" : 17, "left" : null, "right" : null, "svalue" : 0, "sindex" : 0 },
			"Node_33" : { "leaf_value" : [ ], "parent" : 18, "left" : 53, "right" : 54, "svalue" : 0.13367638, "sindex" : 8 },
			"Node_34" : { "leaf_value" : [ -16.458277 ], "parent" : 18, "left" : null, "right" : null, "svalue" : 0, "sindex" : 0 },
			"Node_35" : { "leaf_value" : [ ], "parent" : 19, "left" : 55, "right" : 56, "svalue" : -0.84427214, "sindex" : 0 },
			"Node_36" : { "leaf_value" : [ ], "parent" : 19, "left" : 57, "right" : 58, "svalue" : 0.21059401, "sindex" : 5 },
			"Node_37" : { "leaf_value" : [ ], "parent" : 20, "left" : 59, "right" : 60, "svalue" : -0.20275788, "sindex" : 4 },
			"Node_38" : { "leaf_value" : [ 24.333582 ], "parent" : 20, "left" : null, "right" : null, "svalue" : 0, "sindex" : 0 },
			"Node_39" : { "leaf_value" : [ 16.820169 ], "parent" : 22, "left" : null, "right" : null, "svalue" : 0, "sindex" : 0 },
			"Node_40" : { "leaf_value" : [ 36.374275 ], "parent" : 22, "left" : null, "right" : null, "svalue" : 0, "sindex" : 0 },
			"Node_41" : { "leaf_value" : [ -14.431129 ], "parent" : 25, "left" : null, "right" : null, "svalue" : 0, "sindex" : 0 },
			"Node_42" : { "leaf_value" : [ ], "parent" : 25, "left" : 61, "right" : 62, "svalue" : 0.78631109, "sindex" : 8 },
			"Node_43" : { "leaf_value" : [ 15.640861 ], "parent" : 26, "left" : null, "right" : null, "svalue" : 0, "sindex" : 0 },
			"Node_44" : { "leaf_value" : [ 39.810139 ], "parent" : 26, "left" : null, "right" : null, "svalue" : 0, "sindex" : 0 },
			"Node_45" : { "leaf_value" : [ 15.217062 ], "parent" : 27, "left" : null, "right" : null, "svalue" : 0, "sindex" : 0 },
			"Node_46" : { "leaf_value" : [ 32.071526 ], "parent" : 27, "left" : null, "right" : null, "svalue" : 0, "sindex" : 0 },
			"Node_47" : { "leaf_value" : [ 35.109364 ], "parent" : 28, "left" : null, "right" : null, "svalue" : 0, "sindex" : 0 },
			"Node_48" : { "leaf_value" : [ 54.735226 ], "parent" : 28, "left" : null, "right" : null, "svalue" : 0, "sindex" : 0 },
			"Node_49" : { "leaf_value" : [ -40.324699 ], "parent" : 30, "left" : null, "right" : null, "svalue" : 0, "sindex" : 0 },
			"Node_50" : { "leaf_value" : [ -23.672567 ], "parent" : 30, "left" : null, "right" : null, "svalue" : 0, "sindex" : 0 },
			"Node_51" : { "leaf_value" : [ -36.713924 ], "parent" : 31, "left" : null, "right" : null, "svalue" : 0, "sindex" : 0 },
			"Node_52" : { "leaf_value" : [ -15.815352 ], "parent" : 31, "left" : null, "right" : null, "svalue" : 0, "sindex" : 0 },
			"Node_53" : { "leaf_value" : [ -4.6422729 ], "parent" : 33, "left" : null, "right" : null, "svalue" : 0, "sindex" : 0 },
			"Node_54" : { "leaf_value" : [ 6.1574502 ], "parent" : 33, "left" : null, "right" : null, "svalue" : 0, "sindex" : 0 },
			"Node_55" : { "leaf_value" : [ -39.662941 ], "parent" : 35, "left" : null, "right" : null, "svalue" : 0, "sindex" : 0 },
			"Node_56" : { "leaf_value" : [ -17.597162 ], "parent" : 35, "left" : null, "right" : null, "svalue" : 0, "sindex" : 0 },
			"Node_57" : { "leaf_value" : [ -12.48138 ], "parent" : 36, "left" : null, "right" : null, "svalue" : 0, "sindex" : 0 },
			"Node_58" : { "leaf_value" : [ 0.96802872 ], "parent" : 36, "left" : null, "right" : null, "svalue" : 0, "sindex" : 0 },
			"Node_59" : { "leaf_value" : [ 17.011864 ], "parent" : 37, "left" : null, "right" : null, "svalue" : 0, "sindex" : 0 },
			"Node_60" : { "leaf_value" : [ -1.8421738 ], "parent" : 37, "left" : null, "right" : null, "svalue" : 0, "sindex" : 0 },
			"Node_61" : { "leaf_value" : [ 2.7611437 ], "parent" : 42, "left" : null, "right" : null, "svalue" : 0, "sindex" : 0 },
			"Node_62" : { "leaf_value" : [ 26.668646 ], "parent" : 42, "left" : null, "right" : null, "svalue" : 0, "sindex" : 0 }
		},
		"Tree_3" : {
			"Node_00" : { "leaf_value" : [ ], "parent" : null, "left" : 1, "right" : 2, "svalue" : -0.78378904, "sindex" : 6 },
			"Node_01" : { "leaf_value" : [ ], "parent" : 0, "left" : 3, "right" : 4, "svalue" : -0.80964577, "sindex" : 5 },
			"Node_02" : { "leaf_value" : [ ], "parent" : 0, "left" : 5, "right" : 6, "svalue" : -0.84427214, "sindex" : 0 },
			"Node_03" : { "leaf_value" : [ -38.577759 ], "parent" : 1, "left" : null, "right" : null, "svalue" : 0, "sindex" : 0 },
			"Node_04" : { "leaf_value" : [ ], "parent" : 1, "left" : 7, "right" : 8, "svalue" : 0.94741112, "sindex" : 0 },
			"Node_05" : { "leaf_value" : [ ], "parent" : 2, "left" : 9, "right" : 10, "svalue" : -0.87600183, "sindex" : 2 },
			"Node_06" : { "leaf_value" : [ ], "parent" : 2, "left" : 11, "right" : 12, "svalue" : 0.92788273, "sindex" : 6 },
			"Node_07" : { "leaf_value" : [ ], "parent" : 4, "left" : 13, "right" : 14, "svalue" : -0.27118042, "sindex" : 2 },
			"Node_08" : { "leaf_value" : [ 4.5915451 ], "parent" : 4, "left" : null, "right" : null, "svalue" : 0, "sindex" : 0 },
			"Node_09" : { "leaf_value" : [ -25.782867 ], "parent" : 5, "left" : null, "right" : null, "svalue" : 0, "sindex" : 0 },
			"Node_10" : { "leaf_value" : [ ], "parent" : 5, "left" : 15, "right" : 16, "svalue" : -0.8117007, "sindex" : 1 },
			"Node_11" : { "leaf_value" : [ ], "parent" : 6, "left" : 17, "right" : 18, "svalue" : -0.94560426, "sindex" : 7 },
			"Node_12" : { "leaf_value" : [ ], "parent" : 6, "left" : 19, "right" : 20, "svalue" : 0.33784938, "sindex" : 7 },
			"Node_13" : { "leaf_value" : [ ], "parent" : 7, "left" : 21, "right" : 22, "svalue" : -0.24469529, "sindex" : 7 },
			"Node_14" : { "leaf_value" : [ ], "parent" : 7, "left" : 23, "right" : 24, "svalue" : 0.76852298, "sindex" : 1 },
			"Node_15" : { "leaf_value" : [ -21.838367 ], "parent" : 10, "left" : null, "right" : null, "svalue" : 0, "sindex" : 0 },
			"Node_16" : { "leaf_value" : [ ], "parent" : 10, "left" : 25, "right" : 26, "svalue" : 0.21059401, "sindex" : 5 },
			"Node_17" : { "leaf_value" : [ ], "parent" : 11, "left" : 27, "right" : 28, "svalue" : 0.93974268, "sindex" : 2 },
			"Node_18" : { "leaf_value" : [ ], "parent" : 11, "left" : 29, "right" : 30, "svalue" : -0.27118042, "sindex" : 2 },
			"Node_19" : { "leaf_value" : [ ], "parent" : 12, "left" : 31, "right" : 32, "svalue" : -0.27118042, "sindex" : 2 },
			"Node_20" : { "leaf_value" : [ ], "parent" : 12, "left" : 33, "right" : 34, "svalue" : 0.257285, "sindex" : 2 },
			"Node_21" : { "leaf_value" : [ -35.365772 ], "parent" : 13, "left" : null, "right" : null, "svalue" : 0, "sindex" : 0 },
			"Node_22" : { "leaf_value" : [ -19.631241 ], "parent" : 13, "left" : null, "right" : null, "svalue" : 0, "sindex" : 0 },
			"Node_23" : { "leaf_value" : [ ], "parent" : 14, "left" : 35, "right" : 36, "svalue" : -0.24469529, "sindex" : 7 },
			"Node_24" : { "leaf_value" : [ -2.4211671 ], "parent" : 14, "left" : null, "right" : null, "svalue" : 0, "sindex" : 0 },
			"Node_25" : { "leaf_value" : [ ], "parent" : 16, "left" : 37, "right" : 38, "svalue" : 0.25261217, "sindex" : 1 },
			"Node_26" : { "leaf_value" : [ 2.384892 ], "parent" : 16, "left" : null, "right" : null, "svalue" : 0, "sindex" : 0 },
			"Node_27" : { "leaf_value" : [ ], "parent" : 17, "left" : 39, "right" : 40, "svalue" : -0.19395947, "sindex" : 1 },
			"Node_28" : { "leaf_value" : [ -0.7312001 ], "parent" : 17, "left" : null, "right" : null, "svalue" : 0, "sindex" : 0 },
			"Node_29" : { "leaf_value" : [ ], "parent" : 18, "left" : 41, "right" : 42, "svalue" : 0.94741112, "sindex" : 0 },
			"Node_30" : { "leaf_value" : [ ], "parent" : 18, "left" : 43, "right" : 44, "svalue" : 0.93974268, "sindex" : 2 },
			"Node_31" : { "leaf_value" : [ ], "parent" : 19, "left" : 45, "right" : 46, "svalue" : -0.32252944, "sindex" : 8 },
			"Node_32" : { "leaf_value" : [ ], "parent" : 19, "left" : 47, "right" : 48, "svalue" : -0.20275788, "sindex" : 4 },
			"Node_33" : { "leaf_value" : [ 30.480928 ], "parent" : 20, "left" : null, "right" : null, "svalue" : 0, "sindex" : 0 },
			"Node_34" : { "leaf_value" : [ 47.98003 ], "parent" : 20, "left" : null, "right" : null, "svalue" : 0, "sindex" : 0 },
			"Node_35" : { "leaf_value" : [ -18.608131 ], "parent" : 23, "left" : null, "right" : null, "svalue" : 0, "sindex" : 0 },
			"Node_36" : { "leaf_value" : [ -7.6867919 ], "parent" : 23, "left" : null, "right" : null, "svalue" : 0, "sindex" : 0 },
			"Node_37" : { "leaf_value" : [ -18.886995 ], "parent" : 25, "left" : null, "right" : null, "svalue" : 0, "sindex" : 0 },
			"Node_38" : { "leaf_value" : [ -6.0628633 ], "parent" : 25, "left" : null, "right" : null, "svalue" : 0, "sindex" : 0 },
			"Node_39" : { "leaf_value" : [ -26.600725 ], "parent" : 27, "left" : null, "right" : null, "svalue" : 0, "sindex" : 0 },
			"Node_40" : { "leaf_value" : [ -10.223416 ], "parent" : 27, "left" : null, "right" : null, "svalue" : 0, "sindex" : 0 },
			"Node_41" : { "leaf_value" : [ -9.2177715 ], "parent" : 29, "left" : null, "right" : null, "svalue" : 0, "sindex" : 0 },
			"Node_42" : { "leaf_value" : [ 9.093255 ], "parent" : 29, "left" : null, "right" : null, "svalue" : 0, "sindex" : 0 },
			"Node_43" : { "leaf_value" : [ 10.377991 ], "parent" : 30, "left" : null, "right" : null, "svalue" : 0, "sindex" : 0 },
			"Node_44" : { "leaf_value" : [ 25.334314 ], "parent" : 30, "left" : null, "right" : null, "svalue" : 0, "sindex" : 0 },
			"Node_45" : { "leaf_value" : [ -4.5614095 ], "parent" : 31, "left" : null, "right" : null, "svalue" : 0, "sindex" : 0 },
			"Node_46" : { "leaf_value" : [ 7.1891255 ], "parent" : 31, "left" : null, "right" : null, "svalue" : 0, "sindex" : 0 },
			"Node_47" : { "leaf_value" : [ 13.293362 ], "parent" : 32, "left" : null, "right" : null, "svalue" : 0, "sindex" : 0 },
			"Node_48" : { "leaf_value" : [ 26.879284 ], "parent" : 32, "left" : null, "right" : null, "svalue" : 0, "sindex" : 0 }
		},
		"Tree_4" : {
			"Node_00" : { "leaf_value" : [ ], "parent" : null, "left" : 1, "right" : 2, "svalue" : 0.29326901, "sindex" : 0 },
			"Node_01" : { "leaf_value" : [ ], "parent" : 0, "left" : 3, "right" : 4, "svalue" : 0.92788273, "sindex" : 6 },
			"Node_02" : { "leaf_value" : [ ], "parent" : 0, "left" : 5, "right" : 6, "svalue" : -0.8117007, "sindex" : 1 },
			"Node_03" : { "leaf_value" : [ ], "parent" : 1, "left" : 7, "right" : 8, "svalue" : -0.87600183, "sindex" : 2 },
			"Node_04" : { "leaf_value" : [ ], "parent" : 1, "left" : 9, "right" : 10, "svalue" : 0.257285, "sindex" : 2 },
			"Node_05" : { "leaf_value" : [ ], "parent" : 2, "left" : 11, "right" : 12, "svalue" : -0.78378904, "sindex" : 6 },
			"Node_06" : { "leaf_value" : [ ], "parent" : 2, "left" : 13, "right" : 14, "svalue" : -0.87600183, "sindex" : 2 },
			"Node_07" : { "leaf_value" : [ ], "parent" : 3, "left" : 15, "right" : 16, "svalue" : -0.78378904, "sindex" : 6 },
			"Node_08" : { "leaf_value" : [ ], "parent" : 3, "left" : 17, "right" : 18, "svalue" : -0.8117007, "sindex" : 1 },
			"Node_09" : { "leaf_value" : [ ], "parent" : 4, "left" : 19, "right" : 20, "svalue" : -0.29635853, "sindex" : 0 },
			"Node_10" : { "leaf_value" : [ ], "parent" : 4, "left" : 21, "right" : 22, "svalue" : 0.29190019, "sindex" : 4 },
			"Node_11" : { "leaf_value" : [ -20.94418 ], "parent" : 5, "left" : null, "right" : null, "svalue" : 0, "sindex" : 0 },
			"Node_12" : { "leaf_value" : [ ], "parent" : 5, "left" : 23, "right" : 24, "svalue" : -0.32252944, "sindex" : 8 },
			"Node_13" : { "leaf_value" : [ ], "parent" : 6, "left" : 25, "right" : 26, "svalue" : -0.24469529, "sindex" : 7 },
			"Node_14" : { "leaf_value" : [ ], "parent" : 6, "left" : 27, "right" : 28, "svalue" : 0.3575443, "sindex" : 6 },
			"Node_15" : { "leaf_value" : [ -31.524025 ], "parent" : 7, "left" : null, "right" : null, "svalue" : 0, "sindex" : 0 },
			"Node_16" : { "leaf_value" : [ ], "parent" : 7, "left" : 29, "right" : 30, "svalue" : -0.27771848, "sindex" : 5 },
			"Node_17" : { "leaf_value" : [ ], "parent" : 8, "left" : 31, "right" : 32, "svalue" : -0.32252944, "sindex" : 8 },
			"Node_18" : { "leaf_value" : [ ], "parent" : 8, "left" : 33, "right" : 34, "svalue" : 0.21059401, "sindex" : 5 },
			"Node_19" : { "leaf_value" : [ ], "parent" : 9, "left" : 35, "right" : 36, "svalue" : -0.32252944, "sindex" : 8 },
			"Node_20" : { "leaf_value" : [ 10.598664 ], "parent" : 9, "left" : null, "right" : null, "svalue" : 0, "sindex" : 0 },
			"Node_21" : { "leaf_value" : [ 10.007568 ], "parent" : 10, "left" : null, "right" : null, "svalue" : 0, "sindex" : 0 },
			"Node_22" : { "leaf_value" : [ 22.976057 ], "parent" : 10, "left" : null, "right" : null, "svalue" : 0, "sindex" : 0 },
			"Node_23" : { "leaf_value" : [ -10.814385 ], "parent" : 12, "left" : null, "right" : null, "svalue" : 0, "sindex" : 0 },
			"Node_24" : { "leaf_value" : [ 3.4982648 ], "parent" : 12, "left" : null, "right" : null, "svalue" : 0, "sindex" : 0 },
			"Node_25" : { "leaf_value" : [ -10.888851 ], "parent" : 13, "left" : null, "right" : null, "svalue" : 0, "sindex" : 0 },
			"Node_26" : { "leaf_value" : [ ], "parent" : 13, "left" : 37, "right" : 38, "svalue" : -0.32252944, "sindex" : 8 },
			"Node_27" : { "leaf_value" : [ ], "parent" : 14, "left" : 39, "right" : 40, "svalue" : 0.32959875, "sindex" : 9 },
			"Node_28" : { "leaf_value" : [ ], "parent" : 14, "left" : 41, "right" : 42, "svalue" : 0.94741112, "sindex" : 0 },
			"Node_29" : { "leaf_value" : [ -26.548265 ], "parent" : 16, "left" : null, "right" : null, "svalue" : 0, "sindex" : 0 },
			"Node_30" : { "leaf_value" : [ ], "parent" : 16, "left" : 43, "right" : 44, "svalue" : -0.24469529, "sindex" : 7 },
			"Node_31" : { "leaf_value" : [ ], "parent" : 17, "left" : 45, "right" : 46, "svalue" : -0.19124027, "sindex" : 6 },
			"Node_32" : { "leaf_value" : [ -11.578427 ], "parent" : 17, "left" : null, "right" : null, "svalue" : 0, "sindex" : 0 },
			"Node_33" : { "leaf_value" : [ ], "parent" : 18, "left" : 47, "right" : 48, "svalue" : 0.93974268, "sindex" : 2 },
			"Node_34" : { "leaf_value" : [ ], "parent" : 18, "left" : 49, "right" : 50, "svalue" : -0.84427214, "sindex" : 0 },
			"Node_35" : { "leaf_value" : [ -10.745903 ], "parent" : 19, "left" : null, "right" : null, "svalue" : 0, "sindex" : 0 },
			"Node_36" : { "leaf_value" : [ 6.3355083 ], "parent" : 19, "left" : null, "right" : null, "svalue" : 0, "sindex" : 0 },
			"Node_37" : { "leaf_value" : [ -1.5872351 ], "parent" : 26, "left" : null, "right" : null, "svalue" : 0, "sindex" : 0 },
			"Node_38" : { "leaf_value" : [ 6.3908825 ], "parent" : 26, "left" : null, "right" : null, "svalue" : 0, "sindex" : 0 },
			"Node_39" : { "leaf_value" : [ ], "parent" : 27, "left" : 51, "right" : 52, "svalue" : 0.33784938, "sindex" : 7 },
			"Node_40" : { "leaf_value" : [ ], "parent" : 27, "left" : 53, "right" : 54, "svalue" : 0.94741112, "sindex" : 0 },
			"Node_41" : { "leaf_value" : [ ], "parent" : 28, "left" : 55, "right" : 56, "svalue" : 0.25261217, "sindex" : 1 },
			"Node_42" : { "leaf_value" : [ ], "parent" : 28, "left" : 57, "right" : 58, "svalue" : 0.13367638, "sindex" : 8 },
			"Node_43" : { "leaf_value" : [ -17.784981 ], "parent" : 30, "left" : null, "right" : null, "svalue" : 0, "sindex" : 0 },
			"Node_44" : { "leaf_value" : [ -4.9135623 ], "parent" : 30, "left" : null, "right" : null, "svalue" : 0, "sindex" : 0 },
			"Node_45" : { "leaf_value" : [ -26.671141 ], "parent" : 31, "left" : null, "right" : null, "svalue" : 0, "sindex" : 0 },
			"Node_46" : { "leaf_value" : [ -13.234025 ], "parent" : 31, "left" : null, "right" : null, "svalue" : 0, "sindex" : 0 },
			"Node_47" : { "leaf_value" : [ -12.255441 ], "parent" : 33, "left" : null, "right" : null, "svalue" : 0, "sindex" : 0 },
			"Node_48" : { "leaf_value" : [ 3.0138137 ], "parent" : 33, "left" : null, "right" : null, "svalue" : 0, "sindex" : 0 },
			"Node_49" : { "leaf_value" : [ -3.0316598 ], "parent" : 34, "left" : null, "right" : null, "svalue" : 0, "sindex" : 0 },
			"Node_50" : { "leaf_value" : [ 8.5990992 ], "parent" : 34, "left" : null, "right" : null, "svalue" : 0, "sindex" : 0 },
			"Node_51" : { "leaf_value" : [ -4.1742849 ], "parent" : 39, "left" : null, "right" : null, "svalue" : 0, "sindex" : 0 },
			"Node_52" : { "leaf_value" : [ 11.743394 ], "parent" : 39, "left" : null, "right" : null, "svalue" : 0, "sindex" : 0 },
			"Node_53" : { "leaf_value" : [ 9.7333393 ], "parent" : 40, "left" : null, "right" : null, "svalue" : 0, "sindex" : 0 },
			"Node_54" : { "leaf_value" : [ 24.329147 ], "parent" : 40, "left" : null, "right" : null, "svalue" : 0, "sindex" : 0 },
			"Node_55" : { "leaf_value" : [ 10.48564 ], "parent" : 41, "left" : null, "right" : null, "svalue" : 0, "sindex" : 0 },
			"Node_56" : { "leaf_value" : [ 23.905615 ], "parent" : 41, "left" : null, "right" : null, "svalue" : 0, "sindex" : 0 },
			"Node_57" : { "leaf_value" : [ 22.98753 ], "parent" : 42, "left" : null, "right" : null, "svalue" : 0, "sindex" : 0 },
			"Node_58" : { "leaf_value" : [ 36.869339 ], "parent" : 42, "left" : null, "right" : null, "svalue" : 0, "sindex" : 0 }
		},
		"Tree_5" : {
			"Node_00" : { "leaf_value" : [ ], "parent" : null, "left" : 1, "right" : 2, "svalue" : -0.84427214, "sindex" : 0 },
			"Node_01" : { "leaf_value" : [ ], "parent" : 0, "left" : 3, "right" : 4, "svalue" : 0.93974268, "sindex" : 2 },
			"Node_02" : { "leaf_value" : [ ], "parent" : 0, "left" : 5, "right" : 6, "svalue" : 0.3575443, "sindex" : 6 },
			"Node_03" : { "leaf_value" : [ ], "parent" : 1, "left" : 7, "right" : 8, "svalue" : -0.78378904, "sindex" : 6 },
			"Node_04" : { "leaf_value" : [ ], "parent" : 1, "left" : 9, "right" : 10, "svalue" : 0.29447517, "sindex" : 3 },
			"Node_05" : { "leaf_value" : [ ], "parent" : 2, "left" : 11, "right" : 12, "svalue" : -0.87600183, "sindex" : 2 },
			"Node_06" : { "leaf_value" : [ ], "parent" : 2, "left" : 13, "right" : 14, "svalue" : 0.33784938, "sindex" : 7 },
			"Node_07" : { "leaf_value" : [ -27.812363 ], "parent" : 3, "left" : null, "right" : null, "svalue" : 0, "sindex" : 0 },
			"Node_08" : { "leaf_value" : [ ], "parent" : 3, "left" : 15, "right" : 16, "svalue" : 0.3575443, "sindex" : 6 },
			"Node_09" : { "leaf_value" : [ -3.4054182 ], "parent" : 4, "left" : null, "right" : null, "svalue" : 0, "sindex" : 0 },
			"Node_10" : { "leaf_value" : [ 7.1462698 ], "parent" : 4, "left" : null, "right" : null, "svalue" : 0, "sindex" : 0 },
			"Node_11" : { "leaf_value" : [ ], "parent" : 5, "left" : 17, "right" : 18, "svalue" : -0.19395947, "sindex" : 1 },
			"Node_12" : { "leaf_value" : [ ], "parent" : 5, "left" : 19, "right" : 20, "svalue" : 0.94741112, "sindex" : 0 },
			"Node_13" : { "leaf_value" : [ ], "parent" : 6, "left" : 21, "right" : 22, "svalue" : -0.27118042, "sindex" : 2 },
			"Node_14" : { "leaf_value" : [ ], "parent" : 6, "left" : 23, "right" : 24, "svalue" : 0.13367638, "sindex" : 8 },
			"Node_15" : { "leaf_value" : [ ], "parent" : 8, "left" : 25, "right" : 26, "svalue" : 0.21059401, "sindex" : 5 },
			"Node_16" : { "leaf_value" : [ ], "parent" : 8, "left" : 27, "right" : 28, "svalue" : 0.32959875, "sindex" : 9 },
			"Node_17" : { "leaf_value" : [ ], "parent" : 11, "left" : 29, "right" : 30, "svalue" : 0.13367638, "sindex" : 8 },
			"Node_18" : { "leaf_value" : [ ], "parent" : 11, "left" : 31, "right" : 32, "svalue" : 0.21059401, "sindex" : 5 },
			"Node_19" : { "leaf_value" : [ ], "parent" : 12, "left" : 33, "right" : 34, "svalue" : 0.21059401, "sindex" : 5 },
			"Node_20" : { "leaf_value" : [ ], "parent" : 12, "left" : 35, "right" : 36, "svalue" : 0.13367638, "sindex" : 8 },
			"Node_21" : { "leaf_value" : [ ], "parent" : 13, "left" : 37, "right" : 38, "svalue" : 0.32959875, "sindex" : 9 },
			"Node_22" : { "leaf_value" : [ ], "parent" : 13, "left" : 39, "right" : 40, "svalue" : -0.8117007, "sindex" : 1 },
			"Node_23" : { "leaf_value" : [ ], "parent" : 14, "left" : 41, "right" : 42, "svalue" : -0.87600183, "sindex" : 2 },
			"Node_24" : { "leaf_value" : [ ], "parent" : 14, "left" : 43, "right" : 44, "svalue" : -0.22306003, "sindex" : 9 },
			"Node_25" : { "leaf_value" : [ -20.564501 ], "parent" : 15, "left" : null, "right" : null, "svalue" : 0, "sindex" : 0 },
			"Node_26" : { "leaf_value" : [ -7.3904719 ], "parent" : 15, "left" : null, "right" : null, "svalue" : 0, "sindex" : 0 },
			"Node_27" : { "leaf_value" : [ ], "parent" : 16, "left" : 45, "right" : 46, "svalue" : 0.92788273, "sindex" : 6 },
			"Node_28" : { "leaf_value" : [ -16.150892 ], "parent" : 16, "left" : null, "right" : null, "svalue" : 0, "sindex" : 0 },
			"Node_29" : { "leaf_value" : [ -12.328424 ], "parent" : 17, "left" : null, "right" : null, "svalue" : 0, "sindex" : 0 },
			"Node_30" : { "leaf_value" : [ -28.670296 ], "parent" : 17, "left" : null, "right" : null, "svalue" : 0, "sindex" : 0 },
			"Node_31" : { "leaf_value" : [ -13.765072 ], "parent" : 18, "left" : null, "right" : null, "svalue" : 0, "sindex" : 0 },
			"Node_32" : { "leaf_value" : [ 3.7548256 ], "parent" : 18, "left" : null, "right" : null, "svalue" : 0, "sindex" : 0 },
			"Node_33" : { "leaf_value" : [ ], "parent" : 19, "left" : 47, "right" : 48, "svalue" : -0.32252944, "sindex" : 8 },
			"Node_34" : { "leaf_value" : [ ], "parent" : 19, "left" : 49, "right" : 50, "svalue" : -0.19395947, "sindex" : 1 },
			"Node_35" : { "leaf_value" : [ ], "parent" : 20, "left" : 51, "right" : 52, "svalue" : -0.19395947, "sindex" : 1 },
			"Node_36" : { "leaf_value" : [ 17.016277 ], "parent" : 20, "left" : null, "right" : null, "svalue" : 0, "sindex" : 0 },
			"Node_37" : { "leaf_value" : [ ], "parent" : 21, "left" : 53, "right" : 54, "svalue" : 0.29326901, "sindex" : 0 },
			"Node_38" : { "leaf_value" : [ 4.9698844 ], "parent" : 21, "left" : null, "right" : null, "svalue" : 0, "sindex" : 0 },
			"Node_39" : { "leaf_value" : [ -5.3590975 ], "parent" : 22, "left" : null, "right" : null, "svalue" : 0, "sindex" : 0 },
			"Node_40" : { "leaf_value" : [ ], "parent" : 22, "left" : 55, "right" : 56, "svalue" : 0.29326901, "sindex" : 0 },
			"Node_41" : { "leaf_value" : [ 0.61132962 ], "parent" : 23, "left" : null, "right" : null, "svalue" : 0, "sindex" : 0 },
			"Node_42" : { "leaf_value" : [ ], "parent" : 23, "left" : 57, "right" : 58, "svalue" : 0.92788273, "sindex" : 6 },
			"Node_43" : { "leaf_value" : [ 14.33657 ], "parent" : 24, "left" : null, "right" : null, "svalue" : 0, "sindex" : 0 },
			"Node_44" : { "leaf_value" : [ 34.127415 ], "parent" : 24, "left" : null, "right" : null, "svalue" : 0, "sindex" : 0 },
			"Node_45" : { "leaf_value" : [ -7.2694426 ], "parent" : 27, "left" : null, "right" : null, "svalue" : 0, "sindex" : 0 },
			"Node_46" : { "leaf_value" : [ 4.8983188 ], "parent" : 27, "left" : null, "right" : null, "svalue" : 0, "sindex" : 0 },
			"Node_47" : { "leaf_value" : [ -12.068393 ], "parent" : 33, "left" : null, "right" : null, "svalue" : 0, "sindex" : 0 },
			"Node_48" : { "leaf_value" : [ -0.12720837 ], "parent" : 33, "left" : null, "right" : null, "svalue" : 0, "sindex" : 0 },
			"Node_49" : { "leaf_value" : [ -1.3645377 ], "parent" : 34, "left" : null, "right" : null, "svalue" : 0, "sindex" : 0 },
			"Node_50" : { "leaf_value" : [ 8.6034069 ], "parent" : 34, "left" : null, "right" : null, "svalue" : 0, "sindex" : 0 },
			"Node_51" : { "leaf_value" : [ -4.3739882 ], "parent" : 35, "left" : null, "right" : null, "svalue" : 0, "sindex" : 0 },
			"Node_52" : { "leaf_value" : [ 10.529301 ], "parent" : 35, "left" : null, "right" : null, "svalue" : 0, "sindex" : 0 },
			"Node_53" : { "leaf_value" : [ -11.752287 ], "parent" : 37, "left" : null, "right" : null, "svalue" : 0, "sindex" : 0 },
			"Node_54" : { "leaf_value" : [ -1.3341687 ], "parent" : 37, "left" : null, "right" : null, "svalue" : 0, "sindex" : 0 },
			"Node_55" : { "leaf_value" : [ 5.5703931 ], "parent" : 40, "left" : null, "right" : null, "svalue" : 0, "sindex" : 0 },
			"Node_56" : { "leaf_value" : [ 15.697062 ], "parent" : 40, "left" : null, "right" : null, "svalue" : 0, "sindex" : 0 },
			"Node_57" : { "leaf_value" : [ 10.037258 ], "parent" : 42, "left" : null, "right" : null, "svalue" : 0, "sindex" : 0 },
			"Node_58" : { "leaf_value" : [ 19.225895 ], "parent" : 42, "left" : null, "right" : null, "svalue" : 0, "sindex" : 0 }
		}
	}
}
MODEL_JSON_DUMP_END
MCU_DEPLOY_REGRESSION_CODE MODEL_PREDICT_STEP
MLLITE_AUTO_DEPLOY_RANDOMREG_10_MEDIUM_APPLY_OUTPUT_REG  [ 103.82767, 139.05908, 4.2962165, 7.5056953, -224.91513,  ... , 145.73035, 122.83297, 109.29649, 8.2624168, -169.42723 ]
MCU_DEPLOY_REGRESSION_CODE MODEL_COMPUTE_PERF_STEP
MLLITE_AUTO_DEPLOY_RANDOMREG_10_MEDIUM_REG_PERFS { "count" : 512, "rmse" : 59.74374, "mape" : 0.89028859, "R2" : 0.86980581 }
This will be printed
MCU_DEPLOY_REGRESSION_CODE ALL_STEPS_OK
MCU_DEPLOY_REGRESSION_CODE done
MLLITE_MCU_TIMER_OPERATION_ELAPSED_SECONDS 'MLLITE.MCU_DEPLOY.REGRESSION.Friedman_XGB.RANDOMREG_10_MEDIUM' 0
MLLITE_MCU_TIMER_OPERATION_END 'MLLITE.MCU_DEPLOY.REGRESSION.Friedman_XGB.RANDOMREG_10_MEDIUM' [ 'Sat Feb  3 23:18:19 2024' ]
MCU_DEPLOY_ON_TARGET_X86_64_END
EXECUTION_TIME_DETAIL = {'CMD':'timeout 180 ./x86_64/regression/x86_64_regression_xgb_RandomReg_10_medium.exe', 'ElapsedTimeSecs':(0.26, 0.00, 0.25), 'MAX_MEM_KB':1728, 'CPU_PRCNT':'100%', 'FILES_IN':0, 'FILES_OUT':96, 'EXIT_STATUS':0}
