MCU_DEPLOY_ON_TARGET_X86_64_START
MLLITE_MCU_TIMER_OPERATION_START 'MLLITE.MCU_DEPLOY.REGRESSION.Friedman_XGB.FREIDMAN3_SMALL' [ 'Thu Jan 25 12:03:16 2024' ]
MLLite starting
MCU_DEPLOY_REGRESSION_CODE CREATE_DATASET_STEP
MCU_DEPLOY_REGRESSION_CODE CREATE_MODEL_STEP
MCU_DEPLOY_REGRESSION_MODEL_OPTIONS
{ "base_score" : [ ], "early_stopping_rounds" : 0, "eval_metric" : "", "gamma" : 0, "grow_policy" : 0, "learning_rate" : 0.30000001, "max_bin" : 5, "max_depth" : 6, "max_leaves" : 32, "min_child_weight" : 10, "n_estimators" : 16, "objective" : "reg:squarederror", "reg_alpha" : 0, "reg_lambda" : 1, "tree_method" : "auto" }
MCU_DEPLOY_REGRESSION_CODE FIT_MODEL_STEP
PROGRESS_REPORT_ELAPSED_TOTAL 'XGB_MODEL_FIT' 1 18
PROGRESS_REPORT_ELAPSED_TOTAL 'XGB_MODEL_FIT' 2 18
PROGRESS_REPORT_ELAPSED_TOTAL 'XGB_MODEL_FIT' 3 18
PROGRESS_REPORT_ELAPSED_TOTAL 'XGB_MODEL_FIT' 4 18
PROGRESS_REPORT_ELAPSED_TOTAL 'XGB_MODEL_FIT' 5 18
PROGRESS_REPORT_ELAPSED_TOTAL 'XGB_MODEL_FIT' 6 18
PROGRESS_REPORT_ELAPSED_TOTAL 'XGB_MODEL_FIT' 7 18
PROGRESS_REPORT_ELAPSED_TOTAL 'XGB_MODEL_FIT' 8 18
PROGRESS_REPORT_ELAPSED_TOTAL 'XGB_MODEL_FIT' 9 18
PROGRESS_REPORT_ELAPSED_TOTAL 'XGB_MODEL_FIT' 10 18
PROGRESS_REPORT_ELAPSED_TOTAL 'XGB_MODEL_FIT' 11 18
PROGRESS_REPORT_ELAPSED_TOTAL 'XGB_MODEL_FIT' 12 18
PROGRESS_REPORT_ELAPSED_TOTAL 'XGB_MODEL_FIT' 13 18
PROGRESS_REPORT_ELAPSED_TOTAL 'XGB_MODEL_FIT' 14 18
PROGRESS_REPORT_ELAPSED_TOTAL 'XGB_MODEL_FIT' 15 18
PROGRESS_REPORT_ELAPSED_TOTAL 'XGB_MODEL_FIT' 16 18
PROGRESS_REPORT_ELAPSED_TOTAL 'XGB_MODEL_FIT' 17 18
PROGRESS_REPORT_ELAPSED_TOTAL 'XGB_MODEL_FIT' 18 18
MCU_DEPLOY_REGRESSION_CODE MODEL_JSON_EXPORT_STEP
MODEL_JSON_DUMP_START
{
	"metadata" : { "model" : "Friedman_XGB", "version" : "2024-W03"},
	"options" : { "base_score" : [ ], "early_stopping_rounds" : 0, "eval_metric" : "", "gamma" : 0, "grow_policy" : 0, "learning_rate" : 0.30000001, "max_bin" : 5, "max_depth" : 6, "max_leaves" : 32, "min_child_weight" : 10, "n_estimators" : 16, "objective" : "reg:squarederror", "reg_alpha" : 0, "reg_lambda" : 1, "tree_method" : "auto" },
	"booster" : {
		"BaseScore" : [ 1.3214358 ],
		"Trees" : 16,
		"Tree_00" : {
			"Node_0" : { "leaf_value" : [ ], "parent" : null, "left" : 1, "right" : 2, "svalue" : 0.42859641, "sindex" : 2 },
			"Node_1" : { "leaf_value" : [ ], "parent" : 0, "left" : 3, "right" : 4, "svalue" : 39.873802, "sindex" : 0 },
			"Node_2" : { "leaf_value" : [ ], "parent" : 0, "left" : 5, "right" : 6, "svalue" : 635.12128, "sindex" : 1 },
			"Node_3" : { "leaf_value" : [ 0.021506069 ], "parent" : 1, "left" : null, "right" : null, "svalue" : 0, "sindex" : 0 },
			"Node_4" : { "leaf_value" : [ -0.10171542 ], "parent" : 1, "left" : null, "right" : null, "svalue" : 0, "sindex" : 0 },
			"Node_5" : { "leaf_value" : [ 0.0095445346 ], "parent" : 2, "left" : null, "right" : null, "svalue" : 0, "sindex" : 0 },
			"Node_6" : { "leaf_value" : [ ], "parent" : 2, "left" : 7, "right" : 8, "svalue" : 39.873802, "sindex" : 0 },
			"Node_7" : { "leaf_value" : [ 0.060134929 ], "parent" : 6, "left" : null, "right" : null, "svalue" : 0, "sindex" : 0 },
			"Node_8" : { "leaf_value" : [ 0.039000466 ], "parent" : 6, "left" : null, "right" : null, "svalue" : 0, "sindex" : 0 }
		},
		"Tree_01" : {
			"Node_0" : { "leaf_value" : [ ], "parent" : null, "left" : 1, "right" : 2, "svalue" : 0.23354627, "sindex" : 2 },
			"Node_1" : { "leaf_value" : [ -0.070097558 ], "parent" : 0, "left" : null, "right" : null, "svalue" : 0, "sindex" : 0 },
			"Node_2" : { "leaf_value" : [ ], "parent" : 0, "left" : 3, "right" : 4, "svalue" : 472.75629, "sindex" : 1 },
			"Node_3" : { "leaf_value" : [ -0.043873824 ], "parent" : 2, "left" : null, "right" : null, "svalue" : 0, "sindex" : 0 },
			"Node_4" : { "leaf_value" : [ ], "parent" : 2, "left" : 5, "right" : 6, "svalue" : 889.2923, "sindex" : 1 },
			"Node_5" : { "leaf_value" : [ 0.021385761 ], "parent" : 4, "left" : null, "right" : null, "svalue" : 0, "sindex" : 0 },
			"Node_6" : { "leaf_value" : [ 0.045426354 ], "parent" : 4, "left" : null, "right" : null, "svalue" : 0, "sindex" : 0 }
		},
		"Tree_02" : {
			"Node_0" : { "leaf_value" : [ ], "parent" : null, "left" : 1, "right" : 2, "svalue" : 78.244774, "sindex" : 0 },
			"Node_1" : { "leaf_value" : [ ], "parent" : 0, "left" : 3, "right" : 4, "svalue" : 472.75629, "sindex" : 1 },
			"Node_2" : { "leaf_value" : [ -0.049505476 ], "parent" : 0, "left" : null, "right" : null, "svalue" : 0, "sindex" : 0 },
			"Node_3" : { "leaf_value" : [ -0.030582765 ], "parent" : 1, "left" : null, "right" : null, "svalue" : 0, "sindex" : 0 },
			"Node_4" : { "leaf_value" : [ ], "parent" : 1, "left" : 5, "right" : 6, "svalue" : 17.373148, "sindex" : 0 },
			"Node_5" : { "leaf_value" : [ 0.041174494 ], "parent" : 4, "left" : null, "right" : null, "svalue" : 0, "sindex" : 0 },
			"Node_6" : { "leaf_value" : [ ], "parent" : 4, "left" : 7, "right" : 8, "svalue" : 0.67475837, "sindex" : 2 },
			"Node_7" : { "leaf_value" : [ 0.011270873 ], "parent" : 6, "left" : null, "right" : null, "svalue" : 0, "sindex" : 0 },
			"Node_8" : { "leaf_value" : [ 0.027723392 ], "parent" : 6, "left" : null, "right" : null, "svalue" : 0, "sindex" : 0 }
		},
		"Tree_03" : {
			"Node_0" : { "leaf_value" : [ ], "parent" : null, "left" : 1, "right" : 2, "svalue" : 0.23354627, "sindex" : 2 },
			"Node_1" : { "leaf_value" : [ -0.04773251 ], "parent" : 0, "left" : null, "right" : null, "svalue" : 0, "sindex" : 0 },
			"Node_2" : { "leaf_value" : [ ], "parent" : 0, "left" : 3, "right" : 4, "svalue" : 472.75629, "sindex" : 1 },
			"Node_3" : { "leaf_value" : [ -0.022019265 ], "parent" : 2, "left" : null, "right" : null, "svalue" : 0, "sindex" : 0 },
			"Node_4" : { "leaf_value" : [ ], "parent" : 2, "left" : 5, "right" : 6, "svalue" : 889.2923, "sindex" : 1 },
			"Node_5" : { "leaf_value" : [ 0.012898797 ], "parent" : 4, "left" : null, "right" : null, "svalue" : 0, "sindex" : 0 },
			"Node_6" : { "leaf_value" : [ 0.028121633 ], "parent" : 4, "left" : null, "right" : null, "svalue" : 0, "sindex" : 0 }
		},
		"Tree_04" : {
			"Node_0" : { "leaf_value" : [ ], "parent" : null, "left" : 1, "right" : 2, "svalue" : 65.455681, "sindex" : 0 },
			"Node_1" : { "leaf_value" : [ ], "parent" : 0, "left" : 3, "right" : 4, "svalue" : 17.373148, "sindex" : 0 },
			"Node_2" : { "leaf_value" : [ ], "parent" : 0, "left" : 5, "right" : 6, "svalue" : 0.42859641, "sindex" : 2 },
			"Node_3" : { "leaf_value" : [ 0.031679083 ], "parent" : 1, "left" : null, "right" : null, "svalue" : 0, "sindex" : 0 },
			"Node_4" : { "leaf_value" : [ ], "parent" : 1, "left" : 7, "right" : 8, "svalue" : 0.67475837, "sindex" : 2 },
			"Node_5" : { "leaf_value" : [ -0.077188149 ], "parent" : 2, "left" : null, "right" : null, "svalue" : 0, "sindex" : 0 },
			"Node_6" : { "leaf_value" : [ 0.0086656222 ], "parent" : 2, "left" : null, "right" : null, "svalue" : 0, "sindex" : 0 },
			"Node_7" : { "leaf_value" : [ 0.0012400378 ], "parent" : 4, "left" : null, "right" : null, "svalue" : 0, "sindex" : 0 },
			"Node_8" : { "leaf_value" : [ 0.020527404 ], "parent" : 4, "left" : null, "right" : null, "svalue" : 0, "sindex" : 0 }
		},
		"Tree_05" : {
			"Node_0" : { "leaf_value" : [ ], "parent" : null, "left" : 1, "right" : 2, "svalue" : 65.455681, "sindex" : 0 },
			"Node_1" : { "leaf_value" : [ ], "parent" : 0, "left" : 3, "right" : 4, "svalue" : 17.373148, "sindex" : 0 },
			"Node_2" : { "leaf_value" : [ ], "parent" : 0, "left" : 5, "right" : 6, "svalue" : 0.42859641, "sindex" : 2 },
			"Node_3" : { "leaf_value" : [ 0.022854207 ], "parent" : 1, "left" : null, "right" : null, "svalue" : 0, "sindex" : 0 },
			"Node_4" : { "leaf_value" : [ ], "parent" : 1, "left" : 7, "right" : 8, "svalue" : 0.67475837, "sindex" : 2 },
			"Node_5" : { "leaf_value" : [ -0.056136832 ], "parent" : 2, "left" : null, "right" : null, "svalue" : 0, "sindex" : 0 },
			"Node_6" : { "leaf_value" : [ 0.0062188418 ], "parent" : 2, "left" : null, "right" : null, "svalue" : 0, "sindex" : 0 },
			"Node_7" : { "leaf_value" : [ 0.00089128356 ], "parent" : 4, "left" : null, "right" : null, "svalue" : 0, "sindex" : 0 },
			"Node_8" : { "leaf_value" : [ 0.014929033 ], "parent" : 4, "left" : null, "right" : null, "svalue" : 0, "sindex" : 0 }
		},
		"Tree_06" : {
			"Node_0" : { "leaf_value" : [ ], "parent" : null, "left" : 1, "right" : 2, "svalue" : 1162.774, "sindex" : 1 },
			"Node_1" : { "leaf_value" : [ ], "parent" : 0, "left" : 3, "right" : 4, "svalue" : 65.455681, "sindex" : 0 },
			"Node_2" : { "leaf_value" : [ 0.026980713 ], "parent" : 0, "left" : null, "right" : null, "svalue" : 0, "sindex" : 0 },
			"Node_3" : { "leaf_value" : [ ], "parent" : 1, "left" : 5, "right" : 6, "svalue" : 39.873802, "sindex" : 0 },
			"Node_4" : { "leaf_value" : [ -0.03832867 ], "parent" : 1, "left" : null, "right" : null, "svalue" : 0, "sindex" : 0 },
			"Node_5" : { "leaf_value" : [ 0.016515885 ], "parent" : 3, "left" : null, "right" : null, "svalue" : 0, "sindex" : 0 },
			"Node_6" : { "leaf_value" : [ 0.0014484369 ], "parent" : 3, "left" : null, "right" : null, "svalue" : 0, "sindex" : 0 }
		},
		"Tree_07" : {
			"Node_0" : { "leaf_value" : [ ], "parent" : null, "left" : 1, "right" : 2, "svalue" : 5.8972344, "sindex" : 3 },
			"Node_1" : { "leaf_value" : [ ], "parent" : 0, "left" : 3, "right" : 4, "svalue" : 0.42859641, "sindex" : 2 },
			"Node_2" : { "leaf_value" : [ ], "parent" : 0, "left" : 5, "right" : 6, "svalue" : 39.873802, "sindex" : 0 },
			"Node_3" : { "leaf_value" : [ -0.044725869 ], "parent" : 1, "left" : null, "right" : null, "svalue" : 0, "sindex" : 0 },
			"Node_4" : { "leaf_value" : [ ], "parent" : 1, "left" : 7, "right" : 8, "svalue" : 4.1218095, "sindex" : 3 },
			"Node_5" : { "leaf_value" : [ 0.0062490064 ], "parent" : 2, "left" : null, "right" : null, "svalue" : 0, "sindex" : 0 },
			"Node_6" : { "leaf_value" : [ 0.027202224 ], "parent" : 2, "left" : null, "right" : null, "svalue" : 0, "sindex" : 0 },
			"Node_7" : { "leaf_value" : [ 0.01036649 ], "parent" : 4, "left" : null, "right" : null, "svalue" : 0, "sindex" : 0 },
			"Node_8" : { "leaf_value" : [ -0.00056827068 ], "parent" : 4, "left" : null, "right" : null, "svalue" : 0, "sindex" : 0 }
		},
		"Tree_08" : {
			"Node_0" : { "leaf_value" : [ ], "parent" : null, "left" : 1, "right" : 2, "svalue" : 0.23354627, "sindex" : 2 },
			"Node_1" : { "leaf_value" : [ -0.021244252 ], "parent" : 0, "left" : null, "right" : null, "svalue" : 0, "sindex" : 0 },
			"Node_2" : { "leaf_value" : [ ], "parent" : 0, "left" : 3, "right" : 4, "svalue" : 472.75629, "sindex" : 1 },
			"Node_3" : { "leaf_value" : [ -0.011368711 ], "parent" : 2, "left" : null, "right" : null, "svalue" : 0, "sindex" : 0 },
			"Node_4" : { "leaf_value" : [ ], "parent" : 2, "left" : 5, "right" : 6, "svalue" : 65.455681, "sindex" : 0 },
			"Node_5" : { "leaf_value" : [ ], "parent" : 4, "left" : 7, "right" : 8, "svalue" : 889.2923, "sindex" : 1 },
			"Node_6" : { "leaf_value" : [ 0.019482967 ], "parent" : 4, "left" : null, "right" : null, "svalue" : 0, "sindex" : 0 },
			"Node_7" : { "leaf_value" : [ 0.0067138555 ], "parent" : 5, "left" : null, "right" : null, "svalue" : 0, "sindex" : 0 },
			"Node_8" : { "leaf_value" : [ -0.00049026014 ], "parent" : 5, "left" : null, "right" : null, "svalue" : 0, "sindex" : 0 }
		},
		"Tree_09" : {
			"Node_0" : { "leaf_value" : [ ], "parent" : null, "left" : 1, "right" : 2, "svalue" : 5.8972344, "sindex" : 3 },
			"Node_1" : { "leaf_value" : [ ], "parent" : 0, "left" : 3, "right" : 4, "svalue" : 65.455681, "sindex" : 0 },
			"Node_2" : { "leaf_value" : [ ], "parent" : 0, "left" : 5, "right" : 6, "svalue" : 39.873802, "sindex" : 0 },
			"Node_3" : { "leaf_value" : [ ], "parent" : 1, "left" : 7, "right" : 8, "svalue" : 39.873802, "sindex" : 0 },
			"Node_4" : { "leaf_value" : [ -0.02534315 ], "parent" : 1, "left" : null, "right" : null, "svalue" : 0, "sindex" : 0 },
			"Node_5" : { "leaf_value" : [ 0.0059846723 ], "parent" : 2, "left" : null, "right" : null, "svalue" : 0, "sindex" : 0 },
			"Node_6" : { "leaf_value" : [ 0.019280147 ], "parent" : 2, "left" : null, "right" : null, "svalue" : 0, "sindex" : 0 },
			"Node_7" : { "leaf_value" : [ 0.0091260588 ], "parent" : 3, "left" : null, "right" : null, "svalue" : 0, "sindex" : 0 },
			"Node_8" : { "leaf_value" : [ 0.0043860604 ], "parent" : 3, "left" : null, "right" : null, "svalue" : 0, "sindex" : 0 }
		},
		"Tree_10" : {
			"Node_0" : { "leaf_value" : [ ], "parent" : null, "left" : 1, "right" : 2, "svalue" : 1162.774, "sindex" : 1 },
			"Node_1" : { "leaf_value" : [ ], "parent" : 0, "left" : 3, "right" : 4, "svalue" : 65.455681, "sindex" : 0 },
			"Node_2" : { "leaf_value" : [ 0.018441467 ], "parent" : 0, "left" : null, "right" : null, "svalue" : 0, "sindex" : 0 },
			"Node_3" : { "leaf_value" : [ ], "parent" : 1, "left" : 5, "right" : 6, "svalue" : 17.373148, "sindex" : 0 },
			"Node_4" : { "leaf_value" : [ -0.025137866 ], "parent" : 1, "left" : null, "right" : null, "svalue" : 0, "sindex" : 0 },
			"Node_5" : { "leaf_value" : [ 0.014952613 ], "parent" : 3, "left" : null, "right" : null, "svalue" : 0, "sindex" : 0 },
			"Node_6" : { "leaf_value" : [ 0.0022235727 ], "parent" : 3, "left" : null, "right" : null, "svalue" : 0, "sindex" : 0 }
		},
		"Tree_11" : {
			"Node_0" : { "leaf_value" : [ ], "parent" : null, "left" : 1, "right" : 2, "svalue" : 0.23354627, "sindex" : 2 },
			"Node_1" : { "leaf_value" : [ -0.015994795 ], "parent" : 0, "left" : null, "right" : null, "svalue" : 0, "sindex" : 0 },
			"Node_2" : { "leaf_value" : [ ], "parent" : 0, "left" : 3, "right" : 4, "svalue" : 65.455681, "sindex" : 0 },
			"Node_3" : { "leaf_value" : [ ], "parent" : 2, "left" : 5, "right" : 6, "svalue" : 635.12128, "sindex" : 1 },
			"Node_4" : { "leaf_value" : [ ], "parent" : 2, "left" : 7, "right" : 8, "svalue" : 78.244774, "sindex" : 0 },
			"Node_5" : { "leaf_value" : [ 0.0026393607 ], "parent" : 3, "left" : null, "right" : null, "svalue" : 0, "sindex" : 0 },
			"Node_6" : { "leaf_value" : [ -0.0058098827 ], "parent" : 3, "left" : null, "right" : null, "svalue" : 0, "sindex" : 0 },
			"Node_7" : { "leaf_value" : [ 0.020037943 ], "parent" : 4, "left" : null, "right" : null, "svalue" : 0, "sindex" : 0 },
			"Node_8" : { "leaf_value" : [ 0.0064667901 ], "parent" : 4, "left" : null, "right" : null, "svalue" : 0, "sindex" : 0 }
		},
		"Tree_12" : {
			"Node_0" : { "leaf_value" : [ ], "parent" : null, "left" : 1, "right" : 2, "svalue" : 5.8972344, "sindex" : 3 },
			"Node_1" : { "leaf_value" : [ ], "parent" : 0, "left" : 3, "right" : 4, "svalue" : 0.42859641, "sindex" : 2 },
			"Node_2" : { "leaf_value" : [ ], "parent" : 0, "left" : 5, "right" : 6, "svalue" : 39.873802, "sindex" : 0 },
			"Node_3" : { "leaf_value" : [ -0.024829758 ], "parent" : 1, "left" : null, "right" : null, "svalue" : 0, "sindex" : 0 },
			"Node_4" : { "leaf_value" : [ ], "parent" : 1, "left" : 7, "right" : 8, "svalue" : 65.455681, "sindex" : 0 },
			"Node_5" : { "leaf_value" : [ 0.0033474618 ], "parent" : 2, "left" : null, "right" : null, "svalue" : 0, "sindex" : 0 },
			"Node_6" : { "leaf_value" : [ 0.016290236 ], "parent" : 2, "left" : null, "right" : null, "svalue" : 0, "sindex" : 0 },
			"Node_7" : { "leaf_value" : [ -0.0027252317 ], "parent" : 4, "left" : null, "right" : null, "svalue" : 0, "sindex" : 0 },
			"Node_8" : { "leaf_value" : [ 0.010145551 ], "parent" : 4, "left" : null, "right" : null, "svalue" : 0, "sindex" : 0 }
		},
		"Tree_13" : {
			"Node_0" : { "leaf_value" : [ ], "parent" : null, "left" : 1, "right" : 2, "svalue" : 1162.774, "sindex" : 1 },
			"Node_1" : { "leaf_value" : [ ], "parent" : 0, "left" : 3, "right" : 4, "svalue" : 65.455681, "sindex" : 0 },
			"Node_2" : { "leaf_value" : [ 0.012381705 ], "parent" : 0, "left" : null, "right" : null, "svalue" : 0, "sindex" : 0 },
			"Node_3" : { "leaf_value" : [ ], "parent" : 1, "left" : 5, "right" : 6, "svalue" : 0.42859641, "sindex" : 2 },
			"Node_4" : { "leaf_value" : [ -0.020715224 ], "parent" : 1, "left" : null, "right" : null, "svalue" : 0, "sindex" : 0 },
			"Node_5" : { "leaf_value" : [ 0.015466508 ], "parent" : 3, "left" : null, "right" : null, "svalue" : 0, "sindex" : 0 },
			"Node_6" : { "leaf_value" : [ 0.00083131355 ], "parent" : 3, "left" : null, "right" : null, "svalue" : 0, "sindex" : 0 }
		},
		"Tree_14" : {
			"Node_0" : { "leaf_value" : [ ], "parent" : null, "left" : 1, "right" : 2, "svalue" : 0.23354627, "sindex" : 2 },
			"Node_1" : { "leaf_value" : [ -0.010755889 ], "parent" : 0, "left" : null, "right" : null, "svalue" : 0, "sindex" : 0 },
			"Node_2" : { "leaf_value" : [ ], "parent" : 0, "left" : 3, "right" : 4, "svalue" : 65.455681, "sindex" : 0 },
			"Node_3" : { "leaf_value" : [ ], "parent" : 2, "left" : 5, "right" : 6, "svalue" : 635.12128, "sindex" : 1 },
			"Node_4" : { "leaf_value" : [ ], "parent" : 2, "left" : 7, "right" : 8, "svalue" : 78.244774, "sindex" : 0 },
			"Node_5" : { "leaf_value" : [ 0.0020287856 ], "parent" : 3, "left" : null, "right" : null, "svalue" : 0, "sindex" : 0 },
			"Node_6" : { "leaf_value" : [ -0.0066369926 ], "parent" : 3, "left" : null, "right" : null, "svalue" : 0, "sindex" : 0 },
			"Node_7" : { "leaf_value" : [ 0.016440414 ], "parent" : 4, "left" : null, "right" : null, "svalue" : 0, "sindex" : 0 },
			"Node_8" : { "leaf_value" : [ 0.0060640345 ], "parent" : 4, "left" : null, "right" : null, "svalue" : 0, "sindex" : 0 }
		},
		"Tree_15" : {
			"Node_0" : { "leaf_value" : [ ], "parent" : null, "left" : 1, "right" : 2, "svalue" : 5.8972344, "sindex" : 3 },
			"Node_1" : { "leaf_value" : [ ], "parent" : 0, "left" : 3, "right" : 4, "svalue" : 65.455681, "sindex" : 0 },
			"Node_2" : { "leaf_value" : [ ], "parent" : 0, "left" : 5, "right" : 6, "svalue" : 39.873802, "sindex" : 0 },
			"Node_3" : { "leaf_value" : [ ], "parent" : 1, "left" : 7, "right" : 8, "svalue" : 39.873802, "sindex" : 0 },
			"Node_4" : { "leaf_value" : [ -0.01528333 ], "parent" : 1, "left" : null, "right" : null, "svalue" : 0, "sindex" : 0 },
			"Node_5" : { "leaf_value" : [ 0.0015100323 ], "parent" : 2, "left" : null, "right" : null, "svalue" : 0, "sindex" : 0 },
			"Node_6" : { "leaf_value" : [ 0.012997998 ], "parent" : 2, "left" : null, "right" : null, "svalue" : 0, "sindex" : 0 },
			"Node_7" : { "leaf_value" : [ 0.0065983254 ], "parent" : 3, "left" : null, "right" : null, "svalue" : 0, "sindex" : 0 },
			"Node_8" : { "leaf_value" : [ 0.0039378065 ], "parent" : 3, "left" : null, "right" : null, "svalue" : 0, "sindex" : 0 }
		}
	}
}
MODEL_JSON_DUMP_END
MCU_DEPLOY_REGRESSION_CODE MODEL_PREDICT_STEP
MLLITE_AUTO_DEPLOY_FREIDMAN3_SMALL_APPLY_OUTPUT_REG  [ 1.1999625, 1.0765821, 0.99354815, 1.5076897, 1.4937607,  ... , 1.2760261, 1.5632865, 1.3435344, 1.4827633, 1.5170856 ]
MCU_DEPLOY_REGRESSION_CODE MODEL_COMPUTE_PERF_STEP
MLLITE_AUTO_DEPLOY_FREIDMAN3_SMALL_REG_PERFS { "count" : 64, "rmse" : 0.15030283, "mape" : 0.58925778, "R2" : 0.76893389 }
This will be printed
MCU_DEPLOY_REGRESSION_CODE ALL_STEPS_OK
MCU_DEPLOY_REGRESSION_CODE done
MLLITE_MCU_TIMER_OPERATION_ELAPSED_SECONDS 'MLLITE.MCU_DEPLOY.REGRESSION.Friedman_XGB.FREIDMAN3_SMALL' 0
MLLITE_MCU_TIMER_OPERATION_END 'MLLITE.MCU_DEPLOY.REGRESSION.Friedman_XGB.FREIDMAN3_SMALL' [ 'Thu Jan 25 12:03:16 2024' ]
MCU_DEPLOY_ON_TARGET_X86_64_END
EXECUTION_TIME_DETAIL = {'CMD':'timeout 180 ./x86_64/regression/x86_64_regression_xgb_freidman3_small.exe', 'ElapsedTimeSecs':(0.02, 0.00, 0.02), 'MAX_MEM_KB':1728, 'CPU_PRCNT':'96%', 'FILES_IN':0, 'FILES_OUT':40, 'EXIT_STATUS':0}
