MCU_DEPLOY_ON_TARGET_X86_64_START
MLLITE_MCU_TIMER_OPERATION_START 'MLLITE.MCU_DEPLOY.REGRESSION.Vapnik_SVR_RBF.RANDOMREG_10_MEDIUM' [ 'Sat Feb  3 23:18:17 2024' ]
MLLite starting
MCU_DEPLOY_REGRESSION_CODE CREATE_DATASET_STEP
MCU_DEPLOY_REGRESSION_CODE CREATE_MODEL_STEP
MCU_DEPLOY_REGRESSION_MODEL_OPTIONS
{"svm_type" : "c_svc", "kernel" : "rbf", "degree" : 3, "gamma" : 0, "coef0" : 0, "cache_size" : 2, "tol" : 0.001, "nu" : 0.5, "epsilon" : 0, "shrinking" : 0, "probability" : 1, "C" : 1, "max_iter" : 30, "random_state" : 1789 }
MCU_DEPLOY_REGRESSION_CODE FIT_MODEL_STEP
PROGRESS_REPORT_ELAPSED_TOTAL 'SVM_REGRESSOR_FIT' 1 4
PROGRESS_REPORT_ELAPSED_TOTAL 'SVM_REGRESSOR_FIT' 2 4
PROGRESS_REPORT_ELAPSED_TOTAL 'SVM_REGRESSOR_FIT' 3 4
PROGRESS_REPORT_ELAPSED_TOTAL 'SVM_SOLVER_ITERATION:SVR_Global' 3 30
PROGRESS_REPORT_ELAPSED_TOTAL 'SVM_SOLVER_ITERATION:SVR_Global' 6 30
PROGRESS_REPORT_ELAPSED_TOTAL 'SVM_SOLVER_ITERATION:SVR_Global' 9 30
PROGRESS_REPORT_ELAPSED_TOTAL 'SVM_SOLVER_ITERATION:SVR_Global' 12 30
PROGRESS_REPORT_ELAPSED_TOTAL 'SVM_SOLVER_ITERATION:SVR_Global' 15 30
PROGRESS_REPORT_ELAPSED_TOTAL 'SVM_SOLVER_ITERATION:SVR_Global' 18 30
PROGRESS_REPORT_ELAPSED_TOTAL 'SVM_SOLVER_ITERATION:SVR_Global' 21 30
PROGRESS_REPORT_ELAPSED_TOTAL 'SVM_SOLVER_ITERATION:SVR_Global' 24 30
PROGRESS_REPORT_ELAPSED_TOTAL 'SVM_SOLVER_ITERATION:SVR_Global' 27 30
PROGRESS_REPORT_ELAPSED_TOTAL 'SVM_SOLVER_ITERATION:SVR_Global' 30 30
PROGRESS_REPORT_ELAPSED_TOTAL 'SVM_REGRESSOR_FIT' 4 4
MCU_DEPLOY_REGRESSION_CODE MODEL_JSON_EXPORT_STEP
MODEL_JSON_DUMP_START
{
	"metadata" : { "model" : "Vapnik_SVR_RBF", "version" : "2024-W04"},
	"options" : {"svm_type" : "epsilon_svr", "kernel" : "rbf", "degree" : 3, "gamma" : 0.094635487, "coef0" : 0, "cache_size" : 2, "tol" : 0.001, "nu" : 0.5, "epsilon" : 0.1, "shrinking" : 0, "probability" : 0, "C" : 1, "max_iter" : 30, "random_state" : 1789 },
	"dataset" : { "dataset_rows" : 512, "dataset_features" : 10 },
	"svm_model" : {
	"classes" : 2,
	"L" : 60,
	"SupportVectors" : {
		"SV_00" : [ -0.44212952, 1.3061599, -1.8255073, 1.100284, -1.4378009, -0.64940554, -1.2646565, -1.2791994, -0.018146785, 0.53571057 ],
		"SV_01" : [ -1.2662569, -1.7461214, -0.20953543, -0.35518947, 0.25528345, 0.08530388, -0.3259266, -0.056176115, -0.72840542, 0.70341676 ],
		"SV_02" : [ 1.7333869, 1.1792365, -0.51471257, -0.63619769, 0.80712098, 0.6923188, 0.98405778, 0.51194692, 1.5941982, 1.0664138 ],
		"SV_03" : [ 1.4747279, 0.053093575, 0.15521201, 2.9906969, 0.96079618, -0.050440148, 0.6878199, 0.1254714, 1.2485743, -0.14592528 ],
		"SV_04" : [ -2.9430587, -0.30960941, -0.072162129, -2.2627976, 0.7365365, -2.1083136, -1.4471446, 0.63739228, -0.1738195, 0.03699325 ],
		"SV_05" : [ 0.82545841, -0.25389946, 1.4413375, -0.47192198, 0.031705488, -0.94867265, 1.3793714, -0.031670112, 1.7293514, -1.127272 ],
		"SV_06" : [ -0.073077336, 2.3650155, 2.2403913, -0.043197136, 0.31903237, 1.1726243, 0.51688361, 0.93627459, 1.5302991, 0.76055121 ],
		"SV_07" : [ 1.1549996, 0.3680912, 1.7832681, 0.25643876, 0.70505625, 1.1813442, -0.86224765, -0.12200008, 2.0289822, 1.2823019 ],
		"SV_08" : [ -0.95432818, -1.5858178, -1.0634954, -1.2755737, 0.92577797, -0.72143823, -0.067948826, -0.73409361, 0.73789787, 0.45264494 ],
		"SV_09" : [ 1.4645333, 0.65142661, 0.95014662, -0.23670764, 0.47040224, -0.75352269, 0.56135273, 0.84821582, -1.2743745, 1.5787785 ],
		"SV_10" : [ -1.1370538, -3.538038, 0.81227452, -0.77630657, -0.90261608, 0.68271846, -0.47721413, 0.60548377, -1.0347888, -2.5640278 ],
		"SV_11" : [ 0.51868021, 0.38099229, 2.3652592, 1.1200099, 0.88740957, 0.71648371, 0.84045035, -0.54314387, 0.62820429, -1.7246407 ],
		"SV_12" : [ -2.0253322, 0.32372499, 0.18555605, -0.60247159, 0.0025244881, 0.72488093, -1.2115761, -0.60057521, -1.267722, -1.3874884 ],
		"SV_13" : [ -0.22474448, -2.2844319, -0.91093618, -0.76591748, -0.44133714, -1.1309825, -3.091728, -0.87030834, 1.4087949, 1.573483 ],
		"SV_14" : [ -1.6631894, -2.81357, -0.91172057, 0.3306303, -1.2030153, 1.1289123, -0.98971105, 0.54416603, 1.0507687, 0.52379882 ],
		"SV_15" : [ 1.4509139, 0.94787365, -0.76166445, -0.11737398, -0.35161707, 1.4251457, 2.3529391, 1.4126526, -1.1093436, -0.47853312 ],
		"SV_16" : [ -0.92591631, -0.82829702, -2.2215364, 1.9469579, 1.1570579, 0.33741757, -1.5687797, -1.9923546, 1.0544285, 0.41687521 ],
		"SV_17" : [ 1.86366, 0.42898598, -0.30226949, 0.83935964, -0.42543522, 0.70264035, 1.1199416, 1.0405055, 0.14325845, 0.56688946 ],
		"SV_18" : [ 0.37585133, 2.4596665, 2.3318424, 1.8018726, 0.88305837, -1.0305254, 2.2467604, -1.9306916, 0.035418313, -1.6736524 ],
		"SV_19" : [ -1.5008658, -0.86989778, -0.55029273, -0.16572174, -0.96350825, -1.1481483, -0.87389159, -1.0597407, -0.56351388, 0.014576754 ],
		"SV_20" : [ 0.97948563, 0.74288517, 0.83137321, -0.0507355, 1.8475428, -0.81300718, 2.9670193, -0.57738334, 1.6820213, 1.1224467 ],
		"SV_21" : [ -1.175223, -0.88186604, -2.0385568, 0.35534751, 0.20487827, -0.41804749, 0.090891808, 1.5324461, -0.92670721, 0.24257208 ],
		"SV_22" : [ 0.5628612, -0.28243494, 1.4118855, -0.46385604, 0.40458044, 1.4644864, 0.80577201, 1.6889693, 0.29385981, -2.8619027 ],
		"SV_23" : [ 2.3693986, 0.63817722, -0.48046207, 0.47059071, 2.3991587, -0.35951233, 0.11568391, 1.2278509, 0.99265957, 0.58548909 ],
		"SV_24" : [ 0.98931283, 1.2997693, 0.6381228, -0.057127625, 0.26319522, -0.55231386, 2.3970883, 0.76413077, 1.9593385, 0.016880764 ],
		"SV_25" : [ -0.88116413, -0.24334387, -0.93231779, -1.2384726, 0.33493021, 0.3247292, -0.90565002, -1.0039985, -0.10441647, -0.079765774 ],
		"SV_26" : [ 1.7784795, -0.10732105, 0.49971658, 1.0129437, 3.5816329, 0.52984828, 2.3482718, 0.75919783, 0.89133978, 0.16058356 ],
		"SV_27" : [ -0.053547315, -1.0300652, -1.6749853, -0.65235192, -0.15251863, -0.13863084, -1.0051925, -1.1032858, 0.54888988, 0.32959875 ],
		"SV_28" : [ -0.20007113, 0.12961179, -0.79044902, -0.60643846, -0.80751151, 0.021320932, -1.7275364, -0.60790384, -0.21080248, -1.5981455 ],
		"SV_29" : [ 0.83106244, -1.3834834, -0.63145715, 1.7917262, -0.50229686, -0.30615288, -2.1443014, -0.78806818, 0.64320844, -1.1165454 ],
		"SV_30" : [ 1.8251997, 0.077000074, -0.3173233, 0.98249245, -1.195058, -0.29062942, 0.99701005, 1.4287282, 0.92115957, 0.19572328 ],
		"SV_31" : [ 2.4337354, -0.224022, 0.94660062, -0.23939629, -1.0018442, 1.8818423, 0.82864451, 0.65990633, 0.53221494, 0.82399303 ],
		"SV_32" : [ -0.65274155, -2.6173937, 0.52149391, -0.042029217, 0.98776305, -2.192085, -1.2551128, 0.40232569, -0.46696925, -1.2753386 ],
		"SV_33" : [ -0.56677705, -0.10735566, 1.701696, 0.60946774, 0.49592367, -0.037368469, 1.9832816, 1.8035351, 0.044597186, 1.1395745 ],
		"SV_34" : [ 2.2591982, 0.6608023, -0.3593694, 0.25446138, 0.33873251, 0.99939036, 0.89691544, 0.33784938, 1.6437867, 0.3930105 ],
		"SV_35" : [ -3.0112171, -0.23780726, -2.8096676, 0.0022211503, 0.78283042, 1.3311532, 1.4092838, 0.35937124, -1.2684357, 0.62038511 ],
		"SV_36" : [ 1.5926303, -0.066334613, 1.5911335, 0.52035993, 0.64842337, 0.41549253, 0.31837112, -0.24469529, 0.29638422, 0.74194121 ],
		"SV_37" : [ 0.98245955, -2.5715044, -1.3673357, -0.26802883, 2.087631, -1.0051918, -2.5333571, -0.72655785, 1.3263289, 1.2635139 ],
		"SV_38" : [ -1.0368884, -0.024599023, -1.3920976, -2.1013634, -0.44085103, -0.50829315, 0.31534964, -1.5957088, 0.14159507, -1.3397874 ],
		"SV_39" : [ -0.87014872, -0.75263888, -0.21417387, 1.2491927, -0.93775845, 0.14861062, -0.87552184, -0.96151143, -1.0622975, -0.73989719 ],
		"SV_40" : [ -0.95621347, -1.7123322, 0.15822043, 0.47384265, -1.5137273, 0.69998801, -1.4159508, -2.0277359, 0.16063868, 0.84397823 ],
		"SV_41" : [ -0.58062243, -0.77914023, 0.10445581, -0.14914943, 0.52010059, 0.022675999, -0.58374774, 0.0040678275, -0.835186, -2.311487 ],
		"SV_42" : [ 2.4844325, -0.59945786, 0.11998723, 0.82503712, -2.195806, -1.0823852, 1.9767125, -0.20840912, 1.4528857, -0.90147591 ],
		"SV_43" : [ 0.68838084, 0.50270575, 1.5651696, -0.8033461, 2.1942179, -1.0933739, 1.9931908, 1.3694583, 0.66429919, 1.3995128 ],
		"SV_44" : [ -0.55661911, -0.45335266, -0.95431268, -0.027242368, 0.41070363, -2.1060262, -0.97974956, 1.1183456, -1.917618, -0.42971358 ],
		"SV_45" : [ 0.76470989, -0.13196281, 2.9298828, 0.54118514, 0.39836898, 0.43222436, -0.20332393, -0.3108077, -0.58066499, 1.8692427 ],
		"SV_46" : [ 1.6152644, 1.2807783, 2.1680236, 0.16734958, 1.8488549, -0.37176436, 0.44863704, -0.14145236, -1.2293688, -1.3084745 ],
		"SV_47" : [ 0.95136923, 0.00062821241, 2.0252984, 2.3969502, 1.078692, -1.2705376, 1.6719109, 0.6446951, -0.52594006, -0.17378415 ],
		"SV_48" : [ -0.08921054, 0.31272832, 1.3153801, 1.0870811, -1.4894794, 0.28181046, 3.3586078, 0.06540636, -1.7554471, -1.0477027 ],
		"SV_49" : [ -0.29506382, 1.1948025, 1.8618631, 1.707372, 0.6330052, -0.22522716, 2.7827539, 0.9442203, 1.7716231, 0.84592468 ],
		"SV_50" : [ -0.96208692, -0.81130004, -0.86089545, -0.61878574, 1.1548617, -0.1093916, -1.4518406, -1.3511233, -0.6098237, 1.6779884 ],
		"SV_51" : [ 0.71868759, 2.345176, 1.1400818, -0.25579551, -0.54169887, -0.26715234, 0.47741261, 0.21169537, 1.6718326, 0.021004857 ],
		"SV_52" : [ -2.5403066, 0.61517483, -0.85246038, 0.31204942, 0.38432145, -0.69127661, -1.5185338, -0.49694076, -0.073621921, 0.5941816 ],
		"SV_53" : [ -0.93613714, -0.5369429, 0.39536062, 0.98563695, 0.65170586, -1.064311, -1.8577818, -3.0200753, -0.21974416, -0.86074871 ],
		"SV_54" : [ -0.76346648, -1.4909534, 0.50460804, 0.2722474, 1.3718191, -0.87236673, -0.49365392, -1.418165, -1.2931855, 0.29600143 ],
		"SV_55" : [ -0.30090681, 0.092843637, -1.7984037, 0.84482318, 1.1482106, -0.41120765, -2.0010133, -0.33279338, -1.1114658, 2.1012924 ],
		"SV_56" : [ 0.40770915, 1.7319585, 2.0294092, 0.94472748, 0.10942128, 0.45982102, 0.78980565, -0.52620465, -0.13255545, -1.1084672 ],
		"SV_57" : [ -0.26038218, 0.4023923, -0.67057061, 1.2862366, -0.65696687, -0.61925071, -1.9765806, -1.9467608, -0.15431981, -0.96690923 ],
		"SV_58" : [ 2.4032738, 0.37541577, 1.4394525, -0.57753724, 0.72452557, 1.6420205, 0.60641533, 1.2730618, 0.34829444, -1.1976035 ],
		"SV_59" : [ -1.1112659, -0.15377577, -1.6540977, -0.5293777, -2.0847569, -1.1745138, 0.75119221, 0.45221832, -1.9754034, -2.08395 ]
	},
	"SupportVectorsCoefs" : {
		"SV_coef_0" : [ -1, -1, 1, 1, -1, 1, 1, 1, -1, 1, -1, 1, -1, -1, -1, 1, -1, 1, 1, -1, 1, -1, 1, 1, 1, -1, 1, -1, -1, -1, 1, 1, -1, 1, 1, -1, 1, -1, -1, -1, -1, -1, 1, 1, -1, 1, 1, 1, 1, 1, -1, 1, -1, -1, -1, -1, 1, -1, 1, -1 ]
	},
	"rho" : [ 0.20045471 ],
	"nSV" : [ ],
	"probA" : [ ],
	"probB" : [ ],
	"n_iter" : [ 30 ],
	"sv_ind" : [ 4, 6, 40, 46, 58, 64, 66, 67, 72, 89, 92, 97, 102, 110, 114, 117, 134, 141, 156, 171, 172, 193, 216, 229, 232, 241, 251, 255, 299, 311, 314, 317, 327, 335, 340, 351, 364, 384, 401, 408, 410, 412, 414, 427, 433, 440, 441, 446, 459, 463, 465, 474, 476, 477, 481, 483, 485, 488, 494, 502 ]
}
}
MODEL_JSON_DUMP_END
MCU_DEPLOY_REGRESSION_CODE MODEL_PREDICT_STEP
MLLITE_AUTO_DEPLOY_RANDOMREG_10_MEDIUM_APPLY_OUTPUT_REG  [ 5.1739483, 3.7572508, 1.0113536, 0.16562879, -5.2552862,  ... , 3.3764365, -0.13386828, 1.4915265, -1.4872636, -4.5378938 ]
MCU_DEPLOY_REGRESSION_CODE MODEL_COMPUTE_PERF_STEP
MLLITE_AUTO_DEPLOY_RANDOMREG_10_MEDIUM_REG_PERFS { "count" : 512, "rmse" : 163.00787, "mape" : 0.9798637, "R2" : 0.030776799 }
This will be printed
MCU_DEPLOY_REGRESSION_CODE ALL_STEPS_OK
MCU_DEPLOY_REGRESSION_CODE done
MLLITE_MCU_TIMER_OPERATION_ELAPSED_SECONDS 'MLLITE.MCU_DEPLOY.REGRESSION.Vapnik_SVR_RBF.RANDOMREG_10_MEDIUM' 0
MLLITE_MCU_TIMER_OPERATION_END 'MLLITE.MCU_DEPLOY.REGRESSION.Vapnik_SVR_RBF.RANDOMREG_10_MEDIUM' [ 'Sat Feb  3 23:18:17 2024' ]
MCU_DEPLOY_ON_TARGET_X86_64_END
EXECUTION_TIME_DETAIL = {'CMD':'timeout 180 ./x86_64/regression/x86_64_regression_svm_RandomReg_10_medium.exe', 'ElapsedTimeSecs':(0.04, 0.00, 0.04), 'MAX_MEM_KB':1728, 'CPU_PRCNT':'100%', 'FILES_IN':0, 'FILES_OUT':24, 'EXIT_STATUS':0}
