MCU_DEPLOY_ON_TARGET_X86_64_START
MLLITE_MCU_TIMER_OPERATION_START 'MLLITE.MCU_DEPLOY.REGRESSION.Vapnik_SVR_RBF.CALIFORNIA_HOUSING_SMALL' [ 'Tue Jan 23 09:44:26 2024' ]
MLLite starting
MCU_DEPLOY_REGRESSION_CODE step 1
MCU_DEPLOY_REGRESSION_CODE step 2
MCU_DEPLOY_REGRESSION_CODE step 3
MCU_DEPLOY_REGRESSION_MODEL_OPTIONS
{"svm_type" : "c_svc", "kernel" : "rbf", "degree" : 3, "gamma" : 0, "coef0" : 0, "cache_size" : 10240, "tol" : 0.001, "nu" : 0.5, "epsilon" : 0, "shrinking" : 0, "probability" : 1, "C" : 1 }
MCU_DEPLOY_REGRESSION_CODE step 4
PROGRESS_REPORT_ELAPSED_TOTAL 'SVM_REGRESSOR_FIT' 1 4
PROGRESS_REPORT_ELAPSED_TOTAL 'SVM_REGRESSOR_FIT' 2 4
PROGRESS_REPORT_ELAPSED_TOTAL 'SVM_REGRESSOR_FIT' 3 4
PROGRESS_REPORT_ELAPSED_TOTAL 'SVM_REGRESSOR_FIT' 4 4
MCU_DEPLOY_REGRESSION_CODE step 5
TREE_JSON_DUMP_START
{
	"metadata" : { "model" : "Vapnik_SVR_RBF", "version" : "2024-W03"},
	"options" : {"svm_type" : "epsilon_svr", "kernel" : "rbf", "degree" : 3, "gamma" : 7.3990456e-08, "coef0" : 0, "cache_size" : 10240, "tol" : 0.001, "nu" : 0.5, "epsilon" : 0.1, "shrinking" : 0, "probability" : 0, "C" : 1 },
	"svm_model" : {
	"classes" : 2,
	"L" : 64,
	"SupportVectors" : {
		"SV_00" : [ -121.91, 36.630001, 42, 817, 194, 391, 193, 2.1775999, 0 ],
		"SV_01" : [ -121.43, 38.66, 35, 1814, 367, 1076, 372, 2.7179, 0 ],
		"SV_02" : [ -121.58, 39.5, 29, 1947, 383, 925, 337, 2.1658001, 0 ],
		"SV_03" : [ -120.24, 39.349998, 8, 4195, 725, 291, 115, 3.4791999, 0 ],
		"SV_04" : [ -122.02, 38.369999, 16, 2495, 331, 1118, 338, 6.4893999, 0 ],
		"SV_05" : [ -122.01, 37.18, 37, 3852, 652, 1534, 567, 5.8596001, 0 ],
		"SV_06" : [ -117.7, 33.5, 4, 2351, 445, 834, 397, 5.5676999, 0 ],
		"SV_07" : [ -117.41, 33.959999, 27, 2341, 418, 1272, 415, 3.0208001, 0 ],
		"SV_08" : [ -122.45, 37.669998, 36, 1664, 326, 963, 322, 4.7813001, 0 ],
		"SV_09" : [ -122.73, 38.439999, 35, 1120, 297, 659, 274, 2.3824, 0 ],
		"SV_10" : [ -121.92, 37.48, 23, 4314, 676, 1972, 623, 5.3813, 0 ],
		"SV_11" : [ -122.44, 37.779999, 52, 1118, 279, 514, 284, 2.4196, 0 ],
		"SV_12" : [ -118.29, 33.93, 32, 1815, 488, 1715, 475, 1.7244, 0 ],
		"SV_13" : [ -121.79, 38, 34, 3090, 593, 1588, 566, 3.6118, 0 ],
		"SV_14" : [ -116.96, 33.73, 20, 4735, 973, 2306, 904, 3.069, 0 ],
		"SV_15" : [ -121.31, 38.259998, 22, 1768, 396, 1005, 420, 1.8846, 0 ],
		"SV_16" : [ -118.11, 33.970001, 33, 2125, 500, 1672, 476, 3.6396999, 0 ],
		"SV_17" : [ -118.28, 34.040001, 19, 460, 241, 890, 229, 1.6089, 0 ],
		"SV_18" : [ -122.04, 37.529999, 25, 4458, 922, 2998, 890, 3.9667001, 0 ],
		"SV_19" : [ -121.77, 36.709999, 18, 6601, 1395, 3562, 1299, 3.5120001, 0 ],
		"SV_20" : [ -117.23, 33.380001, 18, 3339, 704, 1727, 652, 2.8392999, 0 ],
		"SV_21" : [ -122.12, 38.009998, 50, 1738, 355, 837, 363, 3.609, 0 ],
		"SV_22" : [ -122.2, 37.82, 37, 1229, 181, 420, 176, 7.0174999, 0 ],
		"SV_23" : [ -118.42, 34.040001, 46, 1508, 276, 639, 273, 4.9250002, 0 ],
		"SV_24" : [ -117.71, 33.639999, 14, 2945, 356, 1293, 335, 8.1110001, 0 ],
		"SV_25" : [ -118.12, 33.939999, 33, 2206, 393, 973, 364, 4.6750002, 0 ],
		"SV_26" : [ -118.36, 34.029999, 43, 1690, 379, 1017, 359, 2.1078, 0 ],
		"SV_27" : [ -118.34, 33.889999, 36, 2392, 444, 1346, 445, 6.0088, 0 ],
		"SV_28" : [ -121.43, 38.619999, 36, 1765, 438, 1008, 382, 2.0639, 0 ],
		"SV_29" : [ -121.94, 38.360001, 2, 4953, 735, 1791, 562, 5.0345998, 0 ],
		"SV_30" : [ -119.99, 36.799999, 45, 1270, 242, 598, 214, 3.2813001, 0 ],
		"SV_31" : [ -117.32, 33.799999, 11, 3196, 576, 1757, 552, 4.0981998, 0 ],
		"SV_32" : [ -117.43, 34.099998, 34, 1345, 265, 834, 290, 3.7011001, 0 ],
		"SV_33" : [ -121.43, 37.73, 40, 1718, 391, 1312, 388, 2.9955001, 0 ],
		"SV_34" : [ -116.97, 32.650002, 4, 16450, 2833, 7985, 2683, 5.6630998, 0 ],
		"SV_35" : [ -121.48, 38.549999, 52, 1684, 309, 675, 296, 4.1466999, 0 ],
		"SV_36" : [ -122.19, 37.830002, 28, 1326, 184, 463, 190, 8.2048998, 0 ],
		"SV_37" : [ -116.98, 33.939999, 27, 3459, 640, 1760, 654, 3.4545, 0 ],
		"SV_38" : [ -118.17, 33.959999, 25, 3297, 1066, 5027, 1041, 2.2816999, 0 ],
		"SV_39" : [ -118.2, 33.790001, 47, 767, 195, 569, 195, 2.9514, 0 ],
		"SV_40" : [ -122.05, 37.900002, 24, 4125, 1020, 1699, 873, 2.9526, 0 ],
		"SV_41" : [ -117.11, 32.73, 34, 1096, 221, 574, 223, 3.8355, 0 ],
		"SV_42" : [ -122.6, 38.93, 16, 1657, 390, 572, 301, 1.4766999, 0 ],
		"SV_43" : [ -117.72, 33.43, 5, 1889, 359, 616, 246, 3.8992, 0 ],
		"SV_44" : [ -118.95, 34.18, 25, 2237, 331, 1121, 365, 6.0994, 0 ],
		"SV_45" : [ -117.17, 32.740002, 38, 5054, 1168, 2366, 1103, 2.9421999, 0 ],
		"SV_46" : [ -117.99, 33.68, 13, 4000, 883, 1999, 881, 4.7245002, 0 ],
		"SV_47" : [ -116.21, 33.709999, 19, 3114, 787, 3157, 772, 1.7083, 0 ],
		"SV_48" : [ -122.22, 37.84, 50, 2935, 473, 1031, 479, 7.5, 0 ],
		"SV_49" : [ -117.4, 34.09, 5, 6190, 993, 3615, 963, 4.4033999, 0 ],
		"SV_50" : [ -118.32, 33.900002, 35, 3189, 680, 1882, 651, 3.6624999, 0 ],
		"SV_51" : [ -117.39, 34.07, 26, 1387, 277, 664, 239, 3.0278001, 0 ],
		"SV_52" : [ -121.44, 38.52, 36, 3446, 950, 2460, 847, 1.6521, 0 ],
		"SV_53" : [ -118.39, 33.880001, 31, 1448, 244, 607, 259, 8.1513004, 0 ],
		"SV_54" : [ -121.37, 38.57, 16, 3895, 896, 1762, 855, 2.6635001, 0 ],
		"SV_55" : [ -116.48, 33.959999, 11, 1381, 300, 644, 248, 2.3382001, 0 ],
		"SV_56" : [ -117.25, 32.73, 38, 1840, 291, 633, 283, 4.9124999, 0 ],
		"SV_57" : [ -117.05, 32.799999, 16, 1561, 378, 574, 350, 3.0035, 0 ],
		"SV_58" : [ -118.36, 33.880001, 26, 1375, 286, 829, 278, 3.9844, 0 ],
		"SV_59" : [ -118.21, 34.099998, 36, 2000, 533, 1234, 535, 3.7437, 0 ],
		"SV_60" : [ -117.14, 32.700001, 43, 1126, 289, 1132, 294, 2.1875, 0 ],
		"SV_61" : [ -117.94, 33.889999, 30, 2577, 404, 1076, 374, 6.7528, 0 ],
		"SV_62" : [ -118.42, 33.959999, 44, 1282, 216, 494, 209, 5.618, 0 ],
		"SV_63" : [ -117.95, 34.040001, 27, 2610, 846, 2296, 750, 2.2739999, 0 ]
	},
	"SupportVectorsCoefs" : {
		"SV_coef_0" : [ 1, -1, -1, 1, 1, 1, 1, -1, 1, -1, 1, 1, -1, -1, -1, -1, -1, -1, 1, -1, -1, -1, 1, 1, 1, 1, -1, 1, -1, 1, -1, -1, -1, -1, 1, 1, 1, -1, -1, 1, 1, -1, -1, 1, 1, 1, 1, -1, 1, -1, 1, -1, -1, 1, -1, -1, 1, -1, 1, 1, -1, 1, 1, -1 ]
	},
	"rho" : [ -174903.44 ],
	"nSV" : [ ],
	"probA" : [ ],
	"probB" : [ ],
	"n_iter" : [ 35 ],
	"sv_ind" : [ 0, 1, 2, 3, 4, 5, 6, 7, 8, 9, 10, 11, 12, 13, 14, 15, 16, 17, 18, 19, 20, 21, 22, 23, 24, 25, 26, 27, 28, 29, 30, 31, 32, 33, 34, 35, 36, 37, 38, 39, 40, 41, 42, 43, 44, 45, 46, 47, 48, 49, 50, 51, 52, 53, 54, 55, 56, 57, 58, 59, 60, 61, 62, 63 ]
}
}
TREE_JSON_DUMP_END
MCU_DEPLOY_REGRESSION_CODE step 6
MCU_DEPLOY_REGRESSION_CODE step 7
MLLITE_AUTO_DEPLOY_CALIFORNIA_HOUSING_SMALL_APPLY_OUTPUT_REG  [ 174903.33, 174903.31, 174903.59, 174905.77, 174903.88,  ... , 174903.22, 174902.78, 174903.98, 174903.53, 174902.39 ]
MLLITE_AUTO_DEPLOY_CALIFORNIA_HOUSING_SMALL_REG_PERFS { "count" : 64, "rmse" : 113195.61, "mape" : 0.50207114, "R2" : -0.067961812 }
This will be printed
MCU_DEPLOY_REGRESSION_CODE step 8
MCU_DEPLOY_REGRESSION_CODE done
MLLITE_MCU_TIMER_OPERATION_ELAPSED_SECONDS 'MLLITE.MCU_DEPLOY.REGRESSION.Vapnik_SVR_RBF.CALIFORNIA_HOUSING_SMALL' 0
MLLITE_MCU_TIMER_OPERATION_END 'MLLITE.MCU_DEPLOY.REGRESSION.Vapnik_SVR_RBF.CALIFORNIA_HOUSING_SMALL' [ 'Tue Jan 23 09:44:26 2024' ]
MCU_DEPLOY_ON_TARGET_X86_64_END
