MCU_DEPLOY_ON_TARGET_X86_64_START
MLLITE_MCU_TIMER_OPERATION_START 'MLLITE.MCU_DEPLOY.REGRESSION.Vapnik_SVR_RBF.FREIDMAN3_SMALL' [ 'Tue Jan 23 09:44:26 2024' ]
MLLite starting
MCU_DEPLOY_REGRESSION_CODE step 1
MCU_DEPLOY_REGRESSION_CODE step 2
MCU_DEPLOY_REGRESSION_CODE step 3
MCU_DEPLOY_REGRESSION_MODEL_OPTIONS
{"svm_type" : "c_svc", "kernel" : "rbf", "degree" : 3, "gamma" : 0, "coef0" : 0, "cache_size" : 10240, "tol" : 0.001, "nu" : 0.5, "epsilon" : 0, "shrinking" : 0, "probability" : 1, "C" : 1 }
MCU_DEPLOY_REGRESSION_CODE step 4
PROGRESS_REPORT_ELAPSED_TOTAL 'SVM_REGRESSOR_FIT' 1 4
PROGRESS_REPORT_ELAPSED_TOTAL 'SVM_REGRESSOR_FIT' 2 4
PROGRESS_REPORT_ELAPSED_TOTAL 'SVM_REGRESSOR_FIT' 3 4
PROGRESS_REPORT_ELAPSED_TOTAL 'SVM_REGRESSOR_FIT' 4 4
MCU_DEPLOY_REGRESSION_CODE step 5
TREE_JSON_DUMP_START
{
	"metadata" : { "model" : "Vapnik_SVR_RBF", "version" : "2024-W03"},
	"options" : {"svm_type" : "epsilon_svr", "kernel" : "rbf", "degree" : 3, "gamma" : 1.473315e-06, "coef0" : 0, "cache_size" : 10240, "tol" : 0.001, "nu" : 0.5, "epsilon" : 0.1, "shrinking" : 0, "probability" : 0, "C" : 1 },
	"svm_model" : {
	"classes" : 2,
	"L" : 26,
	"SupportVectors" : {
		"SV_00" : [ 45.437614, 168.8412, 0.34381741, 3.2799625 ],
		"SV_01" : [ 69.79232, 473.44794, 0.23354627, 3.4110725 ],
		"SV_02" : [ 52.067585, 534.25616, 0.15516393, 8.5265379 ],
		"SV_03" : [ 34.347893, 205.92812, 0.72002012, 9.4146776 ],
		"SV_04" : [ 13.280704, 643.7168, 0.52081394, 4.8420787 ],
		"SV_05" : [ 7.6063437, 1112.2266, 0.73276085, 6.1403751 ],
		"SV_06" : [ 38.088467, 1321.2975, 0.052940726, 10.429984 ],
		"SV_07" : [ 75.648438, 442.5603, 0.035123195, 1.3341463 ],
		"SV_08" : [ 85.409492, 865.74768, 0.0021067858, 1.6571081 ],
		"SV_09" : [ 7.7376323, 682.63812, 0.94332987, 1.5690795 ],
		"SV_10" : [ 22.116344, 1162.774, 0.67574018, 4.9345918 ],
		"SV_11" : [ 65.455681, 755.86475, 0.99068099, 3.4557617 ],
		"SV_12" : [ 11.179132, 444.20483, 0.20222023, 7.8095369 ],
		"SV_13" : [ 78.244774, 702.2146, 0.1832118, 9.4345274 ],
		"SV_14" : [ 18.503828, 532.34448, 0.72185099, 10.655538 ],
		"SV_15" : [ 97.541664, 130.00923, 0.36612737, 5.345118 ],
		"SV_16" : [ 13.316919, 1592.9586, 0.99356592, 7.9467607 ],
		"SV_17" : [ 44.357746, 674.88531, 0.2202685, 3.0323114 ],
		"SV_18" : [ 39.016674, 895.29468, 0.99203134, 3.3338661 ],
		"SV_19" : [ 81.412109, 1254.3744, 0.19422613, 8.1647615 ],
		"SV_20" : [ 39.873802, 428.04825, 0.23538397, 2.1760433 ],
		"SV_21" : [ 44.762737, 1255.2015, 0.59154648, 2.7542467 ],
		"SV_22" : [ 85.125381, 1049.0269, 0.039135717, 3.1868987 ],
		"SV_23" : [ 48.198017, 353.10425, 0.72514343, 10.405507 ],
		"SV_24" : [ 17.373148, 483.68024, 0.68522871, 2.7280436 ],
		"SV_25" : [ 7.3219814, 487.75284, 0.99331743, 5.3409562 ]
	},
	"SupportVectorsCoefs" : {
		"SV_coef_0" : [ -1, -1, -1, 1, 1, 1, -1, -1, -1, 1, 1, 0.29412559, 0.95246255, -1, 1, -1, 0.69502693, -1, 0.58828455, -1, -1, 0.47010055, -1, 1, 1, 1 ]
	},
	"rho" : [ -1.2757839 ],
	"nSV" : [ ],
	"probA" : [ ],
	"probB" : [ ],
	"n_iter" : [ 77 ],
	"sv_ind" : [ 1, 2, 5, 7, 10, 11, 15, 18, 23, 24, 25, 27, 29, 35, 37, 39, 40, 42, 46, 47, 55, 56, 58, 61, 62, 63 ]
}
}
TREE_JSON_DUMP_END
MCU_DEPLOY_REGRESSION_CODE step 6
MCU_DEPLOY_REGRESSION_CODE step 7
MLLITE_AUTO_DEPLOY_FREIDMAN3_SMALL_APPLY_OUTPUT_REG  [ 1.3268783, 1.1262616, 1.2889965, 1.3903046, 1.4040792,  ... , 1.4119542, 1.4423034, 1.2467771, 1.3604987, 1.3753872 ]
MLLITE_AUTO_DEPLOY_FREIDMAN3_SMALL_REG_PERFS { "count" : 64, "rmse" : 0.2809844, "mape" : 1.1915388, "R2" : 0.19245577 }
This will be printed
MCU_DEPLOY_REGRESSION_CODE step 8
MCU_DEPLOY_REGRESSION_CODE done
MLLITE_MCU_TIMER_OPERATION_ELAPSED_SECONDS 'MLLITE.MCU_DEPLOY.REGRESSION.Vapnik_SVR_RBF.FREIDMAN3_SMALL' 0
MLLITE_MCU_TIMER_OPERATION_END 'MLLITE.MCU_DEPLOY.REGRESSION.Vapnik_SVR_RBF.FREIDMAN3_SMALL' [ 'Tue Jan 23 09:44:26 2024' ]
MCU_DEPLOY_ON_TARGET_X86_64_END
