MCU_DEPLOY_ON_TARGET_X86_64_START
MLLITE_MCU_TIMER_OPERATION_START 'MLLITE.MCU_DEPLOY.REGRESSION.Vapnik_NuSVR_RBF.CALIFORNIA_HOUSING_ORIGINAL' [ 'Thu Jan 25 12:03:18 2024' ]
MLLite starting
MCU_DEPLOY_REGRESSION_CODE CREATE_DATASET_STEP
MCU_DEPLOY_REGRESSION_CODE CREATE_MODEL_STEP
MCU_DEPLOY_REGRESSION_MODEL_OPTIONS
{"svm_type" : "c_svc", "kernel" : "rbf", "degree" : 3, "gamma" : 0, "coef0" : 0, "cache_size" : 10240, "tol" : 0.001, "nu" : 1, "epsilon" : 0, "shrinking" : 0, "probability" : 1, "C" : 1, "max_iter" : 30, "random_state" : 1789 }
MCU_DEPLOY_REGRESSION_CODE FIT_MODEL_STEP
PROGRESS_REPORT_ELAPSED_TOTAL 'SVM_NU_REGRESSOR_FIT' 1 4
PROGRESS_REPORT_ELAPSED_TOTAL 'SVM_NU_REGRESSOR_FIT' 2 4
PROGRESS_REPORT_ELAPSED_TOTAL 'SVM_NU_REGRESSOR_FIT' 3 4
PROGRESS_REPORT_ELAPSED_TOTAL 'SVM_SOLVER_ITERATION:NuSVR_Global' 3 30
PROGRESS_REPORT_ELAPSED_TOTAL 'SVM_SOLVER_ITERATION:NuSVR_Global' 6 30
PROGRESS_REPORT_ELAPSED_TOTAL 'SVM_SOLVER_ITERATION:NuSVR_Global' 9 30
PROGRESS_REPORT_ELAPSED_TOTAL 'SVM_SOLVER_ITERATION:NuSVR_Global' 12 30
PROGRESS_REPORT_ELAPSED_TOTAL 'SVM_SOLVER_ITERATION:NuSVR_Global' 15 30
PROGRESS_REPORT_ELAPSED_TOTAL 'SVM_SOLVER_ITERATION:NuSVR_Global' 18 30
PROGRESS_REPORT_ELAPSED_TOTAL 'SVM_SOLVER_ITERATION:NuSVR_Global' 21 30
PROGRESS_REPORT_ELAPSED_TOTAL 'SVM_SOLVER_ITERATION:NuSVR_Global' 24 30
PROGRESS_REPORT_ELAPSED_TOTAL 'SVM_SOLVER_ITERATION:NuSVR_Global' 27 30
PROGRESS_REPORT_ELAPSED_TOTAL 'SVM_SOLVER_ITERATION:NuSVR_Global' 30 30
PROGRESS_REPORT_ELAPSED_TOTAL 'SVM_NU_REGRESSOR_FIT' 4 4
MCU_DEPLOY_REGRESSION_CODE MODEL_JSON_EXPORT_STEP
MODEL_JSON_DUMP_START
{
	"metadata" : { "model" : "Vapnik_NuSVR_RBF", "version" : "2024-W03"},
	"options" : {"svm_type" : "nu_svr", "kernel" : "rbf", "degree" : 3, "gamma" : 7.6506019e-08, "coef0" : 0, "cache_size" : 10240, "tol" : 0.001, "nu" : 1, "epsilon" : 0, "shrinking" : 0, "probability" : 0, "C" : 1, "max_iter" : 30, "random_state" : 1789 },
	"svm_model" : {
	"classes" : 2,
	"L" : 60,
	"SupportVectors" : {
		"SV_00" : [ -122.29, 37.810001, 46, 12, 4, 18, 7, 0.49990001, 0 ],
		"SV_01" : [ -121.77, 39.66, 20, 3759, 0, 1705, 600, 4.7119999, 0 ],
		"SV_02" : [ -121.39, 39.389999, 52, 189, 34, 121, 37, 3.0208001, 0 ],
		"SV_03" : [ -122.09, 37.939999, 29, 6895, 1022, 2634, 1022, 6.1922002, 0 ],
		"SV_04" : [ -122.01, 37.91, 21, 10093, 1269, 3645, 1219, 7.6876998, 0 ],
		"SV_05" : [ -122.08, 37.869999, 24, 6130, 1359, 1750, 1286, 2.9166999, 0 ],
		"SV_06" : [ -119.83, 36.720001, 28, 60, 10, 46, 13, 4.3499999, 0 ],
		"SV_07" : [ -119.86, 36.810001, 4, 4530, 1070, 1804, 837, 3.3942001, 0 ],
		"SV_08" : [ -119.81, 36.830002, 19, 6789, 1200, 2325, 1109, 4.0489998, 0 ],
		"SV_09" : [ -119.77, 36.91, 3, 7520, 1143, 2878, 1077, 5.3271999, 0 ],
		"SV_10" : [ -119.55, 36.509998, 46, 55, 11, 26, 5, 4.125, 0 ],
		"SV_11" : [ -124.06, 40.860001, 34, 4183, 0, 1891, 669, 3.2216001, 0 ],
		"SV_12" : [ -119.04, 35.32, 20, 37, 11, 34, 8, 1.2, 0 ],
		"SV_13" : [ -118.66, 35.200001, 7, 9664, 1692, 3617, 1370, 4.0581002, 0 ],
		"SV_14" : [ -118.43, 34.150002, 28, 6270, 1706, 2549, 1497, 3.2241001, 0 ],
		"SV_15" : [ -118.3, 34.099998, 29, 3403, 1367, 3432, 1174, 1.7083, 0 ],
		"SV_16" : [ -118.3, 34.080002, 34, 1562, 651, 1774, 559, 1.5685, 0 ],
		"SV_17" : [ -118.44, 34.040001, 49, 32, 7, 14, 7, 2.1875, 0 ],
		"SV_18" : [ -118.26, 34.18, 32, 14556, 2077, 5459, 2017, 8.1657, 0 ],
		"SV_19" : [ -118.33, 33.77, 33, 4244, 595, 1534, 557, 9.8213997, 0 ],
		"SV_20" : [ -118.67, 34.16, 17, 16544, 2206, 6214, 2118, 9.1227999, 0 ],
		"SV_21" : [ -118.74, 34.049999, 19, 3487, 686, 2782, 584, 7.9183998, 0 ],
		"SV_22" : [ -118.88, 34.02, 19, 15990, 2611, 5175, 2173, 7.7848001, 0 ],
		"SV_23" : [ -118.78, 34.049999, 28, 1343, 215, 487, 199, 6.8299999, 0 ],
		"SV_24" : [ -117.84, 34.630001, 5, 6739, 1251, 4614, 1266, 4.0019999, 0 ],
		"SV_25" : [ -118.1, 34.700001, 5, 10356, 1647, 4562, 1427, 4.9805999, 0 ],
		"SV_26" : [ -117.92, 34.630001, 34, 81, 26, 53, 14, 1.4091001, 0 ],
		"SV_27" : [ -118.16, 34.599998, 2, 11008, 1549, 4098, 1367, 6.4864998, 0 ],
		"SV_28" : [ -122.56, 38.060001, 19, 15622, 2721, 6109, 2615, 5.0964999, 0 ],
		"SV_29" : [ -119.81, 37.669998, 24, 172, 42, 79, 30, 3.8333001, 0 ],
		"SV_30" : [ -117.65, 33.529999, 7, 6814, 785, 2175, 681, 10.49, 0 ],
		"SV_31" : [ -117.68, 33.57, 2, 10008, 1453, 3550, 1139, 10.1122, 0 ],
		"SV_32" : [ -117.81, 33.560001, 24, 6258, 1003, 1730, 752, 10.9601, 0 ],
		"SV_33" : [ -117.22, 33.869999, 16, 56, 7, 39, 14, 2.625, 0 ],
		"SV_34" : [ -121.32, 38.689999, 11, 13796, 2372, 6000, 2250, 3.8776, 0 ],
		"SV_35" : [ -117.17, 34.119999, 3, 15695, 2248, 6080, 1920, 6.2178001, 0 ],
		"SV_36" : [ -117.08, 34.080002, 34, 45, 11, 39, 14, 3.0625, 0 ],
		"SV_37" : [ -117.21, 32.810001, 27, 1318, 216, 495, 191, 5.2837, 0 ],
		"SV_38" : [ -117.01, 32.810001, 21, 4203, 618, 1620, 600, 5.3441, 0 ],
		"SV_39" : [ -122.41, 37.799999, 52, 3260, 1535, 3260, 1457, 0.89999998, 0 ],
		"SV_40" : [ -122.39, 37.799999, 25, 4561, 1474, 1525, 1169, 4.5581002, 0 ],
		"SV_41" : [ -122.44, 37.799999, 52, 3830, 0, 1310, 963, 3.4800999, 0 ],
		"SV_42" : [ -122.47, 37.810001, 45, 6927, 1258, 4715, 1165, 3.4051001, 0 ],
		"SV_43" : [ -122.5, 37.790001, 52, 8, 1, 13, 1, 15.0001, 0 ],
		"SV_44" : [ -120.67, 35.299999, 19, 1540, 715, 1799, 635, 0.70249999, 0 ],
		"SV_45" : [ -122.39, 37.59, 32, 4497, 0, 1846, 715, 6.1322999, 0 ],
		"SV_46" : [ -122.37, 37.560001, 21, 7189, 874, 2440, 846, 11.6833, 0 ],
		"SV_47" : [ -122.33, 37.560001, 34, 6394, 1619, 2400, 1496, 3.4902, 0 ],
		"SV_48" : [ -122.28, 37.490002, 25, 7335, 1157, 2626, 1049, 6.5475001, 0 ],
		"SV_49" : [ -122.14, 37.5, 46, 30, 4, 13, 5, 15.0001, 0 ],
		"SV_50" : [ -121.9, 37.389999, 42, 42, 14, 26, 14, 1.7361, 0 ],
		"SV_51" : [ -121.87, 37.459999, 43, 91, 12, 58, 16, 15.0001, 0 ],
		"SV_52" : [ -121.98, 37.220001, 46, 10088, 1910, 3728, 1781, 5.2321, 0 ],
		"SV_53" : [ -122.14, 37.360001, 23, 11294, 1377, 3840, 1367, 12.1387, 0 ],
		"SV_54" : [ -122.11, 37.310001, 7, 189, 26, 84, 29, 13.8093, 0 ],
		"SV_55" : [ -121.75, 36.959999, 19, 3461, 634, 2790, 607, 4.7568998, 0 ],
		"SV_56" : [ -118.94, 34.240002, 5, 10018, 1233, 4253, 1120, 8.9062996, 0 ],
		"SV_57" : [ -118.8, 34.189999, 4, 15572, 2222, 5495, 2152, 8.6499004, 0 ],
		"SV_58" : [ -118.77, 34.240002, 6, 16222, 2309, 6700, 2080, 6.4963002, 0 ],
		"SV_59" : [ -118.85, 34.27, 50, 187, 33, 130, 35, 3.3438001, 0 ]
	},
	"SupportVectorsCoefs" : {
		"SV_coef_0" : [ -1, -1, -1, -1, -1, -1, -1, -1, -1, -1, -1, -1, -1, -1, -1, -1, -1, -1, 1, 1, 1, 1, 1, 1, -1, -1, -1, -1, -1, -1, 1, 1, 1, 1, -1, -1, 1, -1, -1, 1, 1, 1, 1, 1, 1, 1, 1, 1, 1, 1, 1, 1, 1, 1, 1, -1, 1, 1, -1, 1 ]
	},
	"rho" : [ -257487 ],
	"nSV" : [ ],
	"probA" : [ ],
	"probB" : [ ],
	"n_iter" : [ 30 ],
	"sv_ind" : [ 73, 1097, 1191, 1415, 1511, 1607, 2012, 2207, 2240, 2310, 2510, 2578, 2994, 3147, 4051, 4287, 4341, 5341, 5724, 8814, 9013, 9025, 9027, 9029, 9035, 9048, 9099, 9109, 9286, 9443, 10417, 10519, 10644, 12138, 12957, 13715, 13766, 14573, 14733, 15652, 15653, 15663, 16170, 16171, 16642, 16880, 16911, 16935, 17043, 17118, 17819, 17858, 18041, 18361, 18363, 18689, 20335, 20427, 20440, 20443 ]
}
}
MODEL_JSON_DUMP_END
MCU_DEPLOY_REGRESSION_CODE MODEL_PREDICT_STEP
MLLITE_AUTO_DEPLOY_CALIFORNIA_HOUSING_ORIGINAL_APPLY_OUTPUT_REG  [ 257486.94, 257487.02, 257486.92, 257486.92, 257486.92,  ... , 257486.91, 257486.92, 257486.89, 257486.91, 257486.86 ]
MCU_DEPLOY_REGRESSION_CODE MODEL_COMPUTE_PERF_STEP
MLLITE_AUTO_DEPLOY_CALIFORNIA_HOUSING_ORIGINAL_REG_PERFS { "count" : 20640, "rmse" : 126012.52, "mape" : 0.85309899, "R2" : -0.19254005 }
This will be printed
MCU_DEPLOY_REGRESSION_CODE ALL_STEPS_OK
MCU_DEPLOY_REGRESSION_CODE done
MLLITE_MCU_TIMER_OPERATION_ELAPSED_SECONDS 'MLLITE.MCU_DEPLOY.REGRESSION.Vapnik_NuSVR_RBF.CALIFORNIA_HOUSING_ORIGINAL' 176
MLLITE_MCU_TIMER_OPERATION_END 'MLLITE.MCU_DEPLOY.REGRESSION.Vapnik_NuSVR_RBF.CALIFORNIA_HOUSING_ORIGINAL' [ 'Thu Jan 25 12:06:14 2024' ]
MCU_DEPLOY_ON_TARGET_X86_64_END
EXECUTION_TIME_DETAIL = {'CMD':'timeout 180 ./x86_64/regression/x86_64_regression_svm_nu_california_housing_original.exe', 'ElapsedTimeSecs':(176.58, 1.18, 175.25), 'MAX_MEM_KB':1658304, 'CPU_PRCNT':'99%', 'FILES_IN':0, 'FILES_OUT':24, 'EXIT_STATUS':0}
