MCU_DEPLOY_ON_TARGET_X86_64_START
MLLITE_MCU_TIMER_OPERATION_START 'MLLITE.MCU_DEPLOY.REGRESSION.Vapnik_NuSVR_RBF.DIABETES_MEDIUM' [ 'Tue Jan 23 09:44:27 2024' ]
MLLite starting
MCU_DEPLOY_REGRESSION_CODE step 1
MCU_DEPLOY_REGRESSION_CODE step 2
MCU_DEPLOY_REGRESSION_CODE step 3
MCU_DEPLOY_REGRESSION_MODEL_OPTIONS
{"svm_type" : "c_svc", "kernel" : "rbf", "degree" : 3, "gamma" : 0, "coef0" : 0, "cache_size" : 10240, "tol" : 0.001, "nu" : 1, "epsilon" : 0, "shrinking" : 0, "probability" : 1, "C" : 1 }
MCU_DEPLOY_REGRESSION_CODE step 4
PROGRESS_REPORT_ELAPSED_TOTAL 'SVM_NU_REGRESSOR_FIT' 1 4
PROGRESS_REPORT_ELAPSED_TOTAL 'SVM_NU_REGRESSOR_FIT' 2 4
PROGRESS_REPORT_ELAPSED_TOTAL 'SVM_NU_REGRESSOR_FIT' 3 4
PROGRESS_REPORT_ELAPSED_TOTAL 'SVM_NU_REGRESSOR_FIT' 4 4
MCU_DEPLOY_REGRESSION_CODE step 5
TREE_JSON_DUMP_START
{
	"metadata" : { "model" : "Vapnik_NuSVR_RBF", "version" : "2024-W03"},
	"options" : {"svm_type" : "nu_svr", "kernel" : "rbf", "degree" : 3, "gamma" : 44.200001, "coef0" : 0, "cache_size" : 10240, "tol" : 0.001, "nu" : 1, "epsilon" : 0, "shrinking" : 0, "probability" : 0, "C" : 1 },
	"svm_model" : {
	"classes" : 2,
	"L" : 442,
	"SupportVectors" : {
		"SV_000" : [ 0.038075905, 0.05068012, 0.061696205, 0.021872386, -0.044223499, -0.034820762, -0.043400846, -0.0025922621, 0.019907486, -0.017646125 ],
		"SV_001" : [ -0.0018820165, -0.044641636, -0.051474061, -0.026327528, -0.0084487237, -0.01916334, 0.074411564, -0.039493382, -0.068331547, -0.092204049 ],
		"SV_002" : [ 0.085298903, 0.05068012, 0.044451214, -0.0056704222, -0.045599449, -0.034194466, -0.032355931, -0.0025922621, 0.0028613093, -0.025930339 ],
		"SV_003" : [ -0.089062937, -0.044641636, -0.011595014, -0.036656082, 0.012190569, 0.024990594, -0.036037572, 0.034308858, 0.022687744, -0.0093619116 ],
		"SV_004" : [ 0.0053830603, -0.044641636, -0.036384691, 0.021872386, 0.0039348514, 0.015596139, 0.0081420839, -0.0025922621, -0.031987641, -0.046640873 ],
		"SV_005" : [ -0.092695475, -0.044641636, -0.040695939, -0.019441826, -0.068990648, -0.079287842, 0.041276824, -0.076394506, -0.041176166, -0.096346155 ],
		"SV_006" : [ -0.045472477, 0.05068012, -0.047162812, -0.015998974, -0.040095638, -0.024800012, 0.00077880803, -0.039493382, -0.062916882, -0.038356658 ],
		"SV_007" : [ 0.063503675, 0.05068012, -0.0018947058, 0.066629447, 0.090619884, 0.10891438, 0.022868635, 0.017703354, -0.035816193, 0.0030644094 ],
		"SV_008" : [ 0.041708443, 0.05068012, 0.061696205, -0.040098932, -0.013952536, 0.0062016859, -0.028674295, -0.0025922621, -0.014959694, 0.011348623 ],
		"SV_009" : [ -0.070900247, -0.044641636, 0.039062154, -0.033213232, -0.012576583, -0.034507614, -0.024992656, -0.0025922621, 0.06773705, -0.013504018 ],
		"SV_010" : [ -0.096328013, -0.044641636, -0.083808422, 0.0081009818, -0.10338947, -0.090561189, -0.013947743, -0.076394506, -0.062916882, -0.034214552 ],
		"SV_011" : [ 0.027178291, 0.05068012, 0.017505912, -0.033213232, -0.0070727714, 0.045971539, -0.065490671, 0.071209982, -0.096434951, -0.059067193 ],
		"SV_012" : [ 0.016280675, -0.044641636, -0.028840007, -0.0091132736, -0.0043208655, -0.0097688856, 0.044958461, -0.039493382, -0.030747918, -0.042498767 ],
		"SV_013" : [ 0.0053830603, 0.05068012, -0.0018947058, 0.0081009818, -0.0043208655, -0.015718706, -0.0029028298, -0.0025922621, 0.03839393, -0.013504018 ],
		"SV_014" : [ 0.045340985, -0.044641636, -0.025606571, -0.012556124, 0.01769438, -6.1283579e-05, 0.081774838, -0.039493382, -0.031987641, -0.075635619 ],
		"SV_015" : [ -0.052737556, 0.05068012, -0.018061887, 0.080400854, 0.089243926, 0.10766178, -0.039719209, 0.1081111, 0.036060333, -0.042498767 ],
		"SV_016" : [ -0.0055145551, -0.044641636, 0.04229559, 0.049415193, 0.024574144, -0.023860566, 0.074411564, -0.039493382, 0.052276991, 0.027917052 ],
		"SV_017" : [ 0.070768751, 0.05068012, 0.012116851, 0.056300893, 0.034205813, 0.049416173, -0.039719209, 0.034308858, 0.027364049, -0.0010776975 ],
		"SV_018" : [ -0.038207401, -0.044641636, -0.010517202, -0.036656082, -0.037343733, -0.019476488, -0.028674295, -0.0025922621, -0.018113693, -0.017646125 ],
		"SV_019" : [ -0.027309787, -0.044641636, -0.018061887, -0.040098932, -0.0029449128, -0.011334628, 0.037595186, -0.039493382, -0.0089433957, -0.054925088 ],
		"SV_020" : [ -0.049105015, -0.044641636, -0.056863122, -0.043541782, -0.045599449, -0.04327577, 0.00077880803, -0.039493382, -0.011896851, 0.01549073 ],
		"SV_021" : [ -0.085430399, 0.05068012, -0.022373136, 0.0012152797, -0.037343733, -0.026365755, 0.01550536, -0.039493382, -0.072132751, -0.017646125 ],
		"SV_022" : [ -0.085430399, -0.044641636, -0.0040503298, -0.0091132736, -0.0029449128, 0.0077674282, 0.022868635, -0.039493382, -0.061175801, -0.013504018 ],
		"SV_023" : [ 0.045340985, 0.05068012, 0.060618393, 0.031064797, 0.028702004, -0.0473467, -0.054445758, 0.071209982, 0.13359728, 0.13561183 ],
		"SV_024" : [ -0.06363517, -0.044641636, 0.035828717, -0.022884678, -0.030463969, -0.018850191, -0.0065844678, -0.0025922621, -0.02595311, -0.054925088 ],
		"SV_025" : [ -0.067267708, 0.05068012, -0.012672827, -0.040098932, -0.015328488, 0.0046359436, -0.058127396, 0.034308858, 0.019196469, -0.034214552 ],
		"SV_026" : [ -0.10722563, -0.044641636, -0.077341549, -0.026327528, -0.089629941, -0.096197858, 0.026550272, -0.076394506, -0.042570855, -0.0052198046 ],
		"SV_027" : [ -0.023677247, -0.044641636, 0.059540581, -0.040098932, -0.042847544, -0.043588921, 0.011823721, -0.039493382, -0.015998872, 0.04034337 ],
		"SV_028" : [ 0.052606061, -0.044641636, -0.021295324, -0.074527442, -0.040095638, -0.0376391, -0.0065844678, -0.039493382, -0.00061173533, -0.054925088 ],
		"SV_029" : [ 0.067136213, 0.05068012, -0.0062059541, 0.063186601, -0.042847544, -0.095884711, 0.052321736, -0.076394506, 0.059423622, 0.052769691 ],
		"SV_030" : [ -0.060002632, -0.044641636, 0.044451214, -0.019441826, -0.0098246774, -0.0075768465, 0.022868635, -0.039493382, -0.027129022, -0.0093619116 ],
		"SV_031" : [ -0.023677247, -0.044641636, -0.065485619, -0.081413142, -0.038719688, -0.053609669, 0.059685014, -0.076394506, -0.03712884, -0.042498767 ],
		"SV_032" : [ 0.034443367, 0.05068012, 0.12528712, 0.028758088, -0.05385517, -0.01290037, -0.10230705, 0.1081111, 0.00027247815, 0.027917052 ],
		"SV_033" : [ 0.030810829, -0.044641636, -0.050396249, -0.0022275713, -0.044223499, -0.089934893, 0.11859122, -0.076394506, -0.018113693, 0.0030644094 ],
		"SV_034" : [ 0.016280675, -0.044641636, -0.063329995, -0.057313185, -0.057983026, -0.048912443, 0.0081420839, -0.039493382, -0.059471183, -0.067351408 ],
		"SV_035" : [ 0.048973523, 0.05068012, -0.030995632, -0.049291342, 0.049341295, -0.0041322135, 0.13331777, -0.053515811, 0.021311289, 0.019632837 ],
		"SV_036" : [ 0.012648137, -0.044641636, 0.022894971, 0.052858043, 0.0080627101, -0.028557794, 0.037595186, -0.039493382, 0.054719973, -0.025930339 ],
		"SV_037" : [ -0.0091470936, -0.044641636, 0.011039039, -0.057313185, -0.024960158, -0.042962622, 0.03023191, -0.039493382, 0.017036071, -0.0052198046 ],
		"SV_038" : [ -0.0018820165, 0.05068012, 0.071396515, 0.097615108, 0.087867975, 0.075407498, -0.021311019, 0.071209982, 0.071428873, 0.023774944 ],
		"SV_039" : [ -0.0018820165, 0.05068012, 0.014272476, -0.074527442, 0.0025588986, 0.0062016859, -0.013947743, -0.0025922621, 0.019196469, 0.0030644094 ],
		"SV_040" : [ 0.0053830603, 0.05068012, -0.008361578, 0.021872386, 0.054845106, 0.073215455, -0.024992656, 0.034308858, 0.012551195, 0.094190761 ],
		"SV_041" : [ -0.099960558, -0.044641636, -0.067641243, -0.10895595, -0.074494459, -0.072711729, 0.01550536, -0.039493382, -0.049872451, -0.0093619116 ],
		"SV_042" : [ -0.060002632, 0.05068012, -0.010517202, -0.014862834, -0.049727309, -0.023547418, -0.058127396, 0.015858298, -0.0099187652, -0.034214552 ],
		"SV_043" : [ 0.019913213, -0.044641636, -0.023450946, -0.071084589, 0.020446286, -0.010082034, 0.11859122, -0.076394506, -0.042570855, 0.073480226 ],
		"SV_044" : [ 0.045340985, 0.05068012, 0.068163082, 0.0081009818, -0.016704442, 0.0046359436, -0.076535583, 0.071209982, 0.032432325, -0.017646125 ],
		"SV_045" : [ 0.027178291, 0.05068012, -0.035306878, 0.03220094, -0.01120063, 0.0015044587, -0.010266106, -0.0025922621, -0.014959694, -0.050782982 ],
		"SV_046" : [ -0.056370094, -0.044641636, -0.011595014, -0.033213232, -0.046975404, -0.047659852, 0.0044604456, -0.039493382, -0.007977142, -0.088061944 ],
		"SV_047" : [ -0.078165323, -0.044641636, -0.0730303, -0.057313185, -0.08412613, -0.074277468, -0.024992656, -0.039493382, -0.018113693, -0.083919838 ],
		"SV_048" : [ 0.067136213, 0.05068012, -0.041773751, 0.011543833, 0.0025588986, 0.005888537, 0.041276824, -0.039493382, -0.059471183, -0.021788232 ],
		"SV_049" : [ -0.041839939, 0.05068012, 0.014272476, -0.0056704222, -0.012576583, 0.0062016859, -0.072853945, 0.071209982, 0.035458703, -0.013504018 ],
		"SV_050" : [ 0.034443367, -0.044641636, -0.0072837663, 0.014986684, -0.044223499, -0.037325952, -0.0029028298, -0.039493382, -0.021395309, 0.0072065163 ],
		"SV_051" : [ 0.059871137, 0.05068012, 0.0164281, 0.028758088, -0.041471593, -0.02918409, -0.028674295, -0.0025922621, -0.0023983933, -0.021788232 ],
		"SV_052" : [ -0.052737556, -0.044641636, -0.0094393902, -0.0056704222, 0.039709628, 0.044718947, 0.026550272, -0.0025922621, -0.018113693, -0.013504018 ],
		"SV_053" : [ -0.0091470936, -0.044641636, -0.015906263, 0.070072301, 0.012190569, 0.022172257, 0.01550536, -0.0025922621, -0.033245593, 0.048627585 ],
		"SV_054" : [ -0.049105015, -0.044641636, 0.025050595, 0.0081009818, 0.020446286, 0.017788179, 0.052321736, -0.039493382, -0.041176166, 0.0072065163 ],
		"SV_055" : [ -0.041839939, -0.044641636, -0.049318437, -0.036656082, -0.0070727714, -0.022607973, 0.085456476, -0.039493382, -0.066490196, 0.0072065163 ],
		"SV_056" : [ -0.041839939, -0.044641636, 0.041217778, -0.026327528, -0.031839922, -0.030436683, -0.036037572, 0.0029429062, 0.033653814, -0.017646125 ],
		"SV_057" : [ -0.027309787, -0.044641636, -0.063329995, -0.050427485, -0.089629941, -0.10433972, 0.052321736, -0.076394506, -0.056153104, -0.067351408 ],
		"SV_058" : [ 0.041708443, -0.044641636, -0.064407803, 0.03564379, 0.012190569, -0.057993747, 0.18117906, -0.076394506, -0.00061173533, -0.050782982 ],
		"SV_059" : [ 0.063503675, 0.05068012, -0.025606571, 0.011543833, 0.064476781, 0.04847673, 0.03023191, -0.0025922621, 0.03839393, 0.019632837 ],
		"SV_060" : [ -0.070900247, -0.044641636, -0.0040503298, -0.040098932, -0.066238746, -0.078661546, 0.052321736, -0.076394506, -0.051403873, -0.034214552 ],
		"SV_061" : [ -0.041839939, 0.05068012, 0.0045721666, -0.053870335, -0.044223499, -0.027305199, -0.080217227, 0.071209982, 0.036643732, 0.019632837 ],
		"SV_062" : [ -0.027309787, 0.05068012, -0.0072837663, -0.040098932, -0.01120063, -0.013839816, 0.059685014, -0.039493382, -0.082378693, -0.025930339 ],
		"SV_063" : [ -0.034574863, -0.044641636, -0.037462503, -0.060756039, 0.020446286, 0.043466352, -0.013947743, -0.0025922621, -0.030747918, -0.071493514 ],
		"SV_064" : [ 0.067136213, 0.05068012, -0.025606571, -0.040098932, -0.063486837, -0.059872638, -0.0029028298, -0.039493382, -0.019198449, 0.011348623 ],
		"SV_065" : [ -0.045472477, 0.05068012, -0.024528759, 0.059743747, 0.0053108046, 0.014969843, -0.054445758, 0.071209982, 0.042340983, 0.01549073 ],
		"SV_066" : [ -0.0091470936, 0.05068012, -0.018061887, -0.033213232, -0.0208323, 0.012151507, -0.072853945, 0.071209982, 0.00027247815, 0.019632837 ],
		"SV_067" : [ 0.041708443, 0.05068012, -0.014828451, -0.017135115, -0.0056968182, 0.0083937244, -0.013947743, -0.0018542396, -0.011896851, 0.0030644094 ],
		"SV_068" : [ 0.038075905, 0.05068012, -0.029917819, -0.040098932, -0.033215877, -0.024173714, -0.010266106, -0.0025922621, -0.012908683, 0.0030644094 ],
		"SV_069" : [ 0.016280675, -0.044641636, -0.046085, -0.0056704222, -0.075870417, -0.061438382, -0.013947743, -0.039493382, -0.051403873, 0.019632837 ],
		"SV_070" : [ -0.0018820165, -0.044641636, -0.069796868, -0.012556124, -0.00019300696, -0.0091425888, 0.070729926, -0.039493382, -0.062916882, 0.04034337 ],
		"SV_071" : [ -0.0018820165, -0.044641636, 0.033673093, 0.12515791, 0.024574144, 0.026243187, -0.010266106, -0.0025922621, 0.026716841, 0.061053906 ],
		"SV_072" : [ 0.063503675, 0.05068012, -0.0040503298, -0.012556124, 0.10300346, 0.048789877, 0.056003377, -0.0025922621, 0.084491529, -0.017646125 ],
		"SV_073" : [ 0.012648137, 0.05068012, -0.020217512, -0.0022275713, 0.038333673, 0.053173956, -0.0065844678, 0.034308858, -0.00514219, -0.0093619116 ],
		"SV_074" : [ 0.012648137, 0.05068012, 0.0024165425, 0.056300893, 0.027326049, 0.017161882, 0.041276824, -0.039493382, 0.0037090604, 0.073480226 ],
		"SV_075" : [ -0.0091470936, 0.05068012, -0.030995632, -0.026327528, -0.01120063, -0.0010007289, -0.021311019, -0.0025922621, 0.0062067355, 0.027917052 ],
		"SV_076" : [ -0.030942325, 0.05068012, 0.028284032, 0.070072301, -0.12678067, -0.10684491, -0.054445758, -0.04798064, -0.030747918, 0.01549073 ],
		"SV_077" : [ -0.096328013, -0.044641636, -0.036384691, -0.074527442, -0.038719688, -0.027618349, 0.01550536, -0.039493382, -0.074092604, -0.0010776975 ],
		"SV_078" : [ 0.0053830603, -0.044641636, -0.057940934, -0.022884678, -0.067614697, -0.06832765, -0.054445758, -0.0025922621, 0.042897034, -0.083919838 ],
		"SV_079" : [ -0.1035931, -0.044641636, -0.037462503, -0.026327528, 0.0025588986, 0.019980218, 0.011823721, -0.0025922621, -0.068331547, -0.025930339 ],
		"SV_080" : [ 0.070768751, -0.044641636, 0.012116851, 0.04252949, 0.071356542, 0.053487103, 0.052321736, -0.0025922621, 0.025395079, -0.0052198046 ],
		"SV_081" : [ 0.012648137, 0.05068012, -0.022373136, -0.02977038, 0.010814616, 0.028435227, -0.021311019, 0.034308858, -0.0060810968, -0.0010776975 ],
		"SV_082" : [ -0.016412171, -0.044641636, -0.035306878, -0.026327528, 0.032829862, 0.017161882, 0.10018303, -0.039493382, -0.070209362, -0.079777732 ],
		"SV_083" : [ -0.038207401, -0.044641636, 0.009961227, -0.046984635, -0.059358981, -0.052983373, -0.010266106, -0.039493382, -0.015998872, -0.042498767 ],
		"SV_084" : [ 0.0017505219, -0.044641636, -0.039618127, -0.10093411, -0.029088017, -0.030123536, 0.044958461, -0.050194707, -0.068331547, -0.12948301 ],
		"SV_085" : [ 0.045340985, -0.044641636, 0.071396515, 0.0012152797, -0.0098246774, -0.0010007289, 0.01550536, -0.039493382, -0.041176166, -0.071493514 ],
		"SV_086" : [ -0.070900247, 0.05068012, -0.075185925, -0.040098932, -0.051103264, -0.01509241, -0.039719209, -0.0025922621, -0.096434951, -0.034214552 ],
		"SV_087" : [ 0.045340985, -0.044641636, -0.0062059541, 0.011543833, 0.063100822, 0.016222436, 0.096501388, -0.039493382, 0.042897034, -0.038356658 ],
		"SV_088" : [ -0.052737556, 0.05068012, -0.040695939, -0.067641743, -0.031839922, -0.037012801, 0.037595186, -0.039493382, -0.034521777, 0.069338121 ],
		"SV_089" : [ -0.045472477, -0.044641636, -0.048240624, -0.019441826, -0.00019300696, -0.016031856, 0.067048289, -0.039493382, -0.02479543, 0.019632837 ],
		"SV_090" : [ 0.012648137, -0.044641636, -0.025606571, -0.040098932, -0.030463969, -0.045154661, 0.078093201, -0.076394506, -0.072132751, 0.011348623 ],
		"SV_091" : [ 0.045340985, -0.044641636, 0.0519959, -0.053870335, 0.063100822, 0.064760447, -0.010266106, 0.034308858, 0.037236247, 0.019632837 ],
		"SV_092" : [ -0.020044709, -0.044641636, 0.0045721666, 0.097615108, 0.0053108046, -0.020729082, 0.063366652, -0.039493382, 0.012551195, 0.011348623 ],
		"SV_093" : [ -0.049105015, -0.044641636, -0.064407803, -0.10207025, -0.0029449128, -0.015405558, 0.063366652, -0.047242619, -0.033245593, -0.054925088 ],
		"SV_094" : [ -0.078165323, -0.044641636, -0.016984075, -0.012556124, -0.00019300696, -0.013526668, 0.070729926, -0.039493382, -0.041176166, -0.092204049 ],
		"SV_095" : [ -0.070900247, -0.044641636, -0.057940934, -0.081413142, -0.045599449, -0.028870942, -0.043400846, -0.0025922621, 0.001147576, -0.0052198046 ],
		"SV_096" : [ 0.056238599, 0.05068012, 0.009961227, 0.049415193, -0.0043208655, -0.012274073, -0.043400846, 0.034308858, 0.060790963, 0.032059159 ],
		"SV_097" : [ -0.027309787, -0.044641636, 0.088641509, -0.025191387, 0.021822238, 0.042526908, -0.032355931, 0.034308858, 0.0028613093, 0.077622332 ],
		"SV_098" : [ 0.0017505219, 0.05068012, -0.005128142, -0.012556124, -0.015328488, -0.013839816, 0.0081420839, -0.039493382, -0.0060810968, -0.067351408 ],
		"SV_099" : [ -0.0018820165, -0.044641636, -0.064407803, 0.011543833, 0.027326049, 0.037516531, -0.013947743, 0.034308858, 0.011785484, -0.054925088 ],
		"SV_100" : [ 0.016280675, -0.044641636, 0.017505912, -0.022884678, 0.060348921, 0.044405799, 0.03023191, -0.0025922621, 0.037236247, -0.0010776975 ],
		"SV_101" : [ 0.016280675, 0.05068012, -0.045007188, 0.063186601, 0.010814616, -0.00037443204, 0.063366652, -0.039493382, -0.030747918, 0.036201265 ],
		"SV_102" : [ -0.092695475, -0.044641636, 0.028284032, -0.015998974, 0.036957718, 0.024990594, 0.056003377, -0.039493382, -0.00514219, -0.0010776975 ],
		"SV_103" : [ 0.059871137, 0.05068012, 0.041217778, 0.011543833, 0.041085579, 0.070710272, -0.036037572, 0.034308858, -0.01090325, -0.030072445 ],
		"SV_104" : [ -0.027309787, -0.044641636, 0.064929642, -0.0022275713, -0.024960158, -0.017284449, 0.022868635, -0.039493382, -0.061175801, -0.063209303 ],
		"SV_105" : [ 0.023545753, 0.05068012, -0.032073446, -0.040098932, -0.031839922, -0.021668527, -0.013947743, -0.0025922621, -0.01090325, 0.019632837 ],
		"SV_106" : [ -0.096328013, -0.044641636, -0.076263741, -0.043541782, -0.045599449, -0.034820762, 0.0081420839, -0.039493382, -0.059471183, -0.083919838 ],
		"SV_107" : [ 0.027178291, -0.044641636, 0.049840275, -0.055006478, -0.0029449128, 0.040648017, -0.058127396, 0.05275942, -0.052962642, -0.0052198046 ],
		"SV_108" : [ 0.019913213, 0.05068012, 0.045529027, 0.029894229, -0.062110886, -0.055801708, -0.072853945, 0.026928635, 0.045604371, 0.04034337 ],
		"SV_109" : [ 0.038075905, 0.05068012, -0.0094393902, 0.0023514205, 0.0011829459, 0.037516531, -0.054445758, 0.050176341, -0.02595311, 0.10661709 ],
		"SV_110" : [ 0.041708443, 0.05068012, -0.032073446, -0.022884678, -0.049727309, -0.040144287, 0.03023191, -0.039493382, -0.12609713, 0.01549073 ],
		"SV_111" : [ 0.019913213, -0.044641636, 0.0045721666, -0.026327528, 0.023198191, 0.010272616, 0.067048289, -0.039493382, -0.023646863, -0.046640873 ],
		"SV_112" : [ -0.085430399, -0.044641636, 0.020739349, -0.026327528, 0.0053108046, 0.01966707, -0.0029028298, -0.0025922621, -0.023646863, 0.0030644094 ],
		"SV_113" : [ 0.019913213, 0.05068012, 0.014272476, 0.063186601, 0.014942475, 0.020293366, -0.047082484, 0.034308858, 0.046661779, 0.090048656 ],
		"SV_114" : [ 0.023545753, -0.044641636, 0.11019775, 0.063186601, 0.013566522, -0.03294187, -0.024992656, 0.020655444, 0.099240579, 0.023774944 ],
		"SV_115" : [ -0.030942325, 0.05068012, 0.0013387303, -0.0056704222, 0.064476781, 0.049416173, -0.047082484, 0.1081111, 0.083798744, 0.0030644094 ],
		"SV_116" : [ 0.048973523, 0.05068012, 0.058462769, 0.070072301, 0.013566522, 0.020606514, -0.021311019, 0.034308858, 0.022004075, 0.027917052 ],
		"SV_117" : [ 0.059871137, -0.044641636, -0.021295324, 0.087286554, 0.045213439, 0.031566709, -0.047082484, 0.071209982, 0.079122439, 0.13561183 ],
		"SV_118" : [ -0.056370094, 0.05068012, -0.010517202, 0.025315236, 0.023198191, 0.040021721, -0.039719209, 0.034308858, 0.020609388, 0.0569118 ],
		"SV_119" : [ 0.016280675, -0.044641636, -0.047162812, -0.0022275713, -0.019456347, -0.042962622, 0.033913549, -0.039493382, 0.027364049, 0.027917052 ],
		"SV_120" : [ -0.049105015, -0.044641636, 0.0045721666, 0.011543833, -0.037343733, -0.018537043, -0.017629381, -0.0025922621, -0.039808828, -0.021788232 ],
		"SV_121" : [ 0.063503675, -0.044641636, 0.017505912, 0.021872386, 0.0080627101, 0.02154596, -0.036037572, 0.034308858, 0.019907486, 0.011348623 ],
		"SV_122" : [ 0.048973523, 0.05068012, 0.081096821, 0.021872386, 0.043837484, 0.064134151, -0.054445758, 0.071209982, 0.032432325, 0.048627585 ],
		"SV_123" : [ 0.0053830603, 0.05068012, 0.034750905, -0.0010914305, 0.15253776, 0.19878799, -0.061809033, 0.18523444, 0.015568459, 0.073480226 ],
		"SV_124" : [ -0.0055145551, -0.044641636, 0.023972783, 0.0081009818, -0.034591828, -0.038891692, 0.022868635, -0.039493382, -0.015998872, -0.013504018 ],
		"SV_125" : [ -0.0055145551, 0.05068012, -0.008361578, -0.0022275713, -0.033215877, -0.063630424, -0.036037572, -0.0025922621, 0.080590054, 0.0072065163 ],
		"SV_126" : [ -0.089062937, -0.044641636, -0.06117437, -0.026327528, -0.05523112, -0.054549117, 0.041276824, -0.076394506, -0.093937278, -0.054925088 ],
		"SV_127" : [ 0.034443367, 0.05068012, -0.0018947058, -0.012556124, 0.038333673, 0.013717249, 0.078093201, -0.039493382, 0.0045476956, -0.096346155 ],
		"SV_128" : [ -0.052737556, -0.044641636, -0.062252183, -0.026327528, -0.0056968182, -0.0050716591, 0.03023191, -0.039493382, -0.030747918, -0.071493514 ],
		"SV_129" : [ 0.0090155993, -0.044641636, 0.0164281, 0.0046581305, 0.0094386628, 0.010585764, -0.028674295, 0.034308858, 0.038968213, 0.1190434 ],
		"SV_130" : [ -0.06363517, 0.05068012, 0.096186191, 0.10450081, -0.0029449128, -0.0047585107, -0.0065844678, -0.0025922621, 0.022687744, 0.073480226 ],
		"SV_131" : [ -0.096328013, -0.044641636, -0.069796868, -0.067641743, -0.019456347, -0.010708331, 0.01550536, -0.039493382, -0.046882533, -0.079777732 ],
		"SV_132" : [ 0.016280675, 0.05068012, -0.021295324, -0.0091132736, 0.034205813, 0.04785043, 0.00077880803, -0.0025922621, -0.012908683, 0.023774944 ],
		"SV_133" : [ -0.041839939, 0.05068012, -0.053629685, -0.040098932, -0.08412613, -0.071772285, -0.0029028298, -0.039493382, -0.072132751, -0.030072445 ],
		"SV_134" : [ -0.074532785, -0.044641636, 0.043373402, -0.033213232, 0.012190569, 0.00025186487, 0.063366652, -0.039493382, -0.027129022, -0.046640873 ],
		"SV_135" : [ -0.0055145551, -0.044641636, 0.056307144, -0.036656082, -0.048351359, -0.042962622, -0.072853945, 0.037998971, 0.050782032, 0.0569118 ],
		"SV_136" : [ -0.092695475, -0.044641636, -0.081652798, -0.057313185, -0.060734931, -0.068014503, 0.048640098, -0.076394506, -0.066490196, -0.021788232 ],
		"SV_137" : [ 0.0053830603, -0.044641636, 0.049840275, 0.097615108, -0.015328488, -0.016345004, -0.0065844678, -0.0025922621, 0.017036071, -0.013504018 ],
		"SV_138" : [ 0.034443367, 0.05068012, 0.11127556, 0.076958001, -0.031839922, -0.033881318, -0.021311019, -0.0025922621, 0.028020373, 0.073480226 ],
		"SV_139" : [ 0.023545753, -0.044641636, 0.061696205, 0.052858043, -0.034591828, -0.048912443, -0.028674295, -0.0025922621, 0.054719973, -0.0052198046 ],
		"SV_140" : [ 0.041708443, 0.05068012, 0.014272476, 0.04252949, -0.030463969, -0.0013138774, -0.043400846, -0.0025922621, -0.033245593, 0.01549073 ],
		"SV_141" : [ -0.027309787, -0.044641636, 0.047684651, -0.046984635, 0.034205813, 0.057244886, -0.080217227, 0.13025178, 0.04506655, 0.13146973 ],
		"SV_142" : [ 0.041708443, 0.05068012, 0.012116851, 0.03908664, 0.054845106, 0.044405799, 0.0044604456, -0.0025922621, 0.045604371, -0.0010776975 ],
		"SV_143" : [ -0.030942325, -0.044641636, 0.0056499788, -0.0091132736, 0.019070333, 0.0068279826, 0.074411564, -0.039493382, -0.041176166, -0.042498767 ],
		"SV_144" : [ 0.030810829, 0.05068012, 0.046606839, -0.015998974, 0.020446286, 0.050668769, -0.058127396, 0.071209982, 0.0062067355, 0.0072065163 ],
		"SV_145" : [ -0.041839939, -0.044641636, 0.12852055, 0.063186601, -0.033215877, -0.032628722, 0.011823721, -0.039493382, -0.015998872, -0.050782982 ],
		"SV_146" : [ -0.030942325, 0.05068012, 0.059540581, 0.0012152797, 0.012190569, 0.031566709, -0.043400846, 0.034308858, 0.01482098, 0.0072065163 ],
		"SV_147" : [ -0.056370094, -0.044641636, 0.092952758, -0.019441826, 0.014942475, 0.023424851, -0.028674295, 0.02545259, 0.026060518, 0.04034337 ],
		"SV_148" : [ -0.060002632, 0.05068012, 0.015350288, -0.019441826, 0.036957718, 0.048163578, 0.019186998, -0.0025922621, -0.030747918, -0.0010776975 ],
		"SV_149" : [ -0.049105015, 0.05068012, -0.005128142, -0.046984635, -0.0208323, -0.020415934, -0.069172308, 0.071209982, 0.06123763, -0.038356658 ],
		"SV_150" : [ 0.023545753, -0.044641636, 0.070318706, 0.025315236, -0.034591828, -0.014466112, -0.032355931, -0.0025922621, -0.019198449, -0.0093619116 ],
		"SV_151" : [ 0.0017505219, -0.044641636, -0.0040503298, -0.0056704222, -0.0084487237, -0.023860566, 0.052321736, -0.039493382, -0.0089433957, -0.013504018 ],
		"SV_152" : [ -0.034574863, 0.05068012, -0.00081689376, 0.070072301, 0.039709628, 0.066952489, -0.065490671, 0.1081111, 0.026716841, 0.073480226 ],
		"SV_153" : [ 0.041708443, 0.05068012, -0.043929376, 0.063186601, -0.0043208655, 0.016222436, -0.013947743, -0.0025922621, -0.034521777, 0.011348623 ],
		"SV_154" : [ 0.067136213, 0.05068012, 0.020739349, -0.0056704222, 0.020446286, 0.026243187, -0.0029028298, -0.0025922621, 0.0086406013, 0.0030644094 ],
		"SV_155" : [ -0.027309787, 0.05068012, 0.060618393, 0.049415193, 0.085116073, 0.086367689, -0.0029028298, 0.034308858, 0.037810531, 0.048627585 ],
		"SV_156" : [ -0.016412171, -0.044641636, -0.010517202, 0.0012152797, -0.037343733, -0.035760209, 0.011823721, -0.039493382, -0.021395309, -0.034214552 ],
		"SV_157" : [ -0.0018820165, 0.05068012, -0.033151258, -0.018305685, 0.031453907, 0.042840056, -0.013947743, 0.019917421, 0.010226716, 0.027917052 ],
		"SV_158" : [ -0.012779632, -0.044641636, -0.065485619, -0.06994845, 0.0011829459, 0.016848734, -0.0029028298, -0.0070203966, -0.030747918, -0.050782982 ],
		"SV_159" : [ -0.0055145551, -0.044641636, 0.043373402, 0.087286554, 0.013566522, 0.007141131, -0.013947743, -0.0025922621, 0.042340983, -0.017646125 ],
		"SV_160" : [ -0.0091470936, -0.044641636, -0.062252183, -0.074527442, -0.023584206, -0.013213519, 0.0044604456, -0.039493382, -0.035816193, -0.046640873 ],
		"SV_161" : [ -0.045472477, 0.05068012, 0.063851833, 0.070072301, 0.13327442, 0.13146107, -0.039719209, 0.1081111, 0.075740553, 0.08590655 ],
		"SV_162" : [ -0.052737556, -0.044641636, 0.030439656, -0.074527442, -0.023584206, -0.011334628, -0.0029028298, -0.0025922621, -0.030747918, -0.0010776975 ],
		"SV_163" : [ 0.016280675, 0.05068012, 0.072474331, 0.076958001, -0.0084487237, 0.0055753887, -0.0065844678, -0.0025922621, -0.023646863, 0.061053906 ],
		"SV_164" : [ 0.045340985, -0.044641636, -0.0191397, 0.021872386, 0.027326049, -0.013526668, 0.10018303, -0.039493382, 0.017765319, -0.013504018 ],
		"SV_165" : [ -0.041839939, -0.044641636, -0.066563427, -0.046984635, -0.037343733, -0.04327577, 0.048640098, -0.039493382, -0.056153104, -0.013504018 ],
		"SV_166" : [ -0.056370094, 0.05068012, -0.060096558, -0.036656082, -0.08825399, -0.070832834, -0.013947743, -0.039493382, -0.078139938, -0.10463037 ],
		"SV_167" : [ 0.070768751, -0.044641636, 0.06924089, 0.037950501, 0.021822238, 0.0015044587, -0.036037572, 0.039106004, 0.0776366, 0.10661709 ],
		"SV_168" : [ 0.0017505219, 0.05068012, 0.059540581, -0.0022275713, 0.061724871, 0.063194707, -0.058127396, 0.1081111, 0.068985894, 0.12732762 ],
		"SV_169" : [ -0.0018820165, -0.044641636, -0.026684383, 0.049415193, 0.058972966, -0.016031856, -0.047082484, 0.071209982, 0.13359728, 0.019632837 ],
		"SV_170" : [ 0.023545753, 0.05068012, -0.020217512, -0.036656082, -0.013952536, -0.01509241, 0.059685014, -0.039493382, -0.096434951, -0.017646125 ],
		"SV_171" : [ -0.020044709, -0.044641636, -0.046085, -0.098627396, -0.075870417, -0.059872638, -0.017629381, -0.039493382, -0.051403873, -0.046640873 ],
		"SV_172" : [ 0.041708443, 0.05068012, 0.071396515, 0.0081009818, 0.038333673, 0.015909288, -0.017629381, 0.034308858, 0.073406957, 0.08590655 ],
		"SV_173" : [ -0.06363517, 0.05068012, -0.079497173, -0.0056704222, -0.071742557, -0.066448756, -0.010266106, -0.039493382, -0.018113693, -0.054925088 ],
		"SV_174" : [ 0.016280675, 0.05068012, 0.009961227, -0.043541782, -0.09650971, -0.094632119, -0.039719209, -0.039493382, 0.017036071, 0.0072065163 ],
		"SV_175" : [ 0.067136213, -0.044641636, -0.038540315, -0.026327528, -0.031839922, -0.026365755, 0.0081420839, -0.039493382, -0.027129022, 0.0030644094 ],
		"SV_176" : [ 0.045340985, 0.05068012, 0.019661536, 0.03908664, 0.020446286, 0.02593004, 0.0081420839, -0.0025922621, -0.0033008382, 0.019632837 ],
		"SV_177" : [ 0.048973523, -0.044641636, 0.02720622, -0.025191387, 0.023198191, 0.018414475, -0.061809033, 0.080066249, 0.072221927, 0.032059159 ],
		"SV_178" : [ 0.041708443, -0.044641636, -0.008361578, -0.026327528, 0.024574144, 0.016222436, 0.070729926, -0.039493382, -0.04835926, -0.030072445 ],
		"SV_179" : [ -0.023677247, -0.044641636, -0.015906263, -0.012556124, 0.020446286, 0.041274313, -0.043400846, 0.034308858, 0.0140735, -0.0093619116 ],
		"SV_180" : [ -0.038207401, 0.05068012, 0.0045721666, 0.03564379, -0.01120063, 0.005888537, -0.047082484, 0.034308858, 0.016306823, -0.0010776975 ],
		"SV_181" : [ 0.048973523, -0.044641636, -0.042851564, -0.053870335, 0.045213439, 0.050042469, 0.033913549, -0.0025922621, -0.02595311, -0.063209303 ],
		"SV_182" : [ 0.045340985, 0.05068012, 0.0056499788, 0.056300893, 0.064476781, 0.089186028, -0.039719209, 0.071209982, 0.015568459, -0.0093619116 ],
		"SV_183" : [ 0.045340985, 0.05068012, -0.035306878, 0.063186601, -0.0043208655, -0.0016270259, -0.010266106, -0.0025922621, 0.015568459, 0.0569118 ],
		"SV_184" : [ 0.016280675, -0.044641636, 0.023972783, -0.022884678, -0.024960158, -0.026052605, -0.032355931, -0.0025922621, 0.037236247, 0.032059159 ],
		"SV_185" : [ -0.074532785, 0.05068012, -0.018061887, 0.0081009818, -0.019456347, -0.024800012, -0.065490671, 0.034308858, 0.067317732, -0.017646125 ],
		"SV_186" : [ -0.081797861, 0.05068012, 0.04229559, -0.019441826, 0.039709628, 0.057558034, -0.069172308, 0.1081111, 0.047190484, -0.038356658 ],
		"SV_187" : [ -0.067267708, -0.044641636, -0.054707497, -0.026327528, -0.075870417, -0.08210618, 0.048640098, -0.076394506, -0.086827107, -0.10463037 ],
		"SV_188" : [ 0.0053830603, -0.044641636, -0.0029725179, 0.049415193, 0.074108444, 0.070710272, 0.044958461, -0.0025922621, -0.0014959488, -0.0093619116 ],
		"SV_189" : [ -0.0018820165, -0.044641636, -0.066563427, 0.0012152797, -0.0029449128, 0.003070201, 0.011823721, -0.0025922621, -0.020292321, -0.025930339 ],
		"SV_190" : [ 0.0090155993, -0.044641636, -0.012672827, 0.028758088, -0.018080395, -0.0050716591, -0.047082484, 0.034308858, 0.023371415, -0.0052198046 ],
		"SV_191" : [ -0.0055145551, 0.05068012, -0.041773751, -0.043541782, -0.07999827, -0.076156363, -0.032355931, -0.039493382, 0.010226716, -0.0093619116 ],
		"SV_192" : [ 0.056238599, 0.05068012, -0.030995632, 0.0081009818, 0.019070333, 0.021232812, 0.033913549, -0.039493382, -0.029526427, -0.059067193 ],
		"SV_193" : [ 0.0090155993, 0.05068012, -0.005128142, -0.064198889, 0.069980592, 0.083862506, -0.039719209, 0.071209982, 0.039542492, 0.019632837 ],
		"SV_194" : [ -0.067267708, -0.044641636, -0.059018746, 0.03220094, -0.051103264, -0.049538739, -0.010266106, -0.039493382, 0.0020044427, 0.023774944 ],
		"SV_195" : [ 0.027178291, 0.05068012, 0.025050595, 0.014986684, 0.025950097, 0.04847673, -0.039719209, 0.034308858, 0.007838428, 0.023774944 ],
		"SV_196" : [ -0.023677247, -0.044641636, -0.046085, -0.033213232, 0.032829862, 0.036263939, 0.037595186, -0.0025922621, -0.033245593, 0.011348623 ],
		"SV_197" : [ 0.048973523, 0.05068012, 0.0034943544, 0.070072301, -0.0084487237, 0.0134041, -0.054445758, 0.034308858, 0.013316905, 0.036201265 ],
		"SV_198" : [ -0.052737556, -0.044641636, 0.054151524, -0.026327528, -0.05523112, -0.033881318, -0.013947743, -0.039493382, -0.074092604, -0.059067193 ],
		"SV_199" : [ 0.041708443, -0.044641636, -0.045007188, 0.034507647, 0.043837484, -0.015718706, 0.037595186, -0.014400621, 0.089897081, 0.0072065163 ],
		"SV_200" : [ 0.056238599, -0.044641636, -0.057940934, -0.0079771327, 0.0520932, 0.049103025, 0.056003377, -0.021411834, -0.028323168, 0.04448548 ],
		"SV_201" : [ -0.034574863, 0.05068012, -0.05578531, -0.015998974, -0.0098246774, -0.0078899954, 0.037595186, -0.039493382, -0.052962642, 0.027917052 ],
		"SV_202" : [ 0.081666365, 0.05068012, 0.0013387303, 0.03564379, 0.12639466, 0.091064923, 0.019186998, 0.034308858, 0.084491529, -0.030072445 ],
		"SV_203" : [ -0.0018820165, 0.05068012, 0.030439656, 0.052858043, 0.039709628, 0.056618586, -0.039719209, 0.071209982, 0.025395079, 0.027917052 ],
		"SV_204" : [ 0.11072668, 0.05068012, 0.0067277909, 0.028758088, -0.027712064, -0.0072636981, -0.047082484, 0.034308858, 0.0020044427, 0.077622332 ],
		"SV_205" : [ -0.030942325, -0.044641636, 0.046606839, 0.014986684, -0.016704442, -0.047033552, 0.00077880803, -0.0025922621, 0.063452721, -0.025930339 ],
		"SV_206" : [ 0.0017505219, 0.05068012, 0.026128408, -0.0091132736, 0.024574144, 0.038455978, -0.021311019, 0.034308858, 0.0094336588, 0.0030644094 ],
		"SV_207" : [ 0.0090155993, -0.044641636, 0.045529027, 0.028758088, 0.012190569, -0.013839816, 0.026550272, -0.039493382, 0.046133075, 0.036201265 ],
		"SV_208" : [ 0.030810829, -0.044641636, 0.040139966, 0.076958001, 0.01769438, 0.037829679, -0.028674295, 0.034308858, -0.0014959488, 0.1190434 ],
		"SV_209" : [ 0.038075905, 0.05068012, -0.018061887, 0.066629447, -0.051103264, -0.016658152, -0.076535583, 0.034308858, -0.011896851, -0.013504018 ],
		"SV_210" : [ 0.0090155993, -0.044641636, 0.014272476, 0.014986684, 0.054845106, 0.047224134, 0.070729926, -0.039493382, -0.033245593, -0.059067193 ],
		"SV_211" : [ 0.092563987, -0.044641636, 0.036906529, 0.021872386, -0.024960158, -0.016658152, 0.00077880803, -0.039493382, -0.022516528, -0.021788232 ],
		"SV_212" : [ 0.067136213, -0.044641636, 0.0034943544, 0.03564379, 0.049341295, 0.031253561, 0.070729926, -0.039493382, -0.00061173533, 0.019632837 ],
		"SV_213" : [ 0.0017505219, -0.044641636, -0.070874676, -0.022884678, -0.0015689598, -0.0010007289, 0.026550272, -0.039493382, -0.022516528, 0.0072065163 ],
		"SV_214" : [ 0.030810829, -0.044641636, -0.033151258, -0.022884678, -0.046975404, -0.081166737, 0.10386467, -0.076394506, -0.039808828, -0.054925088 ],
		"SV_215" : [ 0.027178291, 0.05068012, 0.094030567, 0.097615108, -0.034591828, -0.032002427, -0.043400846, -0.0025922621, 0.036643732, 0.10661709 ],
		"SV_216" : [ 0.012648137, 0.05068012, 0.035828717, 0.049415193, 0.053469155, 0.074154899, -0.069172308, 0.14501221, 0.045604371, 0.048627585 ],
		"SV_217" : [ 0.074401289, -0.044641636, 0.031517468, 0.10105796, 0.046589389, 0.036890235, 0.01550536, -0.0025922621, 0.033653814, 0.04448548 ],
		"SV_218" : [ -0.041839939, -0.044641636, -0.065485619, -0.040098932, -0.0056968182, 0.014343546, -0.043400846, 0.034308858, 0.0070271399, -0.013504018 ],
		"SV_219" : [ -0.089062937, -0.044641636, -0.041773751, -0.019441826, -0.066238746, -0.074277468, 0.0081420839, -0.039493382, 0.001147576, -0.030072445 ],
		"SV_220" : [ 0.023545753, 0.05068012, -0.039618127, -0.0056704222, -0.048351359, -0.033255022, 0.011823721, -0.039493382, -0.10163996, -0.067351408 ],
		"SV_221" : [ -0.045472477, -0.044641636, -0.038540315, -0.026327528, -0.015328488, 0.00087816181, -0.032355931, -0.0025922621, 0.001147576, -0.038356658 ],
		"SV_222" : [ -0.023677247, 0.05068012, -0.025606571, 0.04252949, -0.05385517, -0.047659852, -0.021311019, -0.039493382, 0.001147576, 0.019632837 ],
		"SV_223" : [ -0.099960558, -0.044641636, -0.023450946, -0.064198889, -0.057983026, -0.06018579, 0.011823721, -0.039493382, -0.018113693, -0.050782982 ],
		"SV_224" : [ -0.027309787, -0.044641636, -0.066563427, -0.1123988, -0.049727309, -0.041396882, 0.00077880803, -0.039493382, -0.035816193, -0.0093619116 ],
		"SV_225" : [ 0.030810829, 0.05068012, 0.032595281, 0.049415193, -0.040095638, -0.043588921, -0.069172308, 0.034308858, 0.06301517, 0.0030644094 ],
		"SV_226" : [ -0.1035931, 0.05068012, -0.046085, -0.026327528, -0.024960158, -0.024800012, 0.03023191, -0.039493382, -0.039808828, -0.054925088 ],
		"SV_227" : [ 0.067136213, 0.05068012, -0.029917819, 0.057437036, -0.00019300696, -0.015718706, 0.074411564, -0.050563719, -0.038459718, 0.0072065163 ],
		"SV_228" : [ -0.052737556, -0.044641636, -0.012672827, -0.060756039, -0.00019300696, 0.0080805765, 0.011823721, -0.0025922621, -0.027129022, -0.050782982 ],
		"SV_229" : [ -0.027309787, 0.05068012, -0.015906263, -0.02977038, 0.0039348514, -0.0006875805, 0.041276824, -0.039493382, -0.023646863, 0.011348623 ],
		"SV_230" : [ -0.038207401, 0.05068012, 0.071396515, -0.057313185, 0.15391371, 0.15588665, 0.00077880803, 0.071947999, 0.050280675, 0.069338121 ],
		"SV_231" : [ 0.0090155993, -0.044641636, -0.030995632, 0.021872386, 0.0080627101, 0.0087068733, 0.0044604456, -0.0025922621, 0.0094336588, 0.011348623 ],
		"SV_232" : [ 0.012648137, 0.05068012, 0.00026091831, -0.011419984, 0.039709628, 0.057244886, -0.039719209, 0.05608052, 0.024055086, 0.032059159 ],
		"SV_233" : [ 0.067136213, -0.044641636, 0.036906529, -0.050427485, -0.023584206, -0.034507614, 0.048640098, -0.039493382, -0.02595311, -0.038356658 ],
		"SV_234" : [ 0.045340985, -0.044641636, 0.039062154, 0.045972344, 0.0066867573, -0.024173714, 0.0081420839, -0.012555565, 0.064327821, 0.0569118 ],
		"SV_235" : [ 0.067136213, 0.05068012, -0.014828451, 0.058607604, -0.059358981, -0.034507614, -0.061809033, 0.012906209, -0.00514219, 0.048627585 ],
		"SV_236" : [ 0.027178291, -0.044641636, 0.0067277909, 0.03564379, 0.079612255, 0.070710272, 0.01550536, 0.034308858, 0.040672828, 0.011348623 ],
		"SV_237" : [ 0.056238599, -0.044641636, -0.068719052, -0.068777882, -0.00019300696, -0.0010007289, 0.044958461, -0.037648328, -0.04835926, -0.0010776975 ],
		"SV_238" : [ 0.034443367, 0.05068012, -0.0094393902, 0.059743747, -0.035967782, -0.0075768465, -0.076535583, 0.071209982, 0.011010658, -0.021788232 ],
		"SV_239" : [ 0.023545753, -0.044641636, 0.019661536, -0.012556124, 0.083740115, 0.038769126, 0.063366652, -0.0025922621, 0.066050664, 0.048627585 ],
		"SV_240" : [ 0.048973523, 0.05068012, 0.074629955, 0.066629447, -0.0098246774, -0.0022533229, -0.043400846, 0.034308858, 0.033653814, 0.019632837 ],
		"SV_241" : [ 0.030810829, 0.05068012, -0.008361578, 0.0046581305, 0.014942475, 0.027495781, 0.0081420839, -0.0081274305, -0.029526427, 0.0569118 ],
		"SV_242" : [ -0.1035931, 0.05068012, -0.023450946, -0.022884678, -0.086878039, -0.067701355, -0.017629381, -0.039493382, -0.078139938, -0.071493514 ],
		"SV_243" : [ 0.016280675, 0.05068012, -0.046085, 0.011543833, -0.033215877, -0.016031856, -0.010266106, -0.0025922621, -0.043983772, -0.042498767 ],
		"SV_244" : [ -0.060002632, 0.05068012, 0.054151524, -0.019441826, -0.049727309, -0.048912443, 0.022868635, -0.039493382, -0.043983772, -0.0052198046 ],
		"SV_245" : [ -0.027309787, -0.044641636, -0.035306878, -0.02977038, -0.056607075, -0.058620047, 0.03023191, -0.039493382, -0.049872451, -0.12948301 ],
		"SV_246" : [ 0.041708443, -0.044641636, -0.032073446, -0.061892178, 0.079612255, 0.050981916, 0.056003377, -0.0099724857, 0.04506655, -0.059067193 ],
		"SV_247" : [ -0.081797861, -0.044641636, -0.081652798, -0.040098932, 0.0025588986, -0.018537043, 0.070729926, -0.039493382, -0.01090325, -0.092204049 ],
		"SV_248" : [ -0.041839939, -0.044641636, 0.047684651, 0.059743747, 0.1277706, 0.12801644, -0.024992656, 0.1081111, 0.063890271, 0.04034337 ],
		"SV_249" : [ -0.012779632, -0.044641636, 0.060618393, 0.052858043, 0.047965344, 0.029374672, -0.017629381, 0.034308858, 0.07020738, 0.0072065163 ],
		"SV_250" : [ 0.067136213, -0.044641636, 0.056307144, 0.073515147, -0.013952536, -0.03920484, -0.032355931, -0.0025922621, 0.075740553, 0.036201265 ],
		"SV_251" : [ -0.052737556, 0.05068012, 0.098341815, 0.087286554, 0.060348921, 0.048789877, -0.058127396, 0.1081111, 0.084491529, 0.04034337 ],
		"SV_252" : [ 0.0053830603, -0.044641636, 0.059540581, -0.056177046, 0.024574144, 0.052860808, -0.043400846, 0.050914362, -0.0042215139, -0.030072445 ],
		"SV_253" : [ 0.081666365, -0.044641636, 0.033673093, 0.0081009818, 0.0520932, 0.056618586, -0.017629381, 0.034308858, 0.034866191, 0.069338121 ],
		"SV_254" : [ 0.030810829, 0.05068012, 0.056307144, 0.076958001, 0.049341295, -0.012274073, -0.036037572, 0.071209982, 0.1200515, 0.090048656 ],
		"SV_255" : [ 0.0017505219, -0.044641636, -0.065485619, -0.0056704222, -0.0070727714, -0.019476488, 0.041276824, -0.039493382, -0.0033008382, 0.0072065163 ],
		"SV_256" : [ -0.049105015, -0.044641636, 0.16085492, -0.046984635, -0.029088017, -0.019789636, -0.047082484, 0.034308858, 0.028020373, 0.011348623 ],
		"SV_257" : [ -0.027309787, 0.05068012, -0.05578531, 0.025315236, -0.0070727714, -0.023547418, 0.052321736, -0.039493382, -0.00514219, -0.050782982 ],
		"SV_258" : [ 0.078033827, 0.05068012, -0.024528759, -0.042405643, 0.0066867573, 0.052860808, -0.069172308, 0.080804273, -0.03712884, 0.0569118 ],
		"SV_259" : [ 0.012648137, -0.044641636, -0.036384691, 0.04252949, -0.013952536, 0.012934377, -0.026833475, 0.0051569734, -0.043983772, 0.0072065163 ],
		"SV_260" : [ 0.041708443, -0.044641636, -0.008361578, -0.057313185, 0.0080627101, -0.031376131, 0.15172596, -0.076394506, -0.080236524, -0.017646125 ],
		"SV_261" : [ 0.048973523, -0.044641636, -0.041773751, 0.10450081, 0.035581768, -0.025739457, 0.17749742, -0.076394506, -0.012908683, 0.01549073 ],
		"SV_262" : [ -0.016412171, 0.05068012, 0.12744275, 0.097615108, 0.016318427, 0.017475029, -0.021311019, 0.034308858, 0.034866191, 0.0030644094 ],
		"SV_263" : [ -0.074532785, 0.05068012, -0.077341549, -0.046984635, -0.046975404, -0.032628722, 0.0044604456, -0.039493382, -0.072132751, -0.017646125 ],
		"SV_264" : [ 0.034443367, 0.05068012, 0.028284032, -0.033213232, -0.045599449, -0.0097688856, -0.050764121, -0.0025922621, -0.059471183, -0.021788232 ],
		"SV_265" : [ -0.034574863, 0.05068012, -0.025606571, -0.017135115, 0.0011829459, -0.0028796198, 0.0081420839, -0.015507654, 0.01482098, 0.04034337 ],
		"SV_266" : [ -0.052737556, 0.05068012, -0.062252183, 0.011543833, -0.0084487237, -0.036699653, 0.12227286, -0.076394506, -0.086827107, 0.0030644094 ],
		"SV_267" : [ 0.059871137, -0.044641636, -0.00081689376, -0.084855996, 0.075484402, 0.079478428, 0.0044604456, 0.034308858, 0.023371415, 0.027917052 ],
		"SV_268" : [ 0.063503675, 0.05068012, 0.088641509, 0.070072301, 0.020446286, 0.037516531, -0.050764121, 0.071209982, 0.029296556, 0.073480226 ],
		"SV_269" : [ 0.0090155993, -0.044641636, -0.032073446, -0.026327528, 0.042461533, -0.010395183, 0.15908924, -0.076394506, -0.011896851, -0.038356658 ],
		"SV_270" : [ 0.0053830603, 0.05068012, 0.030439656, 0.083843701, -0.037343733, -0.0473467, 0.01550536, -0.039493382, 0.0086406013, 0.01549073 ],
		"SV_271" : [ 0.038075905, 0.05068012, 0.0088834148, 0.04252949, -0.042847544, -0.02104223, -0.039719209, -0.0025922621, -0.018113693, 0.0072065163 ],
		"SV_272" : [ 0.012648137, -0.044641636, 0.0067277909, -0.056177046, -0.075870417, -0.066448756, -0.021311019, -0.037648328, -0.018113693, -0.092204049 ],
		"SV_273" : [ 0.074401289, 0.05068012, -0.020217512, 0.045972344, 0.074108444, 0.032819305, -0.036037572, 0.071209982, 0.10635074, 0.036201265 ],
		"SV_274" : [ 0.016280675, -0.044641636, -0.024528759, 0.03564379, -0.0070727714, -0.0031927682, -0.013947743, -0.0025922621, 0.015568459, 0.01549073 ],
		"SV_275" : [ -0.0055145551, 0.05068012, -0.011595014, 0.011543833, -0.022208253, -0.015405558, -0.021311019, -0.0025922621, 0.011010658, 0.069338121 ],
		"SV_276" : [ 0.012648137, -0.044641636, 0.026128408, 0.063186601, 0.1250187, 0.091691218, 0.063366652, -0.0025922621, 0.057573155, -0.021788232 ],
		"SV_277" : [ -0.034574863, -0.044641636, -0.059018746, 0.0012152797, -0.05385517, -0.07803525, 0.067048289, -0.076394506, -0.021395309, 0.01549073 ],
		"SV_278" : [ 0.067136213, 0.05068012, -0.036384691, -0.084855996, -0.0070727714, 0.01966707, -0.054445758, 0.034308858, 0.001147576, 0.032059159 ],
		"SV_279" : [ 0.038075905, 0.05068012, -0.024528759, 0.0046581305, -0.026336111, -0.026365755, 0.01550536, -0.039493382, -0.015998872, -0.025930339 ],
		"SV_280" : [ 0.0090155993, 0.05068012, 0.018583724, 0.03908664, 0.01769438, 0.010585764, 0.019186998, -0.0025922621, 0.016306823, -0.017646125 ],
		"SV_281" : [ -0.092695475, 0.05068012, -0.090275295, -0.057313185, -0.024960158, -0.030436683, -0.0065844678, -0.0025922621, 0.024055086, 0.0030644094 ],
		"SV_282" : [ 0.070768751, -0.044641636, -0.005128142, -0.0056704222, 0.087867975, 0.10296456, 0.011823721, 0.034308858, -0.0089433957, 0.027917052 ],
		"SV_283" : [ -0.016412171, -0.044641636, -0.052551873, -0.033213232, -0.044223499, -0.036386505, 0.019186998, -0.039493382, -0.068331547, -0.030072445 ],
		"SV_284" : [ 0.041708443, 0.05068012, -0.022373136, 0.028758088, -0.066238746, -0.045154661, -0.061809033, -0.0025922621, 0.0028613093, -0.054925088 ],
		"SV_285" : [ 0.012648137, -0.044641636, -0.020217512, -0.015998974, 0.012190569, 0.021232812, -0.076535583, 0.1081111, 0.059879404, -0.021788232 ],
		"SV_286" : [ -0.038207401, -0.044641636, -0.054707497, -0.077970296, -0.033215877, -0.086490259, 0.14068104, -0.076394506, -0.019198449, -0.0052198046 ],
		"SV_287" : [ 0.045340985, -0.044641636, -0.0062059541, -0.015998974, 0.1250187, 0.1251981, 0.019186998, 0.034308858, 0.032432325, -0.0052198046 ],
		"SV_288" : [ 0.070768751, 0.05068012, -0.016984075, 0.021872386, 0.043837484, 0.056305438, 0.037595186, -0.0025922621, -0.070209362, -0.017646125 ],
		"SV_289" : [ -0.074532785, 0.05068012, 0.055229332, -0.040098932, 0.053469155, 0.053173956, -0.043400846, 0.071209982, 0.06123763, -0.034214552 ],
		"SV_290" : [ 0.059871137, 0.05068012, 0.076785572, 0.025315236, 0.0011829459, 0.016848734, -0.054445758, 0.034308858, 0.029934648, 0.04448548 ],
		"SV_291" : [ 0.074401289, -0.044641636, 0.018583724, 0.063186601, 0.061724871, 0.042840056, 0.0081420839, -0.0025922621, 0.058038052, -0.059067193 ],
		"SV_292" : [ 0.0090155993, -0.044641636, -0.022373136, -0.032077089, -0.049727309, -0.068640798, 0.078093201, -0.070859335, -0.062916882, -0.038356658 ],
		"SV_293" : [ -0.070900247, -0.044641636, 0.092952758, 0.012679974, 0.020446286, 0.042526908, 0.00077880803, 0.00035982768, -0.05453964, -0.0010776975 ],
		"SV_294" : [ 0.023545753, 0.05068012, -0.030995632, -0.0056704222, -0.016704442, 0.017788179, -0.032355931, -0.0025922621, -0.074092604, -0.034214552 ],
		"SV_295" : [ -0.052737556, 0.05068012, 0.039062154, -0.040098932, -0.0056968182, -0.01290037, 0.011823721, -0.039493382, 0.016306823, 0.0030644094 ],
		"SV_296" : [ 0.067136213, -0.044641636, -0.06117437, -0.040098932, -0.026336111, -0.024486864, 0.033913549, -0.039493382, -0.056153104, -0.059067193 ],
		"SV_297" : [ 0.0017505219, -0.044641636, -0.008361578, -0.064198889, -0.038719688, -0.024486864, 0.0044604456, -0.039493382, -0.064685307, -0.054925088 ],
		"SV_298" : [ 0.023545753, 0.05068012, -0.037462503, -0.046984635, -0.091005899, -0.07553006, -0.032355931, -0.039493382, -0.030747918, -0.013504018 ],
		"SV_299" : [ 0.038075905, 0.05068012, -0.013750639, -0.015998974, -0.035967782, -0.021981675, -0.013947743, -0.0025922621, -0.02595311, -0.0010776975 ],
		"SV_300" : [ 0.016280675, -0.044641636, 0.073552139, -0.041235074, -0.0043208655, -0.013526668, -0.013947743, -0.0011162171, 0.042897034, 0.04448548 ],
		"SV_301" : [ -0.0018820165, 0.05068012, -0.024528759, 0.052858043, 0.027326049, 0.030000968, 0.03023191, -0.0025922621, -0.021395309, 0.036201265 ],
		"SV_302" : [ 0.012648137, -0.044641636, 0.033673093, 0.033337079, 0.030077957, 0.027182633, -0.0029028298, 0.0088470858, 0.031192603, 0.027917052 ],
		"SV_303" : [ 0.074401289, -0.044641636, 0.034750905, 0.094172254, 0.057597011, 0.020293366, 0.022868635, -0.0025922621, 0.073798932, -0.021788232 ],
		"SV_304" : [ 0.041708443, 0.05068012, -0.038540315, 0.052858043, 0.076860353, 0.11642995, -0.039719209, 0.071209982, -0.022516528, -0.013504018 ],
		"SV_305" : [ -0.0091470936, 0.05068012, -0.039618127, -0.040098932, -0.0084487237, 0.016222436, -0.065490671, 0.071209982, 0.017765319, -0.067351408 ],
		"SV_306" : [ 0.0090155993, 0.05068012, -0.0018947058, 0.021872386, -0.038719688, -0.024800012, -0.0065844678, -0.039493382, -0.039808828, -0.013504018 ],
		"SV_307" : [ 0.067136213, 0.05068012, -0.030995632, 0.0046581305, 0.024574144, 0.035637639, -0.028674295, 0.034308858, 0.023371415, 0.081764437 ],
		"SV_308" : [ 0.0017505219, -0.044641636, -0.046085, -0.033213232, -0.073118508, -0.081479885, 0.044958461, -0.069383293, -0.061175801, -0.079777732 ],
		"SV_309" : [ -0.0091470936, 0.05068012, 0.0013387303, -0.0022275713, 0.079612255, 0.070083968, 0.033913549, -0.0025922621, 0.026716841, 0.081764437 ],
		"SV_310" : [ -0.0055145551, -0.044641636, 0.064929642, 0.03564379, -0.0015689598, 0.014969843, -0.013947743, 0.0007288389, -0.018113693, 0.032059159 ],
		"SV_311" : [ 0.096196525, -0.044641636, 0.040139966, -0.057313185, 0.045213439, 0.060689516, -0.021311019, 0.036153916, 0.012551195, 0.023774944 ],
		"SV_312" : [ -0.074532785, -0.044641636, -0.023450946, -0.0056704222, -0.0208323, -0.014152965, 0.01550536, -0.039493382, -0.038459718, -0.030072445 ],
		"SV_313" : [ 0.059871137, 0.05068012, 0.053073712, 0.052858043, 0.032829862, 0.01966707, -0.010266106, 0.034308858, 0.055203099, -0.0010776975 ],
		"SV_314" : [ -0.023677247, -0.044641636, 0.040139966, -0.012556124, -0.0098246774, -0.0010007289, -0.0029028298, -0.0025922621, -0.011896851, -0.038356658 ],
		"SV_315" : [ 0.0090155993, -0.044641636, -0.020217512, -0.053870335, 0.031453907, 0.020606514, 0.056003377, -0.039493382, -0.01090325, -0.0010776975 ],
		"SV_316" : [ 0.016280675, 0.05068012, 0.014272476, 0.0012152797, 0.0011829459, -0.021355379, -0.032355931, 0.034308858, 0.074965723, 0.04034337 ],
		"SV_317" : [ 0.019913213, -0.044641636, -0.034229066, 0.055164754, 0.067228682, 0.074154899, -0.0065844678, 0.032832813, 0.024729639, 0.069338121 ],
		"SV_318" : [ 0.088931441, -0.044641636, 0.0067277909, 0.025315236, 0.030077957, 0.0087068733, 0.063366652, -0.039493382, 0.0094336588, 0.032059159 ],
		"SV_319" : [ 0.019913213, -0.044641636, 0.0045721666, 0.045972344, -0.018080395, -0.054549117, 0.063366652, -0.039493382, 0.028658465, 0.061053906 ],
		"SV_320" : [ -0.023677247, -0.044641636, 0.030439656, -0.0056704222, 0.082364164, 0.092004366, -0.017629381, 0.071209982, 0.033043068, 0.0030644094 ],
		"SV_321" : [ 0.096196525, -0.044641636, 0.0519959, 0.079264708, 0.054845106, 0.036577087, -0.076535583, 0.14132211, 0.098648064, 0.061053906 ],
		"SV_322" : [ 0.023545753, 0.05068012, 0.061696205, 0.062050458, 0.024574144, -0.036073357, -0.091262139, 0.15534453, 0.13339674, 0.081764437 ],
		"SV_323" : [ 0.070768751, 0.05068012, -0.0072837663, 0.049415193, 0.060348921, -0.0044453619, -0.054445758, 0.1081111, 0.12902124, 0.0569118 ],
		"SV_324" : [ 0.030810829, -0.044641636, 0.0056499788, 0.011543833, 0.078236304, 0.077912681, -0.043400846, 0.1081111, 0.066050664, 0.019632837 ],
		"SV_325" : [ -0.0018820165, -0.044641636, 0.054151524, -0.066505596, 0.072732493, 0.056618586, -0.043400846, 0.084863394, 0.084491529, 0.048627585 ],
		"SV_326" : [ 0.045340985, 0.05068012, -0.008361578, -0.033213232, -0.0070727714, 0.0011913102, -0.039719209, 0.034308858, 0.029934648, 0.027917052 ],
		"SV_327" : [ 0.074401289, -0.044641636, 0.114509, 0.028758088, 0.024574144, 0.024990594, 0.019186998, -0.0025922621, -0.00061173533, -0.0052198046 ],
		"SV_328" : [ -0.038207401, -0.044641636, 0.067085266, -0.060756039, -0.029088017, -0.023234271, -0.010266106, -0.0025922621, -0.0014959488, 0.019632837 ],
		"SV_329" : [ -0.012779632, 0.05068012, -0.05578531, -0.0022275713, -0.027712064, -0.02918409, 0.019186998, -0.039493382, -0.017056283, 0.04448548 ],
		"SV_330" : [ 0.0090155993, 0.05068012, 0.030439656, 0.04252949, -0.0029449128, 0.036890235, -0.065490671, 0.071209982, -0.023646863, 0.01549073 ],
		"SV_331" : [ 0.081666365, 0.05068012, -0.025606571, -0.036656082, -0.070366606, -0.046407256, -0.039719209, -0.0025922621, -0.041176166, -0.0052198046 ],
		"SV_332" : [ 0.030810829, -0.044641636, 0.10480869, 0.076958001, -0.01120063, -0.011334628, -0.058127396, 0.034308858, 0.057108261, 0.036201265 ],
		"SV_333" : [ 0.027178291, 0.05068012, -0.0062059541, 0.028758088, -0.016704442, -0.0016270259, -0.058127396, 0.034308858, 0.029296556, 0.032059159 ],
		"SV_334" : [ -0.060002632, 0.05068012, -0.047162812, -0.022884678, -0.071742557, -0.057680599, -0.0065844678, -0.039493382, -0.062916882, -0.054925088 ],
		"SV_335" : [ 0.0053830603, -0.044641636, -0.048240624, -0.012556124, 0.0011829459, -0.0066374014, 0.063366652, -0.039493382, -0.051403873, -0.059067193 ],
		"SV_336" : [ -0.020044709, -0.044641636, 0.085408069, -0.036656082, 0.091995835, 0.089499176, -0.061809033, 0.14501221, 0.080945559, 0.052769691 ],
		"SV_337" : [ 0.019913213, 0.05068012, -0.012672827, 0.070072301, -0.01120063, 0.007141131, -0.039719209, 0.034308858, 0.0053863311, 0.0030644094 ],
		"SV_338" : [ -0.06363517, -0.044641636, -0.033151258, -0.033213232, 0.0011829459, 0.024051148, -0.024992656, -0.0025922621, -0.022516528, -0.059067193 ],
		"SV_339" : [ 0.027178291, -0.044641636, -0.0072837663, -0.050427485, 0.075484402, 0.056618586, 0.033913549, -0.0025922621, 0.04344397, 0.01549073 ],
		"SV_340" : [ -0.016412171, -0.044641636, -0.013750639, 0.13204361, -0.0098246774, -0.0038190652, 0.019186998, -0.039493382, -0.035816193, -0.030072445 ],
		"SV_341" : [ 0.030810829, 0.05068012, 0.059540581, 0.056300893, -0.022208253, 0.0011913102, -0.032355931, -0.0025922621, -0.02479543, -0.017646125 ],
		"SV_342" : [ 0.056238599, 0.05068012, 0.021817159, 0.056300893, -0.0070727714, 0.018101327, -0.032355931, -0.0025922621, -0.023646863, 0.023774944 ],
		"SV_343" : [ -0.020044709, -0.044641636, 0.018583724, 0.090729408, 0.0039348514, 0.0087068733, 0.037595186, -0.039493382, -0.057803027, 0.0072065163 ],
		"SV_344" : [ -0.10722563, -0.044641636, -0.011595014, -0.040098932, 0.049341295, 0.064447299, -0.013947743, 0.034308858, 0.0070271399, -0.030072445 ],
		"SV_345" : [ 0.081666365, 0.05068012, -0.0029725179, -0.033213232, 0.042461533, 0.057871182, -0.010266106, 0.034308858, -0.00061173533, -0.0010776975 ],
		"SV_346" : [ 0.0053830603, 0.05068012, 0.017505912, 0.03220094, 0.1277706, 0.12739015, -0.021311019, 0.071209982, 0.06257762, 0.01549073 ],
		"SV_347" : [ 0.038075905, 0.05068012, -0.029917819, -0.074527442, -0.012576583, -0.012587222, 0.0044604456, -0.0025922621, 0.0037090604, -0.030072445 ],
		"SV_348" : [ 0.030810829, -0.044641636, -0.020217512, -0.0056704222, -0.0043208655, -0.02949724, 0.078093201, -0.039493382, -0.01090325, -0.0010776975 ],
		"SV_349" : [ 0.0017505219, 0.05068012, -0.057940934, -0.043541782, -0.09650971, -0.047033552, -0.098625414, 0.034308858, -0.061175801, -0.071493514 ],
		"SV_350" : [ -0.027309787, 0.05068012, 0.060618393, 0.10794366, 0.012190569, -0.017597597, -0.0029028298, -0.0025922621, 0.07020738, 0.13561183 ],
		"SV_351" : [ -0.085430399, 0.05068012, -0.040695939, -0.033213232, -0.081374228, -0.069580242, -0.0065844678, -0.039493382, -0.057803027, -0.042498767 ],
		"SV_352" : [ 0.012648137, 0.05068012, -0.071952492, -0.046984635, -0.051103264, -0.09713731, 0.11859122, -0.076394506, -0.020292321, -0.038356658 ],
		"SV_353" : [ -0.052737556, -0.044641636, -0.05578531, -0.036656082, 0.089243926, -0.0031927682, 0.0081420839, 0.034308858, 0.13237579, 0.0030644094 ],
		"SV_354" : [ -0.023677247, 0.05068012, 0.045529027, 0.021872386, 0.10988322, 0.08887288, 0.00077880803, 0.034308858, 0.0741909, 0.061053906 ],
		"SV_355" : [ -0.074532785, 0.05068012, -0.0094393902, 0.014986684, -0.037343733, -0.021668527, -0.013947743, -0.0025922621, -0.033245593, 0.011348623 ],
		"SV_356" : [ -0.0055145551, 0.05068012, -0.033151258, -0.015998974, 0.0080627101, 0.016222436, 0.01550536, -0.0025922621, -0.028323168, -0.075635619 ],
		"SV_357" : [ -0.060002632, 0.05068012, 0.049840275, 0.018429535, -0.016704442, -0.030123536, -0.017629381, -0.0025922621, 0.049770199, -0.059067193 ],
		"SV_358" : [ -0.020044709, -0.044641636, -0.084886238, -0.026327528, -0.035967782, -0.034194466, 0.041276824, -0.051670752, -0.082378693, -0.046640873 ],
		"SV_359" : [ 0.038075905, 0.05068012, 0.0056499788, 0.03220094, 0.0066867573, 0.017475029, -0.024992656, 0.034308858, 0.01482098, 0.061053906 ],
		"SV_360" : [ 0.016280675, -0.044641636, 0.020739349, 0.021872386, -0.013952536, -0.013213519, -0.0065844678, -0.0025922621, 0.013316905, 0.04034337 ],
		"SV_361" : [ 0.041708443, -0.044641636, -0.0072837663, 0.028758088, -0.042847544, -0.048286147, 0.052321736, -0.076394506, -0.072132751, 0.023774944 ],
		"SV_362" : [ 0.019913213, 0.05068012, 0.10480869, 0.070072301, -0.035967782, -0.026678903, -0.024992656, -0.0025922621, 0.0037090604, 0.04034337 ],
		"SV_363" : [ -0.049105015, 0.05068012, -0.024528759, 7.9138837e-05, -0.046975404, -0.028244644, -0.065490671, 0.028404679, 0.019196469, 0.011348623 ],
		"SV_364" : [ 0.0017505219, 0.05068012, -0.0062059541, -0.019441826, -0.0098246774, 0.0049490919, -0.039719209, 0.034308858, 0.01482098, 0.098332867 ],
		"SV_365" : [ 0.034443367, -0.044641636, -0.038540315, -0.012556124, 0.0094386628, 0.0052622403, -0.0065844678, -0.0025922621, 0.031192603, 0.098332867 ],
		"SV_366" : [ -0.045472477, 0.05068012, 0.13714305, -0.015998974, 0.041085579, 0.031879861, -0.043400846, 0.071209982, 0.071018673, 0.048627585 ],
		"SV_367" : [ -0.0091470936, 0.05068012, 0.17055522, 0.014986684, 0.030077957, 0.033758752, -0.021311019, 0.034308858, 0.033653814, 0.032059159 ],
		"SV_368" : [ -0.016412171, 0.05068012, 0.0024165425, 0.014986684, 0.021822238, -0.010082034, -0.024992656, 0.034308858, 0.085530706, 0.081764437 ],
		"SV_369" : [ -0.0091470936, -0.044641636, 0.037984341, -0.040098932, -0.024960158, -0.0038190652, -0.043400846, 0.015858298, -0.00514219, 0.027917052 ],
		"SV_370" : [ 0.019913213, -0.044641636, -0.057940934, -0.057313185, -0.0015689598, -0.012587222, 0.074411564, -0.039493382, -0.061175801, -0.075635619 ],
		"SV_371" : [ 0.052606061, 0.05068012, -0.0094393902, 0.049415193, 0.05071725, -0.01916334, -0.013947743, 0.034308858, 0.11934048, -0.017646125 ],
		"SV_372" : [ -0.027309787, 0.05068012, -0.023450946, -0.015998974, 0.013566522, 0.012777803, 0.026550272, -0.0025922621, -0.01090325, -0.021788232 ],
		"SV_373" : [ -0.074532785, -0.044641636, -0.010517202, -0.0056704222, -0.066238746, -0.057054304, -0.0029028298, -0.039493382, -0.042570855, -0.0010776975 ],
		"SV_374" : [ -0.10722563, -0.044641636, -0.034229066, -0.067641743, -0.063486837, -0.070519686, 0.0081420839, -0.039493382, -0.00061173533, -0.079777732 ],
		"SV_375" : [ 0.045340985, 0.05068012, -0.0029725179, 0.10794366, 0.035581768, 0.022485405, 0.026550272, -0.0025922621, 0.028020373, 0.019632837 ],
		"SV_376" : [ -0.0018820165, -0.044641636, 0.068163082, -0.0056704222, 0.11951489, 0.13020848, -0.024992656, 0.086708449, 0.046133075, -0.0010776975 ],
		"SV_377" : [ 0.019913213, 0.05068012, 0.009961227, 0.018429535, 0.014942475, 0.044718947, -0.061809033, 0.071209982, 0.0094336588, -0.063209303 ],
		"SV_378" : [ 0.016280675, 0.05068012, 0.0024165425, -0.0056704222, -0.0056968182, 0.010898912, -0.050764121, 0.034308858, 0.022687744, -0.038356658 ],
		"SV_379" : [ -0.0018820165, -0.044641636, -0.038540315, 0.021872386, -0.10889328, -0.11561307, 0.022868635, -0.076394506, -0.046882533, 0.023774944 ],
		"SV_380" : [ 0.016280675, -0.044641636, 0.026128408, 0.058607604, -0.060734931, -0.044215217, -0.013947743, -0.033958215, -0.051403873, -0.025930339 ],
		"SV_381" : [ -0.070900247, 0.05068012, -0.089197487, -0.074527442, -0.042847544, -0.025739457, -0.032355931, -0.0025922621, -0.012908683, -0.054925088 ],
		"SV_382" : [ 0.048973523, -0.044641636, 0.060618393, -0.022884678, -0.023584206, -0.072711729, -0.043400846, -0.0025922621, 0.10413565, 0.036201265 ],
		"SV_383" : [ 0.0053830603, 0.05068012, -0.028840007, -0.0091132736, -0.031839922, -0.028870942, 0.0081420839, -0.039493382, -0.018113693, 0.0072065163 ],
		"SV_384" : [ 0.034443367, 0.05068012, -0.029917819, 0.0046581305, 0.093371786, 0.086993992, 0.033913549, -0.0025922621, 0.024055086, -0.038356658 ],
		"SV_385" : [ 0.023545753, 0.05068012, -0.0191397, 0.049415193, -0.063486837, -0.061125234, 0.0044604456, -0.039493382, -0.02595311, -0.013504018 ],
		"SV_386" : [ 0.019913213, -0.044641636, -0.040695939, -0.015998974, -0.0084487237, -0.017597597, 0.052321736, -0.039493382, -0.030747918, 0.0030644094 ],
		"SV_387" : [ -0.045472477, -0.044641636, 0.015350288, -0.074527442, -0.049727309, -0.017284449, -0.028674295, -0.0025922621, -0.10436553, -0.075635619 ],
		"SV_388" : [ 0.052606061, 0.05068012, -0.024528759, 0.056300893, -0.0070727714, -0.0050716591, -0.021311019, -0.0025922621, 0.026716841, -0.038356658 ],
		"SV_389" : [ -0.0055145551, 0.05068012, 0.0013387303, -0.084855996, -0.01120063, -0.016658152, 0.048640098, -0.039493382, -0.041176166, -0.088061944 ],
		"SV_390" : [ 0.0090155993, 0.05068012, 0.06924089, 0.059743747, 0.01769438, -0.023234271, -0.047082484, 0.034308858, 0.10329702, 0.073480226 ],
		"SV_391" : [ -0.023677247, -0.044641636, -0.069796868, -0.064198889, -0.059358981, -0.050478186, 0.019186998, -0.039493382, -0.089133352, -0.050782982 ],
		"SV_392" : [ -0.041839939, 0.05068012, -0.029917819, -0.0022275713, 0.021822238, 0.036577087, 0.011823721, -0.0025922621, -0.041176166, 0.065196015 ],
		"SV_393" : [ -0.074532785, -0.044641636, -0.046085, -0.043541782, -0.029088017, -0.023234271, 0.01550536, -0.039493382, -0.039808828, -0.021788232 ],
		"SV_394" : [ 0.034443367, -0.044641636, 0.018583724, 0.056300893, 0.012190569, -0.054549117, -0.069172308, 0.071209982, 0.13007866, 0.0072065163 ],
		"SV_395" : [ -0.060002632, -0.044641636, 0.0013387303, -0.02977038, -0.0070727714, -0.021668527, 0.011823721, -0.0025922621, 0.031812463, -0.054925088 ],
		"SV_396" : [ -0.085430399, 0.05068012, -0.030995632, -0.022884678, -0.063486837, -0.054235969, 0.019186998, -0.039493382, -0.096434951, -0.034214552 ],
		"SV_397" : [ 0.052606061, -0.044641636, -0.0040503298, -0.030906521, -0.046975404, -0.058306899, -0.013947743, -0.025839968, 0.036060333, 0.023774944 ],
		"SV_398" : [ 0.012648137, -0.044641636, 0.015350288, -0.033213232, 0.041085579, 0.032193009, -0.0029028298, -0.0025922621, 0.04506655, -0.067351408 ],
		"SV_399" : [ 0.059871137, 0.05068012, 0.022894971, 0.049415193, 0.016318427, 0.011838358, -0.013947743, -0.0025922621, 0.039542492, 0.019632837 ],
		"SV_400" : [ -0.023677247, -0.044641636, 0.045529027, 0.090729408, -0.018080395, -0.035447061, 0.070729926, -0.039493382, -0.034521777, -0.0093619116 ],
		"SV_401" : [ 0.016280675, -0.044641636, -0.045007188, -0.057313185, -0.034591828, -0.053922821, 0.074411564, -0.076394506, -0.042570855, 0.04034337 ],
		"SV_402" : [ 0.11072668, 0.05068012, -0.033151258, -0.022884678, -0.0043208655, 0.020293366, -0.061809033, 0.071209982, 0.015568459, 0.04448548 ],
		"SV_403" : [ -0.020044709, -0.044641636, 0.097264007, -0.0056704222, -0.0056968182, -0.023860566, -0.021311019, -0.0025922621, 0.061684292, 0.04034337 ],
		"SV_404" : [ -0.016412171, -0.044641636, 0.054151524, 0.070072301, -0.033215877, -0.027931497, 0.0081420839, -0.039493382, -0.027129022, -0.0093619116 ],
		"SV_405" : [ 0.048973523, 0.05068012, 0.12313149, 0.083843701, -0.10476542, -0.10089509, -0.069172308, -0.0025922621, 0.036643732, -0.030072445 ],
		"SV_406" : [ -0.056370094, -0.044641636, -0.080574989, -0.084855996, -0.037343733, -0.037012801, 0.033913549, -0.039493382, -0.056153104, -0.13776723 ],
		"SV_407" : [ 0.027178291, -0.044641636, 0.092952758, -0.052734196, 0.0080627101, 0.03970857, -0.028674295, 0.021024456, -0.04835926, 0.019632837 ],
		"SV_408" : [ 0.063503675, -0.044641636, -0.050396249, 0.10794366, 0.031453907, 0.019353921, -0.017629381, 0.023607533, 0.058038052, 0.04034337 ],
		"SV_409" : [ -0.052737556, 0.05068012, -0.011595014, 0.056300893, 0.05622106, 0.072902307, -0.039719209, 0.071209982, 0.030563626, -0.0052198046 ],
		"SV_410" : [ -0.0091470936, 0.05068012, -0.027762195, 0.0081009818, 0.047965344, 0.037203383, -0.028674295, 0.034308858, 0.066050664, -0.042498767 ],
		"SV_411" : [ 0.0053830603, -0.044641636, 0.058462769, -0.043541782, -0.073118508, -0.072398581, 0.019186998, -0.076394506, -0.051403873, -0.025930339 ],
		"SV_412" : [ 0.074401289, -0.044641636, 0.085408069, 0.063186601, 0.014942475, 0.013090951, 0.01550536, -0.0025922621, 0.0062067355, 0.08590655 ],
		"SV_413" : [ -0.052737556, -0.044641636, -0.00081689376, -0.026327528, 0.010814616, 0.007141131, 0.048640098, -0.039493382, -0.035816193, 0.019632837 ],
		"SV_414" : [ 0.081666365, 0.05068012, 0.0067277909, -0.0045342813, 0.10988322, 0.11705624, -0.032355931, 0.091874607, 0.054719973, 0.0072065163 ],
		"SV_415" : [ -0.0055145551, -0.044641636, 0.0088834148, -0.050427485, 0.025950097, 0.047224134, -0.043400846, 0.071209982, 0.01482098, 0.0030644094 ],
		"SV_416" : [ -0.027309787, -0.044641636, 0.080019012, 0.098751247, -0.0029449128, 0.018101327, -0.017629381, 0.0033119174, -0.029526427, 0.036201265 ],
		"SV_417" : [ -0.052737556, -0.044641636, 0.071396515, -0.074527442, -0.015328488, -0.0013138774, 0.0044604456, -0.021411834, -0.046882533, 0.0030644094 ],
		"SV_418" : [ 0.0090155993, -0.044641636, -0.024528759, -0.026327528, 0.098875597, 0.094196402, 0.070729926, -0.0025922621, -0.021395309, 0.0072065163 ],
		"SV_419" : [ -0.020044709, -0.044641636, -0.054707497, -0.053870335, -0.066238746, -0.057367451, 0.011823721, -0.039493382, -0.074092604, -0.0052198046 ],
		"SV_420" : [ 0.023545753, -0.044641636, -0.036384691, 7.9138837e-05, 0.0011829459, 0.034698196, -0.043400846, 0.034308858, -0.033245593, 0.061053906 ],
		"SV_421" : [ 0.038075905, 0.05068012, 0.0164281, 0.021872386, 0.039709628, 0.045032095, -0.043400846, 0.071209982, 0.049770199, 0.01549073 ],
		"SV_422" : [ -0.078165323, 0.05068012, 0.077863388, 0.052858043, 0.078236304, 0.064447299, 0.026550272, -0.0025922621, 0.040672828, -0.0093619116 ],
		"SV_423" : [ 0.0090155993, 0.05068012, -0.039618127, 0.028758088, 0.038333673, 0.073528603, -0.072853945, 0.1081111, 0.015568459, -0.046640873 ],
		"SV_424" : [ 0.0017505219, 0.05068012, 0.011039039, -0.019441826, -0.016704442, -0.0038190652, -0.047082484, 0.034308858, 0.024055086, 0.023774944 ],
		"SV_425" : [ -0.078165323, -0.044641636, -0.040695939, -0.081413142, -0.10063756, -0.11279473, 0.022868635, -0.076394506, -0.020292321, -0.050782982 ],
		"SV_426" : [ 0.030810829, 0.05068012, -0.034229066, 0.043665633, 0.057597011, 0.068831377, -0.032355931, 0.057556566, 0.035458703, 0.08590655 ],
		"SV_427" : [ -0.034574863, 0.05068012, 0.0056499788, -0.0056704222, -0.073118508, -0.062690973, -0.0065844678, -0.039493382, -0.045424037, 0.032059159 ],
		"SV_428" : [ 0.048973523, 0.05068012, 0.088641509, 0.087286554, 0.035581768, 0.02154596, -0.024992656, 0.034308858, 0.066050664, 0.13146973 ],
		"SV_429" : [ -0.041839939, -0.044641636, -0.033151258, -0.022884678, 0.046589389, 0.041587461, 0.056003377, -0.024732934, -0.02595311, -0.038356658 ],
		"SV_430" : [ -0.0091470936, -0.044641636, -0.056863122, -0.050427485, 0.021822238, 0.045345243, -0.028674295, 0.034308858, -0.0099187652, -0.017646125 ],
		"SV_431" : [ 0.070768751, 0.05068012, -0.030995632, 0.021872386, -0.037343733, -0.047033552, 0.033913549, -0.039493382, -0.014959694, -0.0010776975 ],
		"SV_432" : [ 0.0090155993, -0.044641636, 0.055229332, -0.0056704222, 0.057597011, 0.044718947, -0.0029028298, 0.023238523, 0.055686228, 0.10661709 ],
		"SV_433" : [ -0.027309787, -0.044641636, -0.060096558, -0.02977038, 0.046589389, 0.019980218, 0.12227286, -0.039493382, -0.051403873, -0.0093619116 ],
		"SV_434" : [ 0.016280675, -0.044641636, 0.0013387303, 0.0081009818, 0.0053108046, 0.010898912, 0.03023191, -0.039493382, -0.045424037, 0.032059159 ],
		"SV_435" : [ -0.012779632, -0.044641636, -0.023450946, -0.040098932, -0.016704442, 0.0046359436, -0.017629381, -0.0025922621, -0.038459718, -0.038356658 ],
		"SV_436" : [ -0.056370094, -0.044641636, -0.074108116, -0.050427485, -0.024960158, -0.047033552, 0.09281975, -0.076394506, -0.061175801, -0.046640873 ],
		"SV_437" : [ 0.041708443, 0.05068012, 0.019661536, 0.059743747, -0.0056968182, -0.0025664712, -0.028674295, -0.0025922621, 0.031192603, 0.0072065163 ],
		"SV_438" : [ -0.0055145551, 0.05068012, -0.015906263, -0.067641743, 0.049341295, 0.07916528, -0.028674295, 0.034308858, -0.018113693, 0.04448548 ],
		"SV_439" : [ 0.041708443, 0.05068012, -0.015906263, 0.017293394, -0.037343733, -0.013839816, -0.024992656, -0.01107952, -0.046882533, 0.01549073 ],
		"SV_440" : [ -0.045472477, -0.044641636, 0.039062154, 0.0012152797, 0.016318427, 0.015282991, -0.028674295, 0.026559623, 0.04452873, -0.025930339 ],
		"SV_441" : [ -0.045472477, -0.044641636, -0.0730303, -0.081413142, 0.083740115, 0.027808929, 0.17381579, -0.039493382, -0.0042215139, 0.0030644094 ]
	},
	"SupportVectorsCoefs" : {
		"SV_coef_0" : [ -1, -1, -1, 1, -1, -1, 1, -1, -1, 1, -1, -1, 1, 1, -1, 1, 1, -1, -1, 1, -1, -1, -1, 1, 1, 1, 1, -1, -1, 1, -1, -1, 1, -1, -1, -1, 1, 1, 1, -1, -1, -1, -1, -1, 1, -1, 1, 1, -1, -1, -1, 1, -1, -1, 1, -1, -1, -1, 1, 1, -1, 1, -1, -1, -1, 1, 1, -1, 1, 1, -1, 1, 1, -1, -1, -1, 1, 1, 1, -1, -1, -1, -1, 1, -1, -0.25088513, -1, 1, -1, -1, -1, 1, -1, -1, -1, 1, -1, 1, -1, -1, -1, -1, 1, 1, -1, -1, 1, 1, 1, -1, -1, -1, 1, 1, 1, 1, 1, 1, 1, 1, 1, 1, 1, -1, -1, 1, -1, -1, -1, 1, 1, 1, -1, -1, -1, 1, -1, 1, 1, 1, -1, 1, 1, -1, 1, 1, 1, -1, -1, -1, 1, -1, 1, -1, 1, 1, -1, -1, -1, 1, -1, 1, 1, -1, 1, -1, -1, 1, 1, 1, -1, -1, 1, -1, 1, -1, 1, 1, -1, -1, -1, -1, -1, 1, 1, -1, 1, 1, -1, -1, 1, 1, -1, -1, -1, -1, -1, -1, 1, -1, 1, -1, 1, 1, 1, -1, 1, 1, 1, -1, 1, -1, -1, -1, -1, 1, 1, 1, 1, 1, -1, -1, 1, 1, -1, 1, -1, -1, 1, -1, 1, -1, 1, -1, 1, -1, -1, -1, 1, 1, 1, 1, -1, -1, 1, 1, -1, -1, 1, 1, 1, 1, -1, 1, 1, 1, 1, -1, -1, -1, -1, 1, 1, -1, 1, -1, -1, -1, 1, -1, 1, -1, 1, 1, -1, -1, 1, -1, -1, 1, 1, -1, 1, 1, 1, 1, -1, 1, -1, -1, 1, 1, -1, 1, -1, -1, -1, -1, 1, -1, 1, -1, 1, 1, 1, -1, -1, 1, -1, 1, -1, 1, -1, 1, -1, -1, 1, 1, -1, 1, -1, 1, 1, 1, 1, 1, -1, 1, -1, -1, 1, 1, 1, -1, -1, -1, 1, -1, 1, -1, 1, 1, 1, -1, 1, -1, 1, -1, 1, -1, 1, -1, -1, -1, 1, -1, -1, 1, -1, 1, 1, 1, 1, -1, 1, 1, 1, 1, -1, 1, -1, 1, -1, 1, 1, 1, 1, 1, 1, -1, -1, -1, 0.2508851, -1, -1, 1, -1, 1, -1, -1, 1, -1, -1, -1, 1, 1, -1, 1, 1, 1, 1, -1, 1, 1, 1, 1, -1, 1, 1, 1, 1, 1, 1, -1, 1, 1, 1, -1, -1, -1, -1, 1, 1, -1, -1, 1, -1, -1, 1, -1, 1, -1, 1, -1, -1, -1, -1, 1, -1, -1, 1, -1 ]
	},
	"rho" : [ -89.620804 ],
	"nSV" : [ ],
	"probA" : [ ],
	"probB" : [ ],
	"n_iter" : [ 221 ],
	"sv_ind" : [ 0, 1, 2, 3, 4, 5, 6, 7, 8, 9, 10, 11, 12, 13, 14, 15, 16, 17, 18, 19, 20, 21, 22, 23, 24, 25, 26, 27, 28, 29, 30, 31, 32, 33, 34, 35, 36, 37, 38, 39, 40, 41, 42, 43, 44, 45, 46, 47, 48, 49, 50, 51, 52, 53, 54, 55, 56, 57, 58, 59, 60, 61, 62, 63, 64, 65, 66, 67, 68, 69, 70, 71, 72, 73, 74, 75, 76, 77, 78, 79, 80, 81, 82, 83, 84, 85, 86, 87, 88, 89, 90, 91, 92, 93, 94, 95, 96, 97, 98, 99, 100, 101, 102, 103, 104, 105, 106, 107, 108, 109, 110, 111, 112, 113, 114, 115, 116, 117, 118, 119, 120, 121, 122, 123, 124, 125, 126, 127, 128, 129, 130, 131, 132, 133, 134, 135, 136, 137, 138, 139, 140, 141, 142, 143, 144, 145, 146, 147, 148, 149, 150, 151, 152, 153, 154, 155, 156, 157, 158, 159, 160, 161, 162, 163, 164, 165, 166, 167, 168, 169, 170, 171, 172, 173, 174, 175, 176, 177, 178, 179, 180, 181, 182, 183, 184, 185, 186, 187, 188, 189, 190, 191, 192, 193, 194, 195, 196, 197, 198, 199, 200, 201, 202, 203, 204, 205, 206, 207, 208, 209, 210, 211, 212, 213, 214, 215, 216, 217, 218, 219, 220, 221, 222, 223, 224, 225, 226, 227, 228, 229, 230, 231, 232, 233, 234, 235, 236, 237, 238, 239, 240, 241, 242, 243, 244, 245, 246, 247, 248, 249, 250, 251, 252, 253, 254, 255, 256, 257, 258, 259, 260, 261, 262, 263, 264, 265, 266, 267, 268, 269, 270, 271, 272, 273, 274, 275, 276, 277, 278, 279, 280, 281, 282, 283, 284, 285, 286, 287, 288, 289, 290, 291, 292, 293, 294, 295, 296, 297, 298, 299, 300, 301, 302, 303, 304, 305, 306, 307, 308, 309, 310, 311, 312, 313, 314, 315, 316, 317, 318, 319, 320, 321, 322, 323, 324, 325, 326, 327, 328, 329, 330, 331, 332, 333, 334, 335, 336, 337, 338, 339, 340, 341, 342, 343, 344, 345, 346, 347, 348, 349, 350, 351, 352, 353, 354, 355, 356, 357, 358, 359, 360, 361, 362, 363, 364, 365, 366, 367, 368, 369, 370, 371, 372, 373, 374, 375, 376, 377, 378, 379, 380, 381, 382, 383, 384, 385, 386, 387, 388, 389, 390, 391, 392, 393, 394, 395, 396, 397, 398, 399, 400, 401, 402, 403, 404, 405, 406, 407, 408, 409, 410, 411, 412, 413, 414, 415, 416, 417, 418, 419, 420, 421, 422, 423, 424, 425, 426, 427, 428, 429, 430, 431, 432, 433, 434, 435, 436, 437, 438, 439, 440, 441 ]
}
}
TREE_JSON_DUMP_END
MCU_DEPLOY_REGRESSION_CODE step 6
MCU_DEPLOY_REGRESSION_CODE step 7
MLLITE_AUTO_DEPLOY_DIABETES_MEDIUM_APPLY_OUTPUT_REG  [ 97.949196, 51.88147, 89.067009, 85.99173, 62.84671,  ... , 101.7179, 84.135506, 70.611641, 99.409264, 76.138184 ]
MLLITE_AUTO_DEPLOY_DIABETES_MEDIUM_REG_PERFS { "count" : 442, "rmse" : 95.745178, "mape" : 0.41081852, "R2" : -0.54592085 }
This will be printed
MCU_DEPLOY_REGRESSION_CODE step 8
MCU_DEPLOY_REGRESSION_CODE done
MLLITE_MCU_TIMER_OPERATION_ELAPSED_SECONDS 'MLLITE.MCU_DEPLOY.REGRESSION.Vapnik_NuSVR_RBF.DIABETES_MEDIUM' 1
MLLITE_MCU_TIMER_OPERATION_END 'MLLITE.MCU_DEPLOY.REGRESSION.Vapnik_NuSVR_RBF.DIABETES_MEDIUM' [ 'Tue Jan 23 09:44:28 2024' ]
MCU_DEPLOY_ON_TARGET_X86_64_END
