MCU_DEPLOY_ON_TARGET_ARMV7_32_START
MLLITE_MCU_TIMER_OPERATION_START 'MLLITE.MCU_DEPLOY.CLASSIFICATION.Rosenblatt_MLP.FOURCLASS_10_MEDIUM' [ 'Tue Jan 30 11:36:13 2024' ]
MLLite starting
MCU_DEPLOY_CLASSIFICATION_CODE CREATE_DATASET_STEP
MCU_DEPLOY_CLASSIFICATION_CODE CREATE_MODEL_STEP
MCU_DEPLOY_CLASSIFICATION_MODEL_OPTIONS
{  "hidden_layer_sizes" : [ 4, 6 ], "activation" : "relu", "solver" : "adam", "alpha" : 9.9999997e-05, "batch_size" : null, "learning_rate" : "constant", "learning_rate_init" : 0.001, "power_t" : 0.5, "max_iter" : 32, "shuffle" : 1, "random_state" : 1789, "tol" : 9.9999997e-05, "verbose" : 0, "warm_start" : 0, "momentum" : 0.89999998, "nesterovs_momentum" : 1, "early_stopping" : 0, "validation_fraction" : 0.1, "beta_1" : 0.89999998, "beta_2" : 0.99900001, "epsilon" : 9.9999999e-09, "n_iter_no_change" : 10, "max_fun" : 15000 }
MCU_DEPLOY_CLASSIFICATION_CODE FIT_MODEL_STEP
PROGRESS_REPORT_ELAPSED_TOTAL 'MLP_MODEL_FIT' 1 3
PROGRESS_REPORT_ELAPSED_TOTAL 'MLP_MODEL_FIT' 2 3
PROGRESS_REPORT_ELAPSED_TOTAL 'MLP_MODEL_FIT_BACK_PROP_ITERATION' 3 32
PROGRESS_REPORT_ELAPSED_TOTAL 'MLP_MODEL_FIT_BACK_PROP_ITERATION' 6 32
PROGRESS_REPORT_ELAPSED_TOTAL 'MLP_MODEL_FIT_BACK_PROP_ITERATION' 9 32
PROGRESS_REPORT_ELAPSED_TOTAL 'MLP_MODEL_FIT_BACK_PROP_ITERATION' 12 32
PROGRESS_REPORT_ELAPSED_TOTAL 'MLP_MODEL_FIT_BACK_PROP_ITERATION' 15 32
PROGRESS_REPORT_ELAPSED_TOTAL 'MLP_MODEL_FIT_BACK_PROP_ITERATION' 18 32
PROGRESS_REPORT_ELAPSED_TOTAL 'MLP_MODEL_FIT_BACK_PROP_ITERATION' 21 32
PROGRESS_REPORT_ELAPSED_TOTAL 'MLP_MODEL_FIT_BACK_PROP_ITERATION' 24 32
PROGRESS_REPORT_ELAPSED_TOTAL 'MLP_MODEL_FIT_BACK_PROP_ITERATION' 27 32
PROGRESS_REPORT_ELAPSED_TOTAL 'MLP_MODEL_FIT_BACK_PROP_ITERATION' 30 32
PROGRESS_REPORT_ELAPSED_TOTAL 'MLP_MODEL_FIT_BACK_PROP_ITERATION' 32 32
PROGRESS_REPORT_ELAPSED_TOTAL 'MLP_MODEL_FIT' 3 3
MCU_DEPLOY_CLASSIFICATION_CODE MODEL_JSON_EXPORT_STEP
MODEL_JSON_DUMP_START
{
	"metadata" : { "model" : "Rosenblatt_MLP", "version" : "2024-W04"},
	"options" : {  "hidden_layer_sizes" : [ 4, 6 ], "activation" : "relu", "solver" : "adam", "alpha" : 9.9999997e-05, "batch_size" : null, "learning_rate" : "constant", "learning_rate_init" : 0.001, "power_t" : 0.5, "max_iter" : 32, "shuffle" : 1, "random_state" : 1789, "tol" : 9.9999997e-05, "verbose" : 0, "warm_start" : 0, "momentum" : 0.89999998, "nesterovs_momentum" : 1, "early_stopping" : 0, "validation_fraction" : 0.1, "beta_1" : 0.89999998, "beta_2" : 0.99900001, "epsilon" : 9.9999999e-09, "n_iter_no_change" : 10, "max_fun" : 15000 },
	"classes" : [ 0, 1, 2, 3 ],
	"layers" : {
		"sizes" : [ 10, 4, 6, 4 ],
		"Layer_0" : {
			"name" : "Input_Layer",
			"NbInputs" : 0,
			"NbOutputs" : 10 
		},
		"Layer_1" : {
			"name" : "Hidden_Layer_1",
			"NbInputs" : 10,
			"NbOutputs" : 4 ,
			"coeffs_0" : [ -0.091214873, 0.2450677, -0.32910714, 0.047841731 ],
			"coeffs_1" : [ 0.081663378, -0.37044704, 0.25850183, -0.068024352 ],
			"coeffs_2" : [ 0.52966183, 0.10924432, 0.58464313, -0.14658672 ],
			"coeffs_3" : [ 0.72481579, -0.64663035, -0.27433127, 0.25054953 ],
			"coeffs_4" : [ 0.32620803, -0.24666692, -0.26555339, -0.50641197 ],
			"coeffs_5" : [ 0.25441498, -0.57506925, -0.17400147, -0.031675294 ],
			"coeffs_6" : [ -0.189303, -0.6461398, -0.31756455, 0.44067457 ],
			"coeffs_7" : [ -0.10193555, 0.10331117, -0.50448036, 0.13311772 ],
			"coeffs_8" : [ -0.12670399, 0.33663076, -0.060560517, 0.38435453 ],
			"coeffs_9" : [ -0.35869053, 0.60090828, -0.52591527, 0.31734774 ],
			"intercepts" : [ -0.46421131, 0.42804223, 0.23013571, 0.67916888 ]
		},
		"Layer_2" : {
			"name" : "Hidden_Layer_2",
			"NbInputs" : 4,
			"NbOutputs" : 6 ,
			"coeffs_0" : [ -0.56247318, -0.50570512, 0.34470338, 0.35087085, 0.46026966, 0.59318399 ],
			"coeffs_1" : [ 0.5628705, -0.48720866, 0.48204103, 0.68142009, -0.49689859, 0.28917331 ],
			"coeffs_2" : [ 0.19155911, 0.13818499, 0.1522481, 0.41223997, -0.69188374, 0.12542947 ],
			"coeffs_3" : [ 0.25005859, 0.47905567, -0.59015763, 0.61880887, -0.49018875, -0.78889441 ],
			"intercepts" : [ 0.7069841, 0.74110794, -0.039470062, -0.55785096, -0.088141054, 0.67412478 ]
		},
		"Layer_3" : {
			"name" : "Output_Layer",
			"NbInputs" : 6,
			"NbOutputs" : 4 ,
			"coeffs_0" : [ -0.51921463, 0.36649519, 0.29534709, 0.42594028 ],
			"coeffs_1" : [ 0.75185239, -0.32542139, 0.25032556, 0.57352823 ],
			"coeffs_2" : [ 0.57342827, -0.03133937, -0.7212919, 0.40443334 ],
			"coeffs_3" : [ 0.050827332, -0.14073339, -0.62238926, -0.67911315 ],
			"coeffs_4" : [ -0.23722766, 0.63597006, -0.024526561, -0.089888319 ],
			"coeffs_5" : [ -0.13537396, -0.64362627, 0.20221619, -0.19527757 ],
			"intercepts" : [ -0.24031416, -0.088095061, 0.25036055, -0.54774225 ]
		}
	}
}
MODEL_JSON_DUMP_END
MCU_DEPLOY_CLASSIFICATION_CODE MODEL_PREDICT_STEP
MLLITE_AUTO_DEPLOY_FOURCLASS_10_MEDIUM_APPLY_OUTPUT_CLASS  [ 2, 0, 2, 2, 3,  ... , 1, 2, 2, 2, 1 ]
MCU_DEPLOY_CLASSIFICATION_CODE MODEL_PREDICT_PROBA_STEP
MLLITE_AUTO_DEPLOY_FOURCLASS_10_MEDIUM_APPLY_OUTPUT_PROBA 0 [ 0.20374966, 0.1229502, 0.43041, 0.24289018 ]
MLLITE_AUTO_DEPLOY_FOURCLASS_10_MEDIUM_APPLY_OUTPUT_PROBA 1 [ 0.45021367, 0.25597104, 0.044666853, 0.24914844 ]
MLLITE_AUTO_DEPLOY_FOURCLASS_10_MEDIUM_APPLY_OUTPUT_PROBA 2 [ 0.28073868, 0.15693483, 0.36672229, 0.19560416 ]
MLLITE_AUTO_DEPLOY_FOURCLASS_10_MEDIUM_APPLY_OUTPUT_PROBA 3 [ 0.18243587, 0.11698986, 0.45750099, 0.24307333 ]
MLLITE_AUTO_DEPLOY_FOURCLASS_10_MEDIUM_APPLY_OUTPUT_PROBA 4 [ 0.18078448, 0.26126382, 0.26078919, 0.2971625 ]
...
MLLITE_AUTO_DEPLOY_FOURCLASS_10_MEDIUM_APPLY_OUTPUT_PROBA 507 [ 0.15143706, 0.33989993, 0.25009993, 0.25856307 ]
MLLITE_AUTO_DEPLOY_FOURCLASS_10_MEDIUM_APPLY_OUTPUT_PROBA 508 [ 0.15459538, 0.2386263, 0.32120278, 0.28557566 ]
MLLITE_AUTO_DEPLOY_FOURCLASS_10_MEDIUM_APPLY_OUTPUT_PROBA 509 [ 0.21945284, 0.14089523, 0.35788116, 0.28177071 ]
MLLITE_AUTO_DEPLOY_FOURCLASS_10_MEDIUM_APPLY_OUTPUT_PROBA 510 [ 0.23478356, 0.17658418, 0.41601864, 0.17261361 ]
MLLITE_AUTO_DEPLOY_FOURCLASS_10_MEDIUM_APPLY_OUTPUT_PROBA 511 [ 0.13533911, 0.51438773, 0.15220331, 0.19806989 ]
MCU_DEPLOY_CLASSIFICATION_CODE MODEL_COMPUTE_PERF_STEP
MLLITE_AUTO_DEPLOY_FOURCLASS_10_MEDIUM_CLASS_PERFS { "count" : 512, "precision" : 0.34375,  "AUC" : [ 0.63751513, 0.67818975, 0.61472833, 0.50076073 ] }
This will be printed
MCU_DEPLOY_CLASSIFICATION_CODE ALL_STEPS_OK
MCU_DEPLOY_CLASSIFICATION_CODE done
MLLITE_MCU_TIMER_OPERATION_ELAPSED_SECONDS 'MLLITE.MCU_DEPLOY.CLASSIFICATION.Rosenblatt_MLP.FOURCLASS_10_MEDIUM' 1
MLLITE_MCU_TIMER_OPERATION_END 'MLLITE.MCU_DEPLOY.CLASSIFICATION.Rosenblatt_MLP.FOURCLASS_10_MEDIUM' [ 'Tue Jan 30 11:36:14 2024' ]
MCU_DEPLOY_ON_TARGET_ARMV7_32_END
