MCU_DEPLOY_ON_TARGET_ARMV7_32_START
MLLITE_MCU_TIMER_OPERATION_START 'MLLITE.MCU_DEPLOY.CLASSIFICATION.Rosenblatt_MLP.DIGITS_MEDIUM' [ 'Tue Jan 30 11:36:36 2024' ]
MLLite starting
MCU_DEPLOY_CLASSIFICATION_CODE CREATE_DATASET_STEP
MCU_DEPLOY_CLASSIFICATION_CODE CREATE_MODEL_STEP
MCU_DEPLOY_CLASSIFICATION_MODEL_OPTIONS
{  "hidden_layer_sizes" : [ 4, 6 ], "activation" : "relu", "solver" : "adam", "alpha" : 9.9999997e-05, "batch_size" : null, "learning_rate" : "constant", "learning_rate_init" : 0.001, "power_t" : 0.5, "max_iter" : 32, "shuffle" : 1, "random_state" : 1789, "tol" : 9.9999997e-05, "verbose" : 0, "warm_start" : 0, "momentum" : 0.89999998, "nesterovs_momentum" : 1, "early_stopping" : 0, "validation_fraction" : 0.1, "beta_1" : 0.89999998, "beta_2" : 0.99900001, "epsilon" : 9.9999999e-09, "n_iter_no_change" : 10, "max_fun" : 15000 }
MCU_DEPLOY_CLASSIFICATION_CODE FIT_MODEL_STEP
PROGRESS_REPORT_ELAPSED_TOTAL 'MLP_MODEL_FIT' 1 3
PROGRESS_REPORT_ELAPSED_TOTAL 'MLP_MODEL_FIT' 2 3
PROGRESS_REPORT_ELAPSED_TOTAL 'MLP_MODEL_FIT_BACK_PROP_ITERATION' 3 32
PROGRESS_REPORT_ELAPSED_TOTAL 'MLP_MODEL_FIT_BACK_PROP_ITERATION' 6 32
PROGRESS_REPORT_ELAPSED_TOTAL 'MLP_MODEL_FIT_BACK_PROP_ITERATION' 9 32
PROGRESS_REPORT_ELAPSED_TOTAL 'MLP_MODEL_FIT_BACK_PROP_ITERATION' 12 32
PROGRESS_REPORT_ELAPSED_TOTAL 'MLP_MODEL_FIT_BACK_PROP_ITERATION' 15 32
PROGRESS_REPORT_ELAPSED_TOTAL 'MLP_MODEL_FIT_BACK_PROP_ITERATION' 18 32
PROGRESS_REPORT_ELAPSED_TOTAL 'MLP_MODEL_FIT_BACK_PROP_ITERATION' 21 32
PROGRESS_REPORT_ELAPSED_TOTAL 'MLP_MODEL_FIT_BACK_PROP_ITERATION' 24 32
PROGRESS_REPORT_ELAPSED_TOTAL 'MLP_MODEL_FIT_BACK_PROP_ITERATION' 27 32
PROGRESS_REPORT_ELAPSED_TOTAL 'MLP_MODEL_FIT_BACK_PROP_ITERATION' 30 32
PROGRESS_REPORT_ELAPSED_TOTAL 'MLP_MODEL_FIT_BACK_PROP_ITERATION' 32 32
PROGRESS_REPORT_ELAPSED_TOTAL 'MLP_MODEL_FIT' 3 3
MCU_DEPLOY_CLASSIFICATION_CODE MODEL_JSON_EXPORT_STEP
MODEL_JSON_DUMP_START
{
	"metadata" : { "model" : "Rosenblatt_MLP", "version" : "2024-W04"},
	"options" : {  "hidden_layer_sizes" : [ 4, 6 ], "activation" : "relu", "solver" : "adam", "alpha" : 9.9999997e-05, "batch_size" : null, "learning_rate" : "constant", "learning_rate_init" : 0.001, "power_t" : 0.5, "max_iter" : 32, "shuffle" : 1, "random_state" : 1789, "tol" : 9.9999997e-05, "verbose" : 0, "warm_start" : 0, "momentum" : 0.89999998, "nesterovs_momentum" : 1, "early_stopping" : 0, "validation_fraction" : 0.1, "beta_1" : 0.89999998, "beta_2" : 0.99900001, "epsilon" : 9.9999999e-09, "n_iter_no_change" : 10, "max_fun" : 15000 },
	"classes" : [ 0, 1, 2, 3, 4, 5, 6, 7, 8, 9 ],
	"layers" : {
		"sizes" : [ 64, 4, 6, 10 ],
		"Layer_0" : {
			"name" : "Input_Layer",
			"NbInputs" : 0,
			"NbOutputs" : 64 
		},
		"Layer_1" : {
			"name" : "Hidden_Layer_1",
			"NbInputs" : 64,
			"NbOutputs" : 4 ,
			"coeffs_00" : [ -0.0088904221, 0.0999, -0.072679542, -0.007257835 ],
			"coeffs_01" : [ 0.00074420386, -0.25374413, 0.05080732, -0.03044972 ],
			"coeffs_02" : [ 0.20047049, 0.011710182, 0.20534238, -0.090080872 ],
			"coeffs_03" : [ 0.24822073, -0.31384379, -0.16141115, 0.067776263 ],
			"coeffs_04" : [ 0.11135054, -0.19132738, -0.14913352, -0.27165803 ],
			"coeffs_05" : [ 0.083996147, -0.33939645, 0.014684504, -0.031880938 ],
			"coeffs_06" : [ -0.096509814, -0.30666566, -0.080282457, 0.19086385 ],
			"coeffs_07" : [ -0.04653015, -0.019912288, -0.27268219, -0.028878106 ],
			"coeffs_08" : [ -0.12212078, 0.080411457, -0.027697019, 0.12472563 ],
			"coeffs_09" : [ -0.24668086, 0.20801894, -0.25293377, 0.11858414 ],
			"coeffs_10" : [ -0.25890711, 0.11063029, 0.034999739, 0.22545765 ],
			"coeffs_11" : [ -0.22948422, -0.28028119, 0.057731159, 0.064649373 ],
			"coeffs_12" : [ 0.15586469, 0.20350176, 0.21766935, -0.23268898 ],
			"coeffs_13" : [ 0.13245136, 0.19043051, -0.12180576, 0.089053892 ],
			"coeffs_14" : [ 0.044663791, -0.020926716, 0.10430007, 0.11053422 ],
			"coeffs_15" : [ -0.2793566, 0.011766255, 0.11646417, 0.12495182 ],
			"coeffs_16" : [ -0.18863004, 0.14525202, -0.10955527, -0.20822825 ],
			"coeffs_17" : [ 0.24905206, 0.22847301, -0.045689605, -0.28171119 ],
			"coeffs_18" : [ -0.052212127, 0.22906943, -0.21721317, 0.072935805 ],
			"coeffs_19" : [ 0.095773675, 0.12568924, 0.25504139, -0.18887092 ],
			"coeffs_20" : [ 0.079764999, 0.16144447, 0.21534932, -0.06575457 ],
			"coeffs_21" : [ -0.30478573, 0.095435642, 0.029286414, -0.099654108 ],
			"coeffs_22" : [ -0.25559083, -0.32966676, -0.058901995, 0.21525453 ],
			"coeffs_23" : [ -0.0085373223, -0.075156949, -0.083722189, -0.30874538 ],
			"coeffs_24" : [ 0.081361085, -0.099189654, -0.067923196, -0.075394467 ],
			"coeffs_25" : [ 0.083153509, -0.26692566, -0.047851291, 0.13325009 ],
			"coeffs_26" : [ 0.1559111, 0.19757436, 0.22226353, 0.12500748 ],
			"coeffs_27" : [ -0.16747768, -0.020063438, 0.10964569, 0.15854356 ],
			"coeffs_28" : [ 0.1005986, -0.046048436, 0.17086384, 0.16301306 ],
			"coeffs_29" : [ 0.0084915571, -0.15364791, -0.068184815, -0.18853493 ],
			"coeffs_30" : [ 0.12356573, 0.10998157, -0.2292521, 0.060890861 ],
			"coeffs_31" : [ -0.13047129, -0.00018607781, 0.025201701, -0.071305439 ],
			"coeffs_32" : [ 0.084485777, -0.21385714, -0.20112823, 0.15928423 ],
			"coeffs_33" : [ 0.2487056, -0.25444445, -0.17096113, -0.24788056 ],
			"coeffs_34" : [ -0.25658375, -0.2817798, -0.14407174, -0.10700184 ],
			"coeffs_35" : [ -0.2309407, -0.25756881, -0.2629225, 0.014838217 ],
			"coeffs_36" : [ -0.23913293, -0.27772424, 0.056448344, 0.059431512 ],
			"coeffs_37" : [ -0.089754455, 0.028472096, -0.0054611489, -0.23498376 ],
			"coeffs_38" : [ -0.084190637, 0.18894631, 0.21576265, -0.078172632 ],
			"coeffs_39" : [ -0.18781897, -0.091656983, 0.074764676, -0.18164462 ],
			"coeffs_40" : [ 0.057946306, -0.10276875, 0.20714833, 0.21830913 ],
			"coeffs_41" : [ -0.15395786, 0.098271489, -0.21474616, 0.18389918 ],
			"coeffs_42" : [ -0.27810541, 0.12334967, -0.0082330694, -0.20684722 ],
			"coeffs_43" : [ 0.10178729, 0.094500199, -0.03667511, -0.17001726 ],
			"coeffs_44" : [ 0.20481595, 0.20706132, -0.11416789, -0.012117624 ],
			"coeffs_45" : [ 0.11634307, -0.018166535, -0.032222841, 0.23143061 ],
			"coeffs_46" : [ 0.061622284, 0.066570349, -0.27653393, -0.073319532 ],
			"coeffs_47" : [ 0.2603462, 0.18452778, -0.045713264, -0.06336157 ],
			"coeffs_48" : [ 0.19363336, -0.16409212, 0.015356535, 0.22643878 ],
			"coeffs_49" : [ -0.31011397, -0.21108133, -0.21627611, -0.19213296 ],
			"coeffs_50" : [ -0.16198508, -0.057798725, -0.2789889, 0.14117305 ],
			"coeffs_51" : [ 0.23469517, -0.00010256212, 0.012191623, 0.073646769 ],
			"coeffs_52" : [ -0.014861958, 0.091569602, 0.018204719, 0.13391024 ],
			"coeffs_53" : [ 0.090192333, -0.17644548, -0.049910299, -0.29408967 ],
			"coeffs_54" : [ -0.20499922, -0.2225005, 0.044346433, -0.078328192 ],
			"coeffs_55" : [ -0.17358248, -0.26614925, 0.21663557, -0.14942297 ],
			"coeffs_56" : [ -0.084994912, 0.09228237, 0.08617723, 0.11349843 ],
			"coeffs_57" : [ -0.32065147, 0.17885408, 0.21428283, 0.1831179 ],
			"coeffs_58" : [ -0.035512157, 0.24529946, 0.14414892, 0.036760431 ],
			"coeffs_59" : [ -0.14759909, 0.211244, -0.32799965, -0.31944901 ],
			"coeffs_60" : [ -0.073030844, -0.066110313, 0.096948884, 0.20364015 ],
			"coeffs_61" : [ 0.014764221, -0.091906279, -0.13477387, -0.21066308 ],
			"coeffs_62" : [ 0.033801578, 0.076943383, -0.24709843, -0.072882004 ],
			"coeffs_63" : [ 0.14211561, -0.13303645, -0.034060318, -0.093875051 ],
			"intercepts" : [ 0.060869306, -0.20178792, -0.023442473, 0.15902266 ]
		},
		"Layer_2" : {
			"name" : "Hidden_Layer_2",
			"NbInputs" : 4,
			"NbOutputs" : 6 ,
			"coeffs_0" : [ 0.27084559, 0.46270892, 0.50414622, 0.50151557, 0.22178859, -0.55964696 ],
			"coeffs_1" : [ -0.020725528, -0.53500634, 0.27125472, 0.13404122, 0.71430469, 0.36411554 ],
			"coeffs_2" : [ 0.72295958, -0.45681861, 0.20425065, 0.42957276, 0.24484672, 0.65296942 ],
			"coeffs_3" : [ -0.36334184, 0.55460095, 0.31715119, 0.73619884, -0.061629362, 0.27787793 ],
			"intercepts" : [ 0.47326335, 0.29410982, 0.41516888, -0.80566341, 0.23984835, 0.5968585 ]
		},
		"Layer_3" : {
			"name" : "Output_Layer",
			"NbInputs" : 6,
			"NbOutputs" : 10 ,
			"coeffs_0" : [ 0.068369597, 0.49774411, -0.13564518, 0.26381427, -0.36154306, 0.074041732, -0.62413812, 0.37994576, 0.10795689, 0.042034026 ],
			"coeffs_1" : [ 0.20019439, -0.50724679, -0.38651374, -0.12879498, -0.44639555, 0.29135567, -0.077116594, -0.14116672, -0.087926716, 0.39657226 ],
			"coeffs_2" : [ 0.35283032, -0.23940374, 0.36522684, -0.47720668, 0.54614615, -0.10307357, 0.11307134, -0.33678022, -0.3152265, 0.17207761 ],
			"coeffs_3" : [ -0.1891575, 0.56268424, -0.51888925, -0.27091995, 0.30220231, 0.086167693, 0.38379857, 0.41782039, -0.33099759, -0.3822898 ],
			"coeffs_4" : [ -0.45994765, 0.14927463, 0.21125422, 0.30599135, -0.13415833, 0.063015252, 0.53739369, -0.41459647, -0.12716675, -0.14355505 ],
			"coeffs_5" : [ 0.05460624, -0.24354412, -0.14645697, -0.16938244, -0.065379113, 0.31353939, 0.036215451, -0.21975984, -0.13620168, 0.086310208 ],
			"intercepts" : [ 0.49925929, 0.035191756, -0.40321097, -0.21364778, -0.4269048, 0.26899794, -0.33697996, -0.040165868, -0.36936507, 0.11216917 ]
		}
	}
}
MODEL_JSON_DUMP_END
MCU_DEPLOY_CLASSIFICATION_CODE MODEL_PREDICT_STEP
MLLITE_AUTO_DEPLOY_DIGITS_MEDIUM_APPLY_OUTPUT_CLASS  [ 5, 1, 0, 0, 0,  ... , 0, 5, 0, 5, 0 ]
MCU_DEPLOY_CLASSIFICATION_CODE MODEL_PREDICT_PROBA_STEP
MLLITE_AUTO_DEPLOY_DIGITS_MEDIUM_APPLY_OUTPUT_PROBA 0 [ 0.14970456, 0.10295024, 0.0889671, 0.076760322, 0.068545222, 0.18704842, 0.10542144, 0.049635552, 0.046197414, 0.12476957 ]
MLLITE_AUTO_DEPLOY_DIGITS_MEDIUM_APPLY_OUTPUT_PROBA 1 [ 0.05562808, 0.71439725, 0.0040691271, 0.0042308513, 0.038515784, 0.086197086, 0.025065256, 0.050540123, 0.00088864088, 0.020467754 ]
MLLITE_AUTO_DEPLOY_DIGITS_MEDIUM_APPLY_OUTPUT_PROBA 2 [ 0.19674185, 0.093247481, 0.063843831, 0.071531467, 0.057333358, 0.17623673, 0.064395808, 0.077504978, 0.056590404, 0.14257406 ]
MLLITE_AUTO_DEPLOY_DIGITS_MEDIUM_APPLY_OUTPUT_PROBA 3 [ 0.18567939, 0.1189554, 0.066592321, 0.07499934, 0.054939713, 0.18531041, 0.053676862, 0.076604225, 0.052713461, 0.13052879 ]
MLLITE_AUTO_DEPLOY_DIGITS_MEDIUM_APPLY_OUTPUT_PROBA 4 [ 0.19674185, 0.093247481, 0.063843831, 0.071531467, 0.057333358, 0.17623673, 0.064395808, 0.077504978, 0.056590404, 0.14257406 ]
...
MLLITE_AUTO_DEPLOY_DIGITS_MEDIUM_APPLY_OUTPUT_PROBA 507 [ 0.19674185, 0.093247481, 0.063843831, 0.071531467, 0.057333358, 0.17623673, 0.064395808, 0.077504978, 0.056590404, 0.14257406 ]
MLLITE_AUTO_DEPLOY_DIGITS_MEDIUM_APPLY_OUTPUT_PROBA 508 [ 0.18196307, 0.060716074, 0.076247059, 0.048520308, 0.078498945, 0.20746665, 0.12655762, 0.03732574, 0.035587102, 0.14711747 ]
MLLITE_AUTO_DEPLOY_DIGITS_MEDIUM_APPLY_OUTPUT_PROBA 509 [ 0.24569745, 0.042480819, 0.046697918, 0.037754066, 0.059957914, 0.21503364, 0.083385043, 0.048498623, 0.036896054, 0.18359838 ]
MLLITE_AUTO_DEPLOY_DIGITS_MEDIUM_APPLY_OUTPUT_PROBA 510 [ 0.16453692, 0.1742399, 0.043093424, 0.066499107, 0.033549704, 0.26623291, 0.030652585, 0.069319203, 0.033476308, 0.11839986 ]
MLLITE_AUTO_DEPLOY_DIGITS_MEDIUM_APPLY_OUTPUT_PROBA 511 [ 0.25026551, 0.040939376, 0.037078429, 0.030501883, 0.061326865, 0.2316191, 0.089042366, 0.048657946, 0.030555671, 0.18001302 ]
MCU_DEPLOY_CLASSIFICATION_CODE MODEL_COMPUTE_PERF_STEP
MLLITE_AUTO_DEPLOY_DIGITS_MEDIUM_CLASS_PERFS { "count" : 512, "precision" : 0.15234375,  "AUC" : [ 0.4509804, 0.92265886, 0.83482444, 0.60660994, 0.43298882, 0.68319398, 0.65475732, 0.82846326, 0.77581877, 0.55575758 ] }
This will be printed
MCU_DEPLOY_CLASSIFICATION_CODE ALL_STEPS_OK
MCU_DEPLOY_CLASSIFICATION_CODE done
MLLITE_MCU_TIMER_OPERATION_ELAPSED_SECONDS 'MLLITE.MCU_DEPLOY.CLASSIFICATION.Rosenblatt_MLP.DIGITS_MEDIUM' 1
MLLITE_MCU_TIMER_OPERATION_END 'MLLITE.MCU_DEPLOY.CLASSIFICATION.Rosenblatt_MLP.DIGITS_MEDIUM' [ 'Tue Jan 30 11:36:37 2024' ]
MCU_DEPLOY_ON_TARGET_ARMV7_32_END
