MCU_DEPLOY_ON_TARGET_ARMV7_32_START
MLLITE_MCU_TIMER_OPERATION_START 'MLLITE.MCU_DEPLOY.CLASSIFICATION.Friedman_XGB.FOURCLASS_10_ORIGINAL' [ 'Sat Feb  3 21:09:52 2024' ]
MLLite starting
MCU_DEPLOY_CLASSIFICATION_CODE CREATE_DATASET_STEP
MCU_DEPLOY_CLASSIFICATION_CODE CREATE_MODEL_STEP
MCU_DEPLOY_CLASSIFICATION_MODEL_OPTIONS
{ "base_score" : [ ], "early_stopping_rounds" : 0, "eval_metric" : "", "gamma" : 0, "grow_policy" : 0, "learning_rate" : 0.30000001, "max_bin" : 5, "max_depth" : 6, "max_leaves" : 32, "min_child_weight" : 10, "n_estimators" : 6, "objective" : "reg:squarederror", "reg_alpha" : 0, "reg_lambda" : 1, "tree_method" : "auto" }
MCU_DEPLOY_CLASSIFICATION_CODE FIT_MODEL_STEP
PROGRESS_REPORT_ELAPSED_TOTAL 'XGB_CLASSIFIER_FIT' 1 3
PROGRESS_REPORT_ELAPSED_TOTAL 'XGB_CLASSIFIER_FIT' 2 3
PROGRESS_REPORT_ELAPSED_TOTAL 'XGB_MODEL_FIT' 1 8
PROGRESS_REPORT_ELAPSED_TOTAL 'XGB_MODEL_FIT' 2 8
PROGRESS_REPORT_ELAPSED_TOTAL 'XGB_MODEL_FIT' 3 8
PROGRESS_REPORT_ELAPSED_TOTAL 'XGB_MODEL_FIT' 4 8
PROGRESS_REPORT_ELAPSED_TOTAL 'XGB_MODEL_FIT' 5 8
PROGRESS_REPORT_ELAPSED_TOTAL 'XGB_MODEL_FIT' 6 8
PROGRESS_REPORT_ELAPSED_TOTAL 'XGB_MODEL_FIT' 7 8
PROGRESS_REPORT_ELAPSED_TOTAL 'XGB_MODEL_FIT' 8 8
PROGRESS_REPORT_ELAPSED_TOTAL 'XGB_CLASSIFIER_FIT' 3 3
MCU_DEPLOY_CLASSIFICATION_CODE MODEL_JSON_EXPORT_STEP
MODEL_JSON_DUMP_START
{
	"metadata" : { "model" : "Friedman_XGB", "version" : "2024-W04"},
	"options" : { "base_score" : [ ], "early_stopping_rounds" : 0, "eval_metric" : "", "gamma" : 0, "grow_policy" : 0, "learning_rate" : 0.30000001, "max_bin" : 5, "max_depth" : 6, "max_leaves" : 32, "min_child_weight" : 10, "n_estimators" : 6, "objective" : "reg:squarederror", "reg_alpha" : 0, "reg_lambda" : 1, "tree_method" : "auto" },
	"dataset" : { "dataset_rows" : 1024, "dataset_features" : 10 },
	"classes" : [ 0, 1, 2, 3 ],
	"booster" : {
		"BaseScore" : [ 0.25, 0.24902344, 0.25195312, 0.24902344 ],
		"Trees" : 6,
		"Tree_0" : {
			"Node_00" : { "leaf_value" : [ ], "parent" : null, "left" : 1, "right" : 2, "svalue" : -0.039238248, "sindex" : 7 },
			"Node_01" : { "leaf_value" : [ ], "parent" : 0, "left" : 3, "right" : 4, "svalue" : -0.39365029, "sindex" : 8 },
			"Node_02" : { "leaf_value" : [ ], "parent" : 0, "left" : 5, "right" : 6, "svalue" : 0.48558784, "sindex" : 8 },
			"Node_03" : { "leaf_value" : [ ], "parent" : 1, "left" : 7, "right" : 8, "svalue" : -0.19077259, "sindex" : 3 },
			"Node_04" : { "leaf_value" : [ ], "parent" : 1, "left" : 9, "right" : 10, "svalue" : 0.83858293, "sindex" : 3 },
			"Node_05" : { "leaf_value" : [ ], "parent" : 2, "left" : 11, "right" : 12, "svalue" : -0.39365029, "sindex" : 8 },
			"Node_06" : { "leaf_value" : [ ], "parent" : 2, "left" : 13, "right" : 14, "svalue" : 1.0068529, "sindex" : 7 },
			"Node_07" : { "leaf_value" : [ ], "parent" : 3, "left" : 15, "right" : 16, "svalue" : -0.46624133, "sindex" : 0 },
			"Node_08" : { "leaf_value" : [ ], "parent" : 3, "left" : 17, "right" : 18, "svalue" : 0.41992474, "sindex" : 0 },
			"Node_09" : { "leaf_value" : [ ], "parent" : 4, "left" : 19, "right" : 20, "svalue" : 0.41992474, "sindex" : 0 },
			"Node_10" : { "leaf_value" : [ ], "parent" : 4, "left" : 21, "right" : 22, "svalue" : -1.2301323, "sindex" : 1 },
			"Node_11" : { "leaf_value" : [ ], "parent" : 5, "left" : 23, "right" : 24, "svalue" : 0.83858293, "sindex" : 3 },
			"Node_12" : { "leaf_value" : [ ], "parent" : 5, "left" : 25, "right" : 26, "svalue" : -0.19077259, "sindex" : 3 },
			"Node_13" : { "leaf_value" : [ ], "parent" : 6, "left" : 27, "right" : 28, "svalue" : -0.29673144, "sindex" : 1 },
			"Node_14" : { "leaf_value" : [ ], "parent" : 6, "left" : 29, "right" : 30, "svalue" : -0.22552405, "sindex" : 2 },
			"Node_15" : { "leaf_value" : [ ], "parent" : 7, "left" : 31, "right" : 32, "svalue" : 0.25261217, "sindex" : 5 },
			"Node_16" : { "leaf_value" : [ ], "parent" : 7, "left" : 33, "right" : 34, "svalue" : -1.0622915, "sindex" : 6 },
			"Node_17" : { "leaf_value" : [ 0.19024414, -0.16088951, -0.14653184, 0.11733169 ], "parent" : 8, "left" : null, "right" : null, "svalue" : 0, "sindex" : 0 },
			"Node_18" : { "leaf_value" : [ ], "parent" : 8, "left" : 35, "right" : 36, "svalue" : 0.83858293, "sindex" : 3 },
			"Node_19" : { "leaf_value" : [ ], "parent" : 9, "left" : 37, "right" : 38, "svalue" : -0.84765804, "sindex" : 7 },
			"Node_20" : { "leaf_value" : [ ], "parent" : 9, "left" : 39, "right" : 40, "svalue" : 0.48558784, "sindex" : 8 },
			"Node_21" : { "leaf_value" : [ 0.50335586, -0.1730762, -0.14113565, -0.1891935 ], "parent" : 10, "left" : null, "right" : null, "svalue" : 0, "sindex" : 0 },
			"Node_22" : { "leaf_value" : [ 0.3473686, -0.056697041, -0.13283119, -0.15780999 ], "parent" : 10, "left" : null, "right" : null, "svalue" : 0, "sindex" : 0 },
			"Node_23" : { "leaf_value" : [ ], "parent" : 11, "left" : 41, "right" : 42, "svalue" : -1.3688399, "sindex" : 8 },
			"Node_24" : { "leaf_value" : [ -0.10112347, -0.18195257, 0.0063782982, 0.27674636 ], "parent" : 11, "left" : null, "right" : null, "svalue" : 0, "sindex" : 0 },
			"Node_25" : { "leaf_value" : [ ], "parent" : 12, "left" : 43, "right" : 44, "svalue" : -0.46624133, "sindex" : 0 },
			"Node_26" : { "leaf_value" : [ 0.104348, -0.052026529, 0.051755533, -0.1042315 ], "parent" : 12, "left" : null, "right" : null, "svalue" : 0, "sindex" : 0 },
			"Node_27" : { "leaf_value" : [ 0.033708021, 0.33071095, -0.18216239, -0.18195257 ], "parent" : 13, "left" : null, "right" : null, "svalue" : 0, "sindex" : 0 },
			"Node_28" : { "leaf_value" : [ ], "parent" : 13, "left" : 45, "right" : 46, "svalue" : -0.46624133, "sindex" : 0 },
			"Node_29" : { "leaf_value" : [ -0.17260268, 0.48541504, -0.12350514, -0.18897283 ], "parent" : 14, "left" : null, "right" : null, "svalue" : 0, "sindex" : 0 },
			"Node_30" : { "leaf_value" : [ -0.17315423, 0.55220306, -0.1893983, -0.18919353 ], "parent" : 14, "left" : null, "right" : null, "svalue" : 0, "sindex" : 0 },
			"Node_31" : { "leaf_value" : [ 0.33084142, -0.18497752, -0.0059619201, -0.14009064 ], "parent" : 15, "left" : null, "right" : null, "svalue" : 0, "sindex" : 0 },
			"Node_32" : { "leaf_value" : [ 0.13846175, -0.18454605, 0.18403348, -0.13836443 ], "parent" : 15, "left" : null, "right" : null, "svalue" : 0, "sindex" : 0 },
			"Node_33" : { "leaf_value" : [ -0.10434773, -0.18253893, 0.28625938, 0.00017845983 ], "parent" : 16, "left" : null, "right" : null, "svalue" : 0, "sindex" : 0 },
			"Node_34" : { "leaf_value" : [ -0.085714184, -0.18850304, 0.42767799, -0.15419625 ], "parent" : 16, "left" : null, "right" : null, "svalue" : 0, "sindex" : 0 },
			"Node_35" : { "leaf_value" : [ -0.18688521, -0.18681642, 0.12734869, 0.24623401 ], "parent" : 18, "left" : null, "right" : null, "svalue" : 0, "sindex" : 0 },
			"Node_36" : { "leaf_value" : [ -0.14430377, -0.18980533, -0.15966739, 0.4941619 ], "parent" : 18, "left" : null, "right" : null, "svalue" : 0, "sindex" : 0 },
			"Node_37" : { "leaf_value" : [ ], "parent" : 19, "left" : 47, "right" : 48, "svalue" : -1.6651212, "sindex" : 3 },
			"Node_38" : { "leaf_value" : [ ], "parent" : 19, "left" : 49, "right" : 50, "svalue" : -0.92531294, "sindex" : 3 },
			"Node_39" : { "leaf_value" : [ -0.052799851, -0.16791955, 0.11948853, 0.10104442 ], "parent" : 20, "left" : null, "right" : null, "svalue" : 0, "sindex" : 0 },
			"Node_40" : { "leaf_value" : [ 0.17468368, -0.022613354, 0.02238608, -0.17460606 ], "parent" : 20, "left" : null, "right" : null, "svalue" : 0, "sindex" : 0 },
			"Node_41" : { "leaf_value" : [ -0.12774189, -0.1896093, 0.49063659, -0.17411585 ], "parent" : 23, "left" : null, "right" : null, "svalue" : 0, "sindex" : 0 },
			"Node_42" : { "leaf_value" : [ -0.068181679, -0.040747959, 0.27201623, -0.16355158 ], "parent" : 23, "left" : null, "right" : null, "svalue" : 0, "sindex" : 0 },
			"Node_43" : { "leaf_value" : [ -0.036734555, 0.28198072, -0.0615099, -0.18360391 ], "parent" : 25, "left" : null, "right" : null, "svalue" : 0, "sindex" : 0 },
			"Node_44" : { "leaf_value" : [ -0.16039595, 0.22011386, 0.053041875, -0.11275908 ], "parent" : 25, "left" : null, "right" : null, "svalue" : 0, "sindex" : 0 },
			"Node_45" : { "leaf_value" : [ -0.14482749, 0.37282181, -0.18634495, -0.041222431 ], "parent" : 28, "left" : null, "right" : null, "svalue" : 0, "sindex" : 0 },
			"Node_46" : { "leaf_value" : [ -0.09532699, 0.33122152, -0.095573641, -0.14009063 ], "parent" : 28, "left" : null, "right" : null, "svalue" : 0, "sindex" : 0 },
			"Node_47" : { "leaf_value" : [ 0.13846169, -0.13836443, -0.13865574, 0.13872524 ], "parent" : 37, "left" : null, "right" : null, "svalue" : 0, "sindex" : 0 },
			"Node_48" : { "leaf_value" : [ -0.081711918, -0.14698522, -0.17525496, 0.40433547 ], "parent" : 37, "left" : null, "right" : null, "svalue" : 0, "sindex" : 0 },
			"Node_49" : { "leaf_value" : [ 1.5549045e-07, -0.025924025, -0.13063639, 0.15679339 ], "parent" : 38, "left" : null, "right" : null, "svalue" : 0, "sindex" : 0 },
			"Node_50" : { "leaf_value" : [ -0.10736831, 0.17080712, -0.15806425, 0.094972409 ], "parent" : 38, "left" : null, "right" : null, "svalue" : 0, "sindex" : 0 }
		},
		"Tree_1" : {
			"Node_00" : { "leaf_value" : [ ], "parent" : null, "left" : 1, "right" : 2, "svalue" : -0.039238248, "sindex" : 7 },
			"Node_01" : { "leaf_value" : [ ], "parent" : 0, "left" : 3, "right" : 4, "svalue" : -0.39365029, "sindex" : 8 },
			"Node_02" : { "leaf_value" : [ ], "parent" : 0, "left" : 5, "right" : 6, "svalue" : -0.39365029, "sindex" : 8 },
			"Node_03" : { "leaf_value" : [ ], "parent" : 1, "left" : 7, "right" : 8, "svalue" : -0.19077259, "sindex" : 3 },
			"Node_04" : { "leaf_value" : [ ], "parent" : 1, "left" : 9, "right" : 10, "svalue" : -0.46624133, "sindex" : 0 },
			"Node_05" : { "leaf_value" : [ ], "parent" : 2, "left" : 11, "right" : 12, "svalue" : -0.19077259, "sindex" : 3 },
			"Node_06" : { "leaf_value" : [ ], "parent" : 2, "left" : 13, "right" : 14, "svalue" : 0.83858293, "sindex" : 3 },
			"Node_07" : { "leaf_value" : [ ], "parent" : 3, "left" : 15, "right" : 16, "svalue" : 0.41992474, "sindex" : 0 },
			"Node_08" : { "leaf_value" : [ ], "parent" : 3, "left" : 17, "right" : 18, "svalue" : 0.41992474, "sindex" : 0 },
			"Node_09" : { "leaf_value" : [ ], "parent" : 4, "left" : 19, "right" : 20, "svalue" : -1.6651212, "sindex" : 3 },
			"Node_10" : { "leaf_value" : [ ], "parent" : 4, "left" : 21, "right" : 22, "svalue" : 0.83858293, "sindex" : 3 },
			"Node_11" : { "leaf_value" : [ ], "parent" : 5, "left" : 23, "right" : 24, "svalue" : 1.0068529, "sindex" : 7 },
			"Node_12" : { "leaf_value" : [ -0.098772772, -0.14533702, 0.12314618, 0.085526295 ], "parent" : 5, "left" : null, "right" : null, "svalue" : 0, "sindex" : 0 },
			"Node_13" : { "leaf_value" : [ ], "parent" : 6, "left" : 25, "right" : 26, "svalue" : 0.48558784, "sindex" : 8 },
			"Node_14" : { "leaf_value" : [ 0.19785784, 0.0467568, -0.11336236, -0.15401894 ], "parent" : 6, "left" : null, "right" : null, "svalue" : 0, "sindex" : 0 },
			"Node_15" : { "leaf_value" : [ ], "parent" : 7, "left" : 27, "right" : 28, "svalue" : -1.6651212, "sindex" : 3 },
			"Node_16" : { "leaf_value" : [ -0.14846814, -0.17670184, 0.28941399, -0.064505272 ], "parent" : 7, "left" : null, "right" : null, "svalue" : 0, "sindex" : 0 },
			"Node_17" : { "leaf_value" : [ 0.13778435, -0.14662774, -0.13174249, 0.090238258 ], "parent" : 8, "left" : null, "right" : null, "svalue" : 0, "sindex" : 0 },
			"Node_18" : { "leaf_value" : [ ], "parent" : 8, "left" : 29, "right" : 30, "svalue" : 0.83858293, "sindex" : 3 },
			"Node_19" : { "leaf_value" : [ 0.15182383, -0.13877071, -0.13595724, 0.085740536 ], "parent" : 9, "left" : null, "right" : null, "svalue" : 0, "sindex" : 0 },
			"Node_20" : { "leaf_value" : [ ], "parent" : 9, "left" : 31, "right" : 32, "svalue" : -1.3007679, "sindex" : 0 },
			"Node_21" : { "leaf_value" : [ ], "parent" : 10, "left" : 33, "right" : 34, "svalue" : 0.48558784, "sindex" : 8 },
			"Node_22" : { "leaf_value" : [ 0.30360329, -0.12459064, -0.12380122, -0.18028964 ], "parent" : 10, "left" : null, "right" : null, "svalue" : 0, "sindex" : 0 },
			"Node_23" : { "leaf_value" : [ 0.02871366, -0.15035677, 0.20048358, -0.14489439 ], "parent" : 11, "left" : null, "right" : null, "svalue" : 0, "sindex" : 0 },
			"Node_24" : { "leaf_value" : [ -0.13424714, -0.05188464, 0.26872081, -0.17807534 ], "parent" : 11, "left" : null, "right" : null, "svalue" : 0, "sindex" : 0 },
			"Node_25" : { "leaf_value" : [ ], "parent" : 13, "left" : 35, "right" : 36, "svalue" : 0.28293744, "sindex" : 2 },
			"Node_26" : { "leaf_value" : [ ], "parent" : 13, "left" : 37, "right" : 38, "svalue" : 0.41992474, "sindex" : 0 },
			"Node_27" : { "leaf_value" : [ -0.020396689, -0.17145798, 0.30917856, -0.17585734 ], "parent" : 15, "left" : null, "right" : null, "svalue" : 0, "sindex" : 0 },
			"Node_28" : { "leaf_value" : [ 0.24231328, -0.17856824, -0.02120259, -0.09238068 ], "parent" : 15, "left" : null, "right" : null, "svalue" : 0, "sindex" : 0 },
			"Node_29" : { "leaf_value" : [ -0.17421131, -0.17416221, 0.099133618, 0.17419802 ], "parent" : 18, "left" : null, "right" : null, "svalue" : 0, "sindex" : 0 },
			"Node_30" : { "leaf_value" : [ -0.12657553, -0.17582625, -0.1427636, 0.30734879 ], "parent" : 18, "left" : null, "right" : null, "svalue" : 0, "sindex" : 0 },
			"Node_31" : { "leaf_value" : [ -0.16358051, -0.16124286, -0.13557333, 0.35640937 ], "parent" : 20, "left" : null, "right" : null, "svalue" : 0, "sindex" : 0 },
			"Node_32" : { "leaf_value" : [ -0.052164387, 0.01759591, -0.17674251, 0.16237833 ], "parent" : 20, "left" : null, "right" : null, "svalue" : 0, "sindex" : 0 },
			"Node_33" : { "leaf_value" : [ -0.051377766, -0.14010309, 0.02441101, 0.13862447 ], "parent" : 21, "left" : null, "right" : null, "svalue" : 0, "sindex" : 0 },
			"Node_34" : { "leaf_value" : [ ], "parent" : 21, "left" : 39, "right" : 40, "svalue" : -0.84765804, "sindex" : 7 },
			"Node_35" : { "leaf_value" : [ -0.10687654, 0.22694148, 0.017073946, -0.17835891 ], "parent" : 25, "left" : null, "right" : null, "svalue" : 0, "sindex" : 0 },
			"Node_36" : { "leaf_value" : [ -0.072015196, 0.090077981, 0.022677004, -0.061577063 ], "parent" : 25, "left" : null, "right" : null, "svalue" : 0, "sindex" : 0 },
			"Node_37" : { "leaf_value" : [ ], "parent" : 26, "left" : 41, "right" : 42, "svalue" : -0.46624133, "sindex" : 0 },
			"Node_38" : { "leaf_value" : [ -0.17258982, 0.37121466, -0.18121162, -0.16718061 ], "parent" : 26, "left" : null, "right" : null, "svalue" : 0, "sindex" : 0 },
			"Node_39" : { "leaf_value" : [ 0.16381657, -0.055651452, -0.044514518, -0.080672257 ], "parent" : 34, "left" : null, "right" : null, "svalue" : 0, "sindex" : 0 },
			"Node_40" : { "leaf_value" : [ -0.072949797, 0.16282469, -0.0060478211, -0.086913936 ], "parent" : 34, "left" : null, "right" : null, "svalue" : 0, "sindex" : 0 },
			"Node_41" : { "leaf_value" : [ -0.1504415, 0.28254524, -0.16453043, -0.083168902 ], "parent" : 37, "left" : null, "right" : null, "svalue" : 0, "sindex" : 0 },
			"Node_42" : { "leaf_value" : [ -0.082642093, 0.18238035, -0.013907104, -0.15017988 ], "parent" : 37, "left" : null, "right" : null, "svalue" : 0, "sindex" : 0 }
		},
		"Tree_2" : {
			"Node_00" : { "leaf_value" : [ ], "parent" : null, "left" : 1, "right" : 2, "svalue" : -0.039238248, "sindex" : 7 },
			"Node_01" : { "leaf_value" : [ ], "parent" : 0, "left" : 3, "right" : 4, "svalue" : -0.39365029, "sindex" : 8 },
			"Node_02" : { "leaf_value" : [ ], "parent" : 0, "left" : 5, "right" : 6, "svalue" : -0.39365029, "sindex" : 8 },
			"Node_03" : { "leaf_value" : [ ], "parent" : 1, "left" : 7, "right" : 8, "svalue" : -0.92531294, "sindex" : 3 },
			"Node_04" : { "leaf_value" : [ ], "parent" : 1, "left" : 9, "right" : 10, "svalue" : 0.41992474, "sindex" : 0 },
			"Node_05" : { "leaf_value" : [ ], "parent" : 2, "left" : 11, "right" : 12, "svalue" : -0.46624133, "sindex" : 0 },
			"Node_06" : { "leaf_value" : [ ], "parent" : 2, "left" : 13, "right" : 14, "svalue" : 0.83858293, "sindex" : 3 },
			"Node_07" : { "leaf_value" : [ ], "parent" : 3, "left" : 15, "right" : 16, "svalue" : -1.0622915, "sindex" : 6 },
			"Node_08" : { "leaf_value" : [ ], "parent" : 3, "left" : 17, "right" : 18, "svalue" : 0.41992474, "sindex" : 0 },
			"Node_09" : { "leaf_value" : [ ], "parent" : 4, "left" : 19, "right" : 20, "svalue" : -0.84765804, "sindex" : 7 },
			"Node_10" : { "leaf_value" : [ ], "parent" : 4, "left" : 21, "right" : 22, "svalue" : -0.92531294, "sindex" : 3 },
			"Node_11" : { "leaf_value" : [ ], "parent" : 5, "left" : 23, "right" : 24, "svalue" : -1.3688399, "sindex" : 8 },
			"Node_12" : { "leaf_value" : [ -0.0028565922, -0.10039273, 0.016828017, 0.06697648 ], "parent" : 5, "left" : null, "right" : null, "svalue" : 0, "sindex" : 0 },
			"Node_13" : { "leaf_value" : [ ], "parent" : 6, "left" : 25, "right" : 26, "svalue" : 0.48558784, "sindex" : 8 },
			"Node_14" : { "leaf_value" : [ 0.14389549, 0.038968418, -0.10012958, -0.14234108 ], "parent" : 6, "left" : null, "right" : null, "svalue" : 0, "sindex" : 0 },
			"Node_15" : { "leaf_value" : [ -0.052857563, -0.16368109, 0.25168937, -0.1477516 ], "parent" : 7, "left" : null, "right" : null, "svalue" : 0, "sindex" : 0 },
			"Node_16" : { "leaf_value" : [ 0.099810906, -0.16574705, 0.13294847, -0.1707173 ], "parent" : 7, "left" : null, "right" : null, "svalue" : 0, "sindex" : 0 },
			"Node_17" : { "leaf_value" : [ ], "parent" : 8, "left" : 27, "right" : 28, "svalue" : 0.22448672, "sindex" : 4 },
			"Node_18" : { "leaf_value" : [ ], "parent" : 8, "left" : 29, "right" : 30, "svalue" : 0.83858293, "sindex" : 3 },
			"Node_19" : { "leaf_value" : [ ], "parent" : 9, "left" : 31, "right" : 32, "svalue" : 0.48558784, "sindex" : 8 },
			"Node_20" : { "leaf_value" : [ ], "parent" : 9, "left" : 33, "right" : 34, "svalue" : -0.22552405, "sindex" : 2 },
			"Node_21" : { "leaf_value" : [ -0.052939739, -0.066393793, 0.19307813, -0.085773461 ], "parent" : 10, "left" : null, "right" : null, "svalue" : 0, "sindex" : 0 },
			"Node_22" : { "leaf_value" : [ ], "parent" : 10, "left" : 35, "right" : 36, "svalue" : 1.2674719, "sindex" : 0 },
			"Node_23" : { "leaf_value" : [ -0.12969325, -0.16809359, 0.25914478, -0.12728903 ], "parent" : 11, "left" : null, "right" : null, "svalue" : 0, "sindex" : 0 },
			"Node_24" : { "leaf_value" : [ -0.087152258, -0.018189762, 0.18316683, -0.15476221 ], "parent" : 11, "left" : null, "right" : null, "svalue" : 0, "sindex" : 0 },
			"Node_25" : { "leaf_value" : [ ], "parent" : 13, "left" : 37, "right" : 38, "svalue" : 1.0068529, "sindex" : 7 },
			"Node_26" : { "leaf_value" : [ ], "parent" : 13, "left" : 39, "right" : 40, "svalue" : 1.0068529, "sindex" : 7 },
			"Node_27" : { "leaf_value" : [ 0.16168314, -0.14136256, -0.11466936, 0.020724952 ], "parent" : 17, "left" : null, "right" : null, "svalue" : 0, "sindex" : 0 },
			"Node_28" : { "leaf_value" : [ 0.10409493, -0.14409862, -0.11997177, 0.094644196 ], "parent" : 17, "left" : null, "right" : null, "svalue" : 0, "sindex" : 0 },
			"Node_29" : { "leaf_value" : [ -0.14425841, -0.1705741, 0.12348446, 0.085258231 ], "parent" : 18, "left" : null, "right" : null, "svalue" : 0, "sindex" : 0 },
			"Node_30" : { "leaf_value" : [ -0.11044963, -0.1653593, -0.12793671, 0.22879195 ], "parent" : 18, "left" : null, "right" : null, "svalue" : 0, "sindex" : 0 },
			"Node_31" : { "leaf_value" : [ 0.10315361, -0.15253988, -0.13233079, 0.10733364 ], "parent" : 19, "left" : null, "right" : null, "svalue" : 0, "sindex" : 0 },
			"Node_32" : { "leaf_value" : [ ], "parent" : 19, "left" : 41, "right" : 42, "svalue" : -0.92531294, "sindex" : 3 },
			"Node_33" : { "leaf_value" : [ -0.020183556, 0.038789246, -0.11541485, 0.071288154 ], "parent" : 20, "left" : null, "right" : null, "svalue" : 0, "sindex" : 0 },
			"Node_34" : { "leaf_value" : [ 0.040908277, 0.043426827, -0.14614591, 0.036896251 ], "parent" : 20, "left" : null, "right" : null, "svalue" : 0, "sindex" : 0 },
			"Node_35" : { "leaf_value" : [ 0.23424117, -0.10693017, -0.13005468, -0.091337971 ], "parent" : 22, "left" : null, "right" : null, "svalue" : 0, "sindex" : 0 },
			"Node_36" : { "leaf_value" : [ 0.084148489, -0.060065798, 0.021756954, -0.075025976 ], "parent" : 22, "left" : null, "right" : null, "svalue" : 0, "sindex" : 0 },
			"Node_37" : { "leaf_value" : [ -0.012077795, 0.055806316, -0.018844904, -0.042772375 ], "parent" : 25, "left" : null, "right" : null, "svalue" : 0, "sindex" : 0 },
			"Node_38" : { "leaf_value" : [ -0.13548757, 0.17335331, 0.050818391, -0.17063619 ], "parent" : 25, "left" : null, "right" : null, "svalue" : 0, "sindex" : 0 },
			"Node_39" : { "leaf_value" : [ ], "parent" : 26, "left" : 43, "right" : 44, "svalue" : 0.71663225, "sindex" : 1 },
			"Node_40" : { "leaf_value" : [ ], "parent" : 26, "left" : 45, "right" : 46, "svalue" : -0.22552405, "sindex" : 2 },
			"Node_41" : { "leaf_value" : [ -0.092536375, -0.13014267, -0.14855047, 0.26506507 ], "parent" : 32, "left" : null, "right" : null, "svalue" : 0, "sindex" : 0 },
			"Node_42" : { "leaf_value" : [ 0.014352553, -0.026797041, -0.065037981, 0.054750383 ], "parent" : 32, "left" : null, "right" : null, "svalue" : 0, "sindex" : 0 },
			"Node_43" : { "leaf_value" : [ -0.12558089, 0.22161986, -0.11754818, -0.11490995 ], "parent" : 39, "left" : null, "right" : null, "svalue" : 0, "sindex" : 0 },
			"Node_44" : { "leaf_value" : [ -0.084934555, 0.15442152, -0.12819576, -0.030346464 ], "parent" : 39, "left" : null, "right" : null, "svalue" : 0, "sindex" : 0 },
			"Node_45" : { "leaf_value" : [ -0.16520467, 0.23351158, -0.075631186, -0.16525742 ], "parent" : 40, "left" : null, "right" : null, "svalue" : 0, "sindex" : 0 },
			"Node_46" : { "leaf_value" : [ -0.13999245, 0.25944516, -0.16353878, -0.16407488 ], "parent" : 40, "left" : null, "right" : null, "svalue" : 0, "sindex" : 0 }
		},
		"Tree_3" : {
			"Node_00" : { "leaf_value" : [ ], "parent" : null, "left" : 1, "right" : 2, "svalue" : -0.039238248, "sindex" : 7 },
			"Node_01" : { "leaf_value" : [ ], "parent" : 0, "left" : 3, "right" : 4, "svalue" : 0.48558784, "sindex" : 8 },
			"Node_02" : { "leaf_value" : [ ], "parent" : 0, "left" : 5, "right" : 6, "svalue" : -0.39365029, "sindex" : 8 },
			"Node_03" : { "leaf_value" : [ ], "parent" : 1, "left" : 7, "right" : 8, "svalue" : -0.92531294, "sindex" : 3 },
			"Node_04" : { "leaf_value" : [ ], "parent" : 1, "left" : 9, "right" : 10, "svalue" : 0.71663225, "sindex" : 1 },
			"Node_05" : { "leaf_value" : [ ], "parent" : 2, "left" : 11, "right" : 12, "svalue" : -0.19077259, "sindex" : 3 },
			"Node_06" : { "leaf_value" : [ ], "parent" : 2, "left" : 13, "right" : 14, "svalue" : -0.29673144, "sindex" : 1 },
			"Node_07" : { "leaf_value" : [ ], "parent" : 3, "left" : 15, "right" : 16, "svalue" : -0.46624133, "sindex" : 0 },
			"Node_08" : { "leaf_value" : [ ], "parent" : 3, "left" : 17, "right" : 18, "svalue" : -1.3688399, "sindex" : 8 },
			"Node_09" : { "leaf_value" : [ ], "parent" : 4, "left" : 19, "right" : 20, "svalue" : -0.29673144, "sindex" : 1 },
			"Node_10" : { "leaf_value" : [ ], "parent" : 4, "left" : 21, "right" : 22, "svalue" : 1.4520441, "sindex" : 1 },
			"Node_11" : { "leaf_value" : [ ], "parent" : 5, "left" : 23, "right" : 24, "svalue" : -0.23047043, "sindex" : 4 },
			"Node_12" : { "leaf_value" : [ -0.080238789, -0.12566978, 0.072010137, 0.070610881 ], "parent" : 5, "left" : null, "right" : null, "svalue" : 0, "sindex" : 0 },
			"Node_13" : { "leaf_value" : [ 0.075814813, 0.10076641, -0.13071418, -0.13301663 ], "parent" : 6, "left" : null, "right" : null, "svalue" : 0, "sindex" : 0 },
			"Node_14" : { "leaf_value" : [ ], "parent" : 6, "left" : 25, "right" : 26, "svalue" : 0.48558784, "sindex" : 8 },
			"Node_15" : { "leaf_value" : [ 0.15165567, -0.13441357, 0.054727245, -0.15890166 ], "parent" : 7, "left" : null, "right" : null, "svalue" : 0, "sindex" : 0 },
			"Node_16" : { "leaf_value" : [ -0.10195288, -0.12265171, 0.19433154, -0.072354071 ], "parent" : 7, "left" : null, "right" : null, "svalue" : 0, "sindex" : 0 },
			"Node_17" : { "leaf_value" : [ ], "parent" : 8, "left" : 27, "right" : 28, "svalue" : 0.41992474, "sindex" : 0 },
			"Node_18" : { "leaf_value" : [ ], "parent" : 8, "left" : 29, "right" : 30, "svalue" : -0.84765804, "sindex" : 7 },
			"Node_19" : { "leaf_value" : [ ], "parent" : 9, "left" : 31, "right" : 32, "svalue" : 0.83858293, "sindex" : 3 },
			"Node_20" : { "leaf_value" : [ -0.0033640312, 0.11579518, -0.042333119, -0.074383475 ], "parent" : 9, "left" : null, "right" : null, "svalue" : 0, "sindex" : 0 },
			"Node_21" : { "leaf_value" : [ -0.13748604, 0.051386055, -0.13870387, 0.14595456 ], "parent" : 10, "left" : null, "right" : null, "svalue" : 0, "sindex" : 0 },
			"Node_22" : { "leaf_value" : [ -0.04101257, -0.16861907, -0.16282138, 0.22709556 ], "parent" : 10, "left" : null, "right" : null, "svalue" : 0, "sindex" : 0 },
			"Node_23" : { "leaf_value" : [ 0.013167161, -0.11850791, 0.14686671, -0.16123912 ], "parent" : 11, "left" : null, "right" : null, "svalue" : 0, "sindex" : 0 },
			"Node_24" : { "leaf_value" : [ -0.09840285, -0.00094136439, 0.1323915, -0.13470018 ], "parent" : 11, "left" : null, "right" : null, "svalue" : 0, "sindex" : 0 },
			"Node_25" : { "leaf_value" : [ -0.096485391, 0.086503498, 0.053246479, -0.10772241 ], "parent" : 14, "left" : null, "right" : null, "svalue" : 0, "sindex" : 0 },
			"Node_26" : { "leaf_value" : [ ], "parent" : 14, "left" : 33, "right" : 34, "svalue" : -1.0622915, "sindex" : 6 },
			"Node_27" : { "leaf_value" : [ 0.24361356, -0.16185753, -0.088673718, -0.11743356 ], "parent" : 17, "left" : null, "right" : null, "svalue" : 0, "sindex" : 0 },
			"Node_28" : { "leaf_value" : [ -0.12913923, -0.1609952, 0.084260903, 0.091932073 ], "parent" : 17, "left" : null, "right" : null, "svalue" : 0, "sindex" : 0 },
			"Node_29" : { "leaf_value" : [ ], "parent" : 18, "left" : 35, "right" : 36, "svalue" : 1.2674719, "sindex" : 0 },
			"Node_30" : { "leaf_value" : [ 0.021975055, -0.11899707, -0.0083605517, 0.072486207 ], "parent" : 18, "left" : null, "right" : null, "svalue" : 0, "sindex" : 0 },
			"Node_31" : { "leaf_value" : [ 0.11038009, -0.0051942621, 0.008875493, -0.17005718 ], "parent" : 19, "left" : null, "right" : null, "svalue" : 0, "sindex" : 0 },
			"Node_32" : { "leaf_value" : [ 0.19261146, -0.10459975, -0.083399475, -0.16648386 ], "parent" : 19, "left" : null, "right" : null, "svalue" : 0, "sindex" : 0 },
			"Node_33" : { "leaf_value" : [ -0.049119234, 0.13757986, -0.1346353, -0.068783231 ], "parent" : 26, "left" : null, "right" : null, "svalue" : 0, "sindex" : 0 },
			"Node_34" : { "leaf_value" : [ -0.17555754, 0.20737764, -0.078666441, -0.12477845 ], "parent" : 26, "left" : null, "right" : null, "svalue" : 0, "sindex" : 0 },
			"Node_35" : { "leaf_value" : [ -0.11051334, -0.133779, -0.13212222, 0.26186612 ], "parent" : 29, "left" : null, "right" : null, "svalue" : 0, "sindex" : 0 },
			"Node_36" : { "leaf_value" : [ -0.05445018, -0.16067608, -0.019476935, 0.1525896 ], "parent" : 29, "left" : null, "right" : null, "svalue" : 0, "sindex" : 0 }
		},
		"Tree_4" : {
			"Node_00" : { "leaf_value" : [ ], "parent" : null, "left" : 1, "right" : 2, "svalue" : -0.039238248, "sindex" : 7 },
			"Node_01" : { "leaf_value" : [ ], "parent" : 0, "left" : 3, "right" : 4, "svalue" : 0.48558784, "sindex" : 8 },
			"Node_02" : { "leaf_value" : [ ], "parent" : 0, "left" : 5, "right" : 6, "svalue" : 1.1743932, "sindex" : 6 },
			"Node_03" : { "leaf_value" : [ ], "parent" : 1, "left" : 7, "right" : 8, "svalue" : -0.19077259, "sindex" : 3 },
			"Node_04" : { "leaf_value" : [ ], "parent" : 1, "left" : 9, "right" : 10, "svalue" : 0.71663225, "sindex" : 1 },
			"Node_05" : { "leaf_value" : [ ], "parent" : 2, "left" : 11, "right" : 12, "svalue" : 0.48558784, "sindex" : 8 },
			"Node_06" : { "leaf_value" : [ ], "parent" : 2, "left" : 13, "right" : 14, "svalue" : -0.29673144, "sindex" : 1 },
			"Node_07" : { "leaf_value" : [ ], "parent" : 3, "left" : 15, "right" : 16, "svalue" : -0.46624133, "sindex" : 0 },
			"Node_08" : { "leaf_value" : [ ], "parent" : 3, "left" : 17, "right" : 18, "svalue" : -1.3688399, "sindex" : 8 },
			"Node_09" : { "leaf_value" : [ ], "parent" : 4, "left" : 19, "right" : 20, "svalue" : -0.29673144, "sindex" : 1 },
			"Node_10" : { "leaf_value" : [ -0.073854811, -0.045997269, -0.14915296, 0.14904039 ], "parent" : 4, "left" : null, "right" : null, "svalue" : 0, "sindex" : 0 },
			"Node_11" : { "leaf_value" : [ ], "parent" : 5, "left" : 21, "right" : 22, "svalue" : -0.39365029, "sindex" : 8 },
			"Node_12" : { "leaf_value" : [ ], "parent" : 5, "left" : 23, "right" : 24, "svalue" : 1.0068529, "sindex" : 7 },
			"Node_13" : { "leaf_value" : [ 0.1022369, -0.16215031, -0.10167997, 0.14027801 ], "parent" : 6, "left" : null, "right" : null, "svalue" : 0, "sindex" : 0 },
			"Node_14" : { "leaf_value" : [ -0.11127751, -0.03208001, 0.16730212, -0.13342448 ], "parent" : 6, "left" : null, "right" : null, "svalue" : 0, "sindex" : 0 },
			"Node_15" : { "leaf_value" : [ ], "parent" : 7, "left" : 25, "right" : 26, "svalue" : 0.25261217, "sindex" : 5 },
			"Node_16" : { "leaf_value" : [ ], "parent" : 7, "left" : 27, "right" : 28, "svalue" : -0.92531294, "sindex" : 3 },
			"Node_17" : { "leaf_value" : [ 0.055181336, -0.1593596, -0.010475967, 0.041138954 ], "parent" : 8, "left" : null, "right" : null, "svalue" : 0, "sindex" : 0 },
			"Node_18" : { "leaf_value" : [ ], "parent" : 8, "left" : 29, "right" : 30, "svalue" : -0.39365029, "sindex" : 8 },
			"Node_19" : { "leaf_value" : [ ], "parent" : 9, "left" : 31, "right" : 32, "svalue" : 0.27010399, "sindex" : 9 },
			"Node_20" : { "leaf_value" : [ -0.0023063014, 0.087603152, -0.035472881, -0.062876537 ], "parent" : 9, "left" : null, "right" : null, "svalue" : 0, "sindex" : 0 },
			"Node_21" : { "leaf_value" : [ 0.0089931786, -0.067926653, 0.1023123, -0.13467114 ], "parent" : 11, "left" : null, "right" : null, "svalue" : 0, "sindex" : 0 },
			"Node_22" : { "leaf_value" : [ -0.0061633731, 0.067792155, -0.012029331, -0.10097746 ], "parent" : 11, "left" : null, "right" : null, "svalue" : 0, "sindex" : 0 },
			"Node_23" : { "leaf_value" : [ -0.070203878, 0.12080253, -0.11062797, -0.053687505 ], "parent" : 12, "left" : null, "right" : null, "svalue" : 0, "sindex" : 0 },
			"Node_24" : { "leaf_value" : [ -0.14472421, 0.20650056, -0.143494, -0.15799984 ], "parent" : 12, "left" : null, "right" : null, "svalue" : 0, "sindex" : 0 },
			"Node_25" : { "leaf_value" : [ 0.1244045, -0.093248576, -0.034080315, -0.070286974 ], "parent" : 15, "left" : null, "right" : null, "svalue" : 0, "sindex" : 0 },
			"Node_26" : { "leaf_value" : [ 0.081730232, -0.1598745, 0.05799992, -0.059071254 ], "parent" : 15, "left" : null, "right" : null, "svalue" : 0, "sindex" : 0 },
			"Node_27" : { "leaf_value" : [ -0.086826861, -0.11185054, 0.1489758, -0.058834068 ], "parent" : 16, "left" : null, "right" : null, "svalue" : 0, "sindex" : 0 },
			"Node_28" : { "leaf_value" : [ 0.017505065, -0.15564004, 0.087689623, -0.027761484 ], "parent" : 16, "left" : null, "right" : null, "svalue" : 0, "sindex" : 0 },
			"Node_29" : { "leaf_value" : [ -0.13251841, -0.11294646, -0.07743451, 0.1903546 ], "parent" : 18, "left" : null, "right" : null, "svalue" : 0, "sindex" : 0 },
			"Node_30" : { "leaf_value" : [ -0.011475744, -0.1203566, -0.084450424, 0.14243157 ], "parent" : 18, "left" : null, "right" : null, "svalue" : 0, "sindex" : 0 },
			"Node_31" : { "leaf_value" : [ 0.11739387, -0.064609475, 0.0037361707, -0.16116306 ], "parent" : 19, "left" : null, "right" : null, "svalue" : 0, "sindex" : 0 },
			"Node_32" : { "leaf_value" : [ 0.14280693, -0.030626031, -0.076894008, -0.15875626 ], "parent" : 19, "left" : null, "right" : null, "svalue" : 0, "sindex" : 0 }
		},
		"Tree_5" : {
			"Node_00" : { "leaf_value" : [ ], "parent" : null, "left" : 1, "right" : 2, "svalue" : -0.39365029, "sindex" : 8 },
			"Node_01" : { "leaf_value" : [ ], "parent" : 0, "left" : 3, "right" : 4, "svalue" : -0.29673144, "sindex" : 1 },
			"Node_02" : { "leaf_value" : [ ], "parent" : 0, "left" : 5, "right" : 6, "svalue" : 0.83858293, "sindex" : 3 },
			"Node_03" : { "leaf_value" : [ ], "parent" : 1, "left" : 7, "right" : 8, "svalue" : 0.83858293, "sindex" : 3 },
			"Node_04" : { "leaf_value" : [ ], "parent" : 1, "left" : 9, "right" : 10, "svalue" : 1.0068529, "sindex" : 7 },
			"Node_05" : { "leaf_value" : [ ], "parent" : 2, "left" : 11, "right" : 12, "svalue" : -0.84765804, "sindex" : 7 },
			"Node_06" : { "leaf_value" : [ ], "parent" : 2, "left" : 13, "right" : 14, "svalue" : -1.2301323, "sindex" : 1 },
			"Node_07" : { "leaf_value" : [ -0.063304596, -0.14341754, 0.086580478, 0.017395074 ], "parent" : 3, "left" : null, "right" : null, "svalue" : 0, "sindex" : 0 },
			"Node_08" : { "leaf_value" : [ -0.038629472, -0.15614752, -0.11662171, 0.15811196 ], "parent" : 3, "left" : null, "right" : null, "svalue" : 0, "sindex" : 0 },
			"Node_09" : { "leaf_value" : [ ], "parent" : 4, "left" : 15, "right" : 16, "svalue" : -0.92531294, "sindex" : 3 },
			"Node_10" : { "leaf_value" : [ -0.10651657, -0.02160289, 0.14333472, -0.16438285 ], "parent" : 4, "left" : null, "right" : null, "svalue" : 0, "sindex" : 0 },
			"Node_11" : { "leaf_value" : [ ], "parent" : 5, "left" : 17, "right" : 18, "svalue" : 1.3620313, "sindex" : 8 },
			"Node_12" : { "leaf_value" : [ ], "parent" : 5, "left" : 19, "right" : 20, "svalue" : 1.0068529, "sindex" : 7 },
			"Node_13" : { "leaf_value" : [ 0.20673674, -0.1591236, -0.084015995, -0.15823419 ], "parent" : 6, "left" : null, "right" : null, "svalue" : 0, "sindex" : 0 },
			"Node_14" : { "leaf_value" : [ 0.030142758, 0.081074014, -0.067661121, -0.10900951 ], "parent" : 6, "left" : null, "right" : null, "svalue" : 0, "sindex" : 0 },
			"Node_15" : { "leaf_value" : [ 0.018025395, -0.14370058, 0.11959552, -0.16141906 ], "parent" : 9, "left" : null, "right" : null, "svalue" : 0, "sindex" : 0 },
			"Node_16" : { "leaf_value" : [ 0.11236454, -0.087926149, -0.10331904, 0.015902836 ], "parent" : 9, "left" : null, "right" : null, "svalue" : 0, "sindex" : 0 },
			"Node_17" : { "leaf_value" : [ ], "parent" : 11, "left" : 21, "right" : 22, "svalue" : -0.92531294, "sindex" : 3 },
			"Node_18" : { "leaf_value" : [ -0.039113771, -0.10853591, -0.094024539, 0.14976197 ], "parent" : 11, "left" : null, "right" : null, "svalue" : 0, "sindex" : 0 },
			"Node_19" : { "leaf_value" : [ ], "parent" : 12, "left" : 23, "right" : 24, "svalue" : -1.6651212, "sindex" : 3 },
			"Node_20" : { "leaf_value" : [ ], "parent" : 12, "left" : 25, "right" : 26, "svalue" : -0.022231765, "sindex" : 6 },
			"Node_21" : { "leaf_value" : [ 0.12622078, -0.011890943, -0.046427883, -0.075360261 ], "parent" : 17, "left" : null, "right" : null, "svalue" : 0, "sindex" : 0 },
			"Node_22" : { "leaf_value" : [ -4.757621e-05, -0.10409663, -0.056012597, 0.097342484 ], "parent" : 17, "left" : null, "right" : null, "svalue" : 0, "sindex" : 0 },
			"Node_23" : { "leaf_value" : [ 0.10689495, -0.0081753638, -0.03856384, -0.057147425 ], "parent" : 19, "left" : null, "right" : null, "svalue" : 0, "sindex" : 0 },
			"Node_24" : { "leaf_value" : [ ], "parent" : 19, "left" : 27, "right" : 28, "svalue" : 0.41992474, "sindex" : 0 },
			"Node_25" : { "leaf_value" : [ -0.10883782, 0.15842345, -0.096474804, -0.15052052 ], "parent" : 20, "left" : null, "right" : null, "svalue" : 0, "sindex" : 0 },
			"Node_26" : { "leaf_value" : [ -0.13811275, 0.1082798, 0.043015875, -0.15427963 ], "parent" : 20, "left" : null, "right" : null, "svalue" : 0, "sindex" : 0 },
			"Node_27" : { "leaf_value" : [ -0.11020241, 0.080180638, -0.099917144, 0.062483061 ], "parent" : 24, "left" : null, "right" : null, "svalue" : 0, "sindex" : 0 },
			"Node_28" : { "leaf_value" : [ -0.066567615, 0.077443302, 0.07455577, -0.13055094 ], "parent" : 24, "left" : null, "right" : null, "svalue" : 0, "sindex" : 0 }
		}
	}
}
MODEL_JSON_DUMP_END
MCU_DEPLOY_CLASSIFICATION_CODE MODEL_PREDICT_STEP
MLLITE_AUTO_DEPLOY_FOURCLASS_10_ORIGINAL_APPLY_OUTPUT_CLASS  [ 2, 2, 1, 3, 2,  ... , 2, 1, 3, 3, 2 ]
MCU_DEPLOY_CLASSIFICATION_CODE MODEL_PREDICT_PROBA_STEP
MLLITE_AUTO_DEPLOY_FOURCLASS_10_ORIGINAL_APPLY_OUTPUT_PROBA 0 [ 0.16256295, 0.095390819, 0.64458096, 0.097465262 ]
MLLITE_AUTO_DEPLOY_FOURCLASS_10_ORIGINAL_APPLY_OUTPUT_PROBA 1 [ 0.19223173, 0.12858522, 0.45222878, 0.22695425 ]
MLLITE_AUTO_DEPLOY_FOURCLASS_10_ORIGINAL_APPLY_OUTPUT_PROBA 2 [ 0.22230308, 0.53891563, 0.1176713, 0.12111008 ]
MLLITE_AUTO_DEPLOY_FOURCLASS_10_ORIGINAL_APPLY_OUTPUT_PROBA 3 [ 0.16855684, 0.10342991, 0.092302568, 0.6357106 ]
MLLITE_AUTO_DEPLOY_FOURCLASS_10_ORIGINAL_APPLY_OUTPUT_PROBA 4 [ 0.13487276, 0.082362548, 0.52194381, 0.26082087 ]
...
MLLITE_AUTO_DEPLOY_FOURCLASS_10_ORIGINAL_APPLY_OUTPUT_PROBA 1019 [ 0.084320702, 0.10748147, 0.73951197, 0.068685807 ]
MLLITE_AUTO_DEPLOY_FOURCLASS_10_ORIGINAL_APPLY_OUTPUT_PROBA 1020 [ 0.19180281, 0.32429823, 0.30869398, 0.17520501 ]
MLLITE_AUTO_DEPLOY_FOURCLASS_10_ORIGINAL_APPLY_OUTPUT_PROBA 1021 [ 0.098399542, 0.075064398, 0.067858279, 0.75867778 ]
MLLITE_AUTO_DEPLOY_FOURCLASS_10_ORIGINAL_APPLY_OUTPUT_PROBA 1022 [ 0.28670973, 0.1687932, 0.11131743, 0.43317965 ]
MLLITE_AUTO_DEPLOY_FOURCLASS_10_ORIGINAL_APPLY_OUTPUT_PROBA 1023 [ 0.2830523, 0.079072282, 0.54905027, 0.088825241 ]
MCU_DEPLOY_CLASSIFICATION_CODE MODEL_COMPUTE_PERF_STEP
MLLITE_AUTO_DEPLOY_FOURCLASS_10_ORIGINAL_CLASS_PERFS { "count" : 1024, "precision" : 0.7421875,  "AUC" : [ 0.89405823, 0.94655651, 0.90334368, 0.94036561 ] }
This will be printed
MCU_DEPLOY_CLASSIFICATION_CODE ALL_STEPS_OK
MCU_DEPLOY_CLASSIFICATION_CODE done
MLLITE_MCU_TIMER_OPERATION_ELAPSED_SECONDS 'MLLITE.MCU_DEPLOY.CLASSIFICATION.Friedman_XGB.FOURCLASS_10_ORIGINAL' 0
MLLITE_MCU_TIMER_OPERATION_END 'MLLITE.MCU_DEPLOY.CLASSIFICATION.Friedman_XGB.FOURCLASS_10_ORIGINAL' [ 'Sat Feb  3 21:09:52 2024' ]
MCU_DEPLOY_ON_TARGET_ARMV7_32_END
