MCU_DEPLOY_ON_TARGET_ARMV7_32_START
MLLITE_MCU_TIMER_OPERATION_START 'MLLITE.MCU_DEPLOY.CLASSIFICATION.Breiman_DFS_BestSplit_GINI.FOURCLASS_10_SMALL' [ 'Tue Jan 30 11:36:14 2024' ]
MLLite starting
MCU_DEPLOY_CLASSIFICATION_CODE CREATE_DATASET_STEP
MCU_DEPLOY_CLASSIFICATION_CODE CREATE_MODEL_STEP
MCU_DEPLOY_CLASSIFICATION_MODEL_OPTIONS
{ "ccp_alpha" : 0, "criterion" : "", "max_depth" : 6, "max_features" : null, "max_leaf_nodes" : 64, "min_impurity_decrease" : 0, "min_samples_leaf" : 1, "min_samples_split" : 2, "min_weight_fraction_leaf" : 0.050000001, "random_state" : 1789, "splitter" : "best" }
MCU_DEPLOY_CLASSIFICATION_CODE FIT_MODEL_STEP
PROGRESS_REPORT_ELAPSED_TOTAL 'DECISION_TREE_CLASSIFIER_FIT' 1 4
PROGRESS_REPORT_ELAPSED_TOTAL 'DECISION_TREE_DEPTH_FIRST_BUILDER' 0 6
PROGRESS_REPORT_ELAPSED_TOTAL 'DECISION_TREE_DEPTH_FIRST_BUILDER' 2 6
PROGRESS_REPORT_ELAPSED_TOTAL 'DECISION_TREE_DEPTH_FIRST_BUILDER' 3 6
PROGRESS_REPORT_ELAPSED_TOTAL 'DECISION_TREE_DEPTH_FIRST_BUILDER' 4 6
PROGRESS_REPORT_ELAPSED_TOTAL 'DECISION_TREE_DEPTH_FIRST_BUILDER' 5 6
PROGRESS_REPORT_ELAPSED_TOTAL 'DECISION_TREE_DEPTH_FIRST_BUILDER' 6 6
PROGRESS_REPORT_ELAPSED_TOTAL 'DECISION_TREE_DEPTH_FIRST_BUILDER' 6 6
PROGRESS_REPORT_ELAPSED_TOTAL 'DECISION_TREE_CLASSIFIER_FIT' 2 4
PROGRESS_REPORT_ELAPSED_TOTAL 'DECISION_TREE_CLASSIFIER_FIT' 3 4
PROGRESS_REPORT_ELAPSED_TOTAL 'DECISION_TREE_CLASSIFIER_FIT' 4 4
MCU_DEPLOY_CLASSIFICATION_CODE MODEL_JSON_EXPORT_STEP
MODEL_JSON_DUMP_START
{
	"metadata" : { "model" : "Breiman_DFS_BestSplit_GINI", "version" : "2024-W04"},
	"options" : { "ccp_alpha" : 0, "criterion" : "", "max_depth" : 6, "max_features" : null, "max_leaf_nodes" : 64, "min_impurity_decrease" : 0, "min_samples_leaf" : 1, "min_samples_split" : 2, "min_weight_fraction_leaf" : 0.050000001, "random_state" : 1789, "splitter" : "best" },
	"classes" : [ 0, 1, 2, 3 ],
	"tree" : {
	"features" : 10,
	"outputs" : 4,
	"max_depth" : 6,
	"node_count" : 27,
	"nodes" : {
		"node_00" : {"left" : 1, "right" : 16, "feature" : 8, "threshold" : 0.19108847, "impurity" : 0.74560547, "n_samples" : 64, "w_samples" : 64, "value" : [0.265625, 0.296875, 0.21875, 0.21875]},
		"node_01" : {"left" : 2, "right" : 13, "feature" : 3, "threshold" : 0.76131076, "impurity" : 0.69094694, "n_samples" : 31, "w_samples" : 31, "value" : [0.32258064, 0.064516127, 0.38709676, 0.22580644]},
		"node_02" : {"left" : 3, "right" : 12, "feature" : 6, "threshold" : 1.5354813, "impurity" : 0.63541663, "n_samples" : 24, "w_samples" : 24, "value" : [0.375, 0.083333336, 0.45833334, 0.083333336]},
		"node_03" : {"left" : 4, "right" : 7, "feature" : 0, "threshold" : -1.1197135, "impurity" : 0.65373957, "n_samples" : 19, "w_samples" : 19, "value" : [0.47368422, 0.10526316, 0.31578946, 0.10526316]},
		"node_04" : {"left" : 5, "right" : 6, "feature" : 0, "threshold" : -1.7278817, "impurity" : 0.27777779, "n_samples" : 6, "w_samples" : 6, "value" : [0.83333331, 0.16666667, 0, 0]},
		"node_05" : {"left" : null, "right" : null, "feature" : null, "threshold" : null, "impurity" : 0, "n_samples" : 3, "w_samples" : 3, "value" : [1, 0, 0, 0]},
		"node_06" : {"left" : null, "right" : null, "feature" : null, "threshold" : null, "impurity" : 0.44444442, "n_samples" : 3, "w_samples" : 3, "value" : [0.66666669, 0.33333334, 0, 0]},
		"node_07" : {"left" : 8, "right" : 9, "feature" : 3, "threshold" : -1.5094419, "impurity" : 0.66272187, "n_samples" : 13, "w_samples" : 13, "value" : [0.30769232, 0.07692308, 0.46153846, 0.15384616]},
		"node_08" : {"left" : null, "right" : null, "feature" : null, "threshold" : null, "impurity" : 0, "n_samples" : 3, "w_samples" : 3, "value" : [0, 0, 1, 0]},
		"node_09" : {"left" : 10, "right" : 11, "feature" : 3, "threshold" : -0.59318572, "impurity" : 0.69999999, "n_samples" : 10, "w_samples" : 10, "value" : [0.40000001, 0.1, 0.30000001, 0.2]},
		"node_10" : {"left" : null, "right" : null, "feature" : null, "threshold" : null, "impurity" : 0.375, "n_samples" : 4, "w_samples" : 4, "value" : [0.75, 0, 0.25, 0]},
		"node_11" : {"left" : null, "right" : null, "feature" : null, "threshold" : null, "impurity" : 0.72222221, "n_samples" : 6, "w_samples" : 6, "value" : [0.16666667, 0.16666667, 0.33333334, 0.33333334]},
		"node_12" : {"left" : null, "right" : null, "feature" : null, "threshold" : null, "impurity" : 0, "n_samples" : 5, "w_samples" : 5, "value" : [0, 0, 1, 0]},
		"node_13" : {"left" : 14, "right" : 15, "feature" : 0, "threshold" : 1.641372, "impurity" : 0.44897962, "n_samples" : 7, "w_samples" : 7, "value" : [0.14285715, 0, 0.14285715, 0.71428573]},
		"node_14" : {"left" : null, "right" : null, "feature" : null, "threshold" : null, "impurity" : 0, "n_samples" : 4, "w_samples" : 4, "value" : [0, 0, 0, 1]},
		"node_15" : {"left" : null, "right" : null, "feature" : null, "threshold" : null, "impurity" : 0.66666663, "n_samples" : 3, "w_samples" : 3, "value" : [0.33333334, 0, 0.33333334, 0.33333334]},
		"node_16" : {"left" : 17, "right" : 26, "feature" : 3, "threshold" : 1.2401274, "impurity" : 0.64095497, "n_samples" : 33, "w_samples" : 33, "value" : [0.21212122, 0.5151515, 0.060606062, 0.21212122]},
		"node_17" : {"left" : 18, "right" : 21, "feature" : 7, "threshold" : -1.0099423, "impurity" : 0.5294925, "n_samples" : 27, "w_samples" : 27, "value" : [0.037037037, 0.62962961, 0.074074075, 0.25925925]},
		"node_18" : {"left" : 19, "right" : 20, "feature" : 0, "threshold" : -0.74068028, "impurity" : 0.24489796, "n_samples" : 7, "w_samples" : 7, "value" : [0, 0, 0.14285715, 0.85714287]},
		"node_19" : {"left" : null, "right" : null, "feature" : null, "threshold" : null, "impurity" : 0, "n_samples" : 4, "w_samples" : 4, "value" : [0, 0, 0, 1]},
		"node_20" : {"left" : null, "right" : null, "feature" : null, "threshold" : null, "impurity" : 0.44444442, "n_samples" : 3, "w_samples" : 3, "value" : [0, 0, 0.33333334, 0.66666669]},
		"node_21" : {"left" : 22, "right" : 25, "feature" : 9, "threshold" : 1.1432985, "impurity" : 0.26999998, "n_samples" : 20, "w_samples" : 20, "value" : [0.050000001, 0.85000002, 0.050000001, 0.050000001]},
		"node_22" : {"left" : 23, "right" : 24, "feature" : 2, "threshold" : 1.0361854, "impurity" : 0.11072665, "n_samples" : 17, "w_samples" : 17, "value" : [0, 0.94117647, 0, 0.05882353]},
		"node_23" : {"left" : null, "right" : null, "feature" : null, "threshold" : null, "impurity" : 0, "n_samples" : 14, "w_samples" : 14, "value" : [0, 1, 0, 0]},
		"node_24" : {"left" : null, "right" : null, "feature" : null, "threshold" : null, "impurity" : 0.44444442, "n_samples" : 3, "w_samples" : 3, "value" : [0, 0.66666669, 0, 0.33333334]},
		"node_25" : {"left" : null, "right" : null, "feature" : null, "threshold" : null, "impurity" : 0.66666663, "n_samples" : 3, "w_samples" : 3, "value" : [0.33333334, 0.33333334, 0.33333334, 0]},
		"node_26" : {"left" : null, "right" : null, "feature" : null, "threshold" : null, "impurity" : 0, "n_samples" : 6, "w_samples" : 6, "value" : [1, 0, 0, 0]}
		}
	}
}

MODEL_JSON_DUMP_END
MCU_DEPLOY_CLASSIFICATION_CODE MODEL_PREDICT_STEP
MLLITE_AUTO_DEPLOY_FOURCLASS_10_SMALL_APPLY_OUTPUT_CLASS  [ 2, 0, 1, 0, 3,  ... , 1, 0, 3, 2, 1 ]
MCU_DEPLOY_CLASSIFICATION_CODE MODEL_PREDICT_PROBA_STEP
MLLITE_AUTO_DEPLOY_FOURCLASS_10_SMALL_APPLY_OUTPUT_PROBA 0 [ 0.16666667, 0.16666667, 0.33333334, 0.33333334 ]
MLLITE_AUTO_DEPLOY_FOURCLASS_10_SMALL_APPLY_OUTPUT_PROBA 1 [ 0.33333334, 0, 0.33333334, 0.33333334 ]
MLLITE_AUTO_DEPLOY_FOURCLASS_10_SMALL_APPLY_OUTPUT_PROBA 2 [ 0, 1, 0, 0 ]
MLLITE_AUTO_DEPLOY_FOURCLASS_10_SMALL_APPLY_OUTPUT_PROBA 3 [ 1, 0, 0, 0 ]
MLLITE_AUTO_DEPLOY_FOURCLASS_10_SMALL_APPLY_OUTPUT_PROBA 4 [ 0, 0, 0, 1 ]
...
MLLITE_AUTO_DEPLOY_FOURCLASS_10_SMALL_APPLY_OUTPUT_PROBA 59 [ 0, 1, 0, 0 ]
MLLITE_AUTO_DEPLOY_FOURCLASS_10_SMALL_APPLY_OUTPUT_PROBA 60 [ 1, 0, 0, 0 ]
MLLITE_AUTO_DEPLOY_FOURCLASS_10_SMALL_APPLY_OUTPUT_PROBA 61 [ 0, 0, 0, 1 ]
MLLITE_AUTO_DEPLOY_FOURCLASS_10_SMALL_APPLY_OUTPUT_PROBA 62 [ 0, 0, 1, 0 ]
MLLITE_AUTO_DEPLOY_FOURCLASS_10_SMALL_APPLY_OUTPUT_PROBA 63 [ 0, 1, 0, 0 ]
MCU_DEPLOY_CLASSIFICATION_CODE MODEL_COMPUTE_PERF_STEP
MLLITE_AUTO_DEPLOY_FOURCLASS_10_SMALL_CLASS_PERFS { "count" : 64, "precision" : 0.8125,  "AUC" : [ 0.98498124, 0.99181288, 0.98571426, 0.9942857 ] }
This will be printed
MCU_DEPLOY_CLASSIFICATION_CODE ALL_STEPS_OK
MCU_DEPLOY_CLASSIFICATION_CODE done
MLLITE_MCU_TIMER_OPERATION_ELAPSED_SECONDS 'MLLITE.MCU_DEPLOY.CLASSIFICATION.Breiman_DFS_BestSplit_GINI.FOURCLASS_10_SMALL' 0
MLLITE_MCU_TIMER_OPERATION_END 'MLLITE.MCU_DEPLOY.CLASSIFICATION.Breiman_DFS_BestSplit_GINI.FOURCLASS_10_SMALL' [ 'Tue Jan 30 11:36:14 2024' ]
MCU_DEPLOY_ON_TARGET_ARMV7_32_END
