MCU_DEPLOY_ON_TARGET_ARMV7_32_START
MLLITE_MCU_TIMER_OPERATION_START 'MLLITE.MCU_DEPLOY.CLASSIFICATION.Breiman_DFS_BestSplit_GINI.BREASTCANCER_SMALL' [ 'Sat Feb  3 21:09:43 2024' ]
MLLite starting
MCU_DEPLOY_CLASSIFICATION_CODE CREATE_DATASET_STEP
MCU_DEPLOY_CLASSIFICATION_CODE CREATE_MODEL_STEP
MCU_DEPLOY_CLASSIFICATION_MODEL_OPTIONS
{ "ccp_alpha" : 0, "criterion" : "", "max_depth" : 6, "max_features" : null, "max_leaf_nodes" : 64, "min_impurity_decrease" : 0, "min_samples_leaf" : 1, "min_samples_split" : 2, "min_weight_fraction_leaf" : 0.050000001, "random_state" : 1789, "splitter" : "best" }
MCU_DEPLOY_CLASSIFICATION_CODE FIT_MODEL_STEP
PROGRESS_REPORT_ELAPSED_TOTAL 'DECISION_TREE_CLASSIFIER_FIT' 1 4
PROGRESS_REPORT_ELAPSED_TOTAL 'DECISION_TREE_DEPTH_FIRST_BUILDER' 0 6
PROGRESS_REPORT_ELAPSED_TOTAL 'DECISION_TREE_DEPTH_FIRST_BUILDER' 2 6
PROGRESS_REPORT_ELAPSED_TOTAL 'DECISION_TREE_DEPTH_FIRST_BUILDER' 3 6
PROGRESS_REPORT_ELAPSED_TOTAL 'DECISION_TREE_DEPTH_FIRST_BUILDER' 6 6
PROGRESS_REPORT_ELAPSED_TOTAL 'DECISION_TREE_CLASSIFIER_FIT' 2 4
PROGRESS_REPORT_ELAPSED_TOTAL 'DECISION_TREE_CLASSIFIER_FIT' 3 4
PROGRESS_REPORT_ELAPSED_TOTAL 'DECISION_TREE_CLASSIFIER_FIT' 4 4
MCU_DEPLOY_CLASSIFICATION_CODE MODEL_JSON_EXPORT_STEP
MODEL_JSON_DUMP_START
{
	"metadata" : { "model" : "Breiman_DFS_BestSplit_GINI", "version" : "2024-W04"},
	"options" : { "ccp_alpha" : 0, "criterion" : "", "max_depth" : 6, "max_features" : null, "max_leaf_nodes" : 64, "min_impurity_decrease" : 0, "min_samples_leaf" : 1, "min_samples_split" : 2, "min_weight_fraction_leaf" : 0.050000001, "random_state" : 1789, "splitter" : "best" },
	"dataset" : { "dataset_rows" : 64, "dataset_features" : 30 },
	"classes" : [ 0, 1 ],
	"tree" : {
	"features" : 30,
	"outputs" : 2,
	"max_depth" : 3,
	"node_count" : 7,
	"nodes" : {
		"node_0" : {"left" : 1, "right" : 6, "feature" : 27, "threshold" : 0.1436, "impurity" : 0.49951172, "n_samples" : 64, "w_samples" : 64, "value" : [0.484375, 0.515625]},
		"node_1" : {"left" : 2, "right" : 5, "feature" : 21, "threshold" : 29.18, "impurity" : 0.19284147, "n_samples" : 37, "w_samples" : 37, "value" : [0.10810811, 0.8918919]},
		"node_2" : {"left" : 3, "right" : 4, "feature" : 25, "threshold" : 0.3479, "impurity" : 0.058769524, "n_samples" : 33, "w_samples" : 33, "value" : [0.030303031, 0.969697]},
		"node_3" : {"left" : null, "right" : null, "feature" : null, "threshold" : null, "impurity" : 0, "n_samples" : 30, "w_samples" : 30, "value" : [0, 1]},
		"node_4" : {"left" : null, "right" : null, "feature" : null, "threshold" : null, "impurity" : 0.44444442, "n_samples" : 3, "w_samples" : 3, "value" : [0.33333334, 0.66666669]},
		"node_5" : {"left" : null, "right" : null, "feature" : null, "threshold" : null, "impurity" : 0.375, "n_samples" : 4, "w_samples" : 4, "value" : [0.75, 0.25]},
		"node_6" : {"left" : null, "right" : null, "feature" : null, "threshold" : null, "impurity" : 0, "n_samples" : 27, "w_samples" : 27, "value" : [1, 0]}
		}
	}
}

MODEL_JSON_DUMP_END
MCU_DEPLOY_CLASSIFICATION_CODE MODEL_PREDICT_STEP
MLLITE_AUTO_DEPLOY_BREASTCANCER_SMALL_APPLY_OUTPUT_CLASS  [ 0, 0, 0, 1, 1,  ... , 0, 1, 0, 0, 1 ]
MCU_DEPLOY_CLASSIFICATION_CODE MODEL_PREDICT_PROBA_STEP
MLLITE_AUTO_DEPLOY_BREASTCANCER_SMALL_APPLY_OUTPUT_PROBA 0 [ 1, 0 ]
MLLITE_AUTO_DEPLOY_BREASTCANCER_SMALL_APPLY_OUTPUT_PROBA 1 [ 1, 0 ]
MLLITE_AUTO_DEPLOY_BREASTCANCER_SMALL_APPLY_OUTPUT_PROBA 2 [ 1, 0 ]
MLLITE_AUTO_DEPLOY_BREASTCANCER_SMALL_APPLY_OUTPUT_PROBA 3 [ 0, 1 ]
MLLITE_AUTO_DEPLOY_BREASTCANCER_SMALL_APPLY_OUTPUT_PROBA 4 [ 0, 1 ]
...
MLLITE_AUTO_DEPLOY_BREASTCANCER_SMALL_APPLY_OUTPUT_PROBA 59 [ 1, 0 ]
MLLITE_AUTO_DEPLOY_BREASTCANCER_SMALL_APPLY_OUTPUT_PROBA 60 [ 0, 1 ]
MLLITE_AUTO_DEPLOY_BREASTCANCER_SMALL_APPLY_OUTPUT_PROBA 61 [ 1, 0 ]
MLLITE_AUTO_DEPLOY_BREASTCANCER_SMALL_APPLY_OUTPUT_PROBA 62 [ 1, 0 ]
MLLITE_AUTO_DEPLOY_BREASTCANCER_SMALL_APPLY_OUTPUT_PROBA 63 [ 0, 1 ]
MCU_DEPLOY_CLASSIFICATION_CODE MODEL_COMPUTE_PERF_STEP
MLLITE_AUTO_DEPLOY_BREASTCANCER_SMALL_CLASS_PERFS { "count" : 64, "precision" : 0.96875,  "AUC" : [ 0.99902248, 0.99902248 ] }
This will be printed
MCU_DEPLOY_CLASSIFICATION_CODE ALL_STEPS_OK
MCU_DEPLOY_CLASSIFICATION_CODE done
MLLITE_MCU_TIMER_OPERATION_ELAPSED_SECONDS 'MLLITE.MCU_DEPLOY.CLASSIFICATION.Breiman_DFS_BestSplit_GINI.BREASTCANCER_SMALL' 0
MLLITE_MCU_TIMER_OPERATION_END 'MLLITE.MCU_DEPLOY.CLASSIFICATION.Breiman_DFS_BestSplit_GINI.BREASTCANCER_SMALL' [ 'Sat Feb  3 21:09:43 2024' ]
MCU_DEPLOY_ON_TARGET_ARMV7_32_END
