MCU_DEPLOY_ON_TARGET_ARMV7_32_START
MLLITE_MCU_TIMER_OPERATION_START 'MLLITE.MCU_DEPLOY.CLASSIFICATION.Vapnik_SVC_RBF.IRIS' [ 'Tue Jan 30 11:36:30 2024' ]
MLLite starting
MCU_DEPLOY_CLASSIFICATION_CODE CREATE_DATASET_STEP
MCU_DEPLOY_CLASSIFICATION_CODE CREATE_MODEL_STEP
MCU_DEPLOY_CLASSIFICATION_MODEL_OPTIONS
{"svm_type" : "c_svc", "kernel" : "rbf", "degree" : 3, "gamma" : 0, "coef0" : 0, "cache_size" : 10240, "tol" : 0.001, "nu" : 0.5, "epsilon" : 0, "shrinking" : 0, "probability" : 1, "C" : 1, "max_iter" : 30, "random_state" : 1789 }
MCU_DEPLOY_CLASSIFICATION_CODE FIT_MODEL_STEP
PROGRESS_REPORT_ELAPSED_TOTAL 'SVM_CLASSIFIER_FIT' 1 5
PROGRESS_REPORT_ELAPSED_TOTAL 'SVM_CLASSIFIER_FIT' 2 5
PROGRESS_REPORT_ELAPSED_TOTAL 'SVM_CLASSIFIER_FIT' 3 5
PROGRESS_REPORT_ELAPSED_TOTAL 'SVM_CLASSIFIER_FIT' 4 5
PROGRESS_REPORT_ELAPSED_TOTAL 'SVM_TRAIN_CLASS_SUB_PROBLEM' 1 3
PROGRESS_REPORT_ELAPSED_TOTAL 'SVM_TRAIN_CLASS_PROBA_CROSS_VALIDATION' 1 5
PROGRESS_REPORT_ELAPSED_TOTAL 'SVM_SOLVER_ITERATION:SVC_Global_BINARY_0_1_CV_FOLD_1' 3 30
PROGRESS_REPORT_ELAPSED_TOTAL 'SVM_SOLVER_ITERATION:SVC_Global_BINARY_0_1_CV_FOLD_1' 6 30
PROGRESS_REPORT_ELAPSED_TOTAL 'SVM_SOLVER_ITERATION:SVC_Global_BINARY_0_1_CV_FOLD_1' 9 30
PROGRESS_REPORT_ELAPSED_TOTAL 'SVM_SOLVER_ITERATION:SVC_Global_BINARY_0_1_CV_FOLD_1' 12 30
PROGRESS_REPORT_ELAPSED_TOTAL 'SVM_SOLVER_ITERATION:SVC_Global_BINARY_0_1_CV_FOLD_1' 15 30
PROGRESS_REPORT_ELAPSED_TOTAL 'SVM_SOLVER_ITERATION:SVC_Global_BINARY_0_1_CV_FOLD_1' 18 30
PROGRESS_REPORT_ELAPSED_TOTAL 'SVM_SOLVER_ITERATION:SVC_Global_BINARY_0_1_CV_FOLD_1' 21 30
PROGRESS_REPORT_ELAPSED_TOTAL 'SVM_SOLVER_ITERATION:SVC_Global_BINARY_0_1_CV_FOLD_1' 24 30
PROGRESS_REPORT_ELAPSED_TOTAL 'SVM_TRAIN_CLASS_PROBA_CROSS_VALIDATION' 2 5
PROGRESS_REPORT_ELAPSED_TOTAL 'SVM_SOLVER_ITERATION:SVC_Global_BINARY_0_1_CV_FOLD_2' 3 30
PROGRESS_REPORT_ELAPSED_TOTAL 'SVM_SOLVER_ITERATION:SVC_Global_BINARY_0_1_CV_FOLD_2' 6 30
PROGRESS_REPORT_ELAPSED_TOTAL 'SVM_SOLVER_ITERATION:SVC_Global_BINARY_0_1_CV_FOLD_2' 9 30
PROGRESS_REPORT_ELAPSED_TOTAL 'SVM_SOLVER_ITERATION:SVC_Global_BINARY_0_1_CV_FOLD_2' 12 30
PROGRESS_REPORT_ELAPSED_TOTAL 'SVM_SOLVER_ITERATION:SVC_Global_BINARY_0_1_CV_FOLD_2' 15 30
PROGRESS_REPORT_ELAPSED_TOTAL 'SVM_TRAIN_CLASS_PROBA_CROSS_VALIDATION' 3 5
PROGRESS_REPORT_ELAPSED_TOTAL 'SVM_SOLVER_ITERATION:SVC_Global_BINARY_0_1_CV_FOLD_3' 3 30
PROGRESS_REPORT_ELAPSED_TOTAL 'SVM_SOLVER_ITERATION:SVC_Global_BINARY_0_1_CV_FOLD_3' 6 30
PROGRESS_REPORT_ELAPSED_TOTAL 'SVM_SOLVER_ITERATION:SVC_Global_BINARY_0_1_CV_FOLD_3' 9 30
PROGRESS_REPORT_ELAPSED_TOTAL 'SVM_TRAIN_CLASS_PROBA_CROSS_VALIDATION' 4 5
PROGRESS_REPORT_ELAPSED_TOTAL 'SVM_SOLVER_ITERATION:SVC_Global_BINARY_0_1_CV_FOLD_4' 3 30
PROGRESS_REPORT_ELAPSED_TOTAL 'SVM_SOLVER_ITERATION:SVC_Global_BINARY_0_1_CV_FOLD_4' 6 30
PROGRESS_REPORT_ELAPSED_TOTAL 'SVM_SOLVER_ITERATION:SVC_Global_BINARY_0_1_CV_FOLD_4' 9 30
PROGRESS_REPORT_ELAPSED_TOTAL 'SVM_SOLVER_ITERATION:SVC_Global_BINARY_0_1_CV_FOLD_4' 12 30
PROGRESS_REPORT_ELAPSED_TOTAL 'SVM_TRAIN_CLASS_PROBA_CROSS_VALIDATION' 5 5
PROGRESS_REPORT_ELAPSED_TOTAL 'SVM_SOLVER_ITERATION:SVC_Global_BINARY_0_1_CV_FOLD_5' 3 30
PROGRESS_REPORT_ELAPSED_TOTAL 'SVM_SOLVER_ITERATION:SVC_Global_BINARY_0_1_CV_FOLD_5' 6 30
PROGRESS_REPORT_ELAPSED_TOTAL 'SVM_SOLVER_ITERATION:SVC_Global_BINARY_0_1' 3 30
PROGRESS_REPORT_ELAPSED_TOTAL 'SVM_SOLVER_ITERATION:SVC_Global_BINARY_0_1' 6 30
PROGRESS_REPORT_ELAPSED_TOTAL 'SVM_SOLVER_ITERATION:SVC_Global_BINARY_0_1' 9 30
PROGRESS_REPORT_ELAPSED_TOTAL 'SVM_TRAIN_CLASS_SUB_PROBLEM' 2 3
PROGRESS_REPORT_ELAPSED_TOTAL 'SVM_TRAIN_CLASS_PROBA_CROSS_VALIDATION' 1 5
PROGRESS_REPORT_ELAPSED_TOTAL 'SVM_SOLVER_ITERATION:SVC_Global_BINARY_0_2_CV_FOLD_1' 3 30
PROGRESS_REPORT_ELAPSED_TOTAL 'SVM_SOLVER_ITERATION:SVC_Global_BINARY_0_2_CV_FOLD_1' 6 30
PROGRESS_REPORT_ELAPSED_TOTAL 'SVM_SOLVER_ITERATION:SVC_Global_BINARY_0_2_CV_FOLD_1' 9 30
PROGRESS_REPORT_ELAPSED_TOTAL 'SVM_SOLVER_ITERATION:SVC_Global_BINARY_0_2_CV_FOLD_1' 12 30
PROGRESS_REPORT_ELAPSED_TOTAL 'SVM_SOLVER_ITERATION:SVC_Global_BINARY_0_2_CV_FOLD_1' 15 30
PROGRESS_REPORT_ELAPSED_TOTAL 'SVM_SOLVER_ITERATION:SVC_Global_BINARY_0_2_CV_FOLD_1' 18 30
PROGRESS_REPORT_ELAPSED_TOTAL 'SVM_SOLVER_ITERATION:SVC_Global_BINARY_0_2_CV_FOLD_1' 21 30
PROGRESS_REPORT_ELAPSED_TOTAL 'SVM_SOLVER_ITERATION:SVC_Global_BINARY_0_2_CV_FOLD_1' 24 30
PROGRESS_REPORT_ELAPSED_TOTAL 'SVM_SOLVER_ITERATION:SVC_Global_BINARY_0_2_CV_FOLD_1' 27 30
PROGRESS_REPORT_ELAPSED_TOTAL 'SVM_SOLVER_ITERATION:SVC_Global_BINARY_0_2_CV_FOLD_1' 30 30
PROGRESS_REPORT_ELAPSED_TOTAL 'SVM_TRAIN_CLASS_PROBA_CROSS_VALIDATION' 2 5
PROGRESS_REPORT_ELAPSED_TOTAL 'SVM_SOLVER_ITERATION:SVC_Global_BINARY_0_2_CV_FOLD_2' 3 30
PROGRESS_REPORT_ELAPSED_TOTAL 'SVM_SOLVER_ITERATION:SVC_Global_BINARY_0_2_CV_FOLD_2' 6 30
PROGRESS_REPORT_ELAPSED_TOTAL 'SVM_SOLVER_ITERATION:SVC_Global_BINARY_0_2_CV_FOLD_2' 9 30
PROGRESS_REPORT_ELAPSED_TOTAL 'SVM_SOLVER_ITERATION:SVC_Global_BINARY_0_2_CV_FOLD_2' 12 30
PROGRESS_REPORT_ELAPSED_TOTAL 'SVM_SOLVER_ITERATION:SVC_Global_BINARY_0_2_CV_FOLD_2' 15 30
PROGRESS_REPORT_ELAPSED_TOTAL 'SVM_SOLVER_ITERATION:SVC_Global_BINARY_0_2_CV_FOLD_2' 18 30
PROGRESS_REPORT_ELAPSED_TOTAL 'SVM_SOLVER_ITERATION:SVC_Global_BINARY_0_2_CV_FOLD_2' 21 30
PROGRESS_REPORT_ELAPSED_TOTAL 'SVM_SOLVER_ITERATION:SVC_Global_BINARY_0_2_CV_FOLD_2' 24 30
PROGRESS_REPORT_ELAPSED_TOTAL 'SVM_SOLVER_ITERATION:SVC_Global_BINARY_0_2_CV_FOLD_2' 27 30
PROGRESS_REPORT_ELAPSED_TOTAL 'SVM_SOLVER_ITERATION:SVC_Global_BINARY_0_2_CV_FOLD_2' 30 30
PROGRESS_REPORT_ELAPSED_TOTAL 'SVM_TRAIN_CLASS_PROBA_CROSS_VALIDATION' 3 5
PROGRESS_REPORT_ELAPSED_TOTAL 'SVM_SOLVER_ITERATION:SVC_Global_BINARY_0_2_CV_FOLD_3' 3 30
PROGRESS_REPORT_ELAPSED_TOTAL 'SVM_SOLVER_ITERATION:SVC_Global_BINARY_0_2_CV_FOLD_3' 6 30
PROGRESS_REPORT_ELAPSED_TOTAL 'SVM_SOLVER_ITERATION:SVC_Global_BINARY_0_2_CV_FOLD_3' 9 30
PROGRESS_REPORT_ELAPSED_TOTAL 'SVM_SOLVER_ITERATION:SVC_Global_BINARY_0_2_CV_FOLD_3' 12 30
PROGRESS_REPORT_ELAPSED_TOTAL 'SVM_SOLVER_ITERATION:SVC_Global_BINARY_0_2_CV_FOLD_3' 15 30
PROGRESS_REPORT_ELAPSED_TOTAL 'SVM_SOLVER_ITERATION:SVC_Global_BINARY_0_2_CV_FOLD_3' 18 30
PROGRESS_REPORT_ELAPSED_TOTAL 'SVM_SOLVER_ITERATION:SVC_Global_BINARY_0_2_CV_FOLD_3' 21 30
PROGRESS_REPORT_ELAPSED_TOTAL 'SVM_TRAIN_CLASS_PROBA_CROSS_VALIDATION' 4 5
PROGRESS_REPORT_ELAPSED_TOTAL 'SVM_SOLVER_ITERATION:SVC_Global_BINARY_0_2_CV_FOLD_4' 3 30
PROGRESS_REPORT_ELAPSED_TOTAL 'SVM_SOLVER_ITERATION:SVC_Global_BINARY_0_2_CV_FOLD_4' 6 30
PROGRESS_REPORT_ELAPSED_TOTAL 'SVM_SOLVER_ITERATION:SVC_Global_BINARY_0_2_CV_FOLD_4' 9 30
PROGRESS_REPORT_ELAPSED_TOTAL 'SVM_SOLVER_ITERATION:SVC_Global_BINARY_0_2_CV_FOLD_4' 12 30
PROGRESS_REPORT_ELAPSED_TOTAL 'SVM_SOLVER_ITERATION:SVC_Global_BINARY_0_2_CV_FOLD_4' 15 30
PROGRESS_REPORT_ELAPSED_TOTAL 'SVM_SOLVER_ITERATION:SVC_Global_BINARY_0_2_CV_FOLD_4' 18 30
PROGRESS_REPORT_ELAPSED_TOTAL 'SVM_SOLVER_ITERATION:SVC_Global_BINARY_0_2_CV_FOLD_4' 21 30
PROGRESS_REPORT_ELAPSED_TOTAL 'SVM_SOLVER_ITERATION:SVC_Global_BINARY_0_2_CV_FOLD_4' 24 30
PROGRESS_REPORT_ELAPSED_TOTAL 'SVM_TRAIN_CLASS_PROBA_CROSS_VALIDATION' 5 5
PROGRESS_REPORT_ELAPSED_TOTAL 'SVM_SOLVER_ITERATION:SVC_Global_BINARY_0_2_CV_FOLD_5' 3 30
PROGRESS_REPORT_ELAPSED_TOTAL 'SVM_SOLVER_ITERATION:SVC_Global_BINARY_0_2_CV_FOLD_5' 6 30
PROGRESS_REPORT_ELAPSED_TOTAL 'SVM_SOLVER_ITERATION:SVC_Global_BINARY_0_2_CV_FOLD_5' 9 30
PROGRESS_REPORT_ELAPSED_TOTAL 'SVM_SOLVER_ITERATION:SVC_Global_BINARY_0_2_CV_FOLD_5' 12 30
PROGRESS_REPORT_ELAPSED_TOTAL 'SVM_SOLVER_ITERATION:SVC_Global_BINARY_0_2_CV_FOLD_5' 15 30
PROGRESS_REPORT_ELAPSED_TOTAL 'SVM_SOLVER_ITERATION:SVC_Global_BINARY_0_2_CV_FOLD_5' 18 30
PROGRESS_REPORT_ELAPSED_TOTAL 'SVM_SOLVER_ITERATION:SVC_Global_BINARY_0_2' 3 30
PROGRESS_REPORT_ELAPSED_TOTAL 'SVM_SOLVER_ITERATION:SVC_Global_BINARY_0_2' 6 30
PROGRESS_REPORT_ELAPSED_TOTAL 'SVM_SOLVER_ITERATION:SVC_Global_BINARY_0_2' 9 30
PROGRESS_REPORT_ELAPSED_TOTAL 'SVM_SOLVER_ITERATION:SVC_Global_BINARY_0_2' 12 30
PROGRESS_REPORT_ELAPSED_TOTAL 'SVM_SOLVER_ITERATION:SVC_Global_BINARY_0_2' 15 30
PROGRESS_REPORT_ELAPSED_TOTAL 'SVM_SOLVER_ITERATION:SVC_Global_BINARY_0_2' 18 30
PROGRESS_REPORT_ELAPSED_TOTAL 'SVM_SOLVER_ITERATION:SVC_Global_BINARY_0_2' 21 30
PROGRESS_REPORT_ELAPSED_TOTAL 'SVM_SOLVER_ITERATION:SVC_Global_BINARY_0_2' 24 30
PROGRESS_REPORT_ELAPSED_TOTAL 'SVM_SOLVER_ITERATION:SVC_Global_BINARY_0_2' 27 30
PROGRESS_REPORT_ELAPSED_TOTAL 'SVM_TRAIN_CLASS_SUB_PROBLEM' 3 3
PROGRESS_REPORT_ELAPSED_TOTAL 'SVM_TRAIN_CLASS_PROBA_CROSS_VALIDATION' 1 5
PROGRESS_REPORT_ELAPSED_TOTAL 'SVM_SOLVER_ITERATION:SVC_Global_BINARY_1_2_CV_FOLD_1' 3 30
PROGRESS_REPORT_ELAPSED_TOTAL 'SVM_SOLVER_ITERATION:SVC_Global_BINARY_1_2_CV_FOLD_1' 6 30
PROGRESS_REPORT_ELAPSED_TOTAL 'SVM_SOLVER_ITERATION:SVC_Global_BINARY_1_2_CV_FOLD_1' 9 30
PROGRESS_REPORT_ELAPSED_TOTAL 'SVM_SOLVER_ITERATION:SVC_Global_BINARY_1_2_CV_FOLD_1' 12 30
PROGRESS_REPORT_ELAPSED_TOTAL 'SVM_SOLVER_ITERATION:SVC_Global_BINARY_1_2_CV_FOLD_1' 15 30
PROGRESS_REPORT_ELAPSED_TOTAL 'SVM_SOLVER_ITERATION:SVC_Global_BINARY_1_2_CV_FOLD_1' 18 30
PROGRESS_REPORT_ELAPSED_TOTAL 'SVM_SOLVER_ITERATION:SVC_Global_BINARY_1_2_CV_FOLD_1' 21 30
PROGRESS_REPORT_ELAPSED_TOTAL 'SVM_TRAIN_CLASS_PROBA_CROSS_VALIDATION' 2 5
PROGRESS_REPORT_ELAPSED_TOTAL 'SVM_SOLVER_ITERATION:SVC_Global_BINARY_1_2_CV_FOLD_2' 3 30
PROGRESS_REPORT_ELAPSED_TOTAL 'SVM_SOLVER_ITERATION:SVC_Global_BINARY_1_2_CV_FOLD_2' 6 30
PROGRESS_REPORT_ELAPSED_TOTAL 'SVM_SOLVER_ITERATION:SVC_Global_BINARY_1_2_CV_FOLD_2' 9 30
PROGRESS_REPORT_ELAPSED_TOTAL 'SVM_SOLVER_ITERATION:SVC_Global_BINARY_1_2_CV_FOLD_2' 12 30
PROGRESS_REPORT_ELAPSED_TOTAL 'SVM_SOLVER_ITERATION:SVC_Global_BINARY_1_2_CV_FOLD_2' 15 30
PROGRESS_REPORT_ELAPSED_TOTAL 'SVM_SOLVER_ITERATION:SVC_Global_BINARY_1_2_CV_FOLD_2' 18 30
PROGRESS_REPORT_ELAPSED_TOTAL 'SVM_SOLVER_ITERATION:SVC_Global_BINARY_1_2_CV_FOLD_2' 21 30
PROGRESS_REPORT_ELAPSED_TOTAL 'SVM_SOLVER_ITERATION:SVC_Global_BINARY_1_2_CV_FOLD_2' 24 30
PROGRESS_REPORT_ELAPSED_TOTAL 'SVM_TRAIN_CLASS_PROBA_CROSS_VALIDATION' 3 5
PROGRESS_REPORT_ELAPSED_TOTAL 'SVM_SOLVER_ITERATION:SVC_Global_BINARY_1_2_CV_FOLD_3' 3 30
PROGRESS_REPORT_ELAPSED_TOTAL 'SVM_SOLVER_ITERATION:SVC_Global_BINARY_1_2_CV_FOLD_3' 6 30
PROGRESS_REPORT_ELAPSED_TOTAL 'SVM_SOLVER_ITERATION:SVC_Global_BINARY_1_2_CV_FOLD_3' 9 30
PROGRESS_REPORT_ELAPSED_TOTAL 'SVM_SOLVER_ITERATION:SVC_Global_BINARY_1_2_CV_FOLD_3' 12 30
PROGRESS_REPORT_ELAPSED_TOTAL 'SVM_SOLVER_ITERATION:SVC_Global_BINARY_1_2_CV_FOLD_3' 15 30
PROGRESS_REPORT_ELAPSED_TOTAL 'SVM_SOLVER_ITERATION:SVC_Global_BINARY_1_2_CV_FOLD_3' 18 30
PROGRESS_REPORT_ELAPSED_TOTAL 'SVM_SOLVER_ITERATION:SVC_Global_BINARY_1_2_CV_FOLD_3' 21 30
PROGRESS_REPORT_ELAPSED_TOTAL 'SVM_SOLVER_ITERATION:SVC_Global_BINARY_1_2_CV_FOLD_3' 24 30
PROGRESS_REPORT_ELAPSED_TOTAL 'SVM_SOLVER_ITERATION:SVC_Global_BINARY_1_2_CV_FOLD_3' 27 30
PROGRESS_REPORT_ELAPSED_TOTAL 'SVM_SOLVER_ITERATION:SVC_Global_BINARY_1_2_CV_FOLD_3' 30 30
PROGRESS_REPORT_ELAPSED_TOTAL 'SVM_TRAIN_CLASS_PROBA_CROSS_VALIDATION' 4 5
PROGRESS_REPORT_ELAPSED_TOTAL 'SVM_SOLVER_ITERATION:SVC_Global_BINARY_1_2_CV_FOLD_4' 3 30
PROGRESS_REPORT_ELAPSED_TOTAL 'SVM_SOLVER_ITERATION:SVC_Global_BINARY_1_2_CV_FOLD_4' 6 30
PROGRESS_REPORT_ELAPSED_TOTAL 'SVM_SOLVER_ITERATION:SVC_Global_BINARY_1_2_CV_FOLD_4' 9 30
PROGRESS_REPORT_ELAPSED_TOTAL 'SVM_SOLVER_ITERATION:SVC_Global_BINARY_1_2_CV_FOLD_4' 12 30
PROGRESS_REPORT_ELAPSED_TOTAL 'SVM_SOLVER_ITERATION:SVC_Global_BINARY_1_2_CV_FOLD_4' 15 30
PROGRESS_REPORT_ELAPSED_TOTAL 'SVM_SOLVER_ITERATION:SVC_Global_BINARY_1_2_CV_FOLD_4' 18 30
PROGRESS_REPORT_ELAPSED_TOTAL 'SVM_SOLVER_ITERATION:SVC_Global_BINARY_1_2_CV_FOLD_4' 21 30
PROGRESS_REPORT_ELAPSED_TOTAL 'SVM_SOLVER_ITERATION:SVC_Global_BINARY_1_2_CV_FOLD_4' 24 30
PROGRESS_REPORT_ELAPSED_TOTAL 'SVM_SOLVER_ITERATION:SVC_Global_BINARY_1_2_CV_FOLD_4' 27 30
PROGRESS_REPORT_ELAPSED_TOTAL 'SVM_SOLVER_ITERATION:SVC_Global_BINARY_1_2_CV_FOLD_4' 30 30
PROGRESS_REPORT_ELAPSED_TOTAL 'SVM_TRAIN_CLASS_PROBA_CROSS_VALIDATION' 5 5
PROGRESS_REPORT_ELAPSED_TOTAL 'SVM_SOLVER_ITERATION:SVC_Global_BINARY_1_2_CV_FOLD_5' 3 30
PROGRESS_REPORT_ELAPSED_TOTAL 'SVM_SOLVER_ITERATION:SVC_Global_BINARY_1_2_CV_FOLD_5' 6 30
PROGRESS_REPORT_ELAPSED_TOTAL 'SVM_SOLVER_ITERATION:SVC_Global_BINARY_1_2_CV_FOLD_5' 9 30
PROGRESS_REPORT_ELAPSED_TOTAL 'SVM_SOLVER_ITERATION:SVC_Global_BINARY_1_2_CV_FOLD_5' 12 30
PROGRESS_REPORT_ELAPSED_TOTAL 'SVM_SOLVER_ITERATION:SVC_Global_BINARY_1_2_CV_FOLD_5' 15 30
PROGRESS_REPORT_ELAPSED_TOTAL 'SVM_SOLVER_ITERATION:SVC_Global_BINARY_1_2_CV_FOLD_5' 18 30
PROGRESS_REPORT_ELAPSED_TOTAL 'SVM_SOLVER_ITERATION:SVC_Global_BINARY_1_2_CV_FOLD_5' 21 30
PROGRESS_REPORT_ELAPSED_TOTAL 'SVM_SOLVER_ITERATION:SVC_Global_BINARY_1_2_CV_FOLD_5' 24 30
PROGRESS_REPORT_ELAPSED_TOTAL 'SVM_SOLVER_ITERATION:SVC_Global_BINARY_1_2_CV_FOLD_5' 27 30
PROGRESS_REPORT_ELAPSED_TOTAL 'SVM_SOLVER_ITERATION:SVC_Global_BINARY_1_2_CV_FOLD_5' 30 30
PROGRESS_REPORT_ELAPSED_TOTAL 'SVM_SOLVER_ITERATION:SVC_Global_BINARY_1_2' 3 30
PROGRESS_REPORT_ELAPSED_TOTAL 'SVM_SOLVER_ITERATION:SVC_Global_BINARY_1_2' 6 30
PROGRESS_REPORT_ELAPSED_TOTAL 'SVM_SOLVER_ITERATION:SVC_Global_BINARY_1_2' 9 30
PROGRESS_REPORT_ELAPSED_TOTAL 'SVM_SOLVER_ITERATION:SVC_Global_BINARY_1_2' 12 30
PROGRESS_REPORT_ELAPSED_TOTAL 'SVM_SOLVER_ITERATION:SVC_Global_BINARY_1_2' 15 30
PROGRESS_REPORT_ELAPSED_TOTAL 'SVM_SOLVER_ITERATION:SVC_Global_BINARY_1_2' 18 30
PROGRESS_REPORT_ELAPSED_TOTAL 'SVM_SOLVER_ITERATION:SVC_Global_BINARY_1_2' 21 30
PROGRESS_REPORT_ELAPSED_TOTAL 'SVM_SOLVER_ITERATION:SVC_Global_BINARY_1_2' 24 30
PROGRESS_REPORT_ELAPSED_TOTAL 'SVM_SOLVER_ITERATION:SVC_Global_BINARY_1_2' 27 30
PROGRESS_REPORT_ELAPSED_TOTAL 'SVM_SOLVER_ITERATION:SVC_Global_BINARY_1_2' 30 30
PROGRESS_REPORT_ELAPSED_TOTAL 'SVM_CLASSIFIER_FIT' 5 5
MCU_DEPLOY_CLASSIFICATION_CODE MODEL_JSON_EXPORT_STEP
MODEL_JSON_DUMP_START
{
	"metadata" : { "model" : "Vapnik_SVC_RBF", "version" : "2024-W04"},
	"options" : {"svm_type" : "c_svc", "kernel" : "rbf", "degree" : 3, "gamma" : 0.064167447, "coef0" : 0, "cache_size" : 10240, "tol" : 0.001, "nu" : 0.5, "epsilon" : 0, "shrinking" : 0, "probability" : 1, "C" : 1, "max_iter" : 30, "random_state" : 1789 },
	"classes" : [ 0, 1, 2 ],
	"svm_model" : {
	"classes" : 3,
	"L" : 60,
	"SupportVectors" : {
		"SV_00" : [ 5.6999998, 3.8, 1.7, 0.30000001 ],
		"SV_01" : [ 5.4000001, 3.4000001, 1.7, 0.2 ],
		"SV_02" : [ 5.0999999, 3.3, 1.7, 0.5 ],
		"SV_03" : [ 4.8000002, 3.4000001, 1.9, 0.2 ],
		"SV_04" : [ 5, 3, 1.6, 0.2 ],
		"SV_05" : [ 4.5, 2.3, 1.3, 0.30000001 ],
		"SV_06" : [ 5.0999999, 3.8, 1.9, 0.40000001 ],
		"SV_07" : [ 7, 3.2, 4.6999998, 1.4 ],
		"SV_08" : [ 6.4000001, 3.2, 4.5, 1.5 ],
		"SV_09" : [ 6.9000001, 3.0999999, 4.9000001, 1.5 ],
		"SV_10" : [ 6.5, 2.8, 4.5999999, 1.5 ],
		"SV_11" : [ 5.6999998, 2.8, 4.5, 1.3 ],
		"SV_12" : [ 6.3000002, 3.3, 4.6999998, 1.6 ],
		"SV_13" : [ 4.9000001, 2.4000001, 3.3, 1 ],
		"SV_14" : [ 6.5999999, 2.9000001, 4.5999999, 1.3 ],
		"SV_15" : [ 6.0999999, 2.9000001, 4.6999998, 1.4 ],
		"SV_16" : [ 5.5999999, 2.9000001, 3.5999999, 1.3 ],
		"SV_17" : [ 5.5999999, 3, 4.5, 1.5 ],
		"SV_18" : [ 6.1999998, 2.2, 4.5, 1.5 ],
		"SV_19" : [ 5.9000001, 3.2, 4.8000002, 1.8 ],
		"SV_20" : [ 6.3000002, 2.5, 4.9000001, 1.5 ],
		"SV_21" : [ 6.0999999, 2.8, 4.6999998, 1.2 ],
		"SV_22" : [ 6.5999999, 3, 4.4000001, 1.4 ],
		"SV_23" : [ 6.8000002, 2.8, 4.8000002, 1.4 ],
		"SV_24" : [ 6.6999998, 3, 5, 1.7 ],
		"SV_25" : [ 6, 2.9000001, 4.5, 1.5 ],
		"SV_26" : [ 5.6999998, 2.5999999, 3.5, 1 ],
		"SV_27" : [ 6, 2.7, 5.0999999, 1.6 ],
		"SV_28" : [ 5.4000001, 3, 4.5, 1.5 ],
		"SV_29" : [ 6, 3.4000001, 4.5, 1.6 ],
		"SV_30" : [ 6.6999998, 3.0999999, 4.6999998, 1.5 ],
		"SV_31" : [ 6.3000002, 2.3, 4.4000001, 1.3 ],
		"SV_32" : [ 5.5, 2.5999999, 4.4000001, 1.2 ],
		"SV_33" : [ 6.0999999, 3, 4.5999999, 1.4 ],
		"SV_34" : [ 5, 2.3, 3.3, 1 ],
		"SV_35" : [ 5.0999999, 2.5, 3, 1.1 ],
		"SV_36" : [ 5.8000002, 2.7, 5.0999999, 1.9 ],
		"SV_37" : [ 4.9000001, 2.5, 4.5, 1.7 ],
		"SV_38" : [ 6.5, 3.2, 5.0999999, 2 ],
		"SV_39" : [ 6.4000001, 2.7, 5.3000002, 1.9 ],
		"SV_40" : [ 5.6999998, 2.5, 5, 2 ],
		"SV_41" : [ 6.5, 3, 5.5, 1.8 ],
		"SV_42" : [ 6, 2.2, 5, 1.5 ],
		"SV_43" : [ 5.5999999, 2.8, 4.9000001, 2 ],
		"SV_44" : [ 6.3000002, 2.7, 4.9000001, 1.8 ],
		"SV_45" : [ 6.1999998, 2.8, 4.8000002, 1.8 ],
		"SV_46" : [ 6.0999999, 3, 4.9000001, 1.8 ],
		"SV_47" : [ 7.1999998, 3, 5.8000002, 1.6 ],
		"SV_48" : [ 7.9000001, 3.8, 6.4000001, 2 ],
		"SV_49" : [ 6.3000002, 2.8, 5.0999999, 1.5 ],
		"SV_50" : [ 6.0999999, 2.5999999, 5.5999999, 1.4 ],
		"SV_51" : [ 6.4000001, 3.0999999, 5.5, 1.8 ],
		"SV_52" : [ 6, 3, 4.8000002, 1.8 ],
		"SV_53" : [ 6.9000001, 3.0999999, 5.4000001, 2.0999999 ],
		"SV_54" : [ 6.9000001, 3.0999999, 5.0999999, 2.3 ],
		"SV_55" : [ 5.8000002, 2.7, 5.0999999, 1.9 ],
		"SV_56" : [ 6.6999998, 3, 5.1999998, 2.3 ],
		"SV_57" : [ 6.3000002, 2.5, 5, 1.9 ],
		"SV_58" : [ 6.5, 3, 5.1999998, 2 ],
		"SV_59" : [ 5.9000001, 3, 5.0999999, 1.8 ]
	},
	"SupportVectorsCoefs" : {
		"SV_coef_0" : [ 0, 0.31695688, 1, 1, 0.074694939, 1, 1, 0, 0, 0, 0, 0, 0, 255, 0, 0, 99.871208, 0, 0, 0, 0, 0, 0, 0, 0, 0, 255, 0, 0, 0, 0, 0, 0, 0, 255, 255, 0, 255, 0, 0, 0, 0, 0, 0, 0, 0, 0, 0, 87.641113, 0, 0, 0, 173.43422, 0, 0, 0, 0, 0, 0, 0 ],
		"SV_coef_1" : [ 0.25547117, 0, 0.044461858, 0.25779852, 0, 0.4660933, 1, 1, 1, 1, 1, 1, 1, 0, 1, 1, 0, 1, 1, 1, 1, 1, 0.24188247, 1, 1, 1, 0, 1, 1, 1, 1, 1, 0.71506077, 1, 0, 0, 255, 255, 255, 255, 255, 255, 255, 255, 255, 255, 255, 255, 0, 255, 255, 255, 255, 244.02052, 255, 255, 255, 255, 255, 255 ]
	},
	"rho" : [ 10.625747, -5.4894662, -9.4100523 ],
	"nSV" : [ 7, 29, 24 ],
	"probA" : [ 0.019740038, 0.038123697, 0.00095280155 ],
	"probB" : [ -15.582593, -10.815029, -4.2824197 ],
	"n_iter" : [ 8, 26, 30 ],
	"sv_ind" : [ 18, 20, 23, 24, 25, 41, 44, 50, 51, 52, 54, 55, 56, 57, 58, 63, 64, 66, 68, 70, 72, 73, 75, 76, 77, 78, 79, 83, 84, 85, 86, 87, 90, 91, 93, 98, 101, 106, 110, 111, 113, 116, 119, 121, 123, 126, 127, 129, 131, 133, 134, 137, 138, 139, 141, 142, 145, 146, 147, 149 ]
}
}
MODEL_JSON_DUMP_END
MCU_DEPLOY_CLASSIFICATION_CODE MODEL_PREDICT_STEP
MLLITE_AUTO_DEPLOY_IRIS_APPLY_OUTPUT_CLASS  [ 0, 0, 0, 0, 0,  ... , 0, 0, 0, 0, 0 ]
MCU_DEPLOY_CLASSIFICATION_CODE MODEL_PREDICT_PROBA_STEP
MLLITE_AUTO_DEPLOY_IRIS_APPLY_OUTPUT_PROBA 0 [ 0.53924245, 0.43571272, 0.025044741 ]
MLLITE_AUTO_DEPLOY_IRIS_APPLY_OUTPUT_PROBA 1 [ 0.37247267, 0.59789902, 0.029628269 ]
MLLITE_AUTO_DEPLOY_IRIS_APPLY_OUTPUT_PROBA 2 [ 0.56824028, 0.41171068, 0.020049095 ]
MLLITE_AUTO_DEPLOY_IRIS_APPLY_OUTPUT_PROBA 3 [ 0.37544906, 0.59463483, 0.029916098 ]
MLLITE_AUTO_DEPLOY_IRIS_APPLY_OUTPUT_PROBA 4 [ 0.59804434, 0.37961358, 0.022342149 ]
...
MLLITE_AUTO_DEPLOY_IRIS_APPLY_OUTPUT_PROBA 145 [ 0.044309996, 0.14066379, 0.81502616 ]
MLLITE_AUTO_DEPLOY_IRIS_APPLY_OUTPUT_PROBA 146 [ 0.042821981, 0.20866224, 0.74851567 ]
MLLITE_AUTO_DEPLOY_IRIS_APPLY_OUTPUT_PROBA 147 [ 0.046010401, 0.15093377, 0.80305582 ]
MLLITE_AUTO_DEPLOY_IRIS_APPLY_OUTPUT_PROBA 148 [ 0.045401365, 0.1439783, 0.81062037 ]
MLLITE_AUTO_DEPLOY_IRIS_APPLY_OUTPUT_PROBA 149 [ 0.038009599, 0.21713673, 0.74485379 ]
MCU_DEPLOY_CLASSIFICATION_CODE MODEL_COMPUTE_PERF_STEP
MLLITE_AUTO_DEPLOY_IRIS_CLASS_PERFS { "count" : 150, "precision" : 0.51333332,  "AUC" : [ 0.986, 0.6006, 0.92079997 ] }
This will be printed
MCU_DEPLOY_CLASSIFICATION_CODE ALL_STEPS_OK
MCU_DEPLOY_CLASSIFICATION_CODE done
MLLITE_MCU_TIMER_OPERATION_ELAPSED_SECONDS 'MLLITE.MCU_DEPLOY.CLASSIFICATION.Vapnik_SVC_RBF.IRIS' 0
MLLITE_MCU_TIMER_OPERATION_END 'MLLITE.MCU_DEPLOY.CLASSIFICATION.Vapnik_SVC_RBF.IRIS' [ 'Tue Jan 30 11:36:30 2024' ]
MCU_DEPLOY_ON_TARGET_ARMV7_32_END
