MCU_DEPLOY_ON_TARGET_ARMV7_32_START
MLLITE_MCU_TIMER_OPERATION_START 'MLLITE.MCU_DEPLOY.CLASSIFICATION.Tikhonov_Ridge.IRIS' [ 'Tue Jan 30 11:36:30 2024' ]
MLLite starting
MCU_DEPLOY_CLASSIFICATION_CODE CREATE_DATASET_STEP
MCU_DEPLOY_CLASSIFICATION_CODE CREATE_MODEL_STEP
MCU_DEPLOY_CLASSIFICATION_MODEL_OPTIONS
{ "alpha" : 0.0099999998, "random_state" : 1789 }
MCU_DEPLOY_CLASSIFICATION_CODE FIT_MODEL_STEP
PROGRESS_REPORT_ELAPSED_TOTAL 'RIDGE_CLASSIFIER_FIT' 1 5
PROGRESS_REPORT_ELAPSED_TOTAL 'RIDGE_CLASSIFIER_FIT' 2 5
PROGRESS_REPORT_ELAPSED_TOTAL 'CHOLESKY_SOLVER' 1 6
PROGRESS_REPORT_ELAPSED_TOTAL 'CHOLESKY_SOLVER' 2 6
PROGRESS_REPORT_ELAPSED_TOTAL 'CHOLESKY_SOLVER' 3 6
PROGRESS_REPORT_ELAPSED_TOTAL 'CHOLESKY_SOLVER' 4 6
PROGRESS_REPORT_ELAPSED_TOTAL 'CHOLESKY_SOLVER' 5 6
PROGRESS_REPORT_ELAPSED_TOTAL 'CHOLESKY_SOLVER' 6 6
PROGRESS_REPORT_ELAPSED_TOTAL 'RIDGE_CLASSIFIER_FIT' 3 5
PROGRESS_REPORT_ELAPSED_TOTAL 'CHOLESKY_SOLVER' 1 6
PROGRESS_REPORT_ELAPSED_TOTAL 'CHOLESKY_SOLVER' 2 6
PROGRESS_REPORT_ELAPSED_TOTAL 'CHOLESKY_SOLVER' 3 6
PROGRESS_REPORT_ELAPSED_TOTAL 'CHOLESKY_SOLVER' 4 6
PROGRESS_REPORT_ELAPSED_TOTAL 'CHOLESKY_SOLVER' 5 6
PROGRESS_REPORT_ELAPSED_TOTAL 'CHOLESKY_SOLVER' 6 6
PROGRESS_REPORT_ELAPSED_TOTAL 'RIDGE_CLASSIFIER_FIT' 4 5
PROGRESS_REPORT_ELAPSED_TOTAL 'CHOLESKY_SOLVER' 1 6
PROGRESS_REPORT_ELAPSED_TOTAL 'CHOLESKY_SOLVER' 2 6
PROGRESS_REPORT_ELAPSED_TOTAL 'CHOLESKY_SOLVER' 3 6
PROGRESS_REPORT_ELAPSED_TOTAL 'CHOLESKY_SOLVER' 4 6
PROGRESS_REPORT_ELAPSED_TOTAL 'CHOLESKY_SOLVER' 5 6
PROGRESS_REPORT_ELAPSED_TOTAL 'CHOLESKY_SOLVER' 6 6
PROGRESS_REPORT_ELAPSED_TOTAL 'RIDGE_CLASSIFIER_FIT' 5 5
MCU_DEPLOY_CLASSIFICATION_CODE MODEL_JSON_EXPORT_STEP
MODEL_JSON_DUMP_START
{
	"metadata" : { "model" : "Tikhonov_Ridge", "version" : "2024-W04"},
	"options" : { "alpha" : 0.0099999998, "random_state" : 1789 },
	"classes" : [ 0, 1, 2 ],
	"equations" : {
		"class_0" : {
			"intercept" : -0.76287156,
			"coeffs" : [ 0.13200426, 0.48554754, -0.44926167, -0.1150322 ]
		},
		"class_1" : {
			"intercept" : 2.1537414,
			"coeffs" : [ -0.040073752, -0.89120036, 0.44043005, -0.98667312 ]
		},
		"class_2" : {
			"intercept" : -2.390861,
			"coeffs" : [ -0.091934204, 0.40565562, 0.0088348389, 1.1016989 ]
		}
	}
}
MODEL_JSON_DUMP_END
MCU_DEPLOY_CLASSIFICATION_CODE MODEL_PREDICT_STEP
MLLITE_AUTO_DEPLOY_IRIS_APPLY_OUTPUT_CLASS  [ 0, 0, 0, 0, 0,  ... , 2, 2, 2, 2, 2 ]
MCU_DEPLOY_CLASSIFICATION_CODE MODEL_PREDICT_PROBA_STEP
MLLITE_AUTO_DEPLOY_IRIS_APPLY_OUTPUT_PROBA 0 [ 0.7716583, 0.13979536, 0.088546328 ]
MLLITE_AUTO_DEPLOY_IRIS_APPLY_OUTPUT_PROBA 1 [ 0.66750318, 0.24912909, 0.083367772 ]
MLLITE_AUTO_DEPLOY_IRIS_APPLY_OUTPUT_PROBA 2 [ 0.7188369, 0.19289738, 0.088265724 ]
MLLITE_AUTO_DEPLOY_IRIS_APPLY_OUTPUT_PROBA 3 [ 0.66092175, 0.24739358, 0.091684677 ]
MLLITE_AUTO_DEPLOY_IRIS_APPLY_OUTPUT_PROBA 4 [ 0.78307647, 0.12576324, 0.091160245 ]
...
MLLITE_AUTO_DEPLOY_IRIS_APPLY_OUTPUT_PROBA 145 [ 0.11881453, 0.15333621, 0.7278493 ]
MLLITE_AUTO_DEPLOY_IRIS_APPLY_OUTPUT_PROBA 146 [ 0.12232536, 0.39928561, 0.47838902 ]
MLLITE_AUTO_DEPLOY_IRIS_APPLY_OUTPUT_PROBA 147 [ 0.13923207, 0.2415603, 0.61920768 ]
MLLITE_AUTO_DEPLOY_IRIS_APPLY_OUTPUT_PROBA 148 [ 0.1082041, 0.10483281, 0.78696305 ]
MLLITE_AUTO_DEPLOY_IRIS_APPLY_OUTPUT_PROBA 149 [ 0.14483117, 0.30343017, 0.55173868 ]
MCU_DEPLOY_CLASSIFICATION_CODE MODEL_COMPUTE_PERF_STEP
MLLITE_AUTO_DEPLOY_IRIS_CLASS_PERFS { "count" : 150, "precision" : 0.84666669,  "AUC" : [ 1, 0.88880002, 0.96319997 ] }
This will be printed
MCU_DEPLOY_CLASSIFICATION_CODE ALL_STEPS_OK
MCU_DEPLOY_CLASSIFICATION_CODE done
MLLITE_MCU_TIMER_OPERATION_ELAPSED_SECONDS 'MLLITE.MCU_DEPLOY.CLASSIFICATION.Tikhonov_Ridge.IRIS' 0
MLLITE_MCU_TIMER_OPERATION_END 'MLLITE.MCU_DEPLOY.CLASSIFICATION.Tikhonov_Ridge.IRIS' [ 'Tue Jan 30 11:36:30 2024' ]
MCU_DEPLOY_ON_TARGET_ARMV7_32_END
