MCU_DEPLOY_ON_TARGET_ARMV7_32_START
MLLITE_MCU_TIMER_OPERATION_START 'MLLITE.MCU_DEPLOY.CLASSIFICATION.Rosenblatt_MLP.DIGITS_SMALL' [ 'Sat Feb  3 21:09:44 2024' ]
MLLite starting
MCU_DEPLOY_CLASSIFICATION_CODE CREATE_DATASET_STEP
MCU_DEPLOY_CLASSIFICATION_CODE CREATE_MODEL_STEP
MCU_DEPLOY_CLASSIFICATION_MODEL_OPTIONS
{  "hidden_layer_sizes" : [ 4, 6 ], "activation" : "relu", "solver" : "adam", "alpha" : 9.9999997e-05, "batch_size" : null, "learning_rate" : "constant", "learning_rate_init" : 0.001, "power_t" : 0.5, "max_iter" : 32, "shuffle" : 1, "random_state" : 1789, "tol" : 9.9999997e-05, "verbose" : 0, "warm_start" : 0, "momentum" : 0.89999998, "nesterovs_momentum" : 1, "early_stopping" : 0, "validation_fraction" : 0.1, "beta_1" : 0.89999998, "beta_2" : 0.99900001, "epsilon" : 9.9999999e-09, "n_iter_no_change" : 10, "max_fun" : 15000 }
MCU_DEPLOY_CLASSIFICATION_CODE FIT_MODEL_STEP
PROGRESS_REPORT_ELAPSED_TOTAL 'MLP_MODEL_FIT' 1 3
PROGRESS_REPORT_ELAPSED_TOTAL 'MLP_MODEL_FIT' 2 3
PROGRESS_REPORT_ELAPSED_TOTAL 'MLP_MODEL_FIT_BACK_PROP_ITERATION' 3 32
PROGRESS_REPORT_ELAPSED_TOTAL 'MLP_MODEL_FIT_BACK_PROP_ITERATION' 6 32
PROGRESS_REPORT_ELAPSED_TOTAL 'MLP_MODEL_FIT_BACK_PROP_ITERATION' 9 32
PROGRESS_REPORT_ELAPSED_TOTAL 'MLP_MODEL_FIT_BACK_PROP_ITERATION' 12 32
PROGRESS_REPORT_ELAPSED_TOTAL 'MLP_MODEL_FIT_BACK_PROP_ITERATION' 15 32
PROGRESS_REPORT_ELAPSED_TOTAL 'MLP_MODEL_FIT_BACK_PROP_ITERATION' 18 32
PROGRESS_REPORT_ELAPSED_TOTAL 'MLP_MODEL_FIT_BACK_PROP_ITERATION' 21 32
PROGRESS_REPORT_ELAPSED_TOTAL 'MLP_MODEL_FIT_BACK_PROP_ITERATION' 24 32
PROGRESS_REPORT_ELAPSED_TOTAL 'MLP_MODEL_FIT_BACK_PROP_ITERATION' 27 32
PROGRESS_REPORT_ELAPSED_TOTAL 'MLP_MODEL_FIT_BACK_PROP_ITERATION' 30 32
PROGRESS_REPORT_ELAPSED_TOTAL 'MLP_MODEL_FIT_BACK_PROP_ITERATION' 32 32
PROGRESS_REPORT_ELAPSED_TOTAL 'MLP_MODEL_FIT' 3 3
MCU_DEPLOY_CLASSIFICATION_CODE MODEL_JSON_EXPORT_STEP
MODEL_JSON_DUMP_START
{
	"metadata" : { "model" : "Rosenblatt_MLP", "version" : "2024-W04"},
	"options" : {  "hidden_layer_sizes" : [ 4, 6 ], "activation" : "relu", "solver" : "adam", "alpha" : 9.9999997e-05, "batch_size" : null, "learning_rate" : "constant", "learning_rate_init" : 0.001, "power_t" : 0.5, "max_iter" : 32, "shuffle" : 1, "random_state" : 1789, "tol" : 9.9999997e-05, "verbose" : 0, "warm_start" : 0, "momentum" : 0.89999998, "nesterovs_momentum" : 1, "early_stopping" : 0, "validation_fraction" : 0.1, "beta_1" : 0.89999998, "beta_2" : 0.99900001, "epsilon" : 9.9999999e-09, "n_iter_no_change" : 10, "max_fun" : 15000 },
	"dataset" : { "dataset_rows" : 64, "dataset_features" : 64 },
	"classes" : [ 0, 1, 2, 3, 4, 5, 6, 7, 8, 9 ],
	"layers" : {
		"sizes" : [ 64, 4, 6, 10 ],
		"Layer_0" : {
			"name" : "Input_Layer",
			"NbInputs" : 0,
			"NbOutputs" : 64 
		},
		"Layer_1" : {
			"name" : "Hidden_Layer_1",
			"NbInputs" : 64,
			"NbOutputs" : 4 ,
			"coeffs_00" : [ -0.016282082, 0.13135952, -0.10013824, -0.013546519 ],
			"coeffs_01" : [ 0.026496194, -0.23966685, 0.10376909, -0.019797683 ],
			"coeffs_02" : [ 0.22519396, 0.032550849, 0.2409406, -0.075000435 ],
			"coeffs_03" : [ 0.26729915, -0.29220694, -0.098613568, 0.08281675 ],
			"coeffs_04" : [ 0.12748998, -0.17079909, -0.15859722, -0.25800556 ],
			"coeffs_05" : [ 0.10102283, -0.32065654, -0.06472411, -0.01433486 ],
			"coeffs_06" : [ -0.08693368, -0.29544294, -0.18059844, 0.21506128 ],
			"coeffs_07" : [ -0.042357124, 0.0012441674, -0.2401247, -0.011563058 ],
			"coeffs_08" : [ -0.12168911, 0.077960372, -0.044097014, 0.099237584 ],
			"coeffs_09" : [ -0.22663017, 0.22922589, -0.19981882, 0.13098216 ],
			"coeffs_10" : [ -0.24157679, 0.13377157, 0.057938691, 0.2414438 ],
			"coeffs_11" : [ -0.21414977, -0.25773138, 0.086469404, 0.079128504 ],
			"coeffs_12" : [ 0.17227831, 0.22560354, 0.23523402, -0.22036089 ],
			"coeffs_13" : [ 0.1497606, 0.21295694, -0.15019295, 0.10439643 ],
			"coeffs_14" : [ 0.060171135, -0.0048614736, 0.014324033, 0.14025542 ],
			"coeffs_15" : [ -0.27527213, 0.025453588, 0.10054596, 0.14238311 ],
			"coeffs_16" : [ -0.28449482, 0.17424767, -0.14217861, -0.30122325 ],
			"coeffs_17" : [ 0.26355833, 0.25299519, -0.036422253, -0.27014554 ],
			"coeffs_18" : [ -0.038752258, 0.25468627, -0.2145703, 0.088356219 ],
			"coeffs_19" : [ 0.10693322, 0.14685521, 0.25383171, -0.17682615 ],
			"coeffs_20" : [ 0.097202532, 0.17931955, 0.22660825, -0.053816054 ],
			"coeffs_21" : [ -0.29091588, 0.11902983, 0.015434957, -0.084451862 ],
			"coeffs_22" : [ -0.24530356, -0.3088325, -0.0873283, 0.23814203 ],
			"coeffs_23" : [ 0.0062653716, -0.066427052, -0.052000966, -0.29288176 ],
			"coeffs_24" : [ 0.079357006, -0.071433723, -0.094540805, -0.044608038 ],
			"coeffs_25" : [ 0.093670197, -0.23848976, -0.096927576, 0.14252339 ],
			"coeffs_26" : [ 0.16718397, 0.22410662, 0.23386811, 0.14029193 ],
			"coeffs_27" : [ -0.15416686, -0.0011224225, 0.092228889, 0.1734072 ],
			"coeffs_28" : [ 0.11806346, -0.029643901, 0.17077495, 0.17851433 ],
			"coeffs_29" : [ 0.021587281, -0.13065071, -0.1122926, -0.17461438 ],
			"coeffs_30" : [ 0.12999511, 0.13691354, -0.21168913, 0.068321973 ],
			"coeffs_31" : [ -0.16528542, -0.00038855246, 0.040667355, -0.098526344 ],
			"coeffs_32" : [ 0.11383118, -0.25461656, -0.24117905, 0.19655703 ],
			"coeffs_33" : [ 0.24667686, -0.22425652, -0.11737841, -0.24906783 ],
			"coeffs_34" : [ -0.25235766, -0.25554952, -0.088238865, -0.095166832 ],
			"coeffs_35" : [ -0.22136325, -0.24196902, -0.24856013, 0.029722253 ],
			"coeffs_36" : [ -0.22237946, -0.26281238, 0.05554641, 0.075748436 ],
			"coeffs_37" : [ -0.074603662, 0.051382825, 0.0047539794, -0.22412084 ],
			"coeffs_38" : [ -0.075848229, 0.21750228, 0.26321214, -0.073952086 ],
			"coeffs_39" : [ -0.22706747, -0.12202936, 0.1025764, -0.22049724 ],
			"coeffs_40" : [ 0.082615398, -0.13458569, 0.2475411, 0.25930414 ],
			"coeffs_41" : [ -0.1541588, 0.12560189, -0.17450468, 0.19059937 ],
			"coeffs_42" : [ -0.27526543, 0.1486005, 0.02980442, -0.19402844 ],
			"coeffs_43" : [ 0.11107069, 0.11083661, -0.02290605, -0.15555091 ],
			"coeffs_44" : [ 0.22142167, 0.22463165, -0.13677195, 0.0062614297 ],
			"coeffs_45" : [ 0.13347127, 0.0061025252, -0.032546755, 0.24274209 ],
			"coeffs_46" : [ 0.076951601, 0.092556067, -0.24171238, -0.067134529 ],
			"coeffs_47" : [ 0.21658008, 0.14109859, -0.06756413, -0.060625076 ],
			"coeffs_48" : [ 0.18504778, -0.1794769, 0.026465969, 0.21731377 ],
			"coeffs_49" : [ -0.29914135, -0.19188841, -0.19835956, -0.18202969 ],
			"coeffs_50" : [ -0.14732742, -0.034744676, -0.27054811, 0.15508984 ],
			"coeffs_51" : [ 0.25205287, 0.021954438, 0.036043808, 0.08854641 ],
			"coeffs_52" : [ 0.0034305821, 0.11469609, -0.0044194255, 0.14920717 ],
			"coeffs_53" : [ 0.1064429, -0.15375659, -0.080171369, -0.2834276 ],
			"coeffs_54" : [ -0.18854345, -0.20755655, 0.050211422, -0.069097243 ],
			"coeffs_55" : [ -0.14954753, -0.2797069, 0.2410679, -0.13805246 ],
			"coeffs_56" : [ -0.094392285, 0.077682741, 0.11577225, 0.10413942 ],
			"coeffs_57" : [ -0.29313794, 0.19140103, 0.28084865, 0.19323277 ],
			"coeffs_58" : [ -0.011404524, 0.2659452, 0.18399988, 0.05209532 ],
			"coeffs_59" : [ -0.12921967, 0.233448, -0.29878438, -0.30372623 ],
			"coeffs_60" : [ -0.058950294, -0.045391701, 0.085437514, 0.2161403 ],
			"coeffs_61" : [ 0.026221951, -0.077230737, -0.18918996, -0.20079863 ],
			"coeffs_62" : [ 0.049648032, 0.079662032, -0.29061466, -0.063080378 ],
			"coeffs_63" : [ 0.15782787, -0.14507012, -0.026005641, -0.079384759 ],
			"intercepts" : [ 0.077348784, -0.18039896, -0.015271217, 0.17384754 ]
		},
		"Layer_2" : {
			"name" : "Hidden_Layer_2",
			"NbInputs" : 4,
			"NbOutputs" : 6 ,
			"coeffs_0" : [ 0.2624234, 0.48657495, 0.51972061, 0.51080966, 0.22484584, -0.55332917 ],
			"coeffs_1" : [ -0.034253493, -0.50308716, 0.2586908, 0.14850917, 0.72915596, 0.37212613 ],
			"coeffs_2" : [ 0.73421395, -0.42696846, 0.1932345, 0.42813009, 0.25596404, 0.69601268 ],
			"coeffs_3" : [ -0.37093291, 0.53504151, 0.33638513, 0.74548471, -0.052743088, 0.26935098 ],
			"intercepts" : [ 0.47747424, 0.36437222, 0.4463909, -0.78649026, 0.251818, 0.65008688 ]
		},
		"Layer_3" : {
			"name" : "Output_Layer",
			"NbInputs" : 6,
			"NbOutputs" : 10 ,
			"coeffs_0" : [ 0.10659222, 0.5047183, -0.17473634, 0.23254439, -0.40239105, 0.16282551, -0.61488813, 0.37497932, 0.044710401, 0.053530116 ],
			"coeffs_1" : [ 0.25692505, -0.51241821, -0.40760183, -0.15468907, -0.40053314, 0.27078626, -0.064808436, -0.15639628, -0.11445275, 0.40309858 ],
			"coeffs_2" : [ 0.35346851, -0.23554204, 0.34947678, -0.49636853, 0.53398806, -0.11113629, 0.12343309, -0.34962577, -0.33160502, 0.16146278 ],
			"coeffs_3" : [ -0.17284407, 0.5651471, -0.52696586, -0.28508577, 0.29413879, 0.069382034, 0.39259729, 0.407904, -0.34126624, -0.39131221 ],
			"coeffs_4" : [ -0.47961757, 0.15978183, 0.19390574, 0.29025394, -0.15104604, 0.065779842, 0.54935151, -0.42415807, -0.14110845, -0.15976913 ],
			"coeffs_5" : [ 0.041576874, -0.20798473, -0.1659262, -0.17982602, -0.097983696, 0.33756229, 0.052477945, -0.25211197, -0.1585954, 0.064660214 ],
			"intercepts" : [ 0.54974401, 0.076449916, -0.45100966, -0.26355386, -0.47709739, 0.34426382, -0.32172498, -0.087910362, -0.42319101, 0.1155497 ]
		}
	}
}
MODEL_JSON_DUMP_END
MCU_DEPLOY_CLASSIFICATION_CODE MODEL_PREDICT_STEP
MLLITE_AUTO_DEPLOY_DIGITS_SMALL_APPLY_OUTPUT_CLASS  [ 0, 6, 1, 6, 6,  ... , 5, 0, 5, 6, 6 ]
MCU_DEPLOY_CLASSIFICATION_CODE MODEL_PREDICT_PROBA_STEP
MLLITE_AUTO_DEPLOY_DIGITS_SMALL_APPLY_OUTPUT_PROBA 0 [ 0.2126607, 0.092945948, 0.055446044, 0.062000051, 0.050545137, 0.20204292, 0.066024363, 0.067274168, 0.047999904, 0.14306079 ]
MLLITE_AUTO_DEPLOY_DIGITS_SMALL_APPLY_OUTPUT_PROBA 1 [ 0.16835473, 0.044168491, 0.0075716977, 0.0035445536, 0.10203178, 0.22952785, 0.34973925, 0.018074267, 0.0026217131, 0.074365728 ]
MLLITE_AUTO_DEPLOY_DIGITS_SMALL_APPLY_OUTPUT_PROBA 2 [ 0.050907303, 0.72471875, 0.0034948993, 0.0048755165, 0.017199339, 0.13048312, 0.017800773, 0.035132822, 0.00090946542, 0.014478055 ]
MLLITE_AUTO_DEPLOY_DIGITS_SMALL_APPLY_OUTPUT_PROBA 3 [ 0.0012877275, 0.0099618491, 0.022696195, 0.0051160068, 0.0066962158, 0.067544401, 0.88148415, 5.3163712e-05, 0.00028626565, 0.0048740776 ]
MLLITE_AUTO_DEPLOY_DIGITS_SMALL_APPLY_OUTPUT_PROBA 4 [ 0.0012160096, 0.012936408, 0.005058967, 0.00088056031, 0.013847274, 0.049319997, 0.91468441, 8.1982078e-05, 7.8215009e-05, 0.0018959814 ]
...
MLLITE_AUTO_DEPLOY_DIGITS_SMALL_APPLY_OUTPUT_PROBA 59 [ 0.068542965, 0.28266606, 0.0092023071, 0.02224407, 0.0096046422, 0.51123697, 0.024687413, 0.02358542, 0.0048455652, 0.0433846 ]
MLLITE_AUTO_DEPLOY_DIGITS_SMALL_APPLY_OUTPUT_PROBA 60 [ 0.27278006, 0.042102825, 0.032386597, 0.025592199, 0.057468008, 0.2396768, 0.093875609, 0.040168725, 0.025209513, 0.17073971 ]
MLLITE_AUTO_DEPLOY_DIGITS_SMALL_APPLY_OUTPUT_PROBA 61 [ 0.28878638, 0.034460258, 0.010947093, 0.0089650191, 0.061051607, 0.2896893, 0.12059142, 0.035838202, 0.0097777303, 0.1398928 ]
MLLITE_AUTO_DEPLOY_DIGITS_SMALL_APPLY_OUTPUT_PROBA 62 [ 0.0080555733, 0.027487578, 0.055223096, 0.017489852, 0.018321473, 0.14446288, 0.70624971, 0.00051617873, 0.0019333089, 0.020260328 ]
MLLITE_AUTO_DEPLOY_DIGITS_SMALL_APPLY_OUTPUT_PROBA 63 [ 1.052916e-07, 0.0020857875, 1.6770923e-07, 2.5332707e-09, 0.0011792929, 0.00020649089, 0.99652797, 1.3575077e-08, 1.8640568e-11, 2.6787221e-08 ]
MCU_DEPLOY_CLASSIFICATION_CODE MODEL_COMPUTE_PERF_STEP
MLLITE_AUTO_DEPLOY_DIGITS_SMALL_CLASS_PERFS { "count" : 64, "precision" : 0.03125,  "AUC" : [ 0.29310346, 0.83050847, 0.66666669, 0.77049178, 0.41353384, 0.34545454, 0.160401, 0.80459768, 0.31717172, 0.21428572 ] }
This will be printed
MCU_DEPLOY_CLASSIFICATION_CODE ALL_STEPS_OK
MCU_DEPLOY_CLASSIFICATION_CODE done
MLLITE_MCU_TIMER_OPERATION_ELAPSED_SECONDS 'MLLITE.MCU_DEPLOY.CLASSIFICATION.Rosenblatt_MLP.DIGITS_SMALL' 0
MLLITE_MCU_TIMER_OPERATION_END 'MLLITE.MCU_DEPLOY.CLASSIFICATION.Rosenblatt_MLP.DIGITS_SMALL' [ 'Sat Feb  3 21:09:44 2024' ]
MCU_DEPLOY_ON_TARGET_ARMV7_32_END
