MCU_DEPLOY_ON_TARGET_ARMV7_32_START
MLLITE_MCU_TIMER_OPERATION_START 'MLLITE.MCU_DEPLOY.CLASSIFICATION.Tikhonov_Ridge.DIGITS_MEDIUM' [ 'Tue Jan 30 11:36:29 2024' ]
MLLite starting
MCU_DEPLOY_CLASSIFICATION_CODE CREATE_DATASET_STEP
MCU_DEPLOY_CLASSIFICATION_CODE CREATE_MODEL_STEP
MCU_DEPLOY_CLASSIFICATION_MODEL_OPTIONS
{ "alpha" : 0.0099999998, "random_state" : 1789 }
MCU_DEPLOY_CLASSIFICATION_CODE FIT_MODEL_STEP
PROGRESS_REPORT_ELAPSED_TOTAL 'RIDGE_CLASSIFIER_FIT' 1 12
PROGRESS_REPORT_ELAPSED_TOTAL 'RIDGE_CLASSIFIER_FIT' 2 12
PROGRESS_REPORT_ELAPSED_TOTAL 'CHOLESKY_SOLVER' 1 6
PROGRESS_REPORT_ELAPSED_TOTAL 'CHOLESKY_SOLVER' 2 6
PROGRESS_REPORT_ELAPSED_TOTAL 'CHOLESKY_SOLVER' 3 6
PROGRESS_REPORT_ELAPSED_TOTAL 'CHOLESKY_SOLVER' 4 6
PROGRESS_REPORT_ELAPSED_TOTAL 'CHOLESKY_SOLVER' 5 6
PROGRESS_REPORT_ELAPSED_TOTAL 'CHOLESKY_SOLVER' 6 6
PROGRESS_REPORT_ELAPSED_TOTAL 'RIDGE_CLASSIFIER_FIT' 3 12
PROGRESS_REPORT_ELAPSED_TOTAL 'CHOLESKY_SOLVER' 1 6
PROGRESS_REPORT_ELAPSED_TOTAL 'CHOLESKY_SOLVER' 2 6
PROGRESS_REPORT_ELAPSED_TOTAL 'CHOLESKY_SOLVER' 3 6
PROGRESS_REPORT_ELAPSED_TOTAL 'CHOLESKY_SOLVER' 4 6
PROGRESS_REPORT_ELAPSED_TOTAL 'CHOLESKY_SOLVER' 5 6
PROGRESS_REPORT_ELAPSED_TOTAL 'CHOLESKY_SOLVER' 6 6
PROGRESS_REPORT_ELAPSED_TOTAL 'RIDGE_CLASSIFIER_FIT' 4 12
PROGRESS_REPORT_ELAPSED_TOTAL 'CHOLESKY_SOLVER' 1 6
PROGRESS_REPORT_ELAPSED_TOTAL 'CHOLESKY_SOLVER' 2 6
PROGRESS_REPORT_ELAPSED_TOTAL 'CHOLESKY_SOLVER' 3 6
PROGRESS_REPORT_ELAPSED_TOTAL 'CHOLESKY_SOLVER' 4 6
PROGRESS_REPORT_ELAPSED_TOTAL 'CHOLESKY_SOLVER' 5 6
PROGRESS_REPORT_ELAPSED_TOTAL 'CHOLESKY_SOLVER' 6 6
PROGRESS_REPORT_ELAPSED_TOTAL 'RIDGE_CLASSIFIER_FIT' 5 12
PROGRESS_REPORT_ELAPSED_TOTAL 'CHOLESKY_SOLVER' 1 6
PROGRESS_REPORT_ELAPSED_TOTAL 'CHOLESKY_SOLVER' 2 6
PROGRESS_REPORT_ELAPSED_TOTAL 'CHOLESKY_SOLVER' 3 6
PROGRESS_REPORT_ELAPSED_TOTAL 'CHOLESKY_SOLVER' 4 6
PROGRESS_REPORT_ELAPSED_TOTAL 'CHOLESKY_SOLVER' 5 6
PROGRESS_REPORT_ELAPSED_TOTAL 'CHOLESKY_SOLVER' 6 6
PROGRESS_REPORT_ELAPSED_TOTAL 'RIDGE_CLASSIFIER_FIT' 6 12
PROGRESS_REPORT_ELAPSED_TOTAL 'CHOLESKY_SOLVER' 1 6
PROGRESS_REPORT_ELAPSED_TOTAL 'CHOLESKY_SOLVER' 2 6
PROGRESS_REPORT_ELAPSED_TOTAL 'CHOLESKY_SOLVER' 3 6
PROGRESS_REPORT_ELAPSED_TOTAL 'CHOLESKY_SOLVER' 4 6
PROGRESS_REPORT_ELAPSED_TOTAL 'CHOLESKY_SOLVER' 5 6
PROGRESS_REPORT_ELAPSED_TOTAL 'CHOLESKY_SOLVER' 6 6
PROGRESS_REPORT_ELAPSED_TOTAL 'RIDGE_CLASSIFIER_FIT' 7 12
PROGRESS_REPORT_ELAPSED_TOTAL 'CHOLESKY_SOLVER' 1 6
PROGRESS_REPORT_ELAPSED_TOTAL 'CHOLESKY_SOLVER' 2 6
PROGRESS_REPORT_ELAPSED_TOTAL 'CHOLESKY_SOLVER' 3 6
PROGRESS_REPORT_ELAPSED_TOTAL 'CHOLESKY_SOLVER' 4 6
PROGRESS_REPORT_ELAPSED_TOTAL 'CHOLESKY_SOLVER' 5 6
PROGRESS_REPORT_ELAPSED_TOTAL 'CHOLESKY_SOLVER' 6 6
PROGRESS_REPORT_ELAPSED_TOTAL 'RIDGE_CLASSIFIER_FIT' 8 12
PROGRESS_REPORT_ELAPSED_TOTAL 'CHOLESKY_SOLVER' 1 6
PROGRESS_REPORT_ELAPSED_TOTAL 'CHOLESKY_SOLVER' 2 6
PROGRESS_REPORT_ELAPSED_TOTAL 'CHOLESKY_SOLVER' 3 6
PROGRESS_REPORT_ELAPSED_TOTAL 'CHOLESKY_SOLVER' 4 6
PROGRESS_REPORT_ELAPSED_TOTAL 'CHOLESKY_SOLVER' 5 6
PROGRESS_REPORT_ELAPSED_TOTAL 'CHOLESKY_SOLVER' 6 6
PROGRESS_REPORT_ELAPSED_TOTAL 'RIDGE_CLASSIFIER_FIT' 9 12
PROGRESS_REPORT_ELAPSED_TOTAL 'CHOLESKY_SOLVER' 1 6
PROGRESS_REPORT_ELAPSED_TOTAL 'CHOLESKY_SOLVER' 2 6
PROGRESS_REPORT_ELAPSED_TOTAL 'CHOLESKY_SOLVER' 3 6
PROGRESS_REPORT_ELAPSED_TOTAL 'CHOLESKY_SOLVER' 4 6
PROGRESS_REPORT_ELAPSED_TOTAL 'CHOLESKY_SOLVER' 5 6
PROGRESS_REPORT_ELAPSED_TOTAL 'CHOLESKY_SOLVER' 6 6
PROGRESS_REPORT_ELAPSED_TOTAL 'RIDGE_CLASSIFIER_FIT' 10 12
PROGRESS_REPORT_ELAPSED_TOTAL 'CHOLESKY_SOLVER' 1 6
PROGRESS_REPORT_ELAPSED_TOTAL 'CHOLESKY_SOLVER' 2 6
PROGRESS_REPORT_ELAPSED_TOTAL 'CHOLESKY_SOLVER' 3 6
PROGRESS_REPORT_ELAPSED_TOTAL 'CHOLESKY_SOLVER' 4 6
PROGRESS_REPORT_ELAPSED_TOTAL 'CHOLESKY_SOLVER' 5 6
PROGRESS_REPORT_ELAPSED_TOTAL 'CHOLESKY_SOLVER' 6 6
PROGRESS_REPORT_ELAPSED_TOTAL 'RIDGE_CLASSIFIER_FIT' 11 12
PROGRESS_REPORT_ELAPSED_TOTAL 'CHOLESKY_SOLVER' 1 6
PROGRESS_REPORT_ELAPSED_TOTAL 'CHOLESKY_SOLVER' 2 6
PROGRESS_REPORT_ELAPSED_TOTAL 'CHOLESKY_SOLVER' 3 6
PROGRESS_REPORT_ELAPSED_TOTAL 'CHOLESKY_SOLVER' 4 6
PROGRESS_REPORT_ELAPSED_TOTAL 'CHOLESKY_SOLVER' 5 6
PROGRESS_REPORT_ELAPSED_TOTAL 'CHOLESKY_SOLVER' 6 6
PROGRESS_REPORT_ELAPSED_TOTAL 'RIDGE_CLASSIFIER_FIT' 12 12
MCU_DEPLOY_CLASSIFICATION_CODE MODEL_JSON_EXPORT_STEP
MODEL_JSON_DUMP_START
{
	"metadata" : { "model" : "Tikhonov_Ridge", "version" : "2024-W04"},
	"options" : { "alpha" : 0.0099999998, "random_state" : 1789 },
	"classes" : [ 0, 1, 2, 3, 4, 5, 6, 7, 8, 9 ],
	"equations" : {
		"class_0" : {
			"intercept" : -5.4494047,
			"coeffs" : [ 0, -0.11694231, -0.27947119, 0.30138969, 0.068819128, 0.11423056, -0.16831839, 0.063791379, 0, -0.16312379, 0.25744975, 0.20761642, 0.0085436366, 0.029046165, 0.10355832, 0.061024919, 0, -0.05904441, -0.055775631, 0.050447527, 0.095757209, 0.14295068, 0.0069574057, -1.0967603, 0, 0.17773336, 0.08668986, -0.22156738, -0.031236643, -0.086851165, -0.18104301, 0, 0, -0.26880962, 0.26263294, -0.096660174, -0.52051687, 0.026958631, -0.19878553, 0, 0, -0.007472625, -0.1057062, 0.080935732, -0.076367393, -0.078777358, 0.17571843, 0, -1.5362132, 0.028884823, -0.017179422, -0.086350523, 0.19423918, 0.11481474, -0.13116378, -0.34085757, 0, 0.20809157, 0.13405739, -0.041774079, 0.092015006, -0.062910028, 0.066466652, 0.44515926 ]
		},
		"class_1" : {
			"intercept" : 3.3046441,
			"coeffs" : [ 0, -0.42326516, -0.24648632, -0.56788766, -0.0061933929, -0.094382152, 0.073262729, -0.08476261, 0, 0.081098072, -0.50868434, -0.22092859, 0.0085105337, -0.071195647, -0.075160407, 0.20326777, 0, 0.017105008, -0.010886003, -0.043227959, 0.00039473944, 0.034371629, -0.013110135, -0.98596621, 0, -0.018849047, 0.14637461, 0.13381729, 0.029309668, 0.0016325014, 0.11346191, 0, 0, -0.09611994, -0.099526092, 0.04800161, 0.095318004, 0.012996578, 0.18322957, 0, 0, 0.055938687, -0.029054133, -0.036183093, -0.0076765814, -0.021238795, -0.19633232, 0, -0.75212276, -0.040669706, 0.10839232, 0.17142211, 0.09230452, 0.05557641, 0.009470934, 0.32894072, 0, 0.43076789, 0.45371389, 0.12083235, 0.085872307, 0.12299233, -0.083270103, 0.090566263 ]
		},
		"class_2" : {
			"intercept" : -1.3743029,
			"coeffs" : [ 0, 0.13836186, 0.22382253, 0.019358722, -0.05496579, 0.061517596, 0.054580379, 0.018342881, 0, 0.098712862, 0.10946797, -0.10286206, 0.058279444, 0.041292593, -0.066471905, -0.15147601, 0, -0.058731742, 0.10381743, 0.052889559, -0.10468933, -0.20246221, 0.091344789, 1.2080828, 0, -0.055371765, -0.26957941, -0.15332687, 0.10478752, 0.15471964, -0.049613971, 0, 0, 0.27095667, -0.020246807, 0.0021458413, 0.10321836, -0.19439171, 0.11831293, 0, 0, 0.057335358, 0.038102083, -0.010395854, -0.13444743, -0.30583784, -0.21839815, 0, 0.4205704, -0.09847036, -0.077574022, 0.016266642, 0.19825141, 0.21393988, 0.085252307, 0.028950393, 0, -0.01855373, -0.24178438, 0.0058062687, 0.16902447, 0.1516363, -0.032617707, -0.36355859 ]
		},
		"class_3" : {
			"intercept" : -2.9028392,
			"coeffs" : [ 0, 0.83416045, 0.52146465, 0.2651768, 0.0106951, 0.018818617, 0.12298827, -0.15573642, 0, -0.0018355062, 0.20443285, 0.032919761, 0.02275135, -0.018240701, 0.016698288, 0.043226458, 0, 0.024736091, -0.33075324, -0.11032706, -0.15135908, -0.15098181, -0.0033855517, -0.72025174, 0, 0.024516568, -0.23150072, 0.039515492, 0.039112579, -0.010374344, 0.12084201, 0, 0, 0.21049634, -0.062454529, -0.18035047, 0.20451027, 0.023456901, -0.080730274, 0, 0, -0.14440517, 0.11526724, 0.087434709, 0.022066662, 0.1412638, 0.12317328, 0, 1.2678207, 0.02030661, -0.032128613, -0.10470322, 0.078274436, 0.12507853, 0.009580425, -0.064517871, 0, -0.56587094, -0.60342604, 0.015070814, -0.0025691674, 0.010563373, -0.073449276, -0.085200921 ]
		},
		"class_4" : {
			"intercept" : 1.1973702,
			"coeffs" : [ 0, -0.40655428, -0.32454237, -0.38846627, -0.11706299, 0.045529757, -0.068988249, -0.078001171, 0, 0.11759455, -0.45638621, -0.089081034, 0.017792445, -0.011512676, -0.056923456, 0.24464872, 0, 0.062795401, 0.10451762, 0.10028937, 0.065213032, 0.1142057, 0.025651986, -1.1213924, 0, 0.011327173, 0.12995328, -0.13106407, -0.0056741578, -0.10518551, -0.00013508828, 0, 0, -0.28108862, 0.045058943, 0.040499091, 0.063857943, 0.22282031, 0.04957315, 0, 0, -0.027516257, -0.087590806, -0.057518754, 0.023268962, 0.077053905, 0.041044988, 0, -1.911538, 0.019550821, 0.16708787, 0.11109737, -0.0064018709, -0.24626298, -0.075565502, 0.28621879, 0, 0.23073971, 0.48103869, 0.024964316, 0.30376127, -0.17477635, 0.059969578, 0.068742365 ]
		},
		"class_5" : {
			"intercept" : 0.47757971,
			"coeffs" : [ 0, 1.0631402, 0.49510735, 0.12474151, 0.064021632, -0.11037886, 0.019894356, 0.093310438, 0, -0.016903181, 0.16360076, -0.051177826, -0.1008584, 0.021056907, 0.079682603, -0.33569297, 0, 0.050337579, 0.031106349, -0.060853407, 0.035668574, -0.12418047, -0.056669269, 1.1554567, 0, 0.032429542, 0.14040609, 0.20923905, -0.070330605, 0.080264181, 0.02630786, 0, 0, -0.039382987, -0.047533896, -0.020011785, 0.027901912, -0.10462987, 0.074547023, 0, 0, 0.01113242, 0.078329325, 0.046572395, -0.023960186, 0.095415585, -0.049800683, 0, 2.741461, 0.056316789, -0.10842178, -0.061835397, 0.015857594, -0.061744235, 0.01107552, -0.065100253, 0, -1.2198416, -0.53019935, 0.048833329, -0.3395603, -0.0081793545, -0.0021708757, -0.017558455 ]
		},
		"class_6" : {
			"intercept" : -0.30519056,
			"coeffs" : [ 0, -0.22922716, -0.36373258, -0.046438925, -0.10266905, 0.082793742, -0.047965113, 0.019029466, 0, -0.021595631, -0.14067416, 0.0061989045, 0.012570958, 0.071703203, -0.06246287, -0.068183504, 0, -0.05964148, 0.12903768, 0.056397103, 0.023348358, -0.092485934, 0.071015656, 0.80459434, 0, -0.057482794, 0.08768189, -0.10299242, -0.070090719, -0.024422167, -0.044781648, 0, 0, -0.068446375, 0.03832607, 0.15262291, 0.014412854, -0.070247106, 0.026471229, 0, 0, 0.081430294, -0.14375551, -0.086167276, 0.0045020883, 0.087339833, 0.10561603, 0, -0.79700774, 0.039182704, 0.011772132, 0.14040588, -0.17244539, -0.011997279, -0.0030947386, -0.049387138, 0, 0.21949114, 0.39159578, -0.1183781, 0.20133206, 0.010021735, 0.050862197, -0.022459716 ]
		},
		"class_7" : {
			"intercept" : -1.7692436,
			"coeffs" : [ 0, -0.33367938, -0.047289826, 0.15460144, 0.13386784, -0.073907688, 0.031850025, 0.17012903, 0, 0.0030304976, 0.16372515, 0.24603127, 0.043009609, -0.028588774, 0.040752478, -0.26500291, 0, 0.034368172, -0.16974939, -0.0082366792, 0.021558404, 0.13340668, -0.080676474, -0.28611895, 0, 0.017255651, -0.020537097, -0.073309429, 0.016215619, -0.062194407, 0.027863976, 0, 0, 0.029750627, 0.0030494069, -0.003723053, 0.079039983, 0.17644531, -0.16292396, 0, 0, -0.10387665, 0.091159955, -0.073427573, 0.20486847, 0.023638388, 0.10162922, 0, -0.3481288, 0.07300248, 0.067210473, 0.03739085, -0.22415856, -0.18690075, 0.018628981, -0.20369048, 0, 0.13721752, -0.0058467202, 0.054697156, -0.58130646, 0.0037147515, -0.051289674, 0.029553533 ]
		},
		"class_8" : {
			"intercept" : 0.25102806,
			"coeffs" : [ 0, -0.2030621, -0.042027734, -0.030068776, -0.029836657, -0.023396034, 0.026277114, -0.0057720826, 0, -0.011583474, 0.085081436, -0.03919398, -0.050427217, -0.027143408, -0.032336608, 0.16426444, 0, -0.037788879, 0.10818078, -0.030680204, -0.0068424856, 0.026931059, -0.0064764684, 0.66759259, 0, -0.078797787, -0.087063275, 0.15252757, -0.0055325273, 0.04443942, 0.010759995, 0, 0, 0.11804419, -0.012256383, 0.15060198, 0.070846811, -0.22010411, 0.10437768, 0, 0, 0.026239537, -0.0019436434, -0.010409172, -0.0040778406, 0.039396022, -0.1098581, 0, 0.84910339, -0.079636134, -0.030410053, -0.13554749, -0.074665219, 0.040930286, 0.030570503, 0.12987813, 0, 0.28445703, 0.0078476127, -0.034077197, 0.076170415, -0.038626485, 0.046085075, -0.23461273 ]
		},
		"class_9" : {
			"intercept" : -1.4296339,
			"coeffs" : [ 0, -0.32293171, 0.063155338, 0.16759342, 0.033324212, -0.020825548, -0.043581028, -0.040330894, 0, -0.085394323, 0.1219867, 0.010477223, -0.020172453, -0.006417668, 0.052663576, 0.10392301, 0, 0.025864312, 0.090504356, -0.0066982759, 0.02095061, 0.11824457, -0.034651998, 0.37476373, 0, -0.05276094, 0.017574696, 0.14716081, -0.0065607559, 0.0079718325, -0.023662098, 0, 0, 0.12459974, -0.10704957, -0.093125962, -0.1385892, 0.12669501, -0.11407181, 0, 0, 0.051194396, 0.045191735, 0.059158921, -0.0081767105, -0.058253627, 0.027207438, 0, 0.066055275, -0.018468048, -0.08874882, -0.088146202, -0.10125609, -0.043434635, 0.045245331, -0.050434835, 0, 0.29350105, -0.086996891, -0.075974926, -0.004739596, -0.014436243, 0.019414093, 0.089369237 ]
		}
	}
}
MODEL_JSON_DUMP_END
MCU_DEPLOY_CLASSIFICATION_CODE MODEL_PREDICT_STEP
MLLITE_AUTO_DEPLOY_DIGITS_MEDIUM_APPLY_OUTPUT_CLASS  [ 0, 1, 2, 3, 1,  ... , 4, 7, 5, 4, 0 ]
MCU_DEPLOY_CLASSIFICATION_CODE MODEL_PREDICT_PROBA_STEP
MLLITE_AUTO_DEPLOY_DIGITS_MEDIUM_APPLY_OUTPUT_PROBA 0 [ 0.99837291, 5.5576265e-07, 1.8724828e-05, 0.00015230737, 4.0590727e-05, 0.00034377049, 0.00016863231, 0.00012649962, 3.0806907e-05, 0.00074528909 ]
MLLITE_AUTO_DEPLOY_DIGITS_MEDIUM_APPLY_OUTPUT_PROBA 1 [ 1.9497331e-05, 0.97022831, 8.4467742e-05, 2.6479171e-05, 0.026544817, 0.00017777724, 0.0027065494, 6.394956e-06, 0.00017958863, 2.6242033e-05 ]
MLLITE_AUTO_DEPLOY_DIGITS_MEDIUM_APPLY_OUTPUT_PROBA 2 [ 1.7130658e-05, 0.011014822, 0.98862964, 1.054973e-06, 8.8193643e-05, 1.5752479e-07, 0.00012384627, 1.9453619e-06, 0.00011898758, 4.1262842e-06 ]
MLLITE_AUTO_DEPLOY_DIGITS_MEDIUM_APPLY_OUTPUT_PROBA 3 [ 1.2666856e-05, 3.625426e-05, 0.0010414615, 0.99642205, 5.1476045e-06, 0.00044423612, 4.4922643e-05, 0.00039651751, 0.00015470113, 0.0014419595 ]
MLLITE_AUTO_DEPLOY_DIGITS_MEDIUM_APPLY_OUTPUT_PROBA 4 [ 3.8443872e-05, 0.97004187, 5.8508394e-06, 0.00071942026, 0.027863767, 0.00022577916, 7.7924349e-05, 6.4001846e-08, 0.00078672852, 0.00024013745 ]
...
MLLITE_AUTO_DEPLOY_DIGITS_MEDIUM_APPLY_OUTPUT_PROBA 507 [ 0.00011418886, 0.034798864, 2.8291031e-06, 3.166841e-06, 0.96395308, 1.4765345e-06, 0.00069851533, 6.1810147e-06, 0.0003617662, 6.0079266e-05 ]
MLLITE_AUTO_DEPLOY_DIGITS_MEDIUM_APPLY_OUTPUT_PROBA 508 [ 0.002011636, 0.089860268, 6.3868109e-05, 0.0001769739, 0.055197679, 0.2834408, 0.002753573, 0.32102349, 0.23978071, 0.0056910668 ]
MLLITE_AUTO_DEPLOY_DIGITS_MEDIUM_APPLY_OUTPUT_PROBA 509 [ 0.011700843, 0.0014156542, 0.019098967, 0.02728775, 0.0025483624, 0.39516559, 0.0015868802, 0.11231709, 0.37062272, 0.058256127 ]
MLLITE_AUTO_DEPLOY_DIGITS_MEDIUM_APPLY_OUTPUT_PROBA 510 [ 1.5766835e-05, 0.4157593, 3.2391654e-06, 0.0024763243, 0.58107978, 0.00012564502, 0.00019704551, 0.00018067536, 0.00013961882, 2.2453385e-05 ]
MLLITE_AUTO_DEPLOY_DIGITS_MEDIUM_APPLY_OUTPUT_PROBA 511 [ 0.71507442, 0.0012956563, 0.00035899595, 0.0023542687, 0.0039450596, 0.0044642906, 0.0012364441, 0.00031500668, 0.0011413628, 0.26981455 ]
MCU_DEPLOY_CLASSIFICATION_CODE MODEL_COMPUTE_PERF_STEP
MLLITE_AUTO_DEPLOY_DIGITS_MEDIUM_CLASS_PERFS { "count" : 512, "precision" : 0.73046875,  "AUC" : [ 0.99702269, 0.96969062, 0.99230766, 0.9851194, 0.94998085, 0.89908028, 0.97192806, 0.97252351, 0.96442896, 0.94246751 ] }
This will be printed
MCU_DEPLOY_CLASSIFICATION_CODE ALL_STEPS_OK
MCU_DEPLOY_CLASSIFICATION_CODE done
MLLITE_MCU_TIMER_OPERATION_ELAPSED_SECONDS 'MLLITE.MCU_DEPLOY.CLASSIFICATION.Tikhonov_Ridge.DIGITS_MEDIUM' 1
MLLITE_MCU_TIMER_OPERATION_END 'MLLITE.MCU_DEPLOY.CLASSIFICATION.Tikhonov_Ridge.DIGITS_MEDIUM' [ 'Tue Jan 30 11:36:30 2024' ]
MCU_DEPLOY_ON_TARGET_ARMV7_32_END
