MCU_DEPLOY_ON_TARGET_ARMV7_32_START
MLLITE_MCU_TIMER_OPERATION_START 'MLLITE.MCU_DEPLOY.CLASSIFICATION.Rosenblatt_MLP.BREASTCANCER_SMALL' [ 'Tue Jan 30 11:36:14 2024' ]
MLLite starting
MCU_DEPLOY_CLASSIFICATION_CODE CREATE_DATASET_STEP
MCU_DEPLOY_CLASSIFICATION_CODE CREATE_MODEL_STEP
MCU_DEPLOY_CLASSIFICATION_MODEL_OPTIONS
{  "hidden_layer_sizes" : [ 4, 6 ], "activation" : "relu", "solver" : "adam", "alpha" : 9.9999997e-05, "batch_size" : null, "learning_rate" : "constant", "learning_rate_init" : 0.001, "power_t" : 0.5, "max_iter" : 32, "shuffle" : 1, "random_state" : 1789, "tol" : 9.9999997e-05, "verbose" : 0, "warm_start" : 0, "momentum" : 0.89999998, "nesterovs_momentum" : 1, "early_stopping" : 0, "validation_fraction" : 0.1, "beta_1" : 0.89999998, "beta_2" : 0.99900001, "epsilon" : 9.9999999e-09, "n_iter_no_change" : 10, "max_fun" : 15000 }
MCU_DEPLOY_CLASSIFICATION_CODE FIT_MODEL_STEP
PROGRESS_REPORT_ELAPSED_TOTAL 'MLP_MODEL_FIT' 1 3
PROGRESS_REPORT_ELAPSED_TOTAL 'MLP_MODEL_FIT' 2 3
PROGRESS_REPORT_ELAPSED_TOTAL 'MLP_MODEL_FIT_BACK_PROP_ITERATION' 3 32
PROGRESS_REPORT_ELAPSED_TOTAL 'MLP_MODEL_FIT_BACK_PROP_ITERATION' 6 32
PROGRESS_REPORT_ELAPSED_TOTAL 'MLP_MODEL_FIT_BACK_PROP_ITERATION' 9 32
PROGRESS_REPORT_ELAPSED_TOTAL 'MLP_MODEL_FIT_BACK_PROP_ITERATION' 12 32
PROGRESS_REPORT_ELAPSED_TOTAL 'MLP_MODEL_FIT_BACK_PROP_ITERATION' 15 32
PROGRESS_REPORT_ELAPSED_TOTAL 'MLP_MODEL_FIT_BACK_PROP_ITERATION' 18 32
PROGRESS_REPORT_ELAPSED_TOTAL 'MLP_MODEL_FIT_BACK_PROP_ITERATION' 21 32
PROGRESS_REPORT_ELAPSED_TOTAL 'MLP_MODEL_FIT_BACK_PROP_ITERATION' 24 32
PROGRESS_REPORT_ELAPSED_TOTAL 'MLP_MODEL_FIT_BACK_PROP_ITERATION' 27 32
PROGRESS_REPORT_ELAPSED_TOTAL 'MLP_MODEL_FIT_BACK_PROP_ITERATION' 30 32
PROGRESS_REPORT_ELAPSED_TOTAL 'MLP_MODEL_FIT_BACK_PROP_ITERATION' 32 32
PROGRESS_REPORT_ELAPSED_TOTAL 'MLP_MODEL_FIT' 3 3
MCU_DEPLOY_CLASSIFICATION_CODE MODEL_JSON_EXPORT_STEP
MODEL_JSON_DUMP_START
{
	"metadata" : { "model" : "Rosenblatt_MLP", "version" : "2024-W04"},
	"options" : {  "hidden_layer_sizes" : [ 4, 6 ], "activation" : "relu", "solver" : "adam", "alpha" : 9.9999997e-05, "batch_size" : null, "learning_rate" : "constant", "learning_rate_init" : 0.001, "power_t" : 0.5, "max_iter" : 32, "shuffle" : 1, "random_state" : 1789, "tol" : 9.9999997e-05, "verbose" : 0, "warm_start" : 0, "momentum" : 0.89999998, "nesterovs_momentum" : 1, "early_stopping" : 0, "validation_fraction" : 0.1, "beta_1" : 0.89999998, "beta_2" : 0.99900001, "epsilon" : 9.9999999e-09, "n_iter_no_change" : 10, "max_fun" : 15000 },
	"classes" : [ 0, 1 ],
	"layers" : {
		"sizes" : [ 30, 4, 6, 1 ],
		"Layer_0" : {
			"name" : "Input_Layer",
			"NbInputs" : 0,
			"NbOutputs" : 30 
		},
		"Layer_1" : {
			"name" : "Hidden_Layer_1",
			"NbInputs" : 30,
			"NbOutputs" : 4 ,
			"coeffs_00" : [ -0.056698382, 0.19310547, -0.14804479, -0.020296998 ],
			"coeffs_01" : [ 0.056502942, -0.26839659, 0.10063092, 0.0077242241 ],
			"coeffs_02" : [ 0.33778408, 0.070312895, 0.3221994, -0.049397215 ],
			"coeffs_03" : [ 0.39806566, -0.34413195, -0.15240975, 0.13346051 ],
			"coeffs_04" : [ 0.19834551, -0.17688146, -0.18907382, -0.29919407 ],
			"coeffs_05" : [ 0.16247968, -0.386969, -0.05040117, 0.011931184 ],
			"coeffs_06" : [ -0.10167635, -0.35420558, -0.1903486, 0.31661996 ],
			"coeffs_07" : [ -0.049404714, 0.001784954, -0.34877163, 0.015060621 ],
			"coeffs_08" : [ -0.14971261, 0.13223723, -0.066116869, 0.15422545 ],
			"coeffs_09" : [ -0.30114371, 0.34061795, -0.28104052, 0.20074731 ],
			"coeffs_10" : [ -0.32164493, 0.2059906, 0.079333007, 0.35416079 ],
			"coeffs_11" : [ -0.28526244, -0.29699811, 0.11840586, 0.12886591 ],
			"coeffs_12" : [ 0.26275074, 0.33314028, 0.2929908, -0.24691197 ],
			"coeffs_13" : [ 0.2321379, 0.31535658, -0.22804652, 0.16367404 ],
			"coeffs_14" : [ 0.10244617, 0.020745188, 0.0385525, 0.21461248 ],
			"coeffs_15" : [ -0.38052627, 0.038294762, 0.14863515, 0.21629667 ],
			"coeffs_16" : [ -0.37847286, 0.26489604, -0.2086648, -0.36096886 ],
			"coeffs_17" : [ 0.39413849, 0.37330407, -0.040307138, -0.31463766 ],
			"coeffs_18" : [ -0.036852285, 0.37404588, -0.27664268, 0.1424108 ],
			"coeffs_19" : [ 0.16758458, 0.22264475, 0.34282091, -0.18749416 ],
			"coeffs_20" : [ 0.15657444, 0.26928353, 0.28121749, -0.025581578 ],
			"coeffs_21" : [ -0.3935068, 0.18531127, 0.0024390223, -0.061654408 ],
			"coeffs_22" : [ -0.32861409, -0.36984703, -0.13093486, 0.3513605 ],
			"coeffs_23" : [ -0.0017125824, -0.067142665, -0.077799365, -0.34890705 ],
			"coeffs_24" : [ 0.1190626, -0.10631216, -0.13993438, -0.066874005 ],
			"coeffs_25" : [ 0.15399763, -0.27044192, -0.11606069, 0.216231 ],
			"coeffs_26" : [ 0.25805244, 0.33043531, 0.27874345, 0.21321321 ],
			"coeffs_27" : [ -0.19733706, 0.027153056, 0.096488789, 0.25858423 ],
			"coeffs_28" : [ 0.18571259, -0.00051186956, 0.21622814, 0.26535413 ],
			"coeffs_29" : [ 0.048285745, -0.12211336, -0.094132885, -0.18359712 ],
			"intercepts" : [ 0.19936374, 0.23372033, -0.29059094, 0.13616189 ]
		},
		"Layer_2" : {
			"name" : "Hidden_Layer_2",
			"NbInputs" : 4,
			"NbOutputs" : 6 ,
			"coeffs_0" : [ -0.46528703, -0.0079074455, 0.16255526, -0.28509176, 0.33675677, -0.70262259 ],
			"coeffs_1" : [ -0.66707408, 0.54868513, 0.67262864, -0.48411718, -0.26468563, -0.556674 ],
			"coeffs_2" : [ -0.56333184, -0.56582952, -0.23150827, -0.15374054, -0.47853258, -0.52977031 ],
			"coeffs_3" : [ -0.65643895, 0.12696722, -0.48020247, -0.58447778, 0.13107337, 0.24299717 ],
			"intercepts" : [ -0.1217953, 0.20200868, 0.10206638, -0.51250809, -0.13840525, 0.64196002 ]
		},
		"Layer_3" : {
			"name" : "Output_Layer",
			"NbInputs" : 6,
			"NbOutputs" : 1 ,
			"coeffs_0" : [ 0.89267445 ],
			"coeffs_1" : [ -0.14040719 ],
			"coeffs_2" : [ -0.80444074 ],
			"coeffs_3" : [ -0.4218187 ],
			"coeffs_4" : [ 0.36877316 ],
			"coeffs_5" : [ -0.73705679 ],
			"intercepts" : [ 0.30885312 ]
		}
	}
}
MODEL_JSON_DUMP_END
MCU_DEPLOY_CLASSIFICATION_CODE MODEL_PREDICT_STEP
MLLITE_AUTO_DEPLOY_BREASTCANCER_SMALL_APPLY_OUTPUT_CLASS  [ 0, 0, 0, 0, 0,  ... , 0, 0, 0, 0, 0 ]
MCU_DEPLOY_CLASSIFICATION_CODE MODEL_PREDICT_PROBA_STEP
MLLITE_AUTO_DEPLOY_BREASTCANCER_SMALL_APPLY_OUTPUT_PROBA 0 [ 0.95323253, 0.046767455 ]
MLLITE_AUTO_DEPLOY_BREASTCANCER_SMALL_APPLY_OUTPUT_PROBA 1 [ 0.96921146, 0.030788522 ]
MLLITE_AUTO_DEPLOY_BREASTCANCER_SMALL_APPLY_OUTPUT_PROBA 2 [ 0.94524384, 0.054756179 ]
MLLITE_AUTO_DEPLOY_BREASTCANCER_SMALL_APPLY_OUTPUT_PROBA 3 [ 0.65788627, 0.34211376 ]
MLLITE_AUTO_DEPLOY_BREASTCANCER_SMALL_APPLY_OUTPUT_PROBA 4 [ 0.61548221, 0.38451776 ]
...
MLLITE_AUTO_DEPLOY_BREASTCANCER_SMALL_APPLY_OUTPUT_PROBA 59 [ 0.95669508, 0.043304913 ]
MLLITE_AUTO_DEPLOY_BREASTCANCER_SMALL_APPLY_OUTPUT_PROBA 60 [ 0.63349926, 0.36650071 ]
MLLITE_AUTO_DEPLOY_BREASTCANCER_SMALL_APPLY_OUTPUT_PROBA 61 [ 0.98886508, 0.011134906 ]
MLLITE_AUTO_DEPLOY_BREASTCANCER_SMALL_APPLY_OUTPUT_PROBA 62 [ 0.82592124, 0.17407875 ]
MLLITE_AUTO_DEPLOY_BREASTCANCER_SMALL_APPLY_OUTPUT_PROBA 63 [ 0.68457174, 0.31542823 ]
MCU_DEPLOY_CLASSIFICATION_CODE MODEL_COMPUTE_PERF_STEP
MLLITE_AUTO_DEPLOY_BREASTCANCER_SMALL_CLASS_PERFS { "count" : 64, "precision" : 0.484375,  "AUC" : [ 0.89931571, 0.89931571 ] }
This will be printed
MCU_DEPLOY_CLASSIFICATION_CODE ALL_STEPS_OK
MCU_DEPLOY_CLASSIFICATION_CODE done
MLLITE_MCU_TIMER_OPERATION_ELAPSED_SECONDS 'MLLITE.MCU_DEPLOY.CLASSIFICATION.Rosenblatt_MLP.BREASTCANCER_SMALL' 0
MLLITE_MCU_TIMER_OPERATION_END 'MLLITE.MCU_DEPLOY.CLASSIFICATION.Rosenblatt_MLP.BREASTCANCER_SMALL' [ 'Tue Jan 30 11:36:14 2024' ]
MCU_DEPLOY_ON_TARGET_ARMV7_32_END
