MCU_DEPLOY_ON_TARGET_ARMV7_32_START
MLLITE_MCU_TIMER_OPERATION_START 'MLLITE.MCU_DEPLOY.CLASSIFICATION.Rosenblatt_MLP.BREASTCANCER_ORIGINAL' [ 'Tue Jan 30 11:36:13 2024' ]
MLLite starting
MCU_DEPLOY_CLASSIFICATION_CODE CREATE_DATASET_STEP
MCU_DEPLOY_CLASSIFICATION_CODE CREATE_MODEL_STEP
MCU_DEPLOY_CLASSIFICATION_MODEL_OPTIONS
{  "hidden_layer_sizes" : [ 4, 6 ], "activation" : "relu", "solver" : "adam", "alpha" : 9.9999997e-05, "batch_size" : null, "learning_rate" : "constant", "learning_rate_init" : 0.001, "power_t" : 0.5, "max_iter" : 32, "shuffle" : 1, "random_state" : 1789, "tol" : 9.9999997e-05, "verbose" : 0, "warm_start" : 0, "momentum" : 0.89999998, "nesterovs_momentum" : 1, "early_stopping" : 0, "validation_fraction" : 0.1, "beta_1" : 0.89999998, "beta_2" : 0.99900001, "epsilon" : 9.9999999e-09, "n_iter_no_change" : 10, "max_fun" : 15000 }
MCU_DEPLOY_CLASSIFICATION_CODE FIT_MODEL_STEP
PROGRESS_REPORT_ELAPSED_TOTAL 'MLP_MODEL_FIT' 1 3
PROGRESS_REPORT_ELAPSED_TOTAL 'MLP_MODEL_FIT' 2 3
PROGRESS_REPORT_ELAPSED_TOTAL 'MLP_MODEL_FIT_BACK_PROP_ITERATION' 3 32
PROGRESS_REPORT_ELAPSED_TOTAL 'MLP_MODEL_FIT_BACK_PROP_ITERATION' 6 32
PROGRESS_REPORT_ELAPSED_TOTAL 'MLP_MODEL_FIT_BACK_PROP_ITERATION' 9 32
PROGRESS_REPORT_ELAPSED_TOTAL 'MLP_MODEL_FIT_BACK_PROP_ITERATION' 12 32
PROGRESS_REPORT_ELAPSED_TOTAL 'MLP_MODEL_FIT_BACK_PROP_ITERATION' 15 32
PROGRESS_REPORT_ELAPSED_TOTAL 'MLP_MODEL_FIT_BACK_PROP_ITERATION' 18 32
PROGRESS_REPORT_ELAPSED_TOTAL 'MLP_MODEL_FIT_BACK_PROP_ITERATION' 21 32
PROGRESS_REPORT_ELAPSED_TOTAL 'MLP_MODEL_FIT_BACK_PROP_ITERATION' 24 32
PROGRESS_REPORT_ELAPSED_TOTAL 'MLP_MODEL_FIT_BACK_PROP_ITERATION' 27 32
PROGRESS_REPORT_ELAPSED_TOTAL 'MLP_MODEL_FIT_BACK_PROP_ITERATION' 30 32
PROGRESS_REPORT_ELAPSED_TOTAL 'MLP_MODEL_FIT_BACK_PROP_ITERATION' 32 32
PROGRESS_REPORT_ELAPSED_TOTAL 'MLP_MODEL_FIT' 3 3
MCU_DEPLOY_CLASSIFICATION_CODE MODEL_JSON_EXPORT_STEP
MODEL_JSON_DUMP_START
{
	"metadata" : { "model" : "Rosenblatt_MLP", "version" : "2024-W04"},
	"options" : {  "hidden_layer_sizes" : [ 4, 6 ], "activation" : "relu", "solver" : "adam", "alpha" : 9.9999997e-05, "batch_size" : null, "learning_rate" : "constant", "learning_rate_init" : 0.001, "power_t" : 0.5, "max_iter" : 32, "shuffle" : 1, "random_state" : 1789, "tol" : 9.9999997e-05, "verbose" : 0, "warm_start" : 0, "momentum" : 0.89999998, "nesterovs_momentum" : 1, "early_stopping" : 0, "validation_fraction" : 0.1, "beta_1" : 0.89999998, "beta_2" : 0.99900001, "epsilon" : 9.9999999e-09, "n_iter_no_change" : 10, "max_fun" : 15000 },
	"classes" : [ 0, 1 ],
	"layers" : {
		"sizes" : [ 30, 4, 6, 1 ],
		"Layer_0" : {
			"name" : "Input_Layer",
			"NbInputs" : 0,
			"NbOutputs" : 30 
		},
		"Layer_1" : {
			"name" : "Hidden_Layer_1",
			"NbInputs" : 30,
			"NbOutputs" : 4 ,
			"coeffs_00" : [ -0.062456086, 0.15754011, -0.11665913, -0.012939105 ],
			"coeffs_01" : [ 0.049087144, -0.2278578, 0.075279064, 0.0047874693 ],
			"coeffs_02" : [ 0.332266, 0.05019832, 0.27907497, -0.03383727 ],
			"coeffs_03" : [ 0.3949984, -0.30011401, -0.12056451, 0.10371395 ],
			"coeffs_04" : [ 0.19062367, -0.14268774, -0.15383713, -0.25710008 ],
			"coeffs_05" : [ 0.15915859, -0.34141439, -0.034600653, 0.0074517294 ],
			"coeffs_06" : [ -0.10180884, -0.30980298, -0.15500708, 0.27373618 ],
			"coeffs_07" : [ -0.049455307, 0.0011060317, -0.3045744, 0.0094742756 ],
			"coeffs_08" : [ -0.15714741, 0.10263596, -0.046844531, 0.12219292 ],
			"coeffs_09" : [ -0.30996612, 0.29673788, -0.23983672, 0.16457985 ],
			"coeffs_10" : [ -0.32390398, 0.16942504, 0.057513643, 0.30975968 ],
			"coeffs_11" : [ -0.29461771, -0.25500786, 0.090539798, 0.09967152 ],
			"coeffs_12" : [ 0.26046312, 0.28955996, 0.25119272, -0.20760047 ],
			"coeffs_13" : [ 0.23178354, 0.27252805, -0.18992735, 0.13070205 ],
			"coeffs_14" : [ 0.092528947, 0.013240321, 0.02575567, 0.17741725 ],
			"coeffs_15" : [ -0.38469931, 0.025567487, 0.11718656, 0.17898189 ],
			"coeffs_16" : [ -0.38291442, 0.22454862, -0.17190075, -0.31631657 ],
			"coeffs_17" : [ 0.3888894, 0.32821271, -0.027041817, -0.27184081 ],
			"coeffs_18" : [ -0.045156151, 0.32892841, -0.23566568, 0.11163875 ],
			"coeffs_19" : [ 0.1601104, 0.18488897, 0.29885411, -0.15238824 ],
			"coeffs_20" : [ 0.151765, 0.2286969, 0.24000482, -0.016536009 ],
			"coeffs_21" : [ -0.40046737, 0.15038832, 0.0015095922, -0.043314867 ],
			"coeffs_22" : [ -0.33320716, -0.3248764, -0.10148962, 0.30706492 ],
			"coeffs_23" : [ -0.0034868054, -0.047661364, -0.056260217, -0.3047049 ],
			"coeffs_24" : [ 0.11176676, -0.080118343, -0.10943978, -0.047447238 ],
			"coeffs_25" : [ 0.15181968, -0.22979303, -0.08850693, 0.17892092 ],
			"coeffs_26" : [ 0.25713813, 0.28696606, 0.2376575, 0.17611817 ],
			"coeffs_27" : [ -0.19893567, 0.017624272, 0.071775556, 0.21859008 ],
			"coeffs_28" : [ 0.17921434, -0.00031836447, 0.17891818, 0.22498156 ],
			"coeffs_29" : [ 0.041282173, -0.093764707, -0.069792673, -0.14881934 ],
			"intercepts" : [ 0.19028865, 0.23372033, -0.29059094, 0.13616189 ]
		},
		"Layer_2" : {
			"name" : "Hidden_Layer_2",
			"NbInputs" : 4,
			"NbOutputs" : 6 ,
			"coeffs_0" : [ -0.4174701, -0.0080785165, 0.15944557, -0.24368285, 0.33970764, -0.65046012 ],
			"coeffs_1" : [ -0.61540443, 0.49901006, 0.62087888, -0.43583879, -0.22434998, -0.50684398 ],
			"coeffs_2" : [ -0.51337487, -0.51582545, -0.19316141, -0.12175778, -0.43038815, -0.48047748 ],
			"coeffs_3" : [ -0.60492438, 0.098006487, -0.43201768, -0.53413302, 0.10161145, 0.20392375 ],
			"intercepts" : [ -0.1217953, 0.20183247, 0.058903277, -0.51250809, -0.095549859, 0.64196002 ]
		},
		"Layer_3" : {
			"name" : "Output_Layer",
			"NbInputs" : 6,
			"NbOutputs" : 1 ,
			"coeffs_0" : [ 0.83844006 ],
			"coeffs_1" : [ -0.14109872 ],
			"coeffs_2" : [ -0.80104125 ],
			"coeffs_3" : [ -0.37518179 ],
			"coeffs_4" : [ 0.37166429 ],
			"coeffs_5" : [ -0.68445426 ],
			"intercepts" : [ 0.351933 ]
		}
	}
}
MODEL_JSON_DUMP_END
MCU_DEPLOY_CLASSIFICATION_CODE MODEL_PREDICT_STEP
MLLITE_AUTO_DEPLOY_BREASTCANCER_ORIGINAL_APPLY_OUTPUT_CLASS  [ 0, 0, 0, 1, 0,  ... , 0, 0, 0, 0, 1 ]
MCU_DEPLOY_CLASSIFICATION_CODE MODEL_PREDICT_PROBA_STEP
MLLITE_AUTO_DEPLOY_BREASTCANCER_ORIGINAL_APPLY_OUTPUT_PROBA 0 [ 0.57912707, 0.42087293 ]
MLLITE_AUTO_DEPLOY_BREASTCANCER_ORIGINAL_APPLY_OUTPUT_PROBA 1 [ 0.62079048, 0.37920955 ]
MLLITE_AUTO_DEPLOY_BREASTCANCER_ORIGINAL_APPLY_OUTPUT_PROBA 2 [ 0.60602772, 0.39397231 ]
MLLITE_AUTO_DEPLOY_BREASTCANCER_ORIGINAL_APPLY_OUTPUT_PROBA 3 [ 0.4849084, 0.5150916 ]
MLLITE_AUTO_DEPLOY_BREASTCANCER_ORIGINAL_APPLY_OUTPUT_PROBA 4 [ 0.62085152, 0.37914848 ]
...
MLLITE_AUTO_DEPLOY_BREASTCANCER_ORIGINAL_APPLY_OUTPUT_PROBA 564 [ 0.64803314, 0.35196683 ]
MLLITE_AUTO_DEPLOY_BREASTCANCER_ORIGINAL_APPLY_OUTPUT_PROBA 565 [ 0.61244273, 0.38755724 ]
MLLITE_AUTO_DEPLOY_BREASTCANCER_ORIGINAL_APPLY_OUTPUT_PROBA 566 [ 0.55349493, 0.44650507 ]
MLLITE_AUTO_DEPLOY_BREASTCANCER_ORIGINAL_APPLY_OUTPUT_PROBA 567 [ 0.60962766, 0.39037234 ]
MLLITE_AUTO_DEPLOY_BREASTCANCER_ORIGINAL_APPLY_OUTPUT_PROBA 568 [ 0.45535862, 0.54464138 ]
MCU_DEPLOY_CLASSIFICATION_CODE MODEL_COMPUTE_PERF_STEP
MLLITE_AUTO_DEPLOY_BREASTCANCER_ORIGINAL_CLASS_PERFS { "count" : 569, "precision" : 0.71529001,  "AUC" : [ 0.93351305, 0.93351305 ] }
This will be printed
MCU_DEPLOY_CLASSIFICATION_CODE ALL_STEPS_OK
MCU_DEPLOY_CLASSIFICATION_CODE done
MLLITE_MCU_TIMER_OPERATION_ELAPSED_SECONDS 'MLLITE.MCU_DEPLOY.CLASSIFICATION.Rosenblatt_MLP.BREASTCANCER_ORIGINAL' 0
MLLITE_MCU_TIMER_OPERATION_END 'MLLITE.MCU_DEPLOY.CLASSIFICATION.Rosenblatt_MLP.BREASTCANCER_ORIGINAL' [ 'Tue Jan 30 11:36:13 2024' ]
MCU_DEPLOY_ON_TARGET_ARMV7_32_END
