MCU_DEPLOY_ON_TARGET_ARMV7_32_START
MLLITE_MCU_TIMER_OPERATION_START 'MLLITE.MCU_DEPLOY.CLASSIFICATION.Tikhonov_Ridge.DIGITS_ORIGINAL' [ 'Tue Jan 30 11:36:31 2024' ]
MLLite starting
MCU_DEPLOY_CLASSIFICATION_CODE CREATE_DATASET_STEP
MCU_DEPLOY_CLASSIFICATION_CODE CREATE_MODEL_STEP
MCU_DEPLOY_CLASSIFICATION_MODEL_OPTIONS
{ "alpha" : 0.0099999998, "random_state" : 1789 }
MCU_DEPLOY_CLASSIFICATION_CODE FIT_MODEL_STEP
PROGRESS_REPORT_ELAPSED_TOTAL 'RIDGE_CLASSIFIER_FIT' 1 12
PROGRESS_REPORT_ELAPSED_TOTAL 'RIDGE_CLASSIFIER_FIT' 2 12
PROGRESS_REPORT_ELAPSED_TOTAL 'CHOLESKY_SOLVER' 1 6
PROGRESS_REPORT_ELAPSED_TOTAL 'CHOLESKY_SOLVER' 2 6
PROGRESS_REPORT_ELAPSED_TOTAL 'CHOLESKY_SOLVER' 3 6
PROGRESS_REPORT_ELAPSED_TOTAL 'CHOLESKY_SOLVER' 4 6
PROGRESS_REPORT_ELAPSED_TOTAL 'CHOLESKY_SOLVER' 5 6
PROGRESS_REPORT_ELAPSED_TOTAL 'CHOLESKY_SOLVER' 6 6
PROGRESS_REPORT_ELAPSED_TOTAL 'RIDGE_CLASSIFIER_FIT' 3 12
PROGRESS_REPORT_ELAPSED_TOTAL 'CHOLESKY_SOLVER' 1 6
PROGRESS_REPORT_ELAPSED_TOTAL 'CHOLESKY_SOLVER' 2 6
PROGRESS_REPORT_ELAPSED_TOTAL 'CHOLESKY_SOLVER' 3 6
PROGRESS_REPORT_ELAPSED_TOTAL 'CHOLESKY_SOLVER' 4 6
PROGRESS_REPORT_ELAPSED_TOTAL 'CHOLESKY_SOLVER' 5 6
PROGRESS_REPORT_ELAPSED_TOTAL 'CHOLESKY_SOLVER' 6 6
PROGRESS_REPORT_ELAPSED_TOTAL 'RIDGE_CLASSIFIER_FIT' 4 12
PROGRESS_REPORT_ELAPSED_TOTAL 'CHOLESKY_SOLVER' 1 6
PROGRESS_REPORT_ELAPSED_TOTAL 'CHOLESKY_SOLVER' 2 6
PROGRESS_REPORT_ELAPSED_TOTAL 'CHOLESKY_SOLVER' 3 6
PROGRESS_REPORT_ELAPSED_TOTAL 'CHOLESKY_SOLVER' 4 6
PROGRESS_REPORT_ELAPSED_TOTAL 'CHOLESKY_SOLVER' 5 6
PROGRESS_REPORT_ELAPSED_TOTAL 'CHOLESKY_SOLVER' 6 6
PROGRESS_REPORT_ELAPSED_TOTAL 'RIDGE_CLASSIFIER_FIT' 5 12
PROGRESS_REPORT_ELAPSED_TOTAL 'CHOLESKY_SOLVER' 1 6
PROGRESS_REPORT_ELAPSED_TOTAL 'CHOLESKY_SOLVER' 2 6
PROGRESS_REPORT_ELAPSED_TOTAL 'CHOLESKY_SOLVER' 3 6
PROGRESS_REPORT_ELAPSED_TOTAL 'CHOLESKY_SOLVER' 4 6
PROGRESS_REPORT_ELAPSED_TOTAL 'CHOLESKY_SOLVER' 5 6
PROGRESS_REPORT_ELAPSED_TOTAL 'CHOLESKY_SOLVER' 6 6
PROGRESS_REPORT_ELAPSED_TOTAL 'RIDGE_CLASSIFIER_FIT' 6 12
PROGRESS_REPORT_ELAPSED_TOTAL 'CHOLESKY_SOLVER' 1 6
PROGRESS_REPORT_ELAPSED_TOTAL 'CHOLESKY_SOLVER' 2 6
PROGRESS_REPORT_ELAPSED_TOTAL 'CHOLESKY_SOLVER' 3 6
PROGRESS_REPORT_ELAPSED_TOTAL 'CHOLESKY_SOLVER' 4 6
PROGRESS_REPORT_ELAPSED_TOTAL 'CHOLESKY_SOLVER' 5 6
PROGRESS_REPORT_ELAPSED_TOTAL 'CHOLESKY_SOLVER' 6 6
PROGRESS_REPORT_ELAPSED_TOTAL 'RIDGE_CLASSIFIER_FIT' 7 12
PROGRESS_REPORT_ELAPSED_TOTAL 'CHOLESKY_SOLVER' 1 6
PROGRESS_REPORT_ELAPSED_TOTAL 'CHOLESKY_SOLVER' 2 6
PROGRESS_REPORT_ELAPSED_TOTAL 'CHOLESKY_SOLVER' 3 6
PROGRESS_REPORT_ELAPSED_TOTAL 'CHOLESKY_SOLVER' 4 6
PROGRESS_REPORT_ELAPSED_TOTAL 'CHOLESKY_SOLVER' 5 6
PROGRESS_REPORT_ELAPSED_TOTAL 'CHOLESKY_SOLVER' 6 6
PROGRESS_REPORT_ELAPSED_TOTAL 'RIDGE_CLASSIFIER_FIT' 8 12
PROGRESS_REPORT_ELAPSED_TOTAL 'CHOLESKY_SOLVER' 1 6
PROGRESS_REPORT_ELAPSED_TOTAL 'CHOLESKY_SOLVER' 2 6
PROGRESS_REPORT_ELAPSED_TOTAL 'CHOLESKY_SOLVER' 3 6
PROGRESS_REPORT_ELAPSED_TOTAL 'CHOLESKY_SOLVER' 4 6
PROGRESS_REPORT_ELAPSED_TOTAL 'CHOLESKY_SOLVER' 5 6
PROGRESS_REPORT_ELAPSED_TOTAL 'CHOLESKY_SOLVER' 6 6
PROGRESS_REPORT_ELAPSED_TOTAL 'RIDGE_CLASSIFIER_FIT' 9 12
PROGRESS_REPORT_ELAPSED_TOTAL 'CHOLESKY_SOLVER' 1 6
PROGRESS_REPORT_ELAPSED_TOTAL 'CHOLESKY_SOLVER' 2 6
PROGRESS_REPORT_ELAPSED_TOTAL 'CHOLESKY_SOLVER' 3 6
PROGRESS_REPORT_ELAPSED_TOTAL 'CHOLESKY_SOLVER' 4 6
PROGRESS_REPORT_ELAPSED_TOTAL 'CHOLESKY_SOLVER' 5 6
PROGRESS_REPORT_ELAPSED_TOTAL 'CHOLESKY_SOLVER' 6 6
PROGRESS_REPORT_ELAPSED_TOTAL 'RIDGE_CLASSIFIER_FIT' 10 12
PROGRESS_REPORT_ELAPSED_TOTAL 'CHOLESKY_SOLVER' 1 6
PROGRESS_REPORT_ELAPSED_TOTAL 'CHOLESKY_SOLVER' 2 6
PROGRESS_REPORT_ELAPSED_TOTAL 'CHOLESKY_SOLVER' 3 6
PROGRESS_REPORT_ELAPSED_TOTAL 'CHOLESKY_SOLVER' 4 6
PROGRESS_REPORT_ELAPSED_TOTAL 'CHOLESKY_SOLVER' 5 6
PROGRESS_REPORT_ELAPSED_TOTAL 'CHOLESKY_SOLVER' 6 6
PROGRESS_REPORT_ELAPSED_TOTAL 'RIDGE_CLASSIFIER_FIT' 11 12
PROGRESS_REPORT_ELAPSED_TOTAL 'CHOLESKY_SOLVER' 1 6
PROGRESS_REPORT_ELAPSED_TOTAL 'CHOLESKY_SOLVER' 2 6
PROGRESS_REPORT_ELAPSED_TOTAL 'CHOLESKY_SOLVER' 3 6
PROGRESS_REPORT_ELAPSED_TOTAL 'CHOLESKY_SOLVER' 4 6
PROGRESS_REPORT_ELAPSED_TOTAL 'CHOLESKY_SOLVER' 5 6
PROGRESS_REPORT_ELAPSED_TOTAL 'CHOLESKY_SOLVER' 6 6
PROGRESS_REPORT_ELAPSED_TOTAL 'RIDGE_CLASSIFIER_FIT' 12 12
MCU_DEPLOY_CLASSIFICATION_CODE MODEL_JSON_EXPORT_STEP
MODEL_JSON_DUMP_START
{
	"metadata" : { "model" : "Tikhonov_Ridge", "version" : "2024-W04"},
	"options" : { "alpha" : 0.0099999998, "random_state" : 1789 },
	"classes" : [ 0, 1, 2, 3, 4, 5, 6, 7, 8, 9 ],
	"equations" : {
		"class_0" : {
			"intercept" : -4.4480495,
			"coeffs" : [ 0, -0.35417643, -0.053358495, 0.078592613, -0.015800085, 0.052708104, -0.0082430346, 0.095456794, 0.82754731, -0.06455189, 0.069217369, -0.055250611, 0.098568253, 0.0073114922, 0.048536759, -0.15498485, 0.40259624, 0.023555093, -0.0040490241, 0.04127983, 0.010247083, 0.042550556, -0.052920811, 0.43491587, 0, -0.0030277541, 0.00016399947, 0.015063398, -0.063262604, 0.012595362, -0.056377247, 0, 0, 0.13108744, 0.10459955, -0.2207672, -0.04386365, 0.0200247, -0.11805326, 0, 0.26354042, -0.062826052, 0.10679048, -0.12774678, -0.14292413, -0.09810143, -0.096981347, 0.28185031, 0.015496366, -0.11324711, 0.056795828, 0.11672474, 0.0677673, -0.029356817, 0.040156379, 0.030165298, 0, 0.44350159, -0.015023598, 0.20959927, 0.16154927, -0.10855696, 0.051283035, -0.057539389 ]
		},
		"class_1" : {
			"intercept" : 2.2600756,
			"coeffs" : [ 0, -0.52146268, 0.034969676, -0.02053999, -0.073193438, 0.029061591, 0.016455153, -0.00377711, -1.259729, 0.056241449, -0.30689803, 0.019092234, -0.042942803, 0.027653769, -0.038904835, -0.009134708, 1.4969107, 0.0046798391, -0.0050401995, -0.096601449, 0.082565986, -0.0041324073, 0.015701549, -0.28207502, 0, 0.061423119, 0.020225348, 0.069464222, -0.00326507, -0.020016303, 0.014116977, 0, 0, -0.045893144, -0.065321751, 0.095922135, -0.022569245, -0.036720809, 0.097755224, 0, -0.13665521, -0.016957724, -0.055625033, 0.021736745, 0.047657669, 0.015128505, 0.036438279, -0.17074132, -0.24988951, 0.034885768, -0.005946781, 0.026506357, 0.16193165, 0.033844814, -0.0073779933, -0.12653933, 0, 0.44162089, -0.038116645, -0.31954077, 0.16839567, -0.015396743, 0.019500798, 0.0032317881 ]
		},
		"class_2" : {
			"intercept" : -2.5262735,
			"coeffs" : [ 0, 0.87932301, 0.044940408, 0.023266414, -0.094523489, 0.042481292, -0.026345257, -0.047172897, 0.4835009, -0.049150385, 0.11427765, -0.035698473, -0.059312355, -0.046769854, 0.018679844, -0.065364867, -0.50793165, 0.018966116, -0.035966616, 0.023408441, -0.029726958, -0.071357869, 0.027527498, 0.094806723, 0, -0.014611002, -0.15775412, -0.067167968, -0.029715568, 0.046087116, 0.024134248, 0, 0, -0.0091828685, -0.10850313, -0.036666144, 0.0192932, 0.021890501, 0.032897945, 0, -0.052048713, -0.011767446, 0.026477152, 0.061612133, -0.049464814, -0.054694086, -0.011995031, -0.0068743369, 0.0078347037, -0.068757392, 0.054347135, 0.15906861, 0.18483545, -0.015616162, -0.057053357, 0.084214039, 0, -0.92383015, -0.0037287145, 0.1068039, 0.078451395, 0.15417606, -0.1523502, -0.033200786 ]
		},
		"class_3" : {
			"intercept" : -4.9343739,
			"coeffs" : [ 0, 0.56211782, -0.012384321, 0.081388786, 0.025844099, -0.010197565, 0.019514693, -0.016875776, 0.53557742, -0.05809151, 0.11219715, 0.12906592, -0.024338612, -0.013691488, 0.0048378715, -0.048737232, 1.4565688, -0.0048669339, -0.15419766, 0.040254191, 0.00075129431, -0.015345574, 0.0036632805, -0.022678871, 0, -0.016969377, -0.11158995, -0.031251512, 0.026643401, -0.014922201, 0.031835157, 0, 0, 0.018836418, -0.035207007, -0.067505777, 0.08447323, 0.025994534, -0.0021005187, 0, 0.029572627, 0.038173165, -0.013481577, -0.10562955, -0.01632927, 0.058941018, -0.019024627, -0.036178198, 0.013998084, -0.05362713, -0.014004601, -0.018409459, -0.011077723, -0.029573211, 0.0019958396, 0.0035867707, 0, -0.45741925, 0.037769392, 0.1731272, 0.15423927, 0.0021411546, -0.01232993, -0.099167094 ]
		},
		"class_4" : {
			"intercept" : 5.1948357,
			"coeffs" : [ 0, -0.48871076, 0.017449923, -0.13729441, 0.003926775, 0.023694986, 0.0051035117, 0.06038985, -1.5729383, 0.14475027, -0.2593399, -0.054364759, 0.018702419, 0.041302819, -0.023093529, 0.018492082, 0.4749893, -0.023227718, 0.057803355, -0.12435938, 0.024949208, 0.027817419, 0.0023629081, -0.080199152, 0, 0.047586482, 0.042434357, 0.053906243, 0.0066128708, -0.013541657, -0.030546106, 0, 0, 0.17528532, 0.019212397, 0.019820783, -0.034271833, -0.020254901, -0.040437758, 0, -1.2552065, -0.074430421, 0.0049321176, 0.13384445, 0.052995473, 0.030869806, 0.072125576, 0.1216839, -0.016857473, 0.15330486, -0.068139255, -0.1412506, 0.094776392, 0.040099893, 0.032234255, -0.059003912, 0, 0.38019472, 0.010250513, -0.43273792, 0.12380718, -0.14564084, 0.11995041, 0.064750329 ]
		},
		"class_5" : {
			"intercept" : -3.4354839,
			"coeffs" : [ 0, 0.98204994, 0.040094398, -0.017673932, 0.072205685, -0.087893359, -0.017535597, -0.0084382277, 0.90809155, -0.10281266, 0.12762308, -0.0067498027, 0.02777935, 0.025237991, 0.046533689, -0.0099195279, -1.7250929, 0.029775355, 0.057309866, 0.061661091, -0.05959896, -0.044043999, -0.022255244, -0.073835701, 0, 0.019546099, 0.1452295, -0.020900607, 0.008839651, -0.020182351, -0.0056830528, 0, 0, -0.096339539, 0.061625563, 0.007597127, 0.0038297107, -0.020767424, 0.020257695, 0, -0.013032262, 0.10206519, -0.12024769, -0.022616696, -0.043165538, -0.011126831, -0.0021476406, 0.063120633, -0.053858295, 0.068277463, -0.053169847, -0.048706785, 0.033928115, -0.01698692, 0.0097925169, 0.018551698, 0, -0.91987044, 0.032181259, 0.28216287, -0.25237131, 0.046307202, 0.008334958, -0.064546391 ]
		},
		"class_6" : {
			"intercept" : -0.49492043,
			"coeffs" : [ 0, -0.41445065, -0.056713741, -0.028588763, -0.07262186, 0.053204104, -0.011342728, -0.02174411, -1.0771544, 0.089162849, -0.14373939, -0.050184622, 0.010055508, 0.024880622, 0.0032818646, -0.017199155, 0.012867692, -0.044131052, 0.028835133, -0.04451526, -0.022149421, -0.082540572, 0.00058820203, 0.017294271, 0, -0.028684, 0.083266556, -0.0054764249, -0.017467873, 0.0067691146, -0.020163598, 0, 0, -0.025226809, 0.046414047, 0.029302036, 0.0047178376, 0.0059312992, 0.013023587, 0, 0.34740975, -0.090978585, 0.052991547, 0.010769934, 0.0022141759, 0.0071319528, -0.024284596, -0.23467186, -0.039319824, -0.030789457, 0.065190323, 0.12410462, -0.13899145, 0.0020603822, -0.056876395, 0.050058063, 0, 0.4263697, -0.004453945, -0.065652914, 0.21351682, 0.030011177, -0.048420921, 0.10171191 ]
		},
		"class_7" : {
			"intercept" : 2.6005945,
			"coeffs" : [ 0, -0.15930258, -0.0079675866, 0.071271718, 0.16765453, -0.093572989, 0.04479776, -0.024858698, 1.2235345, -0.015100976, 0.11910748, 0.050159335, -0.015731135, 0.0021712924, -0.056688119, 0.15160957, -0.43627369, -0.0034987142, -0.085956581, 0.021955559, -0.030095737, 0.031533323, 0.064707376, -0.023050386, 0, 0.045049518, -0.10485647, 0.015587403, 0.016800305, -0.0080222841, 0.012255399, 0, 0, -0.00066166196, 0.064632721, 0.049088944, 0.017138254, 0.0023714984, -0.0025951967, 0, 0.61256438, -0.041051876, 0.017676463, 0.074176371, 0.1320661, 0.072424971, 0.14438537, -0.069108315, 0.063802466, 0.14097714, -0.060438912, -0.02682388, -0.21892689, 0.06353347, -0.0091352891, -0.078480557, 0, 0.11208891, -0.0013936114, 0.10427713, -0.83722186, 0.1221695, -0.018856453, 0.10097938 ]
		},
		"class_8" : {
			"intercept" : -0.18402022,
			"coeffs" : [ 0, -0.24738501, 0.0018343537, -0.1132074, -0.02987886, 0.012420095, -0.014254359, -0.030905703, 0.25436449, 0.0047089593, 0.059820596, -0.069611154, -0.035461884, -0.041433048, -0.021097073, 0.086651497, -0.16507745, 0.0060651219, 0.04836674, -0.0025682577, -0.006914224, 0.011304636, -0.0027483106, -0.064338483, 0, -0.04496466, -0.021130029, -0.0098382151, 0.033720411, 0.0025372172, 0.017853502, 0, 0, -0.093631871, -0.061990261, 0.13110033, 0.011916446, -0.025007166, 0.041117512, 0, 0.31907555, -0.016834388, 0.083636336, 0.023095824, 0.065718547, 0.038958579, -0.023953058, -0.0023197713, 0.23972116, -0.092700712, 0.063098498, -0.10119884, -0.061196666, -0.0096213818, 0.0030926908, 0.046660975, 0, 0.24215055, -0.028495932, 0.044513628, 0.056643933, -0.064237602, 0.017785016, 0.020351315 ]
		},
		"class_9" : {
			"intercept" : -2.0324051,
			"coeffs" : [ 0, -0.23800771, -0.0088675041, 0.062781543, 0.016386995, -0.021906732, -0.0081501026, -0.002074593, -0.32280287, -0.005154884, 0.10773072, 0.073540799, 0.022682352, -0.026662694, 0.017913589, 0.048589043, -1.0095745, -0.0073168874, 0.092896812, 0.079485744, 0.029972585, 0.10421447, -0.036627736, -0.00084271067, 0, -0.065349497, 0.10401551, -0.019385982, 0.021092262, 0.0086964918, 0.012575527, 0, 0, -0.054275542, -0.025464671, -0.0078915562, -0.04065999, 0.02653818, -0.041864783, 0, -0.11522742, 0.17461096, -0.10315022, -0.069244772, -0.048770491, -0.059534129, -0.074564733, 0.05323825, 0.019065516, -0.038323894, -0.037732471, -0.090013117, -0.11304692, -0.03838478, 0.043172114, 0.030788198, 0, 0.25519863, 0.011014809, -0.10255446, 0.13299733, -0.020975996, 0.015104652, -0.036571287 ]
		}
	}
}
MODEL_JSON_DUMP_END
MCU_DEPLOY_CLASSIFICATION_CODE MODEL_PREDICT_STEP
MLLITE_AUTO_DEPLOY_DIGITS_ORIGINAL_APPLY_OUTPUT_CLASS  [ 0, 1, 4, 3, 4,  ... , 9, 0, 8, 9, 7 ]
MCU_DEPLOY_CLASSIFICATION_CODE MODEL_PREDICT_PROBA_STEP
MLLITE_AUTO_DEPLOY_DIGITS_ORIGINAL_APPLY_OUTPUT_PROBA 0 [ 0.74660593, 0.0019625672, 0.013657472, 0.024010759, 0.0079366872, 0.13452801, 0.0069338526, 0.013435946, 0.0070165601, 0.043911956 ]
MLLITE_AUTO_DEPLOY_DIGITS_ORIGINAL_APPLY_OUTPUT_PROBA 1 [ 1.1674108e-05, 0.98173058, 0.00051579886, 0.00010829831, 0.013724054, 7.6862343e-05, 0.0035625233, 4.9948471e-06, 0.00017188105, 9.3092262e-05 ]
MLLITE_AUTO_DEPLOY_DIGITS_ORIGINAL_APPLY_OUTPUT_PROBA 2 [ 0.0010048252, 0.47242895, 0.019097915, 0.00014865806, 0.49661168, 3.4685399e-05, 0.0059129666, 0.00078274601, 0.0025443311, 0.0014332324 ]
MLLITE_AUTO_DEPLOY_DIGITS_ORIGINAL_APPLY_OUTPUT_PROBA 3 [ 0.043792758, 0.0014513721, 0.025282385, 0.8448171, 0.00058550539, 0.010538264, 0.0025507475, 0.033420689, 0.0040944354, 0.03346654 ]
MLLITE_AUTO_DEPLOY_DIGITS_ORIGINAL_APPLY_OUTPUT_PROBA 4 [ 4.0274807e-07, 0.023796827, 3.4077104e-06, 6.11725e-07, 0.97596902, 3.86656e-08, 0.00016221494, 2.2624029e-07, 6.6923436e-05, 8.7148197e-07 ]
...
MLLITE_AUTO_DEPLOY_DIGITS_ORIGINAL_APPLY_OUTPUT_PROBA 1792 [ 0.026116615, 0.0034526163, 0.0077405623, 0.051401783, 0.00099684158, 0.086637087, 0.0047363364, 0.0012585603, 0.014163018, 0.80349654 ]
MLLITE_AUTO_DEPLOY_DIGITS_ORIGINAL_APPLY_OUTPUT_PROBA 1793 [ 0.98200822, 2.4768593e-05, 0.012406864, 0.0011014061, 5.0125058e-05, 0.0022968226, 0.0015858198, 0.00010423394, 7.8105368e-05, 0.00034348192 ]
MLLITE_AUTO_DEPLOY_DIGITS_ORIGINAL_APPLY_OUTPUT_PROBA 1794 [ 0.0024053112, 0.10780073, 0.050148875, 0.0075937537, 0.039471023, 0.0015452914, 0.032033537, 0.089205131, 0.65983826, 0.0099579785 ]
MLLITE_AUTO_DEPLOY_DIGITS_ORIGINAL_APPLY_OUTPUT_PROBA 1795 [ 0.004051201, 0.011028613, 0.0037205331, 0.027848704, 0.0017501464, 0.11942408, 0.026716882, 0.00059941085, 0.012184753, 0.79267555 ]
MLLITE_AUTO_DEPLOY_DIGITS_ORIGINAL_APPLY_OUTPUT_PROBA 1796 [ 0.015819633, 0.0062498655, 0.032089751, 0.065674089, 0.0037454804, 0.0088439761, 0.02408612, 0.3605125, 0.30326718, 0.17971124 ]
MCU_DEPLOY_CLASSIFICATION_CODE MODEL_COMPUTE_PERF_STEP
MLLITE_AUTO_DEPLOY_DIGITS_ORIGINAL_CLASS_PERFS { "count" : 1797, "precision" : 0.7312187,  "AUC" : [ 0.99288988, 0.91884464, 0.96151215, 0.97146553, 0.86887342, 0.95403326, 0.98410577, 0.96639067, 0.93286872, 0.91493505 ] }
This will be printed
MCU_DEPLOY_CLASSIFICATION_CODE ALL_STEPS_OK
MCU_DEPLOY_CLASSIFICATION_CODE done
MLLITE_MCU_TIMER_OPERATION_ELAPSED_SECONDS 'MLLITE.MCU_DEPLOY.CLASSIFICATION.Tikhonov_Ridge.DIGITS_ORIGINAL' 1
MLLITE_MCU_TIMER_OPERATION_END 'MLLITE.MCU_DEPLOY.CLASSIFICATION.Tikhonov_Ridge.DIGITS_ORIGINAL' [ 'Tue Jan 30 11:36:32 2024' ]
MCU_DEPLOY_ON_TARGET_ARMV7_32_END
