MCU_DEPLOY_ON_TARGET_ARMV7_32_START
MLLITE_MCU_TIMER_OPERATION_START 'MLLITE.MCU_DEPLOY.CLASSIFICATION.Tikhonov_Ridge.DIGITS_SMALL' [ 'Sat Feb  3 21:09:39 2024' ]
MLLite starting
MCU_DEPLOY_CLASSIFICATION_CODE CREATE_DATASET_STEP
MCU_DEPLOY_CLASSIFICATION_CODE CREATE_MODEL_STEP
MCU_DEPLOY_CLASSIFICATION_MODEL_OPTIONS
{ "alpha" : 0.0099999998, "random_state" : 1789 }
MCU_DEPLOY_CLASSIFICATION_CODE FIT_MODEL_STEP
PROGRESS_REPORT_ELAPSED_TOTAL 'RIDGE_CLASSIFIER_FIT' 1 12
PROGRESS_REPORT_ELAPSED_TOTAL 'RIDGE_CLASSIFIER_FIT' 2 12
PROGRESS_REPORT_ELAPSED_TOTAL 'CHOLESKY_SOLVER' 1 6
PROGRESS_REPORT_ELAPSED_TOTAL 'CHOLESKY_SOLVER' 2 6
PROGRESS_REPORT_ELAPSED_TOTAL 'CHOLESKY_SOLVER' 3 6
PROGRESS_REPORT_ELAPSED_TOTAL 'CHOLESKY_SOLVER' 4 6
PROGRESS_REPORT_ELAPSED_TOTAL 'CHOLESKY_SOLVER' 5 6
PROGRESS_REPORT_ELAPSED_TOTAL 'CHOLESKY_SOLVER' 6 6
PROGRESS_REPORT_ELAPSED_TOTAL 'RIDGE_CLASSIFIER_FIT' 3 12
PROGRESS_REPORT_ELAPSED_TOTAL 'CHOLESKY_SOLVER' 1 6
PROGRESS_REPORT_ELAPSED_TOTAL 'CHOLESKY_SOLVER' 2 6
PROGRESS_REPORT_ELAPSED_TOTAL 'CHOLESKY_SOLVER' 3 6
PROGRESS_REPORT_ELAPSED_TOTAL 'CHOLESKY_SOLVER' 4 6
PROGRESS_REPORT_ELAPSED_TOTAL 'CHOLESKY_SOLVER' 5 6
PROGRESS_REPORT_ELAPSED_TOTAL 'CHOLESKY_SOLVER' 6 6
PROGRESS_REPORT_ELAPSED_TOTAL 'RIDGE_CLASSIFIER_FIT' 4 12
PROGRESS_REPORT_ELAPSED_TOTAL 'CHOLESKY_SOLVER' 1 6
PROGRESS_REPORT_ELAPSED_TOTAL 'CHOLESKY_SOLVER' 2 6
PROGRESS_REPORT_ELAPSED_TOTAL 'CHOLESKY_SOLVER' 3 6
PROGRESS_REPORT_ELAPSED_TOTAL 'CHOLESKY_SOLVER' 4 6
PROGRESS_REPORT_ELAPSED_TOTAL 'CHOLESKY_SOLVER' 5 6
PROGRESS_REPORT_ELAPSED_TOTAL 'CHOLESKY_SOLVER' 6 6
PROGRESS_REPORT_ELAPSED_TOTAL 'RIDGE_CLASSIFIER_FIT' 5 12
PROGRESS_REPORT_ELAPSED_TOTAL 'CHOLESKY_SOLVER' 1 6
PROGRESS_REPORT_ELAPSED_TOTAL 'CHOLESKY_SOLVER' 2 6
PROGRESS_REPORT_ELAPSED_TOTAL 'CHOLESKY_SOLVER' 3 6
PROGRESS_REPORT_ELAPSED_TOTAL 'CHOLESKY_SOLVER' 4 6
PROGRESS_REPORT_ELAPSED_TOTAL 'CHOLESKY_SOLVER' 5 6
PROGRESS_REPORT_ELAPSED_TOTAL 'CHOLESKY_SOLVER' 6 6
PROGRESS_REPORT_ELAPSED_TOTAL 'RIDGE_CLASSIFIER_FIT' 6 12
PROGRESS_REPORT_ELAPSED_TOTAL 'CHOLESKY_SOLVER' 1 6
PROGRESS_REPORT_ELAPSED_TOTAL 'CHOLESKY_SOLVER' 2 6
PROGRESS_REPORT_ELAPSED_TOTAL 'CHOLESKY_SOLVER' 3 6
PROGRESS_REPORT_ELAPSED_TOTAL 'CHOLESKY_SOLVER' 4 6
PROGRESS_REPORT_ELAPSED_TOTAL 'CHOLESKY_SOLVER' 5 6
PROGRESS_REPORT_ELAPSED_TOTAL 'CHOLESKY_SOLVER' 6 6
PROGRESS_REPORT_ELAPSED_TOTAL 'RIDGE_CLASSIFIER_FIT' 7 12
PROGRESS_REPORT_ELAPSED_TOTAL 'CHOLESKY_SOLVER' 1 6
PROGRESS_REPORT_ELAPSED_TOTAL 'CHOLESKY_SOLVER' 2 6
PROGRESS_REPORT_ELAPSED_TOTAL 'CHOLESKY_SOLVER' 3 6
PROGRESS_REPORT_ELAPSED_TOTAL 'CHOLESKY_SOLVER' 4 6
PROGRESS_REPORT_ELAPSED_TOTAL 'CHOLESKY_SOLVER' 5 6
PROGRESS_REPORT_ELAPSED_TOTAL 'CHOLESKY_SOLVER' 6 6
PROGRESS_REPORT_ELAPSED_TOTAL 'RIDGE_CLASSIFIER_FIT' 8 12
PROGRESS_REPORT_ELAPSED_TOTAL 'CHOLESKY_SOLVER' 1 6
PROGRESS_REPORT_ELAPSED_TOTAL 'CHOLESKY_SOLVER' 2 6
PROGRESS_REPORT_ELAPSED_TOTAL 'CHOLESKY_SOLVER' 3 6
PROGRESS_REPORT_ELAPSED_TOTAL 'CHOLESKY_SOLVER' 4 6
PROGRESS_REPORT_ELAPSED_TOTAL 'CHOLESKY_SOLVER' 5 6
PROGRESS_REPORT_ELAPSED_TOTAL 'CHOLESKY_SOLVER' 6 6
PROGRESS_REPORT_ELAPSED_TOTAL 'RIDGE_CLASSIFIER_FIT' 9 12
PROGRESS_REPORT_ELAPSED_TOTAL 'CHOLESKY_SOLVER' 1 6
PROGRESS_REPORT_ELAPSED_TOTAL 'CHOLESKY_SOLVER' 2 6
PROGRESS_REPORT_ELAPSED_TOTAL 'CHOLESKY_SOLVER' 3 6
PROGRESS_REPORT_ELAPSED_TOTAL 'CHOLESKY_SOLVER' 4 6
PROGRESS_REPORT_ELAPSED_TOTAL 'CHOLESKY_SOLVER' 5 6
PROGRESS_REPORT_ELAPSED_TOTAL 'CHOLESKY_SOLVER' 6 6
PROGRESS_REPORT_ELAPSED_TOTAL 'RIDGE_CLASSIFIER_FIT' 10 12
PROGRESS_REPORT_ELAPSED_TOTAL 'CHOLESKY_SOLVER' 1 6
PROGRESS_REPORT_ELAPSED_TOTAL 'CHOLESKY_SOLVER' 2 6
PROGRESS_REPORT_ELAPSED_TOTAL 'CHOLESKY_SOLVER' 3 6
PROGRESS_REPORT_ELAPSED_TOTAL 'CHOLESKY_SOLVER' 4 6
PROGRESS_REPORT_ELAPSED_TOTAL 'CHOLESKY_SOLVER' 5 6
PROGRESS_REPORT_ELAPSED_TOTAL 'CHOLESKY_SOLVER' 6 6
PROGRESS_REPORT_ELAPSED_TOTAL 'RIDGE_CLASSIFIER_FIT' 11 12
PROGRESS_REPORT_ELAPSED_TOTAL 'CHOLESKY_SOLVER' 1 6
PROGRESS_REPORT_ELAPSED_TOTAL 'CHOLESKY_SOLVER' 2 6
PROGRESS_REPORT_ELAPSED_TOTAL 'CHOLESKY_SOLVER' 3 6
PROGRESS_REPORT_ELAPSED_TOTAL 'CHOLESKY_SOLVER' 4 6
PROGRESS_REPORT_ELAPSED_TOTAL 'CHOLESKY_SOLVER' 5 6
PROGRESS_REPORT_ELAPSED_TOTAL 'CHOLESKY_SOLVER' 6 6
PROGRESS_REPORT_ELAPSED_TOTAL 'RIDGE_CLASSIFIER_FIT' 12 12
MCU_DEPLOY_CLASSIFICATION_CODE MODEL_JSON_EXPORT_STEP
MODEL_JSON_DUMP_START
{
	"metadata" : { "model" : "Tikhonov_Ridge", "version" : "2024-W04"},
	"options" : { "alpha" : 0.0099999998, "random_state" : 1789 },
	"dataset" : { "dataset_rows" : 64, "dataset_features" : 64 },
	"classes" : [ 0, 1, 2, 3, 4, 5, 6, 7, 8, 9 ],
	"equations" : {
		"class_0" : {
			"intercept" : -10.08836,
			"coeffs" : [ 0, 9.3714314, -2.7252805, 2.2635791, 0.58975327, 0.88405085, 0.91863394, -4.483789, -10.03616, -1.9914465, 0.78199267, -1.4988139, 1.2337508, -0.30815527, 0.34874186, 14.103223, 0, 1.4267734, 0.12633133, 0.65083385, 0.39083436, 0.98388487, 0.10270557, 12.512251, 0, 1.0610645, -0.44874594, -1.6235237, 0.12199965, -0.37540668, -1.2499667, 0, 0, -0.9441461, 1.6818458, -1.4883293, -3.3658774, 0.099051334, -0.014121607, 0, 0, 0.09059222, 0.51083279, -0.079606101, -0.20901476, -1.4883993, -2.043838, 0, -50.974419, 7.6302433, -1.8505048, 0.61062253, 1.2319613, 1.4553696, 2.1997004, -3.4111934, 0, -4.8033118, 1.5264527, 0.056016985, 0.77462077, -0.29472336, 0.21374741, 2.1001966 ]
		},
		"class_1" : {
			"intercept" : -11.049638,
			"coeffs" : [ 0, -7.25038, -0.43820527, 0.33184463, -0.3785637, 0.1110976, -0.73767632, -1.5451438, 1.8589909, 0.41503716, -0.3792924, 1.0385221, 0.44929206, 0.67318434, 0.53988099, 12.190732, 0, -0.48124799, -0.46245921, -0.81260127, -0.33328027, -0.85027498, -1.1120945, 7.7159834, 0, -0.33810127, 0.55837393, 0.957192, -0.31326362, 0.59929544, 0.34800094, 0, 0, -0.37379977, -0.030931711, -0.71264732, 1.1702282, -0.53975332, 0.26657557, 0, 0, 0.36028117, -0.37199554, 0.19049308, -0.053703271, 0.3182593, 0.43668365, 0, -0.59646177, -1.2640548, 0.45871034, -0.37215424, 0.28569925, -0.10157912, -0.50362206, 0.94870067, 0, 3.8060045, 0.64773583, -0.34065089, -0.30956486, 0.26414162, -0.14779207, -0.47711265 ]
		},
		"class_2" : {
			"intercept" : 47.987904,
			"coeffs" : [ 0, 20.625895, 1.1956394, -0.68031245, -0.82325321, 0.8613655, 0.84906477, -8.3988485, -11.023853, -2.1076961, 0.1903221, -0.81470841, -3.6444166, -1.8044405, -0.52395308, 8.3198681, 0, 1.4632499, 0.85386652, -1.2775471, 2.8157473, 2.0766776, 2.21978, -22.211807, 0, 1.3523132, -1.3048623, -0.81430256, 0.58903652, -2.5302556, 0.069096595, 0, 0, 1.3814465, 0.17860414, 0.003677316, -1.8845332, 0.68329376, 0.47149977, 0, 0, -0.091847301, 0.49398476, 0.87562752, -0.14787951, -3.0538371, -3.0023108, 0, 6.096034, 4.1726451, -1.529464, 0.42575881, 1.5646346, 2.9363465, 2.5992427, -5.9064837, 0, -20.093092, -2.0850015, 1.0420657, 0.015778018, -0.27288175, 1.8621989, -1.0594968 ]
		},
		"class_3" : {
			"intercept" : 12.626526,
			"coeffs" : [ 0, 8.4797516, 1.4080138, 0.0287272, 0.045540132, 0.13195446, -0.74665058, -1.2878202, -1.5470123, -0.011867726, 1.3013901, 0.73594964, -2.478189, -0.42284682, 0.74907297, 7.2422867, 0, -0.48346481, -1.52017, -0.10991628, 1.0522568, 0.37765494, -0.84828722, 15.922336, 0, 0.34915489, 0.36183438, 0.63560146, -0.61093426, -0.39676267, 0.63469195, 0, 0, 0.078392051, -0.68985349, -0.034885988, 0.52111083, -0.4068999, 0.86719209, 0, 0, -0.64098138, 0.61597145, -0.1138713, 0.18665279, -0.068860345, 0.32455683, 0, 25.08839, -1.9114803, 0.31670034, -0.095986441, -0.16068111, 0.53358942, -0.30450287, -0.30452219, 0, -3.0603659, -2.1947143, 0.0024892967, -0.53301132, -0.076101914, -0.0043003447, -0.63913304 ]
		},
		"class_4" : {
			"intercept" : -71.291656,
			"coeffs" : [ 0, -39.739956, -3.062012, -1.021418, 0.15032376, -0.99740875, -1.072063, 2.7794323, 36.477291, 1.9578149, -3.7216835, 1.1718587, 7.4485354, 2.9809506, -0.12014727, 18.055674, 0, 0.22530809, 0.90479398, 1.3619528, -4.4262724, -3.9747028, -1.0508856, 0.13107505, 0, -2.8181362, -0.19624445, -1.1961019, 0.95850784, 3.5050099, -1.1831856, 0, 0, 0.11936809, 0.5909369, -0.35532781, 3.6645124, -1.0146126, -1.1190118, 0, 0, -0.49355134, -2.5366848, -0.56865782, -0.47439128, 5.4516711, 4.1696301, 0, -16.939768, -5.039741, 2.4759023, -0.89239407, -0.73212379, -5.0879197, -3.8761246, 9.7721033, 0, 20.584995, 7.215785, -0.55815583, 1.5040807, 0.4890736, -1.4437832, -0.078259796 ]
		},
		"class_5" : {
			"intercept" : 29.539244,
			"coeffs" : [ 0, 15.825122, 2.9926279, 0.35187078, -0.87110376, 0.37821889, -0.1962212, -4.9021063, -21.823654, 0.97872543, 2.2274728, 0.079944082, -3.1188171, -0.9307813, 0.013696257, 21.519073, 0, -2.0650189, -1.3634692, -0.77394831, 1.7528261, 1.1104939, -0.94732326, -1.8584385, 0, 1.5767639, 2.3015845, 1.3303787, -1.34642, -0.93514264, 1.5941865, 0, 0, -1.8086889, -1.1466384, 0.45830324, 0.30361554, 0.49505752, 0.72038323, 0, 0, -0.070576027, 1.3121696, 0.39270785, 0.5875873, -1.9076484, -0.19221801, 0, 21.806242, -0.65756518, 0.084809668, -0.47329691, -0.59285825, 1.1262211, -0.45673993, -0.70497251, 0, -4.3803673, -5.3985415, -0.63990688, -0.7694729, -0.18343729, 0.5364356, -0.93904793 ]
		},
		"class_6" : {
			"intercept" : -46.343128,
			"coeffs" : [ 0, -26.304367, -2.5810931, -0.046735879, 0.082079329, -0.49757236, -0.47895497, -0.084418595, 23.548353, 0.80566353, -2.8775704, 0.88314968, 4.619823, 2.2660589, -0.029982463, 17.482916, 0, 0.55771732, 1.6087885, 0.35943508, -2.906085, -2.506659, -0.31243122, -4.7820573, 0, -1.7672727, -0.93610132, -0.3016403, 0.89094609, 1.8138777, -0.64247364, 0, 0, 0.48609728, 0.77128273, -0.44273096, 1.8613864, -0.59009635, -1.3209491, 0, 0, 1.2088326, -1.9014173, -0.3288132, -0.73547405, 2.4369798, 1.707472, 0, -26.492058, -1.5288805, 0.7222681, -0.38122171, 0.26515639, -2.1706822, -0.76428294, 3.2191513, 0, 14.206361, 5.0436063, -0.2872825, 0.2892184, 0.52137369, -1.084734, 0.37860531 ]
		},
		"class_7" : {
			"intercept" : -22.230238,
			"coeffs" : [ 0, -13.980554, -0.54180604, -0.47258958, 0.91025931, -1.0919389, -0.02230376, 30.977983, 22.538427, 0.69088948, -1.0229522, -0.11737707, 2.1611571, 1.0814717, -0.22303516, -138.80199, 0, 0.2722055, 0.6465469, 1.6970414, -2.0047808, -1.0472852, 0.4830941, -0.59801513, 0, -1.1807626, -1.1838144, -0.69711661, 0.75354069, 1.0087302, -0.82286865, 0, 0, 1.1144513, 0.2984564, 0.54696494, 1.3234266, -0.19135876, -0.72405159, 0, 0, -0.19033061, -0.80279243, -0.87139064, -0.063511066, 2.236804, 1.6580741, 0, 2.2054944, -2.7207332, 0.78925467, 0.08757364, -1.1825714, -2.3196256, -1.0967091, 3.5987463, 0, 9.6752329, 2.4593608, 0.10202275, 0.029336806, 0.20093979, -1.1855718, 0.56041527 ]
		},
		"class_8" : {
			"intercept" : 17.021862,
			"coeffs" : [ 0, 2.5797908, 2.1976426, -1.2305375, -0.22539426, -0.15855196, -1.3138857, -2.6214869, -0.72800028, 0.83070457, 1.477149, 0.66162008, -2.9184022, -0.54305702, 0.56904173, 21.975136, 0, -1.060236, -1.1070596, -0.049267165, 0.77355444, -0.098992124, -1.0567887, 16.745287, 0, -0.85950392, 0.71722072, 1.3204412, -1.0634257, -0.19441071, 1.3937697, 0, 0, 0.96152872, -1.669274, 0.78253049, 2.1248627, -1.1513292, 1.4663618, 0, 0, -1.2958447, 0.34280357, 0.15700114, 0.47308224, 1.0186437, 1.1618481, 0, 48.852367, -5.5169902, 1.2221808, -0.47351727, -1.0710295, -0.37203926, -1.4723681, 1.8512889, 0, 0.17684515, -2.134753, 0.21022344, -0.69982249, 0.35310242, -0.67160529, -1.2665709 ]
		},
		"class_9" : {
			"intercept" : 45.8274,
			"coeffs" : [ 0, 30.393269, 1.5544722, 0.4755705, 0.52035916, 0.37878433, 2.8000562, -10.433797, -39.264359, -1.5678252, 2.0231707, -2.1401434, -3.7527277, -2.9923851, -1.3233145, 17.913036, 0, 0.14471269, 0.3128303, -1.0459832, 2.8852, 3.9292033, 2.5222306, -23.57662, 0, 2.6244812, 0.13075586, 0.38907146, 0.020012688, -2.4949346, -0.14125094, 0, 0, -1.0146487, 0.015571754, 1.2424455, -5.7187328, 2.616648, -0.61387801, 0, 0, 1.1234257, 2.3371284, 0.34650981, 0.43665168, -4.9436111, -4.2198977, 0, -9.0457973, 6.8365536, -2.6898572, 1.564616, 0.39181277, 4.0003181, 3.6754072, -9.0628223, 0, -16.112305, -5.0799308, 0.41317779, -0.30116355, -1.0014867, 1.9254043, 1.4204037 ]
		}
	}
}
MODEL_JSON_DUMP_END
MCU_DEPLOY_CLASSIFICATION_CODE MODEL_PREDICT_STEP
MLLITE_AUTO_DEPLOY_DIGITS_SMALL_APPLY_OUTPUT_CLASS  [ 2, 2, 7, 9, 4,  ... , 4, 8, 8, 0, 4 ]
MCU_DEPLOY_CLASSIFICATION_CODE MODEL_PREDICT_PROBA_STEP
MLLITE_AUTO_DEPLOY_DIGITS_SMALL_APPLY_OUTPUT_PROBA 0 [ 4.1092033e-11, 5.6756788e-05, 0.99992275, 3.5414092e-07, 1.2818814e-08, 1.7011413e-08, 1.2706869e-05, 8.5121893e-10, 8.4793995e-12, 7.7919995e-06 ]
MLLITE_AUTO_DEPLOY_DIGITS_SMALL_APPLY_OUTPUT_PROBA 1 [ 6.5462207e-36, 2.0092909e-20, 0.99947369, 6.474577e-12, 0, 1.2886592e-05, 6.2119561e-42, 7.4151811e-36, 0.00051327859, 8.1376766e-14 ]
MLLITE_AUTO_DEPLOY_DIGITS_SMALL_APPLY_OUTPUT_PROBA 2 [ 1.2860017e-10, 0.00025529147, 6.5643158e-09, 7.1060073e-09, 0.003518169, 5.6484099e-05, 0.075813763, 0.92035449, 1.3175247e-06, 3.4737052e-08 ]
MLLITE_AUTO_DEPLOY_DIGITS_SMALL_APPLY_OUTPUT_PROBA 3 [ 0.0028585058, 2.6513546e-23, 1.2243375e-12, 1.2010599e-23, 1.0757716e-26, 7.1964423e-23, 1.3564201e-20, 1.4650988e-17, 6.0268484e-27, 0.99714309 ]
MLLITE_AUTO_DEPLOY_DIGITS_SMALL_APPLY_OUTPUT_PROBA 4 [ 9.7886961e-09, 1.0790263e-08, 4.7867327e-10, 6.6844391e-11, 0.97781366, 2.2853955e-13, 0.0067340285, 0.015452229, 2.9943426e-09, 2.9987202e-13 ]
...
MLLITE_AUTO_DEPLOY_DIGITS_SMALL_APPLY_OUTPUT_PROBA 59 [ 1.1151273e-34, 2.1550565e-18, 3.4143717e-29, 1.4802833e-25, 1, 6.4606934e-25, 1.0292679e-13, 8.779817e-21, 6.0638539e-22, 1.8519953e-39 ]
MLLITE_AUTO_DEPLOY_DIGITS_SMALL_APPLY_OUTPUT_PROBA 60 [ 4.6620845e-12, 1.9343388e-05, 2.2815021e-09, 0.0030289954, 2.899584e-08, 3.4243185e-06, 0.00011478151, 0.00029318451, 0.99654037, 5.8909769e-12 ]
MLLITE_AUTO_DEPLOY_DIGITS_SMALL_APPLY_OUTPUT_PROBA 61 [ 6.2853048e-16, 3.9479874e-06, 5.3843149e-07, 6.2224128e-05, 3.8112644e-06, 0.33214226, 2.6117945e-05, 0.012939967, 0.65480924, 1.1948285e-05 ]
MLLITE_AUTO_DEPLOY_DIGITS_SMALL_APPLY_OUTPUT_PROBA 62 [ 0.95993495, 2.1080775e-09, 0.00056503876, 5.762908e-07, 3.7597265e-12, 8.8844947e-14, 1.2211657e-08, 0.031461399, 2.9248992e-10, 0.0080381222 ]
MLLITE_AUTO_DEPLOY_DIGITS_SMALL_APPLY_OUTPUT_PROBA 63 [ 0, 4.2003578e-29, 0, 6.2694811e-37, 1, 3.848409e-38, 5.9614009e-14, 1.110585e-19, 1.2486655e-32, 0 ]
MCU_DEPLOY_CLASSIFICATION_CODE MODEL_COMPUTE_PERF_STEP
MLLITE_AUTO_DEPLOY_DIGITS_SMALL_CLASS_PERFS { "count" : 64, "precision" : 0.34375,  "AUC" : [ 0.94252872, 0.59661019, 0.77916664, 0.93442625, 0.76441103, 0.43434343, 0.6065163, 0.71264368, 0.83232325, 0.77678573 ] }
This will be printed
MCU_DEPLOY_CLASSIFICATION_CODE ALL_STEPS_OK
MCU_DEPLOY_CLASSIFICATION_CODE done
MLLITE_MCU_TIMER_OPERATION_ELAPSED_SECONDS 'MLLITE.MCU_DEPLOY.CLASSIFICATION.Tikhonov_Ridge.DIGITS_SMALL' 0
MLLITE_MCU_TIMER_OPERATION_END 'MLLITE.MCU_DEPLOY.CLASSIFICATION.Tikhonov_Ridge.DIGITS_SMALL' [ 'Sat Feb  3 21:09:39 2024' ]
MCU_DEPLOY_ON_TARGET_ARMV7_32_END
