MCU_DEPLOY_ON_TARGET_ARMV7_32_START
MLLITE_MCU_TIMER_OPERATION_START 'MLLITE.MCU_DEPLOY.CLASSIFICATION.Ho_RandomForest.BREASTCANCER_SMALL' [ 'Tue Jan 30 11:36:29 2024' ]
MLLite starting
MCU_DEPLOY_CLASSIFICATION_CODE CREATE_DATASET_STEP
MCU_DEPLOY_CLASSIFICATION_CODE CREATE_MODEL_STEP
MCU_DEPLOY_CLASSIFICATION_MODEL_OPTIONS
{ "n_estimators" : 32, "max_samples" : 32, "random_state" : 1789,  "ccp_alpha" : 0, "criterion" : "", "max_depth" : 6, "max_features" : null, "max_leaf_nodes" : 32, "min_impurity_decrease" : 0, "min_samples_leaf" : 1, "min_samples_split" : 2, "min_weight_fraction_leaf" : 0.050000001, "random_state" : 1789, "splitter" : "best" }
MCU_DEPLOY_CLASSIFICATION_CODE FIT_MODEL_STEP
PROGRESS_REPORT_ELAPSED_TOTAL 'RANDOM_FOREST_CLASSIFIER_FIT' 0 32
PROGRESS_REPORT_ELAPSED_TOTAL 'DECISION_TREE_CLASSIFIER_FIT' 1 4
PROGRESS_REPORT_ELAPSED_TOTAL 'DECISION_TREE_BEST_FIRST_BUILDER' 0 6
PROGRESS_REPORT_ELAPSED_TOTAL 'DECISION_TREE_BEST_FIRST_BUILDER' 2 6
PROGRESS_REPORT_ELAPSED_TOTAL 'DECISION_TREE_BEST_FIRST_BUILDER' 6 6
PROGRESS_REPORT_ELAPSED_TOTAL 'DECISION_TREE_CLASSIFIER_FIT' 2 4
PROGRESS_REPORT_ELAPSED_TOTAL 'DECISION_TREE_CLASSIFIER_FIT' 3 4
PROGRESS_REPORT_ELAPSED_TOTAL 'DECISION_TREE_CLASSIFIER_FIT' 4 4
PROGRESS_REPORT_ELAPSED_TOTAL 'RANDOM_FOREST_CLASSIFIER_FIT' 1 32
PROGRESS_REPORT_ELAPSED_TOTAL 'DECISION_TREE_CLASSIFIER_FIT' 1 4
PROGRESS_REPORT_ELAPSED_TOTAL 'DECISION_TREE_BEST_FIRST_BUILDER' 0 6
PROGRESS_REPORT_ELAPSED_TOTAL 'DECISION_TREE_BEST_FIRST_BUILDER' 2 6
PROGRESS_REPORT_ELAPSED_TOTAL 'DECISION_TREE_BEST_FIRST_BUILDER' 6 6
PROGRESS_REPORT_ELAPSED_TOTAL 'DECISION_TREE_CLASSIFIER_FIT' 2 4
PROGRESS_REPORT_ELAPSED_TOTAL 'DECISION_TREE_CLASSIFIER_FIT' 3 4
PROGRESS_REPORT_ELAPSED_TOTAL 'DECISION_TREE_CLASSIFIER_FIT' 4 4
PROGRESS_REPORT_ELAPSED_TOTAL 'RANDOM_FOREST_CLASSIFIER_FIT' 2 32
PROGRESS_REPORT_ELAPSED_TOTAL 'DECISION_TREE_CLASSIFIER_FIT' 1 4
PROGRESS_REPORT_ELAPSED_TOTAL 'DECISION_TREE_BEST_FIRST_BUILDER' 0 6
PROGRESS_REPORT_ELAPSED_TOTAL 'DECISION_TREE_BEST_FIRST_BUILDER' 2 6
PROGRESS_REPORT_ELAPSED_TOTAL 'DECISION_TREE_BEST_FIRST_BUILDER' 6 6
PROGRESS_REPORT_ELAPSED_TOTAL 'DECISION_TREE_CLASSIFIER_FIT' 2 4
PROGRESS_REPORT_ELAPSED_TOTAL 'DECISION_TREE_CLASSIFIER_FIT' 3 4
PROGRESS_REPORT_ELAPSED_TOTAL 'DECISION_TREE_CLASSIFIER_FIT' 4 4
PROGRESS_REPORT_ELAPSED_TOTAL 'RANDOM_FOREST_CLASSIFIER_FIT' 3 32
PROGRESS_REPORT_ELAPSED_TOTAL 'DECISION_TREE_CLASSIFIER_FIT' 1 4
PROGRESS_REPORT_ELAPSED_TOTAL 'DECISION_TREE_BEST_FIRST_BUILDER' 0 6
PROGRESS_REPORT_ELAPSED_TOTAL 'DECISION_TREE_BEST_FIRST_BUILDER' 6 6
PROGRESS_REPORT_ELAPSED_TOTAL 'DECISION_TREE_CLASSIFIER_FIT' 2 4
PROGRESS_REPORT_ELAPSED_TOTAL 'DECISION_TREE_CLASSIFIER_FIT' 3 4
PROGRESS_REPORT_ELAPSED_TOTAL 'DECISION_TREE_CLASSIFIER_FIT' 4 4
PROGRESS_REPORT_ELAPSED_TOTAL 'RANDOM_FOREST_CLASSIFIER_FIT' 4 32
PROGRESS_REPORT_ELAPSED_TOTAL 'DECISION_TREE_CLASSIFIER_FIT' 1 4
PROGRESS_REPORT_ELAPSED_TOTAL 'DECISION_TREE_BEST_FIRST_BUILDER' 0 6
PROGRESS_REPORT_ELAPSED_TOTAL 'DECISION_TREE_BEST_FIRST_BUILDER' 2 6
PROGRESS_REPORT_ELAPSED_TOTAL 'DECISION_TREE_BEST_FIRST_BUILDER' 3 6
PROGRESS_REPORT_ELAPSED_TOTAL 'DECISION_TREE_BEST_FIRST_BUILDER' 6 6
PROGRESS_REPORT_ELAPSED_TOTAL 'DECISION_TREE_CLASSIFIER_FIT' 2 4
PROGRESS_REPORT_ELAPSED_TOTAL 'DECISION_TREE_CLASSIFIER_FIT' 3 4
PROGRESS_REPORT_ELAPSED_TOTAL 'DECISION_TREE_CLASSIFIER_FIT' 4 4
PROGRESS_REPORT_ELAPSED_TOTAL 'RANDOM_FOREST_CLASSIFIER_FIT' 5 32
PROGRESS_REPORT_ELAPSED_TOTAL 'DECISION_TREE_CLASSIFIER_FIT' 1 4
PROGRESS_REPORT_ELAPSED_TOTAL 'DECISION_TREE_BEST_FIRST_BUILDER' 0 6
PROGRESS_REPORT_ELAPSED_TOTAL 'DECISION_TREE_BEST_FIRST_BUILDER' 6 6
PROGRESS_REPORT_ELAPSED_TOTAL 'DECISION_TREE_CLASSIFIER_FIT' 2 4
PROGRESS_REPORT_ELAPSED_TOTAL 'DECISION_TREE_CLASSIFIER_FIT' 3 4
PROGRESS_REPORT_ELAPSED_TOTAL 'DECISION_TREE_CLASSIFIER_FIT' 4 4
PROGRESS_REPORT_ELAPSED_TOTAL 'RANDOM_FOREST_CLASSIFIER_FIT' 6 32
PROGRESS_REPORT_ELAPSED_TOTAL 'DECISION_TREE_CLASSIFIER_FIT' 1 4
PROGRESS_REPORT_ELAPSED_TOTAL 'DECISION_TREE_BEST_FIRST_BUILDER' 0 6
PROGRESS_REPORT_ELAPSED_TOTAL 'DECISION_TREE_BEST_FIRST_BUILDER' 6 6
PROGRESS_REPORT_ELAPSED_TOTAL 'DECISION_TREE_CLASSIFIER_FIT' 2 4
PROGRESS_REPORT_ELAPSED_TOTAL 'DECISION_TREE_CLASSIFIER_FIT' 3 4
PROGRESS_REPORT_ELAPSED_TOTAL 'DECISION_TREE_CLASSIFIER_FIT' 4 4
PROGRESS_REPORT_ELAPSED_TOTAL 'RANDOM_FOREST_CLASSIFIER_FIT' 7 32
PROGRESS_REPORT_ELAPSED_TOTAL 'DECISION_TREE_CLASSIFIER_FIT' 1 4
PROGRESS_REPORT_ELAPSED_TOTAL 'DECISION_TREE_BEST_FIRST_BUILDER' 0 6
PROGRESS_REPORT_ELAPSED_TOTAL 'DECISION_TREE_BEST_FIRST_BUILDER' 2 6
PROGRESS_REPORT_ELAPSED_TOTAL 'DECISION_TREE_BEST_FIRST_BUILDER' 6 6
PROGRESS_REPORT_ELAPSED_TOTAL 'DECISION_TREE_CLASSIFIER_FIT' 2 4
PROGRESS_REPORT_ELAPSED_TOTAL 'DECISION_TREE_CLASSIFIER_FIT' 3 4
PROGRESS_REPORT_ELAPSED_TOTAL 'DECISION_TREE_CLASSIFIER_FIT' 4 4
PROGRESS_REPORT_ELAPSED_TOTAL 'RANDOM_FOREST_CLASSIFIER_FIT' 8 32
PROGRESS_REPORT_ELAPSED_TOTAL 'DECISION_TREE_CLASSIFIER_FIT' 1 4
PROGRESS_REPORT_ELAPSED_TOTAL 'DECISION_TREE_BEST_FIRST_BUILDER' 0 6
PROGRESS_REPORT_ELAPSED_TOTAL 'DECISION_TREE_BEST_FIRST_BUILDER' 6 6
PROGRESS_REPORT_ELAPSED_TOTAL 'DECISION_TREE_CLASSIFIER_FIT' 2 4
PROGRESS_REPORT_ELAPSED_TOTAL 'DECISION_TREE_CLASSIFIER_FIT' 3 4
PROGRESS_REPORT_ELAPSED_TOTAL 'DECISION_TREE_CLASSIFIER_FIT' 4 4
PROGRESS_REPORT_ELAPSED_TOTAL 'RANDOM_FOREST_CLASSIFIER_FIT' 9 32
PROGRESS_REPORT_ELAPSED_TOTAL 'DECISION_TREE_CLASSIFIER_FIT' 1 4
PROGRESS_REPORT_ELAPSED_TOTAL 'DECISION_TREE_BEST_FIRST_BUILDER' 0 6
PROGRESS_REPORT_ELAPSED_TOTAL 'DECISION_TREE_BEST_FIRST_BUILDER' 6 6
PROGRESS_REPORT_ELAPSED_TOTAL 'DECISION_TREE_CLASSIFIER_FIT' 2 4
PROGRESS_REPORT_ELAPSED_TOTAL 'DECISION_TREE_CLASSIFIER_FIT' 3 4
PROGRESS_REPORT_ELAPSED_TOTAL 'DECISION_TREE_CLASSIFIER_FIT' 4 4
PROGRESS_REPORT_ELAPSED_TOTAL 'RANDOM_FOREST_CLASSIFIER_FIT' 10 32
PROGRESS_REPORT_ELAPSED_TOTAL 'DECISION_TREE_CLASSIFIER_FIT' 1 4
PROGRESS_REPORT_ELAPSED_TOTAL 'DECISION_TREE_BEST_FIRST_BUILDER' 0 6
PROGRESS_REPORT_ELAPSED_TOTAL 'DECISION_TREE_BEST_FIRST_BUILDER' 6 6
PROGRESS_REPORT_ELAPSED_TOTAL 'DECISION_TREE_CLASSIFIER_FIT' 2 4
PROGRESS_REPORT_ELAPSED_TOTAL 'DECISION_TREE_CLASSIFIER_FIT' 3 4
PROGRESS_REPORT_ELAPSED_TOTAL 'DECISION_TREE_CLASSIFIER_FIT' 4 4
PROGRESS_REPORT_ELAPSED_TOTAL 'RANDOM_FOREST_CLASSIFIER_FIT' 11 32
PROGRESS_REPORT_ELAPSED_TOTAL 'DECISION_TREE_CLASSIFIER_FIT' 1 4
PROGRESS_REPORT_ELAPSED_TOTAL 'DECISION_TREE_BEST_FIRST_BUILDER' 0 6
PROGRESS_REPORT_ELAPSED_TOTAL 'DECISION_TREE_BEST_FIRST_BUILDER' 2 6
PROGRESS_REPORT_ELAPSED_TOTAL 'DECISION_TREE_BEST_FIRST_BUILDER' 6 6
PROGRESS_REPORT_ELAPSED_TOTAL 'DECISION_TREE_CLASSIFIER_FIT' 2 4
PROGRESS_REPORT_ELAPSED_TOTAL 'DECISION_TREE_CLASSIFIER_FIT' 3 4
PROGRESS_REPORT_ELAPSED_TOTAL 'DECISION_TREE_CLASSIFIER_FIT' 4 4
PROGRESS_REPORT_ELAPSED_TOTAL 'RANDOM_FOREST_CLASSIFIER_FIT' 12 32
PROGRESS_REPORT_ELAPSED_TOTAL 'DECISION_TREE_CLASSIFIER_FIT' 1 4
PROGRESS_REPORT_ELAPSED_TOTAL 'DECISION_TREE_BEST_FIRST_BUILDER' 0 6
PROGRESS_REPORT_ELAPSED_TOTAL 'DECISION_TREE_BEST_FIRST_BUILDER' 2 6
PROGRESS_REPORT_ELAPSED_TOTAL 'DECISION_TREE_BEST_FIRST_BUILDER' 6 6
PROGRESS_REPORT_ELAPSED_TOTAL 'DECISION_TREE_CLASSIFIER_FIT' 2 4
PROGRESS_REPORT_ELAPSED_TOTAL 'DECISION_TREE_CLASSIFIER_FIT' 3 4
PROGRESS_REPORT_ELAPSED_TOTAL 'DECISION_TREE_CLASSIFIER_FIT' 4 4
PROGRESS_REPORT_ELAPSED_TOTAL 'RANDOM_FOREST_CLASSIFIER_FIT' 13 32
PROGRESS_REPORT_ELAPSED_TOTAL 'DECISION_TREE_CLASSIFIER_FIT' 1 4
PROGRESS_REPORT_ELAPSED_TOTAL 'DECISION_TREE_BEST_FIRST_BUILDER' 0 6
PROGRESS_REPORT_ELAPSED_TOTAL 'DECISION_TREE_BEST_FIRST_BUILDER' 2 6
PROGRESS_REPORT_ELAPSED_TOTAL 'DECISION_TREE_BEST_FIRST_BUILDER' 6 6
PROGRESS_REPORT_ELAPSED_TOTAL 'DECISION_TREE_CLASSIFIER_FIT' 2 4
PROGRESS_REPORT_ELAPSED_TOTAL 'DECISION_TREE_CLASSIFIER_FIT' 3 4
PROGRESS_REPORT_ELAPSED_TOTAL 'DECISION_TREE_CLASSIFIER_FIT' 4 4
PROGRESS_REPORT_ELAPSED_TOTAL 'RANDOM_FOREST_CLASSIFIER_FIT' 14 32
PROGRESS_REPORT_ELAPSED_TOTAL 'DECISION_TREE_CLASSIFIER_FIT' 1 4
PROGRESS_REPORT_ELAPSED_TOTAL 'DECISION_TREE_BEST_FIRST_BUILDER' 0 6
PROGRESS_REPORT_ELAPSED_TOTAL 'DECISION_TREE_BEST_FIRST_BUILDER' 2 6
PROGRESS_REPORT_ELAPSED_TOTAL 'DECISION_TREE_BEST_FIRST_BUILDER' 6 6
PROGRESS_REPORT_ELAPSED_TOTAL 'DECISION_TREE_CLASSIFIER_FIT' 2 4
PROGRESS_REPORT_ELAPSED_TOTAL 'DECISION_TREE_CLASSIFIER_FIT' 3 4
PROGRESS_REPORT_ELAPSED_TOTAL 'DECISION_TREE_CLASSIFIER_FIT' 4 4
PROGRESS_REPORT_ELAPSED_TOTAL 'RANDOM_FOREST_CLASSIFIER_FIT' 15 32
PROGRESS_REPORT_ELAPSED_TOTAL 'DECISION_TREE_CLASSIFIER_FIT' 1 4
PROGRESS_REPORT_ELAPSED_TOTAL 'DECISION_TREE_BEST_FIRST_BUILDER' 0 6
PROGRESS_REPORT_ELAPSED_TOTAL 'DECISION_TREE_BEST_FIRST_BUILDER' 2 6
PROGRESS_REPORT_ELAPSED_TOTAL 'DECISION_TREE_BEST_FIRST_BUILDER' 3 6
PROGRESS_REPORT_ELAPSED_TOTAL 'DECISION_TREE_BEST_FIRST_BUILDER' 6 6
PROGRESS_REPORT_ELAPSED_TOTAL 'DECISION_TREE_CLASSIFIER_FIT' 2 4
PROGRESS_REPORT_ELAPSED_TOTAL 'DECISION_TREE_CLASSIFIER_FIT' 3 4
PROGRESS_REPORT_ELAPSED_TOTAL 'DECISION_TREE_CLASSIFIER_FIT' 4 4
PROGRESS_REPORT_ELAPSED_TOTAL 'RANDOM_FOREST_CLASSIFIER_FIT' 16 32
PROGRESS_REPORT_ELAPSED_TOTAL 'DECISION_TREE_CLASSIFIER_FIT' 1 4
PROGRESS_REPORT_ELAPSED_TOTAL 'DECISION_TREE_BEST_FIRST_BUILDER' 0 6
PROGRESS_REPORT_ELAPSED_TOTAL 'DECISION_TREE_BEST_FIRST_BUILDER' 2 6
PROGRESS_REPORT_ELAPSED_TOTAL 'DECISION_TREE_BEST_FIRST_BUILDER' 6 6
PROGRESS_REPORT_ELAPSED_TOTAL 'DECISION_TREE_CLASSIFIER_FIT' 2 4
PROGRESS_REPORT_ELAPSED_TOTAL 'DECISION_TREE_CLASSIFIER_FIT' 3 4
PROGRESS_REPORT_ELAPSED_TOTAL 'DECISION_TREE_CLASSIFIER_FIT' 4 4
PROGRESS_REPORT_ELAPSED_TOTAL 'RANDOM_FOREST_CLASSIFIER_FIT' 17 32
PROGRESS_REPORT_ELAPSED_TOTAL 'DECISION_TREE_CLASSIFIER_FIT' 1 4
PROGRESS_REPORT_ELAPSED_TOTAL 'DECISION_TREE_BEST_FIRST_BUILDER' 0 6
PROGRESS_REPORT_ELAPSED_TOTAL 'DECISION_TREE_BEST_FIRST_BUILDER' 2 6
PROGRESS_REPORT_ELAPSED_TOTAL 'DECISION_TREE_BEST_FIRST_BUILDER' 6 6
PROGRESS_REPORT_ELAPSED_TOTAL 'DECISION_TREE_CLASSIFIER_FIT' 2 4
PROGRESS_REPORT_ELAPSED_TOTAL 'DECISION_TREE_CLASSIFIER_FIT' 3 4
PROGRESS_REPORT_ELAPSED_TOTAL 'DECISION_TREE_CLASSIFIER_FIT' 4 4
PROGRESS_REPORT_ELAPSED_TOTAL 'RANDOM_FOREST_CLASSIFIER_FIT' 18 32
PROGRESS_REPORT_ELAPSED_TOTAL 'DECISION_TREE_CLASSIFIER_FIT' 1 4
PROGRESS_REPORT_ELAPSED_TOTAL 'DECISION_TREE_BEST_FIRST_BUILDER' 0 6
PROGRESS_REPORT_ELAPSED_TOTAL 'DECISION_TREE_BEST_FIRST_BUILDER' 2 6
PROGRESS_REPORT_ELAPSED_TOTAL 'DECISION_TREE_BEST_FIRST_BUILDER' 6 6
PROGRESS_REPORT_ELAPSED_TOTAL 'DECISION_TREE_CLASSIFIER_FIT' 2 4
PROGRESS_REPORT_ELAPSED_TOTAL 'DECISION_TREE_CLASSIFIER_FIT' 3 4
PROGRESS_REPORT_ELAPSED_TOTAL 'DECISION_TREE_CLASSIFIER_FIT' 4 4
PROGRESS_REPORT_ELAPSED_TOTAL 'RANDOM_FOREST_CLASSIFIER_FIT' 19 32
PROGRESS_REPORT_ELAPSED_TOTAL 'DECISION_TREE_CLASSIFIER_FIT' 1 4
PROGRESS_REPORT_ELAPSED_TOTAL 'DECISION_TREE_BEST_FIRST_BUILDER' 0 6
PROGRESS_REPORT_ELAPSED_TOTAL 'DECISION_TREE_BEST_FIRST_BUILDER' 2 6
PROGRESS_REPORT_ELAPSED_TOTAL 'DECISION_TREE_BEST_FIRST_BUILDER' 6 6
PROGRESS_REPORT_ELAPSED_TOTAL 'DECISION_TREE_CLASSIFIER_FIT' 2 4
PROGRESS_REPORT_ELAPSED_TOTAL 'DECISION_TREE_CLASSIFIER_FIT' 3 4
PROGRESS_REPORT_ELAPSED_TOTAL 'DECISION_TREE_CLASSIFIER_FIT' 4 4
PROGRESS_REPORT_ELAPSED_TOTAL 'RANDOM_FOREST_CLASSIFIER_FIT' 20 32
PROGRESS_REPORT_ELAPSED_TOTAL 'DECISION_TREE_CLASSIFIER_FIT' 1 4
PROGRESS_REPORT_ELAPSED_TOTAL 'DECISION_TREE_BEST_FIRST_BUILDER' 0 6
PROGRESS_REPORT_ELAPSED_TOTAL 'DECISION_TREE_BEST_FIRST_BUILDER' 2 6
PROGRESS_REPORT_ELAPSED_TOTAL 'DECISION_TREE_BEST_FIRST_BUILDER' 6 6
PROGRESS_REPORT_ELAPSED_TOTAL 'DECISION_TREE_CLASSIFIER_FIT' 2 4
PROGRESS_REPORT_ELAPSED_TOTAL 'DECISION_TREE_CLASSIFIER_FIT' 3 4
PROGRESS_REPORT_ELAPSED_TOTAL 'DECISION_TREE_CLASSIFIER_FIT' 4 4
PROGRESS_REPORT_ELAPSED_TOTAL 'RANDOM_FOREST_CLASSIFIER_FIT' 21 32
PROGRESS_REPORT_ELAPSED_TOTAL 'DECISION_TREE_CLASSIFIER_FIT' 1 4
PROGRESS_REPORT_ELAPSED_TOTAL 'DECISION_TREE_BEST_FIRST_BUILDER' 0 6
PROGRESS_REPORT_ELAPSED_TOTAL 'DECISION_TREE_BEST_FIRST_BUILDER' 2 6
PROGRESS_REPORT_ELAPSED_TOTAL 'DECISION_TREE_BEST_FIRST_BUILDER' 6 6
PROGRESS_REPORT_ELAPSED_TOTAL 'DECISION_TREE_CLASSIFIER_FIT' 2 4
PROGRESS_REPORT_ELAPSED_TOTAL 'DECISION_TREE_CLASSIFIER_FIT' 3 4
PROGRESS_REPORT_ELAPSED_TOTAL 'DECISION_TREE_CLASSIFIER_FIT' 4 4
PROGRESS_REPORT_ELAPSED_TOTAL 'RANDOM_FOREST_CLASSIFIER_FIT' 22 32
PROGRESS_REPORT_ELAPSED_TOTAL 'DECISION_TREE_CLASSIFIER_FIT' 1 4
PROGRESS_REPORT_ELAPSED_TOTAL 'DECISION_TREE_BEST_FIRST_BUILDER' 0 6
PROGRESS_REPORT_ELAPSED_TOTAL 'DECISION_TREE_BEST_FIRST_BUILDER' 2 6
PROGRESS_REPORT_ELAPSED_TOTAL 'DECISION_TREE_BEST_FIRST_BUILDER' 3 6
PROGRESS_REPORT_ELAPSED_TOTAL 'DECISION_TREE_BEST_FIRST_BUILDER' 6 6
PROGRESS_REPORT_ELAPSED_TOTAL 'DECISION_TREE_CLASSIFIER_FIT' 2 4
PROGRESS_REPORT_ELAPSED_TOTAL 'DECISION_TREE_CLASSIFIER_FIT' 3 4
PROGRESS_REPORT_ELAPSED_TOTAL 'DECISION_TREE_CLASSIFIER_FIT' 4 4
PROGRESS_REPORT_ELAPSED_TOTAL 'RANDOM_FOREST_CLASSIFIER_FIT' 23 32
PROGRESS_REPORT_ELAPSED_TOTAL 'DECISION_TREE_CLASSIFIER_FIT' 1 4
PROGRESS_REPORT_ELAPSED_TOTAL 'DECISION_TREE_BEST_FIRST_BUILDER' 0 6
PROGRESS_REPORT_ELAPSED_TOTAL 'DECISION_TREE_BEST_FIRST_BUILDER' 2 6
PROGRESS_REPORT_ELAPSED_TOTAL 'DECISION_TREE_BEST_FIRST_BUILDER' 6 6
PROGRESS_REPORT_ELAPSED_TOTAL 'DECISION_TREE_CLASSIFIER_FIT' 2 4
PROGRESS_REPORT_ELAPSED_TOTAL 'DECISION_TREE_CLASSIFIER_FIT' 3 4
PROGRESS_REPORT_ELAPSED_TOTAL 'DECISION_TREE_CLASSIFIER_FIT' 4 4
PROGRESS_REPORT_ELAPSED_TOTAL 'RANDOM_FOREST_CLASSIFIER_FIT' 24 32
PROGRESS_REPORT_ELAPSED_TOTAL 'DECISION_TREE_CLASSIFIER_FIT' 1 4
PROGRESS_REPORT_ELAPSED_TOTAL 'DECISION_TREE_BEST_FIRST_BUILDER' 0 6
PROGRESS_REPORT_ELAPSED_TOTAL 'DECISION_TREE_BEST_FIRST_BUILDER' 2 6
PROGRESS_REPORT_ELAPSED_TOTAL 'DECISION_TREE_BEST_FIRST_BUILDER' 6 6
PROGRESS_REPORT_ELAPSED_TOTAL 'DECISION_TREE_CLASSIFIER_FIT' 2 4
PROGRESS_REPORT_ELAPSED_TOTAL 'DECISION_TREE_CLASSIFIER_FIT' 3 4
PROGRESS_REPORT_ELAPSED_TOTAL 'DECISION_TREE_CLASSIFIER_FIT' 4 4
PROGRESS_REPORT_ELAPSED_TOTAL 'RANDOM_FOREST_CLASSIFIER_FIT' 25 32
PROGRESS_REPORT_ELAPSED_TOTAL 'DECISION_TREE_CLASSIFIER_FIT' 1 4
PROGRESS_REPORT_ELAPSED_TOTAL 'DECISION_TREE_BEST_FIRST_BUILDER' 0 6
PROGRESS_REPORT_ELAPSED_TOTAL 'DECISION_TREE_BEST_FIRST_BUILDER' 2 6
PROGRESS_REPORT_ELAPSED_TOTAL 'DECISION_TREE_BEST_FIRST_BUILDER' 6 6
PROGRESS_REPORT_ELAPSED_TOTAL 'DECISION_TREE_CLASSIFIER_FIT' 2 4
PROGRESS_REPORT_ELAPSED_TOTAL 'DECISION_TREE_CLASSIFIER_FIT' 3 4
PROGRESS_REPORT_ELAPSED_TOTAL 'DECISION_TREE_CLASSIFIER_FIT' 4 4
PROGRESS_REPORT_ELAPSED_TOTAL 'RANDOM_FOREST_CLASSIFIER_FIT' 26 32
PROGRESS_REPORT_ELAPSED_TOTAL 'DECISION_TREE_CLASSIFIER_FIT' 1 4
PROGRESS_REPORT_ELAPSED_TOTAL 'DECISION_TREE_BEST_FIRST_BUILDER' 0 6
PROGRESS_REPORT_ELAPSED_TOTAL 'DECISION_TREE_BEST_FIRST_BUILDER' 6 6
PROGRESS_REPORT_ELAPSED_TOTAL 'DECISION_TREE_CLASSIFIER_FIT' 2 4
PROGRESS_REPORT_ELAPSED_TOTAL 'DECISION_TREE_CLASSIFIER_FIT' 3 4
PROGRESS_REPORT_ELAPSED_TOTAL 'DECISION_TREE_CLASSIFIER_FIT' 4 4
PROGRESS_REPORT_ELAPSED_TOTAL 'RANDOM_FOREST_CLASSIFIER_FIT' 27 32
PROGRESS_REPORT_ELAPSED_TOTAL 'DECISION_TREE_CLASSIFIER_FIT' 1 4
PROGRESS_REPORT_ELAPSED_TOTAL 'DECISION_TREE_BEST_FIRST_BUILDER' 0 6
PROGRESS_REPORT_ELAPSED_TOTAL 'DECISION_TREE_BEST_FIRST_BUILDER' 2 6
PROGRESS_REPORT_ELAPSED_TOTAL 'DECISION_TREE_BEST_FIRST_BUILDER' 6 6
PROGRESS_REPORT_ELAPSED_TOTAL 'DECISION_TREE_CLASSIFIER_FIT' 2 4
PROGRESS_REPORT_ELAPSED_TOTAL 'DECISION_TREE_CLASSIFIER_FIT' 3 4
PROGRESS_REPORT_ELAPSED_TOTAL 'DECISION_TREE_CLASSIFIER_FIT' 4 4
PROGRESS_REPORT_ELAPSED_TOTAL 'RANDOM_FOREST_CLASSIFIER_FIT' 28 32
PROGRESS_REPORT_ELAPSED_TOTAL 'DECISION_TREE_CLASSIFIER_FIT' 1 4
PROGRESS_REPORT_ELAPSED_TOTAL 'DECISION_TREE_BEST_FIRST_BUILDER' 0 6
PROGRESS_REPORT_ELAPSED_TOTAL 'DECISION_TREE_BEST_FIRST_BUILDER' 2 6
PROGRESS_REPORT_ELAPSED_TOTAL 'DECISION_TREE_BEST_FIRST_BUILDER' 6 6
PROGRESS_REPORT_ELAPSED_TOTAL 'DECISION_TREE_CLASSIFIER_FIT' 2 4
PROGRESS_REPORT_ELAPSED_TOTAL 'DECISION_TREE_CLASSIFIER_FIT' 3 4
PROGRESS_REPORT_ELAPSED_TOTAL 'DECISION_TREE_CLASSIFIER_FIT' 4 4
PROGRESS_REPORT_ELAPSED_TOTAL 'RANDOM_FOREST_CLASSIFIER_FIT' 29 32
PROGRESS_REPORT_ELAPSED_TOTAL 'DECISION_TREE_CLASSIFIER_FIT' 1 4
PROGRESS_REPORT_ELAPSED_TOTAL 'DECISION_TREE_BEST_FIRST_BUILDER' 0 6
PROGRESS_REPORT_ELAPSED_TOTAL 'DECISION_TREE_BEST_FIRST_BUILDER' 2 6
PROGRESS_REPORT_ELAPSED_TOTAL 'DECISION_TREE_BEST_FIRST_BUILDER' 6 6
PROGRESS_REPORT_ELAPSED_TOTAL 'DECISION_TREE_CLASSIFIER_FIT' 2 4
PROGRESS_REPORT_ELAPSED_TOTAL 'DECISION_TREE_CLASSIFIER_FIT' 3 4
PROGRESS_REPORT_ELAPSED_TOTAL 'DECISION_TREE_CLASSIFIER_FIT' 4 4
PROGRESS_REPORT_ELAPSED_TOTAL 'RANDOM_FOREST_CLASSIFIER_FIT' 30 32
PROGRESS_REPORT_ELAPSED_TOTAL 'DECISION_TREE_CLASSIFIER_FIT' 1 4
PROGRESS_REPORT_ELAPSED_TOTAL 'DECISION_TREE_BEST_FIRST_BUILDER' 0 6
PROGRESS_REPORT_ELAPSED_TOTAL 'DECISION_TREE_BEST_FIRST_BUILDER' 2 6
PROGRESS_REPORT_ELAPSED_TOTAL 'DECISION_TREE_BEST_FIRST_BUILDER' 6 6
PROGRESS_REPORT_ELAPSED_TOTAL 'DECISION_TREE_CLASSIFIER_FIT' 2 4
PROGRESS_REPORT_ELAPSED_TOTAL 'DECISION_TREE_CLASSIFIER_FIT' 3 4
PROGRESS_REPORT_ELAPSED_TOTAL 'DECISION_TREE_CLASSIFIER_FIT' 4 4
PROGRESS_REPORT_ELAPSED_TOTAL 'RANDOM_FOREST_CLASSIFIER_FIT' 31 32
PROGRESS_REPORT_ELAPSED_TOTAL 'DECISION_TREE_CLASSIFIER_FIT' 1 4
PROGRESS_REPORT_ELAPSED_TOTAL 'DECISION_TREE_BEST_FIRST_BUILDER' 0 6
PROGRESS_REPORT_ELAPSED_TOTAL 'DECISION_TREE_BEST_FIRST_BUILDER' 2 6
PROGRESS_REPORT_ELAPSED_TOTAL 'DECISION_TREE_BEST_FIRST_BUILDER' 6 6
PROGRESS_REPORT_ELAPSED_TOTAL 'DECISION_TREE_CLASSIFIER_FIT' 2 4
PROGRESS_REPORT_ELAPSED_TOTAL 'DECISION_TREE_CLASSIFIER_FIT' 3 4
PROGRESS_REPORT_ELAPSED_TOTAL 'DECISION_TREE_CLASSIFIER_FIT' 4 4
PROGRESS_REPORT_ELAPSED_TOTAL 'RANDOM_FOREST_CLASSIFIER_FIT' 32 32
MCU_DEPLOY_CLASSIFICATION_CODE MODEL_JSON_EXPORT_STEP
MODEL_JSON_DUMP_START
{
	"metadata" : { "model" : "Ho_RandomForest", "version" : "2024-W04"},
	"options" : { "n_estimators" : 32, "max_samples" : 32, "random_state" : 1789,  "ccp_alpha" : 0, "criterion" : "", "max_depth" : 6, "max_features" : null, "max_leaf_nodes" : 32, "min_impurity_decrease" : 0, "min_samples_leaf" : 1, "min_samples_split" : 2, "min_weight_fraction_leaf" : 0.050000001, "random_state" : 1789, "splitter" : "best" },
	"forest" : {
		"Trees" : 32,
		"RF_Tree_00" : 		{
			"metadata" : { "model" : "Breiman_CART", "version" : "2024-W04"},
			"options" : { "ccp_alpha" : 0, "criterion" : "", "max_depth" : 6, "max_features" : 5, "max_leaf_nodes" : 32, "min_impurity_decrease" : 0, "min_samples_leaf" : 1, "min_samples_split" : 2, "min_weight_fraction_leaf" : 0.050000001, "random_state" : 1962315470, "splitter" : "best" },
			"classes" : [ 0, 1 ],
			"tree" : {
			"features" : 30,
			"outputs" : 2,
			"max_depth" : 2,
			"node_count" : 9,
			"nodes" : {
				"node_0" : {"left" : 1, "right" : 2, "feature" : 6, "threshold" : 0.085235, "impurity" : 0.49560547, "n_samples" : 64, "w_samples" : 64, "value" : [0.546875, 0.453125]},
				"node_1" : {"left" : 5, "right" : 6, "feature" : 27, "threshold" : 0.096424997, "impurity" : 0.19132656, "n_samples" : 28, "w_samples" : 28, "value" : [0.10714286, 0.89285713]},
				"node_2" : {"left" : 3, "right" : 4, "feature" : 23, "threshold" : 520.29999, "impurity" : 0.19753087, "n_samples" : 36, "w_samples" : 36, "value" : [0.8888889, 0.11111111]},
				"node_3" : {"left" : null, "right" : null, "feature" : null, "threshold" : null, "impurity" : 0, "n_samples" : 4, "w_samples" : 4, "value" : [0, 1]},
				"node_4" : {"left" : null, "right" : null, "feature" : null, "threshold" : null, "impurity" : 0, "n_samples" : 32, "w_samples" : 32, "value" : [1, 0]},
				"node_5" : {"left" : null, "right" : null, "feature" : null, "threshold" : null, "impurity" : 0, "n_samples" : 22, "w_samples" : 22, "value" : [0, 1]},
				"node_6" : {"left" : 7, "right" : 8, "feature" : 29, "threshold" : 0.083515003, "impurity" : 0.5, "n_samples" : 6, "w_samples" : 6, "value" : [0.5, 0.5]},
				"node_7" : {"left" : null, "right" : null, "feature" : null, "threshold" : null, "impurity" : 0, "n_samples" : 3, "w_samples" : 3, "value" : [0, 1]},
				"node_8" : {"left" : null, "right" : null, "feature" : null, "threshold" : null, "impurity" : 0, "n_samples" : 3, "w_samples" : 3, "value" : [1, 0]}
				}
			}
		},
		"RF_Tree_01" : 		{
			"metadata" : { "model" : "Breiman_CART", "version" : "2024-W04"},
			"options" : { "ccp_alpha" : 0, "criterion" : "", "max_depth" : 6, "max_features" : 5, "max_leaf_nodes" : 32, "min_impurity_decrease" : 0, "min_samples_leaf" : 1, "min_samples_split" : 2, "min_weight_fraction_leaf" : 0.050000001, "random_state" : 3261513707, "splitter" : "best" },
			"classes" : [ 0, 1 ],
			"tree" : {
			"features" : 30,
			"outputs" : 2,
			"max_depth" : 2,
			"node_count" : 9,
			"nodes" : {
				"node_0" : {"left" : 1, "right" : 2, "feature" : 23, "threshold" : 806.30005, "impurity" : 0.49951172, "n_samples" : 64, "w_samples" : 64, "value" : [0.484375, 0.515625]},
				"node_1" : {"left" : 3, "right" : 4, "feature" : 29, "threshold" : 0.13975, "impurity" : 0.21875, "n_samples" : 32, "w_samples" : 32, "value" : [0.125, 0.875]},
				"node_2" : {"left" : 5, "right" : 6, "feature" : 5, "threshold" : 0.083094999, "impurity" : 0.26367188, "n_samples" : 32, "w_samples" : 32, "value" : [0.84375, 0.15625]},
				"node_3" : {"left" : null, "right" : null, "feature" : null, "threshold" : null, "impurity" : 0, "n_samples" : 28, "w_samples" : 28, "value" : [0, 1]},
				"node_4" : {"left" : null, "right" : null, "feature" : null, "threshold" : null, "impurity" : 0, "n_samples" : 4, "w_samples" : 4, "value" : [1, 0]},
				"node_5" : {"left" : 7, "right" : 8, "feature" : 29, "threshold" : 0.066509999, "impurity" : 0.27777779, "n_samples" : 6, "w_samples" : 6, "value" : [0.16666667, 0.83333331]},
				"node_6" : {"left" : null, "right" : null, "feature" : null, "threshold" : null, "impurity" : 0, "n_samples" : 26, "w_samples" : 26, "value" : [1, 0]},
				"node_7" : {"left" : null, "right" : null, "feature" : null, "threshold" : null, "impurity" : 0, "n_samples" : 3, "w_samples" : 3, "value" : [0, 1]},
				"node_8" : {"left" : null, "right" : null, "feature" : null, "threshold" : null, "impurity" : 0.44444442, "n_samples" : 3, "w_samples" : 3, "value" : [0.33333334, 0.66666669]}
				}
			}
		},
		"RF_Tree_02" : 		{
			"metadata" : { "model" : "Breiman_CART", "version" : "2024-W04"},
			"options" : { "ccp_alpha" : 0, "criterion" : "", "max_depth" : 6, "max_features" : 5, "max_leaf_nodes" : 32, "min_impurity_decrease" : 0, "min_samples_leaf" : 1, "min_samples_split" : 2, "min_weight_fraction_leaf" : 0.050000001, "random_state" : 1270981430, "splitter" : "best" },
			"classes" : [ 0, 1 ],
			"tree" : {
			"features" : 30,
			"outputs" : 2,
			"max_depth" : 2,
			"node_count" : 9,
			"nodes" : {
				"node_0" : {"left" : 1, "right" : 2, "feature" : 20, "threshold" : 17.695, "impurity" : 0.49804688, "n_samples" : 64, "w_samples" : 64, "value" : [0.46875, 0.53125]},
				"node_1" : {"left" : 3, "right" : 4, "feature" : 27, "threshold" : 0.13699999, "impurity" : 0.22853184, "n_samples" : 38, "w_samples" : 38, "value" : [0.13157895, 0.86842108]},
				"node_2" : {"left" : 7, "right" : 8, "feature" : 26, "threshold" : 0.29345, "impurity" : 0.073964477, "n_samples" : 26, "w_samples" : 26, "value" : [0.96153843, 0.03846154]},
				"node_3" : {"left" : 5, "right" : 6, "feature" : 20, "threshold" : 16.880001, "impurity" : 0.057093441, "n_samples" : 34, "w_samples" : 34, "value" : [0.029411765, 0.97058821]},
				"node_4" : {"left" : null, "right" : null, "feature" : null, "threshold" : null, "impurity" : 0, "n_samples" : 4, "w_samples" : 4, "value" : [1, 0]},
				"node_5" : {"left" : null, "right" : null, "feature" : null, "threshold" : null, "impurity" : 0, "n_samples" : 30, "w_samples" : 30, "value" : [0, 1]},
				"node_6" : {"left" : null, "right" : null, "feature" : null, "threshold" : null, "impurity" : 0.375, "n_samples" : 4, "w_samples" : 4, "value" : [0.25, 0.75]},
				"node_7" : {"left" : null, "right" : null, "feature" : null, "threshold" : null, "impurity" : 0.375, "n_samples" : 4, "w_samples" : 4, "value" : [0.75, 0.25]},
				"node_8" : {"left" : null, "right" : null, "feature" : null, "threshold" : null, "impurity" : 0, "n_samples" : 22, "w_samples" : 22, "value" : [1, 0]}
				}
			}
		},
		"RF_Tree_03" : 		{
			"metadata" : { "model" : "Breiman_CART", "version" : "2024-W04"},
			"options" : { "ccp_alpha" : 0, "criterion" : "", "max_depth" : 6, "max_features" : 5, "max_leaf_nodes" : 32, "min_impurity_decrease" : 0, "min_samples_leaf" : 1, "min_samples_split" : 2, "min_weight_fraction_leaf" : 0.050000001, "random_state" : 1989411589, "splitter" : "best" },
			"classes" : [ 0, 1 ],
			"tree" : {
			"features" : 30,
			"outputs" : 2,
			"max_depth" : 1,
			"node_count" : 5,
			"nodes" : {
				"node_0" : {"left" : 1, "right" : 2, "feature" : 27, "threshold" : 0.1156, "impurity" : 0.49951172, "n_samples" : 64, "w_samples" : 64, "value" : [0.515625, 0.484375]},
				"node_1" : {"left" : null, "right" : null, "feature" : null, "threshold" : null, "impurity" : 0, "n_samples" : 29, "w_samples" : 29, "value" : [0, 1]},
				"node_2" : {"left" : 3, "right" : 4, "feature" : 26, "threshold" : 0.32674998, "impurity" : 0.10775512, "n_samples" : 35, "w_samples" : 35, "value" : [0.94285715, 0.057142857]},
				"node_3" : {"left" : null, "right" : null, "feature" : null, "threshold" : null, "impurity" : 0.48000002, "n_samples" : 5, "w_samples" : 5, "value" : [0.60000002, 0.40000001]},
				"node_4" : {"left" : null, "right" : null, "feature" : null, "threshold" : null, "impurity" : 0, "n_samples" : 30, "w_samples" : 30, "value" : [1, 0]}
				}
			}
		},
		"RF_Tree_04" : 		{
			"metadata" : { "model" : "Breiman_CART", "version" : "2024-W04"},
			"options" : { "ccp_alpha" : 0, "criterion" : "", "max_depth" : 6, "max_features" : 5, "max_leaf_nodes" : 32, "min_impurity_decrease" : 0, "min_samples_leaf" : 1, "min_samples_split" : 2, "min_weight_fraction_leaf" : 0.050000001, "random_state" : 2542483397, "splitter" : "best" },
			"classes" : [ 0, 1 ],
			"tree" : {
			"features" : 30,
			"outputs" : 2,
			"max_depth" : 3,
			"node_count" : 9,
			"nodes" : {
				"node_0" : {"left" : 1, "right" : 2, "feature" : 20, "threshold" : 17.5, "impurity" : 0.49951172, "n_samples" : 64, "w_samples" : 64, "value" : [0.484375, 0.515625]},
				"node_1" : {"left" : 3, "right" : 4, "feature" : 27, "threshold" : 0.13170001, "impurity" : 0.26035506, "n_samples" : 39, "w_samples" : 39, "value" : [0.15384616, 0.84615386]},
				"node_2" : {"left" : null, "right" : null, "feature" : null, "threshold" : null, "impurity" : 0, "n_samples" : 25, "w_samples" : 25, "value" : [1, 0]},
				"node_3" : {"left" : 5, "right" : 6, "feature" : 26, "threshold" : 0.30540001, "impurity" : 0.10775512, "n_samples" : 35, "w_samples" : 35, "value" : [0.057142857, 0.94285715]},
				"node_4" : {"left" : null, "right" : null, "feature" : null, "threshold" : null, "impurity" : 0, "n_samples" : 4, "w_samples" : 4, "value" : [1, 0]},
				"node_5" : {"left" : null, "right" : null, "feature" : null, "threshold" : null, "impurity" : 0, "n_samples" : 28, "w_samples" : 28, "value" : [0, 1]},
				"node_6" : {"left" : 7, "right" : 8, "feature" : 29, "threshold" : 0.113975, "impurity" : 0.40816325, "n_samples" : 7, "w_samples" : 7, "value" : [0.2857143, 0.71428573]},
				"node_7" : {"left" : null, "right" : null, "feature" : null, "threshold" : null, "impurity" : 0.5, "n_samples" : 4, "w_samples" : 4, "value" : [0.5, 0.5]},
				"node_8" : {"left" : null, "right" : null, "feature" : null, "threshold" : null, "impurity" : 0, "n_samples" : 3, "w_samples" : 3, "value" : [0, 1]}
				}
			}
		},
		"RF_Tree_05" : 		{
			"metadata" : { "model" : "Breiman_CART", "version" : "2024-W04"},
			"options" : { "ccp_alpha" : 0, "criterion" : "", "max_depth" : 6, "max_features" : 5, "max_leaf_nodes" : 32, "min_impurity_decrease" : 0, "min_samples_leaf" : 1, "min_samples_split" : 2, "min_weight_fraction_leaf" : 0.050000001, "random_state" : 640771154, "splitter" : "best" },
			"classes" : [ 0, 1 ],
			"tree" : {
			"features" : 30,
			"outputs" : 2,
			"max_depth" : 1,
			"node_count" : 5,
			"nodes" : {
				"node_0" : {"left" : 1, "right" : 2, "feature" : 27, "threshold" : 0.12215, "impurity" : 0.4921875, "n_samples" : 64, "w_samples" : 64, "value" : [0.4375, 0.5625]},
				"node_1" : {"left" : null, "right" : null, "feature" : null, "threshold" : null, "impurity" : 0, "n_samples" : 34, "w_samples" : 34, "value" : [0, 1]},
				"node_2" : {"left" : 3, "right" : 4, "feature" : 26, "threshold" : 0.27455002, "impurity" : 0.12444443, "n_samples" : 30, "w_samples" : 30, "value" : [0.93333334, 0.06666667]},
				"node_3" : {"left" : null, "right" : null, "feature" : null, "threshold" : null, "impurity" : 0.44444442, "n_samples" : 3, "w_samples" : 3, "value" : [0.33333334, 0.66666669]},
				"node_4" : {"left" : null, "right" : null, "feature" : null, "threshold" : null, "impurity" : 0, "n_samples" : 27, "w_samples" : 27, "value" : [1, 0]}
				}
			}
		},
		"RF_Tree_06" : 		{
			"metadata" : { "model" : "Breiman_CART", "version" : "2024-W04"},
			"options" : { "ccp_alpha" : 0, "criterion" : "", "max_depth" : 6, "max_features" : 5, "max_leaf_nodes" : 32, "min_impurity_decrease" : 0, "min_samples_leaf" : 1, "min_samples_split" : 2, "min_weight_fraction_leaf" : 0.050000001, "random_state" : 2769939576, "splitter" : "best" },
			"classes" : [ 0, 1 ],
			"tree" : {
			"features" : 30,
			"outputs" : 2,
			"max_depth" : 1,
			"node_count" : 7,
			"nodes" : {
				"node_0" : {"left" : 1, "right" : 2, "feature" : 1, "threshold" : 20.09, "impurity" : 0.49804688, "n_samples" : 64, "w_samples" : 64, "value" : [0.46875, 0.53125]},
				"node_1" : {"left" : 3, "right" : 4, "feature" : 27, "threshold" : 0.13699999, "impurity" : 0.22853184, "n_samples" : 38, "w_samples" : 38, "value" : [0.13157895, 0.86842108]},
				"node_2" : {"left" : 5, "right" : 6, "feature" : 21, "threshold" : 26.014999, "impurity" : 0.073964477, "n_samples" : 26, "w_samples" : 26, "value" : [0.96153843, 0.03846154]},
				"node_3" : {"left" : null, "right" : null, "feature" : null, "threshold" : null, "impurity" : 0, "n_samples" : 33, "w_samples" : 33, "value" : [0, 1]},
				"node_4" : {"left" : null, "right" : null, "feature" : null, "threshold" : null, "impurity" : 0, "n_samples" : 5, "w_samples" : 5, "value" : [1, 0]},
				"node_5" : {"left" : null, "right" : null, "feature" : null, "threshold" : null, "impurity" : 0.44444442, "n_samples" : 3, "w_samples" : 3, "value" : [0.66666669, 0.33333334]},
				"node_6" : {"left" : null, "right" : null, "feature" : null, "threshold" : null, "impurity" : 0, "n_samples" : 23, "w_samples" : 23, "value" : [1, 0]}
				}
			}
		},
		"RF_Tree_07" : 		{
			"metadata" : { "model" : "Breiman_CART", "version" : "2024-W04"},
			"options" : { "ccp_alpha" : 0, "criterion" : "", "max_depth" : 6, "max_features" : 5, "max_leaf_nodes" : 32, "min_impurity_decrease" : 0, "min_samples_leaf" : 1, "min_samples_split" : 2, "min_weight_fraction_leaf" : 0.050000001, "random_state" : 2215876622, "splitter" : "best" },
			"classes" : [ 0, 1 ],
			"tree" : {
			"features" : 30,
			"outputs" : 2,
			"max_depth" : 2,
			"node_count" : 9,
			"nodes" : {
				"node_0" : {"left" : 1, "right" : 2, "feature" : 22, "threshold" : 111, "impurity" : 0.49804688, "n_samples" : 64, "w_samples" : 64, "value" : [0.53125, 0.46875]},
				"node_1" : {"left" : 3, "right" : 4, "feature" : 29, "threshold" : 0.10600001, "impurity" : 0.12070757, "n_samples" : 31, "w_samples" : 31, "value" : [0.064516127, 0.93548387]},
				"node_2" : {"left" : 5, "right" : 6, "feature" : 1, "threshold" : 19.639999, "impurity" : 0.058769524, "n_samples" : 33, "w_samples" : 33, "value" : [0.969697, 0.030303031]},
				"node_3" : {"left" : null, "right" : null, "feature" : null, "threshold" : null, "impurity" : 0, "n_samples" : 28, "w_samples" : 28, "value" : [0, 1]},
				"node_4" : {"left" : null, "right" : null, "feature" : null, "threshold" : null, "impurity" : 0.44444442, "n_samples" : 3, "w_samples" : 3, "value" : [0.66666669, 0.33333334]},
				"node_5" : {"left" : 7, "right" : 8, "feature" : 26, "threshold" : 0.35785002, "impurity" : 0.19753087, "n_samples" : 9, "w_samples" : 9, "value" : [0.8888889, 0.11111111]},
				"node_6" : {"left" : null, "right" : null, "feature" : null, "threshold" : null, "impurity" : 0, "n_samples" : 24, "w_samples" : 24, "value" : [1, 0]},
				"node_7" : {"left" : null, "right" : null, "feature" : null, "threshold" : null, "impurity" : 0.44444442, "n_samples" : 3, "w_samples" : 3, "value" : [0.66666669, 0.33333334]},
				"node_8" : {"left" : null, "right" : null, "feature" : null, "threshold" : null, "impurity" : 0, "n_samples" : 6, "w_samples" : 6, "value" : [1, 0]}
				}
			}
		},
		"RF_Tree_08" : 		{
			"metadata" : { "model" : "Breiman_CART", "version" : "2024-W04"},
			"options" : { "ccp_alpha" : 0, "criterion" : "", "max_depth" : 6, "max_features" : 5, "max_leaf_nodes" : 32, "min_impurity_decrease" : 0, "min_samples_leaf" : 1, "min_samples_split" : 2, "min_weight_fraction_leaf" : 0.050000001, "random_state" : 3978449530, "splitter" : "best" },
			"classes" : [ 0, 1 ],
			"tree" : {
			"features" : 30,
			"outputs" : 2,
			"max_depth" : 1,
			"node_count" : 5,
			"nodes" : {
				"node_0" : {"left" : 1, "right" : 2, "feature" : 27, "threshold" : 0.12925, "impurity" : 0.48779297, "n_samples" : 64, "w_samples" : 64, "value" : [0.578125, 0.421875]},
				"node_1" : {"left" : 3, "right" : 4, "feature" : 13, "threshold" : 37.644997, "impurity" : 0.12841856, "n_samples" : 29, "w_samples" : 29, "value" : [0.068965517, 0.93103451]},
				"node_2" : {"left" : null, "right" : null, "feature" : null, "threshold" : null, "impurity" : 0, "n_samples" : 35, "w_samples" : 35, "value" : [1, 0]},
				"node_3" : {"left" : null, "right" : null, "feature" : null, "threshold" : null, "impurity" : 0, "n_samples" : 24, "w_samples" : 24, "value" : [0, 1]},
				"node_4" : {"left" : null, "right" : null, "feature" : null, "threshold" : null, "impurity" : 0.48000002, "n_samples" : 5, "w_samples" : 5, "value" : [0.40000001, 0.60000002]}
				}
			}
		},
		"RF_Tree_09" : 		{
			"metadata" : { "model" : "Breiman_CART", "version" : "2024-W04"},
			"options" : { "ccp_alpha" : 0, "criterion" : "", "max_depth" : 6, "max_features" : 5, "max_leaf_nodes" : 32, "min_impurity_decrease" : 0, "min_samples_leaf" : 1, "min_samples_split" : 2, "min_weight_fraction_leaf" : 0.050000001, "random_state" : 2603125635, "splitter" : "best" },
			"classes" : [ 0, 1 ],
			"tree" : {
			"features" : 30,
			"outputs" : 2,
			"max_depth" : 1,
			"node_count" : 7,
			"nodes" : {
				"node_0" : {"left" : 1, "right" : 2, "feature" : 26, "threshold" : 0.32674998, "impurity" : 0.48242188, "n_samples" : 64, "w_samples" : 64, "value" : [0.40625, 0.59375]},
				"node_1" : {"left" : 3, "right" : 4, "feature" : 25, "threshold" : 0.32100001, "impurity" : 0.051246524, "n_samples" : 38, "w_samples" : 38, "value" : [0.02631579, 0.97368419]},
				"node_2" : {"left" : 5, "right" : 6, "feature" : 26, "threshold" : 0.6961, "impurity" : 0.073964477, "n_samples" : 26, "w_samples" : 26, "value" : [0.96153843, 0.03846154]},
				"node_3" : {"left" : null, "right" : null, "feature" : null, "threshold" : null, "impurity" : 0, "n_samples" : 35, "w_samples" : 35, "value" : [0, 1]},
				"node_4" : {"left" : null, "right" : null, "feature" : null, "threshold" : null, "impurity" : 0.44444442, "n_samples" : 3, "w_samples" : 3, "value" : [0.33333334, 0.66666669]},
				"node_5" : {"left" : null, "right" : null, "feature" : null, "threshold" : null, "impurity" : 0, "n_samples" : 23, "w_samples" : 23, "value" : [1, 0]},
				"node_6" : {"left" : null, "right" : null, "feature" : null, "threshold" : null, "impurity" : 0.44444442, "n_samples" : 3, "w_samples" : 3, "value" : [0.66666669, 0.33333334]}
				}
			}
		},
		"RF_Tree_10" : 		{
			"metadata" : { "model" : "Breiman_CART", "version" : "2024-W04"},
			"options" : { "ccp_alpha" : 0, "criterion" : "", "max_depth" : 6, "max_features" : 5, "max_leaf_nodes" : 32, "min_impurity_decrease" : 0, "min_samples_leaf" : 1, "min_samples_split" : 2, "min_weight_fraction_leaf" : 0.050000001, "random_state" : 3933019651, "splitter" : "best" },
			"classes" : [ 0, 1 ],
			"tree" : {
			"features" : 30,
			"outputs" : 2,
			"max_depth" : 1,
			"node_count" : 5,
			"nodes" : {
				"node_0" : {"left" : 1, "right" : 2, "feature" : 2, "threshold" : 90.664993, "impurity" : 0.49804688, "n_samples" : 64, "w_samples" : 64, "value" : [0.46875, 0.53125]},
				"node_1" : {"left" : null, "right" : null, "feature" : null, "threshold" : null, "impurity" : 0, "n_samples" : 30, "w_samples" : 30, "value" : [0, 1]},
				"node_2" : {"left" : 3, "right" : 4, "feature" : 26, "threshold" : 0.24315, "impurity" : 0.20761245, "n_samples" : 34, "w_samples" : 34, "value" : [0.88235295, 0.11764706]},
				"node_3" : {"left" : null, "right" : null, "feature" : null, "threshold" : null, "impurity" : 0.31999999, "n_samples" : 5, "w_samples" : 5, "value" : [0.2, 0.80000001]},
				"node_4" : {"left" : null, "right" : null, "feature" : null, "threshold" : null, "impurity" : 0, "n_samples" : 29, "w_samples" : 29, "value" : [1, 0]}
				}
			}
		},
		"RF_Tree_11" : 		{
			"metadata" : { "model" : "Breiman_CART", "version" : "2024-W04"},
			"options" : { "ccp_alpha" : 0, "criterion" : "", "max_depth" : 6, "max_features" : 5, "max_leaf_nodes" : 32, "min_impurity_decrease" : 0, "min_samples_leaf" : 1, "min_samples_split" : 2, "min_weight_fraction_leaf" : 0.050000001, "random_state" : 1810914472, "splitter" : "best" },
			"classes" : [ 0, 1 ],
			"tree" : {
			"features" : 30,
			"outputs" : 2,
			"max_depth" : 2,
			"node_count" : 7,
			"nodes" : {
				"node_0" : {"left" : 1, "right" : 2, "feature" : 20, "threshold" : 14.315001, "impurity" : 0.49560547, "n_samples" : 64, "w_samples" : 64, "value" : [0.453125, 0.546875]},
				"node_1" : {"left" : null, "right" : null, "feature" : null, "threshold" : null, "impurity" : 0, "n_samples" : 28, "w_samples" : 28, "value" : [0, 1]},
				"node_2" : {"left" : 3, "right" : 4, "feature" : 26, "threshold" : 0.23199999, "impurity" : 0.31327158, "n_samples" : 36, "w_samples" : 36, "value" : [0.80555558, 0.19444445]},
				"node_3" : {"left" : 5, "right" : 6, "feature" : 20, "threshold" : 17.744999, "impurity" : 0.34567899, "n_samples" : 9, "w_samples" : 9, "value" : [0.22222222, 0.77777779]},
				"node_4" : {"left" : null, "right" : null, "feature" : null, "threshold" : null, "impurity" : 0, "n_samples" : 27, "w_samples" : 27, "value" : [1, 0]},
				"node_5" : {"left" : null, "right" : null, "feature" : null, "threshold" : null, "impurity" : 0, "n_samples" : 6, "w_samples" : 6, "value" : [0, 1]},
				"node_6" : {"left" : null, "right" : null, "feature" : null, "threshold" : null, "impurity" : 0.44444442, "n_samples" : 3, "w_samples" : 3, "value" : [0.66666669, 0.33333334]}
				}
			}
		},
		"RF_Tree_12" : 		{
			"metadata" : { "model" : "Breiman_CART", "version" : "2024-W04"},
			"options" : { "ccp_alpha" : 0, "criterion" : "", "max_depth" : 6, "max_features" : 5, "max_leaf_nodes" : 32, "min_impurity_decrease" : 0, "min_samples_leaf" : 1, "min_samples_split" : 2, "min_weight_fraction_leaf" : 0.050000001, "random_state" : 4282500002, "splitter" : "best" },
			"classes" : [ 0, 1 ],
			"tree" : {
			"features" : 30,
			"outputs" : 2,
			"max_depth" : 2,
			"node_count" : 7,
			"nodes" : {
				"node_0" : {"left" : 1, "right" : 2, "feature" : 23, "threshold" : 693.15002, "impurity" : 0.48242188, "n_samples" : 64, "w_samples" : 64, "value" : [0.59375, 0.40625]},
				"node_1" : {"left" : null, "right" : null, "feature" : null, "threshold" : null, "impurity" : 0, "n_samples" : 21, "w_samples" : 21, "value" : [0, 1]},
				"node_2" : {"left" : 3, "right" : 4, "feature" : 27, "threshold" : 0.11355, "impurity" : 0.20551652, "n_samples" : 43, "w_samples" : 43, "value" : [0.88372093, 0.11627907]},
				"node_3" : {"left" : 5, "right" : 6, "feature" : 20, "threshold" : 17.494999, "impurity" : 0.27777779, "n_samples" : 6, "w_samples" : 6, "value" : [0.16666667, 0.83333331]},
				"node_4" : {"left" : null, "right" : null, "feature" : null, "threshold" : null, "impurity" : 0, "n_samples" : 37, "w_samples" : 37, "value" : [1, 0]},
				"node_5" : {"left" : null, "right" : null, "feature" : null, "threshold" : null, "impurity" : 0, "n_samples" : 3, "w_samples" : 3, "value" : [0, 1]},
				"node_6" : {"left" : null, "right" : null, "feature" : null, "threshold" : null, "impurity" : 0.44444442, "n_samples" : 3, "w_samples" : 3, "value" : [0.33333334, 0.66666669]}
				}
			}
		},
		"RF_Tree_13" : 		{
			"metadata" : { "model" : "Breiman_CART", "version" : "2024-W04"},
			"options" : { "ccp_alpha" : 0, "criterion" : "", "max_depth" : 6, "max_features" : 5, "max_leaf_nodes" : 32, "min_impurity_decrease" : 0, "min_samples_leaf" : 1, "min_samples_split" : 2, "min_weight_fraction_leaf" : 0.050000001, "random_state" : 248559215, "splitter" : "best" },
			"classes" : [ 0, 1 ],
			"tree" : {
			"features" : 30,
			"outputs" : 2,
			"max_depth" : 2,
			"node_count" : 7,
			"nodes" : {
				"node_0" : {"left" : 1, "right" : 2, "feature" : 27, "threshold" : 0.13170001, "impurity" : 0.49804688, "n_samples" : 64, "w_samples" : 64, "value" : [0.46875, 0.53125]},
				"node_1" : {"left" : 3, "right" : 4, "feature" : 27, "threshold" : 0.096444994, "impurity" : 0.10493827, "n_samples" : 36, "w_samples" : 36, "value" : [0.055555556, 0.94444442]},
				"node_2" : {"left" : null, "right" : null, "feature" : null, "threshold" : null, "impurity" : 0, "n_samples" : 28, "w_samples" : 28, "value" : [1, 0]},
				"node_3" : {"left" : null, "right" : null, "feature" : null, "threshold" : null, "impurity" : 0, "n_samples" : 29, "w_samples" : 29, "value" : [0, 1]},
				"node_4" : {"left" : 5, "right" : 6, "feature" : 1, "threshold" : 18.99, "impurity" : 0.40816325, "n_samples" : 7, "w_samples" : 7, "value" : [0.2857143, 0.71428573]},
				"node_5" : {"left" : null, "right" : null, "feature" : null, "threshold" : null, "impurity" : 0, "n_samples" : 4, "w_samples" : 4, "value" : [0, 1]},
				"node_6" : {"left" : null, "right" : null, "feature" : null, "threshold" : null, "impurity" : 0.44444442, "n_samples" : 3, "w_samples" : 3, "value" : [0.66666669, 0.33333334]}
				}
			}
		},
		"RF_Tree_14" : 		{
			"metadata" : { "model" : "Breiman_CART", "version" : "2024-W04"},
			"options" : { "ccp_alpha" : 0, "criterion" : "", "max_depth" : 6, "max_features" : 5, "max_leaf_nodes" : 32, "min_impurity_decrease" : 0, "min_samples_leaf" : 1, "min_samples_split" : 2, "min_weight_fraction_leaf" : 0.050000001, "random_state" : 1247846498, "splitter" : "best" },
			"classes" : [ 0, 1 ],
			"tree" : {
			"features" : 30,
			"outputs" : 2,
			"max_depth" : 2,
			"node_count" : 9,
			"nodes" : {
				"node_0" : {"left" : 1, "right" : 2, "feature" : 6, "threshold" : 0.092405006, "impurity" : 0.49560547, "n_samples" : 64, "w_samples" : 64, "value" : [0.546875, 0.453125]},
				"node_1" : {"left" : 3, "right" : 4, "feature" : 26, "threshold" : 0.2115, "impurity" : 0.17481792, "n_samples" : 31, "w_samples" : 31, "value" : [0.096774191, 0.90322578]},
				"node_2" : {"left" : 5, "right" : 6, "feature" : 2, "threshold" : 91.095001, "impurity" : 0.058769524, "n_samples" : 33, "w_samples" : 33, "value" : [0.969697, 0.030303031]},
				"node_3" : {"left" : 7, "right" : 8, "feature" : 27, "threshold" : 0.094604999, "impurity" : 0.068877578, "n_samples" : 28, "w_samples" : 28, "value" : [0.035714287, 0.96428573]},
				"node_4" : {"left" : null, "right" : null, "feature" : null, "threshold" : null, "impurity" : 0.44444442, "n_samples" : 3, "w_samples" : 3, "value" : [0.66666669, 0.33333334]},
				"node_5" : {"left" : null, "right" : null, "feature" : null, "threshold" : null, "impurity" : 0.44444442, "n_samples" : 3, "w_samples" : 3, "value" : [0.66666669, 0.33333334]},
				"node_6" : {"left" : null, "right" : null, "feature" : null, "threshold" : null, "impurity" : 0, "n_samples" : 30, "w_samples" : 30, "value" : [1, 0]},
				"node_7" : {"left" : null, "right" : null, "feature" : null, "threshold" : null, "impurity" : 0, "n_samples" : 24, "w_samples" : 24, "value" : [0, 1]},
				"node_8" : {"left" : null, "right" : null, "feature" : null, "threshold" : null, "impurity" : 0.375, "n_samples" : 4, "w_samples" : 4, "value" : [0.25, 0.75]}
				}
			}
		},
		"RF_Tree_15" : 		{
			"metadata" : { "model" : "Breiman_CART", "version" : "2024-W04"},
			"options" : { "ccp_alpha" : 0, "criterion" : "", "max_depth" : 6, "max_features" : 5, "max_leaf_nodes" : 32, "min_impurity_decrease" : 0, "min_samples_leaf" : 1, "min_samples_split" : 2, "min_weight_fraction_leaf" : 0.050000001, "random_state" : 2946430490, "splitter" : "best" },
			"classes" : [ 0, 1 ],
			"tree" : {
			"features" : 30,
			"outputs" : 2,
			"max_depth" : 3,
			"node_count" : 11,
			"nodes" : {
				"node_00" : {"left" : 1, "right" : 2, "feature" : 27, "threshold" : 0.14899999, "impurity" : 0.4921875, "n_samples" : 64, "w_samples" : 64, "value" : [0.4375, 0.5625]},
				"node_01" : {"left" : 3, "right" : 4, "feature" : 0, "threshold" : 13.305, "impurity" : 0.21415824, "n_samples" : 41, "w_samples" : 41, "value" : [0.12195122, 0.87804878]},
				"node_02" : {"left" : null, "right" : null, "feature" : null, "threshold" : null, "impurity" : 0, "n_samples" : 23, "w_samples" : 23, "value" : [1, 0]},
				"node_03" : {"left" : null, "right" : null, "feature" : null, "threshold" : null, "impurity" : 0, "n_samples" : 27, "w_samples" : 27, "value" : [0, 1]},
				"node_04" : {"left" : 5, "right" : 6, "feature" : 29, "threshold" : 0.073215, "impurity" : 0.45918369, "n_samples" : 14, "w_samples" : 14, "value" : [0.35714287, 0.64285713]},
				"node_05" : {"left" : 9, "right" : 10, "feature" : 28, "threshold" : 0.29874998, "impurity" : 0.21875, "n_samples" : 8, "w_samples" : 8, "value" : [0.125, 0.875]},
				"node_06" : {"left" : 7, "right" : 8, "feature" : 0, "threshold" : 14.280001, "impurity" : 0.44444442, "n_samples" : 6, "w_samples" : 6, "value" : [0.66666669, 0.33333334]},
				"node_07" : {"left" : null, "right" : null, "feature" : null, "threshold" : null, "impurity" : 0, "n_samples" : 3, "w_samples" : 3, "value" : [1, 0]},
				"node_08" : {"left" : null, "right" : null, "feature" : null, "threshold" : null, "impurity" : 0.44444442, "n_samples" : 3, "w_samples" : 3, "value" : [0.33333334, 0.66666669]},
				"node_09" : {"left" : null, "right" : null, "feature" : null, "threshold" : null, "impurity" : 0, "n_samples" : 5, "w_samples" : 5, "value" : [0, 1]},
				"node_10" : {"left" : null, "right" : null, "feature" : null, "threshold" : null, "impurity" : 0.44444442, "n_samples" : 3, "w_samples" : 3, "value" : [0.33333334, 0.66666669]}
				}
			}
		},
		"RF_Tree_16" : 		{
			"metadata" : { "model" : "Breiman_CART", "version" : "2024-W04"},
			"options" : { "ccp_alpha" : 0, "criterion" : "", "max_depth" : 6, "max_features" : 5, "max_leaf_nodes" : 32, "min_impurity_decrease" : 0, "min_samples_leaf" : 1, "min_samples_split" : 2, "min_weight_fraction_leaf" : 0.050000001, "random_state" : 3269833746, "splitter" : "best" },
			"classes" : [ 0, 1 ],
			"tree" : {
			"features" : 30,
			"outputs" : 2,
			"max_depth" : 2,
			"node_count" : 9,
			"nodes" : {
				"node_0" : {"left" : 1, "right" : 2, "feature" : 0, "threshold" : 13.305, "impurity" : 0.49951172, "n_samples" : 64, "w_samples" : 64, "value" : [0.515625, 0.484375]},
				"node_1" : {"left" : 7, "right" : 8, "feature" : 28, "threshold" : 0.31849998, "impurity" : 0.073964477, "n_samples" : 26, "w_samples" : 26, "value" : [0.03846154, 0.96153843]},
				"node_2" : {"left" : 3, "right" : 4, "feature" : 25, "threshold" : 0.15380001, "impurity" : 0.26592797, "n_samples" : 38, "w_samples" : 38, "value" : [0.84210527, 0.15789473]},
				"node_3" : {"left" : null, "right" : null, "feature" : null, "threshold" : null, "impurity" : 0, "n_samples" : 5, "w_samples" : 5, "value" : [0, 1]},
				"node_4" : {"left" : 5, "right" : 6, "feature" : 27, "threshold" : 0.13170001, "impurity" : 0.058769524, "n_samples" : 33, "w_samples" : 33, "value" : [0.969697, 0.030303031]},
				"node_5" : {"left" : null, "right" : null, "feature" : null, "threshold" : null, "impurity" : 0.44444442, "n_samples" : 3, "w_samples" : 3, "value" : [0.66666669, 0.33333334]},
				"node_6" : {"left" : null, "right" : null, "feature" : null, "threshold" : null, "impurity" : 0, "n_samples" : 30, "w_samples" : 30, "value" : [1, 0]},
				"node_7" : {"left" : null, "right" : null, "feature" : null, "threshold" : null, "impurity" : 0, "n_samples" : 23, "w_samples" : 23, "value" : [0, 1]},
				"node_8" : {"left" : null, "right" : null, "feature" : null, "threshold" : null, "impurity" : 0.44444442, "n_samples" : 3, "w_samples" : 3, "value" : [0.33333334, 0.66666669]}
				}
			}
		},
		"RF_Tree_17" : 		{
			"metadata" : { "model" : "Breiman_CART", "version" : "2024-W04"},
			"options" : { "ccp_alpha" : 0, "criterion" : "", "max_depth" : 6, "max_features" : 5, "max_leaf_nodes" : 32, "min_impurity_decrease" : 0, "min_samples_leaf" : 1, "min_samples_split" : 2, "min_weight_fraction_leaf" : 0.050000001, "random_state" : 1118676846, "splitter" : "best" },
			"classes" : [ 0, 1 ],
			"tree" : {
			"features" : 30,
			"outputs" : 2,
			"max_depth" : 2,
			"node_count" : 11,
			"nodes" : {
				"node_00" : {"left" : 1, "right" : 2, "feature" : 26, "threshold" : 0.24315, "impurity" : 0.49804688, "n_samples" : 64, "w_samples" : 64, "value" : [0.46875, 0.53125]},
				"node_01" : {"left" : 5, "right" : 6, "feature" : 15, "threshold" : 0.0101095, "impurity" : 0.12444443, "n_samples" : 30, "w_samples" : 30, "value" : [0.06666667, 0.93333334]},
				"node_02" : {"left" : 3, "right" : 4, "feature" : 21, "threshold" : 25.465, "impurity" : 0.29065746, "n_samples" : 34, "w_samples" : 34, "value" : [0.82352942, 0.17647059]},
				"node_03" : {"left" : 7, "right" : 8, "feature" : 27, "threshold" : 0.1114, "impurity" : 0.40816325, "n_samples" : 7, "w_samples" : 7, "value" : [0.2857143, 0.71428573]},
				"node_04" : {"left" : 9, "right" : 10, "feature" : 26, "threshold" : 0.72444999, "impurity" : 0.071330607, "n_samples" : 27, "w_samples" : 27, "value" : [0.96296299, 0.037037037]},
				"node_05" : {"left" : null, "right" : null, "feature" : null, "threshold" : null, "impurity" : 0.5, "n_samples" : 4, "w_samples" : 4, "value" : [0.5, 0.5]},
				"node_06" : {"left" : null, "right" : null, "feature" : null, "threshold" : null, "impurity" : 0, "n_samples" : 26, "w_samples" : 26, "value" : [0, 1]},
				"node_07" : {"left" : null, "right" : null, "feature" : null, "threshold" : null, "impurity" : 0, "n_samples" : 3, "w_samples" : 3, "value" : [0, 1]},
				"node_08" : {"left" : null, "right" : null, "feature" : null, "threshold" : null, "impurity" : 0.5, "n_samples" : 4, "w_samples" : 4, "value" : [0.5, 0.5]},
				"node_09" : {"left" : null, "right" : null, "feature" : null, "threshold" : null, "impurity" : 0, "n_samples" : 24, "w_samples" : 24, "value" : [1, 0]},
				"node_10" : {"left" : null, "right" : null, "feature" : null, "threshold" : null, "impurity" : 0.44444442, "n_samples" : 3, "w_samples" : 3, "value" : [0.66666669, 0.33333334]}
				}
			}
		},
		"RF_Tree_18" : 		{
			"metadata" : { "model" : "Breiman_CART", "version" : "2024-W04"},
			"options" : { "ccp_alpha" : 0, "criterion" : "", "max_depth" : 6, "max_features" : 5, "max_leaf_nodes" : 32, "min_impurity_decrease" : 0, "min_samples_leaf" : 1, "min_samples_split" : 2, "min_weight_fraction_leaf" : 0.050000001, "random_state" : 1054605305, "splitter" : "best" },
			"classes" : [ 0, 1 ],
			"tree" : {
			"features" : 30,
			"outputs" : 2,
			"max_depth" : 2,
			"node_count" : 7,
			"nodes" : {
				"node_0" : {"left" : 1, "right" : 2, "feature" : 20, "threshold" : 16.25, "impurity" : 0.4921875, "n_samples" : 64, "w_samples" : 64, "value" : [0.4375, 0.5625]},
				"node_1" : {"left" : null, "right" : null, "feature" : null, "threshold" : null, "impurity" : 0, "n_samples" : 31, "w_samples" : 31, "value" : [0, 1]},
				"node_2" : {"left" : 3, "right" : 4, "feature" : 29, "threshold" : 0.076085001, "impurity" : 0.25711662, "n_samples" : 33, "w_samples" : 33, "value" : [0.84848487, 0.15151516]},
				"node_3" : {"left" : null, "right" : null, "feature" : null, "threshold" : null, "impurity" : 0, "n_samples" : 4, "w_samples" : 4, "value" : [0, 1]},
				"node_4" : {"left" : 5, "right" : 6, "feature" : 26, "threshold" : 0.23199999, "impurity" : 0.066587389, "n_samples" : 29, "w_samples" : 29, "value" : [0.96551722, 0.034482758]},
				"node_5" : {"left" : null, "right" : null, "feature" : null, "threshold" : null, "impurity" : 0.44444442, "n_samples" : 3, "w_samples" : 3, "value" : [0.66666669, 0.33333334]},
				"node_6" : {"left" : null, "right" : null, "feature" : null, "threshold" : null, "impurity" : 0, "n_samples" : 26, "w_samples" : 26, "value" : [1, 0]}
				}
			}
		},
		"RF_Tree_19" : 		{
			"metadata" : { "model" : "Breiman_CART", "version" : "2024-W04"},
			"options" : { "ccp_alpha" : 0, "criterion" : "", "max_depth" : 6, "max_features" : 5, "max_leaf_nodes" : 32, "min_impurity_decrease" : 0, "min_samples_leaf" : 1, "min_samples_split" : 2, "min_weight_fraction_leaf" : 0.050000001, "random_state" : 481037980, "splitter" : "best" },
			"classes" : [ 0, 1 ],
			"tree" : {
			"features" : 30,
			"outputs" : 2,
			"max_depth" : 2,
			"node_count" : 9,
			"nodes" : {
				"node_0" : {"left" : 1, "right" : 2, "feature" : 6, "threshold" : 0.086154997, "impurity" : 0.47607422, "n_samples" : 64, "w_samples" : 64, "value" : [0.390625, 0.609375]},
				"node_1" : {"left" : 7, "right" : 8, "feature" : 27, "threshold" : 0.11445, "impurity" : 0.054012358, "n_samples" : 36, "w_samples" : 36, "value" : [0.027777778, 0.97222221]},
				"node_2" : {"left" : 3, "right" : 4, "feature" : 6, "threshold" : 0.123, "impurity" : 0.24489796, "n_samples" : 28, "w_samples" : 28, "value" : [0.85714287, 0.14285715]},
				"node_3" : {"left" : 5, "right" : 6, "feature" : 28, "threshold" : 0.30855, "impurity" : 0.5, "n_samples" : 8, "w_samples" : 8, "value" : [0.5, 0.5]},
				"node_4" : {"left" : null, "right" : null, "feature" : null, "threshold" : null, "impurity" : 0, "n_samples" : 20, "w_samples" : 20, "value" : [1, 0]},
				"node_5" : {"left" : null, "right" : null, "feature" : null, "threshold" : null, "impurity" : 0.31999999, "n_samples" : 5, "w_samples" : 5, "value" : [0.2, 0.80000001]},
				"node_6" : {"left" : null, "right" : null, "feature" : null, "threshold" : null, "impurity" : 0, "n_samples" : 3, "w_samples" : 3, "value" : [1, 0]},
				"node_7" : {"left" : null, "right" : null, "feature" : null, "threshold" : null, "impurity" : 0, "n_samples" : 32, "w_samples" : 32, "value" : [0, 1]},
				"node_8" : {"left" : null, "right" : null, "feature" : null, "threshold" : null, "impurity" : 0.375, "n_samples" : 4, "w_samples" : 4, "value" : [0.25, 0.75]}
				}
			}
		},
		"RF_Tree_20" : 		{
			"metadata" : { "model" : "Breiman_CART", "version" : "2024-W04"},
			"options" : { "ccp_alpha" : 0, "criterion" : "", "max_depth" : 6, "max_features" : 5, "max_leaf_nodes" : 32, "min_impurity_decrease" : 0, "min_samples_leaf" : 1, "min_samples_split" : 2, "min_weight_fraction_leaf" : 0.050000001, "random_state" : 3077853413, "splitter" : "best" },
			"classes" : [ 0, 1 ],
			"tree" : {
			"features" : 30,
			"outputs" : 2,
			"max_depth" : 2,
			"node_count" : 7,
			"nodes" : {
				"node_0" : {"left" : 1, "right" : 2, "feature" : 27, "threshold" : 0.11295, "impurity" : 0.49951172, "n_samples" : 64, "w_samples" : 64, "value" : [0.484375, 0.515625]},
				"node_1" : {"left" : null, "right" : null, "feature" : null, "threshold" : null, "impurity" : 0, "n_samples" : 30, "w_samples" : 30, "value" : [0, 1]},
				"node_2" : {"left" : 3, "right" : 4, "feature" : 29, "threshold" : 0.1244, "impurity" : 0.16089964, "n_samples" : 34, "w_samples" : 34, "value" : [0.91176468, 0.088235296]},
				"node_3" : {"left" : 5, "right" : 6, "feature" : 26, "threshold" : 0.26340002, "impurity" : 0.064444423, "n_samples" : 30, "w_samples" : 30, "value" : [0.96666664, 0.033333335]},
				"node_4" : {"left" : null, "right" : null, "feature" : null, "threshold" : null, "impurity" : 0.5, "n_samples" : 4, "w_samples" : 4, "value" : [0.5, 0.5]},
				"node_5" : {"left" : null, "right" : null, "feature" : null, "threshold" : null, "impurity" : 0.44444442, "n_samples" : 3, "w_samples" : 3, "value" : [0.66666669, 0.33333334]},
				"node_6" : {"left" : null, "right" : null, "feature" : null, "threshold" : null, "impurity" : 0, "n_samples" : 27, "w_samples" : 27, "value" : [1, 0]}
				}
			}
		},
		"RF_Tree_21" : 		{
			"metadata" : { "model" : "Breiman_CART", "version" : "2024-W04"},
			"options" : { "ccp_alpha" : 0, "criterion" : "", "max_depth" : 6, "max_features" : 5, "max_leaf_nodes" : 32, "min_impurity_decrease" : 0, "min_samples_leaf" : 1, "min_samples_split" : 2, "min_weight_fraction_leaf" : 0.050000001, "random_state" : 27436215, "splitter" : "best" },
			"classes" : [ 0, 1 ],
			"tree" : {
			"features" : 30,
			"outputs" : 2,
			"max_depth" : 2,
			"node_count" : 7,
			"nodes" : {
				"node_0" : {"left" : 1, "right" : 2, "feature" : 20, "threshold" : 15.004999, "impurity" : 0.44091797, "n_samples" : 64, "w_samples" : 64, "value" : [0.328125, 0.671875]},
				"node_1" : {"left" : null, "right" : null, "feature" : null, "threshold" : null, "impurity" : 0, "n_samples" : 33, "w_samples" : 33, "value" : [0, 1]},
				"node_2" : {"left" : 3, "right" : 4, "feature" : 27, "threshold" : 0.13170001, "impurity" : 0.43704474, "n_samples" : 31, "w_samples" : 31, "value" : [0.67741936, 0.32258064]},
				"node_3" : {"left" : 5, "right" : 6, "feature" : 16, "threshold" : 0.026310001, "impurity" : 0.27777779, "n_samples" : 12, "w_samples" : 12, "value" : [0.16666667, 0.83333331]},
				"node_4" : {"left" : null, "right" : null, "feature" : null, "threshold" : null, "impurity" : 0, "n_samples" : 19, "w_samples" : 19, "value" : [1, 0]},
				"node_5" : {"left" : null, "right" : null, "feature" : null, "threshold" : null, "impurity" : 0, "n_samples" : 9, "w_samples" : 9, "value" : [0, 1]},
				"node_6" : {"left" : null, "right" : null, "feature" : null, "threshold" : null, "impurity" : 0.44444442, "n_samples" : 3, "w_samples" : 3, "value" : [0.66666669, 0.33333334]}
				}
			}
		},
		"RF_Tree_22" : 		{
			"metadata" : { "model" : "Breiman_CART", "version" : "2024-W04"},
			"options" : { "ccp_alpha" : 0, "criterion" : "", "max_depth" : 6, "max_features" : 5, "max_leaf_nodes" : 32, "min_impurity_decrease" : 0, "min_samples_leaf" : 1, "min_samples_split" : 2, "min_weight_fraction_leaf" : 0.050000001, "random_state" : 1805084553, "splitter" : "best" },
			"classes" : [ 0, 1 ],
			"tree" : {
			"features" : 30,
			"outputs" : 2,
			"max_depth" : 3,
			"node_count" : 11,
			"nodes" : {
				"node_00" : {"left" : 1, "right" : 2, "feature" : 25, "threshold" : 0.25420001, "impurity" : 0.48779297, "n_samples" : 64, "w_samples" : 64, "value" : [0.421875, 0.578125]},
				"node_01" : {"left" : 5, "right" : 6, "feature" : 26, "threshold" : 0.2013, "impurity" : 0.1567347, "n_samples" : 35, "w_samples" : 35, "value" : [0.085714288, 0.91428572]},
				"node_02" : {"left" : 3, "right" : 4, "feature" : 10, "threshold" : 0.24789999, "impurity" : 0.28537458, "n_samples" : 29, "w_samples" : 29, "value" : [0.82758623, 0.1724138]},
				"node_03" : {"left" : null, "right" : null, "feature" : null, "threshold" : null, "impurity" : 0, "n_samples" : 5, "w_samples" : 5, "value" : [0, 1]},
				"node_04" : {"left" : null, "right" : null, "feature" : null, "threshold" : null, "impurity" : 0, "n_samples" : 24, "w_samples" : 24, "value" : [1, 0]},
				"node_05" : {"left" : 7, "right" : 8, "feature" : 28, "threshold" : 0.29080001, "impurity" : 0.060546875, "n_samples" : 32, "w_samples" : 32, "value" : [0.03125, 0.96875]},
				"node_06" : {"left" : null, "right" : null, "feature" : null, "threshold" : null, "impurity" : 0.44444442, "n_samples" : 3, "w_samples" : 3, "value" : [0.66666669, 0.33333334]},
				"node_07" : {"left" : null, "right" : null, "feature" : null, "threshold" : null, "impurity" : 0, "n_samples" : 24, "w_samples" : 24, "value" : [0, 1]},
				"node_08" : {"left" : 9, "right" : 10, "feature" : 28, "threshold" : 0.2969, "impurity" : 0.21875, "n_samples" : 8, "w_samples" : 8, "value" : [0.125, 0.875]},
				"node_09" : {"left" : null, "right" : null, "feature" : null, "threshold" : null, "impurity" : 0.44444442, "n_samples" : 3, "w_samples" : 3, "value" : [0.33333334, 0.66666669]},
				"node_10" : {"left" : null, "right" : null, "feature" : null, "threshold" : null, "impurity" : 0, "n_samples" : 5, "w_samples" : 5, "value" : [0, 1]}
				}
			}
		},
		"RF_Tree_23" : 		{
			"metadata" : { "model" : "Breiman_CART", "version" : "2024-W04"},
			"options" : { "ccp_alpha" : 0, "criterion" : "", "max_depth" : 6, "max_features" : 5, "max_leaf_nodes" : 32, "min_impurity_decrease" : 0, "min_samples_leaf" : 1, "min_samples_split" : 2, "min_weight_fraction_leaf" : 0.050000001, "random_state" : 2247625797, "splitter" : "best" },
			"classes" : [ 0, 1 ],
			"tree" : {
			"features" : 30,
			"outputs" : 2,
			"max_depth" : 2,
			"node_count" : 9,
			"nodes" : {
				"node_0" : {"left" : 1, "right" : 2, "feature" : 22, "threshold" : 106.4, "impurity" : 0.49560547, "n_samples" : 64, "w_samples" : 64, "value" : [0.453125, 0.546875]},
				"node_1" : {"left" : 7, "right" : 8, "feature" : 29, "threshold" : 0.12065, "impurity" : 0.12444443, "n_samples" : 30, "w_samples" : 30, "value" : [0.06666667, 0.93333334]},
				"node_2" : {"left" : 3, "right" : 4, "feature" : 16, "threshold" : 0.032315001, "impurity" : 0.32698959, "n_samples" : 34, "w_samples" : 34, "value" : [0.79411763, 0.20588236]},
				"node_3" : {"left" : 5, "right" : 6, "feature" : 26, "threshold" : 0.24315, "impurity" : 0.4970414, "n_samples" : 13, "w_samples" : 13, "value" : [0.46153846, 0.53846157]},
				"node_4" : {"left" : null, "right" : null, "feature" : null, "threshold" : null, "impurity" : 0, "n_samples" : 21, "w_samples" : 21, "value" : [1, 0]},
				"node_5" : {"left" : null, "right" : null, "feature" : null, "threshold" : null, "impurity" : 0, "n_samples" : 7, "w_samples" : 7, "value" : [0, 1]},
				"node_6" : {"left" : null, "right" : null, "feature" : null, "threshold" : null, "impurity" : 0, "n_samples" : 6, "w_samples" : 6, "value" : [1, 0]},
				"node_7" : {"left" : null, "right" : null, "feature" : null, "threshold" : null, "impurity" : 0, "n_samples" : 27, "w_samples" : 27, "value" : [0, 1]},
				"node_8" : {"left" : null, "right" : null, "feature" : null, "threshold" : null, "impurity" : 0.44444442, "n_samples" : 3, "w_samples" : 3, "value" : [0.66666669, 0.33333334]}
				}
			}
		},
		"RF_Tree_24" : 		{
			"metadata" : { "model" : "Breiman_CART", "version" : "2024-W04"},
			"options" : { "ccp_alpha" : 0, "criterion" : "", "max_depth" : 6, "max_features" : 5, "max_leaf_nodes" : 32, "min_impurity_decrease" : 0, "min_samples_leaf" : 1, "min_samples_split" : 2, "min_weight_fraction_leaf" : 0.050000001, "random_state" : 1720864835, "splitter" : "best" },
			"classes" : [ 0, 1 ],
			"tree" : {
			"features" : 30,
			"outputs" : 2,
			"max_depth" : 2,
			"node_count" : 9,
			"nodes" : {
				"node_0" : {"left" : 1, "right" : 2, "feature" : 16, "threshold" : 0.025584999, "impurity" : 0.49804688, "n_samples" : 64, "w_samples" : 64, "value" : [0.53125, 0.46875]},
				"node_1" : {"left" : 7, "right" : 8, "feature" : 27, "threshold" : 0.13699999, "impurity" : 0.23553717, "n_samples" : 22, "w_samples" : 22, "value" : [0.13636364, 0.86363637]},
				"node_2" : {"left" : 3, "right" : 4, "feature" : 4, "threshold" : 0.081925005, "impurity" : 0.3866213, "n_samples" : 42, "w_samples" : 42, "value" : [0.73809522, 0.26190478]},
				"node_3" : {"left" : null, "right" : null, "feature" : null, "threshold" : null, "impurity" : 0, "n_samples" : 7, "w_samples" : 7, "value" : [0, 1]},
				"node_4" : {"left" : 5, "right" : 6, "feature" : 27, "threshold" : 0.11295, "impurity" : 0.20244896, "n_samples" : 35, "w_samples" : 35, "value" : [0.88571429, 0.11428571]},
				"node_5" : {"left" : null, "right" : null, "feature" : null, "threshold" : null, "impurity" : 0, "n_samples" : 4, "w_samples" : 4, "value" : [0, 1]},
				"node_6" : {"left" : null, "right" : null, "feature" : null, "threshold" : null, "impurity" : 0, "n_samples" : 31, "w_samples" : 31, "value" : [1, 0]},
				"node_7" : {"left" : null, "right" : null, "feature" : null, "threshold" : null, "impurity" : 0, "n_samples" : 19, "w_samples" : 19, "value" : [0, 1]},
				"node_8" : {"left" : null, "right" : null, "feature" : null, "threshold" : null, "impurity" : 0, "n_samples" : 3, "w_samples" : 3, "value" : [1, 0]}
				}
			}
		},
		"RF_Tree_25" : 		{
			"metadata" : { "model" : "Breiman_CART", "version" : "2024-W04"},
			"options" : { "ccp_alpha" : 0, "criterion" : "", "max_depth" : 6, "max_features" : 5, "max_leaf_nodes" : 32, "min_impurity_decrease" : 0, "min_samples_leaf" : 1, "min_samples_split" : 2, "min_weight_fraction_leaf" : 0.050000001, "random_state" : 196522367, "splitter" : "best" },
			"classes" : [ 0, 1 ],
			"tree" : {
			"features" : 30,
			"outputs" : 2,
			"max_depth" : 2,
			"node_count" : 7,
			"nodes" : {
				"node_0" : {"left" : 1, "right" : 2, "feature" : 27, "threshold" : 0.11355, "impurity" : 0.48779297, "n_samples" : 64, "w_samples" : 64, "value" : [0.578125, 0.421875]},
				"node_1" : {"left" : null, "right" : null, "feature" : null, "threshold" : null, "impurity" : 0, "n_samples" : 24, "w_samples" : 24, "value" : [0, 1]},
				"node_2" : {"left" : 3, "right" : 4, "feature" : 26, "threshold" : 0.26005, "impurity" : 0.13875002, "n_samples" : 40, "w_samples" : 40, "value" : [0.92500001, 0.075000003]},
				"node_3" : {"left" : null, "right" : null, "feature" : null, "threshold" : null, "impurity" : 0.5, "n_samples" : 4, "w_samples" : 4, "value" : [0.5, 0.5]},
				"node_4" : {"left" : 5, "right" : 6, "feature" : 22, "threshold" : 103.635, "impurity" : 0.054012358, "n_samples" : 36, "w_samples" : 36, "value" : [0.97222221, 0.027777778]},
				"node_5" : {"left" : null, "right" : null, "feature" : null, "threshold" : null, "impurity" : 0.44444442, "n_samples" : 3, "w_samples" : 3, "value" : [0.66666669, 0.33333334]},
				"node_6" : {"left" : null, "right" : null, "feature" : null, "threshold" : null, "impurity" : 0, "n_samples" : 33, "w_samples" : 33, "value" : [1, 0]}
				}
			}
		},
		"RF_Tree_26" : 		{
			"metadata" : { "model" : "Breiman_CART", "version" : "2024-W04"},
			"options" : { "ccp_alpha" : 0, "criterion" : "", "max_depth" : 6, "max_features" : 5, "max_leaf_nodes" : 32, "min_impurity_decrease" : 0, "min_samples_leaf" : 1, "min_samples_split" : 2, "min_weight_fraction_leaf" : 0.050000001, "random_state" : 1047915562, "splitter" : "best" },
			"classes" : [ 0, 1 ],
			"tree" : {
			"features" : 30,
			"outputs" : 2,
			"max_depth" : 1,
			"node_count" : 7,
			"nodes" : {
				"node_0" : {"left" : 1, "right" : 2, "feature" : 22, "threshold" : 105.75, "impurity" : 0.48242188, "n_samples" : 64, "w_samples" : 64, "value" : [0.59375, 0.40625]},
				"node_1" : {"left" : 5, "right" : 6, "feature" : 29, "threshold" : 0.10425, "impurity" : 0.076799989, "n_samples" : 25, "w_samples" : 25, "value" : [0.039999999, 0.95999998]},
				"node_2" : {"left" : 3, "right" : 4, "feature" : 19, "threshold" : 0.001602, "impurity" : 0.097304404, "n_samples" : 39, "w_samples" : 39, "value" : [0.94871795, 0.051282052]},
				"node_3" : {"left" : null, "right" : null, "feature" : null, "threshold" : null, "impurity" : 0.44444442, "n_samples" : 3, "w_samples" : 3, "value" : [0.33333334, 0.66666669]},
				"node_4" : {"left" : null, "right" : null, "feature" : null, "threshold" : null, "impurity" : 0, "n_samples" : 36, "w_samples" : 36, "value" : [1, 0]},
				"node_5" : {"left" : null, "right" : null, "feature" : null, "threshold" : null, "impurity" : 0, "n_samples" : 22, "w_samples" : 22, "value" : [0, 1]},
				"node_6" : {"left" : null, "right" : null, "feature" : null, "threshold" : null, "impurity" : 0.44444442, "n_samples" : 3, "w_samples" : 3, "value" : [0.33333334, 0.66666669]}
				}
			}
		},
		"RF_Tree_27" : 		{
			"metadata" : { "model" : "Breiman_CART", "version" : "2024-W04"},
			"options" : { "ccp_alpha" : 0, "criterion" : "", "max_depth" : 6, "max_features" : 5, "max_leaf_nodes" : 32, "min_impurity_decrease" : 0, "min_samples_leaf" : 1, "min_samples_split" : 2, "min_weight_fraction_leaf" : 0.050000001, "random_state" : 3904152939, "splitter" : "best" },
			"classes" : [ 0, 1 ],
			"tree" : {
			"features" : 30,
			"outputs" : 2,
			"max_depth" : 2,
			"node_count" : 9,
			"nodes" : {
				"node_0" : {"left" : 1, "right" : 2, "feature" : 6, "threshold" : 0.07062, "impurity" : 0.4921875, "n_samples" : 64, "w_samples" : 64, "value" : [0.5625, 0.4375]},
				"node_1" : {"left" : 5, "right" : 6, "feature" : 27, "threshold" : 0.096424997, "impurity" : 0.19132656, "n_samples" : 28, "w_samples" : 28, "value" : [0.10714286, 0.89285713]},
				"node_2" : {"left" : 3, "right" : 4, "feature" : 0, "threshold" : 11.360001, "impurity" : 0.15277779, "n_samples" : 36, "w_samples" : 36, "value" : [0.91666669, 0.083333336]},
				"node_3" : {"left" : null, "right" : null, "feature" : null, "threshold" : null, "impurity" : 0, "n_samples" : 3, "w_samples" : 3, "value" : [0, 1]},
				"node_4" : {"left" : null, "right" : null, "feature" : null, "threshold" : null, "impurity" : 0, "n_samples" : 33, "w_samples" : 33, "value" : [1, 0]},
				"node_5" : {"left" : null, "right" : null, "feature" : null, "threshold" : null, "impurity" : 0, "n_samples" : 21, "w_samples" : 21, "value" : [0, 1]},
				"node_6" : {"left" : 7, "right" : 8, "feature" : 29, "threshold" : 0.073925003, "impurity" : 0.48979592, "n_samples" : 7, "w_samples" : 7, "value" : [0.42857143, 0.5714286]},
				"node_7" : {"left" : null, "right" : null, "feature" : null, "threshold" : null, "impurity" : 0, "n_samples" : 4, "w_samples" : 4, "value" : [0, 1]},
				"node_8" : {"left" : null, "right" : null, "feature" : null, "threshold" : null, "impurity" : 0, "n_samples" : 3, "w_samples" : 3, "value" : [1, 0]}
				}
			}
		},
		"RF_Tree_28" : 		{
			"metadata" : { "model" : "Breiman_CART", "version" : "2024-W04"},
			"options" : { "ccp_alpha" : 0, "criterion" : "", "max_depth" : 6, "max_features" : 5, "max_leaf_nodes" : 32, "min_impurity_decrease" : 0, "min_samples_leaf" : 1, "min_samples_split" : 2, "min_weight_fraction_leaf" : 0.050000001, "random_state" : 1989645768, "splitter" : "best" },
			"classes" : [ 0, 1 ],
			"tree" : {
			"features" : 30,
			"outputs" : 2,
			"max_depth" : 2,
			"node_count" : 9,
			"nodes" : {
				"node_0" : {"left" : 1, "right" : 2, "feature" : 2, "threshold" : 90.199997, "impurity" : 0.4921875, "n_samples" : 64, "w_samples" : 64, "value" : [0.5625, 0.4375]},
				"node_1" : {"left" : 5, "right" : 6, "feature" : 27, "threshold" : 0.11295, "impurity" : 0.14719999, "n_samples" : 25, "w_samples" : 25, "value" : [0.079999998, 0.92000002]},
				"node_2" : {"left" : 3, "right" : 4, "feature" : 27, "threshold" : 0.14434999, "impurity" : 0.22353715, "n_samples" : 39, "w_samples" : 39, "value" : [0.87179488, 0.12820514]},
				"node_3" : {"left" : 7, "right" : 8, "feature" : 3, "threshold" : 655.45001, "impurity" : 0.27777779, "n_samples" : 6, "w_samples" : 6, "value" : [0.16666667, 0.83333331]},
				"node_4" : {"left" : null, "right" : null, "feature" : null, "threshold" : null, "impurity" : 0, "n_samples" : 33, "w_samples" : 33, "value" : [1, 0]},
				"node_5" : {"left" : null, "right" : null, "feature" : null, "threshold" : null, "impurity" : 0, "n_samples" : 21, "w_samples" : 21, "value" : [0, 1]},
				"node_6" : {"left" : null, "right" : null, "feature" : null, "threshold" : null, "impurity" : 0.5, "n_samples" : 4, "w_samples" : 4, "value" : [0.5, 0.5]},
				"node_7" : {"left" : null, "right" : null, "feature" : null, "threshold" : null, "impurity" : 0.44444442, "n_samples" : 3, "w_samples" : 3, "value" : [0.33333334, 0.66666669]},
				"node_8" : {"left" : null, "right" : null, "feature" : null, "threshold" : null, "impurity" : 0, "n_samples" : 3, "w_samples" : 3, "value" : [0, 1]}
				}
			}
		},
		"RF_Tree_29" : 		{
			"metadata" : { "model" : "Breiman_CART", "version" : "2024-W04"},
			"options" : { "ccp_alpha" : 0, "criterion" : "", "max_depth" : 6, "max_features" : 5, "max_leaf_nodes" : 32, "min_impurity_decrease" : 0, "min_samples_leaf" : 1, "min_samples_split" : 2, "min_weight_fraction_leaf" : 0.050000001, "random_state" : 2165195869, "splitter" : "best" },
			"classes" : [ 0, 1 ],
			"tree" : {
			"features" : 30,
			"outputs" : 2,
			"max_depth" : 2,
			"node_count" : 9,
			"nodes" : {
				"node_0" : {"left" : 1, "right" : 2, "feature" : 2, "threshold" : 90.099998, "impurity" : 0.49951172, "n_samples" : 64, "w_samples" : 64, "value" : [0.484375, 0.515625]},
				"node_1" : {"left" : 5, "right" : 6, "feature" : 26, "threshold" : 0.56050003, "impurity" : 0.18549347, "n_samples" : 29, "w_samples" : 29, "value" : [0.10344828, 0.89655173]},
				"node_2" : {"left" : 3, "right" : 4, "feature" : 26, "threshold" : 0.24315, "impurity" : 0.31999999, "n_samples" : 35, "w_samples" : 35, "value" : [0.80000001, 0.2]},
				"node_3" : {"left" : 7, "right" : 8, "feature" : 29, "threshold" : 0.077085003, "impurity" : 0.34567899, "n_samples" : 9, "w_samples" : 9, "value" : [0.22222222, 0.77777779]},
				"node_4" : {"left" : null, "right" : null, "feature" : null, "threshold" : null, "impurity" : 0, "n_samples" : 26, "w_samples" : 26, "value" : [1, 0]},
				"node_5" : {"left" : null, "right" : null, "feature" : null, "threshold" : null, "impurity" : 0, "n_samples" : 26, "w_samples" : 26, "value" : [0, 1]},
				"node_6" : {"left" : null, "right" : null, "feature" : null, "threshold" : null, "impurity" : 0, "n_samples" : 3, "w_samples" : 3, "value" : [1, 0]},
				"node_7" : {"left" : null, "right" : null, "feature" : null, "threshold" : null, "impurity" : 0, "n_samples" : 6, "w_samples" : 6, "value" : [0, 1]},
				"node_8" : {"left" : null, "right" : null, "feature" : null, "threshold" : null, "impurity" : 0.44444442, "n_samples" : 3, "w_samples" : 3, "value" : [0.66666669, 0.33333334]}
				}
			}
		},
		"RF_Tree_30" : 		{
			"metadata" : { "model" : "Breiman_CART", "version" : "2024-W04"},
			"options" : { "ccp_alpha" : 0, "criterion" : "", "max_depth" : 6, "max_features" : 5, "max_leaf_nodes" : 32, "min_impurity_decrease" : 0, "min_samples_leaf" : 1, "min_samples_split" : 2, "min_weight_fraction_leaf" : 0.050000001, "random_state" : 224589088, "splitter" : "best" },
			"classes" : [ 0, 1 ],
			"tree" : {
			"features" : 30,
			"outputs" : 2,
			"max_depth" : 2,
			"node_count" : 7,
			"nodes" : {
				"node_0" : {"left" : 1, "right" : 2, "feature" : 20, "threshold" : 14.575, "impurity" : 0.5, "n_samples" : 64, "w_samples" : 64, "value" : [0.5, 0.5]},
				"node_1" : {"left" : null, "right" : null, "feature" : null, "threshold" : null, "impurity" : 0, "n_samples" : 23, "w_samples" : 23, "value" : [0, 1]},
				"node_2" : {"left" : 3, "right" : 4, "feature" : 26, "threshold" : 0.23199999, "impurity" : 0.34265316, "n_samples" : 41, "w_samples" : 41, "value" : [0.78048778, 0.21951219]},
				"node_3" : {"left" : 5, "right" : 6, "feature" : 20, "threshold" : 17.77, "impurity" : 0.18000001, "n_samples" : 10, "w_samples" : 10, "value" : [0.1, 0.89999998]},
				"node_4" : {"left" : null, "right" : null, "feature" : null, "threshold" : null, "impurity" : 0, "n_samples" : 31, "w_samples" : 31, "value" : [1, 0]},
				"node_5" : {"left" : null, "right" : null, "feature" : null, "threshold" : null, "impurity" : 0, "n_samples" : 7, "w_samples" : 7, "value" : [0, 1]},
				"node_6" : {"left" : null, "right" : null, "feature" : null, "threshold" : null, "impurity" : 0.44444442, "n_samples" : 3, "w_samples" : 3, "value" : [0.33333334, 0.66666669]}
				}
			}
		},
		"RF_Tree_31" : 		{
			"metadata" : { "model" : "Breiman_CART", "version" : "2024-W04"},
			"options" : { "ccp_alpha" : 0, "criterion" : "", "max_depth" : 6, "max_features" : 5, "max_leaf_nodes" : 32, "min_impurity_decrease" : 0, "min_samples_leaf" : 1, "min_samples_split" : 2, "min_weight_fraction_leaf" : 0.050000001, "random_state" : 2269938635, "splitter" : "best" },
			"classes" : [ 0, 1 ],
			"tree" : {
			"features" : 30,
			"outputs" : 2,
			"max_depth" : 2,
			"node_count" : 9,
			"nodes" : {
				"node_0" : {"left" : 1, "right" : 2, "feature" : 22, "threshold" : 106.4, "impurity" : 0.49951172, "n_samples" : 64, "w_samples" : 64, "value" : [0.515625, 0.484375]},
				"node_1" : {"left" : 3, "right" : 4, "feature" : 29, "threshold" : 0.1547, "impurity" : 0.17481792, "n_samples" : 31, "w_samples" : 31, "value" : [0.096774191, 0.90322578]},
				"node_2" : {"left" : 5, "right" : 6, "feature" : 19, "threshold" : 0.0029124999, "impurity" : 0.16528928, "n_samples" : 33, "w_samples" : 33, "value" : [0.90909094, 0.090909094]},
				"node_3" : {"left" : null, "right" : null, "feature" : null, "threshold" : null, "impurity" : 0, "n_samples" : 28, "w_samples" : 28, "value" : [0, 1]},
				"node_4" : {"left" : null, "right" : null, "feature" : null, "threshold" : null, "impurity" : 0, "n_samples" : 3, "w_samples" : 3, "value" : [1, 0]},
				"node_5" : {"left" : 7, "right" : 8, "feature" : 26, "threshold" : 0.24315, "impurity" : 0.39669424, "n_samples" : 11, "w_samples" : 11, "value" : [0.72727275, 0.27272728]},
				"node_6" : {"left" : null, "right" : null, "feature" : null, "threshold" : null, "impurity" : 0, "n_samples" : 22, "w_samples" : 22, "value" : [1, 0]},
				"node_7" : {"left" : null, "right" : null, "feature" : null, "threshold" : null, "impurity" : 0, "n_samples" : 3, "w_samples" : 3, "value" : [0, 1]},
				"node_8" : {"left" : null, "right" : null, "feature" : null, "threshold" : null, "impurity" : 0, "n_samples" : 8, "w_samples" : 8, "value" : [1, 0]}
				}
			}
		}

	}
}
MODEL_JSON_DUMP_END
MCU_DEPLOY_CLASSIFICATION_CODE MODEL_PREDICT_STEP
MLLITE_AUTO_DEPLOY_BREASTCANCER_SMALL_APPLY_OUTPUT_CLASS  [ 0, 0, 0, 1, 1,  ... , 0, 1, 0, 0, 1 ]
MCU_DEPLOY_CLASSIFICATION_CODE MODEL_PREDICT_PROBA_STEP
MLLITE_AUTO_DEPLOY_BREASTCANCER_SMALL_APPLY_OUTPUT_PROBA 0 [ 0.96354169, 0.036458336 ]
MLLITE_AUTO_DEPLOY_BREASTCANCER_SMALL_APPLY_OUTPUT_PROBA 1 [ 0.984375, 0.015625 ]
MLLITE_AUTO_DEPLOY_BREASTCANCER_SMALL_APPLY_OUTPUT_PROBA 2 [ 1, 0 ]
MLLITE_AUTO_DEPLOY_BREASTCANCER_SMALL_APPLY_OUTPUT_PROBA 3 [ 0.010416667, 0.98958331 ]
MLLITE_AUTO_DEPLOY_BREASTCANCER_SMALL_APPLY_OUTPUT_PROBA 4 [ 0.03125, 0.96875 ]
...
MLLITE_AUTO_DEPLOY_BREASTCANCER_SMALL_APPLY_OUTPUT_PROBA 59 [ 1, 0 ]
MLLITE_AUTO_DEPLOY_BREASTCANCER_SMALL_APPLY_OUTPUT_PROBA 60 [ 0, 1 ]
MLLITE_AUTO_DEPLOY_BREASTCANCER_SMALL_APPLY_OUTPUT_PROBA 61 [ 1, 0 ]
MLLITE_AUTO_DEPLOY_BREASTCANCER_SMALL_APPLY_OUTPUT_PROBA 62 [ 0.97916669, 0.020833334 ]
MLLITE_AUTO_DEPLOY_BREASTCANCER_SMALL_APPLY_OUTPUT_PROBA 63 [ 0.020833334, 0.97916669 ]
MCU_DEPLOY_CLASSIFICATION_CODE MODEL_COMPUTE_PERF_STEP
MLLITE_AUTO_DEPLOY_BREASTCANCER_SMALL_CLASS_PERFS { "count" : 64, "precision" : 0.984375,  "AUC" : [ 0.99902248, 0.99902248 ] }
This will be printed
MCU_DEPLOY_CLASSIFICATION_CODE ALL_STEPS_OK
MCU_DEPLOY_CLASSIFICATION_CODE done
MLLITE_MCU_TIMER_OPERATION_ELAPSED_SECONDS 'MLLITE.MCU_DEPLOY.CLASSIFICATION.Ho_RandomForest.BREASTCANCER_SMALL' 0
MLLITE_MCU_TIMER_OPERATION_END 'MLLITE.MCU_DEPLOY.CLASSIFICATION.Ho_RandomForest.BREASTCANCER_SMALL' [ 'Tue Jan 30 11:36:29 2024' ]
MCU_DEPLOY_ON_TARGET_ARMV7_32_END
