MCU_DEPLOY_ON_TARGET_ARMV7_32_START
MLLITE_MCU_TIMER_OPERATION_START 'MLLITE.MCU_DEPLOY.CLASSIFICATION.Tikhonov_Ridge.BREASTCANCER_ORIGINAL' [ 'Tue Jan 30 11:36:14 2024' ]
MLLite starting
MCU_DEPLOY_CLASSIFICATION_CODE CREATE_DATASET_STEP
MCU_DEPLOY_CLASSIFICATION_CODE CREATE_MODEL_STEP
MCU_DEPLOY_CLASSIFICATION_MODEL_OPTIONS
{ "alpha" : 0.0099999998, "random_state" : 1789 }
MCU_DEPLOY_CLASSIFICATION_CODE FIT_MODEL_STEP
PROGRESS_REPORT_ELAPSED_TOTAL 'RIDGE_CLASSIFIER_FIT' 1 4
PROGRESS_REPORT_ELAPSED_TOTAL 'RIDGE_CLASSIFIER_FIT' 3 4
PROGRESS_REPORT_ELAPSED_TOTAL 'CHOLESKY_SOLVER' 1 6
PROGRESS_REPORT_ELAPSED_TOTAL 'CHOLESKY_SOLVER' 2 6
PROGRESS_REPORT_ELAPSED_TOTAL 'CHOLESKY_SOLVER' 3 6
PROGRESS_REPORT_ELAPSED_TOTAL 'CHOLESKY_SOLVER' 4 6
PROGRESS_REPORT_ELAPSED_TOTAL 'CHOLESKY_SOLVER' 5 6
PROGRESS_REPORT_ELAPSED_TOTAL 'CHOLESKY_SOLVER' 6 6
PROGRESS_REPORT_ELAPSED_TOTAL 'RIDGE_CLASSIFIER_FIT' 4 4
MCU_DEPLOY_CLASSIFICATION_CODE MODEL_JSON_EXPORT_STEP
MODEL_JSON_DUMP_START
{
	"metadata" : { "model" : "Tikhonov_Ridge", "version" : "2024-W04"},
	"options" : { "alpha" : 0.0099999998, "random_state" : 1789 },
	"classes" : [ 0, 1 ],
	"equations" : {
		"class_1" : {
			"intercept" : 4.7605453,
			"coeffs" : [ 0.27125669, -0.019994797, -0.026892699, -0.00055462541, 0.75107896, 6.7000861, -2.2443416, -3.7866619, -0.23536023, 0.30610275, -0.95049548, -0.032565199, 0.0074768234, 0.0033460688, -5.1553717, -1.3933029, 4.9454846, -4.0052786, -2.5468369, -0.013465881, -0.34953171, -0.0052413726, 0.0070975013, 0.0017552122, -4.1613994, -0.052978039, -0.62197053, -2.4890294, -0.9964757, -4.466217 ]
		}
	}
}
MODEL_JSON_DUMP_END
MCU_DEPLOY_CLASSIFICATION_CODE MODEL_PREDICT_STEP
MLLITE_AUTO_DEPLOY_BREASTCANCER_ORIGINAL_APPLY_OUTPUT_CLASS  [ 0, 0, 0, 0, 0,  ... , 0, 0, 0, 0, 1 ]
MCU_DEPLOY_CLASSIFICATION_CODE MODEL_PREDICT_PROBA_STEP
MLLITE_AUTO_DEPLOY_BREASTCANCER_ORIGINAL_APPLY_OUTPUT_PROBA 0 [ 0.90357548, 0.096424498 ]
MLLITE_AUTO_DEPLOY_BREASTCANCER_ORIGINAL_APPLY_OUTPUT_PROBA 1 [ 0.78128833, 0.2187117 ]
MLLITE_AUTO_DEPLOY_BREASTCANCER_ORIGINAL_APPLY_OUTPUT_PROBA 2 [ 0.9260242, 0.073975787 ]
MLLITE_AUTO_DEPLOY_BREASTCANCER_ORIGINAL_APPLY_OUTPUT_PROBA 3 [ 0.93990546, 0.060094427 ]
MLLITE_AUTO_DEPLOY_BREASTCANCER_ORIGINAL_APPLY_OUTPUT_PROBA 4 [ 0.74278021, 0.2572197 ]
...
MLLITE_AUTO_DEPLOY_BREASTCANCER_ORIGINAL_APPLY_OUTPUT_PROBA 564 [ 0.9501065, 0.049893513 ]
MLLITE_AUTO_DEPLOY_BREASTCANCER_ORIGINAL_APPLY_OUTPUT_PROBA 565 [ 0.86776215, 0.13223791 ]
MLLITE_AUTO_DEPLOY_BREASTCANCER_ORIGINAL_APPLY_OUTPUT_PROBA 566 [ 0.57804304, 0.4219569 ]
MLLITE_AUTO_DEPLOY_BREASTCANCER_ORIGINAL_APPLY_OUTPUT_PROBA 567 [ 0.98522669, 0.014773313 ]
MLLITE_AUTO_DEPLOY_BREASTCANCER_ORIGINAL_APPLY_OUTPUT_PROBA 568 [ 0.06847129, 0.93152875 ]
MCU_DEPLOY_CLASSIFICATION_CODE MODEL_COMPUTE_PERF_STEP
MLLITE_AUTO_DEPLOY_BREASTCANCER_ORIGINAL_CLASS_PERFS { "count" : 569, "precision" : 0.96309316,  "AUC" : [ 0.99694782, 0.99694782 ] }
This will be printed
MCU_DEPLOY_CLASSIFICATION_CODE ALL_STEPS_OK
MCU_DEPLOY_CLASSIFICATION_CODE done
MLLITE_MCU_TIMER_OPERATION_ELAPSED_SECONDS 'MLLITE.MCU_DEPLOY.CLASSIFICATION.Tikhonov_Ridge.BREASTCANCER_ORIGINAL' 0
MLLITE_MCU_TIMER_OPERATION_END 'MLLITE.MCU_DEPLOY.CLASSIFICATION.Tikhonov_Ridge.BREASTCANCER_ORIGINAL' [ 'Tue Jan 30 11:36:14 2024' ]
MCU_DEPLOY_ON_TARGET_ARMV7_32_END
