MCU_DEPLOY_ON_TARGET_ARMV7_32_START
MLLITE_MCU_TIMER_OPERATION_START 'MLLITE.MCU_DEPLOY.CLASSIFICATION.Friedman_XGB.FOURCLASS_10_SMALL' [ 'Sat Feb  3 21:09:51 2024' ]
MLLite starting
MCU_DEPLOY_CLASSIFICATION_CODE CREATE_DATASET_STEP
MCU_DEPLOY_CLASSIFICATION_CODE CREATE_MODEL_STEP
MCU_DEPLOY_CLASSIFICATION_MODEL_OPTIONS
{ "base_score" : [ ], "early_stopping_rounds" : 0, "eval_metric" : "", "gamma" : 0, "grow_policy" : 0, "learning_rate" : 0.30000001, "max_bin" : 5, "max_depth" : 6, "max_leaves" : 32, "min_child_weight" : 10, "n_estimators" : 6, "objective" : "reg:squarederror", "reg_alpha" : 0, "reg_lambda" : 1, "tree_method" : "auto" }
MCU_DEPLOY_CLASSIFICATION_CODE FIT_MODEL_STEP
PROGRESS_REPORT_ELAPSED_TOTAL 'XGB_CLASSIFIER_FIT' 1 3
PROGRESS_REPORT_ELAPSED_TOTAL 'XGB_CLASSIFIER_FIT' 2 3
PROGRESS_REPORT_ELAPSED_TOTAL 'XGB_MODEL_FIT' 1 8
PROGRESS_REPORT_ELAPSED_TOTAL 'XGB_MODEL_FIT' 2 8
PROGRESS_REPORT_ELAPSED_TOTAL 'XGB_MODEL_FIT' 3 8
PROGRESS_REPORT_ELAPSED_TOTAL 'XGB_MODEL_FIT' 4 8
PROGRESS_REPORT_ELAPSED_TOTAL 'XGB_MODEL_FIT' 5 8
PROGRESS_REPORT_ELAPSED_TOTAL 'XGB_MODEL_FIT' 6 8
PROGRESS_REPORT_ELAPSED_TOTAL 'XGB_MODEL_FIT' 7 8
PROGRESS_REPORT_ELAPSED_TOTAL 'XGB_MODEL_FIT' 8 8
PROGRESS_REPORT_ELAPSED_TOTAL 'XGB_CLASSIFIER_FIT' 3 3
MCU_DEPLOY_CLASSIFICATION_CODE MODEL_JSON_EXPORT_STEP
MODEL_JSON_DUMP_START
{
	"metadata" : { "model" : "Friedman_XGB", "version" : "2024-W04"},
	"options" : { "base_score" : [ ], "early_stopping_rounds" : 0, "eval_metric" : "", "gamma" : 0, "grow_policy" : 0, "learning_rate" : 0.30000001, "max_bin" : 5, "max_depth" : 6, "max_leaves" : 32, "min_child_weight" : 10, "n_estimators" : 6, "objective" : "reg:squarederror", "reg_alpha" : 0, "reg_lambda" : 1, "tree_method" : "auto" },
	"dataset" : { "dataset_rows" : 64, "dataset_features" : 10 },
	"classes" : [ 0, 1, 2, 3 ],
	"booster" : {
		"BaseScore" : [ 0.265625, 0.296875, 0.21875, 0.21875 ],
		"Trees" : 6,
		"Tree_0" : {
			"Node_0" : { "leaf_value" : [ 0.265625, 0.296875, 0.21875, 0.21875 ], "parent" : null, "left" : null, "right" : null, "svalue" : 0, "sindex" : 0 }
		},
		"Tree_1" : {
			"Node_0" : { "leaf_value" : [ 0.53125, 0.59375, 0.4375, 0.4375 ], "parent" : null, "left" : null, "right" : null, "svalue" : 0, "sindex" : 0 }
		},
		"Tree_2" : {
			"Node_0" : { "leaf_value" : [ 1.0625, 1.1875, 0.875, 0.875 ], "parent" : null, "left" : null, "right" : null, "svalue" : 0, "sindex" : 0 }
		},
		"Tree_3" : {
			"Node_0" : { "leaf_value" : [ 2.125, 2.375, 1.75, 1.75 ], "parent" : null, "left" : null, "right" : null, "svalue" : 0, "sindex" : 0 }
		},
		"Tree_4" : {
			"Node_0" : { "leaf_value" : [ 4.25, 4.75, 3.5, 3.5 ], "parent" : null, "left" : null, "right" : null, "svalue" : 0, "sindex" : 0 }
		},
		"Tree_5" : {
			"Node_0" : { "leaf_value" : [ 8.5, 9.5, 7, 7 ], "parent" : null, "left" : null, "right" : null, "svalue" : 0, "sindex" : 0 }
		}
	}
}
MODEL_JSON_DUMP_END
MCU_DEPLOY_CLASSIFICATION_CODE MODEL_PREDICT_STEP
MLLITE_AUTO_DEPLOY_FOURCLASS_10_SMALL_APPLY_OUTPUT_CLASS  [ 1, 1, 1, 1, 1,  ... , 1, 1, 1, 1, 1 ]
MCU_DEPLOY_CLASSIFICATION_CODE MODEL_PREDICT_PROBA_STEP
MLLITE_AUTO_DEPLOY_FOURCLASS_10_SMALL_APPLY_OUTPUT_PROBA 0 [ 0.11780469, 0.87046546, 0.0058651501, 0.0058651501 ]
MLLITE_AUTO_DEPLOY_FOURCLASS_10_SMALL_APPLY_OUTPUT_PROBA 1 [ 0.11780469, 0.87046546, 0.0058651501, 0.0058651501 ]
MLLITE_AUTO_DEPLOY_FOURCLASS_10_SMALL_APPLY_OUTPUT_PROBA 2 [ 0.11780469, 0.87046546, 0.0058651501, 0.0058651501 ]
MLLITE_AUTO_DEPLOY_FOURCLASS_10_SMALL_APPLY_OUTPUT_PROBA 3 [ 0.11780469, 0.87046546, 0.0058651501, 0.0058651501 ]
MLLITE_AUTO_DEPLOY_FOURCLASS_10_SMALL_APPLY_OUTPUT_PROBA 4 [ 0.11780469, 0.87046546, 0.0058651501, 0.0058651501 ]
...
MLLITE_AUTO_DEPLOY_FOURCLASS_10_SMALL_APPLY_OUTPUT_PROBA 59 [ 0.11780469, 0.87046546, 0.0058651501, 0.0058651501 ]
MLLITE_AUTO_DEPLOY_FOURCLASS_10_SMALL_APPLY_OUTPUT_PROBA 60 [ 0.11780469, 0.87046546, 0.0058651501, 0.0058651501 ]
MLLITE_AUTO_DEPLOY_FOURCLASS_10_SMALL_APPLY_OUTPUT_PROBA 61 [ 0.11780469, 0.87046546, 0.0058651501, 0.0058651501 ]
MLLITE_AUTO_DEPLOY_FOURCLASS_10_SMALL_APPLY_OUTPUT_PROBA 62 [ 0.11780469, 0.87046546, 0.0058651501, 0.0058651501 ]
MLLITE_AUTO_DEPLOY_FOURCLASS_10_SMALL_APPLY_OUTPUT_PROBA 63 [ 0.11780469, 0.87046546, 0.0058651501, 0.0058651501 ]
MCU_DEPLOY_CLASSIFICATION_CODE MODEL_COMPUTE_PERF_STEP
MLLITE_AUTO_DEPLOY_FOURCLASS_10_SMALL_CLASS_PERFS { "count" : 64, "precision" : 0.296875,  "AUC" : [ 1, 1, 1, 1 ] }
This will be printed
MCU_DEPLOY_CLASSIFICATION_CODE ALL_STEPS_OK
MCU_DEPLOY_CLASSIFICATION_CODE done
MLLITE_MCU_TIMER_OPERATION_ELAPSED_SECONDS 'MLLITE.MCU_DEPLOY.CLASSIFICATION.Friedman_XGB.FOURCLASS_10_SMALL' 0
MLLITE_MCU_TIMER_OPERATION_END 'MLLITE.MCU_DEPLOY.CLASSIFICATION.Friedman_XGB.FOURCLASS_10_SMALL' [ 'Sat Feb  3 21:09:51 2024' ]
MCU_DEPLOY_ON_TARGET_ARMV7_32_END
