MCU_DEPLOY_ON_TARGET_ARMV7_32_START
MLLITE_MCU_TIMER_OPERATION_START 'MLLITE.MCU_DEPLOY.CLASSIFICATION.Friedman_XGB.BREASTCANCER_SMALL' [ 'Tue Jan 30 11:36:31 2024' ]
MLLite starting
MCU_DEPLOY_CLASSIFICATION_CODE CREATE_DATASET_STEP
MCU_DEPLOY_CLASSIFICATION_CODE CREATE_MODEL_STEP
MCU_DEPLOY_CLASSIFICATION_MODEL_OPTIONS
{ "base_score" : [ ], "early_stopping_rounds" : 0, "eval_metric" : "", "gamma" : 0, "grow_policy" : 0, "learning_rate" : 0.30000001, "max_bin" : 5, "max_depth" : 6, "max_leaves" : 32, "min_child_weight" : 10, "n_estimators" : 6, "objective" : "reg:squarederror", "reg_alpha" : 0, "reg_lambda" : 1, "tree_method" : "auto" }
MCU_DEPLOY_CLASSIFICATION_CODE FIT_MODEL_STEP
PROGRESS_REPORT_ELAPSED_TOTAL 'XGB_CLASSIFIER_FIT' 1 3
PROGRESS_REPORT_ELAPSED_TOTAL 'XGB_CLASSIFIER_FIT' 2 3
PROGRESS_REPORT_ELAPSED_TOTAL 'XGB_MODEL_FIT' 1 8
PROGRESS_REPORT_ELAPSED_TOTAL 'XGB_MODEL_FIT' 2 8
PROGRESS_REPORT_ELAPSED_TOTAL 'XGB_MODEL_FIT' 3 8
PROGRESS_REPORT_ELAPSED_TOTAL 'XGB_MODEL_FIT' 4 8
PROGRESS_REPORT_ELAPSED_TOTAL 'XGB_MODEL_FIT' 5 8
PROGRESS_REPORT_ELAPSED_TOTAL 'XGB_MODEL_FIT' 6 8
PROGRESS_REPORT_ELAPSED_TOTAL 'XGB_MODEL_FIT' 7 8
PROGRESS_REPORT_ELAPSED_TOTAL 'XGB_MODEL_FIT' 8 8
PROGRESS_REPORT_ELAPSED_TOTAL 'XGB_CLASSIFIER_FIT' 3 3
MCU_DEPLOY_CLASSIFICATION_CODE MODEL_JSON_EXPORT_STEP
MODEL_JSON_DUMP_START
{
	"metadata" : { "model" : "Friedman_XGB", "version" : "2024-W04"},
	"options" : { "base_score" : [ ], "early_stopping_rounds" : 0, "eval_metric" : "", "gamma" : 0, "grow_policy" : 0, "learning_rate" : 0.30000001, "max_bin" : 5, "max_depth" : 6, "max_leaves" : 32, "min_child_weight" : 10, "n_estimators" : 6, "objective" : "reg:squarederror", "reg_alpha" : 0, "reg_lambda" : 1, "tree_method" : "auto" },
	"classes" : [ 0, 1 ],
	"booster" : {
		"BaseScore" : [ 0.484375, 0.515625 ],
		"Trees" : 6,
		"Tree_0" : {
			"Node_0" : { "leaf_value" : [ ], "parent" : null, "left" : 1, "right" : 2, "svalue" : 0.153, "sindex" : 27 },
			"Node_1" : { "leaf_value" : [ -0.20559488, 0.20559491 ], "parent" : 0, "left" : null, "right" : null, "svalue" : 0, "sindex" : 0 },
			"Node_2" : { "leaf_value" : [ 0.28298798, -0.28298795 ], "parent" : 0, "left" : null, "right" : null, "svalue" : 0, "sindex" : 0 }
		},
		"Tree_1" : {
			"Node_0" : { "leaf_value" : [ ], "parent" : null, "left" : 1, "right" : 2, "svalue" : 0.153, "sindex" : 27 },
			"Node_1" : { "leaf_value" : [ -0.15493563, 0.15493563 ], "parent" : 0, "left" : null, "right" : null, "svalue" : 0, "sindex" : 0 },
			"Node_2" : { "leaf_value" : [ 0.21973455, -0.21973455 ], "parent" : 0, "left" : null, "right" : null, "svalue" : 0, "sindex" : 0 }
		},
		"Tree_2" : {
			"Node_0" : { "leaf_value" : [ ], "parent" : null, "left" : 1, "right" : 2, "svalue" : 98.870003, "sindex" : 22 },
			"Node_1" : { "leaf_value" : [ -0.20212369, 0.2021237 ], "parent" : 0, "left" : null, "right" : null, "svalue" : 0, "sindex" : 0 },
			"Node_2" : { "leaf_value" : [ 0.140442, -0.14044203 ], "parent" : 0, "left" : null, "right" : null, "svalue" : 0, "sindex" : 0 }
		},
		"Tree_3" : {
			"Node_0" : { "leaf_value" : [ ], "parent" : null, "left" : 1, "right" : 2, "svalue" : 0.20370001, "sindex" : 25 },
			"Node_1" : { "leaf_value" : [ -0.11879208, 0.11879206 ], "parent" : 0, "left" : null, "right" : null, "svalue" : 0, "sindex" : 0 },
			"Node_2" : { "leaf_value" : [ 0.084227875, -0.084227912 ], "parent" : 0, "left" : null, "right" : null, "svalue" : 0, "sindex" : 0 }
		},
		"Tree_4" : {
			"Node_0" : { "leaf_value" : [ 0.48609155, 0.51390851 ], "parent" : null, "left" : null, "right" : null, "svalue" : 0, "sindex" : 0 }
		},
		"Tree_5" : {
			"Node_0" : { "leaf_value" : [ 0.97218311, 1.027817 ], "parent" : null, "left" : null, "right" : null, "svalue" : 0, "sindex" : 0 }
		}
	}
}
MODEL_JSON_DUMP_END
MCU_DEPLOY_CLASSIFICATION_CODE MODEL_PREDICT_STEP
MLLITE_AUTO_DEPLOY_BREASTCANCER_SMALL_APPLY_OUTPUT_CLASS  [ 0, 0, 0, 1, 1,  ... , 0, 1, 0, 0, 1 ]
MCU_DEPLOY_CLASSIFICATION_CODE MODEL_PREDICT_PROBA_STEP
MLLITE_AUTO_DEPLOY_BREASTCANCER_SMALL_APPLY_OUTPUT_PROBA 0 [ 0.79250377, 0.20749626 ]
MLLITE_AUTO_DEPLOY_BREASTCANCER_SMALL_APPLY_OUTPUT_PROBA 1 [ 0.79250377, 0.20749626 ]
MLLITE_AUTO_DEPLOY_BREASTCANCER_SMALL_APPLY_OUTPUT_PROBA 2 [ 0.79250377, 0.20749626 ]
MLLITE_AUTO_DEPLOY_BREASTCANCER_SMALL_APPLY_OUTPUT_PROBA 3 [ 0.18579119, 0.81420875 ]
MLLITE_AUTO_DEPLOY_BREASTCANCER_SMALL_APPLY_OUTPUT_PROBA 4 [ 0.25510773, 0.74489212 ]
...
MLLITE_AUTO_DEPLOY_BREASTCANCER_SMALL_APPLY_OUTPUT_PROBA 59 [ 0.79250377, 0.20749626 ]
MLLITE_AUTO_DEPLOY_BREASTCANCER_SMALL_APPLY_OUTPUT_PROBA 60 [ 0.25510773, 0.74489212 ]
MLLITE_AUTO_DEPLOY_BREASTCANCER_SMALL_APPLY_OUTPUT_PROBA 61 [ 0.79250377, 0.20749626 ]
MLLITE_AUTO_DEPLOY_BREASTCANCER_SMALL_APPLY_OUTPUT_PROBA 62 [ 0.79250377, 0.20749626 ]
MLLITE_AUTO_DEPLOY_BREASTCANCER_SMALL_APPLY_OUTPUT_PROBA 63 [ 0.18579119, 0.81420875 ]
MCU_DEPLOY_CLASSIFICATION_CODE MODEL_COMPUTE_PERF_STEP
MLLITE_AUTO_DEPLOY_BREASTCANCER_SMALL_CLASS_PERFS { "count" : 64, "precision" : 0.921875,  "AUC" : [ 0.99706745, 0.99706745 ] }
This will be printed
MCU_DEPLOY_CLASSIFICATION_CODE ALL_STEPS_OK
MCU_DEPLOY_CLASSIFICATION_CODE done
MLLITE_MCU_TIMER_OPERATION_ELAPSED_SECONDS 'MLLITE.MCU_DEPLOY.CLASSIFICATION.Friedman_XGB.BREASTCANCER_SMALL' 0
MLLITE_MCU_TIMER_OPERATION_END 'MLLITE.MCU_DEPLOY.CLASSIFICATION.Friedman_XGB.BREASTCANCER_SMALL' [ 'Tue Jan 30 11:36:31 2024' ]
MCU_DEPLOY_ON_TARGET_ARMV7_32_END
