MCU_DEPLOY_ON_TARGET_ARMV7_32_START
MLLITE_MCU_TIMER_OPERATION_START 'MLLITE.MCU_DEPLOY.CLASSIFICATION.Rosenblatt_MLP.CENSUS_SMALL' [ 'Sat Feb  3 21:09:44 2024' ]
MLLite starting
MCU_DEPLOY_CLASSIFICATION_CODE CREATE_DATASET_STEP
MCU_DEPLOY_CLASSIFICATION_CODE CREATE_MODEL_STEP
MCU_DEPLOY_CLASSIFICATION_MODEL_OPTIONS
{  "hidden_layer_sizes" : [ 4, 6 ], "activation" : "relu", "solver" : "adam", "alpha" : 9.9999997e-05, "batch_size" : null, "learning_rate" : "constant", "learning_rate_init" : 0.001, "power_t" : 0.5, "max_iter" : 32, "shuffle" : 1, "random_state" : 1789, "tol" : 9.9999997e-05, "verbose" : 0, "warm_start" : 0, "momentum" : 0.89999998, "nesterovs_momentum" : 1, "early_stopping" : 0, "validation_fraction" : 0.1, "beta_1" : 0.89999998, "beta_2" : 0.99900001, "epsilon" : 9.9999999e-09, "n_iter_no_change" : 10, "max_fun" : 15000 }
MCU_DEPLOY_CLASSIFICATION_CODE FIT_MODEL_STEP
PROGRESS_REPORT_ELAPSED_TOTAL 'MLP_MODEL_FIT' 1 3
PROGRESS_REPORT_ELAPSED_TOTAL 'MLP_MODEL_FIT' 2 3
PROGRESS_REPORT_ELAPSED_TOTAL 'MLP_MODEL_FIT_BACK_PROP_ITERATION' 3 32
PROGRESS_REPORT_ELAPSED_TOTAL 'MLP_MODEL_FIT_BACK_PROP_ITERATION' 6 32
PROGRESS_REPORT_ELAPSED_TOTAL 'MLP_MODEL_FIT_BACK_PROP_ITERATION' 9 32
PROGRESS_REPORT_ELAPSED_TOTAL 'MLP_MODEL_FIT_BACK_PROP_ITERATION' 12 32
PROGRESS_REPORT_ELAPSED_TOTAL 'MLP_MODEL_FIT_BACK_PROP_ITERATION' 15 32
PROGRESS_REPORT_ELAPSED_TOTAL 'MLP_MODEL_FIT_BACK_PROP_ITERATION' 18 32
PROGRESS_REPORT_ELAPSED_TOTAL 'MLP_MODEL_FIT_BACK_PROP_ITERATION' 21 32
PROGRESS_REPORT_ELAPSED_TOTAL 'MLP_MODEL_FIT_BACK_PROP_ITERATION' 24 32
PROGRESS_REPORT_ELAPSED_TOTAL 'MLP_MODEL_FIT_BACK_PROP_ITERATION' 27 32
PROGRESS_REPORT_ELAPSED_TOTAL 'MLP_MODEL_FIT_BACK_PROP_ITERATION' 30 32
PROGRESS_REPORT_ELAPSED_TOTAL 'MLP_MODEL_FIT_BACK_PROP_ITERATION' 32 32
PROGRESS_REPORT_ELAPSED_TOTAL 'MLP_MODEL_FIT' 3 3
MCU_DEPLOY_CLASSIFICATION_CODE MODEL_JSON_EXPORT_STEP
MODEL_JSON_DUMP_START
{
	"metadata" : { "model" : "Rosenblatt_MLP", "version" : "2024-W04"},
	"options" : {  "hidden_layer_sizes" : [ 4, 6 ], "activation" : "relu", "solver" : "adam", "alpha" : 9.9999997e-05, "batch_size" : null, "learning_rate" : "constant", "learning_rate_init" : 0.001, "power_t" : 0.5, "max_iter" : 32, "shuffle" : 1, "random_state" : 1789, "tol" : 9.9999997e-05, "verbose" : 0, "warm_start" : 0, "momentum" : 0.89999998, "nesterovs_momentum" : 1, "early_stopping" : 0, "validation_fraction" : 0.1, "beta_1" : 0.89999998, "beta_2" : 0.99900001, "epsilon" : 9.9999999e-09, "n_iter_no_change" : 10, "max_fun" : 15000 },
	"dataset" : { "dataset_rows" : 64, "dataset_features" : 14 },
	"classes" : [ "<=50K", ">50K" ],
	"layers" : {
		"sizes" : [ 14, 4, 6, 1 ],
		"Layer_0" : {
			"name" : "Input_Layer",
			"NbInputs" : 0,
			"NbOutputs" : 14 
		},
		"Layer_1" : {
			"name" : "Hidden_Layer_1",
			"NbInputs" : 14,
			"NbOutputs" : 4 ,
			"coeffs_00" : [ -0.08115273, 0.26802766, -0.20239057, -0.029510297 ],
			"coeffs_01" : [ 0.086055189, -0.37741777, 0.1440846, 0.011092891 ],
			"coeffs_02" : [ 0.46088418, 0.091020286, 0.51329768, -0.071552321 ],
			"coeffs_03" : [ 0.54519635, -0.48207366, -0.21649256, 0.19005881 ],
			"coeffs_04" : [ 0.27037314, -0.30807337, -0.26056316, -0.4200013 ],
			"coeffs_05" : [ 0.22458249, -0.541192, -0.072988249, 0.017258659 ],
			"coeffs_06" : [ -0.093992814, -0.49597999, -0.26926291, 0.44407937 ],
			"coeffs_07" : [ -0.029458735, 0.0024964784, -0.48847899, 0.021847634 ],
			"coeffs_08" : [ -0.15277784, 0.18835017, -0.095373549, 0.21902247 ],
			"coeffs_09" : [ -0.35676956, 0.47722211, -0.39490548, 0.28369915 ],
			"coeffs_10" : [ -0.44610015, 0.28617412, 0.16924499, 0.49591827 ],
			"coeffs_11" : [ -0.39382517, -0.47644335, 0.22639762, 0.1836396 ],
			"coeffs_12" : [ 0.35694364, 0.46377319, 0.47263825, -0.34768492 ],
			"coeffs_13" : [ 0.31815925, 0.44233406, -0.32155481, 0.23217937 ],
			"intercepts" : [ 0.13960248, 0.011816921, 0.10653266, 0.32977372 ]
		},
		"Layer_2" : {
			"name" : "Hidden_Layer_2",
			"NbInputs" : 4,
			"NbOutputs" : 6 ,
			"coeffs_0" : [ -0.63510573, 0.12969081, 0.29061025, 0.41430172, -0.63198066, 0.5051927 ],
			"coeffs_1" : [ -0.40333396, -0.6850099, 0.73471081, 0.70863122, -0.08225055, -0.66099817 ],
			"coeffs_2" : [ -0.018005233, 0.77295798, -0.53018641, 0.27366987, 0.32171497, 0.42547557 ],
			"coeffs_3" : [ 0.65323395, -0.36367956, 0.29917601, 0.51648051, 0.5387038, -0.05255422 ],
			"intercepts" : [ -0.68768239, 0.41919777, 0.0085900426, -0.17826825, -0.5688529, -0.76474524 ]
		},
		"Layer_3" : {
			"name" : "Output_Layer",
			"NbInputs" : 6,
			"NbOutputs" : 1 ,
			"coeffs_0" : [ -0.31167871 ],
			"coeffs_1" : [ 0.86738521 ],
			"coeffs_2" : [ 0.026298748 ],
			"coeffs_3" : [ -0.15715849 ],
			"coeffs_4" : [ -0.18967764 ],
			"coeffs_5" : [ -0.79739368 ],
			"intercepts" : [ 0.34049019 ]
		}
	}
}
MODEL_JSON_DUMP_END
MCU_DEPLOY_CLASSIFICATION_CODE MODEL_PREDICT_STEP
MLLITE_AUTO_DEPLOY_CENSUS_SMALL_APPLY_OUTPUT_CLASS  [ "<=50K", "<=50K", "<=50K", "<=50K", "<=50K",  ... , "<=50K", "<=50K", "<=50K", "<=50K", "<=50K" ]
MCU_DEPLOY_CLASSIFICATION_CODE MODEL_PREDICT_PROBA_STEP
MLLITE_AUTO_DEPLOY_CENSUS_SMALL_APPLY_OUTPUT_PROBA 0 [ 1, 0 ]
MLLITE_AUTO_DEPLOY_CENSUS_SMALL_APPLY_OUTPUT_PROBA 1 [ 1, 0 ]
MLLITE_AUTO_DEPLOY_CENSUS_SMALL_APPLY_OUTPUT_PROBA 2 [ 1, 0 ]
MLLITE_AUTO_DEPLOY_CENSUS_SMALL_APPLY_OUTPUT_PROBA 3 [ 1, 0 ]
MLLITE_AUTO_DEPLOY_CENSUS_SMALL_APPLY_OUTPUT_PROBA 4 [ 1, 0 ]
...
MLLITE_AUTO_DEPLOY_CENSUS_SMALL_APPLY_OUTPUT_PROBA 59 [ 1, 0 ]
MLLITE_AUTO_DEPLOY_CENSUS_SMALL_APPLY_OUTPUT_PROBA 60 [ 1, 0 ]
MLLITE_AUTO_DEPLOY_CENSUS_SMALL_APPLY_OUTPUT_PROBA 61 [ 1, 0 ]
MLLITE_AUTO_DEPLOY_CENSUS_SMALL_APPLY_OUTPUT_PROBA 62 [ 1, 0 ]
MLLITE_AUTO_DEPLOY_CENSUS_SMALL_APPLY_OUTPUT_PROBA 63 [ 1, 0 ]
MCU_DEPLOY_CLASSIFICATION_CODE MODEL_COMPUTE_PERF_STEP
MLLITE_AUTO_DEPLOY_CENSUS_SMALL_CLASS_PERFS { "count" : 64, "precision" : 0.78125,  "AUC" : [ 1, 1 ] }
This will be printed
MCU_DEPLOY_CLASSIFICATION_CODE ALL_STEPS_OK
MCU_DEPLOY_CLASSIFICATION_CODE done
MLLITE_MCU_TIMER_OPERATION_ELAPSED_SECONDS 'MLLITE.MCU_DEPLOY.CLASSIFICATION.Rosenblatt_MLP.CENSUS_SMALL' 0
MLLITE_MCU_TIMER_OPERATION_END 'MLLITE.MCU_DEPLOY.CLASSIFICATION.Rosenblatt_MLP.CENSUS_SMALL' [ 'Sat Feb  3 21:09:44 2024' ]
MCU_DEPLOY_ON_TARGET_ARMV7_32_END
