MCU_DEPLOY_ON_TARGET_ARMV7_32_START
MLLITE_MCU_TIMER_OPERATION_START 'MLLITE.MCU_DEPLOY.CLASSIFICATION.Vapnik_SVC_RBF.FOURCLASS_10_SMALL' [ 'Tue Jan 30 11:36:01 2024' ]
MLLite starting
MCU_DEPLOY_CLASSIFICATION_CODE CREATE_DATASET_STEP
MCU_DEPLOY_CLASSIFICATION_CODE CREATE_MODEL_STEP
MCU_DEPLOY_CLASSIFICATION_MODEL_OPTIONS
{"svm_type" : "c_svc", "kernel" : "rbf", "degree" : 3, "gamma" : 0, "coef0" : 0, "cache_size" : 10240, "tol" : 0.001, "nu" : 0.5, "epsilon" : 0, "shrinking" : 0, "probability" : 1, "C" : 1, "max_iter" : 30, "random_state" : 1789 }
MCU_DEPLOY_CLASSIFICATION_CODE FIT_MODEL_STEP
PROGRESS_REPORT_ELAPSED_TOTAL 'SVM_CLASSIFIER_FIT' 1 5
PROGRESS_REPORT_ELAPSED_TOTAL 'SVM_CLASSIFIER_FIT' 2 5
PROGRESS_REPORT_ELAPSED_TOTAL 'SVM_CLASSIFIER_FIT' 3 5
PROGRESS_REPORT_ELAPSED_TOTAL 'SVM_CLASSIFIER_FIT' 4 5
PROGRESS_REPORT_ELAPSED_TOTAL 'SVM_TRAIN_CLASS_SUB_PROBLEM' 1 6
PROGRESS_REPORT_ELAPSED_TOTAL 'SVM_TRAIN_CLASS_PROBA_CROSS_VALIDATION' 1 5
PROGRESS_REPORT_ELAPSED_TOTAL 'SVM_SOLVER_ITERATION:SVC_Global_BINARY_0_1_CV_FOLD_1' 3 30
PROGRESS_REPORT_ELAPSED_TOTAL 'SVM_SOLVER_ITERATION:SVC_Global_BINARY_0_1_CV_FOLD_1' 6 30
PROGRESS_REPORT_ELAPSED_TOTAL 'SVM_SOLVER_ITERATION:SVC_Global_BINARY_0_1_CV_FOLD_1' 9 30
PROGRESS_REPORT_ELAPSED_TOTAL 'SVM_SOLVER_ITERATION:SVC_Global_BINARY_0_1_CV_FOLD_1' 12 30
PROGRESS_REPORT_ELAPSED_TOTAL 'SVM_SOLVER_ITERATION:SVC_Global_BINARY_0_1_CV_FOLD_1' 15 30
PROGRESS_REPORT_ELAPSED_TOTAL 'SVM_SOLVER_ITERATION:SVC_Global_BINARY_0_1_CV_FOLD_1' 18 30
PROGRESS_REPORT_ELAPSED_TOTAL 'SVM_SOLVER_ITERATION:SVC_Global_BINARY_0_1_CV_FOLD_1' 21 30
PROGRESS_REPORT_ELAPSED_TOTAL 'SVM_SOLVER_ITERATION:SVC_Global_BINARY_0_1_CV_FOLD_1' 24 30
PROGRESS_REPORT_ELAPSED_TOTAL 'SVM_SOLVER_ITERATION:SVC_Global_BINARY_0_1_CV_FOLD_1' 27 30
PROGRESS_REPORT_ELAPSED_TOTAL 'SVM_SOLVER_ITERATION:SVC_Global_BINARY_0_1_CV_FOLD_1' 30 30
PROGRESS_REPORT_ELAPSED_TOTAL 'SVM_TRAIN_CLASS_PROBA_CROSS_VALIDATION' 2 5
PROGRESS_REPORT_ELAPSED_TOTAL 'SVM_SOLVER_ITERATION:SVC_Global_BINARY_0_1_CV_FOLD_2' 3 30
PROGRESS_REPORT_ELAPSED_TOTAL 'SVM_SOLVER_ITERATION:SVC_Global_BINARY_0_1_CV_FOLD_2' 6 30
PROGRESS_REPORT_ELAPSED_TOTAL 'SVM_SOLVER_ITERATION:SVC_Global_BINARY_0_1_CV_FOLD_2' 9 30
PROGRESS_REPORT_ELAPSED_TOTAL 'SVM_SOLVER_ITERATION:SVC_Global_BINARY_0_1_CV_FOLD_2' 12 30
PROGRESS_REPORT_ELAPSED_TOTAL 'SVM_SOLVER_ITERATION:SVC_Global_BINARY_0_1_CV_FOLD_2' 15 30
PROGRESS_REPORT_ELAPSED_TOTAL 'SVM_SOLVER_ITERATION:SVC_Global_BINARY_0_1_CV_FOLD_2' 18 30
PROGRESS_REPORT_ELAPSED_TOTAL 'SVM_SOLVER_ITERATION:SVC_Global_BINARY_0_1_CV_FOLD_2' 21 30
PROGRESS_REPORT_ELAPSED_TOTAL 'SVM_SOLVER_ITERATION:SVC_Global_BINARY_0_1_CV_FOLD_2' 24 30
PROGRESS_REPORT_ELAPSED_TOTAL 'SVM_SOLVER_ITERATION:SVC_Global_BINARY_0_1_CV_FOLD_2' 27 30
PROGRESS_REPORT_ELAPSED_TOTAL 'SVM_SOLVER_ITERATION:SVC_Global_BINARY_0_1_CV_FOLD_2' 30 30
PROGRESS_REPORT_ELAPSED_TOTAL 'SVM_TRAIN_CLASS_PROBA_CROSS_VALIDATION' 3 5
PROGRESS_REPORT_ELAPSED_TOTAL 'SVM_SOLVER_ITERATION:SVC_Global_BINARY_0_1_CV_FOLD_3' 3 30
PROGRESS_REPORT_ELAPSED_TOTAL 'SVM_SOLVER_ITERATION:SVC_Global_BINARY_0_1_CV_FOLD_3' 6 30
PROGRESS_REPORT_ELAPSED_TOTAL 'SVM_SOLVER_ITERATION:SVC_Global_BINARY_0_1_CV_FOLD_3' 9 30
PROGRESS_REPORT_ELAPSED_TOTAL 'SVM_SOLVER_ITERATION:SVC_Global_BINARY_0_1_CV_FOLD_3' 12 30
PROGRESS_REPORT_ELAPSED_TOTAL 'SVM_SOLVER_ITERATION:SVC_Global_BINARY_0_1_CV_FOLD_3' 15 30
PROGRESS_REPORT_ELAPSED_TOTAL 'SVM_SOLVER_ITERATION:SVC_Global_BINARY_0_1_CV_FOLD_3' 18 30
PROGRESS_REPORT_ELAPSED_TOTAL 'SVM_SOLVER_ITERATION:SVC_Global_BINARY_0_1_CV_FOLD_3' 21 30
PROGRESS_REPORT_ELAPSED_TOTAL 'SVM_SOLVER_ITERATION:SVC_Global_BINARY_0_1_CV_FOLD_3' 24 30
PROGRESS_REPORT_ELAPSED_TOTAL 'SVM_SOLVER_ITERATION:SVC_Global_BINARY_0_1_CV_FOLD_3' 27 30
PROGRESS_REPORT_ELAPSED_TOTAL 'SVM_SOLVER_ITERATION:SVC_Global_BINARY_0_1_CV_FOLD_3' 30 30
PROGRESS_REPORT_ELAPSED_TOTAL 'SVM_TRAIN_CLASS_PROBA_CROSS_VALIDATION' 4 5
PROGRESS_REPORT_ELAPSED_TOTAL 'SVM_SOLVER_ITERATION:SVC_Global_BINARY_0_1_CV_FOLD_4' 3 30
PROGRESS_REPORT_ELAPSED_TOTAL 'SVM_SOLVER_ITERATION:SVC_Global_BINARY_0_1_CV_FOLD_4' 6 30
PROGRESS_REPORT_ELAPSED_TOTAL 'SVM_SOLVER_ITERATION:SVC_Global_BINARY_0_1_CV_FOLD_4' 9 30
PROGRESS_REPORT_ELAPSED_TOTAL 'SVM_SOLVER_ITERATION:SVC_Global_BINARY_0_1_CV_FOLD_4' 12 30
PROGRESS_REPORT_ELAPSED_TOTAL 'SVM_SOLVER_ITERATION:SVC_Global_BINARY_0_1_CV_FOLD_4' 15 30
PROGRESS_REPORT_ELAPSED_TOTAL 'SVM_SOLVER_ITERATION:SVC_Global_BINARY_0_1_CV_FOLD_4' 18 30
PROGRESS_REPORT_ELAPSED_TOTAL 'SVM_SOLVER_ITERATION:SVC_Global_BINARY_0_1_CV_FOLD_4' 21 30
PROGRESS_REPORT_ELAPSED_TOTAL 'SVM_SOLVER_ITERATION:SVC_Global_BINARY_0_1_CV_FOLD_4' 24 30
PROGRESS_REPORT_ELAPSED_TOTAL 'SVM_SOLVER_ITERATION:SVC_Global_BINARY_0_1_CV_FOLD_4' 27 30
PROGRESS_REPORT_ELAPSED_TOTAL 'SVM_SOLVER_ITERATION:SVC_Global_BINARY_0_1_CV_FOLD_4' 30 30
PROGRESS_REPORT_ELAPSED_TOTAL 'SVM_TRAIN_CLASS_PROBA_CROSS_VALIDATION' 5 5
PROGRESS_REPORT_ELAPSED_TOTAL 'SVM_SOLVER_ITERATION:SVC_Global_BINARY_0_1_CV_FOLD_5' 3 30
PROGRESS_REPORT_ELAPSED_TOTAL 'SVM_SOLVER_ITERATION:SVC_Global_BINARY_0_1_CV_FOLD_5' 6 30
PROGRESS_REPORT_ELAPSED_TOTAL 'SVM_SOLVER_ITERATION:SVC_Global_BINARY_0_1_CV_FOLD_5' 9 30
PROGRESS_REPORT_ELAPSED_TOTAL 'SVM_SOLVER_ITERATION:SVC_Global_BINARY_0_1_CV_FOLD_5' 12 30
PROGRESS_REPORT_ELAPSED_TOTAL 'SVM_SOLVER_ITERATION:SVC_Global_BINARY_0_1_CV_FOLD_5' 15 30
PROGRESS_REPORT_ELAPSED_TOTAL 'SVM_SOLVER_ITERATION:SVC_Global_BINARY_0_1_CV_FOLD_5' 18 30
PROGRESS_REPORT_ELAPSED_TOTAL 'SVM_SOLVER_ITERATION:SVC_Global_BINARY_0_1_CV_FOLD_5' 21 30
PROGRESS_REPORT_ELAPSED_TOTAL 'SVM_SOLVER_ITERATION:SVC_Global_BINARY_0_1_CV_FOLD_5' 24 30
PROGRESS_REPORT_ELAPSED_TOTAL 'SVM_SOLVER_ITERATION:SVC_Global_BINARY_0_1_CV_FOLD_5' 27 30
PROGRESS_REPORT_ELAPSED_TOTAL 'SVM_SOLVER_ITERATION:SVC_Global_BINARY_0_1_CV_FOLD_5' 30 30
PROGRESS_REPORT_ELAPSED_TOTAL 'SVM_SOLVER_ITERATION:SVC_Global_BINARY_0_1' 3 30
PROGRESS_REPORT_ELAPSED_TOTAL 'SVM_SOLVER_ITERATION:SVC_Global_BINARY_0_1' 6 30
PROGRESS_REPORT_ELAPSED_TOTAL 'SVM_SOLVER_ITERATION:SVC_Global_BINARY_0_1' 9 30
PROGRESS_REPORT_ELAPSED_TOTAL 'SVM_SOLVER_ITERATION:SVC_Global_BINARY_0_1' 12 30
PROGRESS_REPORT_ELAPSED_TOTAL 'SVM_SOLVER_ITERATION:SVC_Global_BINARY_0_1' 15 30
PROGRESS_REPORT_ELAPSED_TOTAL 'SVM_SOLVER_ITERATION:SVC_Global_BINARY_0_1' 18 30
PROGRESS_REPORT_ELAPSED_TOTAL 'SVM_SOLVER_ITERATION:SVC_Global_BINARY_0_1' 21 30
PROGRESS_REPORT_ELAPSED_TOTAL 'SVM_SOLVER_ITERATION:SVC_Global_BINARY_0_1' 24 30
PROGRESS_REPORT_ELAPSED_TOTAL 'SVM_SOLVER_ITERATION:SVC_Global_BINARY_0_1' 27 30
PROGRESS_REPORT_ELAPSED_TOTAL 'SVM_SOLVER_ITERATION:SVC_Global_BINARY_0_1' 30 30
PROGRESS_REPORT_ELAPSED_TOTAL 'SVM_TRAIN_CLASS_SUB_PROBLEM' 2 6
PROGRESS_REPORT_ELAPSED_TOTAL 'SVM_TRAIN_CLASS_PROBA_CROSS_VALIDATION' 1 5
PROGRESS_REPORT_ELAPSED_TOTAL 'SVM_SOLVER_ITERATION:SVC_Global_BINARY_0_2_CV_FOLD_1' 3 30
PROGRESS_REPORT_ELAPSED_TOTAL 'SVM_SOLVER_ITERATION:SVC_Global_BINARY_0_2_CV_FOLD_1' 6 30
PROGRESS_REPORT_ELAPSED_TOTAL 'SVM_SOLVER_ITERATION:SVC_Global_BINARY_0_2_CV_FOLD_1' 9 30
PROGRESS_REPORT_ELAPSED_TOTAL 'SVM_SOLVER_ITERATION:SVC_Global_BINARY_0_2_CV_FOLD_1' 12 30
PROGRESS_REPORT_ELAPSED_TOTAL 'SVM_SOLVER_ITERATION:SVC_Global_BINARY_0_2_CV_FOLD_1' 15 30
PROGRESS_REPORT_ELAPSED_TOTAL 'SVM_SOLVER_ITERATION:SVC_Global_BINARY_0_2_CV_FOLD_1' 18 30
PROGRESS_REPORT_ELAPSED_TOTAL 'SVM_SOLVER_ITERATION:SVC_Global_BINARY_0_2_CV_FOLD_1' 21 30
PROGRESS_REPORT_ELAPSED_TOTAL 'SVM_SOLVER_ITERATION:SVC_Global_BINARY_0_2_CV_FOLD_1' 24 30
PROGRESS_REPORT_ELAPSED_TOTAL 'SVM_TRAIN_CLASS_PROBA_CROSS_VALIDATION' 2 5
PROGRESS_REPORT_ELAPSED_TOTAL 'SVM_SOLVER_ITERATION:SVC_Global_BINARY_0_2_CV_FOLD_2' 3 30
PROGRESS_REPORT_ELAPSED_TOTAL 'SVM_SOLVER_ITERATION:SVC_Global_BINARY_0_2_CV_FOLD_2' 6 30
PROGRESS_REPORT_ELAPSED_TOTAL 'SVM_SOLVER_ITERATION:SVC_Global_BINARY_0_2_CV_FOLD_2' 9 30
PROGRESS_REPORT_ELAPSED_TOTAL 'SVM_SOLVER_ITERATION:SVC_Global_BINARY_0_2_CV_FOLD_2' 12 30
PROGRESS_REPORT_ELAPSED_TOTAL 'SVM_SOLVER_ITERATION:SVC_Global_BINARY_0_2_CV_FOLD_2' 15 30
PROGRESS_REPORT_ELAPSED_TOTAL 'SVM_SOLVER_ITERATION:SVC_Global_BINARY_0_2_CV_FOLD_2' 18 30
PROGRESS_REPORT_ELAPSED_TOTAL 'SVM_SOLVER_ITERATION:SVC_Global_BINARY_0_2_CV_FOLD_2' 21 30
PROGRESS_REPORT_ELAPSED_TOTAL 'SVM_SOLVER_ITERATION:SVC_Global_BINARY_0_2_CV_FOLD_2' 24 30
PROGRESS_REPORT_ELAPSED_TOTAL 'SVM_SOLVER_ITERATION:SVC_Global_BINARY_0_2_CV_FOLD_2' 27 30
PROGRESS_REPORT_ELAPSED_TOTAL 'SVM_SOLVER_ITERATION:SVC_Global_BINARY_0_2_CV_FOLD_2' 30 30
PROGRESS_REPORT_ELAPSED_TOTAL 'SVM_TRAIN_CLASS_PROBA_CROSS_VALIDATION' 3 5
PROGRESS_REPORT_ELAPSED_TOTAL 'SVM_SOLVER_ITERATION:SVC_Global_BINARY_0_2_CV_FOLD_3' 3 30
PROGRESS_REPORT_ELAPSED_TOTAL 'SVM_SOLVER_ITERATION:SVC_Global_BINARY_0_2_CV_FOLD_3' 6 30
PROGRESS_REPORT_ELAPSED_TOTAL 'SVM_SOLVER_ITERATION:SVC_Global_BINARY_0_2_CV_FOLD_3' 9 30
PROGRESS_REPORT_ELAPSED_TOTAL 'SVM_SOLVER_ITERATION:SVC_Global_BINARY_0_2_CV_FOLD_3' 12 30
PROGRESS_REPORT_ELAPSED_TOTAL 'SVM_SOLVER_ITERATION:SVC_Global_BINARY_0_2_CV_FOLD_3' 15 30
PROGRESS_REPORT_ELAPSED_TOTAL 'SVM_SOLVER_ITERATION:SVC_Global_BINARY_0_2_CV_FOLD_3' 18 30
PROGRESS_REPORT_ELAPSED_TOTAL 'SVM_SOLVER_ITERATION:SVC_Global_BINARY_0_2_CV_FOLD_3' 21 30
PROGRESS_REPORT_ELAPSED_TOTAL 'SVM_SOLVER_ITERATION:SVC_Global_BINARY_0_2_CV_FOLD_3' 24 30
PROGRESS_REPORT_ELAPSED_TOTAL 'SVM_SOLVER_ITERATION:SVC_Global_BINARY_0_2_CV_FOLD_3' 27 30
PROGRESS_REPORT_ELAPSED_TOTAL 'SVM_SOLVER_ITERATION:SVC_Global_BINARY_0_2_CV_FOLD_3' 30 30
PROGRESS_REPORT_ELAPSED_TOTAL 'SVM_TRAIN_CLASS_PROBA_CROSS_VALIDATION' 4 5
PROGRESS_REPORT_ELAPSED_TOTAL 'SVM_SOLVER_ITERATION:SVC_Global_BINARY_0_2_CV_FOLD_4' 3 30
PROGRESS_REPORT_ELAPSED_TOTAL 'SVM_SOLVER_ITERATION:SVC_Global_BINARY_0_2_CV_FOLD_4' 6 30
PROGRESS_REPORT_ELAPSED_TOTAL 'SVM_SOLVER_ITERATION:SVC_Global_BINARY_0_2_CV_FOLD_4' 9 30
PROGRESS_REPORT_ELAPSED_TOTAL 'SVM_SOLVER_ITERATION:SVC_Global_BINARY_0_2_CV_FOLD_4' 12 30
PROGRESS_REPORT_ELAPSED_TOTAL 'SVM_SOLVER_ITERATION:SVC_Global_BINARY_0_2_CV_FOLD_4' 15 30
PROGRESS_REPORT_ELAPSED_TOTAL 'SVM_SOLVER_ITERATION:SVC_Global_BINARY_0_2_CV_FOLD_4' 18 30
PROGRESS_REPORT_ELAPSED_TOTAL 'SVM_SOLVER_ITERATION:SVC_Global_BINARY_0_2_CV_FOLD_4' 21 30
PROGRESS_REPORT_ELAPSED_TOTAL 'SVM_SOLVER_ITERATION:SVC_Global_BINARY_0_2_CV_FOLD_4' 24 30
PROGRESS_REPORT_ELAPSED_TOTAL 'SVM_SOLVER_ITERATION:SVC_Global_BINARY_0_2_CV_FOLD_4' 27 30
PROGRESS_REPORT_ELAPSED_TOTAL 'SVM_TRAIN_CLASS_PROBA_CROSS_VALIDATION' 5 5
PROGRESS_REPORT_ELAPSED_TOTAL 'SVM_SOLVER_ITERATION:SVC_Global_BINARY_0_2_CV_FOLD_5' 3 30
PROGRESS_REPORT_ELAPSED_TOTAL 'SVM_SOLVER_ITERATION:SVC_Global_BINARY_0_2_CV_FOLD_5' 6 30
PROGRESS_REPORT_ELAPSED_TOTAL 'SVM_SOLVER_ITERATION:SVC_Global_BINARY_0_2_CV_FOLD_5' 9 30
PROGRESS_REPORT_ELAPSED_TOTAL 'SVM_SOLVER_ITERATION:SVC_Global_BINARY_0_2_CV_FOLD_5' 12 30
PROGRESS_REPORT_ELAPSED_TOTAL 'SVM_SOLVER_ITERATION:SVC_Global_BINARY_0_2_CV_FOLD_5' 15 30
PROGRESS_REPORT_ELAPSED_TOTAL 'SVM_SOLVER_ITERATION:SVC_Global_BINARY_0_2_CV_FOLD_5' 18 30
PROGRESS_REPORT_ELAPSED_TOTAL 'SVM_SOLVER_ITERATION:SVC_Global_BINARY_0_2_CV_FOLD_5' 21 30
PROGRESS_REPORT_ELAPSED_TOTAL 'SVM_SOLVER_ITERATION:SVC_Global_BINARY_0_2_CV_FOLD_5' 24 30
PROGRESS_REPORT_ELAPSED_TOTAL 'SVM_SOLVER_ITERATION:SVC_Global_BINARY_0_2_CV_FOLD_5' 27 30
PROGRESS_REPORT_ELAPSED_TOTAL 'SVM_SOLVER_ITERATION:SVC_Global_BINARY_0_2_CV_FOLD_5' 30 30
PROGRESS_REPORT_ELAPSED_TOTAL 'SVM_SOLVER_ITERATION:SVC_Global_BINARY_0_2' 3 30
PROGRESS_REPORT_ELAPSED_TOTAL 'SVM_SOLVER_ITERATION:SVC_Global_BINARY_0_2' 6 30
PROGRESS_REPORT_ELAPSED_TOTAL 'SVM_SOLVER_ITERATION:SVC_Global_BINARY_0_2' 9 30
PROGRESS_REPORT_ELAPSED_TOTAL 'SVM_SOLVER_ITERATION:SVC_Global_BINARY_0_2' 12 30
PROGRESS_REPORT_ELAPSED_TOTAL 'SVM_SOLVER_ITERATION:SVC_Global_BINARY_0_2' 15 30
PROGRESS_REPORT_ELAPSED_TOTAL 'SVM_SOLVER_ITERATION:SVC_Global_BINARY_0_2' 18 30
PROGRESS_REPORT_ELAPSED_TOTAL 'SVM_SOLVER_ITERATION:SVC_Global_BINARY_0_2' 21 30
PROGRESS_REPORT_ELAPSED_TOTAL 'SVM_SOLVER_ITERATION:SVC_Global_BINARY_0_2' 24 30
PROGRESS_REPORT_ELAPSED_TOTAL 'SVM_SOLVER_ITERATION:SVC_Global_BINARY_0_2' 27 30
PROGRESS_REPORT_ELAPSED_TOTAL 'SVM_TRAIN_CLASS_SUB_PROBLEM' 3 6
PROGRESS_REPORT_ELAPSED_TOTAL 'SVM_TRAIN_CLASS_PROBA_CROSS_VALIDATION' 1 5
PROGRESS_REPORT_ELAPSED_TOTAL 'SVM_SOLVER_ITERATION:SVC_Global_BINARY_0_3_CV_FOLD_1' 3 30
PROGRESS_REPORT_ELAPSED_TOTAL 'SVM_SOLVER_ITERATION:SVC_Global_BINARY_0_3_CV_FOLD_1' 6 30
PROGRESS_REPORT_ELAPSED_TOTAL 'SVM_SOLVER_ITERATION:SVC_Global_BINARY_0_3_CV_FOLD_1' 9 30
PROGRESS_REPORT_ELAPSED_TOTAL 'SVM_SOLVER_ITERATION:SVC_Global_BINARY_0_3_CV_FOLD_1' 12 30
PROGRESS_REPORT_ELAPSED_TOTAL 'SVM_SOLVER_ITERATION:SVC_Global_BINARY_0_3_CV_FOLD_1' 15 30
PROGRESS_REPORT_ELAPSED_TOTAL 'SVM_SOLVER_ITERATION:SVC_Global_BINARY_0_3_CV_FOLD_1' 18 30
PROGRESS_REPORT_ELAPSED_TOTAL 'SVM_SOLVER_ITERATION:SVC_Global_BINARY_0_3_CV_FOLD_1' 21 30
PROGRESS_REPORT_ELAPSED_TOTAL 'SVM_SOLVER_ITERATION:SVC_Global_BINARY_0_3_CV_FOLD_1' 24 30
PROGRESS_REPORT_ELAPSED_TOTAL 'SVM_SOLVER_ITERATION:SVC_Global_BINARY_0_3_CV_FOLD_1' 27 30
PROGRESS_REPORT_ELAPSED_TOTAL 'SVM_SOLVER_ITERATION:SVC_Global_BINARY_0_3_CV_FOLD_1' 30 30
PROGRESS_REPORT_ELAPSED_TOTAL 'SVM_TRAIN_CLASS_PROBA_CROSS_VALIDATION' 2 5
PROGRESS_REPORT_ELAPSED_TOTAL 'SVM_SOLVER_ITERATION:SVC_Global_BINARY_0_3_CV_FOLD_2' 3 30
PROGRESS_REPORT_ELAPSED_TOTAL 'SVM_SOLVER_ITERATION:SVC_Global_BINARY_0_3_CV_FOLD_2' 6 30
PROGRESS_REPORT_ELAPSED_TOTAL 'SVM_SOLVER_ITERATION:SVC_Global_BINARY_0_3_CV_FOLD_2' 9 30
PROGRESS_REPORT_ELAPSED_TOTAL 'SVM_SOLVER_ITERATION:SVC_Global_BINARY_0_3_CV_FOLD_2' 12 30
PROGRESS_REPORT_ELAPSED_TOTAL 'SVM_SOLVER_ITERATION:SVC_Global_BINARY_0_3_CV_FOLD_2' 15 30
PROGRESS_REPORT_ELAPSED_TOTAL 'SVM_SOLVER_ITERATION:SVC_Global_BINARY_0_3_CV_FOLD_2' 18 30
PROGRESS_REPORT_ELAPSED_TOTAL 'SVM_SOLVER_ITERATION:SVC_Global_BINARY_0_3_CV_FOLD_2' 21 30
PROGRESS_REPORT_ELAPSED_TOTAL 'SVM_SOLVER_ITERATION:SVC_Global_BINARY_0_3_CV_FOLD_2' 24 30
PROGRESS_REPORT_ELAPSED_TOTAL 'SVM_SOLVER_ITERATION:SVC_Global_BINARY_0_3_CV_FOLD_2' 27 30
PROGRESS_REPORT_ELAPSED_TOTAL 'SVM_SOLVER_ITERATION:SVC_Global_BINARY_0_3_CV_FOLD_2' 30 30
PROGRESS_REPORT_ELAPSED_TOTAL 'SVM_TRAIN_CLASS_PROBA_CROSS_VALIDATION' 3 5
PROGRESS_REPORT_ELAPSED_TOTAL 'SVM_SOLVER_ITERATION:SVC_Global_BINARY_0_3_CV_FOLD_3' 3 30
PROGRESS_REPORT_ELAPSED_TOTAL 'SVM_SOLVER_ITERATION:SVC_Global_BINARY_0_3_CV_FOLD_3' 6 30
PROGRESS_REPORT_ELAPSED_TOTAL 'SVM_SOLVER_ITERATION:SVC_Global_BINARY_0_3_CV_FOLD_3' 9 30
PROGRESS_REPORT_ELAPSED_TOTAL 'SVM_SOLVER_ITERATION:SVC_Global_BINARY_0_3_CV_FOLD_3' 12 30
PROGRESS_REPORT_ELAPSED_TOTAL 'SVM_SOLVER_ITERATION:SVC_Global_BINARY_0_3_CV_FOLD_3' 15 30
PROGRESS_REPORT_ELAPSED_TOTAL 'SVM_SOLVER_ITERATION:SVC_Global_BINARY_0_3_CV_FOLD_3' 18 30
PROGRESS_REPORT_ELAPSED_TOTAL 'SVM_SOLVER_ITERATION:SVC_Global_BINARY_0_3_CV_FOLD_3' 21 30
PROGRESS_REPORT_ELAPSED_TOTAL 'SVM_SOLVER_ITERATION:SVC_Global_BINARY_0_3_CV_FOLD_3' 24 30
PROGRESS_REPORT_ELAPSED_TOTAL 'SVM_SOLVER_ITERATION:SVC_Global_BINARY_0_3_CV_FOLD_3' 27 30
PROGRESS_REPORT_ELAPSED_TOTAL 'SVM_SOLVER_ITERATION:SVC_Global_BINARY_0_3_CV_FOLD_3' 30 30
PROGRESS_REPORT_ELAPSED_TOTAL 'SVM_TRAIN_CLASS_PROBA_CROSS_VALIDATION' 4 5
PROGRESS_REPORT_ELAPSED_TOTAL 'SVM_SOLVER_ITERATION:SVC_Global_BINARY_0_3_CV_FOLD_4' 3 30
PROGRESS_REPORT_ELAPSED_TOTAL 'SVM_SOLVER_ITERATION:SVC_Global_BINARY_0_3_CV_FOLD_4' 6 30
PROGRESS_REPORT_ELAPSED_TOTAL 'SVM_SOLVER_ITERATION:SVC_Global_BINARY_0_3_CV_FOLD_4' 9 30
PROGRESS_REPORT_ELAPSED_TOTAL 'SVM_SOLVER_ITERATION:SVC_Global_BINARY_0_3_CV_FOLD_4' 12 30
PROGRESS_REPORT_ELAPSED_TOTAL 'SVM_SOLVER_ITERATION:SVC_Global_BINARY_0_3_CV_FOLD_4' 15 30
PROGRESS_REPORT_ELAPSED_TOTAL 'SVM_SOLVER_ITERATION:SVC_Global_BINARY_0_3_CV_FOLD_4' 18 30
PROGRESS_REPORT_ELAPSED_TOTAL 'SVM_TRAIN_CLASS_PROBA_CROSS_VALIDATION' 5 5
PROGRESS_REPORT_ELAPSED_TOTAL 'SVM_SOLVER_ITERATION:SVC_Global_BINARY_0_3_CV_FOLD_5' 3 30
PROGRESS_REPORT_ELAPSED_TOTAL 'SVM_SOLVER_ITERATION:SVC_Global_BINARY_0_3_CV_FOLD_5' 6 30
PROGRESS_REPORT_ELAPSED_TOTAL 'SVM_SOLVER_ITERATION:SVC_Global_BINARY_0_3_CV_FOLD_5' 9 30
PROGRESS_REPORT_ELAPSED_TOTAL 'SVM_SOLVER_ITERATION:SVC_Global_BINARY_0_3_CV_FOLD_5' 12 30
PROGRESS_REPORT_ELAPSED_TOTAL 'SVM_SOLVER_ITERATION:SVC_Global_BINARY_0_3_CV_FOLD_5' 15 30
PROGRESS_REPORT_ELAPSED_TOTAL 'SVM_SOLVER_ITERATION:SVC_Global_BINARY_0_3_CV_FOLD_5' 18 30
PROGRESS_REPORT_ELAPSED_TOTAL 'SVM_SOLVER_ITERATION:SVC_Global_BINARY_0_3_CV_FOLD_5' 21 30
PROGRESS_REPORT_ELAPSED_TOTAL 'SVM_SOLVER_ITERATION:SVC_Global_BINARY_0_3' 3 30
PROGRESS_REPORT_ELAPSED_TOTAL 'SVM_SOLVER_ITERATION:SVC_Global_BINARY_0_3' 6 30
PROGRESS_REPORT_ELAPSED_TOTAL 'SVM_SOLVER_ITERATION:SVC_Global_BINARY_0_3' 9 30
PROGRESS_REPORT_ELAPSED_TOTAL 'SVM_SOLVER_ITERATION:SVC_Global_BINARY_0_3' 12 30
PROGRESS_REPORT_ELAPSED_TOTAL 'SVM_SOLVER_ITERATION:SVC_Global_BINARY_0_3' 15 30
PROGRESS_REPORT_ELAPSED_TOTAL 'SVM_SOLVER_ITERATION:SVC_Global_BINARY_0_3' 18 30
PROGRESS_REPORT_ELAPSED_TOTAL 'SVM_SOLVER_ITERATION:SVC_Global_BINARY_0_3' 21 30
PROGRESS_REPORT_ELAPSED_TOTAL 'SVM_SOLVER_ITERATION:SVC_Global_BINARY_0_3' 24 30
PROGRESS_REPORT_ELAPSED_TOTAL 'SVM_SOLVER_ITERATION:SVC_Global_BINARY_0_3' 27 30
PROGRESS_REPORT_ELAPSED_TOTAL 'SVM_SOLVER_ITERATION:SVC_Global_BINARY_0_3' 30 30
PROGRESS_REPORT_ELAPSED_TOTAL 'SVM_TRAIN_CLASS_SUB_PROBLEM' 4 6
PROGRESS_REPORT_ELAPSED_TOTAL 'SVM_TRAIN_CLASS_PROBA_CROSS_VALIDATION' 1 5
PROGRESS_REPORT_ELAPSED_TOTAL 'SVM_SOLVER_ITERATION:SVC_Global_BINARY_1_2_CV_FOLD_1' 3 30
PROGRESS_REPORT_ELAPSED_TOTAL 'SVM_SOLVER_ITERATION:SVC_Global_BINARY_1_2_CV_FOLD_1' 6 30
PROGRESS_REPORT_ELAPSED_TOTAL 'SVM_SOLVER_ITERATION:SVC_Global_BINARY_1_2_CV_FOLD_1' 9 30
PROGRESS_REPORT_ELAPSED_TOTAL 'SVM_SOLVER_ITERATION:SVC_Global_BINARY_1_2_CV_FOLD_1' 12 30
PROGRESS_REPORT_ELAPSED_TOTAL 'SVM_SOLVER_ITERATION:SVC_Global_BINARY_1_2_CV_FOLD_1' 15 30
PROGRESS_REPORT_ELAPSED_TOTAL 'SVM_SOLVER_ITERATION:SVC_Global_BINARY_1_2_CV_FOLD_1' 18 30
PROGRESS_REPORT_ELAPSED_TOTAL 'SVM_SOLVER_ITERATION:SVC_Global_BINARY_1_2_CV_FOLD_1' 21 30
PROGRESS_REPORT_ELAPSED_TOTAL 'SVM_SOLVER_ITERATION:SVC_Global_BINARY_1_2_CV_FOLD_1' 24 30
PROGRESS_REPORT_ELAPSED_TOTAL 'SVM_SOLVER_ITERATION:SVC_Global_BINARY_1_2_CV_FOLD_1' 27 30
PROGRESS_REPORT_ELAPSED_TOTAL 'SVM_SOLVER_ITERATION:SVC_Global_BINARY_1_2_CV_FOLD_1' 30 30
PROGRESS_REPORT_ELAPSED_TOTAL 'SVM_TRAIN_CLASS_PROBA_CROSS_VALIDATION' 2 5
PROGRESS_REPORT_ELAPSED_TOTAL 'SVM_SOLVER_ITERATION:SVC_Global_BINARY_1_2_CV_FOLD_2' 3 30
PROGRESS_REPORT_ELAPSED_TOTAL 'SVM_SOLVER_ITERATION:SVC_Global_BINARY_1_2_CV_FOLD_2' 6 30
PROGRESS_REPORT_ELAPSED_TOTAL 'SVM_SOLVER_ITERATION:SVC_Global_BINARY_1_2_CV_FOLD_2' 9 30
PROGRESS_REPORT_ELAPSED_TOTAL 'SVM_SOLVER_ITERATION:SVC_Global_BINARY_1_2_CV_FOLD_2' 12 30
PROGRESS_REPORT_ELAPSED_TOTAL 'SVM_SOLVER_ITERATION:SVC_Global_BINARY_1_2_CV_FOLD_2' 15 30
PROGRESS_REPORT_ELAPSED_TOTAL 'SVM_SOLVER_ITERATION:SVC_Global_BINARY_1_2_CV_FOLD_2' 18 30
PROGRESS_REPORT_ELAPSED_TOTAL 'SVM_SOLVER_ITERATION:SVC_Global_BINARY_1_2_CV_FOLD_2' 21 30
PROGRESS_REPORT_ELAPSED_TOTAL 'SVM_SOLVER_ITERATION:SVC_Global_BINARY_1_2_CV_FOLD_2' 24 30
PROGRESS_REPORT_ELAPSED_TOTAL 'SVM_SOLVER_ITERATION:SVC_Global_BINARY_1_2_CV_FOLD_2' 27 30
PROGRESS_REPORT_ELAPSED_TOTAL 'SVM_SOLVER_ITERATION:SVC_Global_BINARY_1_2_CV_FOLD_2' 30 30
PROGRESS_REPORT_ELAPSED_TOTAL 'SVM_TRAIN_CLASS_PROBA_CROSS_VALIDATION' 3 5
PROGRESS_REPORT_ELAPSED_TOTAL 'SVM_SOLVER_ITERATION:SVC_Global_BINARY_1_2_CV_FOLD_3' 3 30
PROGRESS_REPORT_ELAPSED_TOTAL 'SVM_SOLVER_ITERATION:SVC_Global_BINARY_1_2_CV_FOLD_3' 6 30
PROGRESS_REPORT_ELAPSED_TOTAL 'SVM_SOLVER_ITERATION:SVC_Global_BINARY_1_2_CV_FOLD_3' 9 30
PROGRESS_REPORT_ELAPSED_TOTAL 'SVM_SOLVER_ITERATION:SVC_Global_BINARY_1_2_CV_FOLD_3' 12 30
PROGRESS_REPORT_ELAPSED_TOTAL 'SVM_SOLVER_ITERATION:SVC_Global_BINARY_1_2_CV_FOLD_3' 15 30
PROGRESS_REPORT_ELAPSED_TOTAL 'SVM_SOLVER_ITERATION:SVC_Global_BINARY_1_2_CV_FOLD_3' 18 30
PROGRESS_REPORT_ELAPSED_TOTAL 'SVM_SOLVER_ITERATION:SVC_Global_BINARY_1_2_CV_FOLD_3' 21 30
PROGRESS_REPORT_ELAPSED_TOTAL 'SVM_SOLVER_ITERATION:SVC_Global_BINARY_1_2_CV_FOLD_3' 24 30
PROGRESS_REPORT_ELAPSED_TOTAL 'SVM_SOLVER_ITERATION:SVC_Global_BINARY_1_2_CV_FOLD_3' 27 30
PROGRESS_REPORT_ELAPSED_TOTAL 'SVM_SOLVER_ITERATION:SVC_Global_BINARY_1_2_CV_FOLD_3' 30 30
PROGRESS_REPORT_ELAPSED_TOTAL 'SVM_TRAIN_CLASS_PROBA_CROSS_VALIDATION' 4 5
PROGRESS_REPORT_ELAPSED_TOTAL 'SVM_SOLVER_ITERATION:SVC_Global_BINARY_1_2_CV_FOLD_4' 3 30
PROGRESS_REPORT_ELAPSED_TOTAL 'SVM_SOLVER_ITERATION:SVC_Global_BINARY_1_2_CV_FOLD_4' 6 30
PROGRESS_REPORT_ELAPSED_TOTAL 'SVM_SOLVER_ITERATION:SVC_Global_BINARY_1_2_CV_FOLD_4' 9 30
PROGRESS_REPORT_ELAPSED_TOTAL 'SVM_SOLVER_ITERATION:SVC_Global_BINARY_1_2_CV_FOLD_4' 12 30
PROGRESS_REPORT_ELAPSED_TOTAL 'SVM_SOLVER_ITERATION:SVC_Global_BINARY_1_2_CV_FOLD_4' 15 30
PROGRESS_REPORT_ELAPSED_TOTAL 'SVM_SOLVER_ITERATION:SVC_Global_BINARY_1_2_CV_FOLD_4' 18 30
PROGRESS_REPORT_ELAPSED_TOTAL 'SVM_SOLVER_ITERATION:SVC_Global_BINARY_1_2_CV_FOLD_4' 21 30
PROGRESS_REPORT_ELAPSED_TOTAL 'SVM_SOLVER_ITERATION:SVC_Global_BINARY_1_2_CV_FOLD_4' 24 30
PROGRESS_REPORT_ELAPSED_TOTAL 'SVM_SOLVER_ITERATION:SVC_Global_BINARY_1_2_CV_FOLD_4' 27 30
PROGRESS_REPORT_ELAPSED_TOTAL 'SVM_SOLVER_ITERATION:SVC_Global_BINARY_1_2_CV_FOLD_4' 30 30
PROGRESS_REPORT_ELAPSED_TOTAL 'SVM_TRAIN_CLASS_PROBA_CROSS_VALIDATION' 5 5
PROGRESS_REPORT_ELAPSED_TOTAL 'SVM_SOLVER_ITERATION:SVC_Global_BINARY_1_2_CV_FOLD_5' 3 30
PROGRESS_REPORT_ELAPSED_TOTAL 'SVM_SOLVER_ITERATION:SVC_Global_BINARY_1_2_CV_FOLD_5' 6 30
PROGRESS_REPORT_ELAPSED_TOTAL 'SVM_SOLVER_ITERATION:SVC_Global_BINARY_1_2_CV_FOLD_5' 9 30
PROGRESS_REPORT_ELAPSED_TOTAL 'SVM_SOLVER_ITERATION:SVC_Global_BINARY_1_2_CV_FOLD_5' 12 30
PROGRESS_REPORT_ELAPSED_TOTAL 'SVM_SOLVER_ITERATION:SVC_Global_BINARY_1_2_CV_FOLD_5' 15 30
PROGRESS_REPORT_ELAPSED_TOTAL 'SVM_SOLVER_ITERATION:SVC_Global_BINARY_1_2_CV_FOLD_5' 18 30
PROGRESS_REPORT_ELAPSED_TOTAL 'SVM_SOLVER_ITERATION:SVC_Global_BINARY_1_2_CV_FOLD_5' 21 30
PROGRESS_REPORT_ELAPSED_TOTAL 'SVM_SOLVER_ITERATION:SVC_Global_BINARY_1_2_CV_FOLD_5' 24 30
PROGRESS_REPORT_ELAPSED_TOTAL 'SVM_SOLVER_ITERATION:SVC_Global_BINARY_1_2_CV_FOLD_5' 27 30
PROGRESS_REPORT_ELAPSED_TOTAL 'SVM_SOLVER_ITERATION:SVC_Global_BINARY_1_2' 3 30
PROGRESS_REPORT_ELAPSED_TOTAL 'SVM_SOLVER_ITERATION:SVC_Global_BINARY_1_2' 6 30
PROGRESS_REPORT_ELAPSED_TOTAL 'SVM_SOLVER_ITERATION:SVC_Global_BINARY_1_2' 9 30
PROGRESS_REPORT_ELAPSED_TOTAL 'SVM_SOLVER_ITERATION:SVC_Global_BINARY_1_2' 12 30
PROGRESS_REPORT_ELAPSED_TOTAL 'SVM_SOLVER_ITERATION:SVC_Global_BINARY_1_2' 15 30
PROGRESS_REPORT_ELAPSED_TOTAL 'SVM_SOLVER_ITERATION:SVC_Global_BINARY_1_2' 18 30
PROGRESS_REPORT_ELAPSED_TOTAL 'SVM_SOLVER_ITERATION:SVC_Global_BINARY_1_2' 21 30
PROGRESS_REPORT_ELAPSED_TOTAL 'SVM_SOLVER_ITERATION:SVC_Global_BINARY_1_2' 24 30
PROGRESS_REPORT_ELAPSED_TOTAL 'SVM_SOLVER_ITERATION:SVC_Global_BINARY_1_2' 27 30
PROGRESS_REPORT_ELAPSED_TOTAL 'SVM_SOLVER_ITERATION:SVC_Global_BINARY_1_2' 30 30
PROGRESS_REPORT_ELAPSED_TOTAL 'SVM_TRAIN_CLASS_SUB_PROBLEM' 5 6
PROGRESS_REPORT_ELAPSED_TOTAL 'SVM_TRAIN_CLASS_PROBA_CROSS_VALIDATION' 1 5
PROGRESS_REPORT_ELAPSED_TOTAL 'SVM_SOLVER_ITERATION:SVC_Global_BINARY_1_3_CV_FOLD_1' 3 30
PROGRESS_REPORT_ELAPSED_TOTAL 'SVM_SOLVER_ITERATION:SVC_Global_BINARY_1_3_CV_FOLD_1' 6 30
PROGRESS_REPORT_ELAPSED_TOTAL 'SVM_SOLVER_ITERATION:SVC_Global_BINARY_1_3_CV_FOLD_1' 9 30
PROGRESS_REPORT_ELAPSED_TOTAL 'SVM_SOLVER_ITERATION:SVC_Global_BINARY_1_3_CV_FOLD_1' 12 30
PROGRESS_REPORT_ELAPSED_TOTAL 'SVM_SOLVER_ITERATION:SVC_Global_BINARY_1_3_CV_FOLD_1' 15 30
PROGRESS_REPORT_ELAPSED_TOTAL 'SVM_SOLVER_ITERATION:SVC_Global_BINARY_1_3_CV_FOLD_1' 18 30
PROGRESS_REPORT_ELAPSED_TOTAL 'SVM_SOLVER_ITERATION:SVC_Global_BINARY_1_3_CV_FOLD_1' 21 30
PROGRESS_REPORT_ELAPSED_TOTAL 'SVM_SOLVER_ITERATION:SVC_Global_BINARY_1_3_CV_FOLD_1' 24 30
PROGRESS_REPORT_ELAPSED_TOTAL 'SVM_SOLVER_ITERATION:SVC_Global_BINARY_1_3_CV_FOLD_1' 27 30
PROGRESS_REPORT_ELAPSED_TOTAL 'SVM_SOLVER_ITERATION:SVC_Global_BINARY_1_3_CV_FOLD_1' 30 30
PROGRESS_REPORT_ELAPSED_TOTAL 'SVM_TRAIN_CLASS_PROBA_CROSS_VALIDATION' 2 5
PROGRESS_REPORT_ELAPSED_TOTAL 'SVM_SOLVER_ITERATION:SVC_Global_BINARY_1_3_CV_FOLD_2' 3 30
PROGRESS_REPORT_ELAPSED_TOTAL 'SVM_SOLVER_ITERATION:SVC_Global_BINARY_1_3_CV_FOLD_2' 6 30
PROGRESS_REPORT_ELAPSED_TOTAL 'SVM_SOLVER_ITERATION:SVC_Global_BINARY_1_3_CV_FOLD_2' 9 30
PROGRESS_REPORT_ELAPSED_TOTAL 'SVM_SOLVER_ITERATION:SVC_Global_BINARY_1_3_CV_FOLD_2' 12 30
PROGRESS_REPORT_ELAPSED_TOTAL 'SVM_SOLVER_ITERATION:SVC_Global_BINARY_1_3_CV_FOLD_2' 15 30
PROGRESS_REPORT_ELAPSED_TOTAL 'SVM_SOLVER_ITERATION:SVC_Global_BINARY_1_3_CV_FOLD_2' 18 30
PROGRESS_REPORT_ELAPSED_TOTAL 'SVM_SOLVER_ITERATION:SVC_Global_BINARY_1_3_CV_FOLD_2' 21 30
PROGRESS_REPORT_ELAPSED_TOTAL 'SVM_SOLVER_ITERATION:SVC_Global_BINARY_1_3_CV_FOLD_2' 24 30
PROGRESS_REPORT_ELAPSED_TOTAL 'SVM_SOLVER_ITERATION:SVC_Global_BINARY_1_3_CV_FOLD_2' 27 30
PROGRESS_REPORT_ELAPSED_TOTAL 'SVM_SOLVER_ITERATION:SVC_Global_BINARY_1_3_CV_FOLD_2' 30 30
PROGRESS_REPORT_ELAPSED_TOTAL 'SVM_TRAIN_CLASS_PROBA_CROSS_VALIDATION' 3 5
PROGRESS_REPORT_ELAPSED_TOTAL 'SVM_SOLVER_ITERATION:SVC_Global_BINARY_1_3_CV_FOLD_3' 3 30
PROGRESS_REPORT_ELAPSED_TOTAL 'SVM_SOLVER_ITERATION:SVC_Global_BINARY_1_3_CV_FOLD_3' 6 30
PROGRESS_REPORT_ELAPSED_TOTAL 'SVM_SOLVER_ITERATION:SVC_Global_BINARY_1_3_CV_FOLD_3' 9 30
PROGRESS_REPORT_ELAPSED_TOTAL 'SVM_SOLVER_ITERATION:SVC_Global_BINARY_1_3_CV_FOLD_3' 12 30
PROGRESS_REPORT_ELAPSED_TOTAL 'SVM_SOLVER_ITERATION:SVC_Global_BINARY_1_3_CV_FOLD_3' 15 30
PROGRESS_REPORT_ELAPSED_TOTAL 'SVM_SOLVER_ITERATION:SVC_Global_BINARY_1_3_CV_FOLD_3' 18 30
PROGRESS_REPORT_ELAPSED_TOTAL 'SVM_SOLVER_ITERATION:SVC_Global_BINARY_1_3_CV_FOLD_3' 21 30
PROGRESS_REPORT_ELAPSED_TOTAL 'SVM_SOLVER_ITERATION:SVC_Global_BINARY_1_3_CV_FOLD_3' 24 30
PROGRESS_REPORT_ELAPSED_TOTAL 'SVM_SOLVER_ITERATION:SVC_Global_BINARY_1_3_CV_FOLD_3' 27 30
PROGRESS_REPORT_ELAPSED_TOTAL 'SVM_SOLVER_ITERATION:SVC_Global_BINARY_1_3_CV_FOLD_3' 30 30
PROGRESS_REPORT_ELAPSED_TOTAL 'SVM_TRAIN_CLASS_PROBA_CROSS_VALIDATION' 4 5
PROGRESS_REPORT_ELAPSED_TOTAL 'SVM_SOLVER_ITERATION:SVC_Global_BINARY_1_3_CV_FOLD_4' 3 30
PROGRESS_REPORT_ELAPSED_TOTAL 'SVM_SOLVER_ITERATION:SVC_Global_BINARY_1_3_CV_FOLD_4' 6 30
PROGRESS_REPORT_ELAPSED_TOTAL 'SVM_SOLVER_ITERATION:SVC_Global_BINARY_1_3_CV_FOLD_4' 9 30
PROGRESS_REPORT_ELAPSED_TOTAL 'SVM_SOLVER_ITERATION:SVC_Global_BINARY_1_3_CV_FOLD_4' 12 30
PROGRESS_REPORT_ELAPSED_TOTAL 'SVM_SOLVER_ITERATION:SVC_Global_BINARY_1_3_CV_FOLD_4' 15 30
PROGRESS_REPORT_ELAPSED_TOTAL 'SVM_SOLVER_ITERATION:SVC_Global_BINARY_1_3_CV_FOLD_4' 18 30
PROGRESS_REPORT_ELAPSED_TOTAL 'SVM_SOLVER_ITERATION:SVC_Global_BINARY_1_3_CV_FOLD_4' 21 30
PROGRESS_REPORT_ELAPSED_TOTAL 'SVM_SOLVER_ITERATION:SVC_Global_BINARY_1_3_CV_FOLD_4' 24 30
PROGRESS_REPORT_ELAPSED_TOTAL 'SVM_SOLVER_ITERATION:SVC_Global_BINARY_1_3_CV_FOLD_4' 27 30
PROGRESS_REPORT_ELAPSED_TOTAL 'SVM_SOLVER_ITERATION:SVC_Global_BINARY_1_3_CV_FOLD_4' 30 30
PROGRESS_REPORT_ELAPSED_TOTAL 'SVM_TRAIN_CLASS_PROBA_CROSS_VALIDATION' 5 5
PROGRESS_REPORT_ELAPSED_TOTAL 'SVM_SOLVER_ITERATION:SVC_Global_BINARY_1_3_CV_FOLD_5' 3 30
PROGRESS_REPORT_ELAPSED_TOTAL 'SVM_SOLVER_ITERATION:SVC_Global_BINARY_1_3_CV_FOLD_5' 6 30
PROGRESS_REPORT_ELAPSED_TOTAL 'SVM_SOLVER_ITERATION:SVC_Global_BINARY_1_3_CV_FOLD_5' 9 30
PROGRESS_REPORT_ELAPSED_TOTAL 'SVM_SOLVER_ITERATION:SVC_Global_BINARY_1_3_CV_FOLD_5' 12 30
PROGRESS_REPORT_ELAPSED_TOTAL 'SVM_SOLVER_ITERATION:SVC_Global_BINARY_1_3_CV_FOLD_5' 15 30
PROGRESS_REPORT_ELAPSED_TOTAL 'SVM_SOLVER_ITERATION:SVC_Global_BINARY_1_3_CV_FOLD_5' 18 30
PROGRESS_REPORT_ELAPSED_TOTAL 'SVM_SOLVER_ITERATION:SVC_Global_BINARY_1_3_CV_FOLD_5' 21 30
PROGRESS_REPORT_ELAPSED_TOTAL 'SVM_SOLVER_ITERATION:SVC_Global_BINARY_1_3_CV_FOLD_5' 24 30
PROGRESS_REPORT_ELAPSED_TOTAL 'SVM_SOLVER_ITERATION:SVC_Global_BINARY_1_3_CV_FOLD_5' 27 30
PROGRESS_REPORT_ELAPSED_TOTAL 'SVM_SOLVER_ITERATION:SVC_Global_BINARY_1_3_CV_FOLD_5' 30 30
PROGRESS_REPORT_ELAPSED_TOTAL 'SVM_SOLVER_ITERATION:SVC_Global_BINARY_1_3' 3 30
PROGRESS_REPORT_ELAPSED_TOTAL 'SVM_SOLVER_ITERATION:SVC_Global_BINARY_1_3' 6 30
PROGRESS_REPORT_ELAPSED_TOTAL 'SVM_SOLVER_ITERATION:SVC_Global_BINARY_1_3' 9 30
PROGRESS_REPORT_ELAPSED_TOTAL 'SVM_SOLVER_ITERATION:SVC_Global_BINARY_1_3' 12 30
PROGRESS_REPORT_ELAPSED_TOTAL 'SVM_SOLVER_ITERATION:SVC_Global_BINARY_1_3' 15 30
PROGRESS_REPORT_ELAPSED_TOTAL 'SVM_SOLVER_ITERATION:SVC_Global_BINARY_1_3' 18 30
PROGRESS_REPORT_ELAPSED_TOTAL 'SVM_SOLVER_ITERATION:SVC_Global_BINARY_1_3' 21 30
PROGRESS_REPORT_ELAPSED_TOTAL 'SVM_SOLVER_ITERATION:SVC_Global_BINARY_1_3' 24 30
PROGRESS_REPORT_ELAPSED_TOTAL 'SVM_SOLVER_ITERATION:SVC_Global_BINARY_1_3' 27 30
PROGRESS_REPORT_ELAPSED_TOTAL 'SVM_SOLVER_ITERATION:SVC_Global_BINARY_1_3' 30 30
PROGRESS_REPORT_ELAPSED_TOTAL 'SVM_TRAIN_CLASS_SUB_PROBLEM' 6 6
PROGRESS_REPORT_ELAPSED_TOTAL 'SVM_TRAIN_CLASS_PROBA_CROSS_VALIDATION' 1 5
PROGRESS_REPORT_ELAPSED_TOTAL 'SVM_SOLVER_ITERATION:SVC_Global_BINARY_2_3_CV_FOLD_1' 3 30
PROGRESS_REPORT_ELAPSED_TOTAL 'SVM_SOLVER_ITERATION:SVC_Global_BINARY_2_3_CV_FOLD_1' 6 30
PROGRESS_REPORT_ELAPSED_TOTAL 'SVM_SOLVER_ITERATION:SVC_Global_BINARY_2_3_CV_FOLD_1' 9 30
PROGRESS_REPORT_ELAPSED_TOTAL 'SVM_SOLVER_ITERATION:SVC_Global_BINARY_2_3_CV_FOLD_1' 12 30
PROGRESS_REPORT_ELAPSED_TOTAL 'SVM_SOLVER_ITERATION:SVC_Global_BINARY_2_3_CV_FOLD_1' 15 30
PROGRESS_REPORT_ELAPSED_TOTAL 'SVM_SOLVER_ITERATION:SVC_Global_BINARY_2_3_CV_FOLD_1' 18 30
PROGRESS_REPORT_ELAPSED_TOTAL 'SVM_SOLVER_ITERATION:SVC_Global_BINARY_2_3_CV_FOLD_1' 21 30
PROGRESS_REPORT_ELAPSED_TOTAL 'SVM_SOLVER_ITERATION:SVC_Global_BINARY_2_3_CV_FOLD_1' 24 30
PROGRESS_REPORT_ELAPSED_TOTAL 'SVM_SOLVER_ITERATION:SVC_Global_BINARY_2_3_CV_FOLD_1' 27 30
PROGRESS_REPORT_ELAPSED_TOTAL 'SVM_SOLVER_ITERATION:SVC_Global_BINARY_2_3_CV_FOLD_1' 30 30
PROGRESS_REPORT_ELAPSED_TOTAL 'SVM_TRAIN_CLASS_PROBA_CROSS_VALIDATION' 2 5
PROGRESS_REPORT_ELAPSED_TOTAL 'SVM_SOLVER_ITERATION:SVC_Global_BINARY_2_3_CV_FOLD_2' 3 30
PROGRESS_REPORT_ELAPSED_TOTAL 'SVM_SOLVER_ITERATION:SVC_Global_BINARY_2_3_CV_FOLD_2' 6 30
PROGRESS_REPORT_ELAPSED_TOTAL 'SVM_SOLVER_ITERATION:SVC_Global_BINARY_2_3_CV_FOLD_2' 9 30
PROGRESS_REPORT_ELAPSED_TOTAL 'SVM_SOLVER_ITERATION:SVC_Global_BINARY_2_3_CV_FOLD_2' 12 30
PROGRESS_REPORT_ELAPSED_TOTAL 'SVM_SOLVER_ITERATION:SVC_Global_BINARY_2_3_CV_FOLD_2' 15 30
PROGRESS_REPORT_ELAPSED_TOTAL 'SVM_SOLVER_ITERATION:SVC_Global_BINARY_2_3_CV_FOLD_2' 18 30
PROGRESS_REPORT_ELAPSED_TOTAL 'SVM_SOLVER_ITERATION:SVC_Global_BINARY_2_3_CV_FOLD_2' 21 30
PROGRESS_REPORT_ELAPSED_TOTAL 'SVM_SOLVER_ITERATION:SVC_Global_BINARY_2_3_CV_FOLD_2' 24 30
PROGRESS_REPORT_ELAPSED_TOTAL 'SVM_SOLVER_ITERATION:SVC_Global_BINARY_2_3_CV_FOLD_2' 27 30
PROGRESS_REPORT_ELAPSED_TOTAL 'SVM_SOLVER_ITERATION:SVC_Global_BINARY_2_3_CV_FOLD_2' 30 30
PROGRESS_REPORT_ELAPSED_TOTAL 'SVM_TRAIN_CLASS_PROBA_CROSS_VALIDATION' 3 5
PROGRESS_REPORT_ELAPSED_TOTAL 'SVM_SOLVER_ITERATION:SVC_Global_BINARY_2_3_CV_FOLD_3' 3 30
PROGRESS_REPORT_ELAPSED_TOTAL 'SVM_SOLVER_ITERATION:SVC_Global_BINARY_2_3_CV_FOLD_3' 6 30
PROGRESS_REPORT_ELAPSED_TOTAL 'SVM_SOLVER_ITERATION:SVC_Global_BINARY_2_3_CV_FOLD_3' 9 30
PROGRESS_REPORT_ELAPSED_TOTAL 'SVM_SOLVER_ITERATION:SVC_Global_BINARY_2_3_CV_FOLD_3' 12 30
PROGRESS_REPORT_ELAPSED_TOTAL 'SVM_SOLVER_ITERATION:SVC_Global_BINARY_2_3_CV_FOLD_3' 15 30
PROGRESS_REPORT_ELAPSED_TOTAL 'SVM_SOLVER_ITERATION:SVC_Global_BINARY_2_3_CV_FOLD_3' 18 30
PROGRESS_REPORT_ELAPSED_TOTAL 'SVM_SOLVER_ITERATION:SVC_Global_BINARY_2_3_CV_FOLD_3' 21 30
PROGRESS_REPORT_ELAPSED_TOTAL 'SVM_SOLVER_ITERATION:SVC_Global_BINARY_2_3_CV_FOLD_3' 24 30
PROGRESS_REPORT_ELAPSED_TOTAL 'SVM_SOLVER_ITERATION:SVC_Global_BINARY_2_3_CV_FOLD_3' 27 30
PROGRESS_REPORT_ELAPSED_TOTAL 'SVM_SOLVER_ITERATION:SVC_Global_BINARY_2_3_CV_FOLD_3' 30 30
PROGRESS_REPORT_ELAPSED_TOTAL 'SVM_TRAIN_CLASS_PROBA_CROSS_VALIDATION' 4 5
PROGRESS_REPORT_ELAPSED_TOTAL 'SVM_SOLVER_ITERATION:SVC_Global_BINARY_2_3_CV_FOLD_4' 3 30
PROGRESS_REPORT_ELAPSED_TOTAL 'SVM_SOLVER_ITERATION:SVC_Global_BINARY_2_3_CV_FOLD_4' 6 30
PROGRESS_REPORT_ELAPSED_TOTAL 'SVM_SOLVER_ITERATION:SVC_Global_BINARY_2_3_CV_FOLD_4' 9 30
PROGRESS_REPORT_ELAPSED_TOTAL 'SVM_SOLVER_ITERATION:SVC_Global_BINARY_2_3_CV_FOLD_4' 12 30
PROGRESS_REPORT_ELAPSED_TOTAL 'SVM_SOLVER_ITERATION:SVC_Global_BINARY_2_3_CV_FOLD_4' 15 30
PROGRESS_REPORT_ELAPSED_TOTAL 'SVM_SOLVER_ITERATION:SVC_Global_BINARY_2_3_CV_FOLD_4' 18 30
PROGRESS_REPORT_ELAPSED_TOTAL 'SVM_SOLVER_ITERATION:SVC_Global_BINARY_2_3_CV_FOLD_4' 21 30
PROGRESS_REPORT_ELAPSED_TOTAL 'SVM_SOLVER_ITERATION:SVC_Global_BINARY_2_3_CV_FOLD_4' 24 30
PROGRESS_REPORT_ELAPSED_TOTAL 'SVM_SOLVER_ITERATION:SVC_Global_BINARY_2_3_CV_FOLD_4' 27 30
PROGRESS_REPORT_ELAPSED_TOTAL 'SVM_SOLVER_ITERATION:SVC_Global_BINARY_2_3_CV_FOLD_4' 30 30
PROGRESS_REPORT_ELAPSED_TOTAL 'SVM_TRAIN_CLASS_PROBA_CROSS_VALIDATION' 5 5
PROGRESS_REPORT_ELAPSED_TOTAL 'SVM_SOLVER_ITERATION:SVC_Global_BINARY_2_3_CV_FOLD_5' 3 30
PROGRESS_REPORT_ELAPSED_TOTAL 'SVM_SOLVER_ITERATION:SVC_Global_BINARY_2_3_CV_FOLD_5' 6 30
PROGRESS_REPORT_ELAPSED_TOTAL 'SVM_SOLVER_ITERATION:SVC_Global_BINARY_2_3_CV_FOLD_5' 9 30
PROGRESS_REPORT_ELAPSED_TOTAL 'SVM_SOLVER_ITERATION:SVC_Global_BINARY_2_3_CV_FOLD_5' 12 30
PROGRESS_REPORT_ELAPSED_TOTAL 'SVM_SOLVER_ITERATION:SVC_Global_BINARY_2_3_CV_FOLD_5' 15 30
PROGRESS_REPORT_ELAPSED_TOTAL 'SVM_SOLVER_ITERATION:SVC_Global_BINARY_2_3_CV_FOLD_5' 18 30
PROGRESS_REPORT_ELAPSED_TOTAL 'SVM_SOLVER_ITERATION:SVC_Global_BINARY_2_3_CV_FOLD_5' 21 30
PROGRESS_REPORT_ELAPSED_TOTAL 'SVM_SOLVER_ITERATION:SVC_Global_BINARY_2_3_CV_FOLD_5' 24 30
PROGRESS_REPORT_ELAPSED_TOTAL 'SVM_SOLVER_ITERATION:SVC_Global_BINARY_2_3_CV_FOLD_5' 27 30
PROGRESS_REPORT_ELAPSED_TOTAL 'SVM_SOLVER_ITERATION:SVC_Global_BINARY_2_3_CV_FOLD_5' 30 30
PROGRESS_REPORT_ELAPSED_TOTAL 'SVM_SOLVER_ITERATION:SVC_Global_BINARY_2_3' 3 30
PROGRESS_REPORT_ELAPSED_TOTAL 'SVM_SOLVER_ITERATION:SVC_Global_BINARY_2_3' 6 30
PROGRESS_REPORT_ELAPSED_TOTAL 'SVM_SOLVER_ITERATION:SVC_Global_BINARY_2_3' 9 30
PROGRESS_REPORT_ELAPSED_TOTAL 'SVM_SOLVER_ITERATION:SVC_Global_BINARY_2_3' 12 30
PROGRESS_REPORT_ELAPSED_TOTAL 'SVM_SOLVER_ITERATION:SVC_Global_BINARY_2_3' 15 30
PROGRESS_REPORT_ELAPSED_TOTAL 'SVM_SOLVER_ITERATION:SVC_Global_BINARY_2_3' 18 30
PROGRESS_REPORT_ELAPSED_TOTAL 'SVM_SOLVER_ITERATION:SVC_Global_BINARY_2_3' 21 30
PROGRESS_REPORT_ELAPSED_TOTAL 'SVM_SOLVER_ITERATION:SVC_Global_BINARY_2_3' 24 30
PROGRESS_REPORT_ELAPSED_TOTAL 'SVM_SOLVER_ITERATION:SVC_Global_BINARY_2_3' 27 30
PROGRESS_REPORT_ELAPSED_TOTAL 'SVM_SOLVER_ITERATION:SVC_Global_BINARY_2_3' 30 30
PROGRESS_REPORT_ELAPSED_TOTAL 'SVM_CLASSIFIER_FIT' 5 5
MCU_DEPLOY_CLASSIFICATION_CODE MODEL_JSON_EXPORT_STEP
MODEL_JSON_DUMP_START
{
	"metadata" : { "model" : "Vapnik_SVC_RBF", "version" : "2024-W04"},
	"options" : {"svm_type" : "c_svc", "kernel" : "rbf", "degree" : 3, "gamma" : 0.046523381, "coef0" : 0, "cache_size" : 10240, "tol" : 0.001, "nu" : 0.5, "epsilon" : 0, "shrinking" : 0, "probability" : 1, "C" : 1, "max_iter" : 30, "random_state" : 1789 },
	"classes" : [ 0, 1, 2, 3 ],
	"svm_model" : {
	"classes" : 4,
	"L" : 60,
	"SupportVectors" : {
		"SV_00" : [ 0.92885792, -1.1773754, 0.54273063, 1.248167, -0.73235887, 0.69221258, 0.362028, -0.053731039, 0.48552942, 1.1065644 ],
		"SV_01" : [ -1.7502097, 1.5760988, 0.28650337, -1.7408847, -0.94996732, -0.38423297, 0.038996458, -1.1609935, -2.2675498, 1.2131842 ],
		"SV_02" : [ -0.64940852, 1.0301121, 0.59031314, -1.4323184, 0.032630097, -0.0089731375, -0.48890439, -0.064296246, -0.6355136, 0.25522837 ],
		"SV_03" : [ -1.1887679, 0.33739132, 1.0899714, -0.58225775, -0.74390358, -0.22995843, 0.40263927, -2.5715041, -2.9996984, -0.75319952 ],
		"SV_04" : [ -1.8393524, 2.261719, -0.54911739, -2.5605977, 0.72996843, -0.78697699, -3.1158621, -1.3937322, 0.13343576, -0.0081948731 ],
		"SV_05" : [ 2.8678648, -1.912016, 0.0051090717, -0.89771724, -0.41368952, 1.1381851, -1.6967643, -1.5357227, -0.61646581, -0.57238513 ],
		"SV_06" : [ 0.56542766, -1.2698336, 0.63550389, 2.015342, -0.065636873, 1.5352781, -0.56797612, -0.75246024, 1.4917033, -1.3765135 ],
		"SV_07" : [ 1.7252039, -2.3920221, -0.024752187, 2.720746, -0.83503109, -0.45233846, 2.4864376, 0.51917446, -0.10571101, -0.83282429 ],
		"SV_08" : [ -1.7055535, 0.63402742, 1.7882916, -0.65494043, -0.26341167, -1.0619285, -2.4042554, -4.2450714, -1.5671949, 1.1387082 ],
		"SV_09" : [ -0.10239132, 0.42482299, -1.644819, -0.80532897, 0.88170761, 0.086143062, 1.5155271, 0.91766191, -1.4003971, 0.029573342 ],
		"SV_10" : [ 0.77431375, -1.319097, -0.42543522, 1.4805689, 0.56688946, 1.1199416, -2.5393887, -2.0318124, 1.9570347, 0.70264035 ],
		"SV_11" : [ 2.0315526, -1.7843853, 2.3998623, 0.48573032, 1.1344897, -1.0702268, -0.67004699, -0.91413969, 0.068922967, 0.060765166 ],
		"SV_12" : [ 1.3602898, -2.4206381, -2.3302596, 3.1858714, 0.87970138, -1.9612846, 0.65660387, -0.77845204, 1.0634727, 0.94349271 ],
		"SV_13" : [ -0.071107358, 1.2196552, 0.50231671, -1.9614729, 0.70580709, 0.65975487, -2.4767904, 0.57117659, 1.481645, 1.2385951 ],
		"SV_14" : [ 0.081388243, -0.91122961, -1.4202319, 1.7732635, 0.30262619, -0.69254911, -3.2483618, -2.2788723, 2.7821999, -0.049330585 ],
		"SV_15" : [ -2.3000305, 2.9810891, 1.3109921, -2.6449788, 0.64989895, 1.8552259, -1.027931, 0.94539261, 0.00041761951, 0.59840596 ],
		"SV_16" : [ -0.1240493, 0.76864439, -1.040184, -1.0419097, -0.51594281, 1.4802165, -1.7200696, 0.34235197, 1.2473352, -1.4139622 ],
		"SV_17" : [ -0.049860597, 1.0190616, -0.23990105, -1.7626336, 0.67217362, 0.65912777, -1.4849988, 0.60068506, 0.64213276, 0.4600037 ],
		"SV_18" : [ -1.368644, 0.7161271, 0.30729651, 0.89908004, -0.30332991, 1.2723781, -0.11238197, 0.21511018, 1.1727096, 1.7281965 ],
		"SV_19" : [ -1.7280869, 2.3932953, 0.055106673, -1.740847, -1.8485285, -0.97894412, 0.43844193, 2.2000701, 0.24874116, 1.0480019 ],
		"SV_20" : [ -1.2117599, 1.1429237, 1.3393031, -0.82951444, -0.24851365, 1.220032, -1.7777773, -0.91660625, 0.4957788, 0.93144453 ],
		"SV_21" : [ -0.35905117, 0.09383975, -1.0402024, 0.23788902, -0.18774088, 0.76788032, 1.1913046, 0.26551214, -0.76764399, -0.35804942 ],
		"SV_22" : [ 1.0762186, 0.5557062, -0.31065732, -1.8541515, 1.7366083, -0.38052899, -0.26997292, 2.328577, 0.70201916, -0.74654222 ],
		"SV_23" : [ 0.60977125, 0.8423838, 0.029903594, -1.8864096, 2.3969502, 0.95136923, -1.5954528, 1.4957038, 1.3666755, 0.11751499 ],
		"SV_24" : [ 1.9530727, -0.65031445, 0.92072469, -0.83892429, -1.4762517, -0.53526843, -0.65062422, 1.3552378, 0.96981823, -0.48736235 ],
		"SV_25" : [ 2.016849, -1.1915369, -1.3324987, -0.11935215, 0.1693749, 0.4205552, -3.6367016, -0.91138417, 2.645946, -0.22189523 ],
		"SV_26" : [ -0.1919312, -0.16250405, 1.1516461, 1.0537803, 0.043355945, -0.1639076, -2.4282837, -0.79248929, 2.6823156, 0.78927565 ],
		"SV_27" : [ -1.5692183, 2.5743461, 1.9539135, -2.9713488, 0.4184505, 0.44342801, -1.3044329, 0.79672718, -0.1844237, 0.41398054 ],
		"SV_28" : [ -2.9360373, 2.0670569, -0.79572052, 1.2320879, 0.034662474, 1.1410552, 2.0888779, 2.590199, 1.4078186, -0.067862019 ],
		"SV_29" : [ -0.99587339, 1.788268, -0.54899359, -1.6465694, 0.31889853, 0.25774682, -0.23264442, 1.7042625, 0.50663984, -0.69873261 ],
		"SV_30" : [ 1.9144299, -1.1879784, -1.9085928, -0.0033613241, -0.78372002, -1.6169486, -1.2280409, 0.10025525, 1.1477797, -0.64043021 ],
		"SV_31" : [ 0.14192812, -0.4083145, 0.40220651, 0.51347411, 1.6326545, 0.11358492, -0.50159663, -0.68591428, 0.31749883, -0.04939089 ],
		"SV_32" : [ -1.0506592, 0.92064023, -0.4551253, -0.050129887, -0.19162714, 0.58432859, 0.94303131, 1.0213077, -0.010796924, -1.5869486 ],
		"SV_33" : [ 0.91403049, -0.3858152, 2.1202652, -1.074814, 0.67047209, -0.57207096, -1.9669734, -1.3986716, -0.15295571, -0.42727146 ],
		"SV_34" : [ -0.12854287, 1.0292621, -1.3384284, -2.1451173, 1.119838, 0.88259333, -0.51495039, 0.34016338, -0.88509887, 0.30725464 ],
		"SV_35" : [ 0.42096037, 0.50821793, 0.79258651, -1.8244227, -0.53445852, -0.80278289, -2.3984034, -0.5765509, 0.45800838, 1.3408587 ],
		"SV_36" : [ -1.744387, 1.663607, -2.320833, -0.97779876, -1.353951, 1.243189, 2.9572227, 1.6047493, -2.2525456, 1.1745543 ],
		"SV_37" : [ -0.59458667, 1.3696756, 0.87795269, -2.5930405, 0.42460266, 0.6678794, -1.6845057, -0.79529911, -0.97971457, -1.9545548 ],
		"SV_38" : [ 1.9004052, -1.4790813, 0.12565729, -0.31367102, -2.1039417, -0.19372, 0.040857647, -0.89435214, -1.2765762, 0.14552748 ],
		"SV_39" : [ -1.1492099, 1.3548117, -1.4596099, -0.73851645, -1.0151744, 0.2754482, 3.0639305, 2.4285126, -1.5150623, 0.93170124 ],
		"SV_40" : [ 1.3952053, -0.68700987, -0.91834742, -1.5865653, -0.054809205, 0.37185088, -1.7952986, -1.8749776, -1.2084213, 0.43402103 ],
		"SV_41" : [ -0.69421405, 0.29952219, 0.71489924, 0.54202127, 1.0199676, 0.3426092, 1.5554355, 0.732274, -0.45581526, 0.53700113 ],
		"SV_42" : [ 3.3959076, -4.7263365, 0.97095639, 2.7752821, -0.056961469, -0.98431814, 5.3127508, -2.4574564, -5.7502756, 1.5291383 ],
		"SV_43" : [ -2.5989289, 3.4634454, -0.023906121, -4.2926469, 0.49240956, 0.036821596, 2.2576451, 1.1904521, -4.4693007, 0.13877529 ],
		"SV_44" : [ 0.36548463, 1.0007242, 0.49287248, -2.6669996, 2.6448658, 0.11236323, -4.8556805, -1.1633642, 1.8087326, -1.5858887 ],
		"SV_45" : [ 0.85516375, -0.93458188, -1.8853494, -0.051859207, 0.22750466, -0.48326948, 2.0531552, -0.36208171, -2.5662222, 0.077758797 ],
		"SV_46" : [ 1.86988, -2.3121896, -1.1538523, 1.292078, -1.061729, 2.0429258, 1.284271, -1.3353989, -1.6480426, 2.1099062 ],
		"SV_47" : [ -1.5983242, 1.4824632, 1.6646907, -0.7911312, -0.32691619, -0.07355959, -3.3526254, -1.3474813, 1.8165325, 0.63700032 ],
		"SV_48" : [ 0.47641093, 0.55517232, 2.0040114, -1.4396374, -0.087654807, 0.89949882, -1.2898759, 0.80364513, 0.82182348, 0.48554975 ],
		"SV_49" : [ -1.9794657, 2.3543444, -0.38074744, -1.7581688, -0.097531408, 0.35873166, -4.8515458, -1.1032784, 2.8377843, 0.027099768 ],
		"SV_50" : [ 1.1846322, -1.6910998, -0.78167552, 1.3272824, 0.1943381, 2.6428726, 1.3661808, -0.74238276, -1.1142328, 0.62236685 ],
		"SV_51" : [ 0.12547255, -0.17428257, 0.42329645, -0.36085221, -1.3407871, 0.90138608, -2.1166804, -1.806991, 0.30396181, 1.5018057 ],
		"SV_52" : [ 2.0648954, -1.9457905, -2.0291402, -0.31141457, 0.442332, -0.19395947, -2.1113505, -3.2194996, -1.099663, 0.012908541 ],
		"SV_53" : [ -1.7127426, 1.9029129, -0.38871413, -1.9231154, -0.59485209, -0.73941588, -5.0451527, -2.4197702, 1.7284573, -0.15460065 ],
		"SV_54" : [ -0.071946688, 0.24219416, 2.3219211, -0.38104248, -0.25045806, 0.8482846, 0.3701396, 0.36687219, -0.3609412, 0.29068583 ],
		"SV_55" : [ -1.7912457, 1.5439893, -1.577224, -0.78752702, -0.053479977, -1.0153435, -3.6534359, -1.7713312, 1.7806665, 0.078939222 ],
		"SV_56" : [ 0.11696362, 0.76460832, -0.83447295, -1.6483334, 1.6168197, -0.21607919, -4.6211548, -1.2074473, 2.3747132, 0.080743268 ],
		"SV_57" : [ 0.26017749, -0.9813351, 0.4499743, 0.98060024, 2.2604039, 0.32980093, 2.5182421, -0.49978101, -2.2717347, 0.74192065 ],
		"SV_58" : [ 1.5575399, -2.4783635, 0.24881898, 2.1840975, 1.7003186, -0.14022851, 3.6442969, -0.4798013, -2.5851705, 0.53081697 ],
		"SV_59" : [ -0.43805894, -0.59321713, 0.53571057, 2.3073716, -0.018146785, 1.3061599, 3.7525742, 1.5072087, -0.65281457, -1.2646565 ]
	},
	"SupportVectorsCoefs" : {
		"SV_coef_0" : [ 1, 1, 1, 0, 1, 0.94777286, 1, 0.28556132, 0.19058296, 1, 1, 0.82681966, 0.44307247, 1, 1, 1, 90.201927, 248.40979, 222.88945, 255, 255, 255, 0, 189.48259, 255, 255, 255, 255, 190.93761, 0, 255, 255, 255, 255, 255, 255, 152.60152, 255, 255, 90.973869, 255, 255, 255, 255, 255, 255, 255, 255, 255, 39.711998, 255, 255, 255, 141.03792, 255, 255, 255, 255, 154.54164, 255 ],
		"SV_coef_1" : [ 1, 1, 1, 1, 1, 1, 0.25201619, 0.94108093, 0.564228, 1, 0, 1, 0.4142803, 1, 0.78359222, 1, 0.4182061, 1, 0, 1, 1, 1, 0.79076672, 0.17442498, 1, 0.89466745, 0.23032603, 1, 1, 0.038443565, 0.78064924, 1, 255, 255, 255, 255, 35.550129, 255, 255, 255, 181.74397, 255, 170.61316, 147.59865, 255, 58.002514, 7.6957884, 255, 255, 5.6694422, 255, 255, 255, 0, 255, 255, 255, 205.0061, 0, 255 ],
		"SV_coef_2" : [ 1, 0, 0.79442054, 0.68248159, 1, 1, 0.36828816, 1, 1, 1, 0.72851336, 0.61672074, 0.376789, 1, 1, 0.74765539, 0.31851199, 0, 0.54998672, 0.32385471, 1, 1, 0, 0.58542418, 0.88973618, 1, 1, 1, 0.74029714, 0, 0.44854727, 1, 1, 1, 0, 1, 0.38289773, 0.48393601, 1, 0.12802878, 1, 1, 1, 0.71010172, 1, 1, 255, 191.93018, 255, 0, 95.452736, 255, 255, 110.07714, 255, 116.55313, 255, 255, 175.75269, 255 ]
	},
	"rho" : [ 53.456177, 2.0750835, 14.707087, -31.942411, -13.544736, 2.3553226 ],
	"nSV" : [ 16, 16, 14, 14 ],
	"probA" : [ 0.0033045521, -0.00073302735, 0.00049733178, -0.0018223729, -0.00068953465, 0.0029128348 ],
	"probB" : [ -2.4914801, 0.23221619, -0.46805492, 0.90228772, 0.078242026, -1.3785502 ],
	"n_iter" : [ 30, 28, 30, 30, 30, 30 ],
	"sv_ind" : [ 3, 5, 8, 18, 21, 23, 26, 29, 30, 35, 39, 47, 48, 49, 50, 60, 2, 7, 11, 13, 19, 25, 27, 31, 33, 43, 44, 46, 51, 54, 59, 63, 0, 9, 14, 15, 16, 20, 28, 36, 38, 40, 52, 55, 57, 62, 1, 4, 6, 10, 12, 24, 32, 34, 37, 45, 53, 56, 58, 61 ]
}
}
MODEL_JSON_DUMP_END
MCU_DEPLOY_CLASSIFICATION_CODE MODEL_PREDICT_STEP
MLLITE_AUTO_DEPLOY_FOURCLASS_10_SMALL_APPLY_OUTPUT_CLASS  [ 0, 0, 0, 0, 0,  ... , 0, 0, 0, 0, 0 ]
MCU_DEPLOY_CLASSIFICATION_CODE MODEL_PREDICT_PROBA_STEP
MLLITE_AUTO_DEPLOY_FOURCLASS_10_SMALL_APPLY_OUTPUT_PROBA 0 [ 0.16185808, 0.45295158, 0.13957652, 0.24561357 ]
MLLITE_AUTO_DEPLOY_FOURCLASS_10_SMALL_APPLY_OUTPUT_PROBA 1 [ 0.33848569, 0.17325316, 0.21567325, 0.27258778 ]
MLLITE_AUTO_DEPLOY_FOURCLASS_10_SMALL_APPLY_OUTPUT_PROBA 2 [ 0.14049131, 0.456379, 0.15304692, 0.25008279 ]
MLLITE_AUTO_DEPLOY_FOURCLASS_10_SMALL_APPLY_OUTPUT_PROBA 3 [ 0.16898748, 0.43777031, 0.13303468, 0.26020765 ]
MLLITE_AUTO_DEPLOY_FOURCLASS_10_SMALL_APPLY_OUTPUT_PROBA 4 [ 0.21196504, 0.36868024, 0.16909271, 0.25026202 ]
...
MLLITE_AUTO_DEPLOY_FOURCLASS_10_SMALL_APPLY_OUTPUT_PROBA 59 [ 0.20480017, 0.35190162, 0.21410915, 0.22918896 ]
MLLITE_AUTO_DEPLOY_FOURCLASS_10_SMALL_APPLY_OUTPUT_PROBA 60 [ 0.24034594, 0.31728515, 0.22944295, 0.21292585 ]
MLLITE_AUTO_DEPLOY_FOURCLASS_10_SMALL_APPLY_OUTPUT_PROBA 61 [ 0.3357932, 0.18311708, 0.23117641, 0.24991333 ]
MLLITE_AUTO_DEPLOY_FOURCLASS_10_SMALL_APPLY_OUTPUT_PROBA 62 [ 0.33738369, 0.23811428, 0.17276636, 0.25173563 ]
MLLITE_AUTO_DEPLOY_FOURCLASS_10_SMALL_APPLY_OUTPUT_PROBA 63 [ 0.12305845, 0.50879896, 0.11026654, 0.25787604 ]
MCU_DEPLOY_CLASSIFICATION_CODE MODEL_COMPUTE_PERF_STEP
MLLITE_AUTO_DEPLOY_FOURCLASS_10_SMALL_CLASS_PERFS { "count" : 64, "precision" : 0.359375,  "AUC" : [ 0.58698374, 0.76608187, 0.44, 0.78714287 ] }
This will be printed
MCU_DEPLOY_CLASSIFICATION_CODE ALL_STEPS_OK
MCU_DEPLOY_CLASSIFICATION_CODE done
MLLITE_MCU_TIMER_OPERATION_ELAPSED_SECONDS 'MLLITE.MCU_DEPLOY.CLASSIFICATION.Vapnik_SVC_RBF.FOURCLASS_10_SMALL' 0
MLLITE_MCU_TIMER_OPERATION_END 'MLLITE.MCU_DEPLOY.CLASSIFICATION.Vapnik_SVC_RBF.FOURCLASS_10_SMALL' [ 'Tue Jan 30 11:36:01 2024' ]
MCU_DEPLOY_ON_TARGET_ARMV7_32_END
