MCU_DEPLOY_ON_TARGET_ARMV7_32_START
MLLITE_MCU_TIMER_OPERATION_START 'MLLITE.MCU_DEPLOY.CLASSIFICATION.Rosenblatt_MLP.FOURCLASS_10_ORIGINAL' [ 'Tue Jan 30 11:36:29 2024' ]
MLLite starting
MCU_DEPLOY_CLASSIFICATION_CODE CREATE_DATASET_STEP
MCU_DEPLOY_CLASSIFICATION_CODE CREATE_MODEL_STEP
MCU_DEPLOY_CLASSIFICATION_MODEL_OPTIONS
{  "hidden_layer_sizes" : [ 4, 6 ], "activation" : "relu", "solver" : "adam", "alpha" : 9.9999997e-05, "batch_size" : null, "learning_rate" : "constant", "learning_rate_init" : 0.001, "power_t" : 0.5, "max_iter" : 32, "shuffle" : 1, "random_state" : 1789, "tol" : 9.9999997e-05, "verbose" : 0, "warm_start" : 0, "momentum" : 0.89999998, "nesterovs_momentum" : 1, "early_stopping" : 0, "validation_fraction" : 0.1, "beta_1" : 0.89999998, "beta_2" : 0.99900001, "epsilon" : 9.9999999e-09, "n_iter_no_change" : 10, "max_fun" : 15000 }
MCU_DEPLOY_CLASSIFICATION_CODE FIT_MODEL_STEP
PROGRESS_REPORT_ELAPSED_TOTAL 'MLP_MODEL_FIT' 1 3
PROGRESS_REPORT_ELAPSED_TOTAL 'MLP_MODEL_FIT' 2 3
PROGRESS_REPORT_ELAPSED_TOTAL 'MLP_MODEL_FIT_BACK_PROP_ITERATION' 3 32
PROGRESS_REPORT_ELAPSED_TOTAL 'MLP_MODEL_FIT_BACK_PROP_ITERATION' 6 32
PROGRESS_REPORT_ELAPSED_TOTAL 'MLP_MODEL_FIT_BACK_PROP_ITERATION' 9 32
PROGRESS_REPORT_ELAPSED_TOTAL 'MLP_MODEL_FIT_BACK_PROP_ITERATION' 12 32
PROGRESS_REPORT_ELAPSED_TOTAL 'MLP_MODEL_FIT_BACK_PROP_ITERATION' 15 32
PROGRESS_REPORT_ELAPSED_TOTAL 'MLP_MODEL_FIT_BACK_PROP_ITERATION' 18 32
PROGRESS_REPORT_ELAPSED_TOTAL 'MLP_MODEL_FIT_BACK_PROP_ITERATION' 21 32
PROGRESS_REPORT_ELAPSED_TOTAL 'MLP_MODEL_FIT_BACK_PROP_ITERATION' 24 32
PROGRESS_REPORT_ELAPSED_TOTAL 'MLP_MODEL_FIT_BACK_PROP_ITERATION' 27 32
PROGRESS_REPORT_ELAPSED_TOTAL 'MLP_MODEL_FIT_BACK_PROP_ITERATION' 30 32
PROGRESS_REPORT_ELAPSED_TOTAL 'MLP_MODEL_FIT_BACK_PROP_ITERATION' 32 32
PROGRESS_REPORT_ELAPSED_TOTAL 'MLP_MODEL_FIT' 3 3
MCU_DEPLOY_CLASSIFICATION_CODE MODEL_JSON_EXPORT_STEP
MODEL_JSON_DUMP_START
{
	"metadata" : { "model" : "Rosenblatt_MLP", "version" : "2024-W04"},
	"options" : {  "hidden_layer_sizes" : [ 4, 6 ], "activation" : "relu", "solver" : "adam", "alpha" : 9.9999997e-05, "batch_size" : null, "learning_rate" : "constant", "learning_rate_init" : 0.001, "power_t" : 0.5, "max_iter" : 32, "shuffle" : 1, "random_state" : 1789, "tol" : 9.9999997e-05, "verbose" : 0, "warm_start" : 0, "momentum" : 0.89999998, "nesterovs_momentum" : 1, "early_stopping" : 0, "validation_fraction" : 0.1, "beta_1" : 0.89999998, "beta_2" : 0.99900001, "epsilon" : 9.9999999e-09, "n_iter_no_change" : 10, "max_fun" : 15000 },
	"classes" : [ 0, 1, 2, 3 ],
	"layers" : {
		"sizes" : [ 10, 4, 6, 4 ],
		"Layer_0" : {
			"name" : "Input_Layer",
			"NbInputs" : 0,
			"NbOutputs" : 10 
		},
		"Layer_1" : {
			"name" : "Hidden_Layer_1",
			"NbInputs" : 10,
			"NbOutputs" : 4 ,
			"coeffs_0" : [ -0.04607914, 0.15624705, -0.24414812, 0.1239641 ],
			"coeffs_1" : [ 0.050333701, -0.29589742, 0.13739814, -0.1108338 ],
			"coeffs_2" : [ 0.48650342, 0.056457743, 0.51412833, -0.017062303 ],
			"coeffs_3" : [ 0.76222169, -0.62710911, -0.1691978, 0.17797978 ],
			"coeffs_4" : [ 0.36244699, -0.19757897, -0.37922609, -0.38001093 ],
			"coeffs_5" : [ 0.21146597, -0.50062042, -0.19875579, -0.048994701 ],
			"coeffs_6" : [ -0.22506279, -0.66761518, -0.28718507, 0.39044121 ],
			"coeffs_7" : [ -0.15597555, 0.20220667, -0.59574068, 0.15811913 ],
			"coeffs_8" : [ -0.066066884, 0.42807478, -0.14099361, 0.46795374 ],
			"coeffs_9" : [ -0.28898254, 0.60333782, -0.47239518, 0.25323433 ],
			"intercepts" : [ -0.48406073, 0.464582, 0.1664087, 0.75464088 ]
		},
		"Layer_2" : {
			"name" : "Hidden_Layer_2",
			"NbInputs" : 4,
			"NbOutputs" : 6 ,
			"coeffs_0" : [ -0.59669799, -0.44404018, 0.39536861, 0.35333902, 0.48820823, 0.54096347 ],
			"coeffs_1" : [ 0.58053339, -0.49357042, 0.45575503, 0.69208312, -0.46206111, 0.27748507 ],
			"coeffs_2" : [ 0.17972331, 0.19296321, 0.13495551, 0.36957526, -0.64448231, 0.1976013 ],
			"coeffs_3" : [ 0.27109069, 0.47532892, -0.57930475, 0.5990653, -0.53598964, -0.83690709 ],
			"intercepts" : [ 0.69657081, 0.73035204, -0.041483808, -0.54004616, -0.012365748, 0.63736773 ]
		},
		"Layer_3" : {
			"name" : "Output_Layer",
			"NbInputs" : 6,
			"NbOutputs" : 4 ,
			"coeffs_0" : [ -0.53182417, 0.3910768, 0.30425316, 0.3801828 ],
			"coeffs_1" : [ 0.71991384, -0.32358572, 0.29044291, 0.51582682 ],
			"coeffs_2" : [ 0.54393262, -0.064990193, -0.70191109, 0.44208768 ],
			"coeffs_3" : [ 0.043607902, -0.18340093, -0.60058689, -0.65057123 ],
			"coeffs_4" : [ -0.23618792, 0.71495509, -0.076742478, -0.070040077 ],
			"coeffs_5" : [ -0.13539824, -0.66490018, 0.19486998, -0.14456338 ],
			"intercepts" : [ -0.22945182, -0.045822628, 0.22677472, -0.57288229 ]
		}
	}
}
MODEL_JSON_DUMP_END
MCU_DEPLOY_CLASSIFICATION_CODE MODEL_PREDICT_STEP
MLLITE_AUTO_DEPLOY_FOURCLASS_10_ORIGINAL_APPLY_OUTPUT_CLASS  [ 2, 0, 2, 2, 2,  ... , 2, 2, 3, 3, 2 ]
MCU_DEPLOY_CLASSIFICATION_CODE MODEL_PREDICT_PROBA_STEP
MLLITE_AUTO_DEPLOY_FOURCLASS_10_ORIGINAL_APPLY_OUTPUT_PROBA 0 [ 0.17563343, 0.11489952, 0.47710526, 0.23236179 ]
MLLITE_AUTO_DEPLOY_FOURCLASS_10_ORIGINAL_APPLY_OUTPUT_PROBA 1 [ 0.48247048, 0.16663063, 0.069715761, 0.28118324 ]
MLLITE_AUTO_DEPLOY_FOURCLASS_10_ORIGINAL_APPLY_OUTPUT_PROBA 2 [ 0.27453262, 0.16525237, 0.37537229, 0.18484263 ]
MLLITE_AUTO_DEPLOY_FOURCLASS_10_ORIGINAL_APPLY_OUTPUT_PROBA 3 [ 0.18337291, 0.1225041, 0.47200337, 0.22211964 ]
MLLITE_AUTO_DEPLOY_FOURCLASS_10_ORIGINAL_APPLY_OUTPUT_PROBA 4 [ 0.16394271, 0.24040459, 0.31448382, 0.28116888 ]
...
MLLITE_AUTO_DEPLOY_FOURCLASS_10_ORIGINAL_APPLY_OUTPUT_PROBA 1019 [ 0.1832798, 0.13947697, 0.46706337, 0.21017992 ]
MLLITE_AUTO_DEPLOY_FOURCLASS_10_ORIGINAL_APPLY_OUTPUT_PROBA 1020 [ 0.28709671, 0.14727774, 0.38286954, 0.18275598 ]
MLLITE_AUTO_DEPLOY_FOURCLASS_10_ORIGINAL_APPLY_OUTPUT_PROBA 1021 [ 0.3033362, 0.27648157, 0.059131134, 0.3610512 ]
MLLITE_AUTO_DEPLOY_FOURCLASS_10_ORIGINAL_APPLY_OUTPUT_PROBA 1022 [ 0.32073706, 0.24495837, 0.08916641, 0.34513819 ]
MLLITE_AUTO_DEPLOY_FOURCLASS_10_ORIGINAL_APPLY_OUTPUT_PROBA 1023 [ 0.22436105, 0.1576916, 0.32711339, 0.29083389 ]
MCU_DEPLOY_CLASSIFICATION_CODE MODEL_COMPUTE_PERF_STEP
MLLITE_AUTO_DEPLOY_FOURCLASS_10_ORIGINAL_CLASS_PERFS { "count" : 1024, "precision" : 0.42285156,  "AUC" : [ 0.6741333, 0.77710295, 0.671924, 0.57366073 ] }
This will be printed
MCU_DEPLOY_CLASSIFICATION_CODE ALL_STEPS_OK
MCU_DEPLOY_CLASSIFICATION_CODE done
MLLITE_MCU_TIMER_OPERATION_ELAPSED_SECONDS 'MLLITE.MCU_DEPLOY.CLASSIFICATION.Rosenblatt_MLP.FOURCLASS_10_ORIGINAL' 0
MLLITE_MCU_TIMER_OPERATION_END 'MLLITE.MCU_DEPLOY.CLASSIFICATION.Rosenblatt_MLP.FOURCLASS_10_ORIGINAL' [ 'Tue Jan 30 11:36:29 2024' ]
MCU_DEPLOY_ON_TARGET_ARMV7_32_END
