MCU_DEPLOY_ON_TARGET_ARMV7_32_START
MLLITE_MCU_TIMER_OPERATION_START 'MLLITE.MCU_DEPLOY.REGRESSION.Vapnik_NuSVR_RBF.CALIFORNIA_HOUSING_ORIGINAL' [ 'Tue Jan 30 11:35:50 2024' ]
MLLite starting
MCU_DEPLOY_REGRESSION_CODE CREATE_DATASET_STEP
MCU_DEPLOY_REGRESSION_CODE CREATE_MODEL_STEP
MCU_DEPLOY_REGRESSION_MODEL_OPTIONS
{"svm_type" : "c_svc", "kernel" : "rbf", "degree" : 3, "gamma" : 0, "coef0" : 0, "cache_size" : 10240, "tol" : 0.001, "nu" : 1, "epsilon" : 0, "shrinking" : 0, "probability" : 1, "C" : 1, "max_iter" : 30, "random_state" : 1789 }
MCU_DEPLOY_REGRESSION_CODE FIT_MODEL_STEP
PROGRESS_REPORT_ELAPSED_TOTAL 'SVM_NU_REGRESSOR_FIT' 1 4
PROGRESS_REPORT_ELAPSED_TOTAL 'SVM_NU_REGRESSOR_FIT' 2 4
PROGRESS_REPORT_ELAPSED_TOTAL 'SVM_NU_REGRESSOR_FIT' 3 4
PROGRESS_REPORT_ELAPSED_TOTAL 'SVM_SOLVER_ITERATION:NuSVR_Global' 3 30
PROGRESS_REPORT_ELAPSED_TOTAL 'SVM_SOLVER_ITERATION:NuSVR_Global' 6 30
PROGRESS_REPORT_ELAPSED_TOTAL 'SVM_SOLVER_ITERATION:NuSVR_Global' 9 30
PROGRESS_REPORT_ELAPSED_TOTAL 'SVM_SOLVER_ITERATION:NuSVR_Global' 12 30
PROGRESS_REPORT_ELAPSED_TOTAL 'SVM_SOLVER_ITERATION:NuSVR_Global' 15 30
PROGRESS_REPORT_ELAPSED_TOTAL 'SVM_SOLVER_ITERATION:NuSVR_Global' 18 30
PROGRESS_REPORT_ELAPSED_TOTAL 'SVM_SOLVER_ITERATION:NuSVR_Global' 21 30
PROGRESS_REPORT_ELAPSED_TOTAL 'SVM_SOLVER_ITERATION:NuSVR_Global' 24 30
PROGRESS_REPORT_ELAPSED_TOTAL 'SVM_SOLVER_ITERATION:NuSVR_Global' 27 30
PROGRESS_REPORT_ELAPSED_TOTAL 'SVM_SOLVER_ITERATION:NuSVR_Global' 30 30
PROGRESS_REPORT_ELAPSED_TOTAL 'SVM_NU_REGRESSOR_FIT' 4 4
MCU_DEPLOY_REGRESSION_CODE MODEL_JSON_EXPORT_STEP
MODEL_JSON_DUMP_START
{
	"metadata" : { "model" : "Vapnik_NuSVR_RBF", "version" : "2024-W04"},
	"options" : {"svm_type" : "nu_svr", "kernel" : "rbf", "degree" : 3, "gamma" : 7.6506019e-08, "coef0" : 0, "cache_size" : 10240, "tol" : 0.001, "nu" : 1, "epsilon" : 0, "shrinking" : 0, "probability" : 0, "C" : 1, "max_iter" : 30, "random_state" : 1789 },
	"svm_model" : {
	"classes" : 2,
	"L" : 60,
	"SupportVectors" : {
		"SV_00" : [ -122.27, 37.900002, 52, 2079, 273, 684, 275, 7.9555998, 0 ],
		"SV_01" : [ -121.89, 37.68, 22, 1898, 239, 734, 245, 6.2918, 0 ],
		"SV_02" : [ -120.8, 38.509998, 23, 1001, 195, 369, 157, 3.125, 0 ],
		"SV_03" : [ -120.69, 38.439999, 13, 1473, 265, 597, 228, 4.2916999, 0 ],
		"SV_04" : [ -121.47, 39.490002, 17, 1554, 242, 553, 230, 3.2174001, 0 ],
		"SV_05" : [ -121.79, 39.48, 39, 1105, 180, 408, 166, 3.3929, 0 ],
		"SV_06" : [ -121.8, 37.990002, 16, 3077, 465, 1575, 446, 5.5, 0 ],
		"SV_07" : [ -122.06, 37.990002, 16, 2445, 469, 721, 474, 2.8043001, 0 ],
		"SV_08" : [ -119.8, 36.77, 52, 2964, 512, 1114, 486, 3.8104999, 0 ],
		"SV_09" : [ -119.85, 36.82, 16, 1852, 274, 887, 286, 5.5405002, 0 ],
		"SV_10" : [ -119.84, 36.82, 17, 2807, 376, 996, 353, 5.5356998, 0 ],
		"SV_11" : [ -119.8, 36.790001, 45, 1337, 187, 471, 187, 5.1869998, 0 ],
		"SV_12" : [ -124.06, 40.860001, 34, 4183, 0, 1891, 669, 3.2216001, 0 ],
		"SV_13" : [ -124.05, 40.939999, 14, 1452, 217, 516, 181, 5.0328999, 0 ],
		"SV_14" : [ -124.35, 40.540001, 52, 1820, 300, 806, 270, 3.0146999, 0 ],
		"SV_15" : [ -118.31, 36.939999, 35, 2563, 530, 861, 371, 2.325, 0 ],
		"SV_16" : [ -123.07, 39.119999, 24, 1098, 193, 353, 145, 3.8333001, 0 ],
		"SV_17" : [ -118.3, 34.080002, 34, 1562, 651, 1774, 559, 1.5685, 0 ],
		"SV_18" : [ -118, 33.950001, 35, 1431, 210, 505, 213, 6.8109002, 0 ],
		"SV_19" : [ -118.23, 33.900002, 45, 1285, 238, 840, 211, 3.4107001, 0 ],
		"SV_20" : [ -118.33, 33.77, 33, 4244, 595, 1534, 557, 9.8213997, 0 ],
		"SV_21" : [ -118.74, 34.049999, 19, 3487, 686, 2782, 584, 7.9183998, 0 ],
		"SV_22" : [ -118.78, 34.049999, 28, 1343, 215, 487, 199, 6.8299999, 0 ],
		"SV_23" : [ -121.92, 36.549999, 52, 2616, 483, 582, 313, 3.2750001, 0 ],
		"SV_24" : [ -121.89, 36.59, 32, 784, 112, 262, 114, 6.9180002, 0 ],
		"SV_25" : [ -121.81, 36.57, 13, 3030, 413, 1027, 363, 6.9615002, 0 ],
		"SV_26" : [ -117.92, 33.91, 27, 2558, 310, 891, 316, 9.5560999, 0 ],
		"SV_27" : [ -117.93, 33.900002, 30, 2629, 331, 956, 319, 9.9070997, 0 ],
		"SV_28" : [ -117.94, 33.900002, 27, 2029, 242, 711, 254, 9.7955999, 0 ],
		"SV_29" : [ -117.87, 33.889999, 25, 1142, 162, 486, 150, 7.1472001, 0 ],
		"SV_30" : [ -117.61, 33.439999, 17, 2036, 272, 713, 265, 6.5953999, 0 ],
		"SV_31" : [ -121.14, 39.860001, 16, 2534, 557, 638, 244, 2.2100999, 0 ],
		"SV_32" : [ -121.36, 38.630001, 30, 2619, 370, 940, 359, 4.7283001, 0 ],
		"SV_33" : [ -117.25, 32.860001, 25, 2911, 533, 1137, 499, 5.1023002, 0 ],
		"SV_34" : [ -117.26, 32.950001, 15, 1882, 233, 704, 219, 6.9794002, 0 ],
		"SV_35" : [ -117.21, 32.810001, 27, 1318, 216, 495, 191, 5.2837, 0 ],
		"SV_36" : [ -117.01, 32.810001, 21, 4203, 618, 1620, 600, 5.3441, 0 ],
		"SV_37" : [ -117.1, 32.900002, 16, 2994, 445, 1047, 437, 5.1490002, 0 ],
		"SV_38" : [ -117.31, 33.099998, 15, 2392, 446, 747, 421, 3.5341001, 0 ],
		"SV_39" : [ -122.45, 37.759998, 51, 2564, 457, 810, 442, 5.6234999, 0 ],
		"SV_40" : [ -120.67, 35.299999, 19, 1540, 715, 1799, 635, 0.70249999, 0 ],
		"SV_41" : [ -122.39, 37.59, 32, 4497, 0, 1846, 715, 6.1322999, 0 ],
		"SV_42" : [ -122.14, 37.380001, 26, 2859, 343, 951, 336, 10.4277, 0 ],
		"SV_43" : [ -122.1, 37.360001, 32, 1433, 199, 498, 201, 9.3585997, 0 ],
		"SV_44" : [ -122.1, 37.360001, 35, 2063, 266, 676, 252, 8.5293999, 0 ],
		"SV_45" : [ -122.09, 37.349998, 37, 1795, 285, 791, 261, 7.5794001, 0 ],
		"SV_46" : [ -122.09, 37.349998, 30, 1502, 186, 501, 180, 10.0259, 0 ],
		"SV_47" : [ -121.86, 37.209999, 23, 2552, 305, 916, 316, 9.1974001, 0 ],
		"SV_48" : [ -121.87, 37.209999, 18, 1080, 122, 382, 121, 9.0799999, 0 ],
		"SV_49" : [ -121.74, 37.189999, 11, 1290, 197, 881, 191, 4.2038999, 0 ],
		"SV_50" : [ -122.02, 37.009998, 20, 1005, 138, 345, 129, 10.0968, 0 ],
		"SV_51" : [ -121.75, 36.959999, 19, 3461, 634, 2790, 607, 4.7568998, 0 ],
		"SV_52" : [ -122.31, 40.889999, 18, 754, 161, 247, 107, 2.2583001, 0 ],
		"SV_53" : [ -119.04, 34.279999, 21, 1856, 276, 863, 255, 4.5833001, 0 ],
		"SV_54" : [ -118.96, 34.299999, 16, 3103, 482, 1567, 467, 6.9070001, 0 ],
		"SV_55" : [ -118.94, 34.16, 3, 1170, 148, 493, 142, 8.0427999, 0 ],
		"SV_56" : [ -118.83, 34.139999, 16, 1316, 194, 450, 173, 10.1597, 0 ],
		"SV_57" : [ -118.9, 34.189999, 26, 1582, 196, 573, 182, 10.0595, 0 ],
		"SV_58" : [ -118.9, 34.139999, 35, 1503, 263, 576, 216, 5.1457, 0 ],
		"SV_59" : [ -118.69, 34.18, 11, 1177, 138, 415, 119, 10.0472, 0 ]
	},
	"SupportVectorsCoefs" : {
		"SV_coef_0" : [ -1, -1, -1, -1, -1, -1, -1, -1, -1, -1, -1, -1, -1, -1, -1, -1, -1, -1, -1, -1, 1, 1, 1, 1, 1, 1, -1, 1, 1, -1, -1, -1, -1, 1, 1, -1, -1, -1, 1, 1, 1, 1, 1, 1, 1, 1, 1, 1, 1, 1, 1, -1, -1, 1, 1, 1, 1, 1, 1, 1 ]
	},
	"rho" : [ -257500.08 ],
	"nSV" : [ ],
	"probA" : [ ],
	"probB" : [ ],
	"n_iter" : [ 30 ],
	"sv_ind" : [ 404, 966, 1032, 1037, 1156, 1208, 1317, 1420, 2153, 2205, 2221, 2273, 2578, 2621, 2655, 2795, 3264, 4341, 6916, 7589, 8814, 9025, 9029, 9805, 9854, 9857, 10148, 10166, 10169, 10242, 10446, 11850, 12743, 14487, 14546, 14573, 14733, 15199, 15288, 15805, 16642, 16880, 18356, 18357, 18358, 18359, 18360, 18380, 18381, 18464, 18619, 18689, 18796, 20325, 20326, 20367, 20380, 20389, 20422, 20426 ]
}
}
MODEL_JSON_DUMP_END
MCU_DEPLOY_REGRESSION_CODE MODEL_PREDICT_STEP
MLLITE_AUTO_DEPLOY_CALIFORNIA_HOUSING_ORIGINAL_APPLY_OUTPUT_REG  [ 257500.02, 257500.16, 257500.02, 257500, 257500,  ... , 257499.98, 257500, 257499.98, 257499.98, 257499.98 ]
MCU_DEPLOY_REGRESSION_CODE MODEL_COMPUTE_PERF_STEP
MLLITE_AUTO_DEPLOY_CALIFORNIA_HOUSING_ORIGINAL_REG_PERFS { "count" : 20640, "rmse" : 126016.97, "mape" : 0.85316789, "R2" : -0.19262433 }
This will be printed
MCU_DEPLOY_REGRESSION_CODE ALL_STEPS_OK
MCU_DEPLOY_REGRESSION_CODE done
MLLITE_MCU_TIMER_OPERATION_ELAPSED_SECONDS 'MLLITE.MCU_DEPLOY.REGRESSION.Vapnik_NuSVR_RBF.CALIFORNIA_HOUSING_ORIGINAL' 212
MLLITE_MCU_TIMER_OPERATION_END 'MLLITE.MCU_DEPLOY.REGRESSION.Vapnik_NuSVR_RBF.CALIFORNIA_HOUSING_ORIGINAL' [ 'Tue Jan 30 11:39:22 2024' ]
MCU_DEPLOY_ON_TARGET_ARMV7_32_END
