MCU_DEPLOY_ON_TARGET_ARMV7_32_START
MLLITE_MCU_TIMER_OPERATION_START 'MLLITE.MCU_DEPLOY.REGRESSION.Friedman_XGB.CALIFORNIA_HOUSING_MEDIUM' [ 'Sat Feb  3 21:09:33 2024' ]
MLLite starting
MCU_DEPLOY_REGRESSION_CODE CREATE_DATASET_STEP
MCU_DEPLOY_REGRESSION_CODE CREATE_MODEL_STEP
MCU_DEPLOY_REGRESSION_MODEL_OPTIONS
{ "base_score" : [ ], "early_stopping_rounds" : 0, "eval_metric" : "", "gamma" : 0, "grow_policy" : 0, "learning_rate" : 0.30000001, "max_bin" : 5, "max_depth" : 6, "max_leaves" : 32, "min_child_weight" : 10, "n_estimators" : 16, "objective" : "reg:squarederror", "reg_alpha" : 0, "reg_lambda" : 1, "tree_method" : "auto" }
MCU_DEPLOY_REGRESSION_CODE FIT_MODEL_STEP
PROGRESS_REPORT_ELAPSED_TOTAL 'XGB_MODEL_FIT' 1 18
PROGRESS_REPORT_ELAPSED_TOTAL 'XGB_MODEL_FIT' 2 18
PROGRESS_REPORT_ELAPSED_TOTAL 'XGB_MODEL_FIT' 3 18
PROGRESS_REPORT_ELAPSED_TOTAL 'XGB_MODEL_FIT' 4 18
PROGRESS_REPORT_ELAPSED_TOTAL 'XGB_MODEL_FIT' 5 18
PROGRESS_REPORT_ELAPSED_TOTAL 'XGB_MODEL_FIT' 6 18
PROGRESS_REPORT_ELAPSED_TOTAL 'XGB_MODEL_FIT' 7 18
PROGRESS_REPORT_ELAPSED_TOTAL 'XGB_MODEL_FIT' 8 18
PROGRESS_REPORT_ELAPSED_TOTAL 'XGB_MODEL_FIT' 9 18
PROGRESS_REPORT_ELAPSED_TOTAL 'XGB_MODEL_FIT' 10 18
PROGRESS_REPORT_ELAPSED_TOTAL 'XGB_MODEL_FIT' 11 18
PROGRESS_REPORT_ELAPSED_TOTAL 'XGB_MODEL_FIT' 12 18
PROGRESS_REPORT_ELAPSED_TOTAL 'XGB_MODEL_FIT' 13 18
PROGRESS_REPORT_ELAPSED_TOTAL 'XGB_MODEL_FIT' 14 18
PROGRESS_REPORT_ELAPSED_TOTAL 'XGB_MODEL_FIT' 15 18
PROGRESS_REPORT_ELAPSED_TOTAL 'XGB_MODEL_FIT' 16 18
PROGRESS_REPORT_ELAPSED_TOTAL 'XGB_MODEL_FIT' 17 18
PROGRESS_REPORT_ELAPSED_TOTAL 'XGB_MODEL_FIT' 18 18
MCU_DEPLOY_REGRESSION_CODE MODEL_JSON_EXPORT_STEP
MODEL_JSON_DUMP_START
{
	"metadata" : { "model" : "Friedman_XGB", "version" : "2024-W04"},
	"options" : { "base_score" : [ ], "early_stopping_rounds" : 0, "eval_metric" : "", "gamma" : 0, "grow_policy" : 0, "learning_rate" : 0.30000001, "max_bin" : 5, "max_depth" : 6, "max_leaves" : 32, "min_child_weight" : 10, "n_estimators" : 16, "objective" : "reg:squarederror", "reg_alpha" : 0, "reg_lambda" : 1, "tree_method" : "auto" },
	"dataset" : { "dataset_rows" : 512, "dataset_features" : 9 },
	"booster" : {
		"BaseScore" : [ 191203.23 ],
		"Trees" : 16,
		"Tree_00" : {
			"Node_00" : { "leaf_value" : [ ], "parent" : null, "left" : 1, "right" : 2, "svalue" : 4.5823998, "sindex" : 7 },
			"Node_01" : { "leaf_value" : [ ], "parent" : 0, "left" : 3, "right" : 4, "svalue" : 37.799999, "sindex" : 1 },
			"Node_02" : { "leaf_value" : [ ], "parent" : 0, "left" : 5, "right" : 6, "svalue" : 37.799999, "sindex" : 1 },
			"Node_03" : { "leaf_value" : [ ], "parent" : 1, "left" : 7, "right" : 8, "svalue" : 2.4890001, "sindex" : 7 },
			"Node_04" : { "leaf_value" : [ ], "parent" : 1, "left" : 9, "right" : 10, "svalue" : 2.4890001, "sindex" : 7 },
			"Node_05" : { "leaf_value" : [ 17172.578 ], "parent" : 2, "left" : null, "right" : null, "svalue" : 0, "sindex" : 0 },
			"Node_06" : { "leaf_value" : [ ], "parent" : 2, "left" : 11, "right" : 12, "svalue" : 37.82, "sindex" : 1 },
			"Node_07" : { "leaf_value" : [ ], "parent" : 3, "left" : 13, "right" : 14, "svalue" : 37.77, "sindex" : 1 },
			"Node_08" : { "leaf_value" : [ ], "parent" : 3, "left" : 15, "right" : 16, "svalue" : 37.77, "sindex" : 1 },
			"Node_09" : { "leaf_value" : [ ], "parent" : 4, "left" : 17, "right" : 18, "svalue" : 37.860001, "sindex" : 1 },
			"Node_10" : { "leaf_value" : [ ], "parent" : 4, "left" : 19, "right" : 20, "svalue" : 195, "sindex" : 6 },
			"Node_11" : { "leaf_value" : [ 35819.078 ], "parent" : 6, "left" : null, "right" : null, "svalue" : 0, "sindex" : 0 },
			"Node_12" : { "leaf_value" : [ ], "parent" : 6, "left" : 21, "right" : 22, "svalue" : -122.25, "sindex" : 0 },
			"Node_13" : { "leaf_value" : [ -29773.445 ], "parent" : 7, "left" : null, "right" : null, "svalue" : 0, "sindex" : 0 },
			"Node_14" : { "leaf_value" : [ -23487.949 ], "parent" : 7, "left" : null, "right" : null, "svalue" : 0, "sindex" : 0 },
			"Node_15" : { "leaf_value" : [ -23353.629 ], "parent" : 8, "left" : null, "right" : null, "svalue" : 0, "sindex" : 0 },
			"Node_16" : { "leaf_value" : [ ], "parent" : 8, "left" : 23, "right" : 24, "svalue" : -122.19, "sindex" : 0 },
			"Node_17" : { "leaf_value" : [ ], "parent" : 9, "left" : 25, "right" : 26, "svalue" : -122.28, "sindex" : 0 },
			"Node_18" : { "leaf_value" : [ ], "parent" : 9, "left" : 27, "right" : 28, "svalue" : 1.8516001, "sindex" : 7 },
			"Node_19" : { "leaf_value" : [ -10841.618 ], "parent" : 10, "left" : null, "right" : null, "svalue" : 0, "sindex" : 0 },
			"Node_20" : { "leaf_value" : [ ], "parent" : 10, "left" : 29, "right" : 30, "svalue" : -122.25, "sindex" : 0 },
			"Node_21" : { "leaf_value" : [ 40547.527 ], "parent" : 12, "left" : null, "right" : null, "svalue" : 0, "sindex" : 0 },
			"Node_22" : { "leaf_value" : [ 53565.52 ], "parent" : 12, "left" : null, "right" : null, "svalue" : 0, "sindex" : 0 },
			"Node_23" : { "leaf_value" : [ ], "parent" : 16, "left" : 31, "right" : 32, "svalue" : 950, "sindex" : 3 },
			"Node_24" : { "leaf_value" : [ ], "parent" : 16, "left" : 33, "right" : 34, "svalue" : 768, "sindex" : 5 },
			"Node_25" : { "leaf_value" : [ -26651.619 ], "parent" : 17, "left" : null, "right" : null, "svalue" : 0, "sindex" : 0 },
			"Node_26" : { "leaf_value" : [ ], "parent" : 17, "left" : 35, "right" : 36, "svalue" : 37.82, "sindex" : 1 },
			"Node_27" : { "leaf_value" : [ 21834.832 ], "parent" : 18, "left" : null, "right" : null, "svalue" : 0, "sindex" : 0 },
			"Node_28" : { "leaf_value" : [ -5782.6992 ], "parent" : 18, "left" : null, "right" : null, "svalue" : 0, "sindex" : 0 },
			"Node_29" : { "leaf_value" : [ ], "parent" : 20, "left" : 37, "right" : 38, "svalue" : 3.075, "sindex" : 7 },
			"Node_30" : { "leaf_value" : [ ], "parent" : 20, "left" : 39, "right" : 40, "svalue" : 37.82, "sindex" : 1 },
			"Node_31" : { "leaf_value" : [ -23902.332 ], "parent" : 23, "left" : null, "right" : null, "svalue" : 0, "sindex" : 0 },
			"Node_32" : { "leaf_value" : [ -15865.714 ], "parent" : 23, "left" : null, "right" : null, "svalue" : 0, "sindex" : 0 },
			"Node_33" : { "leaf_value" : [ -5900.8896 ], "parent" : 24, "left" : null, "right" : null, "svalue" : 0, "sindex" : 0 },
			"Node_34" : { "leaf_value" : [ -13154.907 ], "parent" : 24, "left" : null, "right" : null, "svalue" : 0, "sindex" : 0 },
			"Node_35" : { "leaf_value" : [ -11435.105 ], "parent" : 26, "left" : null, "right" : null, "svalue" : 0, "sindex" : 0 },
			"Node_36" : { "leaf_value" : [ -17977.828 ], "parent" : 26, "left" : null, "right" : null, "svalue" : 0, "sindex" : 0 },
			"Node_37" : { "leaf_value" : [ 2945.7224 ], "parent" : 29, "left" : null, "right" : null, "svalue" : 0, "sindex" : 0 },
			"Node_38" : { "leaf_value" : [ 12418.089 ], "parent" : 29, "left" : null, "right" : null, "svalue" : 0, "sindex" : 0 },
			"Node_39" : { "leaf_value" : [ 10738.024 ], "parent" : 30, "left" : null, "right" : null, "svalue" : 0, "sindex" : 0 },
			"Node_40" : { "leaf_value" : [ 24703.092 ], "parent" : 30, "left" : null, "right" : null, "svalue" : 0, "sindex" : 0 }
		},
		"Tree_01" : {
			"Node_00" : { "leaf_value" : [ ], "parent" : null, "left" : 1, "right" : 2, "svalue" : 4.5823998, "sindex" : 7 },
			"Node_01" : { "leaf_value" : [ ], "parent" : 0, "left" : 3, "right" : 4, "svalue" : 37.860001, "sindex" : 1 },
			"Node_02" : { "leaf_value" : [ ], "parent" : 0, "left" : 5, "right" : 6, "svalue" : 37.799999, "sindex" : 1 },
			"Node_03" : { "leaf_value" : [ ], "parent" : 1, "left" : 7, "right" : 8, "svalue" : 3.075, "sindex" : 7 },
			"Node_04" : { "leaf_value" : [ ], "parent" : 1, "left" : 9, "right" : 10, "svalue" : -122.28, "sindex" : 0 },
			"Node_05" : { "leaf_value" : [ 12278.394 ], "parent" : 2, "left" : null, "right" : null, "svalue" : 0, "sindex" : 0 },
			"Node_06" : { "leaf_value" : [ ], "parent" : 2, "left" : 11, "right" : 12, "svalue" : 37.82, "sindex" : 1 },
			"Node_07" : { "leaf_value" : [ ], "parent" : 3, "left" : 13, "right" : 14, "svalue" : 530, "sindex" : 4 },
			"Node_08" : { "leaf_value" : [ ], "parent" : 3, "left" : 15, "right" : 16, "svalue" : 37.799999, "sindex" : 1 },
			"Node_09" : { "leaf_value" : [ ], "parent" : 4, "left" : 17, "right" : 18, "svalue" : 3.075, "sindex" : 7 },
			"Node_10" : { "leaf_value" : [ ], "parent" : 4, "left" : 19, "right" : 20, "svalue" : 1297, "sindex" : 5 },
			"Node_11" : { "leaf_value" : [ 25638.932 ], "parent" : 6, "left" : null, "right" : null, "svalue" : 0, "sindex" : 0 },
			"Node_12" : { "leaf_value" : [ ], "parent" : 6, "left" : 21, "right" : 22, "svalue" : 1455, "sindex" : 3 },
			"Node_13" : { "leaf_value" : [ ], "parent" : 7, "left" : 23, "right" : 24, "svalue" : 37.77, "sindex" : 1 },
			"Node_14" : { "leaf_value" : [ ], "parent" : 7, "left" : 25, "right" : 26, "svalue" : 37.799999, "sindex" : 1 },
			"Node_15" : { "leaf_value" : [ ], "parent" : 8, "left" : 27, "right" : 28, "svalue" : 1898, "sindex" : 3 },
			"Node_16" : { "leaf_value" : [ ], "parent" : 8, "left" : 29, "right" : 30, "svalue" : 50, "sindex" : 2 },
			"Node_17" : { "leaf_value" : [ -4657.9336 ], "parent" : 9, "left" : null, "right" : null, "svalue" : 0, "sindex" : 0 },
			"Node_18" : { "leaf_value" : [ 4752.5552 ], "parent" : 9, "left" : null, "right" : null, "svalue" : 0, "sindex" : 0 },
			"Node_19" : { "leaf_value" : [ ], "parent" : 10, "left" : 31, "right" : 32, "svalue" : 3.075, "sindex" : 7 },
			"Node_20" : { "leaf_value" : [ 22823.584 ], "parent" : 10, "left" : null, "right" : null, "svalue" : 0, "sindex" : 0 },
			"Node_21" : { "leaf_value" : [ 24060.672 ], "parent" : 12, "left" : null, "right" : null, "svalue" : 0, "sindex" : 0 },
			"Node_22" : { "leaf_value" : [ ], "parent" : 12, "left" : 33, "right" : 34, "svalue" : 38, "sindex" : 2 },
			"Node_23" : { "leaf_value" : [ -21221.695 ], "parent" : 13, "left" : null, "right" : null, "svalue" : 0, "sindex" : 0 },
			"Node_24" : { "leaf_value" : [ ], "parent" : 13, "left" : 35, "right" : 36, "svalue" : -122.28, "sindex" : 0 },
			"Node_25" : { "leaf_value" : [ -14950.435 ], "parent" : 14, "left" : null, "right" : null, "svalue" : 0, "sindex" : 0 },
			"Node_26" : { "leaf_value" : [ ], "parent" : 14, "left" : 37, "right" : 38, "svalue" : -122.25, "sindex" : 0 },
			"Node_27" : { "leaf_value" : [ ], "parent" : 15, "left" : 39, "right" : 40, "svalue" : 45, "sindex" : 2 },
			"Node_28" : { "leaf_value" : [ -5677.7812 ], "parent" : 15, "left" : null, "right" : null, "svalue" : 0, "sindex" : 0 },
			"Node_29" : { "leaf_value" : [ 3865.8975 ], "parent" : 16, "left" : null, "right" : null, "svalue" : 0, "sindex" : 0 },
			"Node_30" : { "leaf_value" : [ 11649.544 ], "parent" : 16, "left" : null, "right" : null, "svalue" : 0, "sindex" : 0 },
			"Node_31" : { "leaf_value" : [ 6648.5698 ], "parent" : 19, "left" : null, "right" : null, "svalue" : 0, "sindex" : 0 },
			"Node_32" : { "leaf_value" : [ 12870.358 ], "parent" : 19, "left" : null, "right" : null, "svalue" : 0, "sindex" : 0 },
			"Node_33" : { "leaf_value" : [ 27553.764 ], "parent" : 22, "left" : null, "right" : null, "svalue" : 0, "sindex" : 0 },
			"Node_34" : { "leaf_value" : [ 39106.758 ], "parent" : 22, "left" : null, "right" : null, "svalue" : 0, "sindex" : 0 },
			"Node_35" : { "leaf_value" : [ -22033.518 ], "parent" : 24, "left" : null, "right" : null, "svalue" : 0, "sindex" : 0 },
			"Node_36" : { "leaf_value" : [ -13299.73 ], "parent" : 24, "left" : null, "right" : null, "svalue" : 0, "sindex" : 0 },
			"Node_37" : { "leaf_value" : [ -6308.2305 ], "parent" : 26, "left" : null, "right" : null, "svalue" : 0, "sindex" : 0 },
			"Node_38" : { "leaf_value" : [ 6238.0127 ], "parent" : 26, "left" : null, "right" : null, "svalue" : 0, "sindex" : 0 },
			"Node_39" : { "leaf_value" : [ -8807.3906 ], "parent" : 27, "left" : null, "right" : null, "svalue" : 0, "sindex" : 0 },
			"Node_40" : { "leaf_value" : [ -13428.993 ], "parent" : 27, "left" : null, "right" : null, "svalue" : 0, "sindex" : 0 }
		},
		"Tree_02" : {
			"Node_00" : { "leaf_value" : [ ], "parent" : null, "left" : 1, "right" : 2, "svalue" : 4.5823998, "sindex" : 7 },
			"Node_01" : { "leaf_value" : [ ], "parent" : 0, "left" : 3, "right" : 4, "svalue" : 37.860001, "sindex" : 1 },
			"Node_02" : { "leaf_value" : [ ], "parent" : 0, "left" : 5, "right" : 6, "svalue" : 37.799999, "sindex" : 1 },
			"Node_03" : { "leaf_value" : [ ], "parent" : 1, "left" : 7, "right" : 8, "svalue" : 3.075, "sindex" : 7 },
			"Node_04" : { "leaf_value" : [ ], "parent" : 1, "left" : 9, "right" : 10, "svalue" : -122.28, "sindex" : 0 },
			"Node_05" : { "leaf_value" : [ 8779.0537 ], "parent" : 2, "left" : null, "right" : null, "svalue" : 0, "sindex" : 0 },
			"Node_06" : { "leaf_value" : [ ], "parent" : 2, "left" : 11, "right" : 12, "svalue" : -122.25, "sindex" : 0 },
			"Node_07" : { "leaf_value" : [ ], "parent" : 3, "left" : 13, "right" : 14, "svalue" : 37.799999, "sindex" : 1 },
			"Node_08" : { "leaf_value" : [ ], "parent" : 3, "left" : 15, "right" : 16, "svalue" : 37.799999, "sindex" : 1 },
			"Node_09" : { "leaf_value" : [ ], "parent" : 4, "left" : 17, "right" : 18, "svalue" : 50, "sindex" : 2 },
			"Node_10" : { "leaf_value" : [ ], "parent" : 4, "left" : 19, "right" : 20, "svalue" : 1297, "sindex" : 5 },
			"Node_11" : { "leaf_value" : [ 18357.768 ], "parent" : 6, "left" : null, "right" : null, "svalue" : 0, "sindex" : 0 },
			"Node_12" : { "leaf_value" : [ ], "parent" : 6, "left" : 21, "right" : 22, "svalue" : 37.82, "sindex" : 1 },
			"Node_13" : { "leaf_value" : [ ], "parent" : 7, "left" : 23, "right" : 24, "svalue" : 37.77, "sindex" : 1 },
			"Node_14" : { "leaf_value" : [ ], "parent" : 7, "left" : 25, "right" : 26, "svalue" : 530, "sindex" : 4 },
			"Node_15" : { "leaf_value" : [ ], "parent" : 8, "left" : 27, "right" : 28, "svalue" : 37.77, "sindex" : 1 },
			"Node_16" : { "leaf_value" : [ ], "parent" : 8, "left" : 29, "right" : 30, "svalue" : 50, "sindex" : 2 },
			"Node_17" : { "leaf_value" : [ 3275.0466 ], "parent" : 9, "left" : null, "right" : null, "svalue" : 0, "sindex" : 0 },
			"Node_18" : { "leaf_value" : [ -3625.2139 ], "parent" : 9, "left" : null, "right" : null, "svalue" : 0, "sindex" : 0 },
			"Node_19" : { "leaf_value" : [ ], "parent" : 10, "left" : 31, "right" : 32, "svalue" : 3.075, "sindex" : 7 },
			"Node_20" : { "leaf_value" : [ 16379.277 ], "parent" : 10, "left" : null, "right" : null, "svalue" : 0, "sindex" : 0 },
			"Node_21" : { "leaf_value" : [ 18352.066 ], "parent" : 12, "left" : null, "right" : null, "svalue" : 0, "sindex" : 0 },
			"Node_22" : { "leaf_value" : [ ], "parent" : 12, "left" : 33, "right" : 34, "svalue" : 38, "sindex" : 2 },
			"Node_23" : { "leaf_value" : [ -14907.359 ], "parent" : 13, "left" : null, "right" : null, "svalue" : 0, "sindex" : 0 },
			"Node_24" : { "leaf_value" : [ ], "parent" : 13, "left" : 35, "right" : 36, "svalue" : 38, "sindex" : 2 },
			"Node_25" : { "leaf_value" : [ ], "parent" : 14, "left" : 37, "right" : 38, "svalue" : -122.28, "sindex" : 0 },
			"Node_26" : { "leaf_value" : [ ], "parent" : 14, "left" : 39, "right" : 40, "svalue" : -122.25, "sindex" : 0 },
			"Node_27" : { "leaf_value" : [ -9926.7598 ], "parent" : 15, "left" : null, "right" : null, "svalue" : 0, "sindex" : 0 },
			"Node_28" : { "leaf_value" : [ ], "parent" : 15, "left" : 41, "right" : 42, "svalue" : 50, "sindex" : 2 },
			"Node_29" : { "leaf_value" : [ 2802.7773 ], "parent" : 16, "left" : null, "right" : null, "svalue" : 0, "sindex" : 0 },
			"Node_30" : { "leaf_value" : [ 8289.0938 ], "parent" : 16, "left" : null, "right" : null, "svalue" : 0, "sindex" : 0 },
			"Node_31" : { "leaf_value" : [ 4764.8101 ], "parent" : 19, "left" : null, "right" : null, "svalue" : 0, "sindex" : 0 },
			"Node_32" : { "leaf_value" : [ 9250.5664 ], "parent" : 19, "left" : null, "right" : null, "svalue" : 0, "sindex" : 0 },
			"Node_33" : { "leaf_value" : [ 20985.287 ], "parent" : 22, "left" : null, "right" : null, "svalue" : 0, "sindex" : 0 },
			"Node_34" : { "leaf_value" : [ 31209.033 ], "parent" : 22, "left" : null, "right" : null, "svalue" : 0, "sindex" : 0 },
			"Node_35" : { "leaf_value" : [ -6902.2212 ], "parent" : 24, "left" : null, "right" : null, "svalue" : 0, "sindex" : 0 },
			"Node_36" : { "leaf_value" : [ -12119.757 ], "parent" : 24, "left" : null, "right" : null, "svalue" : 0, "sindex" : 0 },
			"Node_37" : { "leaf_value" : [ -15812.29 ], "parent" : 25, "left" : null, "right" : null, "svalue" : 0, "sindex" : 0 },
			"Node_38" : { "leaf_value" : [ -7560.8755 ], "parent" : 25, "left" : null, "right" : null, "svalue" : 0, "sindex" : 0 },
			"Node_39" : { "leaf_value" : [ -4520.897 ], "parent" : 26, "left" : null, "right" : null, "svalue" : 0, "sindex" : 0 },
			"Node_40" : { "leaf_value" : [ 4491.3687 ], "parent" : 26, "left" : null, "right" : null, "svalue" : 0, "sindex" : 0 },
			"Node_41" : { "leaf_value" : [ -3644.3191 ], "parent" : 28, "left" : null, "right" : null, "svalue" : 0, "sindex" : 0 },
			"Node_42" : { "leaf_value" : [ -7095.5981 ], "parent" : 28, "left" : null, "right" : null, "svalue" : 0, "sindex" : 0 }
		},
		"Tree_03" : {
			"Node_00" : { "leaf_value" : [ ], "parent" : null, "left" : 1, "right" : 2, "svalue" : 4.5823998, "sindex" : 7 },
			"Node_01" : { "leaf_value" : [ ], "parent" : 0, "left" : 3, "right" : 4, "svalue" : 37.860001, "sindex" : 1 },
			"Node_02" : { "leaf_value" : [ ], "parent" : 0, "left" : 5, "right" : 6, "svalue" : 37.799999, "sindex" : 1 },
			"Node_03" : { "leaf_value" : [ ], "parent" : 1, "left" : 7, "right" : 8, "svalue" : 3.075, "sindex" : 7 },
			"Node_04" : { "leaf_value" : [ ], "parent" : 1, "left" : 9, "right" : 10, "svalue" : -122.28, "sindex" : 0 },
			"Node_05" : { "leaf_value" : [ 6277.0239 ], "parent" : 2, "left" : null, "right" : null, "svalue" : 0, "sindex" : 0 },
			"Node_06" : { "leaf_value" : [ ], "parent" : 2, "left" : 11, "right" : 12, "svalue" : 37.860001, "sindex" : 1 },
			"Node_07" : { "leaf_value" : [ ], "parent" : 3, "left" : 13, "right" : 14, "svalue" : 37.799999, "sindex" : 1 },
			"Node_08" : { "leaf_value" : [ ], "parent" : 3, "left" : 15, "right" : 16, "svalue" : 37.799999, "sindex" : 1 },
			"Node_09" : { "leaf_value" : [ ], "parent" : 4, "left" : 17, "right" : 18, "svalue" : 3.075, "sindex" : 7 },
			"Node_10" : { "leaf_value" : [ ], "parent" : 4, "left" : 19, "right" : 20, "svalue" : 530, "sindex" : 4 },
			"Node_11" : { "leaf_value" : [ ], "parent" : 6, "left" : 21, "right" : 22, "svalue" : 2492, "sindex" : 3 },
			"Node_12" : { "leaf_value" : [ ], "parent" : 6, "left" : 23, "right" : 24, "svalue" : -122.25, "sindex" : 0 },
			"Node_13" : { "leaf_value" : [ ], "parent" : 7, "left" : 25, "right" : 26, "svalue" : 950, "sindex" : 3 },
			"Node_14" : { "leaf_value" : [ ], "parent" : 7, "left" : 27, "right" : 28, "svalue" : 1898, "sindex" : 3 },
			"Node_15" : { "leaf_value" : [ ], "parent" : 8, "left" : 29, "right" : 30, "svalue" : 1898, "sindex" : 3 },
			"Node_16" : { "leaf_value" : [ ], "parent" : 8, "left" : 31, "right" : 32, "svalue" : 50, "sindex" : 2 },
			"Node_17" : { "leaf_value" : [ -3415.0845 ], "parent" : 9, "left" : null, "right" : null, "svalue" : 0, "sindex" : 0 },
			"Node_18" : { "leaf_value" : [ 3803.4204 ], "parent" : 9, "left" : null, "right" : null, "svalue" : 0, "sindex" : 0 },
			"Node_19" : { "leaf_value" : [ ], "parent" : 10, "left" : 33, "right" : 34, "svalue" : 376, "sindex" : 6 },
			"Node_20" : { "leaf_value" : [ 2756.0962 ], "parent" : 10, "left" : null, "right" : null, "svalue" : 0, "sindex" : 0 },
			"Node_21" : { "leaf_value" : [ ], "parent" : 11, "left" : 35, "right" : 36, "svalue" : 38, "sindex" : 2 },
			"Node_22" : { "leaf_value" : [ 19637.787 ], "parent" : 11, "left" : null, "right" : null, "svalue" : 0, "sindex" : 0 },
			"Node_23" : { "leaf_value" : [ 15974.772 ], "parent" : 12, "left" : null, "right" : null, "svalue" : 0, "sindex" : 0 },
			"Node_24" : { "leaf_value" : [ 27016.188 ], "parent" : 12, "left" : null, "right" : null, "svalue" : 0, "sindex" : 0 },
			"Node_25" : { "leaf_value" : [ -11708.709 ], "parent" : 13, "left" : null, "right" : null, "svalue" : 0, "sindex" : 0 },
			"Node_26" : { "leaf_value" : [ ], "parent" : 13, "left" : 37, "right" : 38, "svalue" : 2.4890001, "sindex" : 7 },
			"Node_27" : { "leaf_value" : [ ], "parent" : 14, "left" : 39, "right" : 40, "svalue" : -122.28, "sindex" : 0 },
			"Node_28" : { "leaf_value" : [ ], "parent" : 14, "left" : 41, "right" : 42, "svalue" : -122.25, "sindex" : 0 },
			"Node_29" : { "leaf_value" : [ ], "parent" : 15, "left" : 43, "right" : 44, "svalue" : 45, "sindex" : 2 },
			"Node_30" : { "leaf_value" : [ -2353.1704 ], "parent" : 15, "left" : null, "right" : null, "svalue" : 0, "sindex" : 0 },
			"Node_31" : { "leaf_value" : [ 2032.0126 ], "parent" : 16, "left" : null, "right" : null, "svalue" : 0, "sindex" : 0 },
			"Node_32" : { "leaf_value" : [ ], "parent" : 16, "left" : 45, "right" : 46, "svalue" : 2492, "sindex" : 3 },
			"Node_33" : { "leaf_value" : [ 5978.0537 ], "parent" : 19, "left" : null, "right" : null, "svalue" : 0, "sindex" : 0 },
			"Node_34" : { "leaf_value" : [ 16580.812 ], "parent" : 19, "left" : null, "right" : null, "svalue" : 0, "sindex" : 0 },
			"Node_35" : { "leaf_value" : [ 19176.086 ], "parent" : 21, "left" : null, "right" : null, "svalue" : 0, "sindex" : 0 },
			"Node_36" : { "leaf_value" : [ 1235.2583 ], "parent" : 21, "left" : null, "right" : null, "svalue" : 0, "sindex" : 0 },
			"Node_37" : { "leaf_value" : [ -9575.5654 ], "parent" : 26, "left" : null, "right" : null, "svalue" : 0, "sindex" : 0 },
			"Node_38" : { "leaf_value" : [ -5472.084 ], "parent" : 26, "left" : null, "right" : null, "svalue" : 0, "sindex" : 0 },
			"Node_39" : { "leaf_value" : [ -11347.641 ], "parent" : 27, "left" : null, "right" : null, "svalue" : 0, "sindex" : 0 },
			"Node_40" : { "leaf_value" : [ -5648.4839 ], "parent" : 27, "left" : null, "right" : null, "svalue" : 0, "sindex" : 0 },
			"Node_41" : { "leaf_value" : [ -4726.3901 ], "parent" : 28, "left" : null, "right" : null, "svalue" : 0, "sindex" : 0 },
			"Node_42" : { "leaf_value" : [ 4707.2603 ], "parent" : 28, "left" : null, "right" : null, "svalue" : 0, "sindex" : 0 },
			"Node_43" : { "leaf_value" : [ -4530.958 ], "parent" : 29, "left" : null, "right" : null, "svalue" : 0, "sindex" : 0 },
			"Node_44" : { "leaf_value" : [ -7467.3682 ], "parent" : 29, "left" : null, "right" : null, "svalue" : 0, "sindex" : 0 },
			"Node_45" : { "leaf_value" : [ 4564.5991 ], "parent" : 32, "left" : null, "right" : null, "svalue" : 0, "sindex" : 0 },
			"Node_46" : { "leaf_value" : [ 7301.3325 ], "parent" : 32, "left" : null, "right" : null, "svalue" : 0, "sindex" : 0 }
		},
		"Tree_04" : {
			"Node_00" : { "leaf_value" : [ ], "parent" : null, "left" : 1, "right" : 2, "svalue" : 4.5823998, "sindex" : 7 },
			"Node_01" : { "leaf_value" : [ ], "parent" : 0, "left" : 3, "right" : 4, "svalue" : 37.860001, "sindex" : 1 },
			"Node_02" : { "leaf_value" : [ ], "parent" : 0, "left" : 5, "right" : 6, "svalue" : 52, "sindex" : 2 },
			"Node_03" : { "leaf_value" : [ ], "parent" : 1, "left" : 7, "right" : 8, "svalue" : 3.075, "sindex" : 7 },
			"Node_04" : { "leaf_value" : [ ], "parent" : 1, "left" : 9, "right" : 10, "svalue" : 1297, "sindex" : 5 },
			"Node_05" : { "leaf_value" : [ ], "parent" : 2, "left" : 11, "right" : 12, "svalue" : 45, "sindex" : 2 },
			"Node_06" : { "leaf_value" : [ ], "parent" : 2, "left" : 13, "right" : 14, "svalue" : 2492, "sindex" : 3 },
			"Node_07" : { "leaf_value" : [ ], "parent" : 3, "left" : 15, "right" : 16, "svalue" : 530, "sindex" : 4 },
			"Node_08" : { "leaf_value" : [ ], "parent" : 3, "left" : 17, "right" : 18, "svalue" : 37.799999, "sindex" : 1 },
			"Node_09" : { "leaf_value" : [ ], "parent" : 4, "left" : 19, "right" : 20, "svalue" : 2.4890001, "sindex" : 7 },
			"Node_10" : { "leaf_value" : [ 8986.1865 ], "parent" : 4, "left" : null, "right" : null, "svalue" : 0, "sindex" : 0 },
			"Node_11" : { "leaf_value" : [ ], "parent" : 5, "left" : 21, "right" : 22, "svalue" : 195, "sindex" : 6 },
			"Node_12" : { "leaf_value" : [ -12618.062 ], "parent" : 5, "left" : null, "right" : null, "svalue" : 0, "sindex" : 0 },
			"Node_13" : { "leaf_value" : [ ], "parent" : 6, "left" : 23, "right" : 24, "svalue" : 282, "sindex" : 6 },
			"Node_14" : { "leaf_value" : [ 21297.723 ], "parent" : 6, "left" : null, "right" : null, "svalue" : 0, "sindex" : 0 },
			"Node_15" : { "leaf_value" : [ ], "parent" : 7, "left" : 25, "right" : 26, "svalue" : 37.77, "sindex" : 1 },
			"Node_16" : { "leaf_value" : [ ], "parent" : 7, "left" : 27, "right" : 28, "svalue" : 2.4890001, "sindex" : 7 },
			"Node_17" : { "leaf_value" : [ ], "parent" : 8, "left" : 29, "right" : 30, "svalue" : 37.77, "sindex" : 1 },
			"Node_18" : { "leaf_value" : [ ], "parent" : 8, "left" : 31, "right" : 32, "svalue" : 37.82, "sindex" : 1 },
			"Node_19" : { "leaf_value" : [ -4315.0874 ], "parent" : 9, "left" : null, "right" : null, "svalue" : 0, "sindex" : 0 },
			"Node_20" : { "leaf_value" : [ ], "parent" : 9, "left" : 33, "right" : 34, "svalue" : 987, "sindex" : 5 },
			"Node_21" : { "leaf_value" : [ 19944.217 ], "parent" : 11, "left" : null, "right" : null, "svalue" : 0, "sindex" : 0 },
			"Node_22" : { "leaf_value" : [ ], "parent" : 11, "left" : 35, "right" : 36, "svalue" : 37.82, "sindex" : 1 },
			"Node_23" : { "leaf_value" : [ 13428.591 ], "parent" : 13, "left" : null, "right" : null, "svalue" : 0, "sindex" : 0 },
			"Node_24" : { "leaf_value" : [ 6280.1064 ], "parent" : 13, "left" : null, "right" : null, "svalue" : 0, "sindex" : 0 },
			"Node_25" : { "leaf_value" : [ -7764.1499 ], "parent" : 15, "left" : null, "right" : null, "svalue" : 0, "sindex" : 0 },
			"Node_26" : { "leaf_value" : [ ], "parent" : 15, "left" : 37, "right" : 38, "svalue" : 38, "sindex" : 2 },
			"Node_27" : { "leaf_value" : [ ], "parent" : 16, "left" : 39, "right" : 40, "svalue" : 1.8516001, "sindex" : 7 },
			"Node_28" : { "leaf_value" : [ ], "parent" : 16, "left" : 41, "right" : 42, "svalue" : 45, "sindex" : 2 },
			"Node_29" : { "leaf_value" : [ -5568.3799 ], "parent" : 17, "left" : null, "right" : null, "svalue" : 0, "sindex" : 0 },
			"Node_30" : { "leaf_value" : [ ], "parent" : 17, "left" : 43, "right" : 44, "svalue" : 50, "sindex" : 2 },
			"Node_31" : { "leaf_value" : [ 5295.896 ], "parent" : 18, "left" : null, "right" : null, "svalue" : 0, "sindex" : 0 },
			"Node_32" : { "leaf_value" : [ 1662.7985 ], "parent" : 18, "left" : null, "right" : null, "svalue" : 0, "sindex" : 0 },
			"Node_33" : { "leaf_value" : [ ], "parent" : 20, "left" : 45, "right" : 46, "svalue" : 768, "sindex" : 5 },
			"Node_34" : { "leaf_value" : [ 6377.394 ], "parent" : 20, "left" : null, "right" : null, "svalue" : 0, "sindex" : 0 },
			"Node_35" : { "leaf_value" : [ 6120.5498 ], "parent" : 22, "left" : null, "right" : null, "svalue" : 0, "sindex" : 0 },
			"Node_36" : { "leaf_value" : [ 12009.107 ], "parent" : 22, "left" : null, "right" : null, "svalue" : 0, "sindex" : 0 },
			"Node_37" : { "leaf_value" : [ -2064.8137 ], "parent" : 26, "left" : null, "right" : null, "svalue" : 0, "sindex" : 0 },
			"Node_38" : { "leaf_value" : [ -5499.8452 ], "parent" : 26, "left" : null, "right" : null, "svalue" : 0, "sindex" : 0 },
			"Node_39" : { "leaf_value" : [ -6708.146 ], "parent" : 27, "left" : null, "right" : null, "svalue" : 0, "sindex" : 0 },
			"Node_40" : { "leaf_value" : [ -2915.2148 ], "parent" : 27, "left" : null, "right" : null, "svalue" : 0, "sindex" : 0 },
			"Node_41" : { "leaf_value" : [ 5003.0669 ], "parent" : 28, "left" : null, "right" : null, "svalue" : 0, "sindex" : 0 },
			"Node_42" : { "leaf_value" : [ -1689.7804 ], "parent" : 28, "left" : null, "right" : null, "svalue" : 0, "sindex" : 0 },
			"Node_43" : { "leaf_value" : [ -1395.6415 ], "parent" : 30, "left" : null, "right" : null, "svalue" : 0, "sindex" : 0 },
			"Node_44" : { "leaf_value" : [ -3733.9546 ], "parent" : 30, "left" : null, "right" : null, "svalue" : 0, "sindex" : 0 },
			"Node_45" : { "leaf_value" : [ 4633.7104 ], "parent" : 33, "left" : null, "right" : null, "svalue" : 0, "sindex" : 0 },
			"Node_46" : { "leaf_value" : [ -3214.3367 ], "parent" : 33, "left" : null, "right" : null, "svalue" : 0, "sindex" : 0 }
		},
		"Tree_05" : {
			"Node_00" : { "leaf_value" : [ ], "parent" : null, "left" : 1, "right" : 2, "svalue" : 4.5823998, "sindex" : 7 },
			"Node_01" : { "leaf_value" : [ ], "parent" : 0, "left" : 3, "right" : 4, "svalue" : 37.799999, "sindex" : 1 },
			"Node_02" : { "leaf_value" : [ ], "parent" : 0, "left" : 5, "right" : 6, "svalue" : 1898, "sindex" : 3 },
			"Node_03" : { "leaf_value" : [ ], "parent" : 1, "left" : 7, "right" : 8, "svalue" : 2.4890001, "sindex" : 7 },
			"Node_04" : { "leaf_value" : [ ], "parent" : 1, "left" : 9, "right" : 10, "svalue" : -122.25, "sindex" : 0 },
			"Node_05" : { "leaf_value" : [ ], "parent" : 2, "left" : 11, "right" : 12, "svalue" : 45, "sindex" : 2 },
			"Node_06" : { "leaf_value" : [ ], "parent" : 2, "left" : 13, "right" : 14, "svalue" : 408, "sindex" : 4 },
			"Node_07" : { "leaf_value" : [ ], "parent" : 3, "left" : 15, "right" : 16, "svalue" : 1455, "sindex" : 3 },
			"Node_08" : { "leaf_value" : [ ], "parent" : 3, "left" : 17, "right" : 18, "svalue" : 768, "sindex" : 5 },
			"Node_09" : { "leaf_value" : [ ], "parent" : 4, "left" : 19, "right" : 20, "svalue" : 2.4890001, "sindex" : 7 },
			"Node_10" : { "leaf_value" : [ ], "parent" : 4, "left" : 21, "right" : 22, "svalue" : 37.82, "sindex" : 1 },
			"Node_11" : { "leaf_value" : [ ], "parent" : 5, "left" : 23, "right" : 24, "svalue" : 195, "sindex" : 6 },
			"Node_12" : { "leaf_value" : [ ], "parent" : 5, "left" : 25, "right" : 26, "svalue" : 1455, "sindex" : 3 },
			"Node_13" : { "leaf_value" : [ ], "parent" : 6, "left" : 27, "right" : 28, "svalue" : 2492, "sindex" : 3 },
			"Node_14" : { "leaf_value" : [ ], "parent" : 6, "left" : 29, "right" : 30, "svalue" : 52, "sindex" : 2 },
			"Node_15" : { "leaf_value" : [ ], "parent" : 7, "left" : 31, "right" : 32, "svalue" : -122.22, "sindex" : 0 },
			"Node_16" : { "leaf_value" : [ ], "parent" : 7, "left" : 33, "right" : 34, "svalue" : -122.19, "sindex" : 0 },
			"Node_17" : { "leaf_value" : [ ], "parent" : 8, "left" : 35, "right" : 36, "svalue" : 950, "sindex" : 3 },
			"Node_18" : { "leaf_value" : [ ], "parent" : 8, "left" : 37, "right" : 38, "svalue" : 1898, "sindex" : 3 },
			"Node_19" : { "leaf_value" : [ ], "parent" : 9, "left" : 39, "right" : 40, "svalue" : 45, "sindex" : 2 },
			"Node_20" : { "leaf_value" : [ ], "parent" : 9, "left" : 41, "right" : 42, "svalue" : 195, "sindex" : 6 },
			"Node_21" : { "leaf_value" : [ ], "parent" : 10, "left" : 43, "right" : 44, "svalue" : 987, "sindex" : 5 },
			"Node_22" : { "leaf_value" : [ 14642.243 ], "parent" : 10, "left" : null, "right" : null, "svalue" : 0, "sindex" : 0 },
			"Node_23" : { "leaf_value" : [ 14421.198 ], "parent" : 11, "left" : null, "right" : null, "svalue" : 0, "sindex" : 0 },
			"Node_24" : { "leaf_value" : [ 5503.6953 ], "parent" : 11, "left" : null, "right" : null, "svalue" : 0, "sindex" : 0 },
			"Node_25" : { "leaf_value" : [ -5265.2246 ], "parent" : 12, "left" : null, "right" : null, "svalue" : 0, "sindex" : 0 },
			"Node_26" : { "leaf_value" : [ 1758.4001 ], "parent" : 12, "left" : null, "right" : null, "svalue" : 0, "sindex" : 0 },
			"Node_27" : { "leaf_value" : [ 9110.4014 ], "parent" : 13, "left" : null, "right" : null, "svalue" : 0, "sindex" : 0 },
			"Node_28" : { "leaf_value" : [ 21108.852 ], "parent" : 13, "left" : null, "right" : null, "svalue" : 0, "sindex" : 0 },
			"Node_29" : { "leaf_value" : [ 3749.5071 ], "parent" : 14, "left" : null, "right" : null, "svalue" : 0, "sindex" : 0 },
			"Node_30" : { "leaf_value" : [ 8182.9907 ], "parent" : 14, "left" : null, "right" : null, "svalue" : 0, "sindex" : 0 },
			"Node_31" : { "leaf_value" : [ -4022.085 ], "parent" : 15, "left" : null, "right" : null, "svalue" : 0, "sindex" : 0 },
			"Node_32" : { "leaf_value" : [ -6619.437 ], "parent" : 15, "left" : null, "right" : null, "svalue" : 0, "sindex" : 0 },
			"Node_33" : { "leaf_value" : [ -3607.7776 ], "parent" : 16, "left" : null, "right" : null, "svalue" : 0, "sindex" : 0 },
			"Node_34" : { "leaf_value" : [ -5099.0166 ], "parent" : 16, "left" : null, "right" : null, "svalue" : 0, "sindex" : 0 },
			"Node_35" : { "leaf_value" : [ ], "parent" : 17, "left" : 45, "right" : 46, "svalue" : 50, "sindex" : 2 },
			"Node_36" : { "leaf_value" : [ 2777.1104 ], "parent" : 17, "left" : null, "right" : null, "svalue" : 0, "sindex" : 0 },
			"Node_37" : { "leaf_value" : [ ], "parent" : 18, "left" : 47, "right" : 48, "svalue" : -122.19, "sindex" : 0 },
			"Node_38" : { "leaf_value" : [ ], "parent" : 18, "left" : 49, "right" : 50, "svalue" : 1297, "sindex" : 5 },
			"Node_39" : { "leaf_value" : [ ], "parent" : 19, "left" : 51, "right" : 52, "svalue" : 37.82, "sindex" : 1 },
			"Node_40" : { "leaf_value" : [ ], "parent" : 19, "left" : 53, "right" : 54, "svalue" : 534, "sindex" : 5 },
			"Node_41" : { "leaf_value" : [ -7500.3579 ], "parent" : 20, "left" : null, "right" : null, "svalue" : 0, "sindex" : 0 },
			"Node_42" : { "leaf_value" : [ ], "parent" : 20, "left" : 55, "right" : 56, "svalue" : -122.28, "sindex" : 0 },
			"Node_43" : { "leaf_value" : [ 6388.5874 ], "parent" : 21, "left" : null, "right" : null, "svalue" : 0, "sindex" : 0 },
			"Node_44" : { "leaf_value" : [ ], "parent" : 21, "left" : 57, "right" : 58, "svalue" : 495, "sindex" : 6 },
			"Node_45" : { "leaf_value" : [ -2363.6975 ], "parent" : 35, "left" : null, "right" : null, "svalue" : 0, "sindex" : 0 },
			"Node_46" : { "leaf_value" : [ -7142.9741 ], "parent" : 35, "left" : null, "right" : null, "svalue" : 0, "sindex" : 0 },
			"Node_47" : { "leaf_value" : [ -4351.9761 ], "parent" : 37, "left" : null, "right" : null, "svalue" : 0, "sindex" : 0 },
			"Node_48" : { "leaf_value" : [ -7161.3203 ], "parent" : 37, "left" : null, "right" : null, "svalue" : 0, "sindex" : 0 },
			"Node_49" : { "leaf_value" : [ -1106.5074 ], "parent" : 38, "left" : null, "right" : null, "svalue" : 0, "sindex" : 0 },
			"Node_50" : { "leaf_value" : [ -3531.0708 ], "parent" : 38, "left" : null, "right" : null, "svalue" : 0, "sindex" : 0 },
			"Node_51" : { "leaf_value" : [ -3635.5632 ], "parent" : 39, "left" : null, "right" : null, "svalue" : 0, "sindex" : 0 },
			"Node_52" : { "leaf_value" : [ 1304.2958 ], "parent" : 39, "left" : null, "right" : null, "svalue" : 0, "sindex" : 0 },
			"Node_53" : { "leaf_value" : [ -76.462799 ], "parent" : 40, "left" : null, "right" : null, "svalue" : 0, "sindex" : 0 },
			"Node_54" : { "leaf_value" : [ -6719.9688 ], "parent" : 40, "left" : null, "right" : null, "svalue" : 0, "sindex" : 0 },
			"Node_55" : { "leaf_value" : [ -1010.9427 ], "parent" : 42, "left" : null, "right" : null, "svalue" : 0, "sindex" : 0 },
			"Node_56" : { "leaf_value" : [ 2745.4888 ], "parent" : 42, "left" : null, "right" : null, "svalue" : 0, "sindex" : 0 },
			"Node_57" : { "leaf_value" : [ -3051.2349 ], "parent" : 44, "left" : null, "right" : null, "svalue" : 0, "sindex" : 0 },
			"Node_58" : { "leaf_value" : [ -511.0022 ], "parent" : 44, "left" : null, "right" : null, "svalue" : 0, "sindex" : 0 }
		},
		"Tree_06" : {
			"Node_00" : { "leaf_value" : [ ], "parent" : null, "left" : 1, "right" : 2, "svalue" : 4.5823998, "sindex" : 7 },
			"Node_01" : { "leaf_value" : [ ], "parent" : 0, "left" : 3, "right" : 4, "svalue" : 37.860001, "sindex" : 1 },
			"Node_02" : { "leaf_value" : [ ], "parent" : 0, "left" : 5, "right" : 6, "svalue" : 52, "sindex" : 2 },
			"Node_03" : { "leaf_value" : [ ], "parent" : 1, "left" : 7, "right" : 8, "svalue" : -122.28, "sindex" : 0 },
			"Node_04" : { "leaf_value" : [ ], "parent" : 1, "left" : 9, "right" : 10, "svalue" : 1297, "sindex" : 5 },
			"Node_05" : { "leaf_value" : [ ], "parent" : 2, "left" : 11, "right" : 12, "svalue" : 45, "sindex" : 2 },
			"Node_06" : { "leaf_value" : [ ], "parent" : 2, "left" : 13, "right" : 14, "svalue" : -122.25, "sindex" : 0 },
			"Node_07" : { "leaf_value" : [ -7840.917 ], "parent" : 3, "left" : null, "right" : null, "svalue" : 0, "sindex" : 0 },
			"Node_08" : { "leaf_value" : [ ], "parent" : 3, "left" : 15, "right" : 16, "svalue" : 37.799999, "sindex" : 1 },
			"Node_09" : { "leaf_value" : [ ], "parent" : 4, "left" : 17, "right" : 18, "svalue" : 3.075, "sindex" : 7 },
			"Node_10" : { "leaf_value" : [ 6042.6753 ], "parent" : 4, "left" : null, "right" : null, "svalue" : 0, "sindex" : 0 },
			"Node_11" : { "leaf_value" : [ ], "parent" : 5, "left" : 19, "right" : 20, "svalue" : 376, "sindex" : 6 },
			"Node_12" : { "leaf_value" : [ -9787.7568 ], "parent" : 5, "left" : null, "right" : null, "svalue" : 0, "sindex" : 0 },
			"Node_13" : { "leaf_value" : [ 5648.1133 ], "parent" : 6, "left" : null, "right" : null, "svalue" : 0, "sindex" : 0 },
			"Node_14" : { "leaf_value" : [ ], "parent" : 6, "left" : 21, "right" : 22, "svalue" : 37.82, "sindex" : 1 },
			"Node_15" : { "leaf_value" : [ ], "parent" : 8, "left" : 23, "right" : 24, "svalue" : 2.4890001, "sindex" : 7 },
			"Node_16" : { "leaf_value" : [ ], "parent" : 8, "left" : 25, "right" : 26, "svalue" : 2.4890001, "sindex" : 7 },
			"Node_17" : { "leaf_value" : [ ], "parent" : 9, "left" : 27, "right" : 28, "svalue" : -122.28, "sindex" : 0 },
			"Node_18" : { "leaf_value" : [ ], "parent" : 9, "left" : 29, "right" : 30, "svalue" : 768, "sindex" : 5 },
			"Node_19" : { "leaf_value" : [ ], "parent" : 11, "left" : 31, "right" : 32, "svalue" : 37.799999, "sindex" : 1 },
			"Node_20" : { "leaf_value" : [ 2456.7905 ], "parent" : 11, "left" : null, "right" : null, "svalue" : 0, "sindex" : 0 },
			"Node_21" : { "leaf_value" : [ 5476.1509 ], "parent" : 14, "left" : null, "right" : null, "svalue" : 0, "sindex" : 0 },
			"Node_22" : { "leaf_value" : [ 13192.234 ], "parent" : 14, "left" : null, "right" : null, "svalue" : 0, "sindex" : 0 },
			"Node_23" : { "leaf_value" : [ ], "parent" : 15, "left" : 33, "right" : 34, "svalue" : 1455, "sindex" : 3 },
			"Node_24" : { "leaf_value" : [ ], "parent" : 15, "left" : 35, "right" : 36, "svalue" : 38, "sindex" : 2 },
			"Node_25" : { "leaf_value" : [ ], "parent" : 16, "left" : 37, "right" : 38, "svalue" : 534, "sindex" : 5 },
			"Node_26" : { "leaf_value" : [ ], "parent" : 16, "left" : 39, "right" : 40, "svalue" : 987, "sindex" : 5 },
			"Node_27" : { "leaf_value" : [ -4136.7676 ], "parent" : 17, "left" : null, "right" : null, "svalue" : 0, "sindex" : 0 },
			"Node_28" : { "leaf_value" : [ 983.78491 ], "parent" : 17, "left" : null, "right" : null, "svalue" : 0, "sindex" : 0 },
			"Node_29" : { "leaf_value" : [ 4531.5337 ], "parent" : 18, "left" : null, "right" : null, "svalue" : 0, "sindex" : 0 },
			"Node_30" : { "leaf_value" : [ 1389.0765 ], "parent" : 18, "left" : null, "right" : null, "svalue" : 0, "sindex" : 0 },
			"Node_31" : { "leaf_value" : [ 4336.0532 ], "parent" : 19, "left" : null, "right" : null, "svalue" : 0, "sindex" : 0 },
			"Node_32" : { "leaf_value" : [ 10564.408 ], "parent" : 19, "left" : null, "right" : null, "svalue" : 0, "sindex" : 0 },
			"Node_33" : { "leaf_value" : [ -4350.501 ], "parent" : 23, "left" : null, "right" : null, "svalue" : 0, "sindex" : 0 },
			"Node_34" : { "leaf_value" : [ -3196.3384 ], "parent" : 23, "left" : null, "right" : null, "svalue" : 0, "sindex" : 0 },
			"Node_35" : { "leaf_value" : [ 865.86298 ], "parent" : 24, "left" : null, "right" : null, "svalue" : 0, "sindex" : 0 },
			"Node_36" : { "leaf_value" : [ -2902.7212 ], "parent" : 24, "left" : null, "right" : null, "svalue" : 0, "sindex" : 0 },
			"Node_37" : { "leaf_value" : [ 2222.3782 ], "parent" : 25, "left" : null, "right" : null, "svalue" : 0, "sindex" : 0 },
			"Node_38" : { "leaf_value" : [ -3216.7122 ], "parent" : 25, "left" : null, "right" : null, "svalue" : 0, "sindex" : 0 },
			"Node_39" : { "leaf_value" : [ 5088.4941 ], "parent" : 26, "left" : null, "right" : null, "svalue" : 0, "sindex" : 0 },
			"Node_40" : { "leaf_value" : [ -218.3103 ], "parent" : 26, "left" : null, "right" : null, "svalue" : 0, "sindex" : 0 }
		},
		"Tree_07" : {
			"Node_00" : { "leaf_value" : [ ], "parent" : null, "left" : 1, "right" : 2, "svalue" : 4.5823998, "sindex" : 7 },
			"Node_01" : { "leaf_value" : [ ], "parent" : 0, "left" : 3, "right" : 4, "svalue" : 37.860001, "sindex" : 1 },
			"Node_02" : { "leaf_value" : [ ], "parent" : 0, "left" : 5, "right" : 6, "svalue" : 2492, "sindex" : 3 },
			"Node_03" : { "leaf_value" : [ ], "parent" : 1, "left" : 7, "right" : 8, "svalue" : -122.28, "sindex" : 0 },
			"Node_04" : { "leaf_value" : [ ], "parent" : 1, "left" : 9, "right" : 10, "svalue" : 207, "sindex" : 4 },
			"Node_05" : { "leaf_value" : [ ], "parent" : 2, "left" : 11, "right" : 12, "svalue" : 37.860001, "sindex" : 1 },
			"Node_06" : { "leaf_value" : [ ], "parent" : 2, "left" : 13, "right" : 14, "svalue" : 408, "sindex" : 4 },
			"Node_07" : { "leaf_value" : [ -5606.2559 ], "parent" : 3, "left" : null, "right" : null, "svalue" : 0, "sindex" : 0 },
			"Node_08" : { "leaf_value" : [ ], "parent" : 3, "left" : 15, "right" : 16, "svalue" : 37.799999, "sindex" : 1 },
			"Node_09" : { "leaf_value" : [ -3263.2893 ], "parent" : 4, "left" : null, "right" : null, "svalue" : 0, "sindex" : 0 },
			"Node_10" : { "leaf_value" : [ ], "parent" : 4, "left" : 17, "right" : 18, "svalue" : 1.8516001, "sindex" : 7 },
			"Node_11" : { "leaf_value" : [ ], "parent" : 5, "left" : 19, "right" : 20, "svalue" : 38, "sindex" : 2 },
			"Node_12" : { "leaf_value" : [ ], "parent" : 5, "left" : 21, "right" : 22, "svalue" : 282, "sindex" : 6 },
			"Node_13" : { "leaf_value" : [ 13649.233 ], "parent" : 6, "left" : null, "right" : null, "svalue" : 0, "sindex" : 0 },
			"Node_14" : { "leaf_value" : [ ], "parent" : 6, "left" : 23, "right" : 24, "svalue" : 45, "sindex" : 2 },
			"Node_15" : { "leaf_value" : [ ], "parent" : 8, "left" : 25, "right" : 26, "svalue" : 37.77, "sindex" : 1 },
			"Node_16" : { "leaf_value" : [ ], "parent" : 8, "left" : 27, "right" : 28, "svalue" : 37.82, "sindex" : 1 },
			"Node_17" : { "leaf_value" : [ 8076.0024 ], "parent" : 10, "left" : null, "right" : null, "svalue" : 0, "sindex" : 0 },
			"Node_18" : { "leaf_value" : [ ], "parent" : 10, "left" : 29, "right" : 30, "svalue" : 768, "sindex" : 5 },
			"Node_19" : { "leaf_value" : [ 5757.312 ], "parent" : 11, "left" : null, "right" : null, "svalue" : 0, "sindex" : 0 },
			"Node_20" : { "leaf_value" : [ ], "parent" : 11, "left" : 31, "right" : 32, "svalue" : 50, "sindex" : 2 },
			"Node_21" : { "leaf_value" : [ 11748.107 ], "parent" : 12, "left" : null, "right" : null, "svalue" : 0, "sindex" : 0 },
			"Node_22" : { "leaf_value" : [ 1048.0829 ], "parent" : 12, "left" : null, "right" : null, "svalue" : 0, "sindex" : 0 },
			"Node_23" : { "leaf_value" : [ 1951.9993 ], "parent" : 14, "left" : null, "right" : null, "svalue" : 0, "sindex" : 0 },
			"Node_24" : { "leaf_value" : [ 6009.1396 ], "parent" : 14, "left" : null, "right" : null, "svalue" : 0, "sindex" : 0 },
			"Node_25" : { "leaf_value" : [ ], "parent" : 15, "left" : 33, "right" : 34, "svalue" : 207, "sindex" : 4 },
			"Node_26" : { "leaf_value" : [ ], "parent" : 15, "left" : 35, "right" : 36, "svalue" : 987, "sindex" : 5 },
			"Node_27" : { "leaf_value" : [ ], "parent" : 16, "left" : 37, "right" : 38, "svalue" : 52, "sindex" : 2 },
			"Node_28" : { "leaf_value" : [ ], "parent" : 16, "left" : 39, "right" : 40, "svalue" : 1.8516001, "sindex" : 7 },
			"Node_29" : { "leaf_value" : [ 4780.8491 ], "parent" : 18, "left" : null, "right" : null, "svalue" : 0, "sindex" : 0 },
			"Node_30" : { "leaf_value" : [ ], "parent" : 18, "left" : 41, "right" : 42, "svalue" : 987, "sindex" : 5 },
			"Node_31" : { "leaf_value" : [ -13650.975 ], "parent" : 20, "left" : null, "right" : null, "svalue" : 0, "sindex" : 0 },
			"Node_32" : { "leaf_value" : [ 668.00989 ], "parent" : 20, "left" : null, "right" : null, "svalue" : 0, "sindex" : 0 },
			"Node_33" : { "leaf_value" : [ -1777.6661 ], "parent" : 25, "left" : null, "right" : null, "svalue" : 0, "sindex" : 0 },
			"Node_34" : { "leaf_value" : [ -3144.3411 ], "parent" : 25, "left" : null, "right" : null, "svalue" : 0, "sindex" : 0 },
			"Node_35" : { "leaf_value" : [ -687.99878 ], "parent" : 26, "left" : null, "right" : null, "svalue" : 0, "sindex" : 0 },
			"Node_36" : { "leaf_value" : [ -2545.3794 ], "parent" : 26, "left" : null, "right" : null, "svalue" : 0, "sindex" : 0 },
			"Node_37" : { "leaf_value" : [ -413.78058 ], "parent" : 27, "left" : null, "right" : null, "svalue" : 0, "sindex" : 0 },
			"Node_38" : { "leaf_value" : [ 4522.7573 ], "parent" : 27, "left" : null, "right" : null, "svalue" : 0, "sindex" : 0 },
			"Node_39" : { "leaf_value" : [ -4765.8062 ], "parent" : 28, "left" : null, "right" : null, "svalue" : 0, "sindex" : 0 },
			"Node_40" : { "leaf_value" : [ 118.73089 ], "parent" : 28, "left" : null, "right" : null, "svalue" : 0, "sindex" : 0 },
			"Node_41" : { "leaf_value" : [ -2933.0901 ], "parent" : 30, "left" : null, "right" : null, "svalue" : 0, "sindex" : 0 },
			"Node_42" : { "leaf_value" : [ 2432.1118 ], "parent" : 30, "left" : null, "right" : null, "svalue" : 0, "sindex" : 0 }
		},
		"Tree_08" : {
			"Node_00" : { "leaf_value" : [ ], "parent" : null, "left" : 1, "right" : 2, "svalue" : -122.28, "sindex" : 0 },
			"Node_01" : { "leaf_value" : [ ], "parent" : 0, "left" : 3, "right" : 4, "svalue" : 3.075, "sindex" : 7 },
			"Node_02" : { "leaf_value" : [ ], "parent" : 0, "left" : 5, "right" : 6, "svalue" : 4.5823998, "sindex" : 7 },
			"Node_03" : { "leaf_value" : [ ], "parent" : 1, "left" : 7, "right" : 8, "svalue" : 50, "sindex" : 2 },
			"Node_04" : { "leaf_value" : [ -8635.124 ], "parent" : 1, "left" : null, "right" : null, "svalue" : 0, "sindex" : 0 },
			"Node_05" : { "leaf_value" : [ ], "parent" : 2, "left" : 9, "right" : 10, "svalue" : 37.860001, "sindex" : 1 },
			"Node_06" : { "leaf_value" : [ ], "parent" : 2, "left" : 11, "right" : 12, "svalue" : 37.860001, "sindex" : 1 },
			"Node_07" : { "leaf_value" : [ ], "parent" : 3, "left" : 13, "right" : 14, "svalue" : 300, "sindex" : 4 },
			"Node_08" : { "leaf_value" : [ -5116.0864 ], "parent" : 3, "left" : null, "right" : null, "svalue" : 0, "sindex" : 0 },
			"Node_09" : { "leaf_value" : [ ], "parent" : 5, "left" : 15, "right" : 16, "svalue" : 1898, "sindex" : 3 },
			"Node_10" : { "leaf_value" : [ ], "parent" : 5, "left" : 17, "right" : 18, "svalue" : 2492, "sindex" : 3 },
			"Node_11" : { "leaf_value" : [ ], "parent" : 6, "left" : 19, "right" : 20, "svalue" : 2492, "sindex" : 3 },
			"Node_12" : { "leaf_value" : [ ], "parent" : 6, "left" : 21, "right" : 22, "svalue" : 768, "sindex" : 5 },
			"Node_13" : { "leaf_value" : [ -2717.7104 ], "parent" : 7, "left" : null, "right" : null, "svalue" : 0, "sindex" : 0 },
			"Node_14" : { "leaf_value" : [ 3767.8171 ], "parent" : 7, "left" : null, "right" : null, "svalue" : 0, "sindex" : 0 },
			"Node_15" : { "leaf_value" : [ ], "parent" : 9, "left" : 23, "right" : 24, "svalue" : 768, "sindex" : 5 },
			"Node_16" : { "leaf_value" : [ ], "parent" : 9, "left" : 25, "right" : 26, "svalue" : 987, "sindex" : 5 },
			"Node_17" : { "leaf_value" : [ ], "parent" : 10, "left" : 27, "right" : 28, "svalue" : 376, "sindex" : 6 },
			"Node_18" : { "leaf_value" : [ -2638.376 ], "parent" : 10, "left" : null, "right" : null, "svalue" : 0, "sindex" : 0 },
			"Node_19" : { "leaf_value" : [ ], "parent" : 11, "left" : 29, "right" : 30, "svalue" : 38, "sindex" : 2 },
			"Node_20" : { "leaf_value" : [ 5690.3901 ], "parent" : 11, "left" : null, "right" : null, "svalue" : 0, "sindex" : 0 },
			"Node_21" : { "leaf_value" : [ 9886.6924 ], "parent" : 12, "left" : null, "right" : null, "svalue" : 0, "sindex" : 0 },
			"Node_22" : { "leaf_value" : [ 6129.4526 ], "parent" : 12, "left" : null, "right" : null, "svalue" : 0, "sindex" : 0 },
			"Node_23" : { "leaf_value" : [ ], "parent" : 15, "left" : 31, "right" : 32, "svalue" : 37.77, "sindex" : 1 },
			"Node_24" : { "leaf_value" : [ ], "parent" : 15, "left" : 33, "right" : 34, "svalue" : 50, "sindex" : 2 },
			"Node_25" : { "leaf_value" : [ 5381.1265 ], "parent" : 16, "left" : null, "right" : null, "svalue" : 0, "sindex" : 0 },
			"Node_26" : { "leaf_value" : [ ], "parent" : 16, "left" : 35, "right" : 36, "svalue" : -122.22, "sindex" : 0 },
			"Node_27" : { "leaf_value" : [ 2437.9351 ], "parent" : 17, "left" : null, "right" : null, "svalue" : 0, "sindex" : 0 },
			"Node_28" : { "leaf_value" : [ 7512.689 ], "parent" : 17, "left" : null, "right" : null, "svalue" : 0, "sindex" : 0 },
			"Node_29" : { "leaf_value" : [ 4112.3652 ], "parent" : 19, "left" : null, "right" : null, "svalue" : 0, "sindex" : 0 },
			"Node_30" : { "leaf_value" : [ -2509.2607 ], "parent" : 19, "left" : null, "right" : null, "svalue" : 0, "sindex" : 0 },
			"Node_31" : { "leaf_value" : [ -2080.7754 ], "parent" : 23, "left" : null, "right" : null, "svalue" : 0, "sindex" : 0 },
			"Node_32" : { "leaf_value" : [ -97.455666 ], "parent" : 23, "left" : null, "right" : null, "svalue" : 0, "sindex" : 0 },
			"Node_33" : { "leaf_value" : [ -1854.1892 ], "parent" : 24, "left" : null, "right" : null, "svalue" : 0, "sindex" : 0 },
			"Node_34" : { "leaf_value" : [ -3890.0342 ], "parent" : 24, "left" : null, "right" : null, "svalue" : 0, "sindex" : 0 },
			"Node_35" : { "leaf_value" : [ 540.17114 ], "parent" : 26, "left" : null, "right" : null, "svalue" : 0, "sindex" : 0 },
			"Node_36" : { "leaf_value" : [ -2446.3943 ], "parent" : 26, "left" : null, "right" : null, "svalue" : 0, "sindex" : 0 }
		},
		"Tree_09" : {
			"Node_00" : { "leaf_value" : [ ], "parent" : null, "left" : 1, "right" : 2, "svalue" : -122.28, "sindex" : 0 },
			"Node_01" : { "leaf_value" : [ ], "parent" : 0, "left" : 3, "right" : 4, "svalue" : 195, "sindex" : 6 },
			"Node_02" : { "leaf_value" : [ ], "parent" : 0, "left" : 5, "right" : 6, "svalue" : 4.5823998, "sindex" : 7 },
			"Node_03" : { "leaf_value" : [ -7096.6865 ], "parent" : 1, "left" : null, "right" : null, "svalue" : 0, "sindex" : 0 },
			"Node_04" : { "leaf_value" : [ ], "parent" : 1, "left" : 7, "right" : 8, "svalue" : 50, "sindex" : 2 },
			"Node_05" : { "leaf_value" : [ ], "parent" : 2, "left" : 9, "right" : 10, "svalue" : 2.4890001, "sindex" : 7 },
			"Node_06" : { "leaf_value" : [ ], "parent" : 2, "left" : 11, "right" : 12, "svalue" : -122.22, "sindex" : 0 },
			"Node_07" : { "leaf_value" : [ 1484.6227 ], "parent" : 4, "left" : null, "right" : null, "svalue" : 0, "sindex" : 0 },
			"Node_08" : { "leaf_value" : [ -3474.856 ], "parent" : 4, "left" : null, "right" : null, "svalue" : 0, "sindex" : 0 },
			"Node_09" : { "leaf_value" : [ ], "parent" : 5, "left" : 13, "right" : 14, "svalue" : 950, "sindex" : 3 },
			"Node_10" : { "leaf_value" : [ ], "parent" : 5, "left" : 15, "right" : 16, "svalue" : 38, "sindex" : 2 },
			"Node_11" : { "leaf_value" : [ ], "parent" : 6, "left" : 17, "right" : 18, "svalue" : 52, "sindex" : 2 },
			"Node_12" : { "leaf_value" : [ ], "parent" : 6, "left" : 19, "right" : 20, "svalue" : 45, "sindex" : 2 },
			"Node_13" : { "leaf_value" : [ ], "parent" : 9, "left" : 21, "right" : 22, "svalue" : 52, "sindex" : 2 },
			"Node_14" : { "leaf_value" : [ ], "parent" : 9, "left" : 23, "right" : 24, "svalue" : 37.860001, "sindex" : 1 },
			"Node_15" : { "leaf_value" : [ ], "parent" : 10, "left" : 25, "right" : 26, "svalue" : -122.22, "sindex" : 0 },
			"Node_16" : { "leaf_value" : [ ], "parent" : 10, "left" : 27, "right" : 28, "svalue" : 37.860001, "sindex" : 1 },
			"Node_17" : { "leaf_value" : [ 139.14922 ], "parent" : 11, "left" : null, "right" : null, "svalue" : 0, "sindex" : 0 },
			"Node_18" : { "leaf_value" : [ ], "parent" : 11, "left" : 29, "right" : 30, "svalue" : -122.25, "sindex" : 0 },
			"Node_19" : { "leaf_value" : [ ], "parent" : 12, "left" : 31, "right" : 32, "svalue" : -122.19, "sindex" : 0 },
			"Node_20" : { "leaf_value" : [ -3699.0188 ], "parent" : 12, "left" : null, "right" : null, "svalue" : 0, "sindex" : 0 },
			"Node_21" : { "leaf_value" : [ ], "parent" : 13, "left" : 33, "right" : 34, "svalue" : 1.8516001, "sindex" : 7 },
			"Node_22" : { "leaf_value" : [ 6182.7676 ], "parent" : 13, "left" : null, "right" : null, "svalue" : 0, "sindex" : 0 },
			"Node_23" : { "leaf_value" : [ ], "parent" : 14, "left" : 35, "right" : 36, "svalue" : 1.8516001, "sindex" : 7 },
			"Node_24" : { "leaf_value" : [ -5471.8032 ], "parent" : 14, "left" : null, "right" : null, "svalue" : 0, "sindex" : 0 },
			"Node_25" : { "leaf_value" : [ 7371.6128 ], "parent" : 15, "left" : null, "right" : null, "svalue" : 0, "sindex" : 0 },
			"Node_26" : { "leaf_value" : [ 907.17578 ], "parent" : 15, "left" : null, "right" : null, "svalue" : 0, "sindex" : 0 },
			"Node_27" : { "leaf_value" : [ ], "parent" : 16, "left" : 37, "right" : 38, "svalue" : 987, "sindex" : 5 },
			"Node_28" : { "leaf_value" : [ ], "parent" : 16, "left" : 39, "right" : 40, "svalue" : 987, "sindex" : 5 },
			"Node_29" : { "leaf_value" : [ 4641.4194 ], "parent" : 18, "left" : null, "right" : null, "svalue" : 0, "sindex" : 0 },
			"Node_30" : { "leaf_value" : [ 8627.0586 ], "parent" : 18, "left" : null, "right" : null, "svalue" : 0, "sindex" : 0 },
			"Node_31" : { "leaf_value" : [ 807.68854 ], "parent" : 19, "left" : null, "right" : null, "svalue" : 0, "sindex" : 0 },
			"Node_32" : { "leaf_value" : [ 4732.9072 ], "parent" : 19, "left" : null, "right" : null, "svalue" : 0, "sindex" : 0 },
			"Node_33" : { "leaf_value" : [ -647.5022 ], "parent" : 21, "left" : null, "right" : null, "svalue" : 0, "sindex" : 0 },
			"Node_34" : { "leaf_value" : [ -4098.5483 ], "parent" : 21, "left" : null, "right" : null, "svalue" : 0, "sindex" : 0 },
			"Node_35" : { "leaf_value" : [ -2446.6248 ], "parent" : 23, "left" : null, "right" : null, "svalue" : 0, "sindex" : 0 },
			"Node_36" : { "leaf_value" : [ -561.52838 ], "parent" : 23, "left" : null, "right" : null, "svalue" : 0, "sindex" : 0 },
			"Node_37" : { "leaf_value" : [ 233.88934 ], "parent" : 27, "left" : null, "right" : null, "svalue" : 0, "sindex" : 0 },
			"Node_38" : { "leaf_value" : [ -2112.3213 ], "parent" : 27, "left" : null, "right" : null, "svalue" : 0, "sindex" : 0 },
			"Node_39" : { "leaf_value" : [ -481.08951 ], "parent" : 28, "left" : null, "right" : null, "svalue" : 0, "sindex" : 0 },
			"Node_40" : { "leaf_value" : [ 7174.3472 ], "parent" : 28, "left" : null, "right" : null, "svalue" : 0, "sindex" : 0 }
		},
		"Tree_10" : {
			"Node_00" : { "leaf_value" : [ ], "parent" : null, "left" : 1, "right" : 2, "svalue" : 37.860001, "sindex" : 1 },
			"Node_01" : { "leaf_value" : [ ], "parent" : 0, "left" : 3, "right" : 4, "svalue" : 1898, "sindex" : 3 },
			"Node_02" : { "leaf_value" : [ ], "parent" : 0, "left" : 5, "right" : 6, "svalue" : -122.25, "sindex" : 0 },
			"Node_03" : { "leaf_value" : [ ], "parent" : 1, "left" : 7, "right" : 8, "svalue" : 38, "sindex" : 2 },
			"Node_04" : { "leaf_value" : [ ], "parent" : 1, "left" : 9, "right" : 10, "svalue" : 52, "sindex" : 2 },
			"Node_05" : { "leaf_value" : [ ], "parent" : 2, "left" : 11, "right" : 12, "svalue" : 3.075, "sindex" : 7 },
			"Node_06" : { "leaf_value" : [ 14269.462 ], "parent" : 2, "left" : null, "right" : null, "svalue" : 0, "sindex" : 0 },
			"Node_07" : { "leaf_value" : [ ], "parent" : 3, "left" : 13, "right" : 14, "svalue" : 3.075, "sindex" : 7 },
			"Node_08" : { "leaf_value" : [ ], "parent" : 3, "left" : 15, "right" : 16, "svalue" : 4.5823998, "sindex" : 7 },
			"Node_09" : { "leaf_value" : [ ], "parent" : 4, "left" : 17, "right" : 18, "svalue" : 2492, "sindex" : 3 },
			"Node_10" : { "leaf_value" : [ ], "parent" : 4, "left" : 19, "right" : 20, "svalue" : 987, "sindex" : 5 },
			"Node_11" : { "leaf_value" : [ ], "parent" : 5, "left" : 21, "right" : 22, "svalue" : 45, "sindex" : 2 },
			"Node_12" : { "leaf_value" : [ ], "parent" : 5, "left" : 23, "right" : 24, "svalue" : -122.28, "sindex" : 0 },
			"Node_13" : { "leaf_value" : [ ], "parent" : 7, "left" : 25, "right" : 26, "svalue" : 282, "sindex" : 6 },
			"Node_14" : { "leaf_value" : [ 3613.5183 ], "parent" : 7, "left" : null, "right" : null, "svalue" : 0, "sindex" : 0 },
			"Node_15" : { "leaf_value" : [ ], "parent" : 8, "left" : 27, "right" : 28, "svalue" : 534, "sindex" : 5 },
			"Node_16" : { "leaf_value" : [ -6937.0234 ], "parent" : 8, "left" : null, "right" : null, "svalue" : 0, "sindex" : 0 },
			"Node_17" : { "leaf_value" : [ ], "parent" : 9, "left" : 29, "right" : 30, "svalue" : 45, "sindex" : 2 },
			"Node_18" : { "leaf_value" : [ ], "parent" : 9, "left" : 31, "right" : 32, "svalue" : 45, "sindex" : 2 },
			"Node_19" : { "leaf_value" : [ 5467.792 ], "parent" : 10, "left" : null, "right" : null, "svalue" : 0, "sindex" : 0 },
			"Node_20" : { "leaf_value" : [ ], "parent" : 10, "left" : 33, "right" : 34, "svalue" : 530, "sindex" : 4 },
			"Node_21" : { "leaf_value" : [ 1843.0394 ], "parent" : 11, "left" : null, "right" : null, "svalue" : 0, "sindex" : 0 },
			"Node_22" : { "leaf_value" : [ ], "parent" : 11, "left" : 35, "right" : 36, "svalue" : 2.4890001, "sindex" : 7 },
			"Node_23" : { "leaf_value" : [ -1584.5886 ], "parent" : 12, "left" : null, "right" : null, "svalue" : 0, "sindex" : 0 },
			"Node_24" : { "leaf_value" : [ ], "parent" : 12, "left" : 37, "right" : 38, "svalue" : 408, "sindex" : 4 },
			"Node_25" : { "leaf_value" : [ -2423.4761 ], "parent" : 13, "left" : null, "right" : null, "svalue" : 0, "sindex" : 0 },
			"Node_26" : { "leaf_value" : [ 2338.2261 ], "parent" : 13, "left" : null, "right" : null, "svalue" : 0, "sindex" : 0 },
			"Node_27" : { "leaf_value" : [ ], "parent" : 15, "left" : 39, "right" : 40, "svalue" : 1.8516001, "sindex" : 7 },
			"Node_28" : { "leaf_value" : [ ], "parent" : 15, "left" : 41, "right" : 42, "svalue" : -122.25, "sindex" : 0 },
			"Node_29" : { "leaf_value" : [ ], "parent" : 17, "left" : 43, "right" : 44, "svalue" : 1297, "sindex" : 5 },
			"Node_30" : { "leaf_value" : [ ], "parent" : 17, "left" : 45, "right" : 46, "svalue" : 2.4890001, "sindex" : 7 },
			"Node_31" : { "leaf_value" : [ ], "parent" : 18, "left" : 47, "right" : 48, "svalue" : 2.4890001, "sindex" : 7 },
			"Node_32" : { "leaf_value" : [ -2237.9297 ], "parent" : 18, "left" : null, "right" : null, "svalue" : 0, "sindex" : 0 },
			"Node_33" : { "leaf_value" : [ 3361.4636 ], "parent" : 20, "left" : null, "right" : null, "svalue" : 0, "sindex" : 0 },
			"Node_34" : { "leaf_value" : [ -1101.887 ], "parent" : 20, "left" : null, "right" : null, "svalue" : 0, "sindex" : 0 },
			"Node_35" : { "leaf_value" : [ -6030.5942 ], "parent" : 22, "left" : null, "right" : null, "svalue" : 0, "sindex" : 0 },
			"Node_36" : { "leaf_value" : [ -2828.0837 ], "parent" : 22, "left" : null, "right" : null, "svalue" : 0, "sindex" : 0 },
			"Node_37" : { "leaf_value" : [ 3757.2527 ], "parent" : 24, "left" : null, "right" : null, "svalue" : 0, "sindex" : 0 },
			"Node_38" : { "leaf_value" : [ 1580.0616 ], "parent" : 24, "left" : null, "right" : null, "svalue" : 0, "sindex" : 0 },
			"Node_39" : { "leaf_value" : [ 3350.1062 ], "parent" : 27, "left" : null, "right" : null, "svalue" : 0, "sindex" : 0 },
			"Node_40" : { "leaf_value" : [ -2128.1526 ], "parent" : 27, "left" : null, "right" : null, "svalue" : 0, "sindex" : 0 },
			"Node_41" : { "leaf_value" : [ -3365.4158 ], "parent" : 28, "left" : null, "right" : null, "svalue" : 0, "sindex" : 0 },
			"Node_42" : { "leaf_value" : [ -1059.0123 ], "parent" : 28, "left" : null, "right" : null, "svalue" : 0, "sindex" : 0 },
			"Node_43" : { "leaf_value" : [ -5627.0264 ], "parent" : 29, "left" : null, "right" : null, "svalue" : 0, "sindex" : 0 },
			"Node_44" : { "leaf_value" : [ -1153.6296 ], "parent" : 29, "left" : null, "right" : null, "svalue" : 0, "sindex" : 0 },
			"Node_45" : { "leaf_value" : [ 1218.473 ], "parent" : 30, "left" : null, "right" : null, "svalue" : 0, "sindex" : 0 },
			"Node_46" : { "leaf_value" : [ -160.39923 ], "parent" : 30, "left" : null, "right" : null, "svalue" : 0, "sindex" : 0 },
			"Node_47" : { "leaf_value" : [ -380.18402 ], "parent" : 31, "left" : null, "right" : null, "svalue" : 0, "sindex" : 0 },
			"Node_48" : { "leaf_value" : [ 2988.0242 ], "parent" : 31, "left" : null, "right" : null, "svalue" : 0, "sindex" : 0 }
		},
		"Tree_11" : {
			"Node_00" : { "leaf_value" : [ ], "parent" : null, "left" : 1, "right" : 2, "svalue" : -122.28, "sindex" : 0 },
			"Node_01" : { "leaf_value" : [ ], "parent" : 0, "left" : 3, "right" : 4, "svalue" : 2.4890001, "sindex" : 7 },
			"Node_02" : { "leaf_value" : [ ], "parent" : 0, "left" : 5, "right" : 6, "svalue" : 37.860001, "sindex" : 1 },
			"Node_03" : { "leaf_value" : [ ], "parent" : 1, "left" : 7, "right" : 8, "svalue" : 950, "sindex" : 3 },
			"Node_04" : { "leaf_value" : [ ], "parent" : 1, "left" : 9, "right" : 10, "svalue" : 3.075, "sindex" : 7 },
			"Node_05" : { "leaf_value" : [ ], "parent" : 2, "left" : 11, "right" : 12, "svalue" : 2492, "sindex" : 3 },
			"Node_06" : { "leaf_value" : [ ], "parent" : 2, "left" : 13, "right" : 14, "svalue" : -122.25, "sindex" : 0 },
			"Node_07" : { "leaf_value" : [ 237.52138 ], "parent" : 3, "left" : null, "right" : null, "svalue" : 0, "sindex" : 0 },
			"Node_08" : { "leaf_value" : [ 2837.3169 ], "parent" : 3, "left" : null, "right" : null, "svalue" : 0, "sindex" : 0 },
			"Node_09" : { "leaf_value" : [ -1811.6517 ], "parent" : 4, "left" : null, "right" : null, "svalue" : 0, "sindex" : 0 },
			"Node_10" : { "leaf_value" : [ ], "parent" : 4, "left" : 15, "right" : 16, "svalue" : 768, "sindex" : 5 },
			"Node_11" : { "leaf_value" : [ ], "parent" : 5, "left" : 17, "right" : 18, "svalue" : 37.82, "sindex" : 1 },
			"Node_12" : { "leaf_value" : [ ], "parent" : 5, "left" : 19, "right" : 20, "svalue" : 530, "sindex" : 4 },
			"Node_13" : { "leaf_value" : [ ], "parent" : 6, "left" : 21, "right" : 22, "svalue" : 2.4890001, "sindex" : 7 },
			"Node_14" : { "leaf_value" : [ 10256.177 ], "parent" : 6, "left" : null, "right" : null, "svalue" : 0, "sindex" : 0 },
			"Node_15" : { "leaf_value" : [ -5968.5068 ], "parent" : 10, "left" : null, "right" : null, "svalue" : 0, "sindex" : 0 },
			"Node_16" : { "leaf_value" : [ -3492.3467 ], "parent" : 10, "left" : null, "right" : null, "svalue" : 0, "sindex" : 0 },
			"Node_17" : { "leaf_value" : [ ], "parent" : 11, "left" : 23, "right" : 24, "svalue" : 37.799999, "sindex" : 1 },
			"Node_18" : { "leaf_value" : [ ], "parent" : 11, "left" : 25, "right" : 26, "svalue" : 52, "sindex" : 2 },
			"Node_19" : { "leaf_value" : [ 4540.7964 ], "parent" : 12, "left" : null, "right" : null, "svalue" : 0, "sindex" : 0 },
			"Node_20" : { "leaf_value" : [ ], "parent" : 12, "left" : 27, "right" : 28, "svalue" : 38, "sindex" : 2 },
			"Node_21" : { "leaf_value" : [ -5969.5601 ], "parent" : 13, "left" : null, "right" : null, "svalue" : 0, "sindex" : 0 },
			"Node_22" : { "leaf_value" : [ ], "parent" : 13, "left" : 29, "right" : 30, "svalue" : 3.075, "sindex" : 7 },
			"Node_23" : { "leaf_value" : [ ], "parent" : 17, "left" : 31, "right" : 32, "svalue" : 38, "sindex" : 2 },
			"Node_24" : { "leaf_value" : [ ], "parent" : 17, "left" : 33, "right" : 34, "svalue" : 987, "sindex" : 5 },
			"Node_25" : { "leaf_value" : [ ], "parent" : 18, "left" : 35, "right" : 36, "svalue" : 300, "sindex" : 4 },
			"Node_26" : { "leaf_value" : [ ], "parent" : 18, "left" : 37, "right" : 38, "svalue" : 1.8516001, "sindex" : 7 },
			"Node_27" : { "leaf_value" : [ 2900.8496 ], "parent" : 20, "left" : null, "right" : null, "svalue" : 0, "sindex" : 0 },
			"Node_28" : { "leaf_value" : [ ], "parent" : 20, "left" : 39, "right" : 40, "svalue" : 3.075, "sindex" : 7 },
			"Node_29" : { "leaf_value" : [ -589.90167 ], "parent" : 22, "left" : null, "right" : null, "svalue" : 0, "sindex" : 0 },
			"Node_30" : { "leaf_value" : [ ], "parent" : 22, "left" : 41, "right" : 42, "svalue" : 4.5823998, "sindex" : 7 },
			"Node_31" : { "leaf_value" : [ 683.32196 ], "parent" : 23, "left" : null, "right" : null, "svalue" : 0, "sindex" : 0 },
			"Node_32" : { "leaf_value" : [ -1005.6983 ], "parent" : 23, "left" : null, "right" : null, "svalue" : 0, "sindex" : 0 },
			"Node_33" : { "leaf_value" : [ 2725.9429 ], "parent" : 24, "left" : null, "right" : null, "svalue" : 0, "sindex" : 0 },
			"Node_34" : { "leaf_value" : [ -1329.9238 ], "parent" : 24, "left" : null, "right" : null, "svalue" : 0, "sindex" : 0 },
			"Node_35" : { "leaf_value" : [ -1523.7736 ], "parent" : 25, "left" : null, "right" : null, "svalue" : 0, "sindex" : 0 },
			"Node_36" : { "leaf_value" : [ 313.63266 ], "parent" : 25, "left" : null, "right" : null, "svalue" : 0, "sindex" : 0 },
			"Node_37" : { "leaf_value" : [ -6267.3853 ], "parent" : 26, "left" : null, "right" : null, "svalue" : 0, "sindex" : 0 },
			"Node_38" : { "leaf_value" : [ -1396.8164 ], "parent" : 26, "left" : null, "right" : null, "svalue" : 0, "sindex" : 0 },
			"Node_39" : { "leaf_value" : [ -3000.7449 ], "parent" : 28, "left" : null, "right" : null, "svalue" : 0, "sindex" : 0 },
			"Node_40" : { "leaf_value" : [ -250.56813 ], "parent" : 28, "left" : null, "right" : null, "svalue" : 0, "sindex" : 0 },
			"Node_41" : { "leaf_value" : [ 1255.5897 ], "parent" : 30, "left" : null, "right" : null, "svalue" : 0, "sindex" : 0 },
			"Node_42" : { "leaf_value" : [ 2971.5081 ], "parent" : 30, "left" : null, "right" : null, "svalue" : 0, "sindex" : 0 }
		},
		"Tree_12" : {
			"Node_00" : { "leaf_value" : [ ], "parent" : null, "left" : 1, "right" : 2, "svalue" : 37.860001, "sindex" : 1 },
			"Node_01" : { "leaf_value" : [ ], "parent" : 0, "left" : 3, "right" : 4, "svalue" : -122.28, "sindex" : 0 },
			"Node_02" : { "leaf_value" : [ ], "parent" : 0, "left" : 5, "right" : 6, "svalue" : -122.25, "sindex" : 0 },
			"Node_03" : { "leaf_value" : [ ], "parent" : 1, "left" : 7, "right" : 8, "svalue" : 1.8516001, "sindex" : 7 },
			"Node_04" : { "leaf_value" : [ ], "parent" : 1, "left" : 9, "right" : 10, "svalue" : 2492, "sindex" : 3 },
			"Node_05" : { "leaf_value" : [ ], "parent" : 2, "left" : 11, "right" : 12, "svalue" : 1297, "sindex" : 5 },
			"Node_06" : { "leaf_value" : [ 7371.6226 ], "parent" : 2, "left" : null, "right" : null, "svalue" : 0, "sindex" : 0 },
			"Node_07" : { "leaf_value" : [ -913.45294 ], "parent" : 3, "left" : null, "right" : null, "svalue" : 0, "sindex" : 0 },
			"Node_08" : { "leaf_value" : [ -5829.8369 ], "parent" : 3, "left" : null, "right" : null, "svalue" : 0, "sindex" : 0 },
			"Node_09" : { "leaf_value" : [ ], "parent" : 4, "left" : 13, "right" : 14, "svalue" : 37.82, "sindex" : 1 },
			"Node_10" : { "leaf_value" : [ ], "parent" : 4, "left" : 15, "right" : 16, "svalue" : 3.075, "sindex" : 7 },
			"Node_11" : { "leaf_value" : [ ], "parent" : 5, "left" : 17, "right" : 18, "svalue" : 2492, "sindex" : 3 },
			"Node_12" : { "leaf_value" : [ -3104.2451 ], "parent" : 5, "left" : null, "right" : null, "svalue" : 0, "sindex" : 0 },
			"Node_13" : { "leaf_value" : [ ], "parent" : 9, "left" : 19, "right" : 20, "svalue" : 37.799999, "sindex" : 1 },
			"Node_14" : { "leaf_value" : [ ], "parent" : 9, "left" : 21, "right" : 22, "svalue" : 987, "sindex" : 5 },
			"Node_15" : { "leaf_value" : [ ], "parent" : 10, "left" : 23, "right" : 24, "svalue" : 38, "sindex" : 2 },
			"Node_16" : { "leaf_value" : [ ], "parent" : 10, "left" : 25, "right" : 26, "svalue" : 1297, "sindex" : 5 },
			"Node_17" : { "leaf_value" : [ ], "parent" : 11, "left" : 27, "right" : 28, "svalue" : 282, "sindex" : 6 },
			"Node_18" : { "leaf_value" : [ 3415.928 ], "parent" : 11, "left" : null, "right" : null, "svalue" : 0, "sindex" : 0 },
			"Node_19" : { "leaf_value" : [ ], "parent" : 13, "left" : 29, "right" : 30, "svalue" : 38, "sindex" : 2 },
			"Node_20" : { "leaf_value" : [ ], "parent" : 13, "left" : 31, "right" : 32, "svalue" : 52, "sindex" : 2 },
			"Node_21" : { "leaf_value" : [ ], "parent" : 14, "left" : 33, "right" : 34, "svalue" : 4.5823998, "sindex" : 7 },
			"Node_22" : { "leaf_value" : [ -3349.9172 ], "parent" : 14, "left" : null, "right" : null, "svalue" : 0, "sindex" : 0 },
			"Node_23" : { "leaf_value" : [ 775.67017 ], "parent" : 15, "left" : null, "right" : null, "svalue" : 0, "sindex" : 0 },
			"Node_24" : { "leaf_value" : [ -2156.7844 ], "parent" : 15, "left" : null, "right" : null, "svalue" : 0, "sindex" : 0 },
			"Node_25" : { "leaf_value" : [ ], "parent" : 16, "left" : 35, "right" : 36, "svalue" : 50, "sindex" : 2 },
			"Node_26" : { "leaf_value" : [ 3826.9109 ], "parent" : 16, "left" : null, "right" : null, "svalue" : 0, "sindex" : 0 },
			"Node_27" : { "leaf_value" : [ ], "parent" : 17, "left" : 37, "right" : 38, "svalue" : 207, "sindex" : 4 },
			"Node_28" : { "leaf_value" : [ ], "parent" : 17, "left" : 39, "right" : 40, "svalue" : 376, "sindex" : 6 },
			"Node_29" : { "leaf_value" : [ 484.02029 ], "parent" : 19, "left" : null, "right" : null, "svalue" : 0, "sindex" : 0 },
			"Node_30" : { "leaf_value" : [ -706.14435 ], "parent" : 19, "left" : null, "right" : null, "svalue" : 0, "sindex" : 0 },
			"Node_31" : { "leaf_value" : [ -409.84097 ], "parent" : 20, "left" : null, "right" : null, "svalue" : 0, "sindex" : 0 },
			"Node_32" : { "leaf_value" : [ 2674.458 ], "parent" : 20, "left" : null, "right" : null, "svalue" : 0, "sindex" : 0 },
			"Node_33" : { "leaf_value" : [ -1.4563543 ], "parent" : 21, "left" : null, "right" : null, "svalue" : 0, "sindex" : 0 },
			"Node_34" : { "leaf_value" : [ -2978.3657 ], "parent" : 21, "left" : null, "right" : null, "svalue" : 0, "sindex" : 0 },
			"Node_35" : { "leaf_value" : [ 3269.2522 ], "parent" : 25, "left" : null, "right" : null, "svalue" : 0, "sindex" : 0 },
			"Node_36" : { "leaf_value" : [ -668.97815 ], "parent" : 25, "left" : null, "right" : null, "svalue" : 0, "sindex" : 0 },
			"Node_37" : { "leaf_value" : [ -1746.5951 ], "parent" : 27, "left" : null, "right" : null, "svalue" : 0, "sindex" : 0 },
			"Node_38" : { "leaf_value" : [ 5231.0566 ], "parent" : 27, "left" : null, "right" : null, "svalue" : 0, "sindex" : 0 },
			"Node_39" : { "leaf_value" : [ -2542.6545 ], "parent" : 28, "left" : null, "right" : null, "svalue" : 0, "sindex" : 0 },
			"Node_40" : { "leaf_value" : [ 640.68213 ], "parent" : 28, "left" : null, "right" : null, "svalue" : 0, "sindex" : 0 }
		},
		"Tree_13" : {
			"Node_00" : { "leaf_value" : [ ], "parent" : null, "left" : 1, "right" : 2, "svalue" : 37.860001, "sindex" : 1 },
			"Node_01" : { "leaf_value" : [ ], "parent" : 0, "left" : 3, "right" : 4, "svalue" : -122.28, "sindex" : 0 },
			"Node_02" : { "leaf_value" : [ ], "parent" : 0, "left" : 5, "right" : 6, "svalue" : -122.25, "sindex" : 0 },
			"Node_03" : { "leaf_value" : [ ], "parent" : 1, "left" : 7, "right" : 8, "svalue" : 1.8516001, "sindex" : 7 },
			"Node_04" : { "leaf_value" : [ ], "parent" : 1, "left" : 9, "right" : 10, "svalue" : 1898, "sindex" : 3 },
			"Node_05" : { "leaf_value" : [ ], "parent" : 2, "left" : 11, "right" : 12, "svalue" : 1297, "sindex" : 5 },
			"Node_06" : { "leaf_value" : [ 5298.353 ], "parent" : 2, "left" : null, "right" : null, "svalue" : 0, "sindex" : 0 },
			"Node_07" : { "leaf_value" : [ -664.32935 ], "parent" : 3, "left" : null, "right" : null, "svalue" : 0, "sindex" : 0 },
			"Node_08" : { "leaf_value" : [ -4239.8804 ], "parent" : 3, "left" : null, "right" : null, "svalue" : 0, "sindex" : 0 },
			"Node_09" : { "leaf_value" : [ ], "parent" : 4, "left" : 13, "right" : 14, "svalue" : -122.19, "sindex" : 0 },
			"Node_10" : { "leaf_value" : [ ], "parent" : 4, "left" : 15, "right" : 16, "svalue" : 376, "sindex" : 6 },
			"Node_11" : { "leaf_value" : [ ], "parent" : 5, "left" : 17, "right" : 18, "svalue" : 2.4890001, "sindex" : 7 },
			"Node_12" : { "leaf_value" : [ -2221.9846 ], "parent" : 5, "left" : null, "right" : null, "svalue" : 0, "sindex" : 0 },
			"Node_13" : { "leaf_value" : [ ], "parent" : 9, "left" : 19, "right" : 20, "svalue" : 1.8516001, "sindex" : 7 },
			"Node_14" : { "leaf_value" : [ ], "parent" : 9, "left" : 21, "right" : 22, "svalue" : 207, "sindex" : 4 },
			"Node_15" : { "leaf_value" : [ ], "parent" : 10, "left" : 23, "right" : 24, "svalue" : 37.82, "sindex" : 1 },
			"Node_16" : { "leaf_value" : [ ], "parent" : 10, "left" : 25, "right" : 26, "svalue" : 52, "sindex" : 2 },
			"Node_17" : { "leaf_value" : [ -2005.4237 ], "parent" : 11, "left" : null, "right" : null, "svalue" : 0, "sindex" : 0 },
			"Node_18" : { "leaf_value" : [ ], "parent" : 11, "left" : 27, "right" : 28, "svalue" : 4.5823998, "sindex" : 7 },
			"Node_19" : { "leaf_value" : [ ], "parent" : 13, "left" : 29, "right" : 30, "svalue" : 37.82, "sindex" : 1 },
			"Node_20" : { "leaf_value" : [ ], "parent" : 13, "left" : 31, "right" : 32, "svalue" : 207, "sindex" : 4 },
			"Node_21" : { "leaf_value" : [ ], "parent" : 14, "left" : 33, "right" : 34, "svalue" : 38, "sindex" : 2 },
			"Node_22" : { "leaf_value" : [ ], "parent" : 14, "left" : 35, "right" : 36, "svalue" : 37.77, "sindex" : 1 },
			"Node_23" : { "leaf_value" : [ 1704.4639 ], "parent" : 15, "left" : null, "right" : null, "svalue" : 0, "sindex" : 0 },
			"Node_24" : { "leaf_value" : [ 4066.2637 ], "parent" : 15, "left" : null, "right" : null, "svalue" : 0, "sindex" : 0 },
			"Node_25" : { "leaf_value" : [ ], "parent" : 16, "left" : 37, "right" : 38, "svalue" : 37.82, "sindex" : 1 },
			"Node_26" : { "leaf_value" : [ ], "parent" : 16, "left" : 39, "right" : 40, "svalue" : 530, "sindex" : 4 },
			"Node_27" : { "leaf_value" : [ ], "parent" : 18, "left" : 41, "right" : 42, "svalue" : 768, "sindex" : 5 },
			"Node_28" : { "leaf_value" : [ ], "parent" : 18, "left" : 43, "right" : 44, "svalue" : 768, "sindex" : 5 },
			"Node_29" : { "leaf_value" : [ 2100.1138 ], "parent" : 19, "left" : null, "right" : null, "svalue" : 0, "sindex" : 0 },
			"Node_30" : { "leaf_value" : [ -1576.6609 ], "parent" : 19, "left" : null, "right" : null, "svalue" : 0, "sindex" : 0 },
			"Node_31" : { "leaf_value" : [ -4492.873 ], "parent" : 20, "left" : null, "right" : null, "svalue" : 0, "sindex" : 0 },
			"Node_32" : { "leaf_value" : [ -672.80627 ], "parent" : 20, "left" : null, "right" : null, "svalue" : 0, "sindex" : 0 },
			"Node_33" : { "leaf_value" : [ 4955.7178 ], "parent" : 21, "left" : null, "right" : null, "svalue" : 0, "sindex" : 0 },
			"Node_34" : { "leaf_value" : [ 916.12598 ], "parent" : 21, "left" : null, "right" : null, "svalue" : 0, "sindex" : 0 },
			"Node_35" : { "leaf_value" : [ -1710.9122 ], "parent" : 22, "left" : null, "right" : null, "svalue" : 0, "sindex" : 0 },
			"Node_36" : { "leaf_value" : [ 1432.5332 ], "parent" : 22, "left" : null, "right" : null, "svalue" : 0, "sindex" : 0 },
			"Node_37" : { "leaf_value" : [ 259.25192 ], "parent" : 25, "left" : null, "right" : null, "svalue" : 0, "sindex" : 0 },
			"Node_38" : { "leaf_value" : [ -3192.4451 ], "parent" : 25, "left" : null, "right" : null, "svalue" : 0, "sindex" : 0 },
			"Node_39" : { "leaf_value" : [ 2866.1523 ], "parent" : 26, "left" : null, "right" : null, "svalue" : 0, "sindex" : 0 },
			"Node_40" : { "leaf_value" : [ 231.54376 ], "parent" : 26, "left" : null, "right" : null, "svalue" : 0, "sindex" : 0 },
			"Node_41" : { "leaf_value" : [ 3198.4666 ], "parent" : 27, "left" : null, "right" : null, "svalue" : 0, "sindex" : 0 },
			"Node_42" : { "leaf_value" : [ 691.03546 ], "parent" : 27, "left" : null, "right" : null, "svalue" : 0, "sindex" : 0 },
			"Node_43" : { "leaf_value" : [ -1417.554 ], "parent" : 28, "left" : null, "right" : null, "svalue" : 0, "sindex" : 0 },
			"Node_44" : { "leaf_value" : [ -101.57668 ], "parent" : 28, "left" : null, "right" : null, "svalue" : 0, "sindex" : 0 }
		},
		"Tree_14" : {
			"Node_00" : { "leaf_value" : [ ], "parent" : null, "left" : 1, "right" : 2, "svalue" : 4.5823998, "sindex" : 7 },
			"Node_01" : { "leaf_value" : [ ], "parent" : 0, "left" : 3, "right" : 4, "svalue" : 37.860001, "sindex" : 1 },
			"Node_02" : { "leaf_value" : [ ], "parent" : 0, "left" : 5, "right" : 6, "svalue" : -122.19, "sindex" : 0 },
			"Node_03" : { "leaf_value" : [ ], "parent" : 1, "left" : 7, "right" : 8, "svalue" : 987, "sindex" : 5 },
			"Node_04" : { "leaf_value" : [ ], "parent" : 1, "left" : 9, "right" : 10, "svalue" : 1.8516001, "sindex" : 7 },
			"Node_05" : { "leaf_value" : [ ], "parent" : 2, "left" : 11, "right" : 12, "svalue" : 52, "sindex" : 2 },
			"Node_06" : { "leaf_value" : [ ], "parent" : 2, "left" : 13, "right" : 14, "svalue" : 37.77, "sindex" : 1 },
			"Node_07" : { "leaf_value" : [ ], "parent" : 3, "left" : 15, "right" : 16, "svalue" : 282, "sindex" : 6 },
			"Node_08" : { "leaf_value" : [ ], "parent" : 3, "left" : 17, "right" : 18, "svalue" : -122.19, "sindex" : 0 },
			"Node_09" : { "leaf_value" : [ 4596.5596 ], "parent" : 4, "left" : null, "right" : null, "svalue" : 0, "sindex" : 0 },
			"Node_10" : { "leaf_value" : [ ], "parent" : 4, "left" : 19, "right" : 20, "svalue" : 2.4890001, "sindex" : 7 },
			"Node_11" : { "leaf_value" : [ ], "parent" : 5, "left" : 21, "right" : 22, "svalue" : -122.22, "sindex" : 0 },
			"Node_12" : { "leaf_value" : [ ], "parent" : 5, "left" : 23, "right" : 24, "svalue" : 408, "sindex" : 4 },
			"Node_13" : { "leaf_value" : [ -1344.0511 ], "parent" : 6, "left" : null, "right" : null, "svalue" : 0, "sindex" : 0 },
			"Node_14" : { "leaf_value" : [ 3448.5815 ], "parent" : 6, "left" : null, "right" : null, "svalue" : 0, "sindex" : 0 },
			"Node_15" : { "leaf_value" : [ ], "parent" : 7, "left" : 25, "right" : 26, "svalue" : 2.4890001, "sindex" : 7 },
			"Node_16" : { "leaf_value" : [ ], "parent" : 7, "left" : 27, "right" : 28, "svalue" : 3.075, "sindex" : 7 },
			"Node_17" : { "leaf_value" : [ ], "parent" : 8, "left" : 29, "right" : 30, "svalue" : 37.82, "sindex" : 1 },
			"Node_18" : { "leaf_value" : [ ], "parent" : 8, "left" : 31, "right" : 32, "svalue" : 37.77, "sindex" : 1 },
			"Node_19" : { "leaf_value" : [ -2644.8149 ], "parent" : 10, "left" : null, "right" : null, "svalue" : 0, "sindex" : 0 },
			"Node_20" : { "leaf_value" : [ ], "parent" : 10, "left" : 33, "right" : 34, "svalue" : 2492, "sindex" : 3 },
			"Node_21" : { "leaf_value" : [ -7872.8521 ], "parent" : 11, "left" : null, "right" : null, "svalue" : 0, "sindex" : 0 },
			"Node_22" : { "leaf_value" : [ -1327.5435 ], "parent" : 11, "left" : null, "right" : null, "svalue" : 0, "sindex" : 0 },
			"Node_23" : { "leaf_value" : [ ], "parent" : 12, "left" : 35, "right" : 36, "svalue" : 768, "sindex" : 5 },
			"Node_24" : { "leaf_value" : [ -2296.4375 ], "parent" : 12, "left" : null, "right" : null, "svalue" : 0, "sindex" : 0 },
			"Node_25" : { "leaf_value" : [ ], "parent" : 15, "left" : 37, "right" : 38, "svalue" : 207, "sindex" : 4 },
			"Node_26" : { "leaf_value" : [ ], "parent" : 15, "left" : 39, "right" : 40, "svalue" : 768, "sindex" : 5 },
			"Node_27" : { "leaf_value" : [ ], "parent" : 16, "left" : 41, "right" : 42, "svalue" : 408, "sindex" : 4 },
			"Node_28" : { "leaf_value" : [ ], "parent" : 16, "left" : 43, "right" : 44, "svalue" : -122.19, "sindex" : 0 },
			"Node_29" : { "leaf_value" : [ ], "parent" : 17, "left" : 45, "right" : 46, "svalue" : 2492, "sindex" : 3 },
			"Node_30" : { "leaf_value" : [ ], "parent" : 17, "left" : 47, "right" : 48, "svalue" : 2.4890001, "sindex" : 7 },
			"Node_31" : { "leaf_value" : [ -224.82877 ], "parent" : 18, "left" : null, "right" : null, "svalue" : 0, "sindex" : 0 },
			"Node_32" : { "leaf_value" : [ -3939.5085 ], "parent" : 18, "left" : null, "right" : null, "svalue" : 0, "sindex" : 0 },
			"Node_33" : { "leaf_value" : [ ], "parent" : 20, "left" : 49, "right" : 50, "svalue" : 376, "sindex" : 6 },
			"Node_34" : { "leaf_value" : [ -1140.8784 ], "parent" : 20, "left" : null, "right" : null, "svalue" : 0, "sindex" : 0 },
			"Node_35" : { "leaf_value" : [ ], "parent" : 23, "left" : 51, "right" : 52, "svalue" : -122.25, "sindex" : 0 },
			"Node_36" : { "leaf_value" : [ 3409.6724 ], "parent" : 23, "left" : null, "right" : null, "svalue" : 0, "sindex" : 0 },
			"Node_37" : { "leaf_value" : [ -95.409836 ], "parent" : 25, "left" : null, "right" : null, "svalue" : 0, "sindex" : 0 },
			"Node_38" : { "leaf_value" : [ -2265.1804 ], "parent" : 25, "left" : null, "right" : null, "svalue" : 0, "sindex" : 0 },
			"Node_39" : { "leaf_value" : [ 941.85999 ], "parent" : 26, "left" : null, "right" : null, "svalue" : 0, "sindex" : 0 },
			"Node_40" : { "leaf_value" : [ -1497.8315 ], "parent" : 26, "left" : null, "right" : null, "svalue" : 0, "sindex" : 0 },
			"Node_41" : { "leaf_value" : [ 1590.6906 ], "parent" : 27, "left" : null, "right" : null, "svalue" : 0, "sindex" : 0 },
			"Node_42" : { "leaf_value" : [ 4604.5229 ], "parent" : 27, "left" : null, "right" : null, "svalue" : 0, "sindex" : 0 },
			"Node_43" : { "leaf_value" : [ -2156.1819 ], "parent" : 28, "left" : null, "right" : null, "svalue" : 0, "sindex" : 0 },
			"Node_44" : { "leaf_value" : [ 1223.2515 ], "parent" : 28, "left" : null, "right" : null, "svalue" : 0, "sindex" : 0 },
			"Node_45" : { "leaf_value" : [ 36.84565 ], "parent" : 29, "left" : null, "right" : null, "svalue" : 0, "sindex" : 0 },
			"Node_46" : { "leaf_value" : [ 1220.0071 ], "parent" : 29, "left" : null, "right" : null, "svalue" : 0, "sindex" : 0 },
			"Node_47" : { "leaf_value" : [ 996.66742 ], "parent" : 30, "left" : null, "right" : null, "svalue" : 0, "sindex" : 0 },
			"Node_48" : { "leaf_value" : [ -2899.3276 ], "parent" : 30, "left" : null, "right" : null, "svalue" : 0, "sindex" : 0 },
			"Node_49" : { "leaf_value" : [ 425.86911 ], "parent" : 33, "left" : null, "right" : null, "svalue" : 0, "sindex" : 0 },
			"Node_50" : { "leaf_value" : [ 5961.6064 ], "parent" : 33, "left" : null, "right" : null, "svalue" : 0, "sindex" : 0 },
			"Node_51" : { "leaf_value" : [ -1388.8773 ], "parent" : 35, "left" : null, "right" : null, "svalue" : 0, "sindex" : 0 },
			"Node_52" : { "leaf_value" : [ 592.30963 ], "parent" : 35, "left" : null, "right" : null, "svalue" : 0, "sindex" : 0 }
		},
		"Tree_15" : {
			"Node_00" : { "leaf_value" : [ ], "parent" : null, "left" : 1, "right" : 2, "svalue" : 195, "sindex" : 6 },
			"Node_01" : { "leaf_value" : [ ], "parent" : 0, "left" : 3, "right" : 4, "svalue" : -122.19, "sindex" : 0 },
			"Node_02" : { "leaf_value" : [ ], "parent" : 0, "left" : 5, "right" : 6, "svalue" : -122.22, "sindex" : 0 },
			"Node_03" : { "leaf_value" : [ ], "parent" : 1, "left" : 7, "right" : 8, "svalue" : 3.075, "sindex" : 7 },
			"Node_04" : { "leaf_value" : [ ], "parent" : 1, "left" : 9, "right" : 10, "svalue" : 38, "sindex" : 2 },
			"Node_05" : { "leaf_value" : [ ], "parent" : 2, "left" : 11, "right" : 12, "svalue" : 282, "sindex" : 6 },
			"Node_06" : { "leaf_value" : [ ], "parent" : 2, "left" : 13, "right" : 14, "svalue" : 37.799999, "sindex" : 1 },
			"Node_07" : { "leaf_value" : [ ], "parent" : 3, "left" : 15, "right" : 16, "svalue" : 37.799999, "sindex" : 1 },
			"Node_08" : { "leaf_value" : [ -4959.6494 ], "parent" : 3, "left" : null, "right" : null, "svalue" : 0, "sindex" : 0 },
			"Node_09" : { "leaf_value" : [ 3488.1907 ], "parent" : 4, "left" : null, "right" : null, "svalue" : 0, "sindex" : 0 },
			"Node_10" : { "leaf_value" : [ ], "parent" : 4, "left" : 17, "right" : 18, "svalue" : 3.075, "sindex" : 7 },
			"Node_11" : { "leaf_value" : [ ], "parent" : 5, "left" : 19, "right" : 20, "svalue" : 37.860001, "sindex" : 1 },
			"Node_12" : { "leaf_value" : [ ], "parent" : 5, "left" : 21, "right" : 22, "svalue" : 38, "sindex" : 2 },
			"Node_13" : { "leaf_value" : [ ], "parent" : 6, "left" : 23, "right" : 24, "svalue" : 37.77, "sindex" : 1 },
			"Node_14" : { "leaf_value" : [ ], "parent" : 6, "left" : 25, "right" : 26, "svalue" : 408, "sindex" : 4 },
			"Node_15" : { "leaf_value" : [ -4746.5356 ], "parent" : 7, "left" : null, "right" : null, "svalue" : 0, "sindex" : 0 },
			"Node_16" : { "leaf_value" : [ ], "parent" : 7, "left" : 27, "right" : 28, "svalue" : 52, "sindex" : 2 },
			"Node_17" : { "leaf_value" : [ 1885.1281 ], "parent" : 10, "left" : null, "right" : null, "svalue" : 0, "sindex" : 0 },
			"Node_18" : { "leaf_value" : [ -2226.9844 ], "parent" : 10, "left" : null, "right" : null, "svalue" : 0, "sindex" : 0 },
			"Node_19" : { "leaf_value" : [ ], "parent" : 11, "left" : 29, "right" : 30, "svalue" : 3.075, "sindex" : 7 },
			"Node_20" : { "leaf_value" : [ 6295.5928 ], "parent" : 11, "left" : null, "right" : null, "svalue" : 0, "sindex" : 0 },
			"Node_21" : { "leaf_value" : [ ], "parent" : 12, "left" : 31, "right" : 32, "svalue" : -122.25, "sindex" : 0 },
			"Node_22" : { "leaf_value" : [ ], "parent" : 12, "left" : 33, "right" : 34, "svalue" : -122.25, "sindex" : 0 },
			"Node_23" : { "leaf_value" : [ ], "parent" : 13, "left" : 35, "right" : 36, "svalue" : 2.4890001, "sindex" : 7 },
			"Node_24" : { "leaf_value" : [ ], "parent" : 13, "left" : 37, "right" : 38, "svalue" : 45, "sindex" : 2 },
			"Node_25" : { "leaf_value" : [ ], "parent" : 14, "left" : 39, "right" : 40, "svalue" : 45, "sindex" : 2 },
			"Node_26" : { "leaf_value" : [ -3615.4375 ], "parent" : 14, "left" : null, "right" : null, "svalue" : 0, "sindex" : 0 },
			"Node_27" : { "leaf_value" : [ -654.32953 ], "parent" : 16, "left" : null, "right" : null, "svalue" : 0, "sindex" : 0 },
			"Node_28" : { "leaf_value" : [ 1637.5908 ], "parent" : 16, "left" : null, "right" : null, "svalue" : 0, "sindex" : 0 },
			"Node_29" : { "leaf_value" : [ ], "parent" : 19, "left" : 41, "right" : 42, "svalue" : 52, "sindex" : 2 },
			"Node_30" : { "leaf_value" : [ 2656.2451 ], "parent" : 19, "left" : null, "right" : null, "svalue" : 0, "sindex" : 0 },
			"Node_31" : { "leaf_value" : [ ], "parent" : 21, "left" : 43, "right" : 44, "svalue" : 530, "sindex" : 4 },
			"Node_32" : { "leaf_value" : [ -1915.0208 ], "parent" : 21, "left" : null, "right" : null, "svalue" : 0, "sindex" : 0 },
			"Node_33" : { "leaf_value" : [ ], "parent" : 22, "left" : 45, "right" : 46, "svalue" : 376, "sindex" : 6 },
			"Node_34" : { "leaf_value" : [ ], "parent" : 22, "left" : 47, "right" : 48, "svalue" : 2492, "sindex" : 3 },
			"Node_35" : { "leaf_value" : [ ], "parent" : 23, "left" : 49, "right" : 50, "svalue" : 1.8516001, "sindex" : 7 },
			"Node_36" : { "leaf_value" : [ -2870.6206 ], "parent" : 23, "left" : null, "right" : null, "svalue" : 0, "sindex" : 0 },
			"Node_37" : { "leaf_value" : [ ], "parent" : 24, "left" : 51, "right" : 52, "svalue" : 38, "sindex" : 2 },
			"Node_38" : { "leaf_value" : [ ], "parent" : 24, "left" : 53, "right" : 54, "svalue" : 282, "sindex" : 6 },
			"Node_39" : { "leaf_value" : [ 1264.8486 ], "parent" : 25, "left" : null, "right" : null, "svalue" : 0, "sindex" : 0 },
			"Node_40" : { "leaf_value" : [ -579.78168 ], "parent" : 25, "left" : null, "right" : null, "svalue" : 0, "sindex" : 0 },
			"Node_41" : { "leaf_value" : [ 976.1593 ], "parent" : 29, "left" : null, "right" : null, "svalue" : 0, "sindex" : 0 },
			"Node_42" : { "leaf_value" : [ -5450.2935 ], "parent" : 29, "left" : null, "right" : null, "svalue" : 0, "sindex" : 0 },
			"Node_43" : { "leaf_value" : [ 5912.1284 ], "parent" : 31, "left" : null, "right" : null, "svalue" : 0, "sindex" : 0 },
			"Node_44" : { "leaf_value" : [ 1240.1766 ], "parent" : 31, "left" : null, "right" : null, "svalue" : 0, "sindex" : 0 },
			"Node_45" : { "leaf_value" : [ -2081.4675 ], "parent" : 33, "left" : null, "right" : null, "svalue" : 0, "sindex" : 0 },
			"Node_46" : { "leaf_value" : [ -49.223713 ], "parent" : 33, "left" : null, "right" : null, "svalue" : 0, "sindex" : 0 },
			"Node_47" : { "leaf_value" : [ 2404.3574 ], "parent" : 34, "left" : null, "right" : null, "svalue" : 0, "sindex" : 0 },
			"Node_48" : { "leaf_value" : [ -817.2746 ], "parent" : 34, "left" : null, "right" : null, "svalue" : 0, "sindex" : 0 },
			"Node_49" : { "leaf_value" : [ -525.61316 ], "parent" : 35, "left" : null, "right" : null, "svalue" : 0, "sindex" : 0 },
			"Node_50" : { "leaf_value" : [ 957.74225 ], "parent" : 35, "left" : null, "right" : null, "svalue" : 0, "sindex" : 0 },
			"Node_51" : { "leaf_value" : [ 1914.9253 ], "parent" : 37, "left" : null, "right" : null, "svalue" : 0, "sindex" : 0 },
			"Node_52" : { "leaf_value" : [ -1425.453 ], "parent" : 37, "left" : null, "right" : null, "svalue" : 0, "sindex" : 0 },
			"Node_53" : { "leaf_value" : [ 3200.7827 ], "parent" : 38, "left" : null, "right" : null, "svalue" : 0, "sindex" : 0 },
			"Node_54" : { "leaf_value" : [ 608.67902 ], "parent" : 38, "left" : null, "right" : null, "svalue" : 0, "sindex" : 0 }
		}
	}
}
MODEL_JSON_DUMP_END
MCU_DEPLOY_REGRESSION_CODE MODEL_PREDICT_STEP
MLLITE_AUTO_DEPLOY_CALIFORNIA_HOUSING_MEDIUM_APPLY_OUTPUT_REG  [ 418121.53, 379681.12, 331312.38, 320678.66, 262526.28,  ... , 169000.98, 180143.02, 434286.03, 413353.56, 413353.56 ]
MCU_DEPLOY_REGRESSION_CODE MODEL_COMPUTE_PERF_STEP
MLLITE_AUTO_DEPLOY_CALIFORNIA_HOUSING_MEDIUM_REG_PERFS { "count" : 512, "rmse" : 34228.852, "mape" : 0.12930985, "R2" : 0.88389862 }
This will be printed
MCU_DEPLOY_REGRESSION_CODE ALL_STEPS_OK
MCU_DEPLOY_REGRESSION_CODE done
MLLITE_MCU_TIMER_OPERATION_ELAPSED_SECONDS 'MLLITE.MCU_DEPLOY.REGRESSION.Friedman_XGB.CALIFORNIA_HOUSING_MEDIUM' 0
MLLITE_MCU_TIMER_OPERATION_END 'MLLITE.MCU_DEPLOY.REGRESSION.Friedman_XGB.CALIFORNIA_HOUSING_MEDIUM' [ 'Sat Feb  3 21:09:33 2024' ]
MCU_DEPLOY_ON_TARGET_ARMV7_32_END
