MCU_DEPLOY_ON_TARGET_ARMV7_32_START
MLLITE_MCU_TIMER_OPERATION_START 'MLLITE.MCU_DEPLOY.REGRESSION.Vapnik_SVR_RBF.RANDOMREG_10_SMALL' [ 'Sat Feb  3 21:09:31 2024' ]
MLLite starting
MCU_DEPLOY_REGRESSION_CODE CREATE_DATASET_STEP
MCU_DEPLOY_REGRESSION_CODE CREATE_MODEL_STEP
MCU_DEPLOY_REGRESSION_MODEL_OPTIONS
{"svm_type" : "c_svc", "kernel" : "rbf", "degree" : 3, "gamma" : 0, "coef0" : 0, "cache_size" : 10240, "tol" : 0.001, "nu" : 0.5, "epsilon" : 0, "shrinking" : 0, "probability" : 1, "C" : 1, "max_iter" : 30, "random_state" : 1789 }
MCU_DEPLOY_REGRESSION_CODE FIT_MODEL_STEP
PROGRESS_REPORT_ELAPSED_TOTAL 'SVM_REGRESSOR_FIT' 1 4
PROGRESS_REPORT_ELAPSED_TOTAL 'SVM_REGRESSOR_FIT' 2 4
PROGRESS_REPORT_ELAPSED_TOTAL 'SVM_REGRESSOR_FIT' 3 4
PROGRESS_REPORT_ELAPSED_TOTAL 'SVM_SOLVER_ITERATION:SVR_Global' 3 30
PROGRESS_REPORT_ELAPSED_TOTAL 'SVM_SOLVER_ITERATION:SVR_Global' 6 30
PROGRESS_REPORT_ELAPSED_TOTAL 'SVM_SOLVER_ITERATION:SVR_Global' 9 30
PROGRESS_REPORT_ELAPSED_TOTAL 'SVM_SOLVER_ITERATION:SVR_Global' 12 30
PROGRESS_REPORT_ELAPSED_TOTAL 'SVM_SOLVER_ITERATION:SVR_Global' 15 30
PROGRESS_REPORT_ELAPSED_TOTAL 'SVM_SOLVER_ITERATION:SVR_Global' 18 30
PROGRESS_REPORT_ELAPSED_TOTAL 'SVM_SOLVER_ITERATION:SVR_Global' 21 30
PROGRESS_REPORT_ELAPSED_TOTAL 'SVM_SOLVER_ITERATION:SVR_Global' 24 30
PROGRESS_REPORT_ELAPSED_TOTAL 'SVM_SOLVER_ITERATION:SVR_Global' 27 30
PROGRESS_REPORT_ELAPSED_TOTAL 'SVM_SOLVER_ITERATION:SVR_Global' 30 30
PROGRESS_REPORT_ELAPSED_TOTAL 'SVM_REGRESSOR_FIT' 4 4
MCU_DEPLOY_REGRESSION_CODE MODEL_JSON_EXPORT_STEP
MODEL_JSON_DUMP_START
{
	"metadata" : { "model" : "Vapnik_SVR_RBF", "version" : "2024-W04"},
	"options" : {"svm_type" : "epsilon_svr", "kernel" : "rbf", "degree" : 3, "gamma" : 0.089081824, "coef0" : 0, "cache_size" : 10240, "tol" : 0.001, "nu" : 0.5, "epsilon" : 0.1, "shrinking" : 0, "probability" : 0, "C" : 1, "max_iter" : 30, "random_state" : 1789 },
	"dataset" : { "dataset_rows" : 64, "dataset_features" : 10 },
	"svm_model" : {
	"classes" : 2,
	"L" : 60,
	"SupportVectors" : {
		"SV_00" : [ 1.1950554, -1.4503824, -0.46873727, 0.28645465, 0.75618309, 0.4906449, -0.91751045, 0.852386, 0.31166935, 0.68574876 ],
		"SV_01" : [ -0.64873201, -0.8806197, 0.20219254, 0.52595264, 0.65514773, -0.64766103, 0.27212194, -2.4372282, -0.54864389, -0.54169184 ],
		"SV_02" : [ -0.74904478, -0.067925259, 0.96760911, -0.24765345, -0.72226143, 0.46284628, 0.12873757, 1.3984412, 0.13286762, -0.324339 ],
		"SV_03" : [ -0.69524527, 0.5292787, -0.012289465, -2.4147847, -0.78691024, 0.36361536, -0.44742393, 1.5923872, -0.32175577, 0.33097586 ],
		"SV_04" : [ -0.3042517, -2.4187503, 0.14873791, -1.1568087, 1.8562676, 1.1616733, 0.54215842, -1.7332134, -0.11347862, -1.3598213 ],
		"SV_05" : [ 2.6884081, -0.11879988, 0.3598974, -0.48942897, 0.99685991, 0.59929311, -1.0451012, 2.0047593, -0.46283436, -0.12951092 ],
		"SV_06" : [ 1.0925627, 0.94450665, -1.9209949, 0.18889479, 0.92931658, 0.17592667, 0.12533037, -1.0507324, -1.1562245, 1.8768147 ],
		"SV_07" : [ 0.31640252, 0.54998076, -0.016203487, -1.2940701, 0.27853054, -0.27433351, -0.92700863, -0.24011545, -1.0686989, 0.48042941 ],
		"SV_08" : [ 0.37585133, 2.4596665, 2.3318424, 1.8018726, 0.88305837, -1.0305254, 2.2467604, -1.9306916, 0.035418313, -1.6736524 ],
		"SV_09" : [ -0.3614834, 0.38753793, 0.59574902, 1.1347202, -1.5229516, 0.31175467, -0.18698952, 0.55683148, 0.38250259, -1.4025428 ],
		"SV_10" : [ 1.1745543, -0.66051137, 1.243189, -2.320833, -0.4551253, -1.5869486, 0.58432859, -1.353951, 0.41790688, -0.19162714 ],
		"SV_11" : [ -0.40629619, -1.114724, -0.69014376, -0.042831574, 0.7385934, 0.75339764, 1.1105319, -0.87224942, 1.5726999, -0.7191723 ],
		"SV_12" : [ -0.11958186, -0.48968184, 0.67113507, 0.15311714, 0.091114521, -2.2395837, 1.111452, -0.25317392, 1.6801817, -0.19114144 ],
		"SV_13" : [ -0.13264193, -1.5284945, 0.68317538, -1.0551462, 0.88541454, -1.5126207, 1.3217078, -0.337466, -0.37803286, -1.4930232 ],
		"SV_14" : [ -0.90710223, 1.3038772, -1.0089511, 1.1674447, 0.28800076, -0.050093859, 2.0914793, -0.18753041, 1.6337869, -1.0324672 ],
		"SV_15" : [ -1.2736286, 0.4600037, 0.68208373, 1.1477758, 0.92256778, 1.2904843, 1.2376662, 0.03516636, -0.23990105, 0.26499635 ],
		"SV_16" : [ -0.63386935, 0.64917058, -0.42906496, 0.27252313, 0.19669777, -2.1429207, -0.33959916, 1.6312202, -0.30474898, -1.457891 ],
		"SV_17" : [ 1.3103083, 0.64371169, -0.29809713, -1.4901541, -0.054971054, -0.032850031, 1.9038168, 1.9411296, -0.032540865, 1.6392314 ],
		"SV_18" : [ 0.33526239, -0.70746195, -1.0921521, 0.39881912, 0.57525468, 2.0601261, -0.139413, -0.9721458, -0.95907277, -0.53402591 ],
		"SV_19" : [ 0.7470637, -2.2231736, -1.4829162, -0.2592175, 1.0714576, 2.0571198, 2.3487451, -0.15069339, 0.77428645, 0.94842035 ],
		"SV_20" : [ 1.0011076, 1.3970444, 1.1691864, 2.7668324, -1.0179814, 0.8054347, -1.9205874, -0.73622072, -0.37394288, -0.78966624 ],
		"SV_21" : [ -0.44212952, 1.3061599, -1.8255073, 1.100284, -1.4378009, -0.64940554, -1.2646565, -1.2791994, -0.018146785, 0.53571057 ],
		"SV_22" : [ -0.1284706, 1.2522423, -0.89756316, -1.315457, -0.51513928, -1.5238405, 2.1537011, 1.2265697, 1.3155376, 0.4991183 ],
		"SV_23" : [ -1.1988662, 0.4826003, 0.47611955, -0.28678405, 0.51207638, -2.7694092, 0.30283111, 0.37901163, -1.7834325, 0.15618344 ],
		"SV_24" : [ 0.75696236, -0.24859522, -0.98261374, -0.11459612, -0.82942832, 1.5867254, 0.93996692, 1.0242273, -0.034959104, 0.65272027 ],
		"SV_25" : [ 0.060825836, -0.17087676, -0.1394614, 0.53913218, -0.18824849, 1.3019652, -1.5350714, -1.0502731, -1.0648903, 1.7964652 ],
		"SV_26" : [ -0.18788369, 0.37681085, 0.96472692, 1.4199895, -1.5520706, -1.0741793, 1.707673, -0.037414957, -1.7864437, 0.6821444 ],
		"SV_27" : [ -1.7158222, -0.023007145, -0.0076257219, -0.50617409, -0.3545945, -0.6973722, -0.30763063, -0.58788604, -0.64362228, 1.6322212 ],
		"SV_28" : [ -0.6388185, 0.58597559, -0.17418519, 0.96814477, 0.45004407, 1.0770561, 0.32117501, -0.42612389, -2.999114, 0.56234306 ],
		"SV_29" : [ -1.9716022, -0.93817282, 2.2261255, -0.0033772644, 0.21567155, -0.20869339, -1.630048, -0.30331054, 0.34026894, -1.3308562 ],
		"SV_30" : [ 0.41512361, -0.37166128, -0.96913701, -1.4460526, 0.028875701, -1.0396582, -0.85098135, -0.761545, 0.31555659, 1.207732 ],
		"SV_31" : [ 0.94279134, 0.56621712, -0.40969938, -0.56243455, -0.52531028, 0.81045109, 0.0025037846, -0.097545892, 0.07843364, -0.4057028 ],
		"SV_32" : [ 0.30935076, -0.43312863, 0.36180082, 1.7649012, -1.205651, 0.62733293, -0.30870557, 0.23951772, 1.7081188, -0.42396688 ],
		"SV_33" : [ -0.40988895, -0.55434692, 1.5772299, 0.41499019, 0.58205408, -0.61071867, -0.23895434, -0.43371373, -0.98562187, 0.48804596 ],
		"SV_34" : [ 0.52431011, 0.014469383, 1.5953741, -0.29657087, -0.27373302, -0.15407149, -0.038918961, 0.52047247, -1.3512024, 2.0543389 ],
		"SV_35" : [ 1.1555947, 1.4671253, -0.9013831, -1.7450107, -0.084406108, -0.07006941, 0.79244816, -0.18785748, -0.0049857055, -0.69660133 ],
		"SV_36" : [ 0.49372867, -1.9924403, 1.3109399, 0.76625913, -0.075653583, 0.25696629, 0.13129318, -1.4025255, 1.2677344, -2.1352568 ],
		"SV_37" : [ 0.031860717, 0.41493598, 1.2669817, 0.027645646, -0.96752101, 0.4973982, -0.87003654, 0.0081581296, 0.075770602, 0.46624151 ],
		"SV_38" : [ -0.88516879, 0.8482846, 1.5018057, 0.32789293, -1.3407871, 0.90138608, 0.29068583, 0.42329645, -0.25045806, 2.3219211 ],
		"SV_39" : [ 2.8434947, 0.3782635, -0.76115322, -0.41131243, -0.41217074, -1.0111065, -1.2561687, -0.73857361, 1.7156472, 1.9154868 ],
		"SV_40" : [ -1.311457, -1.0611029, -0.36512032, 0.27625939, 0.28001928, 0.85535997, -0.7697621, 0.012510636, -0.55779338, -1.0452073 ],
		"SV_41" : [ -0.45985907, -1.1218868, 0.24646895, -0.55567139, 0.27355096, -0.29001847, -1.0278355, -1.0363592, 0.86814928, 0.33544502 ],
		"SV_42" : [ 0.42418081, 0.8116076, -0.54098719, -0.57104748, 1.4365321, 0.2647877, 0.48788098, 1.0557241, 0.86199242, -1.5622004 ],
		"SV_43" : [ 1.0217158, -1.1799202, -0.15331779, -0.89990616, -0.345148, 0.99531281, 0.9121514, 0.73722219, -1.2146327, -0.051075306 ],
		"SV_44" : [ 1.2549844, -0.8853929, -0.47896129, -1.236692, -1.5550162, -0.58341336, 1.4850799, 0.60139084, 0.45631549, -2.1140206 ],
		"SV_45" : [ -3.0112171, -0.23780726, -2.8096676, 0.0022211503, 0.78283042, 1.3311532, 1.4092838, 0.35937124, -1.2684357, 0.62038511 ],
		"SV_46" : [ -1.199299, -0.78920841, 2.6735263, 0.22273211, 0.12521684, -0.31390136, 1.0617734, -0.40859136, -1.21144, 0.08952862 ],
		"SV_47" : [ 0.69346052, 0.067277364, -0.59066552, 0.20337562, 0.21646142, -0.49848458, 1.0643889, 1.3189631, -0.71429825, -0.80769128 ],
		"SV_48" : [ 0.77438289, -1.7653825, -1.2780915, -1.2073697, 0.5148102, -0.8948822, 2.0119519, -2.1427321, -0.62488794, 1.7509108 ],
		"SV_49" : [ -2.2097719, 1.6599016, 0.53413033, -0.21691974, -1.6027691, -0.72968227, -0.85542309, 0.78593749, 0.65750062, 0.89250237 ],
		"SV_50" : [ 0.94623649, 0.2245419, 0.56393588, -0.8660984, -1.1335462, -0.038213853, 0.15360165, 0.26196054, 1.5817723, 1.0902959 ],
		"SV_51" : [ 1.6126387, 0.13701037, 0.24086232, -0.97764665, -0.84464937, 1.1509997, -0.25287282, 0.97451049, -1.6558948, -0.76319647 ],
		"SV_52" : [ -0.13170838, 1.982605, 0.40929076, -1.019111, 0.054470666, 0.14820781, -0.34464204, -1.0343807, -2.1715922, -1.0208797 ],
		"SV_53" : [ 0.39246202, 0.91898817, -0.23264892, -1.4603971, 0.0080834422, -0.043307051, -0.15930045, 1.1206378, 0.67465526, -0.45836964 ],
		"SV_54" : [ -0.29894143, 2.9794273, -0.64833432, -2.3806903, 1.5299839, -0.61655098, -1.9162391, -1.0843443, -0.69719607, -0.57644659 ],
		"SV_55" : [ 0.63062847, -0.0059182663, -0.36433747, -0.93473595, 0.88837892, 0.09058965, -1.1970562, 1.6246179, -1.5952166, 1.325606 ],
		"SV_56" : [ -0.94903851, -0.62202013, -0.11610693, -0.77924776, -1.4973595, -0.67383552, -0.99778563, -1.1445833, 0.63894206, 0.17864661 ],
		"SV_57" : [ -0.23371443, 0.81261688, -0.44953719, 1.3127123, 0.81462711, -0.81204277, 0.55885369, -0.44298658, -1.645225, -0.34999669 ],
		"SV_58" : [ 1.3260702, 0.52408093, 0.079805054, -0.45221087, -2.5382314, 1.3269721, -0.25816151, -0.81395316, 1.1792455, 1.2320499 ],
		"SV_59" : [ 0.42975688, -0.34450209, 1.2223268, 0.21023437, 1.1253067, -1.473361, 0.67986768, -1.0429084, -2.1026862, 1.2270328 ]
	},
	"SupportVectorsCoefs" : {
		"SV_coef_0" : [ -1, -1, 1, -1, -1, 1, -1, -1, 1, -1, 1, -1, 1, -1, 1, 1, -1, 1, -1, 1, 1, -1, 1, -1, 1, -1, 1, -1, -1, -1, -1, 1, 1, -1, 1, 1, -1, 1, 1, 1, -1, -1, 1, 1, 1, -1, 1, 1, -1, -1, 1, 1, -1, 1, -1, -1, -1, -1, 1, 1 ]
	},
	"rho" : [ 49558.926 ],
	"nSV" : [ ],
	"probA" : [ ],
	"probB" : [ ],
	"n_iter" : [ 30 ],
	"sv_ind" : [ 1, 2, 4, 5, 6, 7, 8, 9, 10, 11, 12, 13, 14, 15, 16, 17, 18, 19, 20, 21, 22, 23, 24, 25, 26, 27, 28, 29, 30, 31, 33, 34, 35, 36, 37, 38, 39, 40, 41, 42, 43, 44, 45, 46, 47, 48, 49, 50, 51, 52, 53, 54, 55, 56, 57, 58, 59, 60, 62, 63 ]
}
}
MODEL_JSON_DUMP_END
MCU_DEPLOY_REGRESSION_CODE MODEL_PREDICT_STEP
MLLITE_AUTO_DEPLOY_RANDOMREG_10_SMALL_APPLY_OUTPUT_REG  [ -49559.812, -49559.113, -49562.727, -49559.234, -49556.969,  ... , -49561.562, -49561.016, -49556.992, -49556.145, -49559.746 ]
MCU_DEPLOY_REGRESSION_CODE MODEL_COMPUTE_PERF_STEP
MLLITE_AUTO_DEPLOY_RANDOMREG_10_SMALL_REG_PERFS { "count" : 64, "rmse" : 49575.523, "mape" : 3581.7053, "R2" : -113549.55 }
This will be printed
MCU_DEPLOY_REGRESSION_CODE ALL_STEPS_OK
MCU_DEPLOY_REGRESSION_CODE done
MLLITE_MCU_TIMER_OPERATION_ELAPSED_SECONDS 'MLLITE.MCU_DEPLOY.REGRESSION.Vapnik_SVR_RBF.RANDOMREG_10_SMALL' 0
MLLITE_MCU_TIMER_OPERATION_END 'MLLITE.MCU_DEPLOY.REGRESSION.Vapnik_SVR_RBF.RANDOMREG_10_SMALL' [ 'Sat Feb  3 21:09:31 2024' ]
MCU_DEPLOY_ON_TARGET_ARMV7_32_END
