MCU_DEPLOY_ON_TARGET_ARMV7_32_START
MLLITE_MCU_TIMER_OPERATION_START 'MLLITE.MCU_DEPLOY.REGRESSION.Friedman_XGB.RANDOMREG_10_SMALL' [ 'Tue Jan 30 11:35:53 2024' ]
MLLite starting
MCU_DEPLOY_REGRESSION_CODE CREATE_DATASET_STEP
MCU_DEPLOY_REGRESSION_CODE CREATE_MODEL_STEP
MCU_DEPLOY_REGRESSION_MODEL_OPTIONS
{ "base_score" : [ ], "early_stopping_rounds" : 0, "eval_metric" : "", "gamma" : 0, "grow_policy" : 0, "learning_rate" : 0.30000001, "max_bin" : 5, "max_depth" : 6, "max_leaves" : 32, "min_child_weight" : 10, "n_estimators" : 6, "objective" : "reg:squarederror", "reg_alpha" : 0, "reg_lambda" : 1, "tree_method" : "auto" }
MCU_DEPLOY_REGRESSION_CODE FIT_MODEL_STEP
PROGRESS_REPORT_ELAPSED_TOTAL 'XGB_MODEL_FIT' 1 8
PROGRESS_REPORT_ELAPSED_TOTAL 'XGB_MODEL_FIT' 2 8
PROGRESS_REPORT_ELAPSED_TOTAL 'XGB_MODEL_FIT' 3 8
PROGRESS_REPORT_ELAPSED_TOTAL 'XGB_MODEL_FIT' 4 8
PROGRESS_REPORT_ELAPSED_TOTAL 'XGB_MODEL_FIT' 5 8
PROGRESS_REPORT_ELAPSED_TOTAL 'XGB_MODEL_FIT' 6 8
PROGRESS_REPORT_ELAPSED_TOTAL 'XGB_MODEL_FIT' 7 8
PROGRESS_REPORT_ELAPSED_TOTAL 'XGB_MODEL_FIT' 8 8
MCU_DEPLOY_REGRESSION_CODE MODEL_JSON_EXPORT_STEP
MODEL_JSON_DUMP_START
{
	"metadata" : { "model" : "Friedman_XGB", "version" : "2024-W04"},
	"options" : { "base_score" : [ ], "early_stopping_rounds" : 0, "eval_metric" : "", "gamma" : 0, "grow_policy" : 0, "learning_rate" : 0.30000001, "max_bin" : 5, "max_depth" : 6, "max_leaves" : 32, "min_child_weight" : 10, "n_estimators" : 6, "objective" : "reg:squarederror", "reg_alpha" : 0, "reg_lambda" : 1, "tree_method" : "auto" },
	"booster" : {
		"BaseScore" : [ 16.448906 ],
		"Trees" : 6,
		"Tree_0" : {
			"Node_0" : { "leaf_value" : [ ], "parent" : null, "left" : 1, "right" : 2, "svalue" : -0.29894143, "sindex" : 0 },
			"Node_1" : { "leaf_value" : [ ], "parent" : 0, "left" : 3, "right" : 4, "svalue" : -0.17087676, "sindex" : 1 },
			"Node_2" : { "leaf_value" : [ ], "parent" : 0, "left" : 5, "right" : 6, "svalue" : 0.03516636, "sindex" : 7 },
			"Node_3" : { "leaf_value" : [ -46.671211 ], "parent" : 1, "left" : null, "right" : null, "svalue" : 0, "sindex" : 0 },
			"Node_4" : { "leaf_value" : [ -10.80372 ], "parent" : 1, "left" : null, "right" : null, "svalue" : 0, "sindex" : 0 },
			"Node_5" : { "leaf_value" : [ ], "parent" : 2, "left" : 7, "right" : 8, "svalue" : -0.37803286, "sindex" : 8 },
			"Node_6" : { "leaf_value" : [ 33.753361 ], "parent" : 2, "left" : null, "right" : null, "svalue" : 0, "sindex" : 0 },
			"Node_7" : { "leaf_value" : [ -15.134908 ], "parent" : 5, "left" : null, "right" : null, "svalue" : 0, "sindex" : 0 },
			"Node_8" : { "leaf_value" : [ 20.844873 ], "parent" : 5, "left" : null, "right" : null, "svalue" : 0, "sindex" : 0 }
		},
		"Tree_1" : {
			"Node_0" : { "leaf_value" : [ ], "parent" : null, "left" : 1, "right" : 2, "svalue" : -0.29894143, "sindex" : 0 },
			"Node_1" : { "leaf_value" : [ ], "parent" : 0, "left" : 3, "right" : 4, "svalue" : -0.15930045, "sindex" : 6 },
			"Node_2" : { "leaf_value" : [ ], "parent" : 0, "left" : 5, "right" : 6, "svalue" : 0.94279134, "sindex" : 0 },
			"Node_3" : { "leaf_value" : [ -37.321835 ], "parent" : 1, "left" : null, "right" : null, "svalue" : 0, "sindex" : 0 },
			"Node_4" : { "leaf_value" : [ -3.3166945 ], "parent" : 1, "left" : null, "right" : null, "svalue" : 0, "sindex" : 0 },
			"Node_5" : { "leaf_value" : [ ], "parent" : 2, "left" : 7, "right" : 8, "svalue" : 0.54215842, "sindex" : 6 },
			"Node_6" : { "leaf_value" : [ 26.464567 ], "parent" : 2, "left" : null, "right" : null, "svalue" : 0, "sindex" : 0 },
			"Node_7" : { "leaf_value" : [ -10.664433 ], "parent" : 5, "left" : null, "right" : null, "svalue" : 0, "sindex" : 0 },
			"Node_8" : { "leaf_value" : [ 18.810965 ], "parent" : 5, "left" : null, "right" : null, "svalue" : 0, "sindex" : 0 }
		},
		"Tree_2" : {
			"Node_0" : { "leaf_value" : [ ], "parent" : null, "left" : 1, "right" : 2, "svalue" : -0.15930045, "sindex" : 6 },
			"Node_1" : { "leaf_value" : [ ], "parent" : 0, "left" : 3, "right" : 4, "svalue" : 0.25696629, "sindex" : 5 },
			"Node_2" : { "leaf_value" : [ ], "parent" : 0, "left" : 5, "right" : 6, "svalue" : -0.17087676, "sindex" : 1 },
			"Node_3" : { "leaf_value" : [ -27.03826 ], "parent" : 1, "left" : null, "right" : null, "svalue" : 0, "sindex" : 0 },
			"Node_4" : { "leaf_value" : [ 3.3300538 ], "parent" : 1, "left" : null, "right" : null, "svalue" : 0, "sindex" : 0 },
			"Node_5" : { "leaf_value" : [ -6.9762187 ], "parent" : 2, "left" : null, "right" : null, "svalue" : 0, "sindex" : 0 },
			"Node_6" : { "leaf_value" : [ ], "parent" : 2, "left" : 7, "right" : 8, "svalue" : 0.27853054, "sindex" : 4 },
			"Node_7" : { "leaf_value" : [ 28.52949 ], "parent" : 6, "left" : null, "right" : null, "svalue" : 0, "sindex" : 0 },
			"Node_8" : { "leaf_value" : [ 10.428289 ], "parent" : 6, "left" : null, "right" : null, "svalue" : 0, "sindex" : 0 }
		},
		"Tree_3" : {
			"Node_0" : { "leaf_value" : [ ], "parent" : null, "left" : 1, "right" : 2, "svalue" : 0.24086232, "sindex" : 2 },
			"Node_1" : { "leaf_value" : [ ], "parent" : 0, "left" : 3, "right" : 4, "svalue" : 0.39246202, "sindex" : 0 },
			"Node_2" : { "leaf_value" : [ ], "parent" : 0, "left" : 5, "right" : 6, "svalue" : 0.15311714, "sindex" : 3 },
			"Node_3" : { "leaf_value" : [ -22.966352 ], "parent" : 1, "left" : null, "right" : null, "svalue" : 0, "sindex" : 0 },
			"Node_4" : { "leaf_value" : [ 7.3314333 ], "parent" : 1, "left" : null, "right" : null, "svalue" : 0, "sindex" : 0 },
			"Node_5" : { "leaf_value" : [ 2.4783995 ], "parent" : 2, "left" : null, "right" : null, "svalue" : 0, "sindex" : 0 },
			"Node_6" : { "leaf_value" : [ 23.414518 ], "parent" : 2, "left" : null, "right" : null, "svalue" : 0, "sindex" : 0 }
		},
		"Tree_4" : {
			"Node_0" : { "leaf_value" : [ ], "parent" : null, "left" : 1, "right" : 2, "svalue" : -0.17087676, "sindex" : 1 },
			"Node_1" : { "leaf_value" : [ ], "parent" : 0, "left" : 3, "right" : 4, "svalue" : 0.54215842, "sindex" : 6 },
			"Node_2" : { "leaf_value" : [ ], "parent" : 0, "left" : 5, "right" : 6, "svalue" : 0.54215842, "sindex" : 6 },
			"Node_3" : { "leaf_value" : [ -22.658077 ], "parent" : 1, "left" : null, "right" : null, "svalue" : 0, "sindex" : 0 },
			"Node_4" : { "leaf_value" : [ -2.2096252 ], "parent" : 1, "left" : null, "right" : null, "svalue" : 0, "sindex" : 0 },
			"Node_5" : { "leaf_value" : [ ], "parent" : 2, "left" : 7, "right" : 8, "svalue" : 0.39246202, "sindex" : 0 },
			"Node_6" : { "leaf_value" : [ 23.126444 ], "parent" : 2, "left" : null, "right" : null, "svalue" : 0, "sindex" : 0 },
			"Node_7" : { "leaf_value" : [ -10.54985 ], "parent" : 5, "left" : null, "right" : null, "svalue" : 0, "sindex" : 0 },
			"Node_8" : { "leaf_value" : [ 13.482354 ], "parent" : 5, "left" : null, "right" : null, "svalue" : 0, "sindex" : 0 }
		},
		"Tree_5" : {
			"Node_0" : { "leaf_value" : [ ], "parent" : null, "left" : 1, "right" : 2, "svalue" : 0.24086232, "sindex" : 2 },
			"Node_1" : { "leaf_value" : [ ], "parent" : 0, "left" : 3, "right" : 4, "svalue" : -0.37803286, "sindex" : 8 },
			"Node_2" : { "leaf_value" : [ ], "parent" : 0, "left" : 5, "right" : 6, "svalue" : 0.15311714, "sindex" : 3 },
			"Node_3" : { "leaf_value" : [ -20.066111 ], "parent" : 1, "left" : null, "right" : null, "svalue" : 0, "sindex" : 0 },
			"Node_4" : { "leaf_value" : [ ], "parent" : 1, "left" : 7, "right" : 8, "svalue" : 0.54215842, "sindex" : 6 },
			"Node_5" : { "leaf_value" : [ 2.2930233 ], "parent" : 2, "left" : null, "right" : null, "svalue" : 0, "sindex" : 0 },
			"Node_6" : { "leaf_value" : [ 17.226831 ], "parent" : 2, "left" : null, "right" : null, "svalue" : 0, "sindex" : 0 },
			"Node_7" : { "leaf_value" : [ -6.9653072 ], "parent" : 4, "left" : null, "right" : null, "svalue" : 0, "sindex" : 0 },
			"Node_8" : { "leaf_value" : [ 14.014466 ], "parent" : 4, "left" : null, "right" : null, "svalue" : 0, "sindex" : 0 }
		}
	}
}
MODEL_JSON_DUMP_END
MCU_DEPLOY_REGRESSION_CODE MODEL_PREDICT_STEP
MLLITE_AUTO_DEPLOY_RANDOMREG_10_SMALL_APPLY_OUTPUT_REG  [ -7.1492376, 57.704933, -106.20576, 40.654648, 25.079554,  ... , -147.17213, 10.647232, 45.032539, 80.936882, 51.580467 ]
MCU_DEPLOY_REGRESSION_CODE MODEL_COMPUTE_PERF_STEP
MLLITE_AUTO_DEPLOY_RANDOMREG_10_SMALL_REG_PERFS { "count" : 64, "rmse" : 84.987869, "mape" : 3.9987202, "R2" : 0.66629052 }
This will be printed
MCU_DEPLOY_REGRESSION_CODE ALL_STEPS_OK
MCU_DEPLOY_REGRESSION_CODE done
MLLITE_MCU_TIMER_OPERATION_ELAPSED_SECONDS 'MLLITE.MCU_DEPLOY.REGRESSION.Friedman_XGB.RANDOMREG_10_SMALL' 0
MLLITE_MCU_TIMER_OPERATION_END 'MLLITE.MCU_DEPLOY.REGRESSION.Friedman_XGB.RANDOMREG_10_SMALL' [ 'Tue Jan 30 11:35:53 2024' ]
MCU_DEPLOY_ON_TARGET_ARMV7_32_END
