MCU_DEPLOY_ON_TARGET_ARMV7_32_START
MLLITE_MCU_TIMER_OPERATION_START 'MLLITE.MCU_DEPLOY.REGRESSION.Friedman_XGB.DIABETES_SMALL' [ 'Sat Feb  3 21:09:34 2024' ]
MLLite starting
MCU_DEPLOY_REGRESSION_CODE CREATE_DATASET_STEP
MCU_DEPLOY_REGRESSION_CODE CREATE_MODEL_STEP
MCU_DEPLOY_REGRESSION_MODEL_OPTIONS
{ "base_score" : [ ], "early_stopping_rounds" : 0, "eval_metric" : "", "gamma" : 0, "grow_policy" : 0, "learning_rate" : 0.30000001, "max_bin" : 5, "max_depth" : 6, "max_leaves" : 32, "min_child_weight" : 10, "n_estimators" : 16, "objective" : "reg:squarederror", "reg_alpha" : 0, "reg_lambda" : 1, "tree_method" : "auto" }
MCU_DEPLOY_REGRESSION_CODE FIT_MODEL_STEP
PROGRESS_REPORT_ELAPSED_TOTAL 'XGB_MODEL_FIT' 1 18
PROGRESS_REPORT_ELAPSED_TOTAL 'XGB_MODEL_FIT' 2 18
PROGRESS_REPORT_ELAPSED_TOTAL 'XGB_MODEL_FIT' 3 18
PROGRESS_REPORT_ELAPSED_TOTAL 'XGB_MODEL_FIT' 4 18
PROGRESS_REPORT_ELAPSED_TOTAL 'XGB_MODEL_FIT' 5 18
PROGRESS_REPORT_ELAPSED_TOTAL 'XGB_MODEL_FIT' 6 18
PROGRESS_REPORT_ELAPSED_TOTAL 'XGB_MODEL_FIT' 7 18
PROGRESS_REPORT_ELAPSED_TOTAL 'XGB_MODEL_FIT' 8 18
PROGRESS_REPORT_ELAPSED_TOTAL 'XGB_MODEL_FIT' 9 18
PROGRESS_REPORT_ELAPSED_TOTAL 'XGB_MODEL_FIT' 10 18
PROGRESS_REPORT_ELAPSED_TOTAL 'XGB_MODEL_FIT' 11 18
PROGRESS_REPORT_ELAPSED_TOTAL 'XGB_MODEL_FIT' 12 18
PROGRESS_REPORT_ELAPSED_TOTAL 'XGB_MODEL_FIT' 13 18
PROGRESS_REPORT_ELAPSED_TOTAL 'XGB_MODEL_FIT' 14 18
PROGRESS_REPORT_ELAPSED_TOTAL 'XGB_MODEL_FIT' 15 18
PROGRESS_REPORT_ELAPSED_TOTAL 'XGB_MODEL_FIT' 16 18
PROGRESS_REPORT_ELAPSED_TOTAL 'XGB_MODEL_FIT' 17 18
PROGRESS_REPORT_ELAPSED_TOTAL 'XGB_MODEL_FIT' 18 18
MCU_DEPLOY_REGRESSION_CODE MODEL_JSON_EXPORT_STEP
MODEL_JSON_DUMP_START
{
	"metadata" : { "model" : "Friedman_XGB", "version" : "2024-W04"},
	"options" : { "base_score" : [ ], "early_stopping_rounds" : 0, "eval_metric" : "", "gamma" : 0, "grow_policy" : 0, "learning_rate" : 0.30000001, "max_bin" : 5, "max_depth" : 6, "max_leaves" : 32, "min_child_weight" : 10, "n_estimators" : 16, "objective" : "reg:squarederror", "reg_alpha" : 0, "reg_lambda" : 1, "tree_method" : "auto" },
	"dataset" : { "dataset_rows" : 64, "dataset_features" : 10 },
	"booster" : {
		"BaseScore" : [ 143.64062 ],
		"Trees" : 16,
		"Tree_00" : {
			"Node_0" : { "leaf_value" : [ ], "parent" : null, "left" : 1, "right" : 2, "svalue" : 0.0037090604, "sindex" : 8 },
			"Node_1" : { "leaf_value" : [ ], "parent" : 0, "left" : 3, "right" : 4, "svalue" : -0.0022275713, "sindex" : 3 },
			"Node_2" : { "leaf_value" : [ ], "parent" : 0, "left" : 5, "right" : 6, "svalue" : -0.0022275713, "sindex" : 3 },
			"Node_3" : { "leaf_value" : [ ], "parent" : 1, "left" : 7, "right" : 8, "svalue" : -0.037343733, "sindex" : 4 },
			"Node_4" : { "leaf_value" : [ -1.265625 ], "parent" : 1, "left" : null, "right" : null, "svalue" : 0, "sindex" : 0 },
			"Node_5" : { "leaf_value" : [ 4.6798296 ], "parent" : 2, "left" : null, "right" : null, "svalue" : 0, "sindex" : 0 },
			"Node_6" : { "leaf_value" : [ 25.601471 ], "parent" : 2, "left" : null, "right" : null, "svalue" : 0, "sindex" : 0 },
			"Node_7" : { "leaf_value" : [ -11.126172 ], "parent" : 3, "left" : null, "right" : null, "svalue" : 0, "sindex" : 0 },
			"Node_8" : { "leaf_value" : [ -18.848177 ], "parent" : 3, "left" : null, "right" : null, "svalue" : 0, "sindex" : 0 }
		},
		"Tree_01" : {
			"Node_0" : { "leaf_value" : [ ], "parent" : null, "left" : 1, "right" : 2, "svalue" : 0.054151524, "sindex" : 2 },
			"Node_1" : { "leaf_value" : [ ], "parent" : 0, "left" : 3, "right" : 4, "svalue" : 0.0037090604, "sindex" : 8 },
			"Node_2" : { "leaf_value" : [ 20.979204 ], "parent" : 0, "left" : null, "right" : null, "svalue" : 0, "sindex" : 0 },
			"Node_3" : { "leaf_value" : [ ], "parent" : 1, "left" : 5, "right" : 6, "svalue" : -0.02595311, "sindex" : 8 },
			"Node_4" : { "leaf_value" : [ 4.263401 ], "parent" : 1, "left" : null, "right" : null, "svalue" : 0, "sindex" : 0 },
			"Node_5" : { "leaf_value" : [ -14.624967 ], "parent" : 3, "left" : null, "right" : null, "svalue" : 0, "sindex" : 0 },
			"Node_6" : { "leaf_value" : [ -7.3915 ], "parent" : 3, "left" : null, "right" : null, "svalue" : 0, "sindex" : 0 }
		},
		"Tree_02" : {
			"Node_0" : { "leaf_value" : [ ], "parent" : null, "left" : 1, "right" : 2, "svalue" : 0.028758088, "sindex" : 3 },
			"Node_1" : { "leaf_value" : [ ], "parent" : 0, "left" : 3, "right" : 4, "svalue" : 0.0037090604, "sindex" : 8 },
			"Node_2" : { "leaf_value" : [ 16.081059 ], "parent" : 0, "left" : null, "right" : null, "svalue" : 0, "sindex" : 0 },
			"Node_3" : { "leaf_value" : [ ], "parent" : 1, "left" : 5, "right" : 6, "svalue" : -0.037343733, "sindex" : 4 },
			"Node_4" : { "leaf_value" : [ 5.0517421 ], "parent" : 1, "left" : null, "right" : null, "svalue" : 0, "sindex" : 0 },
			"Node_5" : { "leaf_value" : [ -6.0056529 ], "parent" : 3, "left" : null, "right" : null, "svalue" : 0, "sindex" : 0 },
			"Node_6" : { "leaf_value" : [ ], "parent" : 3, "left" : 7, "right" : 8, "svalue" : -0.0029449128, "sindex" : 4 },
			"Node_7" : { "leaf_value" : [ -14.761526 ], "parent" : 6, "left" : null, "right" : null, "svalue" : 0, "sindex" : 0 },
			"Node_8" : { "leaf_value" : [ -7.1311145 ], "parent" : 6, "left" : null, "right" : null, "svalue" : 0, "sindex" : 0 }
		},
		"Tree_03" : {
			"Node_0" : { "leaf_value" : [ ], "parent" : null, "left" : 1, "right" : 2, "svalue" : 0.054151524, "sindex" : 2 },
			"Node_1" : { "leaf_value" : [ ], "parent" : 0, "left" : 3, "right" : 4, "svalue" : 0.05068012, "sindex" : 1 },
			"Node_2" : { "leaf_value" : [ 13.601848 ], "parent" : 0, "left" : null, "right" : null, "svalue" : 0, "sindex" : 0 },
			"Node_3" : { "leaf_value" : [ ], "parent" : 1, "left" : 5, "right" : 6, "svalue" : 0.048640098, "sindex" : 6 },
			"Node_4" : { "leaf_value" : [ ], "parent" : 1, "left" : 7, "right" : 8, "svalue" : -0.0029449128, "sindex" : 4 },
			"Node_5" : { "leaf_value" : [ 6.2517791 ], "parent" : 3, "left" : null, "right" : null, "svalue" : 0, "sindex" : 0 },
			"Node_6" : { "leaf_value" : [ -7.2218909 ], "parent" : 3, "left" : null, "right" : null, "svalue" : 0, "sindex" : 0 },
			"Node_7" : { "leaf_value" : [ -10.343613 ], "parent" : 4, "left" : null, "right" : null, "svalue" : 0, "sindex" : 0 },
			"Node_8" : { "leaf_value" : [ -2.4927146 ], "parent" : 4, "left" : null, "right" : null, "svalue" : 0, "sindex" : 0 }
		},
		"Tree_04" : {
			"Node_0" : { "leaf_value" : [ ], "parent" : null, "left" : 1, "right" : 2, "svalue" : 0.028758088, "sindex" : 3 },
			"Node_1" : { "leaf_value" : [ ], "parent" : 0, "left" : 3, "right" : 4, "svalue" : 0.034308858, "sindex" : 7 },
			"Node_2" : { "leaf_value" : [ 10.651067 ], "parent" : 0, "left" : null, "right" : null, "svalue" : 0, "sindex" : 0 },
			"Node_3" : { "leaf_value" : [ ], "parent" : 1, "left" : 5, "right" : 6, "svalue" : 0.05068012, "sindex" : 1 },
			"Node_4" : { "leaf_value" : [ 4.2934179 ], "parent" : 1, "left" : null, "right" : null, "svalue" : 0, "sindex" : 0 },
			"Node_5" : { "leaf_value" : [ ], "parent" : 3, "left" : 7, "right" : 8, "svalue" : -0.015906263, "sindex" : 2 },
			"Node_6" : { "leaf_value" : [ -8.8565454 ], "parent" : 3, "left" : null, "right" : null, "svalue" : 0, "sindex" : 0 },
			"Node_7" : { "leaf_value" : [ -1.4769337 ], "parent" : 5, "left" : null, "right" : null, "svalue" : 0, "sindex" : 0 },
			"Node_8" : { "leaf_value" : [ -6.755002 ], "parent" : 5, "left" : null, "right" : null, "svalue" : 0, "sindex" : 0 }
		},
		"Tree_05" : {
			"Node_00" : { "leaf_value" : [ ], "parent" : null, "left" : 1, "right" : 2, "svalue" : -0.02595311, "sindex" : 8 },
			"Node_01" : { "leaf_value" : [ ], "parent" : 0, "left" : 3, "right" : 4, "svalue" : -0.051403873, "sindex" : 8 },
			"Node_02" : { "leaf_value" : [ ], "parent" : 0, "left" : 5, "right" : 6, "svalue" : 0.054151524, "sindex" : 2 },
			"Node_03" : { "leaf_value" : [ -3.1549995 ], "parent" : 1, "left" : null, "right" : null, "svalue" : 0, "sindex" : 0 },
			"Node_04" : { "leaf_value" : [ -9.3028021 ], "parent" : 1, "left" : null, "right" : null, "svalue" : 0, "sindex" : 0 },
			"Node_05" : { "leaf_value" : [ ], "parent" : 2, "left" : 7, "right" : 8, "svalue" : -0.022884678, "sindex" : 3 },
			"Node_06" : { "leaf_value" : [ 15.370166 ], "parent" : 2, "left" : null, "right" : null, "svalue" : 0, "sindex" : 0 },
			"Node_07" : { "leaf_value" : [ -6.4354429 ], "parent" : 5, "left" : null, "right" : null, "svalue" : 0, "sindex" : 0 },
			"Node_08" : { "leaf_value" : [ ], "parent" : 5, "left" : 9, "right" : 10, "svalue" : 0.034308858, "sindex" : 7 },
			"Node_09" : { "leaf_value" : [ 4.7188354 ], "parent" : 8, "left" : null, "right" : null, "svalue" : 0, "sindex" : 0 },
			"Node_10" : { "leaf_value" : [ -0.33427566 ], "parent" : 8, "left" : null, "right" : null, "svalue" : 0, "sindex" : 0 }
		},
		"Tree_06" : {
			"Node_0" : { "leaf_value" : [ ], "parent" : null, "left" : 1, "right" : 2, "svalue" : 0.0037090604, "sindex" : 8 },
			"Node_1" : { "leaf_value" : [ ], "parent" : 0, "left" : 3, "right" : 4, "svalue" : -0.02595311, "sindex" : 8 },
			"Node_2" : { "leaf_value" : [ ], "parent" : 0, "left" : 5, "right" : 6, "svalue" : 0.032432325, "sindex" : 8 },
			"Node_3" : { "leaf_value" : [ ], "parent" : 1, "left" : 7, "right" : 8, "svalue" : -0.051403873, "sindex" : 8 },
			"Node_4" : { "leaf_value" : [ -0.28835678 ], "parent" : 1, "left" : null, "right" : null, "svalue" : 0, "sindex" : 0 },
			"Node_5" : { "leaf_value" : [ 8.9249353 ], "parent" : 2, "left" : null, "right" : null, "svalue" : 0, "sindex" : 0 },
			"Node_6" : { "leaf_value" : [ -0.10353638 ], "parent" : 2, "left" : null, "right" : null, "svalue" : 0, "sindex" : 0 },
			"Node_7" : { "leaf_value" : [ -2.2813075 ], "parent" : 3, "left" : null, "right" : null, "svalue" : 0, "sindex" : 0 },
			"Node_8" : { "leaf_value" : [ -6.7445331 ], "parent" : 3, "left" : null, "right" : null, "svalue" : 0, "sindex" : 0 }
		},
		"Tree_07" : {
			"Node_0" : { "leaf_value" : [ ], "parent" : null, "left" : 1, "right" : 2, "svalue" : 0.054151524, "sindex" : 2 },
			"Node_1" : { "leaf_value" : [ ], "parent" : 0, "left" : 3, "right" : 4, "svalue" : 0.05068012, "sindex" : 1 },
			"Node_2" : { "leaf_value" : [ 6.3766227 ], "parent" : 0, "left" : null, "right" : null, "svalue" : 0, "sindex" : 0 },
			"Node_3" : { "leaf_value" : [ ], "parent" : 1, "left" : 5, "right" : 6, "svalue" : 0.048640098, "sindex" : 6 },
			"Node_4" : { "leaf_value" : [ ], "parent" : 1, "left" : 7, "right" : 8, "svalue" : -0.0029449128, "sindex" : 4 },
			"Node_5" : { "leaf_value" : [ 4.5179067 ], "parent" : 3, "left" : null, "right" : null, "svalue" : 0, "sindex" : 0 },
			"Node_6" : { "leaf_value" : [ -3.2119091 ], "parent" : 3, "left" : null, "right" : null, "svalue" : 0, "sindex" : 0 },
			"Node_7" : { "leaf_value" : [ -5.6713138 ], "parent" : 4, "left" : null, "right" : null, "svalue" : 0, "sindex" : 0 },
			"Node_8" : { "leaf_value" : [ -2.0133679 ], "parent" : 4, "left" : null, "right" : null, "svalue" : 0, "sindex" : 0 }
		},
		"Tree_08" : {
			"Node_0" : { "leaf_value" : [ ], "parent" : null, "left" : 1, "right" : 2, "svalue" : 0.028758088, "sindex" : 3 },
			"Node_1" : { "leaf_value" : [ ], "parent" : 0, "left" : 3, "right" : 4, "svalue" : -0.0025922621, "sindex" : 7 },
			"Node_2" : { "leaf_value" : [ 4.6986704 ], "parent" : 0, "left" : null, "right" : null, "svalue" : 0, "sindex" : 0 },
			"Node_3" : { "leaf_value" : [ ], "parent" : 1, "left" : 5, "right" : 6, "svalue" : -0.015328488, "sindex" : 4 },
			"Node_4" : { "leaf_value" : [ 1.0206757 ], "parent" : 1, "left" : null, "right" : null, "svalue" : 0, "sindex" : 0 },
			"Node_5" : { "leaf_value" : [ -1.3942071 ], "parent" : 3, "left" : null, "right" : null, "svalue" : 0, "sindex" : 0 },
			"Node_6" : { "leaf_value" : [ -5.3066111 ], "parent" : 3, "left" : null, "right" : null, "svalue" : 0, "sindex" : 0 }
		},
		"Tree_09" : {
			"Node_0" : { "leaf_value" : [ ], "parent" : null, "left" : 1, "right" : 2, "svalue" : -0.015328488, "sindex" : 4 },
			"Node_1" : { "leaf_value" : [ ], "parent" : 0, "left" : 3, "right" : 4, "svalue" : -0.02595311, "sindex" : 8 },
			"Node_2" : { "leaf_value" : [ ], "parent" : 0, "left" : 5, "right" : 6, "svalue" : -0.0018820165, "sindex" : 0 },
			"Node_3" : { "leaf_value" : [ -1.9362977 ], "parent" : 1, "left" : null, "right" : null, "svalue" : 0, "sindex" : 0 },
			"Node_4" : { "leaf_value" : [ 9.3130875 ], "parent" : 1, "left" : null, "right" : null, "svalue" : 0, "sindex" : 0 },
			"Node_5" : { "leaf_value" : [ -6.8699107 ], "parent" : 2, "left" : null, "right" : null, "svalue" : 0, "sindex" : 0 },
			"Node_6" : { "leaf_value" : [ ], "parent" : 2, "left" : 7, "right" : 8, "svalue" : 0.0013387303, "sindex" : 2 },
			"Node_7" : { "leaf_value" : [ -2.7052078 ], "parent" : 6, "left" : null, "right" : null, "svalue" : 0, "sindex" : 0 },
			"Node_8" : { "leaf_value" : [ 5.0341148 ], "parent" : 6, "left" : null, "right" : null, "svalue" : 0, "sindex" : 0 }
		},
		"Tree_10" : {
			"Node_0" : { "leaf_value" : [ ], "parent" : null, "left" : 1, "right" : 2, "svalue" : 0.054151524, "sindex" : 2 },
			"Node_1" : { "leaf_value" : [ ], "parent" : 0, "left" : 3, "right" : 4, "svalue" : 0.05068012, "sindex" : 1 },
			"Node_2" : { "leaf_value" : [ 3.2168152 ], "parent" : 0, "left" : null, "right" : null, "svalue" : 0, "sindex" : 0 },
			"Node_3" : { "leaf_value" : [ ], "parent" : 1, "left" : 5, "right" : 6, "svalue" : 0.048640098, "sindex" : 6 },
			"Node_4" : { "leaf_value" : [ ], "parent" : 1, "left" : 7, "right" : 8, "svalue" : 0.0030644094, "sindex" : 9 },
			"Node_5" : { "leaf_value" : [ 3.4721859 ], "parent" : 3, "left" : null, "right" : null, "svalue" : 0, "sindex" : 0 },
			"Node_6" : { "leaf_value" : [ -1.4554431 ], "parent" : 3, "left" : null, "right" : null, "svalue" : 0, "sindex" : 0 },
			"Node_7" : { "leaf_value" : [ -0.99889141 ], "parent" : 4, "left" : null, "right" : null, "svalue" : 0, "sindex" : 0 },
			"Node_8" : { "leaf_value" : [ -4.9579506 ], "parent" : 4, "left" : null, "right" : null, "svalue" : 0, "sindex" : 0 }
		},
		"Tree_11" : {
			"Node_00" : { "leaf_value" : [ ], "parent" : null, "left" : 1, "right" : 2, "svalue" : -0.02595311, "sindex" : 8 },
			"Node_01" : { "leaf_value" : [ ], "parent" : 0, "left" : 3, "right" : 4, "svalue" : -0.051403873, "sindex" : 8 },
			"Node_02" : { "leaf_value" : [ ], "parent" : 0, "left" : 5, "right" : 6, "svalue" : -0.015328488, "sindex" : 4 },
			"Node_03" : { "leaf_value" : [ -0.44129679 ], "parent" : 1, "left" : null, "right" : null, "svalue" : 0, "sindex" : 0 },
			"Node_04" : { "leaf_value" : [ -3.6076257 ], "parent" : 1, "left" : null, "right" : null, "svalue" : 0, "sindex" : 0 },
			"Node_05" : { "leaf_value" : [ 6.5966225 ], "parent" : 2, "left" : null, "right" : null, "svalue" : 0, "sindex" : 0 },
			"Node_06" : { "leaf_value" : [ ], "parent" : 2, "left" : 7, "right" : 8, "svalue" : 0.04034337, "sindex" : 9 },
			"Node_07" : { "leaf_value" : [ ], "parent" : 6, "left" : 9, "right" : 10, "svalue" : 0.034205813, "sindex" : 4 },
			"Node_08" : { "leaf_value" : [ 3.0350149 ], "parent" : 6, "left" : null, "right" : null, "svalue" : 0, "sindex" : 0 },
			"Node_09" : { "leaf_value" : [ -3.4301267 ], "parent" : 7, "left" : null, "right" : null, "svalue" : 0, "sindex" : 0 },
			"Node_10" : { "leaf_value" : [ -2.013464 ], "parent" : 7, "left" : null, "right" : null, "svalue" : 0, "sindex" : 0 }
		},
		"Tree_12" : {
			"Node_0" : { "leaf_value" : [ ], "parent" : null, "left" : 1, "right" : 2, "svalue" : -0.043541782, "sindex" : 3 },
			"Node_1" : { "leaf_value" : [ -2.6456585 ], "parent" : 0, "left" : null, "right" : null, "svalue" : 0, "sindex" : 0 },
			"Node_2" : { "leaf_value" : [ ], "parent" : 0, "left" : 3, "right" : 4, "svalue" : -0.0018820165, "sindex" : 0 },
			"Node_3" : { "leaf_value" : [ -1.7003044 ], "parent" : 2, "left" : null, "right" : null, "svalue" : 0, "sindex" : 0 },
			"Node_4" : { "leaf_value" : [ ], "parent" : 2, "left" : 5, "right" : 6, "svalue" : 0.0037090604, "sindex" : 8 },
			"Node_5" : { "leaf_value" : [ -0.98706412 ], "parent" : 4, "left" : null, "right" : null, "svalue" : 0, "sindex" : 0 },
			"Node_6" : { "leaf_value" : [ 4.6582007 ], "parent" : 4, "left" : null, "right" : null, "svalue" : 0, "sindex" : 0 }
		},
		"Tree_13" : {
			"Node_0" : { "leaf_value" : [ ], "parent" : null, "left" : 1, "right" : 2, "svalue" : 0.032432325, "sindex" : 8 },
			"Node_1" : { "leaf_value" : [ ], "parent" : 0, "left" : 3, "right" : 4, "svalue" : 0.0037090604, "sindex" : 8 },
			"Node_2" : { "leaf_value" : [ -2.691926 ], "parent" : 0, "left" : null, "right" : null, "svalue" : 0, "sindex" : 0 },
			"Node_3" : { "leaf_value" : [ ], "parent" : 1, "left" : 5, "right" : 6, "svalue" : -0.025930339, "sindex" : 9 },
			"Node_4" : { "leaf_value" : [ 3.9599288 ], "parent" : 1, "left" : null, "right" : null, "svalue" : 0, "sindex" : 0 },
			"Node_5" : { "leaf_value" : [ ], "parent" : 3, "left" : 7, "right" : 8, "svalue" : -0.022884678, "sindex" : 3 },
			"Node_6" : { "leaf_value" : [ -2.1651318 ], "parent" : 3, "left" : null, "right" : null, "svalue" : 0, "sindex" : 0 },
			"Node_7" : { "leaf_value" : [ 2.8150759 ], "parent" : 5, "left" : null, "right" : null, "svalue" : 0, "sindex" : 0 },
			"Node_8" : { "leaf_value" : [ -0.54955846 ], "parent" : 5, "left" : null, "right" : null, "svalue" : 0, "sindex" : 0 }
		},
		"Tree_14" : {
			"Node_0" : { "leaf_value" : [ ], "parent" : null, "left" : 1, "right" : 2, "svalue" : 0.054151524, "sindex" : 2 },
			"Node_1" : { "leaf_value" : [ ], "parent" : 0, "left" : 3, "right" : 4, "svalue" : 0.0030644094, "sindex" : 9 },
			"Node_2" : { "leaf_value" : [ 2.0224483 ], "parent" : 0, "left" : null, "right" : null, "svalue" : 0, "sindex" : 0 },
			"Node_3" : { "leaf_value" : [ ], "parent" : 1, "left" : 5, "right" : 6, "svalue" : -0.015906263, "sindex" : 2 },
			"Node_4" : { "leaf_value" : [ -3.0573716 ], "parent" : 1, "left" : null, "right" : null, "svalue" : 0, "sindex" : 0 },
			"Node_5" : { "leaf_value" : [ ], "parent" : 3, "left" : 7, "right" : 8, "svalue" : 0.05068012, "sindex" : 1 },
			"Node_6" : { "leaf_value" : [ 2.9342585 ], "parent" : 3, "left" : null, "right" : null, "svalue" : 0, "sindex" : 0 },
			"Node_7" : { "leaf_value" : [ 1.204276 ], "parent" : 5, "left" : null, "right" : null, "svalue" : 0, "sindex" : 0 },
			"Node_8" : { "leaf_value" : [ -1.6991491 ], "parent" : 5, "left" : null, "right" : null, "svalue" : 0, "sindex" : 0 }
		},
		"Tree_15" : {
			"Node_0" : { "leaf_value" : [ ], "parent" : null, "left" : 1, "right" : 2, "svalue" : 0.032432325, "sindex" : 8 },
			"Node_1" : { "leaf_value" : [ ], "parent" : 0, "left" : 3, "right" : 4, "svalue" : -0.02595311, "sindex" : 8 },
			"Node_2" : { "leaf_value" : [ -2.0512002 ], "parent" : 0, "left" : null, "right" : null, "svalue" : 0, "sindex" : 0 },
			"Node_3" : { "leaf_value" : [ ], "parent" : 1, "left" : 5, "right" : 6, "svalue" : -0.051403873, "sindex" : 8 },
			"Node_4" : { "leaf_value" : [ ], "parent" : 1, "left" : 7, "right" : 8, "svalue" : 0.05068012, "sindex" : 1 },
			"Node_5" : { "leaf_value" : [ -0.0051128683 ], "parent" : 3, "left" : null, "right" : null, "svalue" : 0, "sindex" : 0 },
			"Node_6" : { "leaf_value" : [ -2.469712 ], "parent" : 3, "left" : null, "right" : null, "svalue" : 0, "sindex" : 0 },
			"Node_7" : { "leaf_value" : [ 5.6970358 ], "parent" : 4, "left" : null, "right" : null, "svalue" : 0, "sindex" : 0 },
			"Node_8" : { "leaf_value" : [ -0.80928928 ], "parent" : 4, "left" : null, "right" : null, "svalue" : 0, "sindex" : 0 }
		}
	}
}
MODEL_JSON_DUMP_END
MCU_DEPLOY_REGRESSION_CODE MODEL_PREDICT_STEP
MLLITE_AUTO_DEPLOY_DIABETES_SMALL_APPLY_OUTPUT_REG  [ 116.39076, 204.86351, 59.017902, 254.44141, 59.501488,  ... , 256.89627, 251.85814, 220.8302, 157.35237, 91.795593 ]
MCU_DEPLOY_REGRESSION_CODE MODEL_COMPUTE_PERF_STEP
MLLITE_AUTO_DEPLOY_DIABETES_SMALL_REG_PERFS { "count" : 64, "rmse" : 28.738728, "mape" : 0.18031283, "R2" : 0.87358916 }
This will be printed
MCU_DEPLOY_REGRESSION_CODE ALL_STEPS_OK
MCU_DEPLOY_REGRESSION_CODE done
MLLITE_MCU_TIMER_OPERATION_ELAPSED_SECONDS 'MLLITE.MCU_DEPLOY.REGRESSION.Friedman_XGB.DIABETES_SMALL' 0
MLLITE_MCU_TIMER_OPERATION_END 'MLLITE.MCU_DEPLOY.REGRESSION.Friedman_XGB.DIABETES_SMALL' [ 'Sat Feb  3 21:09:34 2024' ]
MCU_DEPLOY_ON_TARGET_ARMV7_32_END
