MCU_DEPLOY_ON_TARGET_ARMV7_32_START
MLLITE_MCU_TIMER_OPERATION_START 'MLLITE.MCU_DEPLOY.REGRESSION.Vapnik_NuSVR_RBF.FREIDMAN3_MEDIUM' [ 'Tue Jan 30 11:35:58 2024' ]
MLLite starting
MCU_DEPLOY_REGRESSION_CODE CREATE_DATASET_STEP
MCU_DEPLOY_REGRESSION_CODE CREATE_MODEL_STEP
MCU_DEPLOY_REGRESSION_MODEL_OPTIONS
{"svm_type" : "c_svc", "kernel" : "rbf", "degree" : 3, "gamma" : 0, "coef0" : 0, "cache_size" : 10240, "tol" : 0.001, "nu" : 1, "epsilon" : 0, "shrinking" : 0, "probability" : 1, "C" : 1, "max_iter" : 30, "random_state" : 1789 }
MCU_DEPLOY_REGRESSION_CODE FIT_MODEL_STEP
PROGRESS_REPORT_ELAPSED_TOTAL 'SVM_NU_REGRESSOR_FIT' 1 4
PROGRESS_REPORT_ELAPSED_TOTAL 'SVM_NU_REGRESSOR_FIT' 2 4
PROGRESS_REPORT_ELAPSED_TOTAL 'SVM_NU_REGRESSOR_FIT' 3 4
PROGRESS_REPORT_ELAPSED_TOTAL 'SVM_SOLVER_ITERATION:NuSVR_Global' 3 30
PROGRESS_REPORT_ELAPSED_TOTAL 'SVM_SOLVER_ITERATION:NuSVR_Global' 6 30
PROGRESS_REPORT_ELAPSED_TOTAL 'SVM_SOLVER_ITERATION:NuSVR_Global' 9 30
PROGRESS_REPORT_ELAPSED_TOTAL 'SVM_SOLVER_ITERATION:NuSVR_Global' 12 30
PROGRESS_REPORT_ELAPSED_TOTAL 'SVM_SOLVER_ITERATION:NuSVR_Global' 15 30
PROGRESS_REPORT_ELAPSED_TOTAL 'SVM_SOLVER_ITERATION:NuSVR_Global' 18 30
PROGRESS_REPORT_ELAPSED_TOTAL 'SVM_SOLVER_ITERATION:NuSVR_Global' 21 30
PROGRESS_REPORT_ELAPSED_TOTAL 'SVM_SOLVER_ITERATION:NuSVR_Global' 24 30
PROGRESS_REPORT_ELAPSED_TOTAL 'SVM_SOLVER_ITERATION:NuSVR_Global' 27 30
PROGRESS_REPORT_ELAPSED_TOTAL 'SVM_SOLVER_ITERATION:NuSVR_Global' 30 30
PROGRESS_REPORT_ELAPSED_TOTAL 'SVM_NU_REGRESSOR_FIT' 4 4
MCU_DEPLOY_REGRESSION_CODE MODEL_JSON_EXPORT_STEP
MODEL_JSON_DUMP_START
{
	"metadata" : { "model" : "Vapnik_NuSVR_RBF", "version" : "2024-W04"},
	"options" : {"svm_type" : "nu_svr", "kernel" : "rbf", "degree" : 3, "gamma" : 1.2653138e-06, "coef0" : 0, "cache_size" : 10240, "tol" : 0.001, "nu" : 1, "epsilon" : 0, "shrinking" : 0, "probability" : 0, "C" : 1, "max_iter" : 30, "random_state" : 1789 },
	"svm_model" : {
	"classes" : 2,
	"L" : 55,
	"SupportVectors" : {
		"SV_00" : [ 45.688717, 609.09253, 0.59196806, 7.4492683 ],
		"SV_01" : [ 92.630493, 1621.6219, 0.99709725, 3.905369 ],
		"SV_02" : [ 76.131752, 526.79199, 0.7166186, 5.2027898 ],
		"SV_03" : [ 40.067005, 524.2475, 0.46325052, 1.5229123 ],
		"SV_04" : [ 64.806686, 1046.1459, 0.071194857, 8.0480556 ],
		"SV_05" : [ 7.3219814, 487.75284, 0.99331743, 5.3409562 ],
		"SV_06" : [ 48.198017, 353.10425, 0.72514343, 10.405507 ],
		"SV_07" : [ 71.041054, 1540.8798, 0.05610295, 6.0554485 ],
		"SV_08" : [ 13.280704, 643.7168, 0.52081394, 4.8420787 ],
		"SV_09" : [ 66.659485, 625.47736, 0.70591885, 4.356689 ],
		"SV_10" : [ 82.923828, 1535.9976, 0.28753746, 7.3968349 ],
		"SV_11" : [ 76.304665, 377.45093, 0.18136196, 6.9391031 ],
		"SV_12" : [ 11.772216, 671.2641, 0.17275743, 1.5737289 ],
		"SV_13" : [ 41.761013, 1756.4532, 0.074700214, 8.0843248 ],
		"SV_14" : [ 67.712112, 367.32373, 0.90727353, 4.5504308 ],
		"SV_15" : [ 85.125381, 1049.0269, 0.039135717, 3.1868987 ],
		"SV_16" : [ 29.812233, 273.76379, 0.97179765, 6.2075782 ],
		"SV_17" : [ 38.088467, 1321.2975, 0.052940726, 10.429984 ],
		"SV_18" : [ 52.784882, 1453.1261, 0.32962042, 1.0354912 ],
		"SV_19" : [ 44.762737, 1255.2015, 0.59154648, 2.7542467 ],
		"SV_20" : [ 2.0703053, 957.5451, 0.73787612, 2.5357087 ],
		"SV_21" : [ 15.098896, 889.2923, 0.38269335, 8.7006235 ],
		"SV_22" : [ 34.347893, 205.92812, 0.72002012, 9.4146776 ],
		"SV_23" : [ 19.900188, 265.24976, 0.6358729, 4.5463467 ],
		"SV_24" : [ 10.735011, 265.42081, 0.26094967, 2.285511 ],
		"SV_25" : [ 75.648438, 442.5603, 0.035123195, 1.3341463 ],
		"SV_26" : [ 17.761709, 423.49832, 0.13527021, 10.148129 ],
		"SV_27" : [ 39.016674, 895.29468, 0.99203134, 3.3338661 ],
		"SV_28" : [ 78.286156, 508.15906, 0.25220129, 1.4248738 ],
		"SV_29" : [ 87.148712, 1656.8273, 0.29212716, 10.007549 ],
		"SV_30" : [ 31.518255, 1755.0282, 0.58619046, 5.4559822 ],
		"SV_31" : [ 17.373148, 483.68024, 0.68522871, 2.7280436 ],
		"SV_32" : [ 11.179132, 444.20483, 0.20222023, 7.8095369 ],
		"SV_33" : [ 38.291386, 635.12128, 0.27188998, 7.067709 ],
		"SV_34" : [ 14.950633, 1426.6703, 0.33386603, 2.6581533 ],
		"SV_35" : [ 81.412109, 1254.3744, 0.19422613, 8.1647615 ],
		"SV_36" : [ 69.79232, 473.44794, 0.23354627, 3.4110725 ],
		"SV_37" : [ 66.0121, 216.12747, 0.56466311, 3.0905492 ],
		"SV_38" : [ 39.873802, 428.04825, 0.23538397, 2.1760433 ],
		"SV_39" : [ 57.693111, 275.25113, 0.52722692, 3.112807 ],
		"SV_40" : [ 22.605108, 1660.837, 0.73112428, 9.3745556 ],
		"SV_41" : [ 78.244774, 702.2146, 0.1832118, 9.4345274 ],
		"SV_42" : [ 18.503828, 532.34448, 0.72185099, 10.655538 ],
		"SV_43" : [ 43.550098, 1462.972, 0.93914497, 3.1503353 ],
		"SV_44" : [ 44.357746, 674.88531, 0.2202685, 3.0323114 ],
		"SV_45" : [ 97.541664, 130.00923, 0.36612737, 5.345118 ],
		"SV_46" : [ 15.123654, 486.95749, 0.12354248, 2.3656766 ],
		"SV_47" : [ 45.437614, 168.8412, 0.34381741, 3.2799625 ],
		"SV_48" : [ 85.409492, 865.74768, 0.0021067858, 1.6571081 ],
		"SV_49" : [ 26.014614, 517.57343, 0.15685952, 6.909534 ],
		"SV_50" : [ 7.7376323, 682.63812, 0.94332987, 1.5690795 ],
		"SV_51" : [ 22.116344, 1162.774, 0.67574018, 4.9345918 ],
		"SV_52" : [ 59.32542, 1558.8446, 0.7421698, 4.2228618 ],
		"SV_53" : [ 52.067585, 534.25616, 0.15516393, 8.5265379 ],
		"SV_54" : [ 0.74392861, 167.01074, 0.92484379, 10.614025 ]
	},
	"SupportVectorsCoefs" : {
		"SV_coef_0" : [ 1, 1, 1, 1, -1, 1, 1, -1, 1, 1, -1, -1, -1, -1, 1, -1, 1, -1, -1, 1, 1, 1, 1, 1, 1, -1, -1, 1, -1, -1, 1, 1, 0.61192518, -1, 1, -1, -1, -1, -1, -1, 1, -1, 1, 1, -1, -1, -1, -1, -1, -1, 1, 1, 0.38807487, -1, 1 ]
	},
	"rho" : [ -1.4275668 ],
	"nSV" : [ ],
	"probA" : [ ],
	"probB" : [ ],
	"n_iter" : [ 30 ],
	"sv_ind" : [ 0, 1, 2, 3, 7, 8, 9, 10, 11, 12, 13, 15, 17, 19, 23, 24, 25, 28, 29, 30, 37, 38, 40, 41, 44, 46, 49, 52, 53, 56, 60, 62, 63, 64, 68, 71, 72, 73, 77, 79, 80, 81, 82, 83, 84, 85, 87, 89, 91, 93, 94, 95, 96, 98, 99 ]
}
}
MODEL_JSON_DUMP_END
MCU_DEPLOY_REGRESSION_CODE MODEL_PREDICT_STEP
MLLITE_AUTO_DEPLOY_FREIDMAN3_MEDIUM_APPLY_OUTPUT_REG  [ 1.509649, 1.2080721, 1.4975508, 1.5473309, 1.453229,  ... , 1.3088442, 1.2261221, 1.2504071, 1.5279152, 1.6517234 ]
MCU_DEPLOY_REGRESSION_CODE MODEL_COMPUTE_PERF_STEP
MLLITE_AUTO_DEPLOY_FREIDMAN3_MEDIUM_REG_PERFS { "count" : 100, "rmse" : 0.34349287, "mape" : 0.89323455, "R2" : -0.49516869 }
This will be printed
MCU_DEPLOY_REGRESSION_CODE ALL_STEPS_OK
MCU_DEPLOY_REGRESSION_CODE done
MLLITE_MCU_TIMER_OPERATION_ELAPSED_SECONDS 'MLLITE.MCU_DEPLOY.REGRESSION.Vapnik_NuSVR_RBF.FREIDMAN3_MEDIUM' 0
MLLITE_MCU_TIMER_OPERATION_END 'MLLITE.MCU_DEPLOY.REGRESSION.Vapnik_NuSVR_RBF.FREIDMAN3_MEDIUM' [ 'Tue Jan 30 11:35:58 2024' ]
MCU_DEPLOY_ON_TARGET_ARMV7_32_END
