MCU_DEPLOY_ON_TARGET_ARMV7_32_START
MLLITE_MCU_TIMER_OPERATION_START 'MLLITE.MCU_DEPLOY.REGRESSION.Vapnik_SVR_RBF.DIABETES_SMALL' [ 'Sat Feb  3 21:09:35 2024' ]
MLLite starting
MCU_DEPLOY_REGRESSION_CODE CREATE_DATASET_STEP
MCU_DEPLOY_REGRESSION_CODE CREATE_MODEL_STEP
MCU_DEPLOY_REGRESSION_MODEL_OPTIONS
{"svm_type" : "c_svc", "kernel" : "rbf", "degree" : 3, "gamma" : 0, "coef0" : 0, "cache_size" : 10240, "tol" : 0.001, "nu" : 0.5, "epsilon" : 0, "shrinking" : 0, "probability" : 1, "C" : 1, "max_iter" : 30, "random_state" : 1789 }
MCU_DEPLOY_REGRESSION_CODE FIT_MODEL_STEP
PROGRESS_REPORT_ELAPSED_TOTAL 'SVM_REGRESSOR_FIT' 1 4
PROGRESS_REPORT_ELAPSED_TOTAL 'SVM_REGRESSOR_FIT' 2 4
PROGRESS_REPORT_ELAPSED_TOTAL 'SVM_REGRESSOR_FIT' 3 4
PROGRESS_REPORT_ELAPSED_TOTAL 'SVM_SOLVER_ITERATION:SVR_Global' 3 30
PROGRESS_REPORT_ELAPSED_TOTAL 'SVM_SOLVER_ITERATION:SVR_Global' 6 30
PROGRESS_REPORT_ELAPSED_TOTAL 'SVM_SOLVER_ITERATION:SVR_Global' 9 30
PROGRESS_REPORT_ELAPSED_TOTAL 'SVM_SOLVER_ITERATION:SVR_Global' 12 30
PROGRESS_REPORT_ELAPSED_TOTAL 'SVM_SOLVER_ITERATION:SVR_Global' 15 30
PROGRESS_REPORT_ELAPSED_TOTAL 'SVM_SOLVER_ITERATION:SVR_Global' 18 30
PROGRESS_REPORT_ELAPSED_TOTAL 'SVM_SOLVER_ITERATION:SVR_Global' 21 30
PROGRESS_REPORT_ELAPSED_TOTAL 'SVM_SOLVER_ITERATION:SVR_Global' 24 30
PROGRESS_REPORT_ELAPSED_TOTAL 'SVM_SOLVER_ITERATION:SVR_Global' 27 30
PROGRESS_REPORT_ELAPSED_TOTAL 'SVM_SOLVER_ITERATION:SVR_Global' 30 30
PROGRESS_REPORT_ELAPSED_TOTAL 'SVM_REGRESSOR_FIT' 4 4
MCU_DEPLOY_REGRESSION_CODE MODEL_JSON_EXPORT_STEP
MODEL_JSON_DUMP_START
{
	"metadata" : { "model" : "Vapnik_SVR_RBF", "version" : "2024-W04"},
	"options" : {"svm_type" : "epsilon_svr", "kernel" : "rbf", "degree" : 3, "gamma" : 45.754257, "coef0" : 0, "cache_size" : 10240, "tol" : 0.001, "nu" : 0.5, "epsilon" : 0.1, "shrinking" : 0, "probability" : 0, "C" : 1, "max_iter" : 30, "random_state" : 1789 },
	"dataset" : { "dataset_rows" : 64, "dataset_features" : 10 },
	"svm_model" : {
	"classes" : 2,
	"L" : 56,
	"SupportVectors" : {
		"SV_00" : [ 0.038075905, 0.05068012, -0.0094393902, 0.0023514205, 0.0011829459, 0.037516531, -0.054445758, 0.050176341, -0.02595311, 0.10661709 ],
		"SV_01" : [ 0.081666365, 0.05068012, 0.0013387303, 0.03564379, 0.12639466, 0.091064923, 0.019186998, 0.034308858, 0.084491529, -0.030072445 ],
		"SV_02" : [ 0.041708443, -0.044641636, -0.008361578, -0.026327528, 0.024574144, 0.016222436, 0.070729926, -0.039493382, -0.04835926, -0.030072445 ],
		"SV_03" : [ -0.041839939, -0.044641636, 0.12852055, 0.063186601, -0.033215877, -0.032628722, 0.011823721, -0.039493382, -0.015998872, -0.050782982 ],
		"SV_04" : [ 0.023545753, 0.05068012, -0.030995632, -0.0056704222, -0.016704442, 0.017788179, -0.032355931, -0.0025922621, -0.074092604, -0.034214552 ],
		"SV_05" : [ 0.016280675, 0.05068012, 0.014272476, 0.0012152797, 0.0011829459, -0.021355379, -0.032355931, 0.034308858, 0.074965723, 0.04034337 ],
		"SV_06" : [ -0.085430399, -0.044641636, -0.0040503298, -0.0091132736, -0.0029449128, 0.0077674282, 0.022868635, -0.039493382, -0.061175801, -0.013504018 ],
		"SV_07" : [ -0.0018820165, -0.044641636, 0.033673093, 0.12515791, 0.024574144, 0.026243187, -0.010266106, -0.0025922621, 0.026716841, 0.061053906 ],
		"SV_08" : [ -0.052737556, -0.044641636, 0.071396515, -0.074527442, -0.015328488, -0.0013138774, 0.0044604456, -0.021411834, -0.046882533, 0.0030644094 ],
		"SV_09" : [ -0.060002632, 0.05068012, 0.015350288, -0.019441826, 0.036957718, 0.048163578, 0.019186998, -0.0025922621, -0.030747918, -0.0010776975 ],
		"SV_10" : [ 0.0090155993, 0.05068012, 0.06924089, 0.059743747, 0.01769438, -0.023234271, -0.047082484, 0.034308858, 0.10329702, 0.073480226 ],
		"SV_11" : [ -0.096328013, -0.044641636, -0.076263741, -0.043541782, -0.045599449, -0.034820762, 0.0081420839, -0.039493382, -0.059471183, -0.083919838 ],
		"SV_12" : [ -0.060002632, 0.05068012, -0.047162812, -0.022884678, -0.071742557, -0.057680599, -0.0065844678, -0.039493382, -0.062916882, -0.054925088 ],
		"SV_13" : [ 0.045340985, -0.044641636, 0.071396515, 0.0012152797, -0.0098246774, -0.0010007289, 0.01550536, -0.039493382, -0.041176166, -0.071493514 ],
		"SV_14" : [ 0.027178291, -0.044641636, -0.0072837663, -0.050427485, 0.075484402, 0.056618586, 0.033913549, -0.0025922621, 0.04344397, 0.01549073 ],
		"SV_15" : [ 0.067136213, -0.044641636, -0.06117437, -0.040098932, -0.026336111, -0.024486864, 0.033913549, -0.039493382, -0.056153104, -0.059067193 ],
		"SV_16" : [ 0.030810829, -0.044641636, -0.033151258, -0.022884678, -0.046975404, -0.081166737, 0.10386467, -0.076394506, -0.039808828, -0.054925088 ],
		"SV_17" : [ 0.074401289, -0.044641636, 0.114509, 0.028758088, 0.024574144, 0.024990594, 0.019186998, -0.0025922621, -0.00061173533, -0.0052198046 ],
		"SV_18" : [ 0.0017505219, 0.05068012, -0.005128142, -0.012556124, -0.015328488, -0.013839816, 0.0081420839, -0.039493382, -0.0060810968, -0.067351408 ],
		"SV_19" : [ -0.1035931, 0.05068012, -0.023450946, -0.022884678, -0.086878039, -0.067701355, -0.017629381, -0.039493382, -0.078139938, -0.071493514 ],
		"SV_20" : [ 0.023545753, 0.05068012, -0.020217512, -0.036656082, -0.013952536, -0.01509241, 0.059685014, -0.039493382, -0.096434951, -0.017646125 ],
		"SV_21" : [ -0.016412171, 0.05068012, 0.0024165425, 0.014986684, 0.021822238, -0.010082034, -0.024992656, 0.034308858, 0.085530706, 0.081764437 ],
		"SV_22" : [ 0.056238599, 0.05068012, 0.009961227, 0.049415193, -0.0043208655, -0.012274073, -0.043400846, 0.034308858, 0.060790963, 0.032059159 ],
		"SV_23" : [ 0.067136213, -0.044641636, 0.036906529, -0.050427485, -0.023584206, -0.034507614, 0.048640098, -0.039493382, -0.02595311, -0.038356658 ],
		"SV_24" : [ -0.052737556, 0.05068012, 0.039062154, -0.040098932, -0.0056968182, -0.01290037, 0.011823721, -0.039493382, 0.016306823, 0.0030644094 ],
		"SV_25" : [ 0.038075905, 0.05068012, -0.029917819, -0.074527442, -0.012576583, -0.012587222, 0.0044604456, -0.0025922621, 0.0037090604, -0.030072445 ],
		"SV_26" : [ -0.070900247, -0.044641636, -0.0040503298, -0.040098932, -0.066238746, -0.078661546, 0.052321736, -0.076394506, -0.051403873, -0.034214552 ],
		"SV_27" : [ 0.019913213, 0.05068012, 0.10480869, 0.070072301, -0.035967782, -0.026678903, -0.024992656, -0.0025922621, 0.0037090604, 0.04034337 ],
		"SV_28" : [ -0.016412171, -0.044641636, -0.052551873, -0.033213232, -0.044223499, -0.036386505, 0.019186998, -0.039493382, -0.068331547, -0.030072445 ],
		"SV_29" : [ -0.0055145551, 0.05068012, 0.0013387303, -0.084855996, -0.01120063, -0.016658152, 0.048640098, -0.039493382, -0.041176166, -0.088061944 ],
		"SV_30" : [ 0.045340985, 0.05068012, -0.008361578, -0.033213232, -0.0070727714, 0.0011913102, -0.039719209, 0.034308858, 0.029934648, 0.027917052 ],
		"SV_31" : [ -0.0018820165, 0.05068012, 0.030439656, 0.052858043, 0.039709628, 0.056618586, -0.039719209, 0.071209982, 0.025395079, 0.027917052 ],
		"SV_32" : [ 0.012648137, 0.05068012, -0.020217512, -0.0022275713, 0.038333673, 0.053173956, -0.0065844678, 0.034308858, -0.00514219, -0.0093619116 ],
		"SV_33" : [ 0.0090155993, -0.044641636, -0.032073446, -0.026327528, 0.042461533, -0.010395183, 0.15908924, -0.076394506, -0.011896851, -0.038356658 ],
		"SV_34" : [ 0.016280675, -0.044641636, 0.020739349, 0.021872386, -0.013952536, -0.013213519, -0.0065844678, -0.0025922621, 0.013316905, 0.04034337 ],
		"SV_35" : [ 0.041708443, 0.05068012, 0.071396515, 0.0081009818, 0.038333673, 0.015909288, -0.017629381, 0.034308858, 0.073406957, 0.08590655 ],
		"SV_36" : [ 0.048973523, 0.05068012, 0.074629955, 0.066629447, -0.0098246774, -0.0022533229, -0.043400846, 0.034308858, 0.033653814, 0.019632837 ],
		"SV_37" : [ -0.027309787, 0.05068012, -0.05578531, 0.025315236, -0.0070727714, -0.023547418, 0.052321736, -0.039493382, -0.00514219, -0.050782982 ],
		"SV_38" : [ -0.052737556, -0.044641636, 0.054151524, -0.026327528, -0.05523112, -0.033881318, -0.013947743, -0.039493382, -0.074092604, -0.059067193 ],
		"SV_39" : [ -0.041839939, -0.044641636, -0.066563427, -0.046984635, -0.037343733, -0.04327577, 0.048640098, -0.039493382, -0.056153104, -0.013504018 ],
		"SV_40" : [ 0.0090155993, -0.044641636, -0.012672827, 0.028758088, -0.018080395, -0.0050716591, -0.047082484, 0.034308858, 0.023371415, -0.0052198046 ],
		"SV_41" : [ 0.045340985, -0.044641636, -0.0062059541, -0.015998974, 0.1250187, 0.1251981, 0.019186998, 0.034308858, 0.032432325, -0.0052198046 ],
		"SV_42" : [ 0.023545753, 0.05068012, -0.0191397, 0.049415193, -0.063486837, -0.061125234, 0.0044604456, -0.039493382, -0.02595311, -0.013504018 ],
		"SV_43" : [ 0.0090155993, -0.044641636, -0.020217512, -0.053870335, 0.031453907, 0.020606514, 0.056003377, -0.039493382, -0.01090325, -0.0010776975 ],
		"SV_44" : [ 0.034443367, -0.044641636, -0.038540315, -0.012556124, 0.0094386628, 0.0052622403, -0.0065844678, -0.0025922621, 0.031192603, 0.098332867 ],
		"SV_45" : [ -0.099960558, -0.044641636, -0.067641243, -0.10895595, -0.074494459, -0.072711729, 0.01550536, -0.039493382, -0.049872451, -0.0093619116 ],
		"SV_46" : [ 0.0053830603, -0.044641636, 0.058462769, -0.043541782, -0.073118508, -0.072398581, 0.019186998, -0.076394506, -0.051403873, -0.025930339 ],
		"SV_47" : [ -0.049105015, -0.044641636, 0.16085492, -0.046984635, -0.029088017, -0.019789636, -0.047082484, 0.034308858, 0.028020373, 0.011348623 ],
		"SV_48" : [ -0.034574863, 0.05068012, -0.05578531, -0.015998974, -0.0098246774, -0.0078899954, 0.037595186, -0.039493382, -0.052962642, 0.027917052 ],
		"SV_49" : [ 0.019913213, -0.044641636, 0.0045721666, 0.045972344, -0.018080395, -0.054549117, 0.063366652, -0.039493382, 0.028658465, 0.061053906 ],
		"SV_50" : [ 0.016280675, 0.05068012, -0.046085, 0.011543833, -0.033215877, -0.016031856, -0.010266106, -0.0025922621, -0.043983772, -0.042498767 ],
		"SV_51" : [ 0.045340985, 0.05068012, 0.068163082, 0.0081009818, -0.016704442, 0.0046359436, -0.076535583, 0.071209982, 0.032432325, -0.017646125 ],
		"SV_52" : [ -0.027309787, 0.05068012, 0.060618393, 0.10794366, 0.012190569, -0.017597597, -0.0029028298, -0.0025922621, 0.07020738, 0.13561183 ],
		"SV_53" : [ -0.0018820165, -0.044641636, 0.054151524, -0.066505596, 0.072732493, 0.056618586, -0.043400846, 0.084863394, 0.084491529, 0.048627585 ],
		"SV_54" : [ 0.045340985, -0.044641636, -0.0062059541, 0.011543833, 0.063100822, 0.016222436, 0.096501388, -0.039493382, 0.042897034, -0.038356658 ],
		"SV_55" : [ -0.041839939, -0.044641636, -0.033151258, -0.022884678, 0.046589389, 0.041587461, 0.056003377, -0.024732934, -0.02595311, -0.038356658 ]
	},
	"SupportVectorsCoefs" : {
		"SV_coef_0" : [ -1, 1, -1, 1, -1, 1, -1, 1, -1, -1, 1, 1, -1, 1, -1, -1, -1, 1, -1, -1, -1, -1, 1, -1, -1, -1, -1, 1, 1, -1, 1, 1, -1, -1, 1, 1, 1, -1, 1, -1, 1, 1, 1, -1, 1, -1, 1, 1, -1, 1, -1, 1, 1, 1, 1, -1 ]
	},
	"rho" : [ 43765.719 ],
	"nSV" : [ ],
	"probA" : [ ],
	"probB" : [ ],
	"n_iter" : [ 30 ],
	"sv_ind" : [ 0, 1, 2, 3, 4, 5, 7, 8, 10, 11, 12, 13, 14, 15, 16, 17, 18, 19, 21, 22, 23, 24, 25, 26, 27, 29, 30, 31, 32, 33, 34, 35, 36, 37, 38, 39, 40, 42, 43, 44, 45, 47, 49, 50, 51, 52, 53, 54, 56, 57, 58, 59, 60, 61, 62, 63 ]
}
}
MODEL_JSON_DUMP_END
MCU_DEPLOY_REGRESSION_CODE MODEL_PREDICT_STEP
MLLITE_AUTO_DEPLOY_DIABETES_SMALL_APPLY_OUTPUT_REG  [ -43764.461, -43763.738, -43771.133, -43763.562, -43770.457,  ... , -43761.41, -43761.961, -43763.277, -43767.25, -43771.289 ]
MCU_DEPLOY_REGRESSION_CODE MODEL_COMPUTE_PERF_STEP
MLLITE_AUTO_DEPLOY_DIABETES_SMALL_REG_PERFS { "count" : 64, "rmse" : 43910.609, "mape" : 418.39267, "R2" : -295111.94 }
This will be printed
MCU_DEPLOY_REGRESSION_CODE ALL_STEPS_OK
MCU_DEPLOY_REGRESSION_CODE done
MLLITE_MCU_TIMER_OPERATION_ELAPSED_SECONDS 'MLLITE.MCU_DEPLOY.REGRESSION.Vapnik_SVR_RBF.DIABETES_SMALL' 0
MLLITE_MCU_TIMER_OPERATION_END 'MLLITE.MCU_DEPLOY.REGRESSION.Vapnik_SVR_RBF.DIABETES_SMALL' [ 'Sat Feb  3 21:09:35 2024' ]
MCU_DEPLOY_ON_TARGET_ARMV7_32_END
