MCU_DEPLOY_ON_TARGET_ARMV7_32_START
MLLITE_MCU_TIMER_OPERATION_START 'MLLITE.MCU_DEPLOY.REGRESSION.Friedman_XGB.FREIDMAN3_MEDIUM' [ 'Sat Feb  3 21:09:36 2024' ]
MLLite starting
MCU_DEPLOY_REGRESSION_CODE CREATE_DATASET_STEP
MCU_DEPLOY_REGRESSION_CODE CREATE_MODEL_STEP
MCU_DEPLOY_REGRESSION_MODEL_OPTIONS
{ "base_score" : [ ], "early_stopping_rounds" : 0, "eval_metric" : "", "gamma" : 0, "grow_policy" : 0, "learning_rate" : 0.30000001, "max_bin" : 5, "max_depth" : 6, "max_leaves" : 32, "min_child_weight" : 10, "n_estimators" : 16, "objective" : "reg:squarederror", "reg_alpha" : 0, "reg_lambda" : 1, "tree_method" : "auto" }
MCU_DEPLOY_REGRESSION_CODE FIT_MODEL_STEP
PROGRESS_REPORT_ELAPSED_TOTAL 'XGB_MODEL_FIT' 1 18
PROGRESS_REPORT_ELAPSED_TOTAL 'XGB_MODEL_FIT' 2 18
PROGRESS_REPORT_ELAPSED_TOTAL 'XGB_MODEL_FIT' 3 18
PROGRESS_REPORT_ELAPSED_TOTAL 'XGB_MODEL_FIT' 4 18
PROGRESS_REPORT_ELAPSED_TOTAL 'XGB_MODEL_FIT' 5 18
PROGRESS_REPORT_ELAPSED_TOTAL 'XGB_MODEL_FIT' 6 18
PROGRESS_REPORT_ELAPSED_TOTAL 'XGB_MODEL_FIT' 7 18
PROGRESS_REPORT_ELAPSED_TOTAL 'XGB_MODEL_FIT' 8 18
PROGRESS_REPORT_ELAPSED_TOTAL 'XGB_MODEL_FIT' 9 18
PROGRESS_REPORT_ELAPSED_TOTAL 'XGB_MODEL_FIT' 10 18
PROGRESS_REPORT_ELAPSED_TOTAL 'XGB_MODEL_FIT' 11 18
PROGRESS_REPORT_ELAPSED_TOTAL 'XGB_MODEL_FIT' 12 18
PROGRESS_REPORT_ELAPSED_TOTAL 'XGB_MODEL_FIT' 13 18
PROGRESS_REPORT_ELAPSED_TOTAL 'XGB_MODEL_FIT' 14 18
PROGRESS_REPORT_ELAPSED_TOTAL 'XGB_MODEL_FIT' 15 18
PROGRESS_REPORT_ELAPSED_TOTAL 'XGB_MODEL_FIT' 16 18
PROGRESS_REPORT_ELAPSED_TOTAL 'XGB_MODEL_FIT' 17 18
PROGRESS_REPORT_ELAPSED_TOTAL 'XGB_MODEL_FIT' 18 18
MCU_DEPLOY_REGRESSION_CODE MODEL_JSON_EXPORT_STEP
MODEL_JSON_DUMP_START
{
	"metadata" : { "model" : "Friedman_XGB", "version" : "2024-W04"},
	"options" : { "base_score" : [ ], "early_stopping_rounds" : 0, "eval_metric" : "", "gamma" : 0, "grow_policy" : 0, "learning_rate" : 0.30000001, "max_bin" : 5, "max_depth" : 6, "max_leaves" : 32, "min_child_weight" : 10, "n_estimators" : 16, "objective" : "reg:squarederror", "reg_alpha" : 0, "reg_lambda" : 1, "tree_method" : "auto" },
	"dataset" : { "dataset_rows" : 100, "dataset_features" : 4 },
	"booster" : {
		"BaseScore" : [ 1.3403542 ],
		"Trees" : 16,
		"Tree_00" : {
			"Node_00" : { "leaf_value" : [ ], "parent" : null, "left" : 1, "right" : 2, "svalue" : 0.23538397, "sindex" : 2 },
			"Node_01" : { "leaf_value" : [ -0.088179946 ], "parent" : 0, "left" : null, "right" : null, "svalue" : 0, "sindex" : 0 },
			"Node_02" : { "leaf_value" : [ ], "parent" : 0, "left" : 3, "right" : 4, "svalue" : 444.20483, "sindex" : 1 },
			"Node_03" : { "leaf_value" : [ -0.031424146 ], "parent" : 2, "left" : null, "right" : null, "svalue" : 0, "sindex" : 0 },
			"Node_04" : { "leaf_value" : [ ], "parent" : 2, "left" : 5, "right" : 6, "svalue" : 76.304665, "sindex" : 0 },
			"Node_05" : { "leaf_value" : [ ], "parent" : 4, "left" : 7, "right" : 8, "svalue" : 40.263954, "sindex" : 0 },
			"Node_06" : { "leaf_value" : [ 0.01240469 ], "parent" : 4, "left" : null, "right" : null, "svalue" : 0, "sindex" : 0 },
			"Node_07" : { "leaf_value" : [ 0.052070279 ], "parent" : 5, "left" : null, "right" : null, "svalue" : 0, "sindex" : 0 },
			"Node_08" : { "leaf_value" : [ ], "parent" : 5, "left" : 9, "right" : 10, "svalue" : 971.38361, "sindex" : 1 },
			"Node_09" : { "leaf_value" : [ 0.024669174 ], "parent" : 8, "left" : null, "right" : null, "svalue" : 0, "sindex" : 0 },
			"Node_10" : { "leaf_value" : [ 0.038701411 ], "parent" : 8, "left" : null, "right" : null, "svalue" : 0, "sindex" : 0 }
		},
		"Tree_01" : {
			"Node_00" : { "leaf_value" : [ ], "parent" : null, "left" : 1, "right" : 2, "svalue" : 0.23538397, "sindex" : 2 },
			"Node_01" : { "leaf_value" : [ -0.062985674 ], "parent" : 0, "left" : null, "right" : null, "svalue" : 0, "sindex" : 0 },
			"Node_02" : { "leaf_value" : [ ], "parent" : 0, "left" : 3, "right" : 4, "svalue" : 444.20483, "sindex" : 1 },
			"Node_03" : { "leaf_value" : [ -0.022520637 ], "parent" : 2, "left" : null, "right" : null, "svalue" : 0, "sindex" : 0 },
			"Node_04" : { "leaf_value" : [ ], "parent" : 2, "left" : 5, "right" : 6, "svalue" : 671.2641, "sindex" : 1 },
			"Node_05" : { "leaf_value" : [ 0.0082063843 ], "parent" : 4, "left" : null, "right" : null, "svalue" : 0, "sindex" : 0 },
			"Node_06" : { "leaf_value" : [ ], "parent" : 4, "left" : 7, "right" : 8, "svalue" : 0.40295473, "sindex" : 2 },
			"Node_07" : { "leaf_value" : [ 0.020738833 ], "parent" : 6, "left" : null, "right" : null, "svalue" : 0, "sindex" : 0 },
			"Node_08" : { "leaf_value" : [ ], "parent" : 6, "left" : 9, "right" : 10, "svalue" : 59.32542, "sindex" : 0 },
			"Node_09" : { "leaf_value" : [ 0.040898904 ], "parent" : 8, "left" : null, "right" : null, "svalue" : 0, "sindex" : 0 },
			"Node_10" : { "leaf_value" : [ 0.028618766 ], "parent" : 8, "left" : null, "right" : null, "svalue" : 0, "sindex" : 0 }
		},
		"Tree_02" : {
			"Node_00" : { "leaf_value" : [ ], "parent" : null, "left" : 1, "right" : 2, "svalue" : 59.32542, "sindex" : 0 },
			"Node_01" : { "leaf_value" : [ ], "parent" : 0, "left" : 3, "right" : 4, "svalue" : 18.416498, "sindex" : 0 },
			"Node_02" : { "leaf_value" : [ ], "parent" : 0, "left" : 5, "right" : 6, "svalue" : 0.40295473, "sindex" : 2 },
			"Node_03" : { "leaf_value" : [ 0.044128727 ], "parent" : 1, "left" : null, "right" : null, "svalue" : 0, "sindex" : 0 },
			"Node_04" : { "leaf_value" : [ ], "parent" : 1, "left" : 7, "right" : 8, "svalue" : 0.59542179, "sindex" : 2 },
			"Node_05" : { "leaf_value" : [ -0.094423138 ], "parent" : 2, "left" : null, "right" : null, "svalue" : 0, "sindex" : 0 },
			"Node_06" : { "leaf_value" : [ ], "parent" : 2, "left" : 9, "right" : 10, "svalue" : 671.2641, "sindex" : 1 },
			"Node_07" : { "leaf_value" : [ ], "parent" : 4, "left" : 11, "right" : 12, "svalue" : 671.2641, "sindex" : 1 },
			"Node_08" : { "leaf_value" : [ 0.030071115 ], "parent" : 4, "left" : null, "right" : null, "svalue" : 0, "sindex" : 0 },
			"Node_09" : { "leaf_value" : [ -0.0072658393 ], "parent" : 6, "left" : null, "right" : null, "svalue" : 0, "sindex" : 0 },
			"Node_10" : { "leaf_value" : [ 0.020605495 ], "parent" : 6, "left" : null, "right" : null, "svalue" : 0, "sindex" : 0 },
			"Node_11" : { "leaf_value" : [ -0.018259719 ], "parent" : 7, "left" : null, "right" : null, "svalue" : 0, "sindex" : 0 },
			"Node_12" : { "leaf_value" : [ 0.016271017 ], "parent" : 7, "left" : null, "right" : null, "svalue" : 0, "sindex" : 0 }
		},
		"Tree_03" : {
			"Node_00" : { "leaf_value" : [ ], "parent" : null, "left" : 1, "right" : 2, "svalue" : 59.32542, "sindex" : 0 },
			"Node_01" : { "leaf_value" : [ ], "parent" : 0, "left" : 3, "right" : 4, "svalue" : 18.416498, "sindex" : 0 },
			"Node_02" : { "leaf_value" : [ ], "parent" : 0, "left" : 5, "right" : 6, "svalue" : 0.40295473, "sindex" : 2 },
			"Node_03" : { "leaf_value" : [ 0.031520505 ], "parent" : 1, "left" : null, "right" : null, "svalue" : 0, "sindex" : 0 },
			"Node_04" : { "leaf_value" : [ ], "parent" : 1, "left" : 7, "right" : 8, "svalue" : 0.59542179, "sindex" : 2 },
			"Node_05" : { "leaf_value" : [ -0.067762494 ], "parent" : 2, "left" : null, "right" : null, "svalue" : 0, "sindex" : 0 },
			"Node_06" : { "leaf_value" : [ ], "parent" : 2, "left" : 9, "right" : 10, "svalue" : 671.2641, "sindex" : 1 },
			"Node_07" : { "leaf_value" : [ ], "parent" : 4, "left" : 11, "right" : 12, "svalue" : 671.2641, "sindex" : 1 },
			"Node_08" : { "leaf_value" : [ 0.021694157 ], "parent" : 4, "left" : null, "right" : null, "svalue" : 0, "sindex" : 0 },
			"Node_09" : { "leaf_value" : [ -0.0052677426 ], "parent" : 6, "left" : null, "right" : null, "svalue" : 0, "sindex" : 0 },
			"Node_10" : { "leaf_value" : [ 0.014835971 ], "parent" : 6, "left" : null, "right" : null, "svalue" : 0, "sindex" : 0 },
			"Node_11" : { "leaf_value" : [ -0.013238284 ], "parent" : 7, "left" : null, "right" : null, "svalue" : 0, "sindex" : 0 },
			"Node_12" : { "leaf_value" : [ 0.0116948 ], "parent" : 7, "left" : null, "right" : null, "svalue" : 0, "sindex" : 0 }
		},
		"Tree_04" : {
			"Node_0" : { "leaf_value" : [ ], "parent" : null, "left" : 1, "right" : 2, "svalue" : 0.23538397, "sindex" : 2 },
			"Node_1" : { "leaf_value" : [ -0.030238951 ], "parent" : 0, "left" : null, "right" : null, "svalue" : 0, "sindex" : 0 },
			"Node_2" : { "leaf_value" : [ ], "parent" : 0, "left" : 3, "right" : 4, "svalue" : 444.20483, "sindex" : 1 },
			"Node_3" : { "leaf_value" : [ -0.016056122 ], "parent" : 2, "left" : null, "right" : null, "svalue" : 0, "sindex" : 0 },
			"Node_4" : { "leaf_value" : [ ], "parent" : 2, "left" : 5, "right" : 6, "svalue" : 1412.2404, "sindex" : 1 },
			"Node_5" : { "leaf_value" : [ ], "parent" : 4, "left" : 7, "right" : 8, "svalue" : 59.32542, "sindex" : 0 },
			"Node_6" : { "leaf_value" : [ 0.026025051 ], "parent" : 4, "left" : null, "right" : null, "svalue" : 0, "sindex" : 0 },
			"Node_7" : { "leaf_value" : [ 0.01126374 ], "parent" : 5, "left" : null, "right" : null, "svalue" : 0, "sindex" : 0 },
			"Node_8" : { "leaf_value" : [ 0.0044594933 ], "parent" : 5, "left" : null, "right" : null, "svalue" : 0, "sindex" : 0 }
		},
		"Tree_05" : {
			"Node_00" : { "leaf_value" : [ ], "parent" : null, "left" : 1, "right" : 2, "svalue" : 40.263954, "sindex" : 0 },
			"Node_01" : { "leaf_value" : [ ], "parent" : 0, "left" : 3, "right" : 4, "svalue" : 18.416498, "sindex" : 0 },
			"Node_02" : { "leaf_value" : [ ], "parent" : 0, "left" : 5, "right" : 6, "svalue" : 0.23538397, "sindex" : 2 },
			"Node_03" : { "leaf_value" : [ 0.022197988 ], "parent" : 1, "left" : null, "right" : null, "svalue" : 0, "sindex" : 0 },
			"Node_04" : { "leaf_value" : [ 0.01155282 ], "parent" : 1, "left" : null, "right" : null, "svalue" : 0, "sindex" : 0 },
			"Node_05" : { "leaf_value" : [ -0.057601273 ], "parent" : 2, "left" : null, "right" : null, "svalue" : 0, "sindex" : 0 },
			"Node_06" : { "leaf_value" : [ ], "parent" : 2, "left" : 7, "right" : 8, "svalue" : 444.20483, "sindex" : 1 },
			"Node_07" : { "leaf_value" : [ -0.030646771 ], "parent" : 6, "left" : null, "right" : null, "svalue" : 0, "sindex" : 0 },
			"Node_08" : { "leaf_value" : [ ], "parent" : 6, "left" : 9, "right" : 10, "svalue" : 1412.2404, "sindex" : 1 },
			"Node_09" : { "leaf_value" : [ ], "parent" : 8, "left" : 11, "right" : 12, "svalue" : 0.59542179, "sindex" : 2 },
			"Node_10" : { "leaf_value" : [ 0.022666436 ], "parent" : 8, "left" : null, "right" : null, "svalue" : 0, "sindex" : 0 },
			"Node_11" : { "leaf_value" : [ -0.00031476322 ], "parent" : 9, "left" : null, "right" : null, "svalue" : 0, "sindex" : 0 },
			"Node_12" : { "leaf_value" : [ 0.0076542357 ], "parent" : 9, "left" : null, "right" : null, "svalue" : 0, "sindex" : 0 }
		},
		"Tree_06" : {
			"Node_00" : { "leaf_value" : [ ], "parent" : null, "left" : 1, "right" : 2, "svalue" : 76.304665, "sindex" : 0 },
			"Node_01" : { "leaf_value" : [ ], "parent" : 0, "left" : 3, "right" : 4, "svalue" : 444.20483, "sindex" : 1 },
			"Node_02" : { "leaf_value" : [ ], "parent" : 0, "left" : 5, "right" : 6, "svalue" : 0.59542179, "sindex" : 2 },
			"Node_03" : { "leaf_value" : [ -0.0099022239 ], "parent" : 1, "left" : null, "right" : null, "svalue" : 0, "sindex" : 0 },
			"Node_04" : { "leaf_value" : [ ], "parent" : 1, "left" : 7, "right" : 8, "svalue" : 0.23538397, "sindex" : 2 },
			"Node_05" : { "leaf_value" : [ -0.047634672 ], "parent" : 2, "left" : null, "right" : null, "svalue" : 0, "sindex" : 0 },
			"Node_06" : { "leaf_value" : [ 0.0049319295 ], "parent" : 2, "left" : null, "right" : null, "svalue" : 0, "sindex" : 0 },
			"Node_07" : { "leaf_value" : [ 0.020956887 ], "parent" : 4, "left" : null, "right" : null, "svalue" : 0, "sindex" : 0 },
			"Node_08" : { "leaf_value" : [ ], "parent" : 4, "left" : 9, "right" : 10, "svalue" : 59.32542, "sindex" : 0 },
			"Node_09" : { "leaf_value" : [ ], "parent" : 8, "left" : 11, "right" : 12, "svalue" : 0.40295473, "sindex" : 2 },
			"Node_10" : { "leaf_value" : [ 0.015831273 ], "parent" : 8, "left" : null, "right" : null, "svalue" : 0, "sindex" : 0 },
			"Node_11" : { "leaf_value" : [ 4.1575866e-05 ], "parent" : 9, "left" : null, "right" : null, "svalue" : 0, "sindex" : 0 },
			"Node_12" : { "leaf_value" : [ ], "parent" : 9, "left" : 13, "right" : 14, "svalue" : 18.416498, "sindex" : 0 },
			"Node_13" : { "leaf_value" : [ 0.0031310113 ], "parent" : 12, "left" : null, "right" : null, "svalue" : 0, "sindex" : 0 },
			"Node_14" : { "leaf_value" : [ 0.0077580852 ], "parent" : 12, "left" : null, "right" : null, "svalue" : 0, "sindex" : 0 }
		},
		"Tree_07" : {
			"Node_00" : { "leaf_value" : [ ], "parent" : null, "left" : 1, "right" : 2, "svalue" : 6.2075782, "sindex" : 3 },
			"Node_01" : { "leaf_value" : [ ], "parent" : 0, "left" : 3, "right" : 4, "svalue" : 76.304665, "sindex" : 0 },
			"Node_02" : { "leaf_value" : [ ], "parent" : 0, "left" : 5, "right" : 6, "svalue" : 0.40295473, "sindex" : 2 },
			"Node_03" : { "leaf_value" : [ ], "parent" : 1, "left" : 7, "right" : 8, "svalue" : 444.20483, "sindex" : 1 },
			"Node_04" : { "leaf_value" : [ -0.046909675 ], "parent" : 1, "left" : null, "right" : null, "svalue" : 0, "sindex" : 0 },
			"Node_05" : { "leaf_value" : [ 0.015527443 ], "parent" : 2, "left" : null, "right" : null, "svalue" : 0, "sindex" : 0 },
			"Node_06" : { "leaf_value" : [ 0.0091882171 ], "parent" : 2, "left" : null, "right" : null, "svalue" : 0, "sindex" : 0 },
			"Node_07" : { "leaf_value" : [ -0.022290304 ], "parent" : 3, "left" : null, "right" : null, "svalue" : 0, "sindex" : 0 },
			"Node_08" : { "leaf_value" : [ ], "parent" : 3, "left" : 9, "right" : 10, "svalue" : 4.356689, "sindex" : 3 },
			"Node_09" : { "leaf_value" : [ ], "parent" : 8, "left" : 11, "right" : 12, "svalue" : 0.40295473, "sindex" : 2 },
			"Node_10" : { "leaf_value" : [ -9.552241e-05 ], "parent" : 8, "left" : null, "right" : null, "svalue" : 0, "sindex" : 0 },
			"Node_11" : { "leaf_value" : [ 0.023846934 ], "parent" : 9, "left" : null, "right" : null, "svalue" : 0, "sindex" : 0 },
			"Node_12" : { "leaf_value" : [ 0.0044904957 ], "parent" : 9, "left" : null, "right" : null, "svalue" : 0, "sindex" : 0 }
		},
		"Tree_08" : {
			"Node_00" : { "leaf_value" : [ ], "parent" : null, "left" : 1, "right" : 2, "svalue" : 0.59542179, "sindex" : 2 },
			"Node_01" : { "leaf_value" : [ ], "parent" : 0, "left" : 3, "right" : 4, "svalue" : 444.20483, "sindex" : 1 },
			"Node_02" : { "leaf_value" : [ ], "parent" : 0, "left" : 5, "right" : 6, "svalue" : 444.20483, "sindex" : 1 },
			"Node_03" : { "leaf_value" : [ -0.047298964 ], "parent" : 1, "left" : null, "right" : null, "svalue" : 0, "sindex" : 0 },
			"Node_04" : { "leaf_value" : [ ], "parent" : 1, "left" : 7, "right" : 8, "svalue" : 6.2075782, "sindex" : 3 },
			"Node_05" : { "leaf_value" : [ 0.023594528 ], "parent" : 2, "left" : null, "right" : null, "svalue" : 0, "sindex" : 0 },
			"Node_06" : { "leaf_value" : [ ], "parent" : 2, "left" : 9, "right" : 10, "svalue" : 6.2075782, "sindex" : 3 },
			"Node_07" : { "leaf_value" : [ ], "parent" : 4, "left" : 11, "right" : 12, "svalue" : 59.32542, "sindex" : 0 },
			"Node_08" : { "leaf_value" : [ ], "parent" : 4, "left" : 13, "right" : 14, "svalue" : 40.263954, "sindex" : 0 },
			"Node_09" : { "leaf_value" : [ ], "parent" : 6, "left" : 15, "right" : 16, "svalue" : 59.32542, "sindex" : 0 },
			"Node_10" : { "leaf_value" : [ 0.0011964149 ], "parent" : 6, "left" : null, "right" : null, "svalue" : 0, "sindex" : 0 },
			"Node_11" : { "leaf_value" : [ 0.0070570912 ], "parent" : 7, "left" : null, "right" : null, "svalue" : 0, "sindex" : 0 },
			"Node_12" : { "leaf_value" : [ -0.029050248 ], "parent" : 7, "left" : null, "right" : null, "svalue" : 0, "sindex" : 0 },
			"Node_13" : { "leaf_value" : [ 0.0037703943 ], "parent" : 8, "left" : null, "right" : null, "svalue" : 0, "sindex" : 0 },
			"Node_14" : { "leaf_value" : [ 0.018573904 ], "parent" : 8, "left" : null, "right" : null, "svalue" : 0, "sindex" : 0 },
			"Node_15" : { "leaf_value" : [ 0.0032781896 ], "parent" : 9, "left" : null, "right" : null, "svalue" : 0, "sindex" : 0 },
			"Node_16" : { "leaf_value" : [ 0.011022676 ], "parent" : 9, "left" : null, "right" : null, "svalue" : 0, "sindex" : 0 }
		},
		"Tree_09" : {
			"Node_00" : { "leaf_value" : [ ], "parent" : null, "left" : 1, "right" : 2, "svalue" : 0.23538397, "sindex" : 2 },
			"Node_01" : { "leaf_value" : [ -0.014753645 ], "parent" : 0, "left" : null, "right" : null, "svalue" : 0, "sindex" : 0 },
			"Node_02" : { "leaf_value" : [ ], "parent" : 0, "left" : 3, "right" : 4, "svalue" : 0.73787612, "sindex" : 2 },
			"Node_03" : { "leaf_value" : [ ], "parent" : 2, "left" : 5, "right" : 6, "svalue" : 971.38361, "sindex" : 1 },
			"Node_04" : { "leaf_value" : [ 0.010493916 ], "parent" : 2, "left" : null, "right" : null, "svalue" : 0, "sindex" : 0 },
			"Node_05" : { "leaf_value" : [ ], "parent" : 3, "left" : 7, "right" : 8, "svalue" : 59.32542, "sindex" : 0 },
			"Node_06" : { "leaf_value" : [ ], "parent" : 3, "left" : 9, "right" : 10, "svalue" : 0.40295473, "sindex" : 2 },
			"Node_07" : { "leaf_value" : [ 0.0018121321 ], "parent" : 5, "left" : null, "right" : null, "svalue" : 0, "sindex" : 0 },
			"Node_08" : { "leaf_value" : [ -0.017310122 ], "parent" : 5, "left" : null, "right" : null, "svalue" : 0, "sindex" : 0 },
			"Node_09" : { "leaf_value" : [ 0.015038668 ], "parent" : 6, "left" : null, "right" : null, "svalue" : 0, "sindex" : 0 },
			"Node_10" : { "leaf_value" : [ 0.0014612158 ], "parent" : 6, "left" : null, "right" : null, "svalue" : 0, "sindex" : 0 }
		},
		"Tree_10" : {
			"Node_00" : { "leaf_value" : [ ], "parent" : null, "left" : 1, "right" : 2, "svalue" : 40.263954, "sindex" : 0 },
			"Node_01" : { "leaf_value" : [ ], "parent" : 0, "left" : 3, "right" : 4, "svalue" : 671.2641, "sindex" : 1 },
			"Node_02" : { "leaf_value" : [ ], "parent" : 0, "left" : 5, "right" : 6, "svalue" : 0.23538397, "sindex" : 2 },
			"Node_03" : { "leaf_value" : [ 0.015400429 ], "parent" : 1, "left" : null, "right" : null, "svalue" : 0, "sindex" : 0 },
			"Node_04" : { "leaf_value" : [ ], "parent" : 1, "left" : 7, "right" : 8, "svalue" : 0.40295473, "sindex" : 2 },
			"Node_05" : { "leaf_value" : [ -0.032751758 ], "parent" : 2, "left" : null, "right" : null, "svalue" : 0, "sindex" : 0 },
			"Node_06" : { "leaf_value" : [ ], "parent" : 2, "left" : 9, "right" : 10, "svalue" : 444.20483, "sindex" : 1 },
			"Node_07" : { "leaf_value" : [ 0.0065164613 ], "parent" : 4, "left" : null, "right" : null, "svalue" : 0, "sindex" : 0 },
			"Node_08" : { "leaf_value" : [ -0.0018047786 ], "parent" : 4, "left" : null, "right" : null, "svalue" : 0, "sindex" : 0 },
			"Node_09" : { "leaf_value" : [ -0.011066441 ], "parent" : 6, "left" : null, "right" : null, "svalue" : 0, "sindex" : 0 },
			"Node_10" : { "leaf_value" : [ ], "parent" : 6, "left" : 11, "right" : 12, "svalue" : 59.32542, "sindex" : 0 },
			"Node_11" : { "leaf_value" : [ -0.0029605951 ], "parent" : 10, "left" : null, "right" : null, "svalue" : 0, "sindex" : 0 },
			"Node_12" : { "leaf_value" : [ ], "parent" : 10, "left" : 13, "right" : 14, "svalue" : 971.38361, "sindex" : 1 },
			"Node_13" : { "leaf_value" : [ 0.0021599778 ], "parent" : 12, "left" : null, "right" : null, "svalue" : 0, "sindex" : 0 },
			"Node_14" : { "leaf_value" : [ 0.019443545 ], "parent" : 12, "left" : null, "right" : null, "svalue" : 0, "sindex" : 0 }
		},
		"Tree_11" : {
			"Node_00" : { "leaf_value" : [ ], "parent" : null, "left" : 1, "right" : 2, "svalue" : 2.7542467, "sindex" : 3 },
			"Node_01" : { "leaf_value" : [ ], "parent" : 0, "left" : 3, "right" : 4, "svalue" : 40.263954, "sindex" : 0 },
			"Node_02" : { "leaf_value" : [ ], "parent" : 0, "left" : 5, "right" : 6, "svalue" : 0.23538397, "sindex" : 2 },
			"Node_03" : { "leaf_value" : [ 0.0076677888 ], "parent" : 1, "left" : null, "right" : null, "svalue" : 0, "sindex" : 0 },
			"Node_04" : { "leaf_value" : [ -0.03163597 ], "parent" : 1, "left" : null, "right" : null, "svalue" : 0, "sindex" : 0 },
			"Node_05" : { "leaf_value" : [ 0.012592008 ], "parent" : 2, "left" : null, "right" : null, "svalue" : 0, "sindex" : 0 },
			"Node_06" : { "leaf_value" : [ ], "parent" : 2, "left" : 7, "right" : 8, "svalue" : 0.40295473, "sindex" : 2 },
			"Node_07" : { "leaf_value" : [ -0.013566163 ], "parent" : 6, "left" : null, "right" : null, "svalue" : 0, "sindex" : 0 },
			"Node_08" : { "leaf_value" : [ ], "parent" : 6, "left" : 9, "right" : 10, "svalue" : 444.20483, "sindex" : 1 },
			"Node_09" : { "leaf_value" : [ 0.014308515 ], "parent" : 8, "left" : null, "right" : null, "svalue" : 0, "sindex" : 0 },
			"Node_10" : { "leaf_value" : [ ], "parent" : 8, "left" : 11, "right" : 12, "svalue" : 6.2075782, "sindex" : 3 },
			"Node_11" : { "leaf_value" : [ ], "parent" : 10, "left" : 13, "right" : 14, "svalue" : 59.32542, "sindex" : 0 },
			"Node_12" : { "leaf_value" : [ -0.0012866736 ], "parent" : 10, "left" : null, "right" : null, "svalue" : 0, "sindex" : 0 },
			"Node_13" : { "leaf_value" : [ 0.0018990301 ], "parent" : 11, "left" : null, "right" : null, "svalue" : 0, "sindex" : 0 },
			"Node_14" : { "leaf_value" : [ 0.0043929219 ], "parent" : 11, "left" : null, "right" : null, "svalue" : 0, "sindex" : 0 }
		},
		"Tree_12" : {
			"Node_00" : { "leaf_value" : [ ], "parent" : null, "left" : 1, "right" : 2, "svalue" : 6.2075782, "sindex" : 3 },
			"Node_01" : { "leaf_value" : [ ], "parent" : 0, "left" : 3, "right" : 4, "svalue" : 76.304665, "sindex" : 0 },
			"Node_02" : { "leaf_value" : [ ], "parent" : 0, "left" : 5, "right" : 6, "svalue" : 0.23538397, "sindex" : 2 },
			"Node_03" : { "leaf_value" : [ ], "parent" : 1, "left" : 7, "right" : 8, "svalue" : 444.20483, "sindex" : 1 },
			"Node_04" : { "leaf_value" : [ -0.028801369 ], "parent" : 1, "left" : null, "right" : null, "svalue" : 0, "sindex" : 0 },
			"Node_05" : { "leaf_value" : [ 0.015120517 ], "parent" : 2, "left" : null, "right" : null, "svalue" : 0, "sindex" : 0 },
			"Node_06" : { "leaf_value" : [ ], "parent" : 2, "left" : 9, "right" : 10, "svalue" : 40.263954, "sindex" : 0 },
			"Node_07" : { "leaf_value" : [ -0.010656806 ], "parent" : 3, "left" : null, "right" : null, "svalue" : 0, "sindex" : 0 },
			"Node_08" : { "leaf_value" : [ ], "parent" : 3, "left" : 11, "right" : 12, "svalue" : 0.40295473, "sindex" : 2 },
			"Node_09" : { "leaf_value" : [ -0.00014994707 ], "parent" : 6, "left" : null, "right" : null, "svalue" : 0, "sindex" : 0 },
			"Node_10" : { "leaf_value" : [ 0.0059594419 ], "parent" : 6, "left" : null, "right" : null, "svalue" : 0, "sindex" : 0 },
			"Node_11" : { "leaf_value" : [ 0.014547768 ], "parent" : 8, "left" : null, "right" : null, "svalue" : 0, "sindex" : 0 },
			"Node_12" : { "leaf_value" : [ ], "parent" : 8, "left" : 13, "right" : 14, "svalue" : 40.263954, "sindex" : 0 },
			"Node_13" : { "leaf_value" : [ -0.00092634564 ], "parent" : 12, "left" : null, "right" : null, "svalue" : 0, "sindex" : 0 },
			"Node_14" : { "leaf_value" : [ 0.0026896012 ], "parent" : 12, "left" : null, "right" : null, "svalue" : 0, "sindex" : 0 }
		},
		"Tree_13" : {
			"Node_00" : { "leaf_value" : [ ], "parent" : null, "left" : 1, "right" : 2, "svalue" : 0.40295473, "sindex" : 2 },
			"Node_01" : { "leaf_value" : [ ], "parent" : 0, "left" : 3, "right" : 4, "svalue" : 6.2075782, "sindex" : 3 },
			"Node_02" : { "leaf_value" : [ ], "parent" : 0, "left" : 5, "right" : 6, "svalue" : 444.20483, "sindex" : 1 },
			"Node_03" : { "leaf_value" : [ ], "parent" : 1, "left" : 7, "right" : 8, "svalue" : 59.32542, "sindex" : 0 },
			"Node_04" : { "leaf_value" : [ 0.0085064434 ], "parent" : 1, "left" : null, "right" : null, "svalue" : 0, "sindex" : 0 },
			"Node_05" : { "leaf_value" : [ 0.012927259 ], "parent" : 2, "left" : null, "right" : null, "svalue" : 0, "sindex" : 0 },
			"Node_06" : { "leaf_value" : [ ], "parent" : 2, "left" : 9, "right" : 10, "svalue" : 76.304665, "sindex" : 0 },
			"Node_07" : { "leaf_value" : [ 0.00065524725 ], "parent" : 3, "left" : null, "right" : null, "svalue" : 0, "sindex" : 0 },
			"Node_08" : { "leaf_value" : [ -0.042282686 ], "parent" : 3, "left" : null, "right" : null, "svalue" : 0, "sindex" : 0 },
			"Node_09" : { "leaf_value" : [ ], "parent" : 6, "left" : 11, "right" : 12, "svalue" : 671.2641, "sindex" : 1 },
			"Node_10" : { "leaf_value" : [ 0.0095565543 ], "parent" : 6, "left" : null, "right" : null, "svalue" : 0, "sindex" : 0 },
			"Node_11" : { "leaf_value" : [ 0.0035801348 ], "parent" : 9, "left" : null, "right" : null, "svalue" : 0, "sindex" : 0 },
			"Node_12" : { "leaf_value" : [ ], "parent" : 9, "left" : 13, "right" : 14, "svalue" : 6.2075782, "sindex" : 3 },
			"Node_13" : { "leaf_value" : [ -0.00013657138 ], "parent" : 12, "left" : null, "right" : null, "svalue" : 0, "sindex" : 0 },
			"Node_14" : { "leaf_value" : [ -0.0031840436 ], "parent" : 12, "left" : null, "right" : null, "svalue" : 0, "sindex" : 0 }
		},
		"Tree_14" : {
			"Node_00" : { "leaf_value" : [ ], "parent" : null, "left" : 1, "right" : 2, "svalue" : 0.23538397, "sindex" : 2 },
			"Node_01" : { "leaf_value" : [ -0.009301004 ], "parent" : 0, "left" : null, "right" : null, "svalue" : 0, "sindex" : 0 },
			"Node_02" : { "leaf_value" : [ ], "parent" : 0, "left" : 3, "right" : 4, "svalue" : 2.7542467, "sindex" : 3 },
			"Node_03" : { "leaf_value" : [ 0.010091865 ], "parent" : 2, "left" : null, "right" : null, "svalue" : 0, "sindex" : 0 },
			"Node_04" : { "leaf_value" : [ ], "parent" : 2, "left" : 5, "right" : 6, "svalue" : 0.40295473, "sindex" : 2 },
			"Node_05" : { "leaf_value" : [ -0.0099319983 ], "parent" : 4, "left" : null, "right" : null, "svalue" : 0, "sindex" : 0 },
			"Node_06" : { "leaf_value" : [ ], "parent" : 4, "left" : 7, "right" : 8, "svalue" : 444.20483, "sindex" : 1 },
			"Node_07" : { "leaf_value" : [ 0.0082230978 ], "parent" : 6, "left" : null, "right" : null, "svalue" : 0, "sindex" : 0 },
			"Node_08" : { "leaf_value" : [ ], "parent" : 6, "left" : 9, "right" : 10, "svalue" : 76.304665, "sindex" : 0 },
			"Node_09" : { "leaf_value" : [ ], "parent" : 8, "left" : 11, "right" : 12, "svalue" : 971.38361, "sindex" : 1 },
			"Node_10" : { "leaf_value" : [ 0.006950228 ], "parent" : 8, "left" : null, "right" : null, "svalue" : 0, "sindex" : 0 },
			"Node_11" : { "leaf_value" : [ 0.0005295992 ], "parent" : 9, "left" : null, "right" : null, "svalue" : 0, "sindex" : 0 },
			"Node_12" : { "leaf_value" : [ -0.001479858 ], "parent" : 9, "left" : null, "right" : null, "svalue" : 0, "sindex" : 0 }
		},
		"Tree_15" : {
			"Node_00" : { "leaf_value" : [ ], "parent" : null, "left" : 1, "right" : 2, "svalue" : 444.20483, "sindex" : 1 },
			"Node_01" : { "leaf_value" : [ ], "parent" : 0, "left" : 3, "right" : 4, "svalue" : 0.59542179, "sindex" : 2 },
			"Node_02" : { "leaf_value" : [ ], "parent" : 0, "left" : 5, "right" : 6, "svalue" : 1412.2404, "sindex" : 1 },
			"Node_03" : { "leaf_value" : [ -0.028326845 ], "parent" : 1, "left" : null, "right" : null, "svalue" : 0, "sindex" : 0 },
			"Node_04" : { "leaf_value" : [ 0.0090638604 ], "parent" : 1, "left" : null, "right" : null, "svalue" : 0, "sindex" : 0 },
			"Node_05" : { "leaf_value" : [ ], "parent" : 2, "left" : 7, "right" : 8, "svalue" : 76.304665, "sindex" : 0 },
			"Node_06" : { "leaf_value" : [ ], "parent" : 2, "left" : 9, "right" : 10, "svalue" : 59.32542, "sindex" : 0 },
			"Node_07" : { "leaf_value" : [ ], "parent" : 5, "left" : 11, "right" : 12, "svalue" : 4.356689, "sindex" : 3 },
			"Node_08" : { "leaf_value" : [ -0.0078181839 ], "parent" : 5, "left" : null, "right" : null, "svalue" : 0, "sindex" : 0 },
			"Node_09" : { "leaf_value" : [ -0.00069548789 ], "parent" : 6, "left" : null, "right" : null, "svalue" : 0, "sindex" : 0 },
			"Node_10" : { "leaf_value" : [ 0.018114392 ], "parent" : 6, "left" : null, "right" : null, "svalue" : 0, "sindex" : 0 },
			"Node_11" : { "leaf_value" : [ 0.010743039 ], "parent" : 7, "left" : null, "right" : null, "svalue" : 0, "sindex" : 0 },
			"Node_12" : { "leaf_value" : [ ], "parent" : 7, "left" : 13, "right" : 14, "svalue" : 40.263954, "sindex" : 0 },
			"Node_13" : { "leaf_value" : [ 0.0012617827 ], "parent" : 12, "left" : null, "right" : null, "svalue" : 0, "sindex" : 0 },
			"Node_14" : { "leaf_value" : [ -0.0062283222 ], "parent" : 12, "left" : null, "right" : null, "svalue" : 0, "sindex" : 0 }
		}
	}
}
MODEL_JSON_DUMP_END
MCU_DEPLOY_REGRESSION_CODE MODEL_PREDICT_STEP
MLLITE_AUTO_DEPLOY_FREIDMAN3_MEDIUM_APPLY_OUTPUT_REG  [ 1.3896066, 1.4747058, 1.3893821, 1.4596239, 1.2664049,  ... , 1.5191205, 1.5766696, 1.3002459, 1.0980926, 1.4613479 ]
MCU_DEPLOY_REGRESSION_CODE MODEL_COMPUTE_PERF_STEP
MLLITE_AUTO_DEPLOY_FREIDMAN3_MEDIUM_REG_PERFS { "count" : 100, "rmse" : 0.11631045, "mape" : 0.37030557, "R2" : 0.82856786 }
This will be printed
MCU_DEPLOY_REGRESSION_CODE ALL_STEPS_OK
MCU_DEPLOY_REGRESSION_CODE done
MLLITE_MCU_TIMER_OPERATION_ELAPSED_SECONDS 'MLLITE.MCU_DEPLOY.REGRESSION.Friedman_XGB.FREIDMAN3_MEDIUM' 0
MLLITE_MCU_TIMER_OPERATION_END 'MLLITE.MCU_DEPLOY.REGRESSION.Friedman_XGB.FREIDMAN3_MEDIUM' [ 'Sat Feb  3 21:09:36 2024' ]
MCU_DEPLOY_ON_TARGET_ARMV7_32_END
