MCU_DEPLOY_ON_TARGET_ARMV7_32_START
MLLITE_MCU_TIMER_OPERATION_START 'MLLITE.MCU_DEPLOY.REGRESSION.Rosenblatt_MLP.CALIFORNIA_HOUSING_MEDIUM' [ 'Sat Feb  3 21:09:32 2024' ]
MLLite starting
MCU_DEPLOY_REGRESSION_CODE CREATE_DATASET_STEP
MCU_DEPLOY_REGRESSION_CODE CREATE_MODEL_STEP
MCU_DEPLOY_REGRESSION_MODEL_OPTIONS
{  "hidden_layer_sizes" : [ 4, 6 ], "activation" : "relu", "solver" : "adam", "alpha" : 9.9999997e-05, "batch_size" : null, "learning_rate" : "constant", "learning_rate_init" : 0.001, "power_t" : 0.5, "max_iter" : 32, "shuffle" : 1, "random_state" : 1789, "tol" : 9.9999997e-05, "verbose" : 0, "warm_start" : 0, "momentum" : 0.89999998, "nesterovs_momentum" : 1, "early_stopping" : 0, "validation_fraction" : 0.1, "beta_1" : 0.89999998, "beta_2" : 0.99900001, "epsilon" : 9.9999999e-09, "n_iter_no_change" : 10, "max_fun" : 15000 }
MCU_DEPLOY_REGRESSION_CODE FIT_MODEL_STEP
PROGRESS_REPORT_ELAPSED_TOTAL 'MLP_MODEL_FIT' 1 3
PROGRESS_REPORT_ELAPSED_TOTAL 'MLP_MODEL_FIT' 2 3
PROGRESS_REPORT_ELAPSED_TOTAL 'MLP_MODEL_FIT_BACK_PROP_ITERATION' 3 32
PROGRESS_REPORT_ELAPSED_TOTAL 'MLP_MODEL_FIT_BACK_PROP_ITERATION' 6 32
PROGRESS_REPORT_ELAPSED_TOTAL 'MLP_MODEL_FIT_BACK_PROP_ITERATION' 9 32
PROGRESS_REPORT_ELAPSED_TOTAL 'MLP_MODEL_FIT_BACK_PROP_ITERATION' 12 32
PROGRESS_REPORT_ELAPSED_TOTAL 'MLP_MODEL_FIT_BACK_PROP_ITERATION' 15 32
PROGRESS_REPORT_ELAPSED_TOTAL 'MLP_MODEL_FIT_BACK_PROP_ITERATION' 18 32
PROGRESS_REPORT_ELAPSED_TOTAL 'MLP_MODEL_FIT_BACK_PROP_ITERATION' 21 32
PROGRESS_REPORT_ELAPSED_TOTAL 'MLP_MODEL_FIT_BACK_PROP_ITERATION' 24 32
PROGRESS_REPORT_ELAPSED_TOTAL 'MLP_MODEL_FIT_BACK_PROP_ITERATION' 27 32
PROGRESS_REPORT_ELAPSED_TOTAL 'MLP_MODEL_FIT_BACK_PROP_ITERATION' 30 32
PROGRESS_REPORT_ELAPSED_TOTAL 'MLP_MODEL_FIT_BACK_PROP_ITERATION' 32 32
PROGRESS_REPORT_ELAPSED_TOTAL 'MLP_MODEL_FIT' 3 3
MCU_DEPLOY_REGRESSION_CODE MODEL_JSON_EXPORT_STEP
MODEL_JSON_DUMP_START
{
	"metadata" : { "model" : "Rosenblatt_MLP", "version" : "2024-W04"},
	"options" : {  "hidden_layer_sizes" : [ 4, 6 ], "activation" : "relu", "solver" : "adam", "alpha" : 9.9999997e-05, "batch_size" : null, "learning_rate" : "constant", "learning_rate_init" : 0.001, "power_t" : 0.5, "max_iter" : 32, "shuffle" : 1, "random_state" : 1789, "tol" : 9.9999997e-05, "verbose" : 0, "warm_start" : 0, "momentum" : 0.89999998, "nesterovs_momentum" : 1, "early_stopping" : 0, "validation_fraction" : 0.1, "beta_1" : 0.89999998, "beta_2" : 0.99900001, "epsilon" : 9.9999999e-09, "n_iter_no_change" : 10, "max_fun" : 15000 },
	"dataset" : { "dataset_rows" : 512, "dataset_features" : 9 },
	"layers" : {
		"sizes" : [ 9, 4, 6, 1 ],
		"Layer_0" : {
			"name" : "Input_Layer",
			"NbInputs" : 0,
			"NbOutputs" : 9 
		},
		"Layer_1" : {
			"name" : "Hidden_Layer_1",
			"NbInputs" : 9,
			"NbOutputs" : 4 ,
			"coeffs_0" : [ -0.16250034, 0.28151625, -0.23889667, 0.03316389 ],
			"coeffs_1" : [ 0.22886655, -0.40111813, 0.15852793, -0.061522752 ],
			"coeffs_2" : [ 0.68165284, 0.091498554, 0.52647352, -0.18849853 ],
			"coeffs_3" : [ 0.77787817, -0.52220702, -0.3229931, 0.17077364 ],
			"coeffs_4" : [ 0.45755857, -0.25591481, -0.38412583, -0.60922539 ],
			"coeffs_5" : [ 0.39810076, -0.59089667, -0.14670835, -0.051432081 ],
			"coeffs_6" : [ -0.032459129, -0.53834945, -0.38624215, 0.47369471 ],
			"coeffs_7" : [ 0.051353354, 0.0014581013, -0.64670539, -0.042319555 ],
			"coeffs_8" : [ -0.14671603, 0.18599473, -0.085293494, 0.22031759 ],
			"intercepts" : [ -0.34819704, 0.59498906, -0.53580534, 0.28192356 ]
		},
		"Layer_2" : {
			"name" : "Hidden_Layer_2",
			"NbInputs" : 4,
			"NbOutputs" : 6 ,
			"coeffs_0" : [ -0.47883087, 0.33236691, 0.2383163, 0.8009153, -0.41047013, -0.5185312 ],
			"coeffs_1" : [ 0.19378448, 0.21255381, 0.44423661, 0.58476394, 0.51119262, -0.42690665 ],
			"coeffs_2" : [ 0.38799191, 0.57856464, -0.39246225, 0.40087107, 0.16648053, 0.026634112 ],
			"coeffs_3" : [ 0.054759525, 0.36479428, -0.61261499, 0.17873067, 0.24817777, 0.3710337 ],
			"intercepts" : [ -0.66116506, 0.44521508, -0.37451282, -0.62104982, 0.76424408, 0.73927295 ]
		},
		"Layer_3" : {
			"name" : "Output_Layer",
			"NbInputs" : 6,
			"NbOutputs" : 1 ,
			"coeffs_0" : [ -0.073316187 ],
			"coeffs_1" : [ -0.66366142 ],
			"coeffs_2" : [ 0.10689932 ],
			"coeffs_3" : [ 0.98262519 ],
			"coeffs_4" : [ -0.5882811 ],
			"coeffs_5" : [ 0.29348969 ],
			"intercepts" : [ 0.51053643 ]
		}
	}
}
MODEL_JSON_DUMP_END
MCU_DEPLOY_REGRESSION_CODE MODEL_PREDICT_STEP
MLLITE_AUTO_DEPLOY_CALIFORNIA_HOUSING_MEDIUM_APPLY_OUTPUT_REG  [ 533.32483, 4012.4102, 854.47272, 797.30615, 966.04883,  ... , 2016.8508, 4673.4932, 1682.0698, 1404.4028, 1682.3073 ]
MCU_DEPLOY_REGRESSION_CODE MODEL_COMPUTE_PERF_STEP
MLLITE_AUTO_DEPLOY_CALIFORNIA_HOUSING_MEDIUM_REG_PERFS { "count" : 512, "rmse" : 214844.33, "mape" : 0.99273074, "R2" : -3.5740442 }
This will be printed
MCU_DEPLOY_REGRESSION_CODE ALL_STEPS_OK
MCU_DEPLOY_REGRESSION_CODE done
MLLITE_MCU_TIMER_OPERATION_ELAPSED_SECONDS 'MLLITE.MCU_DEPLOY.REGRESSION.Rosenblatt_MLP.CALIFORNIA_HOUSING_MEDIUM' 0
MLLITE_MCU_TIMER_OPERATION_END 'MLLITE.MCU_DEPLOY.REGRESSION.Rosenblatt_MLP.CALIFORNIA_HOUSING_MEDIUM' [ 'Sat Feb  3 21:09:32 2024' ]
MCU_DEPLOY_ON_TARGET_ARMV7_32_END
