MCU_DEPLOY_ON_TARGET_ARMV7_32_START
MLLITE_MCU_TIMER_OPERATION_START 'MLLITE.MCU_DEPLOY.REGRESSION.Tikhonov_Ridge.CALIFORNIA_HOUSING_ORIGINAL' [ 'Tue Jan 30 11:35:54 2024' ]
MLLite starting
MCU_DEPLOY_REGRESSION_CODE CREATE_DATASET_STEP
MCU_DEPLOY_REGRESSION_CODE CREATE_MODEL_STEP
MCU_DEPLOY_REGRESSION_MODEL_OPTIONS
{ "alpha" : 0.0099999998, "random_state" : 1789 }
MCU_DEPLOY_REGRESSION_CODE FIT_MODEL_STEP
PROGRESS_REPORT_ELAPSED_TOTAL 'RIDGE_REGRESSOR_FIT' 1 2
PROGRESS_REPORT_ELAPSED_TOTAL 'CHOLESKY_SOLVER' 1 6
PROGRESS_REPORT_ELAPSED_TOTAL 'CHOLESKY_SOLVER' 2 6
PROGRESS_REPORT_ELAPSED_TOTAL 'CHOLESKY_SOLVER' 3 6
PROGRESS_REPORT_ELAPSED_TOTAL 'CHOLESKY_SOLVER' 4 6
PROGRESS_REPORT_ELAPSED_TOTAL 'CHOLESKY_SOLVER' 5 6
PROGRESS_REPORT_ELAPSED_TOTAL 'CHOLESKY_SOLVER' 6 6
PROGRESS_REPORT_ELAPSED_TOTAL 'RIDGE_REGRESSOR_FIT' 2 2
MCU_DEPLOY_REGRESSION_CODE MODEL_JSON_EXPORT_STEP
MODEL_JSON_DUMP_START
{
	"metadata" : { "model" : "Tikhonov_Ridge", "version" : "2024-W04"},
	"options" : { "alpha" : 0.0099999998, "random_state" : 1789 },
	"equations : " : {
			"intercept" : -3550246,
			"coeffs" : [ -42444.605, -42417.988, 1139.5725, -5.2423401, 57.182495, -40.818535, 100.21936, 39346.852, 0 ]
		}
}
MODEL_JSON_DUMP_END
MCU_DEPLOY_REGRESSION_CODE MODEL_PREDICT_STEP
MLLITE_AUTO_DEPLOY_CALIFORNIA_HOUSING_ORIGINAL_APPLY_OUTPUT_REG  [ 407505.22, 424026.28, 378142.34, 320312.66, 254056.03,  ... , 15829.562, 42309.531, 26818.125, 38939.91, 55084.379 ]
MCU_DEPLOY_REGRESSION_CODE MODEL_COMPUTE_PERF_STEP
MLLITE_AUTO_DEPLOY_CALIFORNIA_HOUSING_ORIGINAL_REG_PERFS { "count" : 20640, "rmse" : 69748.102, "mape" : 0.30541399, "R2" : 0.63464892 }
This will be printed
MCU_DEPLOY_REGRESSION_CODE ALL_STEPS_OK
MCU_DEPLOY_REGRESSION_CODE done
MLLITE_MCU_TIMER_OPERATION_ELAPSED_SECONDS 'MLLITE.MCU_DEPLOY.REGRESSION.Tikhonov_Ridge.CALIFORNIA_HOUSING_ORIGINAL' 1
MLLITE_MCU_TIMER_OPERATION_END 'MLLITE.MCU_DEPLOY.REGRESSION.Tikhonov_Ridge.CALIFORNIA_HOUSING_ORIGINAL' [ 'Tue Jan 30 11:35:55 2024' ]
MCU_DEPLOY_ON_TARGET_ARMV7_32_END
