MCU_DEPLOY_ON_TARGET_ARMV7_32_START
MLLITE_MCU_TIMER_OPERATION_START 'MLLITE.MCU_DEPLOY.REGRESSION.Vapnik_SVR_RBF.FREIDMAN3_ORIGINAL' [ 'Sat Feb  3 21:09:30 2024' ]
MLLite starting
MCU_DEPLOY_REGRESSION_CODE CREATE_DATASET_STEP
MCU_DEPLOY_REGRESSION_CODE CREATE_MODEL_STEP
MCU_DEPLOY_REGRESSION_MODEL_OPTIONS
{"svm_type" : "c_svc", "kernel" : "rbf", "degree" : 3, "gamma" : 0, "coef0" : 0, "cache_size" : 10240, "tol" : 0.001, "nu" : 0.5, "epsilon" : 0, "shrinking" : 0, "probability" : 1, "C" : 1, "max_iter" : 30, "random_state" : 1789 }
MCU_DEPLOY_REGRESSION_CODE FIT_MODEL_STEP
PROGRESS_REPORT_ELAPSED_TOTAL 'SVM_REGRESSOR_FIT' 1 4
PROGRESS_REPORT_ELAPSED_TOTAL 'SVM_REGRESSOR_FIT' 2 4
PROGRESS_REPORT_ELAPSED_TOTAL 'SVM_REGRESSOR_FIT' 3 4
PROGRESS_REPORT_ELAPSED_TOTAL 'SVM_SOLVER_ITERATION:SVR_Global' 3 30
PROGRESS_REPORT_ELAPSED_TOTAL 'SVM_SOLVER_ITERATION:SVR_Global' 6 30
PROGRESS_REPORT_ELAPSED_TOTAL 'SVM_SOLVER_ITERATION:SVR_Global' 9 30
PROGRESS_REPORT_ELAPSED_TOTAL 'SVM_SOLVER_ITERATION:SVR_Global' 12 30
PROGRESS_REPORT_ELAPSED_TOTAL 'SVM_SOLVER_ITERATION:SVR_Global' 15 30
PROGRESS_REPORT_ELAPSED_TOTAL 'SVM_SOLVER_ITERATION:SVR_Global' 18 30
PROGRESS_REPORT_ELAPSED_TOTAL 'SVM_SOLVER_ITERATION:SVR_Global' 21 30
PROGRESS_REPORT_ELAPSED_TOTAL 'SVM_SOLVER_ITERATION:SVR_Global' 24 30
PROGRESS_REPORT_ELAPSED_TOTAL 'SVM_SOLVER_ITERATION:SVR_Global' 27 30
PROGRESS_REPORT_ELAPSED_TOTAL 'SVM_SOLVER_ITERATION:SVR_Global' 30 30
PROGRESS_REPORT_ELAPSED_TOTAL 'SVM_REGRESSOR_FIT' 4 4
MCU_DEPLOY_REGRESSION_CODE MODEL_JSON_EXPORT_STEP
MODEL_JSON_DUMP_START
{
	"metadata" : { "model" : "Vapnik_SVR_RBF", "version" : "2024-W04"},
	"options" : {"svm_type" : "epsilon_svr", "kernel" : "rbf", "degree" : 3, "gamma" : 1.2653138e-06, "coef0" : 0, "cache_size" : 10240, "tol" : 0.001, "nu" : 0.5, "epsilon" : 0.1, "shrinking" : 0, "probability" : 0, "C" : 1, "max_iter" : 30, "random_state" : 1789 },
	"dataset" : { "dataset_rows" : 100, "dataset_features" : 4 },
	"svm_model" : {
	"classes" : 2,
	"L" : 40,
	"SupportVectors" : {
		"SV_00" : [ 92.630493, 1621.6219, 0.99709725, 3.905369 ],
		"SV_01" : [ 34.726295, 778.12592, 0.16724615, 2.3391147 ],
		"SV_02" : [ 64.806686, 1046.1459, 0.071194857, 8.0480556 ],
		"SV_03" : [ 7.3219814, 487.75284, 0.99331743, 5.3409562 ],
		"SV_04" : [ 71.041054, 1540.8798, 0.05610295, 6.0554485 ],
		"SV_05" : [ 13.280704, 643.7168, 0.52081394, 4.8420787 ],
		"SV_06" : [ 76.304665, 377.45093, 0.18136196, 6.9391031 ],
		"SV_07" : [ 41.761013, 1756.4532, 0.074700214, 8.0843248 ],
		"SV_08" : [ 7.6063437, 1112.2266, 0.73276085, 6.1403751 ],
		"SV_09" : [ 67.712112, 367.32373, 0.90727353, 4.5504308 ],
		"SV_10" : [ 85.125381, 1049.0269, 0.039135717, 3.1868987 ],
		"SV_11" : [ 29.812233, 273.76379, 0.97179765, 6.2075782 ],
		"SV_12" : [ 38.088467, 1321.2975, 0.052940726, 10.429984 ],
		"SV_13" : [ 2.0703053, 957.5451, 0.73787612, 2.5357087 ],
		"SV_14" : [ 19.900188, 265.24976, 0.6358729, 4.5463467 ],
		"SV_15" : [ 10.735011, 265.42081, 0.26094967, 2.285511 ],
		"SV_16" : [ 75.648438, 442.5603, 0.035123195, 1.3341463 ],
		"SV_17" : [ 1.4058504, 1607.9722, 0.40295473, 9.85042 ],
		"SV_18" : [ 39.016674, 895.29468, 0.99203134, 3.3338661 ],
		"SV_19" : [ 78.286156, 508.15906, 0.25220129, 1.4248738 ],
		"SV_20" : [ 31.518255, 1755.0282, 0.58619046, 5.4559822 ],
		"SV_21" : [ 65.455681, 755.86475, 0.99068099, 3.4557617 ],
		"SV_22" : [ 17.373148, 483.68024, 0.68522871, 2.7280436 ],
		"SV_23" : [ 63.42205, 921.19067, 0.96979296, 5.4163551 ],
		"SV_24" : [ 81.412109, 1254.3744, 0.19422613, 8.1647615 ],
		"SV_25" : [ 69.79232, 473.44794, 0.23354627, 3.4110725 ],
		"SV_26" : [ 66.0121, 216.12747, 0.56466311, 3.0905492 ],
		"SV_27" : [ 39.873802, 428.04825, 0.23538397, 2.1760433 ],
		"SV_28" : [ 22.605108, 1660.837, 0.73112428, 9.3745556 ],
		"SV_29" : [ 78.244774, 702.2146, 0.1832118, 9.4345274 ],
		"SV_30" : [ 18.503828, 532.34448, 0.72185099, 10.655538 ],
		"SV_31" : [ 43.550098, 1462.972, 0.93914497, 3.1503353 ],
		"SV_32" : [ 97.541664, 130.00923, 0.36612737, 5.345118 ],
		"SV_33" : [ 94.566437, 663.26642, 0.85232282, 6.9190836 ],
		"SV_34" : [ 45.437614, 168.8412, 0.34381741, 3.2799625 ],
		"SV_35" : [ 85.409492, 865.74768, 0.0021067858, 1.6571081 ],
		"SV_36" : [ 7.7376323, 682.63812, 0.94332987, 1.5690795 ],
		"SV_37" : [ 22.116344, 1162.774, 0.67574018, 4.9345918 ],
		"SV_38" : [ 52.067585, 534.25616, 0.15516393, 8.5265379 ],
		"SV_39" : [ 0.74392861, 167.01074, 0.92484379, 10.614025 ]
	},
	"SupportVectorsCoefs" : {
		"SV_coef_0" : [ 0.7725426, -1, -1, 1, -1, 1, -1, -1, 0.8739382, 1, -1, 1, -1, 0.42707789, 1, 0.9634245, -1, 1, 0.42531988, -1, 0.19736344, 1, 1, 1, -1, -1, -1, -1, 0.10886514, -1, 1, 1, -1, 0.23146835, -1, -1, 1, 1, -1, 1 ]
	},
	"rho" : [ -1.343164 ],
	"nSV" : [ ],
	"probA" : [ ],
	"probB" : [ ],
	"n_iter" : [ 30 ],
	"sv_ind" : [ 1, 4, 7, 8, 10, 11, 15, 19, 21, 23, 24, 25, 28, 37, 41, 44, 46, 47, 52, 53, 60, 61, 62, 70, 71, 72, 73, 77, 80, 81, 82, 83, 85, 86, 89, 91, 94, 95, 98, 99 ]
}
}
MODEL_JSON_DUMP_END
MCU_DEPLOY_REGRESSION_CODE MODEL_PREDICT_STEP
MLLITE_AUTO_DEPLOY_FREIDMAN3_ORIGINAL_APPLY_OUTPUT_REG  [ 1.4097526, 1.3791232, 1.3566252, 1.4068366, 1.4324868,  ... , 1.4260087, 1.3952094, 1.3979223, 1.3915884, 1.3664743 ]
MCU_DEPLOY_REGRESSION_CODE MODEL_COMPUTE_PERF_STEP
MLLITE_AUTO_DEPLOY_FREIDMAN3_ORIGINAL_REG_PERFS { "count" : 100, "rmse" : 0.265295, "mape" : 0.81658006, "R2" : 0.10810673 }
This will be printed
MCU_DEPLOY_REGRESSION_CODE ALL_STEPS_OK
MCU_DEPLOY_REGRESSION_CODE done
MLLITE_MCU_TIMER_OPERATION_ELAPSED_SECONDS 'MLLITE.MCU_DEPLOY.REGRESSION.Vapnik_SVR_RBF.FREIDMAN3_ORIGINAL' 0
MLLITE_MCU_TIMER_OPERATION_END 'MLLITE.MCU_DEPLOY.REGRESSION.Vapnik_SVR_RBF.FREIDMAN3_ORIGINAL' [ 'Sat Feb  3 21:09:30 2024' ]
MCU_DEPLOY_ON_TARGET_ARMV7_32_END
