MCU_DEPLOY_ON_TARGET_ARMV7_32_START
MLLITE_MCU_TIMER_OPERATION_START 'MLLITE.MCU_DEPLOY.REGRESSION.Friedman_XGB.RANDOMREG_10_ORIGINAL' [ 'Tue Jan 30 11:35:53 2024' ]
MLLite starting
MCU_DEPLOY_REGRESSION_CODE CREATE_DATASET_STEP
MCU_DEPLOY_REGRESSION_CODE CREATE_MODEL_STEP
MCU_DEPLOY_REGRESSION_MODEL_OPTIONS
{ "base_score" : [ ], "early_stopping_rounds" : 0, "eval_metric" : "", "gamma" : 0, "grow_policy" : 0, "learning_rate" : 0.30000001, "max_bin" : 5, "max_depth" : 6, "max_leaves" : 32, "min_child_weight" : 10, "n_estimators" : 6, "objective" : "reg:squarederror", "reg_alpha" : 0, "reg_lambda" : 1, "tree_method" : "auto" }
MCU_DEPLOY_REGRESSION_CODE FIT_MODEL_STEP
PROGRESS_REPORT_ELAPSED_TOTAL 'XGB_MODEL_FIT' 1 8
PROGRESS_REPORT_ELAPSED_TOTAL 'XGB_MODEL_FIT' 2 8
PROGRESS_REPORT_ELAPSED_TOTAL 'XGB_MODEL_FIT' 3 8
PROGRESS_REPORT_ELAPSED_TOTAL 'XGB_MODEL_FIT' 4 8
PROGRESS_REPORT_ELAPSED_TOTAL 'XGB_MODEL_FIT' 5 8
PROGRESS_REPORT_ELAPSED_TOTAL 'XGB_MODEL_FIT' 6 8
PROGRESS_REPORT_ELAPSED_TOTAL 'XGB_MODEL_FIT' 7 8
PROGRESS_REPORT_ELAPSED_TOTAL 'XGB_MODEL_FIT' 8 8
MCU_DEPLOY_REGRESSION_CODE MODEL_JSON_EXPORT_STEP
MODEL_JSON_DUMP_START
{
	"metadata" : { "model" : "Friedman_XGB", "version" : "2024-W04"},
	"options" : { "base_score" : [ ], "early_stopping_rounds" : 0, "eval_metric" : "", "gamma" : 0, "grow_policy" : 0, "learning_rate" : 0.30000001, "max_bin" : 5, "max_depth" : 6, "max_leaves" : 32, "min_child_weight" : 10, "n_estimators" : 6, "objective" : "reg:squarederror", "reg_alpha" : 0, "reg_lambda" : 1, "tree_method" : "auto" },
	"booster" : {
		"BaseScore" : [ 4.2456484 ],
		"Trees" : 6,
		"Tree_0" : {
			"Node_00" : { "leaf_value" : [ ], "parent" : null, "left" : 1, "right" : 2, "svalue" : 0.27340218, "sindex" : 0 },
			"Node_01" : { "leaf_value" : [ ], "parent" : 0, "left" : 3, "right" : 4, "svalue" : 0.27998778, "sindex" : 6 },
			"Node_02" : { "leaf_value" : [ ], "parent" : 0, "left" : 5, "right" : 6, "svalue" : -0.81807846, "sindex" : 6 },
			"Node_03" : { "leaf_value" : [ ], "parent" : 1, "left" : 7, "right" : 8, "svalue" : 0.26675579, "sindex" : 2 },
			"Node_04" : { "leaf_value" : [ ], "parent" : 1, "left" : 9, "right" : 10, "svalue" : 0.26675579, "sindex" : 2 },
			"Node_05" : { "leaf_value" : [ ], "parent" : 2, "left" : 11, "right" : 12, "svalue" : -0.21805862, "sindex" : 1 },
			"Node_06" : { "leaf_value" : [ ], "parent" : 2, "left" : 13, "right" : 14, "svalue" : 0.26675579, "sindex" : 2 },
			"Node_07" : { "leaf_value" : [ ], "parent" : 3, "left" : 15, "right" : 16, "svalue" : -0.8550474, "sindex" : 0 },
			"Node_08" : { "leaf_value" : [ ], "parent" : 3, "left" : 17, "right" : 18, "svalue" : -0.21805862, "sindex" : 1 },
			"Node_09" : { "leaf_value" : [ ], "parent" : 4, "left" : 19, "right" : 20, "svalue" : 0.24406698, "sindex" : 1 },
			"Node_10" : { "leaf_value" : [ ], "parent" : 4, "left" : 21, "right" : 22, "svalue" : -0.8550474, "sindex" : 0 },
			"Node_11" : { "leaf_value" : [ ], "parent" : 5, "left" : 23, "right" : 24, "svalue" : -0.23168282, "sindex" : 5 },
			"Node_12" : { "leaf_value" : [ ], "parent" : 5, "left" : 25, "right" : 26, "svalue" : 0.26675579, "sindex" : 2 },
			"Node_13" : { "leaf_value" : [ ], "parent" : 6, "left" : 27, "right" : 28, "svalue" : 0.94279134, "sindex" : 0 },
			"Node_14" : { "leaf_value" : [ ], "parent" : 6, "left" : 29, "right" : 30, "svalue" : 0.27998778, "sindex" : 6 },
			"Node_15" : { "leaf_value" : [ ], "parent" : 7, "left" : 31, "right" : 32, "svalue" : -0.81807846, "sindex" : 6 },
			"Node_16" : { "leaf_value" : [ ], "parent" : 7, "left" : 33, "right" : 34, "svalue" : -0.81807846, "sindex" : 6 },
			"Node_17" : { "leaf_value" : [ ], "parent" : 8, "left" : 35, "right" : 36, "svalue" : -0.8550474, "sindex" : 0 },
			"Node_18" : { "leaf_value" : [ ], "parent" : 8, "left" : 37, "right" : 38, "svalue" : 0.77941763, "sindex" : 8 },
			"Node_19" : { "leaf_value" : [ ], "parent" : 9, "left" : 39, "right" : 40, "svalue" : -0.85935026, "sindex" : 2 },
			"Node_20" : { "leaf_value" : [ ], "parent" : 9, "left" : 41, "right" : 42, "svalue" : -0.8550474, "sindex" : 0 },
			"Node_21" : { "leaf_value" : [ ], "parent" : 10, "left" : 43, "right" : 44, "svalue" : 0.85033339, "sindex" : 2 },
			"Node_22" : { "leaf_value" : [ ], "parent" : 10, "left" : 45, "right" : 46, "svalue" : 0.24406698, "sindex" : 1 },
			"Node_23" : { "leaf_value" : [ -49.611526 ], "parent" : 11, "left" : null, "right" : null, "svalue" : 0, "sindex" : 0 },
			"Node_24" : { "leaf_value" : [ ], "parent" : 11, "left" : 47, "right" : 48, "svalue" : 0.94279134, "sindex" : 0 },
			"Node_25" : { "leaf_value" : [ ], "parent" : 12, "left" : 49, "right" : 50, "svalue" : 0.94279134, "sindex" : 0 },
			"Node_26" : { "leaf_value" : [ 33.10017 ], "parent" : 12, "left" : null, "right" : null, "svalue" : 0, "sindex" : 0 },
			"Node_27" : { "leaf_value" : [ ], "parent" : 13, "left" : 51, "right" : 52, "svalue" : 0.85963273, "sindex" : 6 },
			"Node_28" : { "leaf_value" : [ ], "parent" : 13, "left" : 53, "right" : 54, "svalue" : -0.85935026, "sindex" : 2 },
			"Node_29" : { "leaf_value" : [ ], "parent" : 14, "left" : 55, "right" : 56, "svalue" : -0.21805862, "sindex" : 1 },
			"Node_30" : { "leaf_value" : [ ], "parent" : 14, "left" : 57, "right" : 58, "svalue" : 0.18714854, "sindex" : 8 },
			"Node_31" : { "leaf_value" : [ -95.771637 ], "parent" : 15, "left" : null, "right" : null, "svalue" : 0, "sindex" : 0 },
			"Node_32" : { "leaf_value" : [ ], "parent" : 15, "left" : 59, "right" : 60, "svalue" : 0.26668453, "sindex" : 7 },
			"Node_33" : { "leaf_value" : [ ], "parent" : 16, "left" : 61, "right" : 62, "svalue" : -0.27453342, "sindex" : 2 },
			"Node_34" : { "leaf_value" : [ -25.062958 ], "parent" : 16, "left" : null, "right" : null, "svalue" : 0, "sindex" : 0 },
			"Node_35" : { "leaf_value" : [ -46.712345 ], "parent" : 17, "left" : null, "right" : null, "svalue" : 0, "sindex" : 0 },
			"Node_36" : { "leaf_value" : [ -22.442261 ], "parent" : 17, "left" : null, "right" : null, "svalue" : 0, "sindex" : 0 },
			"Node_37" : { "leaf_value" : [ -12.825127 ], "parent" : 18, "left" : null, "right" : null, "svalue" : 0, "sindex" : 0 },
			"Node_38" : { "leaf_value" : [ 17.509428 ], "parent" : 18, "left" : null, "right" : null, "svalue" : 0, "sindex" : 0 },
			"Node_39" : { "leaf_value" : [ -39.043049 ], "parent" : 19, "left" : null, "right" : null, "svalue" : 0, "sindex" : 0 },
			"Node_40" : { "leaf_value" : [ -15.092055 ], "parent" : 19, "left" : null, "right" : null, "svalue" : 0, "sindex" : 0 },
			"Node_41" : { "leaf_value" : [ -11.186997 ], "parent" : 20, "left" : null, "right" : null, "svalue" : 0, "sindex" : 0 },
			"Node_42" : { "leaf_value" : [ 15.020344 ], "parent" : 20, "left" : null, "right" : null, "svalue" : 0, "sindex" : 0 },
			"Node_43" : { "leaf_value" : [ -5.4219985 ], "parent" : 21, "left" : null, "right" : null, "svalue" : 0, "sindex" : 0 },
			"Node_44" : { "leaf_value" : [ 20.236759 ], "parent" : 21, "left" : null, "right" : null, "svalue" : 0, "sindex" : 0 },
			"Node_45" : { "leaf_value" : [ 26.514584 ], "parent" : 22, "left" : null, "right" : null, "svalue" : 0, "sindex" : 0 },
			"Node_46" : { "leaf_value" : [ 55.327736 ], "parent" : 22, "left" : null, "right" : null, "svalue" : 0, "sindex" : 0 },
			"Node_47" : { "leaf_value" : [ -34.440456 ], "parent" : 24, "left" : null, "right" : null, "svalue" : 0, "sindex" : 0 },
			"Node_48" : { "leaf_value" : [ -14.413689 ], "parent" : 24, "left" : null, "right" : null, "svalue" : 0, "sindex" : 0 },
			"Node_49" : { "leaf_value" : [ -26.538343 ], "parent" : 25, "left" : null, "right" : null, "svalue" : 0, "sindex" : 0 },
			"Node_50" : { "leaf_value" : [ 7.2891359 ], "parent" : 25, "left" : null, "right" : null, "svalue" : 0, "sindex" : 0 },
			"Node_51" : { "leaf_value" : [ 3.5043657 ], "parent" : 27, "left" : null, "right" : null, "svalue" : 0, "sindex" : 0 },
			"Node_52" : { "leaf_value" : [ 25.711002 ], "parent" : 27, "left" : null, "right" : null, "svalue" : 0, "sindex" : 0 },
			"Node_53" : { "leaf_value" : [ 13.521562 ], "parent" : 28, "left" : null, "right" : null, "svalue" : 0, "sindex" : 0 },
			"Node_54" : { "leaf_value" : [ 45.152969 ], "parent" : 28, "left" : null, "right" : null, "svalue" : 0, "sindex" : 0 },
			"Node_55" : { "leaf_value" : [ 25.901499 ], "parent" : 29, "left" : null, "right" : null, "svalue" : 0, "sindex" : 0 },
			"Node_56" : { "leaf_value" : [ 47.677769 ], "parent" : 29, "left" : null, "right" : null, "svalue" : 0, "sindex" : 0 },
			"Node_57" : { "leaf_value" : [ 56.45752 ], "parent" : 30, "left" : null, "right" : null, "svalue" : 0, "sindex" : 0 },
			"Node_58" : { "leaf_value" : [ 85.600174 ], "parent" : 30, "left" : null, "right" : null, "svalue" : 0, "sindex" : 0 },
			"Node_59" : { "leaf_value" : [ -64.582687 ], "parent" : 32, "left" : null, "right" : null, "svalue" : 0, "sindex" : 0 },
			"Node_60" : { "leaf_value" : [ -45.207134 ], "parent" : 32, "left" : null, "right" : null, "svalue" : 0, "sindex" : 0 },
			"Node_61" : { "leaf_value" : [ -64.764061 ], "parent" : 33, "left" : null, "right" : null, "svalue" : 0, "sindex" : 0 },
			"Node_62" : { "leaf_value" : [ -34.441994 ], "parent" : 33, "left" : null, "right" : null, "svalue" : 0, "sindex" : 0 }
		},
		"Tree_1" : {
			"Node_00" : { "leaf_value" : [ ], "parent" : null, "left" : 1, "right" : 2, "svalue" : -0.26559374, "sindex" : 0 },
			"Node_01" : { "leaf_value" : [ ], "parent" : 0, "left" : 3, "right" : 4, "svalue" : -0.22143735, "sindex" : 6 },
			"Node_02" : { "leaf_value" : [ ], "parent" : 0, "left" : 5, "right" : 6, "svalue" : -0.22143735, "sindex" : 6 },
			"Node_03" : { "leaf_value" : [ ], "parent" : 1, "left" : 7, "right" : 8, "svalue" : 0.24406698, "sindex" : 1 },
			"Node_04" : { "leaf_value" : [ ], "parent" : 1, "left" : 9, "right" : 10, "svalue" : -0.27453342, "sindex" : 2 },
			"Node_05" : { "leaf_value" : [ ], "parent" : 2, "left" : 11, "right" : 12, "svalue" : 0.85033339, "sindex" : 2 },
			"Node_06" : { "leaf_value" : [ ], "parent" : 2, "left" : 13, "right" : 14, "svalue" : 0.26675579, "sindex" : 2 },
			"Node_07" : { "leaf_value" : [ ], "parent" : 3, "left" : 15, "right" : 16, "svalue" : -0.8550474, "sindex" : 0 },
			"Node_08" : { "leaf_value" : [ ], "parent" : 3, "left" : 17, "right" : 18, "svalue" : 0.26675579, "sindex" : 2 },
			"Node_09" : { "leaf_value" : [ ], "parent" : 4, "left" : 19, "right" : 20, "svalue" : 0.7471543, "sindex" : 1 },
			"Node_10" : { "leaf_value" : [ ], "parent" : 4, "left" : 21, "right" : 22, "svalue" : -0.21805862, "sindex" : 1 },
			"Node_11" : { "leaf_value" : [ ], "parent" : 5, "left" : 23, "right" : 24, "svalue" : 0.94279134, "sindex" : 0 },
			"Node_12" : { "leaf_value" : [ ], "parent" : 5, "left" : 25, "right" : 26, "svalue" : 0.94279134, "sindex" : 0 },
			"Node_13" : { "leaf_value" : [ ], "parent" : 6, "left" : 27, "right" : 28, "svalue" : 0.94279134, "sindex" : 0 },
			"Node_14" : { "leaf_value" : [ ], "parent" : 6, "left" : 29, "right" : 30, "svalue" : -0.78276086, "sindex" : 1 },
			"Node_15" : { "leaf_value" : [ ], "parent" : 7, "left" : 31, "right" : 32, "svalue" : 0.29765025, "sindex" : 4 },
			"Node_16" : { "leaf_value" : [ ], "parent" : 7, "left" : 33, "right" : 34, "svalue" : -0.29133713, "sindex" : 8 },
			"Node_17" : { "leaf_value" : [ ], "parent" : 8, "left" : 35, "right" : 36, "svalue" : -0.81807846, "sindex" : 6 },
			"Node_18" : { "leaf_value" : [ ], "parent" : 8, "left" : 37, "right" : 38, "svalue" : -0.81807846, "sindex" : 6 },
			"Node_19" : { "leaf_value" : [ ], "parent" : 9, "left" : 39, "right" : 40, "svalue" : -0.8550474, "sindex" : 0 },
			"Node_20" : { "leaf_value" : [ ], "parent" : 9, "left" : 41, "right" : 42, "svalue" : 0.85963273, "sindex" : 6 },
			"Node_21" : { "leaf_value" : [ ], "parent" : 10, "left" : 43, "right" : 44, "svalue" : 0.26675579, "sindex" : 2 },
			"Node_22" : { "leaf_value" : [ ], "parent" : 10, "left" : 45, "right" : 46, "svalue" : 0.85033339, "sindex" : 2 },
			"Node_23" : { "leaf_value" : [ ], "parent" : 11, "left" : 47, "right" : 48, "svalue" : -0.25063655, "sindex" : 7 },
			"Node_24" : { "leaf_value" : [ ], "parent" : 11, "left" : 49, "right" : 50, "svalue" : -0.85935026, "sindex" : 2 },
			"Node_25" : { "leaf_value" : [ ], "parent" : 12, "left" : 51, "right" : 52, "svalue" : -0.81807846, "sindex" : 6 },
			"Node_26" : { "leaf_value" : [ ], "parent" : 12, "left" : 53, "right" : 54, "svalue" : -0.29133713, "sindex" : 8 },
			"Node_27" : { "leaf_value" : [ ], "parent" : 13, "left" : 55, "right" : 56, "svalue" : -0.85935026, "sindex" : 2 },
			"Node_28" : { "leaf_value" : [ ], "parent" : 13, "left" : 57, "right" : 58, "svalue" : -0.21805862, "sindex" : 1 },
			"Node_29" : { "leaf_value" : [ ], "parent" : 14, "left" : 59, "right" : 60, "svalue" : -0.29133713, "sindex" : 8 },
			"Node_30" : { "leaf_value" : [ ], "parent" : 14, "left" : 61, "right" : 62, "svalue" : -0.87236917, "sindex" : 3 },
			"Node_31" : { "leaf_value" : [ -44.161865 ], "parent" : 15, "left" : null, "right" : null, "svalue" : 0, "sindex" : 0 },
			"Node_32" : { "leaf_value" : [ -68.275383 ], "parent" : 15, "left" : null, "right" : null, "svalue" : 0, "sindex" : 0 },
			"Node_33" : { "leaf_value" : [ -42.829548 ], "parent" : 16, "left" : null, "right" : null, "svalue" : 0, "sindex" : 0 },
			"Node_34" : { "leaf_value" : [ -24.787586 ], "parent" : 16, "left" : null, "right" : null, "svalue" : 0, "sindex" : 0 },
			"Node_35" : { "leaf_value" : [ -47.081875 ], "parent" : 17, "left" : null, "right" : null, "svalue" : 0, "sindex" : 0 },
			"Node_36" : { "leaf_value" : [ -23.49548 ], "parent" : 17, "left" : null, "right" : null, "svalue" : 0, "sindex" : 0 },
			"Node_37" : { "leaf_value" : [ -19.519049 ], "parent" : 18, "left" : null, "right" : null, "svalue" : 0, "sindex" : 0 },
			"Node_38" : { "leaf_value" : [ -6.5962782 ], "parent" : 18, "left" : null, "right" : null, "svalue" : 0, "sindex" : 0 },
			"Node_39" : { "leaf_value" : [ -41.107605 ], "parent" : 19, "left" : null, "right" : null, "svalue" : 0, "sindex" : 0 },
			"Node_40" : { "leaf_value" : [ -19.638477 ], "parent" : 19, "left" : null, "right" : null, "svalue" : 0, "sindex" : 0 },
			"Node_41" : { "leaf_value" : [ -9.6369066 ], "parent" : 20, "left" : null, "right" : null, "svalue" : 0, "sindex" : 0 },
			"Node_42" : { "leaf_value" : [ 16.618095 ], "parent" : 20, "left" : null, "right" : null, "svalue" : 0, "sindex" : 0 },
			"Node_43" : { "leaf_value" : [ -26.108294 ], "parent" : 21, "left" : null, "right" : null, "svalue" : 0, "sindex" : 0 },
			"Node_44" : { "leaf_value" : [ -3.7586811 ], "parent" : 21, "left" : null, "right" : null, "svalue" : 0, "sindex" : 0 },
			"Node_45" : { "leaf_value" : [ 5.8225842 ], "parent" : 22, "left" : null, "right" : null, "svalue" : 0, "sindex" : 0 },
			"Node_46" : { "leaf_value" : [ 29.995733 ], "parent" : 22, "left" : null, "right" : null, "svalue" : 0, "sindex" : 0 },
			"Node_47" : { "leaf_value" : [ -35.141949 ], "parent" : 23, "left" : null, "right" : null, "svalue" : 0, "sindex" : 0 },
			"Node_48" : { "leaf_value" : [ -9.2813082 ], "parent" : 23, "left" : null, "right" : null, "svalue" : 0, "sindex" : 0 },
			"Node_49" : { "leaf_value" : [ -13.136111 ], "parent" : 24, "left" : null, "right" : null, "svalue" : 0, "sindex" : 0 },
			"Node_50" : { "leaf_value" : [ 13.629126 ], "parent" : 24, "left" : null, "right" : null, "svalue" : 0, "sindex" : 0 },
			"Node_51" : { "leaf_value" : [ 5.4659772 ], "parent" : 25, "left" : null, "right" : null, "svalue" : 0, "sindex" : 0 },
			"Node_52" : { "leaf_value" : [ 24.193789 ], "parent" : 25, "left" : null, "right" : null, "svalue" : 0, "sindex" : 0 },
			"Node_53" : { "leaf_value" : [ 23.615244 ], "parent" : 26, "left" : null, "right" : null, "svalue" : 0, "sindex" : 0 },
			"Node_54" : { "leaf_value" : [ 42.596508 ], "parent" : 26, "left" : null, "right" : null, "svalue" : 0, "sindex" : 0 },
			"Node_55" : { "leaf_value" : [ -4.0920978 ], "parent" : 27, "left" : null, "right" : null, "svalue" : 0, "sindex" : 0 },
			"Node_56" : { "leaf_value" : [ 13.103427 ], "parent" : 27, "left" : null, "right" : null, "svalue" : 0, "sindex" : 0 },
			"Node_57" : { "leaf_value" : [ 11.40387 ], "parent" : 28, "left" : null, "right" : null, "svalue" : 0, "sindex" : 0 },
			"Node_58" : { "leaf_value" : [ 45.462143 ], "parent" : 28, "left" : null, "right" : null, "svalue" : 0, "sindex" : 0 },
			"Node_59" : { "leaf_value" : [ 2.4072316 ], "parent" : 29, "left" : null, "right" : null, "svalue" : 0, "sindex" : 0 },
			"Node_60" : { "leaf_value" : [ 20.231449 ], "parent" : 29, "left" : null, "right" : null, "svalue" : 0, "sindex" : 0 },
			"Node_61" : { "leaf_value" : [ 21.715147 ], "parent" : 30, "left" : null, "right" : null, "svalue" : 0, "sindex" : 0 },
			"Node_62" : { "leaf_value" : [ 48.942692 ], "parent" : 30, "left" : null, "right" : null, "svalue" : 0, "sindex" : 0 }
		},
		"Tree_2" : {
			"Node_00" : { "leaf_value" : [ ], "parent" : null, "left" : 1, "right" : 2, "svalue" : 0.27340218, "sindex" : 0 },
			"Node_01" : { "leaf_value" : [ ], "parent" : 0, "left" : 3, "right" : 4, "svalue" : 0.85963273, "sindex" : 6 },
			"Node_02" : { "leaf_value" : [ ], "parent" : 0, "left" : 5, "right" : 6, "svalue" : 0.27998778, "sindex" : 6 },
			"Node_03" : { "leaf_value" : [ ], "parent" : 1, "left" : 7, "right" : 8, "svalue" : -0.85935026, "sindex" : 2 },
			"Node_04" : { "leaf_value" : [ ], "parent" : 1, "left" : 9, "right" : 10, "svalue" : -0.8550474, "sindex" : 0 },
			"Node_05" : { "leaf_value" : [ ], "parent" : 2, "left" : 11, "right" : 12, "svalue" : -0.27453342, "sindex" : 2 },
			"Node_06" : { "leaf_value" : [ ], "parent" : 2, "left" : 13, "right" : 14, "svalue" : -0.85935026, "sindex" : 2 },
			"Node_07" : { "leaf_value" : [ ], "parent" : 3, "left" : 15, "right" : 16, "svalue" : -0.23168282, "sindex" : 5 },
			"Node_08" : { "leaf_value" : [ ], "parent" : 3, "left" : 17, "right" : 18, "svalue" : -0.78276086, "sindex" : 1 },
			"Node_09" : { "leaf_value" : [ ], "parent" : 4, "left" : 19, "right" : 20, "svalue" : -0.29133713, "sindex" : 8 },
			"Node_10" : { "leaf_value" : [ ], "parent" : 4, "left" : 21, "right" : 22, "svalue" : -0.25063655, "sindex" : 7 },
			"Node_11" : { "leaf_value" : [ ], "parent" : 5, "left" : 23, "right" : 24, "svalue" : -0.21805862, "sindex" : 1 },
			"Node_12" : { "leaf_value" : [ ], "parent" : 5, "left" : 25, "right" : 26, "svalue" : 0.26668453, "sindex" : 7 },
			"Node_13" : { "leaf_value" : [ ], "parent" : 6, "left" : 27, "right" : 28, "svalue" : -0.23168282, "sindex" : 5 },
			"Node_14" : { "leaf_value" : [ ], "parent" : 6, "left" : 29, "right" : 30, "svalue" : -0.78276086, "sindex" : 1 },
			"Node_15" : { "leaf_value" : [ ], "parent" : 7, "left" : 31, "right" : 32, "svalue" : 0.24406698, "sindex" : 1 },
			"Node_16" : { "leaf_value" : [ ], "parent" : 7, "left" : 33, "right" : 34, "svalue" : -0.21805862, "sindex" : 1 },
			"Node_17" : { "leaf_value" : [ ], "parent" : 8, "left" : 35, "right" : 36, "svalue" : -0.22143735, "sindex" : 6 },
			"Node_18" : { "leaf_value" : [ ], "parent" : 8, "left" : 37, "right" : 38, "svalue" : -0.25063655, "sindex" : 7 },
			"Node_19" : { "leaf_value" : [ -12.772388 ], "parent" : 9, "left" : null, "right" : null, "svalue" : 0, "sindex" : 0 },
			"Node_20" : { "leaf_value" : [ ], "parent" : 9, "left" : 39, "right" : 40, "svalue" : -0.25063655, "sindex" : 7 },
			"Node_21" : { "leaf_value" : [ ], "parent" : 10, "left" : 41, "right" : 42, "svalue" : -0.27453342, "sindex" : 2 },
			"Node_22" : { "leaf_value" : [ ], "parent" : 10, "left" : 43, "right" : 44, "svalue" : 0.85033339, "sindex" : 2 },
			"Node_23" : { "leaf_value" : [ ], "parent" : 11, "left" : 45, "right" : 46, "svalue" : 0.26668453, "sindex" : 7 },
			"Node_24" : { "leaf_value" : [ ], "parent" : 11, "left" : 47, "right" : 48, "svalue" : 0.24099523, "sindex" : 5 },
			"Node_25" : { "leaf_value" : [ ], "parent" : 12, "left" : 49, "right" : 50, "svalue" : 0.7471543, "sindex" : 1 },
			"Node_26" : { "leaf_value" : [ ], "parent" : 12, "left" : 51, "right" : 52, "svalue" : -0.78276086, "sindex" : 1 },
			"Node_27" : { "leaf_value" : [ -5.9832454 ], "parent" : 13, "left" : null, "right" : null, "svalue" : 0, "sindex" : 0 },
			"Node_28" : { "leaf_value" : [ ], "parent" : 13, "left" : 53, "right" : 54, "svalue" : 0.2534031, "sindex" : 9 },
			"Node_29" : { "leaf_value" : [ ], "parent" : 14, "left" : 55, "right" : 56, "svalue" : 0.94279134, "sindex" : 0 },
			"Node_30" : { "leaf_value" : [ ], "parent" : 14, "left" : 57, "right" : 58, "svalue" : -0.25063655, "sindex" : 7 },
			"Node_31" : { "leaf_value" : [ ], "parent" : 15, "left" : 59, "right" : 60, "svalue" : -0.79347557, "sindex" : 5 },
			"Node_32" : { "leaf_value" : [ -30.613823 ], "parent" : 15, "left" : null, "right" : null, "svalue" : 0, "sindex" : 0 },
			"Node_33" : { "leaf_value" : [ -38.714035 ], "parent" : 16, "left" : null, "right" : null, "svalue" : 0, "sindex" : 0 },
			"Node_34" : { "leaf_value" : [ ], "parent" : 16, "left" : 61, "right" : 62, "svalue" : -0.8550474, "sindex" : 0 },
			"Node_35" : { "leaf_value" : [ -36.606384 ], "parent" : 17, "left" : null, "right" : null, "svalue" : 0, "sindex" : 0 },
			"Node_36" : { "leaf_value" : [ -15.930394 ], "parent" : 17, "left" : null, "right" : null, "svalue" : 0, "sindex" : 0 },
			"Node_37" : { "leaf_value" : [ -16.962494 ], "parent" : 18, "left" : null, "right" : null, "svalue" : 0, "sindex" : 0 },
			"Node_38" : { "leaf_value" : [ 1.1665609 ], "parent" : 18, "left" : null, "right" : null, "svalue" : 0, "sindex" : 0 },
			"Node_39" : { "leaf_value" : [ -3.9522188 ], "parent" : 20, "left" : null, "right" : null, "svalue" : 0, "sindex" : 0 },
			"Node_40" : { "leaf_value" : [ 11.402967 ], "parent" : 20, "left" : null, "right" : null, "svalue" : 0, "sindex" : 0 },
			"Node_41" : { "leaf_value" : [ -10.237719 ], "parent" : 21, "left" : null, "right" : null, "svalue" : 0, "sindex" : 0 },
			"Node_42" : { "leaf_value" : [ 14.09759 ], "parent" : 21, "left" : null, "right" : null, "svalue" : 0, "sindex" : 0 },
			"Node_43" : { "leaf_value" : [ 21.449944 ], "parent" : 22, "left" : null, "right" : null, "svalue" : 0, "sindex" : 0 },
			"Node_44" : { "leaf_value" : [ 42.373795 ], "parent" : 22, "left" : null, "right" : null, "svalue" : 0, "sindex" : 0 },
			"Node_45" : { "leaf_value" : [ -32.105835 ], "parent" : 23, "left" : null, "right" : null, "svalue" : 0, "sindex" : 0 },
			"Node_46" : { "leaf_value" : [ -11.153332 ], "parent" : 23, "left" : null, "right" : null, "svalue" : 0, "sindex" : 0 },
			"Node_47" : { "leaf_value" : [ -4.4463725 ], "parent" : 24, "left" : null, "right" : null, "svalue" : 0, "sindex" : 0 },
			"Node_48" : { "leaf_value" : [ 12.852655 ], "parent" : 24, "left" : null, "right" : null, "svalue" : 0, "sindex" : 0 },
			"Node_49" : { "leaf_value" : [ 1.5979139 ], "parent" : 25, "left" : null, "right" : null, "svalue" : 0, "sindex" : 0 },
			"Node_50" : { "leaf_value" : [ 23.389133 ], "parent" : 25, "left" : null, "right" : null, "svalue" : 0, "sindex" : 0 },
			"Node_51" : { "leaf_value" : [ 7.9835029 ], "parent" : 26, "left" : null, "right" : null, "svalue" : 0, "sindex" : 0 },
			"Node_52" : { "leaf_value" : [ 27.607586 ], "parent" : 26, "left" : null, "right" : null, "svalue" : 0, "sindex" : 0 },
			"Node_53" : { "leaf_value" : [ 7.2927027 ], "parent" : 28, "left" : null, "right" : null, "svalue" : 0, "sindex" : 0 },
			"Node_54" : { "leaf_value" : [ 26.139647 ], "parent" : 28, "left" : null, "right" : null, "svalue" : 0, "sindex" : 0 },
			"Node_55" : { "leaf_value" : [ -3.5115402 ], "parent" : 29, "left" : null, "right" : null, "svalue" : 0, "sindex" : 0 },
			"Node_56" : { "leaf_value" : [ 23.938688 ], "parent" : 29, "left" : null, "right" : null, "svalue" : 0, "sindex" : 0 },
			"Node_57" : { "leaf_value" : [ 25.409784 ], "parent" : 30, "left" : null, "right" : null, "svalue" : 0, "sindex" : 0 },
			"Node_58" : { "leaf_value" : [ 48.590729 ], "parent" : 30, "left" : null, "right" : null, "svalue" : 0, "sindex" : 0 },
			"Node_59" : { "leaf_value" : [ -57.648933 ], "parent" : 31, "left" : null, "right" : null, "svalue" : 0, "sindex" : 0 },
			"Node_60" : { "leaf_value" : [ -39.195087 ], "parent" : 31, "left" : null, "right" : null, "svalue" : 0, "sindex" : 0 },
			"Node_61" : { "leaf_value" : [ -31.56259 ], "parent" : 34, "left" : null, "right" : null, "svalue" : 0, "sindex" : 0 },
			"Node_62" : { "leaf_value" : [ -11.991692 ], "parent" : 34, "left" : null, "right" : null, "svalue" : 0, "sindex" : 0 }
		},
		"Tree_3" : {
			"Node_00" : { "leaf_value" : [ ], "parent" : null, "left" : 1, "right" : 2, "svalue" : -0.8550474, "sindex" : 0 },
			"Node_01" : { "leaf_value" : [ ], "parent" : 0, "left" : 3, "right" : 4, "svalue" : 0.85033339, "sindex" : 2 },
			"Node_02" : { "leaf_value" : [ ], "parent" : 0, "left" : 5, "right" : 6, "svalue" : -0.81807846, "sindex" : 6 },
			"Node_03" : { "leaf_value" : [ ], "parent" : 1, "left" : 7, "right" : 8, "svalue" : -0.81807846, "sindex" : 6 },
			"Node_04" : { "leaf_value" : [ ], "parent" : 1, "left" : 9, "right" : 10, "svalue" : -0.25063655, "sindex" : 7 },
			"Node_05" : { "leaf_value" : [ ], "parent" : 2, "left" : 11, "right" : 12, "svalue" : 0.94279134, "sindex" : 0 },
			"Node_06" : { "leaf_value" : [ ], "parent" : 2, "left" : 13, "right" : 14, "svalue" : 0.85033339, "sindex" : 2 },
			"Node_07" : { "leaf_value" : [ ], "parent" : 3, "left" : 15, "right" : 16, "svalue" : 0.18714854, "sindex" : 8 },
			"Node_08" : { "leaf_value" : [ ], "parent" : 3, "left" : 17, "right" : 18, "svalue" : -0.82878411, "sindex" : 8 },
			"Node_09" : { "leaf_value" : [ -9.8915453 ], "parent" : 4, "left" : null, "right" : null, "svalue" : 0, "sindex" : 0 },
			"Node_10" : { "leaf_value" : [ ], "parent" : 4, "left" : 19, "right" : 20, "svalue" : 0.24342847, "sindex" : 3 },
			"Node_11" : { "leaf_value" : [ ], "parent" : 5, "left" : 21, "right" : 22, "svalue" : 0.24099523, "sindex" : 5 },
			"Node_12" : { "leaf_value" : [ ], "parent" : 5, "left" : 23, "right" : 24, "svalue" : -0.21805862, "sindex" : 1 },
			"Node_13" : { "leaf_value" : [ ], "parent" : 6, "left" : 25, "right" : 26, "svalue" : 0.94279134, "sindex" : 0 },
			"Node_14" : { "leaf_value" : [ ], "parent" : 6, "left" : 27, "right" : 28, "svalue" : 0.83679998, "sindex" : 7 },
			"Node_15" : { "leaf_value" : [ -48.81332 ], "parent" : 7, "left" : null, "right" : null, "svalue" : 0, "sindex" : 0 },
			"Node_16" : { "leaf_value" : [ -27.881868 ], "parent" : 7, "left" : null, "right" : null, "svalue" : 0, "sindex" : 0 },
			"Node_17" : { "leaf_value" : [ ], "parent" : 8, "left" : 29, "right" : 30, "svalue" : 0.27998778, "sindex" : 6 },
			"Node_18" : { "leaf_value" : [ ], "parent" : 8, "left" : 31, "right" : 32, "svalue" : 0.85963273, "sindex" : 6 },
			"Node_19" : { "leaf_value" : [ -1.0688742 ], "parent" : 10, "left" : null, "right" : null, "svalue" : 0, "sindex" : 0 },
			"Node_20" : { "leaf_value" : [ 14.555829 ], "parent" : 10, "left" : null, "right" : null, "svalue" : 0, "sindex" : 0 },
			"Node_21" : { "leaf_value" : [ ], "parent" : 11, "left" : 33, "right" : 34, "svalue" : 0.24406698, "sindex" : 1 },
			"Node_22" : { "leaf_value" : [ ], "parent" : 11, "left" : 35, "right" : 36, "svalue" : 0.26675579, "sindex" : 2 },
			"Node_23" : { "leaf_value" : [ -14.470937 ], "parent" : 12, "left" : null, "right" : null, "svalue" : 0, "sindex" : 0 },
			"Node_24" : { "leaf_value" : [ ], "parent" : 12, "left" : 37, "right" : 38, "svalue" : 0.24099523, "sindex" : 5 },
			"Node_25" : { "leaf_value" : [ ], "parent" : 13, "left" : 39, "right" : 40, "svalue" : 0.7471543, "sindex" : 1 },
			"Node_26" : { "leaf_value" : [ ], "parent" : 13, "left" : 41, "right" : 42, "svalue" : -0.29133713, "sindex" : 8 },
			"Node_27" : { "leaf_value" : [ ], "parent" : 14, "left" : 43, "right" : 44, "svalue" : -0.21805862, "sindex" : 1 },
			"Node_28" : { "leaf_value" : [ ], "parent" : 14, "left" : 45, "right" : 46, "svalue" : 0.24406698, "sindex" : 1 },
			"Node_29" : { "leaf_value" : [ -36.048222 ], "parent" : 17, "left" : null, "right" : null, "svalue" : 0, "sindex" : 0 },
			"Node_30" : { "leaf_value" : [ -23.866543 ], "parent" : 17, "left" : null, "right" : null, "svalue" : 0, "sindex" : 0 },
			"Node_31" : { "leaf_value" : [ ], "parent" : 18, "left" : 47, "right" : 48, "svalue" : -0.25063655, "sindex" : 7 },
			"Node_32" : { "leaf_value" : [ ], "parent" : 18, "left" : 49, "right" : 50, "svalue" : -0.23168282, "sindex" : 5 },
			"Node_33" : { "leaf_value" : [ ], "parent" : 21, "left" : 51, "right" : 52, "svalue" : -0.85935026, "sindex" : 2 },
			"Node_34" : { "leaf_value" : [ ], "parent" : 21, "left" : 53, "right" : 54, "svalue" : -0.82752901, "sindex" : 7 },
			"Node_35" : { "leaf_value" : [ ], "parent" : 22, "left" : 55, "right" : 56, "svalue" : 0.18714854, "sindex" : 8 },
			"Node_36" : { "leaf_value" : [ ], "parent" : 22, "left" : 57, "right" : 58, "svalue" : -0.21805862, "sindex" : 1 },
			"Node_37" : { "leaf_value" : [ 2.1652813 ], "parent" : 24, "left" : null, "right" : null, "svalue" : 0, "sindex" : 0 },
			"Node_38" : { "leaf_value" : [ 19.586527 ], "parent" : 24, "left" : null, "right" : null, "svalue" : 0, "sindex" : 0 },
			"Node_39" : { "leaf_value" : [ ], "parent" : 25, "left" : 59, "right" : 60, "svalue" : 0.26668453, "sindex" : 7 },
			"Node_40" : { "leaf_value" : [ ], "parent" : 25, "left" : 61, "right" : 62, "svalue" : 0.27998778, "sindex" : 6 },
			"Node_41" : { "leaf_value" : [ 2.9410222 ], "parent" : 26, "left" : null, "right" : null, "svalue" : 0, "sindex" : 0 },
			"Node_42" : { "leaf_value" : [ 26.254839 ], "parent" : 26, "left" : null, "right" : null, "svalue" : 0, "sindex" : 0 },
			"Node_43" : { "leaf_value" : [ 11.723725 ], "parent" : 27, "left" : null, "right" : null, "svalue" : 0, "sindex" : 0 },
			"Node_44" : { "leaf_value" : [ 23.928974 ], "parent" : 27, "left" : null, "right" : null, "svalue" : 0, "sindex" : 0 },
			"Node_45" : { "leaf_value" : [ 27.083298 ], "parent" : 28, "left" : null, "right" : null, "svalue" : 0, "sindex" : 0 },
			"Node_46" : { "leaf_value" : [ 47.706383 ], "parent" : 28, "left" : null, "right" : null, "svalue" : 0, "sindex" : 0 },
			"Node_47" : { "leaf_value" : [ -27.290651 ], "parent" : 31, "left" : null, "right" : null, "svalue" : 0, "sindex" : 0 },
			"Node_48" : { "leaf_value" : [ -12.68384 ], "parent" : 31, "left" : null, "right" : null, "svalue" : 0, "sindex" : 0 },
			"Node_49" : { "leaf_value" : [ -5.9324932 ], "parent" : 32, "left" : null, "right" : null, "svalue" : 0, "sindex" : 0 },
			"Node_50" : { "leaf_value" : [ 8.8414049 ], "parent" : 32, "left" : null, "right" : null, "svalue" : 0, "sindex" : 0 },
			"Node_51" : { "leaf_value" : [ -41.403534 ], "parent" : 33, "left" : null, "right" : null, "svalue" : 0, "sindex" : 0 },
			"Node_52" : { "leaf_value" : [ -25.448271 ], "parent" : 33, "left" : null, "right" : null, "svalue" : 0, "sindex" : 0 },
			"Node_53" : { "leaf_value" : [ -31.573324 ], "parent" : 34, "left" : null, "right" : null, "svalue" : 0, "sindex" : 0 },
			"Node_54" : { "leaf_value" : [ -5.3021035 ], "parent" : 34, "left" : null, "right" : null, "svalue" : 0, "sindex" : 0 },
			"Node_55" : { "leaf_value" : [ -21.366512 ], "parent" : 35, "left" : null, "right" : null, "svalue" : 0, "sindex" : 0 },
			"Node_56" : { "leaf_value" : [ -3.0249906 ], "parent" : 35, "left" : null, "right" : null, "svalue" : 0, "sindex" : 0 },
			"Node_57" : { "leaf_value" : [ -1.8356386 ], "parent" : 36, "left" : null, "right" : null, "svalue" : 0, "sindex" : 0 },
			"Node_58" : { "leaf_value" : [ 10.178178 ], "parent" : 36, "left" : null, "right" : null, "svalue" : 0, "sindex" : 0 },
			"Node_59" : { "leaf_value" : [ -8.2032499 ], "parent" : 39, "left" : null, "right" : null, "svalue" : 0, "sindex" : 0 },
			"Node_60" : { "leaf_value" : [ 4.7898889 ], "parent" : 39, "left" : null, "right" : null, "svalue" : 0, "sindex" : 0 },
			"Node_61" : { "leaf_value" : [ 4.2057414 ], "parent" : 40, "left" : null, "right" : null, "svalue" : 0, "sindex" : 0 },
			"Node_62" : { "leaf_value" : [ 19.071196 ], "parent" : 40, "left" : null, "right" : null, "svalue" : 0, "sindex" : 0 }
		},
		"Tree_4" : {
			"Node_00" : { "leaf_value" : [ ], "parent" : null, "left" : 1, "right" : 2, "svalue" : 0.85963273, "sindex" : 6 },
			"Node_01" : { "leaf_value" : [ ], "parent" : 0, "left" : 3, "right" : 4, "svalue" : -0.26559374, "sindex" : 0 },
			"Node_02" : { "leaf_value" : [ ], "parent" : 0, "left" : 5, "right" : 6, "svalue" : 0.94279134, "sindex" : 0 },
			"Node_03" : { "leaf_value" : [ ], "parent" : 1, "left" : 7, "right" : 8, "svalue" : -0.79347557, "sindex" : 5 },
			"Node_04" : { "leaf_value" : [ ], "parent" : 1, "left" : 9, "right" : 10, "svalue" : -0.27453342, "sindex" : 2 },
			"Node_05" : { "leaf_value" : [ ], "parent" : 2, "left" : 11, "right" : 12, "svalue" : -0.29133713, "sindex" : 8 },
			"Node_06" : { "leaf_value" : [ ], "parent" : 2, "left" : 13, "right" : 14, "svalue" : -0.28623563, "sindex" : 9 },
			"Node_07" : { "leaf_value" : [ ], "parent" : 3, "left" : 15, "right" : 16, "svalue" : 0.18714854, "sindex" : 8 },
			"Node_08" : { "leaf_value" : [ ], "parent" : 3, "left" : 17, "right" : 18, "svalue" : 0.26668453, "sindex" : 7 },
			"Node_09" : { "leaf_value" : [ ], "parent" : 4, "left" : 19, "right" : 20, "svalue" : -0.82752901, "sindex" : 7 },
			"Node_10" : { "leaf_value" : [ ], "parent" : 4, "left" : 21, "right" : 22, "svalue" : -0.78276086, "sindex" : 1 },
			"Node_11" : { "leaf_value" : [ ], "parent" : 5, "left" : 23, "right" : 24, "svalue" : 0.26675579, "sindex" : 2 },
			"Node_12" : { "leaf_value" : [ ], "parent" : 5, "left" : 25, "right" : 26, "svalue" : -0.8550474, "sindex" : 0 },
			"Node_13" : { "leaf_value" : [ 12.212519 ], "parent" : 6, "left" : null, "right" : null, "svalue" : 0, "sindex" : 0 },
			"Node_14" : { "leaf_value" : [ ], "parent" : 6, "left" : 27, "right" : 28, "svalue" : 0.24406698, "sindex" : 1 },
			"Node_15" : { "leaf_value" : [ ], "parent" : 7, "left" : 29, "right" : 30, "svalue" : -0.81807846, "sindex" : 6 },
			"Node_16" : { "leaf_value" : [ ], "parent" : 7, "left" : 31, "right" : 32, "svalue" : 0.24342847, "sindex" : 3 },
			"Node_17" : { "leaf_value" : [ ], "parent" : 8, "left" : 33, "right" : 34, "svalue" : 0.26675579, "sindex" : 2 },
			"Node_18" : { "leaf_value" : [ ], "parent" : 8, "left" : 35, "right" : 36, "svalue" : -0.78276086, "sindex" : 1 },
			"Node_19" : { "leaf_value" : [ ], "parent" : 9, "left" : 37, "right" : 38, "svalue" : -0.85935026, "sindex" : 2 },
			"Node_20" : { "leaf_value" : [ ], "parent" : 9, "left" : 39, "right" : 40, "svalue" : 0.24406698, "sindex" : 1 },
			"Node_21" : { "leaf_value" : [ ], "parent" : 10, "left" : 41, "right" : 42, "svalue" : 0.94279134, "sindex" : 0 },
			"Node_22" : { "leaf_value" : [ ], "parent" : 10, "left" : 43, "right" : 44, "svalue" : -0.79347557, "sindex" : 5 },
			"Node_23" : { "leaf_value" : [ ], "parent" : 11, "left" : 45, "right" : 46, "svalue" : -0.26559374, "sindex" : 0 },
			"Node_24" : { "leaf_value" : [ ], "parent" : 11, "left" : 47, "right" : 48, "svalue" : -0.23168282, "sindex" : 5 },
			"Node_25" : { "leaf_value" : [ ], "parent" : 12, "left" : 49, "right" : 50, "svalue" : -0.25063655, "sindex" : 7 },
			"Node_26" : { "leaf_value" : [ ], "parent" : 12, "left" : 51, "right" : 52, "svalue" : 0.83679998, "sindex" : 7 },
			"Node_27" : { "leaf_value" : [ 27.835632 ], "parent" : 14, "left" : null, "right" : null, "svalue" : 0, "sindex" : 0 },
			"Node_28" : { "leaf_value" : [ 49.325703 ], "parent" : 14, "left" : null, "right" : null, "svalue" : 0, "sindex" : 0 },
			"Node_29" : { "leaf_value" : [ -40.074104 ], "parent" : 15, "left" : null, "right" : null, "svalue" : 0, "sindex" : 0 },
			"Node_30" : { "leaf_value" : [ -26.158569 ], "parent" : 15, "left" : null, "right" : null, "svalue" : 0, "sindex" : 0 },
			"Node_31" : { "leaf_value" : [ -20.629736 ], "parent" : 16, "left" : null, "right" : null, "svalue" : 0, "sindex" : 0 },
			"Node_32" : { "leaf_value" : [ -11.054329 ], "parent" : 16, "left" : null, "right" : null, "svalue" : 0, "sindex" : 0 },
			"Node_33" : { "leaf_value" : [ ], "parent" : 17, "left" : 53, "right" : 54, "svalue" : -0.85935026, "sindex" : 2 },
			"Node_34" : { "leaf_value" : [ ], "parent" : 17, "left" : 55, "right" : 56, "svalue" : 0.7471543, "sindex" : 1 },
			"Node_35" : { "leaf_value" : [ ], "parent" : 18, "left" : 57, "right" : 58, "svalue" : -0.28102142, "sindex" : 3 },
			"Node_36" : { "leaf_value" : [ ], "parent" : 18, "left" : 59, "right" : 60, "svalue" : -0.29133713, "sindex" : 8 },
			"Node_37" : { "leaf_value" : [ -29.092073 ], "parent" : 19, "left" : null, "right" : null, "svalue" : 0, "sindex" : 0 },
			"Node_38" : { "leaf_value" : [ -13.003244 ], "parent" : 19, "left" : null, "right" : null, "svalue" : 0, "sindex" : 0 },
			"Node_39" : { "leaf_value" : [ ], "parent" : 20, "left" : 61, "right" : 62, "svalue" : 0.24099523, "sindex" : 5 },
			"Node_40" : { "leaf_value" : [ 4.8122454 ], "parent" : 20, "left" : null, "right" : null, "svalue" : 0, "sindex" : 0 },
			"Node_41" : { "leaf_value" : [ -8.4059658 ], "parent" : 21, "left" : null, "right" : null, "svalue" : 0, "sindex" : 0 },
			"Node_42" : { "leaf_value" : [ 7.6650767 ], "parent" : 21, "left" : null, "right" : null, "svalue" : 0, "sindex" : 0 },
			"Node_43" : { "leaf_value" : [ -0.47516018 ], "parent" : 22, "left" : null, "right" : null, "svalue" : 0, "sindex" : 0 },
			"Node_44" : { "leaf_value" : [ 14.257906 ], "parent" : 22, "left" : null, "right" : null, "svalue" : 0, "sindex" : 0 },
			"Node_45" : { "leaf_value" : [ -10.617925 ], "parent" : 23, "left" : null, "right" : null, "svalue" : 0, "sindex" : 0 },
			"Node_46" : { "leaf_value" : [ 2.7326345 ], "parent" : 23, "left" : null, "right" : null, "svalue" : 0, "sindex" : 0 },
			"Node_47" : { "leaf_value" : [ 1.4143364 ], "parent" : 24, "left" : null, "right" : null, "svalue" : 0, "sindex" : 0 },
			"Node_48" : { "leaf_value" : [ 16.394426 ], "parent" : 24, "left" : null, "right" : null, "svalue" : 0, "sindex" : 0 },
			"Node_49" : { "leaf_value" : [ -2.7368689 ], "parent" : 25, "left" : null, "right" : null, "svalue" : 0, "sindex" : 0 },
			"Node_50" : { "leaf_value" : [ 7.3542328 ], "parent" : 25, "left" : null, "right" : null, "svalue" : 0, "sindex" : 0 },
			"Node_51" : { "leaf_value" : [ 13.612022 ], "parent" : 26, "left" : null, "right" : null, "svalue" : 0, "sindex" : 0 },
			"Node_52" : { "leaf_value" : [ 32.475368 ], "parent" : 26, "left" : null, "right" : null, "svalue" : 0, "sindex" : 0 },
			"Node_53" : { "leaf_value" : [ -25.344805 ], "parent" : 33, "left" : null, "right" : null, "svalue" : 0, "sindex" : 0 },
			"Node_54" : { "leaf_value" : [ -14.784326 ], "parent" : 33, "left" : null, "right" : null, "svalue" : 0, "sindex" : 0 },
			"Node_55" : { "leaf_value" : [ -8.2852669 ], "parent" : 34, "left" : null, "right" : null, "svalue" : 0, "sindex" : 0 },
			"Node_56" : { "leaf_value" : [ 2.6083124 ], "parent" : 34, "left" : null, "right" : null, "svalue" : 0, "sindex" : 0 },
			"Node_57" : { "leaf_value" : [ -9.9059706 ], "parent" : 35, "left" : null, "right" : null, "svalue" : 0, "sindex" : 0 },
			"Node_58" : { "leaf_value" : [ -23.536924 ], "parent" : 35, "left" : null, "right" : null, "svalue" : 0, "sindex" : 0 },
			"Node_59" : { "leaf_value" : [ -5.0954084 ], "parent" : 36, "left" : null, "right" : null, "svalue" : 0, "sindex" : 0 },
			"Node_60" : { "leaf_value" : [ 8.4629021 ], "parent" : 36, "left" : null, "right" : null, "svalue" : 0, "sindex" : 0 },
			"Node_61" : { "leaf_value" : [ -14.820392 ], "parent" : 39, "left" : null, "right" : null, "svalue" : 0, "sindex" : 0 },
			"Node_62" : { "leaf_value" : [ -1.293903 ], "parent" : 39, "left" : null, "right" : null, "svalue" : 0, "sindex" : 0 }
		},
		"Tree_5" : {
			"Node_00" : { "leaf_value" : [ ], "parent" : null, "left" : 1, "right" : 2, "svalue" : -0.22143735, "sindex" : 6 },
			"Node_01" : { "leaf_value" : [ ], "parent" : 0, "left" : 3, "right" : 4, "svalue" : 0.85033339, "sindex" : 2 },
			"Node_02" : { "leaf_value" : [ ], "parent" : 0, "left" : 5, "right" : 6, "svalue" : -0.85935026, "sindex" : 2 },
			"Node_03" : { "leaf_value" : [ ], "parent" : 1, "left" : 7, "right" : 8, "svalue" : -0.8550474, "sindex" : 0 },
			"Node_04" : { "leaf_value" : [ ], "parent" : 1, "left" : 9, "right" : 10, "svalue" : -0.25063655, "sindex" : 7 },
			"Node_05" : { "leaf_value" : [ ], "parent" : 2, "left" : 11, "right" : 12, "svalue" : -0.8550474, "sindex" : 0 },
			"Node_06" : { "leaf_value" : [ ], "parent" : 2, "left" : 13, "right" : 14, "svalue" : 0.26668453, "sindex" : 7 },
			"Node_07" : { "leaf_value" : [ ], "parent" : 3, "left" : 15, "right" : 16, "svalue" : 0.83679998, "sindex" : 7 },
			"Node_08" : { "leaf_value" : [ ], "parent" : 3, "left" : 17, "right" : 18, "svalue" : -0.85935026, "sindex" : 2 },
			"Node_09" : { "leaf_value" : [ ], "parent" : 4, "left" : 19, "right" : 20, "svalue" : 0.2534031, "sindex" : 9 },
			"Node_10" : { "leaf_value" : [ ], "parent" : 4, "left" : 21, "right" : 22, "svalue" : 0.18714854, "sindex" : 8 },
			"Node_11" : { "leaf_value" : [ ], "parent" : 5, "left" : 23, "right" : 24, "svalue" : 0.24406698, "sindex" : 1 },
			"Node_12" : { "leaf_value" : [ ], "parent" : 5, "left" : 25, "right" : 26, "svalue" : -0.82752901, "sindex" : 7 },
			"Node_13" : { "leaf_value" : [ ], "parent" : 6, "left" : 27, "right" : 28, "svalue" : 0.27340218, "sindex" : 0 },
			"Node_14" : { "leaf_value" : [ ], "parent" : 6, "left" : 29, "right" : 30, "svalue" : 0.94279134, "sindex" : 0 },
			"Node_15" : { "leaf_value" : [ ], "parent" : 7, "left" : 31, "right" : 32, "svalue" : -0.23168282, "sindex" : 5 },
			"Node_16" : { "leaf_value" : [ -5.5472417 ], "parent" : 7, "left" : null, "right" : null, "svalue" : 0, "sindex" : 0 },
			"Node_17" : { "leaf_value" : [ ], "parent" : 8, "left" : 33, "right" : 34, "svalue" : 0.79368639, "sindex" : 5 },
			"Node_18" : { "leaf_value" : [ ], "parent" : 8, "left" : 35, "right" : 36, "svalue" : -0.82878411, "sindex" : 8 },
			"Node_19" : { "leaf_value" : [ -11.640351 ], "parent" : 9, "left" : null, "right" : null, "svalue" : 0, "sindex" : 0 },
			"Node_20" : { "leaf_value" : [ 1.8841487 ], "parent" : 9, "left" : null, "right" : null, "svalue" : 0, "sindex" : 0 },
			"Node_21" : { "leaf_value" : [ ], "parent" : 10, "left" : 37, "right" : 38, "svalue" : 0.24099523, "sindex" : 5 },
			"Node_22" : { "leaf_value" : [ 18.30991 ], "parent" : 10, "left" : null, "right" : null, "svalue" : 0, "sindex" : 0 },
			"Node_23" : { "leaf_value" : [ -22.892721 ], "parent" : 11, "left" : null, "right" : null, "svalue" : 0, "sindex" : 0 },
			"Node_24" : { "leaf_value" : [ -11.085184 ], "parent" : 11, "left" : null, "right" : null, "svalue" : 0, "sindex" : 0 },
			"Node_25" : { "leaf_value" : [ -17.041798 ], "parent" : 12, "left" : null, "right" : null, "svalue" : 0, "sindex" : 0 },
			"Node_26" : { "leaf_value" : [ ], "parent" : 12, "left" : 39, "right" : 40, "svalue" : -0.21805862, "sindex" : 1 },
			"Node_27" : { "leaf_value" : [ ], "parent" : 13, "left" : 41, "right" : 42, "svalue" : 0.24406698, "sindex" : 1 },
			"Node_28" : { "leaf_value" : [ ], "parent" : 13, "left" : 43, "right" : 44, "svalue" : 0.77941763, "sindex" : 8 },
			"Node_29" : { "leaf_value" : [ ], "parent" : 14, "left" : 45, "right" : 46, "svalue" : 0.18714854, "sindex" : 8 },
			"Node_30" : { "leaf_value" : [ ], "parent" : 14, "left" : 47, "right" : 48, "svalue" : -0.21805862, "sindex" : 1 },
			"Node_31" : { "leaf_value" : [ ], "parent" : 15, "left" : 49, "right" : 50, "svalue" : 0.29765025, "sindex" : 4 },
			"Node_32" : { "leaf_value" : [ ], "parent" : 15, "left" : 51, "right" : 52, "svalue" : -0.78276086, "sindex" : 1 },
			"Node_33" : { "leaf_value" : [ ], "parent" : 17, "left" : 53, "right" : 54, "svalue" : -0.78276086, "sindex" : 1 },
			"Node_34" : { "leaf_value" : [ -3.3556845 ], "parent" : 17, "left" : null, "right" : null, "svalue" : 0, "sindex" : 0 },
			"Node_35" : { "leaf_value" : [ ], "parent" : 18, "left" : 55, "right" : 56, "svalue" : 0.24099523, "sindex" : 5 },
			"Node_36" : { "leaf_value" : [ ], "parent" : 18, "left" : 57, "right" : 58, "svalue" : -0.81807846, "sindex" : 6 },
			"Node_37" : { "leaf_value" : [ ], "parent" : 21, "left" : 59, "right" : 60, "svalue" : -0.28623563, "sindex" : 9 },
			"Node_38" : { "leaf_value" : [ 11.360739 ], "parent" : 21, "left" : null, "right" : null, "svalue" : 0, "sindex" : 0 },
			"Node_39" : { "leaf_value" : [ ], "parent" : 26, "left" : 61, "right" : 62, "svalue" : -0.23168282, "sindex" : 5 },
			"Node_40" : { "leaf_value" : [ 5.1208515 ], "parent" : 26, "left" : null, "right" : null, "svalue" : 0, "sindex" : 0 },
			"Node_41" : { "leaf_value" : [ -4.1499534 ], "parent" : 27, "left" : null, "right" : null, "svalue" : 0, "sindex" : 0 },
			"Node_42" : { "leaf_value" : [ 5.1831703 ], "parent" : 27, "left" : null, "right" : null, "svalue" : 0, "sindex" : 0 },
			"Node_43" : { "leaf_value" : [ 4.7007213 ], "parent" : 28, "left" : null, "right" : null, "svalue" : 0, "sindex" : 0 },
			"Node_44" : { "leaf_value" : [ 20.704782 ], "parent" : 28, "left" : null, "right" : null, "svalue" : 0, "sindex" : 0 },
			"Node_45" : { "leaf_value" : [ 5.9013944 ], "parent" : 29, "left" : null, "right" : null, "svalue" : 0, "sindex" : 0 },
			"Node_46" : { "leaf_value" : [ 16.458324 ], "parent" : 29, "left" : null, "right" : null, "svalue" : 0, "sindex" : 0 },
			"Node_47" : { "leaf_value" : [ 11.360638 ], "parent" : 30, "left" : null, "right" : null, "svalue" : 0, "sindex" : 0 },
			"Node_48" : { "leaf_value" : [ 30.798622 ], "parent" : 30, "left" : null, "right" : null, "svalue" : 0, "sindex" : 0 },
			"Node_49" : { "leaf_value" : [ -17.903387 ], "parent" : 31, "left" : null, "right" : null, "svalue" : 0, "sindex" : 0 },
			"Node_50" : { "leaf_value" : [ -32.956154 ], "parent" : 31, "left" : null, "right" : null, "svalue" : 0, "sindex" : 0 },
			"Node_51" : { "leaf_value" : [ -24.537409 ], "parent" : 32, "left" : null, "right" : null, "svalue" : 0, "sindex" : 0 },
			"Node_52" : { "leaf_value" : [ -13.988902 ], "parent" : 32, "left" : null, "right" : null, "svalue" : 0, "sindex" : 0 },
			"Node_53" : { "leaf_value" : [ -27.017561 ], "parent" : 33, "left" : null, "right" : null, "svalue" : 0, "sindex" : 0 },
			"Node_54" : { "leaf_value" : [ -14.500359 ], "parent" : 33, "left" : null, "right" : null, "svalue" : 0, "sindex" : 0 },
			"Node_55" : { "leaf_value" : [ -18.427217 ], "parent" : 35, "left" : null, "right" : null, "svalue" : 0, "sindex" : 0 },
			"Node_56" : { "leaf_value" : [ -4.4552083 ], "parent" : 35, "left" : null, "right" : null, "svalue" : 0, "sindex" : 0 },
			"Node_57" : { "leaf_value" : [ -5.5897102 ], "parent" : 36, "left" : null, "right" : null, "svalue" : 0, "sindex" : 0 },
			"Node_58" : { "leaf_value" : [ 2.8278687 ], "parent" : 36, "left" : null, "right" : null, "svalue" : 0, "sindex" : 0 },
			"Node_59" : { "leaf_value" : [ -8.6084633 ], "parent" : 37, "left" : null, "right" : null, "svalue" : 0, "sindex" : 0 },
			"Node_60" : { "leaf_value" : [ 6.7147937 ], "parent" : 37, "left" : null, "right" : null, "svalue" : 0, "sindex" : 0 },
			"Node_61" : { "leaf_value" : [ -14.199865 ], "parent" : 39, "left" : null, "right" : null, "svalue" : 0, "sindex" : 0 },
			"Node_62" : { "leaf_value" : [ -0.90012884 ], "parent" : 39, "left" : null, "right" : null, "svalue" : 0, "sindex" : 0 }
		}
	}
}
MODEL_JSON_DUMP_END
MCU_DEPLOY_REGRESSION_CODE MODEL_PREDICT_STEP
MLLITE_AUTO_DEPLOY_RANDOMREG_10_ORIGINAL_APPLY_OUTPUT_REG  [ 101.76758, 140.28346, -7.6405401, 12.936659, -209.6326,  ... , 0.55333698, 113.0919, 84.564835, 61.682545, -9.6783237 ]
MCU_DEPLOY_REGRESSION_CODE MODEL_COMPUTE_PERF_STEP
MLLITE_AUTO_DEPLOY_RANDOMREG_10_ORIGINAL_REG_PERFS { "count" : 1024, "rmse" : 63.270061, "mape" : 1.0541196, "R2" : 0.83846235 }
This will be printed
MCU_DEPLOY_REGRESSION_CODE ALL_STEPS_OK
MCU_DEPLOY_REGRESSION_CODE done
MLLITE_MCU_TIMER_OPERATION_ELAPSED_SECONDS 'MLLITE.MCU_DEPLOY.REGRESSION.Friedman_XGB.RANDOMREG_10_ORIGINAL' 0
MLLITE_MCU_TIMER_OPERATION_END 'MLLITE.MCU_DEPLOY.REGRESSION.Friedman_XGB.RANDOMREG_10_ORIGINAL' [ 'Tue Jan 30 11:35:53 2024' ]
MCU_DEPLOY_ON_TARGET_ARMV7_32_END
