MCU_DEPLOY_ON_TARGET_ARMV7_32_START
MLLITE_MCU_TIMER_OPERATION_START 'MLLITE.MCU_DEPLOY.REGRESSION.Vapnik_SVR_RBF.CALIFORNIA_HOUSING_ORIGINAL' [ 'Sat Feb  3 21:09:30 2024' ]
MLLite starting
MCU_DEPLOY_REGRESSION_CODE CREATE_DATASET_STEP
MCU_DEPLOY_REGRESSION_CODE CREATE_MODEL_STEP
MCU_DEPLOY_REGRESSION_MODEL_OPTIONS
{"svm_type" : "c_svc", "kernel" : "rbf", "degree" : 3, "gamma" : 0, "coef0" : 0, "cache_size" : 10240, "tol" : 0.001, "nu" : 0.5, "epsilon" : 0, "shrinking" : 0, "probability" : 1, "C" : 1, "max_iter" : 30, "random_state" : 1789 }
MCU_DEPLOY_REGRESSION_CODE FIT_MODEL_STEP
PROGRESS_REPORT_ELAPSED_TOTAL 'SVM_REGRESSOR_FIT' 1 4
PROGRESS_REPORT_ELAPSED_TOTAL 'SVM_REGRESSOR_FIT' 2 4
PROGRESS_REPORT_ELAPSED_TOTAL 'SVM_REGRESSOR_FIT' 3 4
PROGRESS_REPORT_ELAPSED_TOTAL 'SVM_SOLVER_ITERATION:SVR_Global' 3 30
PROGRESS_REPORT_ELAPSED_TOTAL 'SVM_SOLVER_ITERATION:SVR_Global' 6 30
PROGRESS_REPORT_ELAPSED_TOTAL 'SVM_SOLVER_ITERATION:SVR_Global' 9 30
PROGRESS_REPORT_ELAPSED_TOTAL 'SVM_SOLVER_ITERATION:SVR_Global' 12 30
PROGRESS_REPORT_ELAPSED_TOTAL 'SVM_SOLVER_ITERATION:SVR_Global' 15 30
PROGRESS_REPORT_ELAPSED_TOTAL 'SVM_SOLVER_ITERATION:SVR_Global' 18 30
PROGRESS_REPORT_ELAPSED_TOTAL 'SVM_SOLVER_ITERATION:SVR_Global' 21 30
PROGRESS_REPORT_ELAPSED_TOTAL 'SVM_SOLVER_ITERATION:SVR_Global' 24 30
PROGRESS_REPORT_ELAPSED_TOTAL 'SVM_SOLVER_ITERATION:SVR_Global' 27 30
PROGRESS_REPORT_ELAPSED_TOTAL 'SVM_SOLVER_ITERATION:SVR_Global' 30 30
PROGRESS_REPORT_ELAPSED_TOTAL 'SVM_REGRESSOR_FIT' 4 4
MCU_DEPLOY_REGRESSION_CODE MODEL_JSON_EXPORT_STEP
MODEL_JSON_DUMP_START
{
	"metadata" : { "model" : "Vapnik_SVR_RBF", "version" : "2024-W04"},
	"options" : {"svm_type" : "epsilon_svr", "kernel" : "rbf", "degree" : 3, "gamma" : 7.6506019e-08, "coef0" : 0, "cache_size" : 10240, "tol" : 0.001, "nu" : 0.5, "epsilon" : 0.1, "shrinking" : 0, "probability" : 0, "C" : 1, "max_iter" : 30, "random_state" : 1789 },
	"dataset" : { "dataset_rows" : 20640, "dataset_features" : 9 },
	"svm_model" : {
	"classes" : 2,
	"L" : 60,
	"SupportVectors" : {
		"SV_00" : [ -121.79, 37.689999, 25, 6296, 1082, 3200, 1047, 4.5356998, 0 ],
		"SV_01" : [ -121.39, 39.389999, 52, 189, 34, 121, 37, 3.0208001, 0 ],
		"SV_02" : [ -122.01, 37.91, 21, 10093, 1269, 3645, 1219, 7.6876998, 0 ],
		"SV_03" : [ -119.58, 36.830002, 13, 6135, 863, 2473, 774, 5.4895, 0 ],
		"SV_04" : [ -118.66, 35.200001, 7, 9664, 1692, 3617, 1370, 4.0581002, 0 ],
		"SV_05" : [ -118.61, 35.080002, 6, 3660, 646, 1243, 482, 3.4911001, 0 ],
		"SV_06" : [ -118.54, 34.279999, 10, 7665, 999, 3517, 998, 10.8805, 0 ],
		"SV_07" : [ -118.62, 34.259998, 15, 10860, 1653, 4178, 1581, 6.3249002, 0 ],
		"SV_08" : [ -118.51, 34.16, 23, 11154, 1995, 4076, 1809, 5.4608998, 0 ],
		"SV_09" : [ -118.53, 34.139999, 28, 6920, 906, 2515, 860, 9.2188997, 0 ],
		"SV_10" : [ -118.54, 34.150002, 26, 10111, 1295, 3599, 1257, 10.2292, 0 ],
		"SV_11" : [ -118.56, 34.139999, 23, 9657, 1189, 3585, 1162, 10.4399, 0 ],
		"SV_12" : [ -118.45, 34.119999, 20, 10722, 1617, 3731, 1511, 9.7448997, 0 ],
		"SV_13" : [ -118.51, 34.110001, 29, 9013, 1117, 2919, 1061, 13.947, 0 ],
		"SV_14" : [ -118.55, 34.029999, 35, 9075, 1858, 3646, 1724, 6.0307002, 0 ],
		"SV_15" : [ -118.47, 34.060001, 26, 6577, 1789, 2937, 1652, 4.8010001, 0 ],
		"SV_16" : [ -118.41, 34.049999, 16, 9728, 2211, 3026, 1899, 5.8758001, 0 ],
		"SV_17" : [ -118.46, 33.970001, 18, 9430, 2473, 3408, 2003, 6.1725998, 0 ],
		"SV_18" : [ -118.37, 33.970001, 32, 6699, 1781, 2725, 1544, 3.3889, 0 ],
		"SV_19" : [ -117.83, 34.139999, 26, 8254, 1153, 3460, 1131, 6.5253, 0 ],
		"SV_20" : [ -118.19, 34.220001, 32, 10626, 1504, 4353, 1482, 9.8413, 0 ],
		"SV_21" : [ -117.98, 33.91, 16, 10621, 1782, 3836, 1480, 5.0922999, 0 ],
		"SV_22" : [ -118.35, 33.799999, 19, 6224, 1105, 3152, 1076, 5.9541001, 0 ],
		"SV_23" : [ -118.34, 33.779999, 25, 11016, 1626, 4168, 1584, 8.1781998, 0 ],
		"SV_24" : [ -118.38, 33.77, 21, 11353, 1537, 4649, 1504, 9.8210001, 0 ],
		"SV_25" : [ -118.38, 33.790001, 32, 10445, 1620, 4474, 1576, 7.7041998, 0 ],
		"SV_26" : [ -118.35, 33.740002, 25, 8272, 1132, 3392, 1132, 10.0973, 0 ],
		"SV_27" : [ -118.38, 33.75, 23, 8277, 1290, 3176, 1159, 7.6985998, 0 ],
		"SV_28" : [ -118.39, 34.080002, 27, 6605, 1710, 2665, 1520, 3.8088, 0 ],
		"SV_29" : [ -118.52, 34.02, 24, 7418, 1755, 2713, 1577, 5.0867, 0 ],
		"SV_30" : [ -117.84, 34.630001, 5, 6739, 1251, 4614, 1266, 4.0019999, 0 ],
		"SV_31" : [ -118.1, 34.700001, 5, 10356, 1647, 4562, 1427, 4.9805999, 0 ],
		"SV_32" : [ -122.47, 37.889999, 23, 10774, 1736, 3895, 1683, 7.2905002, 0 ],
		"SV_33" : [ -117.79, 33.799999, 11, 10535, 1620, 4409, 1622, 6.6700001, 0 ],
		"SV_34" : [ -117.68, 33.57, 2, 10008, 1453, 3550, 1139, 10.1122, 0 ],
		"SV_35" : [ -117.88, 33.630001, 21, 9565, 2289, 3162, 1831, 4.7024002, 0 ],
		"SV_36" : [ -121.25, 38.799999, 14, 5094, 729, 1974, 705, 5.5205002, 0 ],
		"SV_37" : [ -116.99, 33.75, 18, 9601, 2401, 4002, 2106, 1.4366, 0 ],
		"SV_38" : [ -116.95, 33.759998, 10, 6890, 1702, 3141, 1451, 1.7079, 0 ],
		"SV_39" : [ -116.99, 33.759998, 12, 7626, 1704, 2823, 1554, 2.1722, 0 ],
		"SV_40" : [ -116.99, 33.77, 7, 10352, 2007, 3559, 1689, 2.2925, 0 ],
		"SV_41" : [ -116.91, 33.75, 13, 10886, 2127, 4266, 1955, 2.3169, 0 ],
		"SV_42" : [ -116.39, 33.82, 15, 11115, 2257, 4122, 1653, 2.7219, 0 ],
		"SV_43" : [ -116.37, 33.720001, 19, 6190, 1355, 2242, 1043, 3.0021, 0 ],
		"SV_44" : [ -121.06, 38.509998, 6, 6873, 959, 2354, 931, 6.8868999, 0 ],
		"SV_45" : [ -117.01, 32.66, 11, 9992, 1368, 4495, 1316, 6.9664001, 0 ],
		"SV_46" : [ -117.04, 32.650002, 8, 8806, 1401, 3159, 1059, 4.2154999, 0 ],
		"SV_47" : [ -116.99, 32.810001, 18, 10968, 1521, 4439, 1501, 6.2786999, 0 ],
		"SV_48" : [ -117.07, 33, 4, 9153, 1866, 3775, 1698, 4.9549999, 0 ],
		"SV_49" : [ -122.47, 37.810001, 45, 6927, 1258, 4715, 1165, 3.4051001, 0 ],
		"SV_50" : [ -122.39, 37.580002, 36, 6026, 852, 2314, 892, 7.8997002, 0 ],
		"SV_51" : [ -122.26, 37.459999, 26, 5067, 750, 1996, 728, 7.0001001, 0 ],
		"SV_52" : [ -121.98, 37.220001, 46, 10088, 1910, 3728, 1781, 5.2321, 0 ],
		"SV_53" : [ -122.42, 40.57, 10, 7949, 1309, 3176, 1163, 4.1099, 0 ],
		"SV_54" : [ -121.92, 38.34, 2, 7747, 1133, 3481, 1083, 6.1111999, 0 ],
		"SV_55" : [ -122.62, 38.400002, 10, 9772, 1308, 3741, 1242, 6.5261002, 0 ],
		"SV_56" : [ -119.23, 34.169998, 18, 6171, 1490, 2164, 1210, 3.6875, 0 ],
		"SV_57" : [ -118.94, 34.240002, 5, 10018, 1233, 4253, 1120, 8.9062996, 0 ],
		"SV_58" : [ -118.69, 34.209999, 10, 3663, 409, 1179, 371, 12.542, 0 ],
		"SV_59" : [ -118.85, 34.27, 50, 187, 33, 130, 35, 3.3438001, 0 ]
	},
	"SupportVectorsCoefs" : {
		"SV_coef_0" : [ -1, -1, -1, -1, -1, -1, 1, -1, 1, 1, 1, 1, 1, 1, 1, 1, 1, 1, -1, -1, 1, -1, 1, 1, 1, 1, 1, 1, 1, 1, -1, -1, 1, -1, 1, -1, -1, -1, -1, -1, -1, -1, -1, -1, -1, -1, -1, -1, -1, 1, 1, 1, 1, -1, -1, -1, 1, 1, 1, 1 ]
	},
	"rho" : [ 63500188 ],
	"nSV" : [ ],
	"probA" : [ ],
	"probB" : [ ],
	"n_iter" : [ 30 ],
	"sv_ind" : [ 1004, 1191, 1511, 2362, 3147, 3150, 3486, 3546, 4038, 4048, 4049, 4050, 5246, 5259, 5270, 5282, 5347, 5492, 5525, 5931, 6576, 7099, 8774, 8786, 8800, 8802, 8806, 8807, 8858, 8887, 9035, 9048, 9385, 10326, 10519, 10746, 11786, 12243, 12249, 12251, 12254, 12267, 12318, 12387, 13043, 14929, 14933, 15077, 15208, 16170, 16884, 17049, 18041, 18714, 19001, 19170, 20273, 20335, 20436, 20443 ]
}
}
MODEL_JSON_DUMP_END
MCU_DEPLOY_REGRESSION_CODE MODEL_PREDICT_STEP
MLLITE_AUTO_DEPLOY_CALIFORNIA_HOUSING_ORIGINAL_APPLY_OUTPUT_REG  [ -63500188, -63500188, -63500188, -63500188, -63500188,  ... , -63500188, -63500188, -63500188, -63500188, -63500188 ]
MCU_DEPLOY_REGRESSION_CODE MODEL_COMPUTE_PERF_STEP
MLLITE_AUTO_DEPLOY_CALIFORNIA_HOUSING_ORIGINAL_REG_PERFS { "count" : 20640, "rmse" : 63707004, "mape" : 423.8815, "R2" : -304802.5 }
This will be printed
MCU_DEPLOY_REGRESSION_CODE ALL_STEPS_OK
MCU_DEPLOY_REGRESSION_CODE done
MLLITE_MCU_TIMER_OPERATION_ELAPSED_SECONDS 'MLLITE.MCU_DEPLOY.REGRESSION.Vapnik_SVR_RBF.CALIFORNIA_HOUSING_ORIGINAL' 1
MLLITE_MCU_TIMER_OPERATION_END 'MLLITE.MCU_DEPLOY.REGRESSION.Vapnik_SVR_RBF.CALIFORNIA_HOUSING_ORIGINAL' [ 'Sat Feb  3 21:09:31 2024' ]
MCU_DEPLOY_ON_TARGET_ARMV7_32_END
