MCU_DEPLOY_ON_TARGET_ARMV7_32_START
MLLITE_MCU_TIMER_OPERATION_START 'MLLITE.MCU_DEPLOY.REGRESSION.Vapnik_NuSVR_RBF.RANDOMREG_10_ORIGINAL' [ 'Tue Jan 30 11:35:58 2024' ]
MLLite starting
MCU_DEPLOY_REGRESSION_CODE CREATE_DATASET_STEP
MCU_DEPLOY_REGRESSION_CODE CREATE_MODEL_STEP
MCU_DEPLOY_REGRESSION_MODEL_OPTIONS
{"svm_type" : "c_svc", "kernel" : "rbf", "degree" : 3, "gamma" : 0, "coef0" : 0, "cache_size" : 10240, "tol" : 0.001, "nu" : 1, "epsilon" : 0, "shrinking" : 0, "probability" : 1, "C" : 1, "max_iter" : 30, "random_state" : 1789 }
MCU_DEPLOY_REGRESSION_CODE FIT_MODEL_STEP
PROGRESS_REPORT_ELAPSED_TOTAL 'SVM_NU_REGRESSOR_FIT' 1 4
PROGRESS_REPORT_ELAPSED_TOTAL 'SVM_NU_REGRESSOR_FIT' 2 4
PROGRESS_REPORT_ELAPSED_TOTAL 'SVM_NU_REGRESSOR_FIT' 3 4
PROGRESS_REPORT_ELAPSED_TOTAL 'SVM_SOLVER_ITERATION:NuSVR_Global' 3 30
PROGRESS_REPORT_ELAPSED_TOTAL 'SVM_SOLVER_ITERATION:NuSVR_Global' 6 30
PROGRESS_REPORT_ELAPSED_TOTAL 'SVM_SOLVER_ITERATION:NuSVR_Global' 9 30
PROGRESS_REPORT_ELAPSED_TOTAL 'SVM_SOLVER_ITERATION:NuSVR_Global' 12 30
PROGRESS_REPORT_ELAPSED_TOTAL 'SVM_SOLVER_ITERATION:NuSVR_Global' 15 30
PROGRESS_REPORT_ELAPSED_TOTAL 'SVM_SOLVER_ITERATION:NuSVR_Global' 18 30
PROGRESS_REPORT_ELAPSED_TOTAL 'SVM_SOLVER_ITERATION:NuSVR_Global' 21 30
PROGRESS_REPORT_ELAPSED_TOTAL 'SVM_SOLVER_ITERATION:NuSVR_Global' 24 30
PROGRESS_REPORT_ELAPSED_TOTAL 'SVM_SOLVER_ITERATION:NuSVR_Global' 27 30
PROGRESS_REPORT_ELAPSED_TOTAL 'SVM_SOLVER_ITERATION:NuSVR_Global' 30 30
PROGRESS_REPORT_ELAPSED_TOTAL 'SVM_NU_REGRESSOR_FIT' 4 4
MCU_DEPLOY_REGRESSION_CODE MODEL_JSON_EXPORT_STEP
MODEL_JSON_DUMP_START
{
	"metadata" : { "model" : "Vapnik_NuSVR_RBF", "version" : "2024-W04"},
	"options" : {"svm_type" : "nu_svr", "kernel" : "rbf", "degree" : 3, "gamma" : 0.098567061, "coef0" : 0, "cache_size" : 10240, "tol" : 0.001, "nu" : 1, "epsilon" : 0, "shrinking" : 0, "probability" : 0, "C" : 1, "max_iter" : 30, "random_state" : 1789 },
	"svm_model" : {
	"classes" : 2,
	"L" : 60,
	"SupportVectors" : {
		"SV_00" : [ 1.7333869, 1.1792365, -0.51471257, -0.63619769, 0.80712098, 0.6923188, 0.98405778, 0.51194692, 1.5941982, 1.0664138 ],
		"SV_01" : [ -2.9430587, -0.30960941, -0.072162129, -2.2627976, 0.7365365, -2.1083136, -1.4471446, 0.63739228, -0.1738195, 0.03699325 ],
		"SV_02" : [ -0.073077336, 2.3650155, 2.2403913, -0.043197136, 0.31903237, 1.1726243, 0.51688361, 0.93627459, 1.5302991, 0.76055121 ],
		"SV_03" : [ -2.0253322, 0.32372499, 0.18555605, -0.60247159, 0.0025244881, 0.72488093, -1.2115761, -0.60057521, -1.267722, -1.3874884 ],
		"SV_04" : [ -0.22474448, -2.2844319, -0.91093618, -0.76591748, -0.44133714, -1.1309825, -3.091728, -0.87030834, 1.4087949, 1.573483 ],
		"SV_05" : [ -1.6631894, -2.81357, -0.91172057, 0.3306303, -1.2030153, 1.1289123, -0.98971105, 0.54416603, 1.0507687, 0.52379882 ],
		"SV_06" : [ 1.4509139, 0.94787365, -0.76166445, -0.11737398, -0.35161707, 1.4251457, 2.3529391, 1.4126526, -1.1093436, -0.47853312 ],
		"SV_07" : [ -0.92591631, -0.82829702, -2.2215364, 1.9469579, 1.1570579, 0.33741757, -1.5687797, -1.9923546, 1.0544285, 0.41687521 ],
		"SV_08" : [ 1.86366, 0.42898598, -0.30226949, 0.83935964, -0.42543522, 0.70264035, 1.1199416, 1.0405055, 0.14325845, 0.56688946 ],
		"SV_09" : [ 0.37585133, 2.4596665, 2.3318424, 1.8018726, 0.88305837, -1.0305254, 2.2467604, -1.9306916, 0.035418313, -1.6736524 ],
		"SV_10" : [ -1.5008658, -0.86989778, -0.55029273, -0.16572174, -0.96350825, -1.1481483, -0.87389159, -1.0597407, -0.56351388, 0.014576754 ],
		"SV_11" : [ 0.97948563, 0.74288517, 0.83137321, -0.0507355, 1.8475428, -0.81300718, 2.9670193, -0.57738334, 1.6820213, 1.1224467 ],
		"SV_12" : [ 0.98931283, 1.2997693, 0.6381228, -0.057127625, 0.26319522, -0.55231386, 2.3970883, 0.76413077, 1.9593385, 0.016880764 ],
		"SV_13" : [ 1.7784795, -0.10732105, 0.49971658, 1.0129437, 3.5816329, 0.52984828, 2.3482718, 0.75919783, 0.89133978, 0.16058356 ],
		"SV_14" : [ 2.4337354, -0.224022, 0.94660062, -0.23939629, -1.0018442, 1.8818423, 0.82864451, 0.65990633, 0.53221494, 0.82399303 ],
		"SV_15" : [ -0.56677705, -0.10735566, 1.701696, 0.60946774, 0.49592367, -0.037368469, 1.9832816, 1.8035351, 0.044597186, 1.1395745 ],
		"SV_16" : [ 2.2591982, 0.6608023, -0.3593694, 0.25446138, 0.33873251, 0.99939036, 0.89691544, 0.33784938, 1.6437867, 0.3930105 ],
		"SV_17" : [ -3.0112171, -0.23780726, -2.8096676, 0.0022211503, 0.78283042, 1.3311532, 1.4092838, 0.35937124, -1.2684357, 0.62038511 ],
		"SV_18" : [ 0.98245955, -2.5715044, -1.3673357, -0.26802883, 2.087631, -1.0051918, -2.5333571, -0.72655785, 1.3263289, 1.2635139 ],
		"SV_19" : [ 2.4844325, -0.59945786, 0.11998723, 0.82503712, -2.195806, -1.0823852, 1.9767125, -0.20840912, 1.4528857, -0.90147591 ],
		"SV_20" : [ 0.68838084, 0.50270575, 1.5651696, -0.8033461, 2.1942179, -1.0933739, 1.9931908, 1.3694583, 0.66429919, 1.3995128 ],
		"SV_21" : [ 1.6152644, 1.2807783, 2.1680236, 0.16734958, 1.8488549, -0.37176436, 0.44863704, -0.14145236, -1.2293688, -1.3084745 ],
		"SV_22" : [ 0.95136923, 0.00062821241, 2.0252984, 2.3969502, 1.078692, -1.2705376, 1.6719109, 0.6446951, -0.52594006, -0.17378415 ],
		"SV_23" : [ -0.29506382, 1.1948025, 1.8618631, 1.707372, 0.6330052, -0.22522716, 2.7827539, 0.9442203, 1.7716231, 0.84592468 ],
		"SV_24" : [ -0.96208692, -0.81130004, -0.86089545, -0.61878574, 1.1548617, -0.1093916, -1.4518406, -1.3511233, -0.6098237, 1.6779884 ],
		"SV_25" : [ 0.71868759, 2.345176, 1.1400818, -0.25579551, -0.54169887, -0.26715234, 0.47741261, 0.21169537, 1.6718326, 0.021004857 ],
		"SV_26" : [ -2.5403066, 0.61517483, -0.85246038, 0.31204942, 0.38432145, -0.69127661, -1.5185338, -0.49694076, -0.073621921, 0.5941816 ],
		"SV_27" : [ -0.93613714, -0.5369429, 0.39536062, 0.98563695, 0.65170586, -1.064311, -1.8577818, -3.0200753, -0.21974416, -0.86074871 ],
		"SV_28" : [ -0.30090681, 0.092843637, -1.7984037, 0.84482318, 1.1482106, -0.41120765, -2.0010133, -0.33279338, -1.1114658, 2.1012924 ],
		"SV_29" : [ 2.4032738, 0.37541577, 1.4394525, -0.57753724, 0.72452557, 1.6420205, 0.60641533, 1.2730618, 0.34829444, -1.1976035 ],
		"SV_30" : [ 1.1753159, 1.1439931, 0.50935084, -1.5131137, -1.2683182, -0.097908176, 1.1235484, -0.089929439, 1.0881498, 0.98389369 ],
		"SV_31" : [ 2.3434162, -0.73512262, 0.44767708, 0.50212038, -0.54165071, 1.3734337, 0.51796746, 2.3205166, 1.1415496, 0.093993731 ],
		"SV_32" : [ -1.9473521, -2.0189807, 1.1841375, 0.48583612, 0.46513903, 0.97047609, -1.1639035, -0.98771954, -0.5149287, -0.33513492 ],
		"SV_33" : [ 2.5455582, -1.0351474, 0.67698944, -1.9717335, 1.2591597, 0.39907372, -0.24460362, 1.2127931, 1.292298, 0.082318634 ],
		"SV_34" : [ 2.0857422, -0.077859282, 1.0342435, 1.0228151, 0.66166848, -0.059037495, 0.31709874, -0.36386573, 0.74247593, 0.10640597 ],
		"SV_35" : [ -0.70381373, 0.2518748, -2.3629777, 0.039605223, 1.1935551, 0.74314922, -1.219738, 0.12402376, 0.1222747, -0.10823654 ],
		"SV_36" : [ -1.2504719, 0.72146922, -0.89472789, -0.44760174, -1.1649119, -0.19822717, -0.98083597, -2.7516425, 0.61419779, -0.3657223 ],
		"SV_37" : [ -1.1842113, -0.6347993, -1.3809662, -0.32894558, 0.37707168, 0.6041373, -0.82825291, -0.15351202, 0.46690056, -0.33511084 ],
		"SV_38" : [ -0.94472098, -0.7058388, -1.2673048, -0.79800427, 0.54270697, -0.52137792, -0.65258741, 0.11950388, -2.243778, 0.56485313 ],
		"SV_39" : [ 1.3103083, 0.64371169, -0.29809713, -1.4901541, -0.054971054, -0.032850031, 1.9038168, 1.9411296, -0.032540865, 1.6392314 ],
		"SV_40" : [ -2.2608085, -0.11989453, -1.6631722, -2.3385713, 0.23497839, -2.3787997, 0.15710571, 1.5063798, 0.51717895, 1.077324 ],
		"SV_41" : [ -2.4059491, -0.5965389, -1.128497, -0.10695603, 1.5279791, 1.4073381, -0.54817647, -1.1479832, 0.53075475, -1.229026 ],
		"SV_42" : [ -1.0695864, 0.3628045, -2.7007005, 0.10272701, 1.5642745, 0.93641806, 0.043956086, -0.78082156, -3.2251863, 0.97250676 ],
		"SV_43" : [ -1.108115, -1.3407025, -1.3023016, -0.030627349, 0.0066354368, -1.6533867, -1.5446795, 2.0695915, -1.0925405, -0.86618233 ],
		"SV_44" : [ -2.0429845, -0.15358058, -0.32215545, 0.85988343, 0.60134143, -1.5485137, -1.3044659, -1.4293005, -1.7799042, 0.49389789 ],
		"SV_45" : [ -1.7009991, -1.2459861, -0.79735345, -0.0037675223, 0.29989889, -1.1314303, -0.59749418, -0.86465353, 0.60258377, -0.22487031 ],
		"SV_46" : [ 2.6428726, 1.2307017, -0.50941247, 0.1943381, 2.0222507, -0.16552901, 0.011058873, 0.43663085, -0.18757251, 1.6717819 ],
		"SV_47" : [ -0.0049504288, -0.23443495, -0.97578692, 1.179418, 1.1545511, -2.5830643, -1.3976687, -1.8252963, -0.7503472, -0.15944326 ],
		"SV_48" : [ -1.3154554, -1.1200105, 0.034691069, -1.3650934, -1.475222, -0.12703706, -0.70132416, -0.40854317, -1.0582378, 0.0097100586 ],
		"SV_49" : [ 1.7431576, 1.3178989, 0.18148628, 0.026531458, 0.076838128, -0.56489378, 0.23045994, 1.5459864, 0.017038502, 1.0236927 ],
		"SV_50" : [ -2.1448832, -1.5078299, -1.3413508, 1.1974833, 0.30825353, -0.15708391, 0.051775657, 0.047125302, 1.1198958, 1.0042765 ],
		"SV_51" : [ -1.1767217, -0.83751428, -0.24380477, 1.178377, 2.2841506, 0.56604159, -2.4475281, -0.89303774, -0.30411628, -0.86026734 ],
		"SV_52" : [ 2.1099062, -0.57649481, 2.0429258, -1.1538523, 0.14096995, -1.5634813, 0.76098001, -1.061729, 1.4943421, -1.2398604 ],
		"SV_53" : [ -0.98550707, 0.10508963, -0.44587258, -0.05848277, 0.040686484, -0.50249612, -1.3776175, -0.086484469, -1.5717055, -0.68691313 ],
		"SV_54" : [ -0.21250492, -0.58642197, 2.2260575, 0.86813873, -1.3462371, 2.132885, 1.5727004, 0.86831188, -0.50478089, -1.162376 ],
		"SV_55" : [ 1.2660292, 0.25931013, 0.88619542, 0.53649986, -0.93259186, 0.14753404, 2.6918738, 1.5365573, -1.9227999, 0.2998983 ],
		"SV_56" : [ -1.7283812, -0.48798752, -0.49016753, 0.12195829, 1.6852244, -0.95596772, -2.3830776, -1.1557827, 0.86251229, -0.96217006 ],
		"SV_57" : [ 0.63333106, -0.49166191, 1.2027122, 1.2864379, 0.52278185, -1.3257943, 1.75392, 1.384409, 1.0919355, 2.5987301 ],
		"SV_58" : [ 1.0129091, 0.32047886, 1.2998626, -0.58787787, 1.0418953, 2.2050831, 0.18627459, 0.55743313, -0.069638237, -0.41681534 ],
		"SV_59" : [ -1.7692237, -1.1661577, -0.095046148, 0.33746499, -0.25275695, -0.33141232, -0.40859279, 0.18662004, -0.38328686, -0.10095941 ]
	},
	"SupportVectorsCoefs" : {
		"SV_coef_0" : [ 1, -1, 1, -1, -1, -1, 1, -1, 1, 1, -1, 1, 1, 1, 1, 1, 1, -1, -1, 1, 1, 1, 1, 1, -1, 1, -1, -1, -1, 1, 1, 1, -1, 1, 1, -1, -1, -1, -1, 1, -1, -1, -1, -1, -1, -1, 1, -1, -1, 1, -1, -1, 1, -1, 1, 1, -1, 1, 1, -1 ]
	},
	"rho" : [ 2.8163528 ],
	"nSV" : [ ],
	"probA" : [ ],
	"probB" : [ ],
	"n_iter" : [ 30 ],
	"sv_ind" : [ 40, 58, 66, 102, 110, 114, 117, 134, 141, 156, 171, 172, 232, 251, 317, 335, 340, 351, 384, 414, 427, 441, 446, 463, 465, 474, 476, 477, 483, 494, 517, 520, 524, 530, 535, 567, 578, 589, 601, 627, 634, 644, 655, 661, 694, 700, 757, 796, 807, 810, 816, 828, 905, 906, 917, 923, 955, 965, 972, 1009 ]
}
}
MODEL_JSON_DUMP_END
MCU_DEPLOY_REGRESSION_CODE MODEL_PREDICT_STEP
MLLITE_AUTO_DEPLOY_RANDOMREG_10_ORIGINAL_APPLY_OUTPUT_REG  [ 1.0902743, 1.2616529, -2.245851, -3.0563948, -6.7035513,  ... , -2.4213092, -1.7222635, -0.62546825, -1.2041807, -4.5219283 ]
MCU_DEPLOY_REGRESSION_CODE MODEL_COMPUTE_PERF_STEP
MLLITE_AUTO_DEPLOY_RANDOMREG_10_ORIGINAL_REG_PERFS { "count" : 1024, "rmse" : 154.71593, "mape" : 1.0215816, "R2" : 0.034066319 }
This will be printed
MCU_DEPLOY_REGRESSION_CODE ALL_STEPS_OK
MCU_DEPLOY_REGRESSION_CODE done
MLLITE_MCU_TIMER_OPERATION_ELAPSED_SECONDS 'MLLITE.MCU_DEPLOY.REGRESSION.Vapnik_NuSVR_RBF.RANDOMREG_10_ORIGINAL' 1
MLLITE_MCU_TIMER_OPERATION_END 'MLLITE.MCU_DEPLOY.REGRESSION.Vapnik_NuSVR_RBF.RANDOMREG_10_ORIGINAL' [ 'Tue Jan 30 11:35:59 2024' ]
MCU_DEPLOY_ON_TARGET_ARMV7_32_END
